Reading cached build data
Done: ProjectRename
/pool/condor/dir_58390/CMSSW_10_6_12 is the CMSSW I am using on the local worker node
/pool/condor/dir_58390
2016a data mass2mu_ewk2 eta neg 7 86.0 96.0 unbinned
mu1_hzzid && mu2_hzzid && (trigger24matching1 || trigger24matching2) && RelIso1 < 0.35 && RelIso2 < 0.35 && Sip1 < 4.0 && Sip2 < 4.0 && pt1_corr > 25 && pt2_corr > 5 && abs(eta1) < 2.4 && abs(eta2) < 2.4 &&mass2mu_ewk2 < 96.0 && mass2mu_ewk2 > 86.0 && ((mu1_q_roc==-1 && eta1 > 1.8&& eta1 < 2.4) ||( mu2_q_roc ==-1 && eta2 > 1.8&& eta2 < 2.4))
unbinned fit
[#1] INFO:Eval -- RooRealVar::setRange(mass2mu_ewk2) new range named 'refrange_fft_dcbxbw' created with bounds [86,96]
[#1] INFO:NumericIntegration -- RooRealIntegral::init(dcb_fft_Int[mass2mu_ewk2]) using numeric integrator RooIntegrator1D to calculate Int(mass2mu_ewk2)
[#1] INFO:Caching -- RooAbsCachedPdf::getCache(dcbxbw) creating new cache 0x75bd480 with pdf bw_CONV_dcb_CACHE_Obs[mass2mu_ewk2] for nset (mass2mu_ewk2) with code 0
[#1] INFO:Minization -- RooMinimizer::optimizeConst: activating const optimization
[#1] INFO:Caching -- RooAbsCachedPdf::getCache(dcbxbw) creating new cache 0x138a6790 with pdf bw_CONV_dcb_CACHE_Obs[mass2mu_ewk2] for nset (mass2mu_ewk2) with code 0 from preexisting content.
[#1] INFO:Minization --  The following expressions have been identified as constant and will be precalculated and cached: (bw)
[#1] INFO:Minization --  The following expressions will be evaluated in cache-and-track mode: (dcbxbw,bkg)
[#1] INFO:Minization -- RooMinimizer::optimizeConst: deactivating const optimization
[#1] INFO:NumericIntegration -- RooRealIntegral::init(dcb_fft_Int[mass2mu_ewk2]) using numeric integrator RooIntegrator1D to calculate Int(mass2mu_ewk2)
[#1] INFO:Caching -- RooAbsCachedPdf::getCache(dcbxbw) creating new cache 0x12ec7410 with pdf bw_CONV_dcb_CACHE_Obs[mass2mu_ewk2] for nset (mass2mu_ewk2) with code 0
[#1] INFO:Minization -- RooMinimizer::optimizeConst: activating const optimization
[#1] INFO:Caching -- RooAbsCachedPdf::getCache(dcbxbw) creating new cache 0x136a4c70 with pdf bw_CONV_dcb_CACHE_Obs[mass2mu_ewk2] for nset (mass2mu_ewk2) with code 0 from preexisting content.
[#1] INFO:Minization --  The following expressions have been identified as constant and will be precalculated and cached: (bw)
[#1] INFO:Minization --  The following expressions will be evaluated in cache-and-track mode: (dcbxbw,bkg)
[#0] WARNING:Minization -- RooMinimizerFcn: Minimized function has error status.
Returning maximum FCN so far (2.45368e+06) to force MIGRAD to back out of this region. Error log follows
Parameter values: a1=0.000421466, a2=0.097603, fsig=0.965302, m=0.677932, n1=66.6919, n2=66.6286, s=3.10391, tau=-0.99171
RooDoubleCB::dcb_fft[ x=mass2mu_ewk2_shifted_FFTBuffer2 xp=NULL mean=m width=s alpha1=a1 n1=n1 alpha2=a2 n2=n2 ]
     p.d.f value is Not-a-Number (-nan), forcing value to zero @ x=mass2mu_ewk2_shifted_FFTBuffer2=-1.3705, xp=NULL, mean=m=0.677932 +/- 0.00664169, width=s=3.10391 +/- 0.0131493, alpha1=a1=0.000421466 +/- 0.0706036, n1=n1=66.6919 +/- 8.64289, alpha2=a2=0.097603 +/- 0.0539715, n2=n2=66.6286 +/- 60.8207
     p.d.f value is Not-a-Number (-nan), forcing value to zero @ x=mass2mu_ewk2_shifted_FFTBuffer2=-1.3695, xp=NULL, mean=m=0.677932 +/- 0.00664169, width=s=3.10391 +/- 0.0131493, alpha1=a1=0.000421466 +/- 0.0706036, n1=n1=66.6919 +/- 8.64289, alpha2=a2=0.097603 +/- 0.0539715, n2=n2=66.6286 +/- 60.8207
     p.d.f value is Not-a-Number (-nan), forcing value to zero @ x=mass2mu_ewk2_shifted_FFTBuffer2=-1.3685, xp=NULL, mean=m=0.677932 +/- 0.00664169, width=s=3.10391 +/- 0.0131493, alpha1=a1=0.000421466 +/- 0.0706036, n1=n1=66.6919 +/- 8.64289, alpha2=a2=0.097603 +/- 0.0539715, n2=n2=66.6286 +/- 60.8207
     p.d.f value is Not-a-Number (-nan), forcing value to zero @ x=mass2mu_ewk2_shifted_FFTBuffer2=-1.3675, xp=NULL, mean=m=0.677932 +/- 0.00664169, width=s=3.10391 +/- 0.0131493, alpha1=a1=0.000421466 +/- 0.0706036, n1=n1=66.6919 +/- 8.64289, alpha2=a2=0.097603 +/- 0.0539715, n2=n2=66.6286 +/- 60.8207
     p.d.f value is Not-a-Number (-nan), forcing value to zero @ x=mass2mu_ewk2_shifted_FFTBuffer2=-1.3665, xp=NULL, mean=m=0.677932 +/- 0.00664169, width=s=3.10391 +/- 0.0131493, alpha1=a1=0.000421466 +/- 0.0706036, n1=n1=66.6919 +/- 8.64289, alpha2=a2=0.097603 +/- 0.0539715, n2=n2=66.6286 +/- 60.8207
     p.d.f value is Not-a-Number (-nan), forcing value to zero @ x=mass2mu_ewk2_shifted_FFTBuffer2=-1.3655, xp=NULL, mean=m=0.677932 +/- 0.00664169, width=s=3.10391 +/- 0.0131493, alpha1=a1=0.000421466 +/- 0.0706036, n1=n1=66.6919 +/- 8.64289, alpha2=a2=0.097603 +/- 0.0539715, n2=n2=66.6286 +/- 60.8207
     p.d.f value is Not-a-Number (-nan), forcing value to zero @ x=mass2mu_ewk2_shifted_FFTBuffer2=-1.3645, xp=NULL, mean=m=0.677932 +/- 0.00664169, width=s=3.10391 +/- 0.0131493, alpha1=a1=0.000421466 +/- 0.0706036, n1=n1=66.6919 +/- 8.64289, alpha2=a2=0.097603 +/- 0.0539715, n2=n2=66.6286 +/- 60.8207
     p.d.f value is Not-a-Number (-nan), forcing value to zero @ x=mass2mu_ewk2_shifted_FFTBuffer2=-1.3635, xp=NULL, mean=m=0.677932 +/- 0.00664169, width=s=3.10391 +/- 0.0131493, alpha1=a1=0.000421466 +/- 0.0706036, n1=n1=66.6919 +/- 8.64289, alpha2=a2=0.097603 +/- 0.0539715, n2=n2=66.6286 +/- 60.8207
     p.d.f value is Not-a-Number (-nan), forcing value to zero @ x=mass2mu_ewk2_shifted_FFTBuffer2=-1.3625, xp=NULL, mean=m=0.677932 +/- 0.00664169, width=s=3.10391 +/- 0.0131493, alpha1=a1=0.000421466 +/- 0.0706036, n1=n1=66.6919 +/- 8.64289, alpha2=a2=0.097603 +/- 0.0539715, n2=n2=66.6286 +/- 60.8207
     p.d.f value is Not-a-Number (-nan), forcing value to zero @ x=mass2mu_ewk2_shifted_FFTBuffer2=-1.3615, xp=NULL, mean=m=0.677932 +/- 0.00664169, width=s=3.10391 +/- 0.0131493, alpha1=a1=0.000421466 +/- 0.0706036, n1=n1=66.6919 +/- 8.64289, alpha2=a2=0.097603 +/- 0.0539715, n2=n2=66.6286 +/- 60.8207
     p.d.f value is Not-a-Number (-nan), forcing value to zero @ x=mass2mu_ewk2_shifted_FFTBuffer2=-1.3605, xp=NULL, mean=m=0.677932 +/- 0.00664169, width=s=3.10391 +/- 0.0131493, alpha1=a1=0.000421466 +/- 0.0706036, n1=n1=66.6919 +/- 8.64289, alpha2=a2=0.097603 +/- 0.0539715, n2=n2=66.6286 +/- 60.8207
     p.d.f value is Not-a-Number (-nan), forcing value to zero @ x=mass2mu_ewk2_shifted_FFTBuffer2=-1.3595, xp=NULL, mean=m=0.677932 +/- 0.00664169, width=s=3.10391 +/- 0.0131493, alpha1=a1=0.000421466 +/- 0.0706036, n1=n1=66.6919 +/- 8.64289, alpha2=a2=0.097603 +/- 0.0539715, n2=n2=66.6286 +/- 60.8207
    ... (remaining 2038 messages suppressed)

[#1] INFO:Minization -- RooMinimizer::optimizeConst: deactivating const optimization
[#1] INFO:NumericIntegration -- RooRealIntegral::init(dcb_fft_Int[mass2mu_ewk2]) using numeric integrator RooIntegrator1D to calculate Int(mass2mu_ewk2)
[#1] INFO:Caching -- RooAbsCachedPdf::getCache(dcbxbw) creating new cache 0x13632450 with pdf bw_CONV_dcb_CACHE_Obs[mass2mu_ewk2] for nset (mass2mu_ewk2) with code 0
[#1] INFO:Caching -- RooAbsCachedPdf::getCache(dcbxbw) creating new cache 0x1384f370 with pdf bw_CONV_dcb_CACHE_Obs[mass2mu_ewk2] for nset (mass2mu_ewk2) with code 0 from preexisting content.
