Reading cached build data
Done: ProjectRename
/pool/condor/dir_13384/CMSSW_10_6_12 is the CMSSW I am using on the local worker node
/pool/condor/dir_13384
2016b mc mass2mu_ewk2 eta pos 6 86.0 96.0 unbinned
mu1_hzzid && mu2_hzzid && (trigger24matching1 || trigger24matching2) && RelIso1 < 0.35 && RelIso2 < 0.35 && Sip1 < 4.0 && Sip2 < 4.0 && pt1_corr > 25 && pt2_corr > 5 && abs(eta1) < 2.4 && abs(eta2) < 2.4 &&mass2mu_ewk2 < 96.0 && mass2mu_ewk2 > 86.0 && ((mu1_q_roc== 1 && eta1 > 1.2&& eta1 < 1.8) ||( mu2_q_roc == 1 && eta2 > 1.2&& eta2 < 1.8))
unbinned fit
[#1] INFO:Eval -- RooRealVar::setRange(mass2mu_ewk2) new range named 'refrange_fft_dcbxbw' created with bounds [86,96]
[#1] INFO:NumericIntegration -- RooRealIntegral::init(dcb_fft_Int[mass2mu_ewk2]) using numeric integrator RooIntegrator1D to calculate Int(mass2mu_ewk2)
[#1] INFO:Caching -- RooAbsCachedPdf::getCache(dcbxbw) creating new cache 0x11ef3650 with pdf bw_CONV_dcb_CACHE_Obs[mass2mu_ewk2] for nset (mass2mu_ewk2) with code 0
[#1] INFO:Minization -- RooMinimizer::optimizeConst: activating const optimization
[#1] INFO:Caching -- RooAbsCachedPdf::getCache(dcbxbw) creating new cache 0x10cb55e0 with pdf bw_CONV_dcb_CACHE_Obs[mass2mu_ewk2] for nset (mass2mu_ewk2) with code 0 from preexisting content.
[#1] INFO:Minization --  The following expressions have been identified as constant and will be precalculated and cached: (bw)
[#1] INFO:Minization --  The following expressions will be evaluated in cache-and-track mode: (dcbxbw,bkg)
[#1] INFO:Minization -- RooMinimizer::optimizeConst: deactivating const optimization
[#1] INFO:NumericIntegration -- RooRealIntegral::init(dcb_fft_Int[mass2mu_ewk2]) using numeric integrator RooIntegrator1D to calculate Int(mass2mu_ewk2)
[#1] INFO:Caching -- RooAbsCachedPdf::getCache(dcbxbw) creating new cache 0x12917a60 with pdf bw_CONV_dcb_CACHE_Obs[mass2mu_ewk2] for nset (mass2mu_ewk2) with code 0
[#1] INFO:Minization -- RooMinimizer::optimizeConst: activating const optimization
[#1] INFO:Caching -- RooAbsCachedPdf::getCache(dcbxbw) creating new cache 0x12c1e530 with pdf bw_CONV_dcb_CACHE_Obs[mass2mu_ewk2] for nset (mass2mu_ewk2) with code 0 from preexisting content.
[#1] INFO:Minization --  The following expressions have been identified as constant and will be precalculated and cached: (bw)
[#1] INFO:Minization --  The following expressions will be evaluated in cache-and-track mode: (dcbxbw,bkg)
[#0] WARNING:Minization -- RooMinimizerFcn: Minimized function has error status.
Returning maximum FCN so far (3.30653e+06) to force MIGRAD to back out of this region. Error log follows
Parameter values: a1=0.000789274, a2=32.0536, fsig=1, m=-1.5834, n1=69.4238, n2=6.67636, s=9.63161, tau=0.730459
RooDoubleCB::dcb_fft[ x=mass2mu_ewk2_shifted_FFTBuffer2 xp=NULL mean=m width=s alpha1=a1 n1=n1 alpha2=a2 n2=n2 ]
     p.d.f value is Not-a-Number (-nan), forcing value to zero @ x=mass2mu_ewk2_shifted_FFTBuffer2=-3.6385, xp=NULL, mean=m=-1.5834 +/- 0.00522067, width=s=9.63161 +/- 0.00842464, alpha1=a1=0.000789274 +/- 0.0358904, n1=n1=69.4238 +/- 10.3051, alpha2=a2=32.0536 +/- 0.0613829, n2=n2=6.67636 +/- 52.7514
     p.d.f value is Not-a-Number (-nan), forcing value to zero @ x=mass2mu_ewk2_shifted_FFTBuffer2=-3.6375, xp=NULL, mean=m=-1.5834 +/- 0.00522067, width=s=9.63161 +/- 0.00842464, alpha1=a1=0.000789274 +/- 0.0358904, n1=n1=69.4238 +/- 10.3051, alpha2=a2=32.0536 +/- 0.0613829, n2=n2=6.67636 +/- 52.7514
     p.d.f value is Not-a-Number (-nan), forcing value to zero @ x=mass2mu_ewk2_shifted_FFTBuffer2=-3.6365, xp=NULL, mean=m=-1.5834 +/- 0.00522067, width=s=9.63161 +/- 0.00842464, alpha1=a1=0.000789274 +/- 0.0358904, n1=n1=69.4238 +/- 10.3051, alpha2=a2=32.0536 +/- 0.0613829, n2=n2=6.67636 +/- 52.7514
     p.d.f value is Not-a-Number (-nan), forcing value to zero @ x=mass2mu_ewk2_shifted_FFTBuffer2=-3.6355, xp=NULL, mean=m=-1.5834 +/- 0.00522067, width=s=9.63161 +/- 0.00842464, alpha1=a1=0.000789274 +/- 0.0358904, n1=n1=69.4238 +/- 10.3051, alpha2=a2=32.0536 +/- 0.0613829, n2=n2=6.67636 +/- 52.7514
     p.d.f value is Not-a-Number (-nan), forcing value to zero @ x=mass2mu_ewk2_shifted_FFTBuffer2=-3.6345, xp=NULL, mean=m=-1.5834 +/- 0.00522067, width=s=9.63161 +/- 0.00842464, alpha1=a1=0.000789274 +/- 0.0358904, n1=n1=69.4238 +/- 10.3051, alpha2=a2=32.0536 +/- 0.0613829, n2=n2=6.67636 +/- 52.7514
     p.d.f value is Not-a-Number (-nan), forcing value to zero @ x=mass2mu_ewk2_shifted_FFTBuffer2=-3.6335, xp=NULL, mean=m=-1.5834 +/- 0.00522067, width=s=9.63161 +/- 0.00842464, alpha1=a1=0.000789274 +/- 0.0358904, n1=n1=69.4238 +/- 10.3051, alpha2=a2=32.0536 +/- 0.0613829, n2=n2=6.67636 +/- 52.7514
     p.d.f value is Not-a-Number (-nan), forcing value to zero @ x=mass2mu_ewk2_shifted_FFTBuffer2=-3.6325, xp=NULL, mean=m=-1.5834 +/- 0.00522067, width=s=9.63161 +/- 0.00842464, alpha1=a1=0.000789274 +/- 0.0358904, n1=n1=69.4238 +/- 10.3051, alpha2=a2=32.0536 +/- 0.0613829, n2=n2=6.67636 +/- 52.7514
     p.d.f value is Not-a-Number (-nan), forcing value to zero @ x=mass2mu_ewk2_shifted_FFTBuffer2=-3.6315, xp=NULL, mean=m=-1.5834 +/- 0.00522067, width=s=9.63161 +/- 0.00842464, alpha1=a1=0.000789274 +/- 0.0358904, n1=n1=69.4238 +/- 10.3051, alpha2=a2=32.0536 +/- 0.0613829, n2=n2=6.67636 +/- 52.7514
     p.d.f value is Not-a-Number (-nan), forcing value to zero @ x=mass2mu_ewk2_shifted_FFTBuffer2=-3.6305, xp=NULL, mean=m=-1.5834 +/- 0.00522067, width=s=9.63161 +/- 0.00842464, alpha1=a1=0.000789274 +/- 0.0358904, n1=n1=69.4238 +/- 10.3051, alpha2=a2=32.0536 +/- 0.0613829, n2=n2=6.67636 +/- 52.7514
     p.d.f value is Not-a-Number (-nan), forcing value to zero @ x=mass2mu_ewk2_shifted_FFTBuffer2=-3.6295, xp=NULL, mean=m=-1.5834 +/- 0.00522067, width=s=9.63161 +/- 0.00842464, alpha1=a1=0.000789274 +/- 0.0358904, n1=n1=69.4238 +/- 10.3051, alpha2=a2=32.0536 +/- 0.0613829, n2=n2=6.67636 +/- 52.7514
     p.d.f value is Not-a-Number (-nan), forcing value to zero @ x=mass2mu_ewk2_shifted_FFTBuffer2=-3.6285, xp=NULL, mean=m=-1.5834 +/- 0.00522067, width=s=9.63161 +/- 0.00842464, alpha1=a1=0.000789274 +/- 0.0358904, n1=n1=69.4238 +/- 10.3051, alpha2=a2=32.0536 +/- 0.0613829, n2=n2=6.67636 +/- 52.7514
     p.d.f value is Not-a-Number (-nan), forcing value to zero @ x=mass2mu_ewk2_shifted_FFTBuffer2=-3.6275, xp=NULL, mean=m=-1.5834 +/- 0.00522067, width=s=9.63161 +/- 0.00842464, alpha1=a1=0.000789274 +/- 0.0358904, n1=n1=69.4238 +/- 10.3051, alpha2=a2=32.0536 +/- 0.0613829, n2=n2=6.67636 +/- 52.7514
    ... (remaining 2038 messages suppressed)

[#1] INFO:Minization -- RooMinimizer::optimizeConst: deactivating const optimization
[#1] INFO:NumericIntegration -- RooRealIntegral::init(dcb_fft_Int[mass2mu_ewk2]) using numeric integrator RooIntegrator1D to calculate Int(mass2mu_ewk2)
[#1] INFO:Caching -- RooAbsCachedPdf::getCache(dcbxbw) creating new cache 0x129beb90 with pdf bw_CONV_dcb_CACHE_Obs[mass2mu_ewk2] for nset (mass2mu_ewk2) with code 0
[#1] INFO:Caching -- RooAbsCachedPdf::getCache(dcbxbw) creating new cache 0x12dc9190 with pdf bw_CONV_dcb_CACHE_Obs[mass2mu_ewk2] for nset (mass2mu_ewk2) with code 0 from preexisting content.
