Reading cached build data
Done: ProjectRename
/pool/condor/dir_22745/CMSSW_10_6_12 is the CMSSW I am using on the local worker node
/pool/condor/dir_22745
2018 data mass2mu_corr eta neg 6 86.0 96.0 unbinned
mu1_hzzid && mu2_hzzid && (trigger24matching1 || trigger24matching2) && RelIso1 < 0.35 && RelIso2 < 0.35 && Sip1 < 4.0 && Sip2 < 4.0 && pt1_corr > 25 && pt2_corr > 5 && abs(eta1) < 2.4 && abs(eta2) < 2.4 &&mass2mu_corr < 96.0 && mass2mu_corr > 86.0 && ((mu1_q_roc==-1 && eta1 > 1.2&& eta1 < 1.8) ||( mu2_q_roc ==-1 && eta2 > 1.2&& eta2 < 1.8))
unbinned fit
[#1] INFO:Eval -- RooRealVar::setRange(mass2mu_corr) new range named 'refrange_fft_dcbxbw' created with bounds [86,96]
[#1] INFO:NumericIntegration -- RooRealIntegral::init(dcb_fft_Int[mass2mu_corr]) using numeric integrator RooIntegrator1D to calculate Int(mass2mu_corr)
[#1] INFO:Caching -- RooAbsCachedPdf::getCache(dcbxbw) creating new cache 0x12b36fe0 with pdf bw_CONV_dcb_CACHE_Obs[mass2mu_corr] for nset (mass2mu_corr) with code 0
[#1] INFO:Minization -- RooMinimizer::optimizeConst: activating const optimization
[#1] INFO:Caching -- RooAbsCachedPdf::getCache(dcbxbw) creating new cache 0x12e3a2d0 with pdf bw_CONV_dcb_CACHE_Obs[mass2mu_corr] for nset (mass2mu_corr) with code 0 from preexisting content.
[#1] INFO:Minization --  The following expressions have been identified as constant and will be precalculated and cached: (bw)
[#1] INFO:Minization --  The following expressions will be evaluated in cache-and-track mode: (dcbxbw,bkg)
[#0] WARNING:Minization -- RooMinimizerFcn: Minimized function has error status.
Returning maximum FCN so far (1.02862e+07) to force MIGRAD to back out of this region. Error log follows
Parameter values: a1=0.707865, a2=0.000123827, fsig=0.959445, m=0.541668, n1=38.3677, n2=58.3766, s=1.93203, tau=-0.37797
RooDoubleCB::dcb_fft[ x=mass2mu_corr_shifted_FFTBuffer2 xp=NULL mean=m width=s alpha1=a1 n1=n1 alpha2=a2 n2=n2 ]
     p.d.f value is Not-a-Number (-nan), forcing value to zero @ x=mass2mu_corr_shifted_FFTBuffer2=3.9525, xp=NULL, mean=m=0.541668, width=s=1.93203, alpha1=a1=0.707865, n1=n1=38.3677, alpha2=a2=0.000123827, n2=n2=58.3766
     p.d.f value is Not-a-Number (-nan), forcing value to zero @ x=mass2mu_corr_shifted_FFTBuffer2=3.9535, xp=NULL, mean=m=0.541668, width=s=1.93203, alpha1=a1=0.707865, n1=n1=38.3677, alpha2=a2=0.000123827, n2=n2=58.3766
     p.d.f value is Not-a-Number (-nan), forcing value to zero @ x=mass2mu_corr_shifted_FFTBuffer2=3.9545, xp=NULL, mean=m=0.541668, width=s=1.93203, alpha1=a1=0.707865, n1=n1=38.3677, alpha2=a2=0.000123827, n2=n2=58.3766
     p.d.f value is Not-a-Number (-nan), forcing value to zero @ x=mass2mu_corr_shifted_FFTBuffer2=3.9555, xp=NULL, mean=m=0.541668, width=s=1.93203, alpha1=a1=0.707865, n1=n1=38.3677, alpha2=a2=0.000123827, n2=n2=58.3766
     p.d.f value is Not-a-Number (-nan), forcing value to zero @ x=mass2mu_corr_shifted_FFTBuffer2=3.9565, xp=NULL, mean=m=0.541668, width=s=1.93203, alpha1=a1=0.707865, n1=n1=38.3677, alpha2=a2=0.000123827, n2=n2=58.3766
     p.d.f value is Not-a-Number (-nan), forcing value to zero @ x=mass2mu_corr_shifted_FFTBuffer2=3.9575, xp=NULL, mean=m=0.541668, width=s=1.93203, alpha1=a1=0.707865, n1=n1=38.3677, alpha2=a2=0.000123827, n2=n2=58.3766
     p.d.f value is Not-a-Number (-nan), forcing value to zero @ x=mass2mu_corr_shifted_FFTBuffer2=3.9585, xp=NULL, mean=m=0.541668, width=s=1.93203, alpha1=a1=0.707865, n1=n1=38.3677, alpha2=a2=0.000123827, n2=n2=58.3766
     p.d.f value is Not-a-Number (-nan), forcing value to zero @ x=mass2mu_corr_shifted_FFTBuffer2=3.9595, xp=NULL, mean=m=0.541668, width=s=1.93203, alpha1=a1=0.707865, n1=n1=38.3677, alpha2=a2=0.000123827, n2=n2=58.3766
     p.d.f value is Not-a-Number (-nan), forcing value to zero @ x=mass2mu_corr_shifted_FFTBuffer2=3.9605, xp=NULL, mean=m=0.541668, width=s=1.93203, alpha1=a1=0.707865, n1=n1=38.3677, alpha2=a2=0.000123827, n2=n2=58.3766
     p.d.f value is Not-a-Number (-nan), forcing value to zero @ x=mass2mu_corr_shifted_FFTBuffer2=3.9615, xp=NULL, mean=m=0.541668, width=s=1.93203, alpha1=a1=0.707865, n1=n1=38.3677, alpha2=a2=0.000123827, n2=n2=58.3766
     p.d.f value is Not-a-Number (-nan), forcing value to zero @ x=mass2mu_corr_shifted_FFTBuffer2=3.9625, xp=NULL, mean=m=0.541668, width=s=1.93203, alpha1=a1=0.707865, n1=n1=38.3677, alpha2=a2=0.000123827, n2=n2=58.3766
     p.d.f value is Not-a-Number (-nan), forcing value to zero @ x=mass2mu_corr_shifted_FFTBuffer2=3.9635, xp=NULL, mean=m=0.541668, width=s=1.93203, alpha1=a1=0.707865, n1=n1=38.3677, alpha2=a2=0.000123827, n2=n2=58.3766
    ... (remaining 2038 messages suppressed)

[#1] INFO:Minization -- RooMinimizer::optimizeConst: deactivating const optimization
[#1] INFO:NumericIntegration -- RooRealIntegral::init(dcb_fft_Int[mass2mu_corr]) using numeric integrator RooIntegrator1D to calculate Int(mass2mu_corr)
[#1] INFO:Caching -- RooAbsCachedPdf::getCache(dcbxbw) creating new cache 0x12c702d0 with pdf bw_CONV_dcb_CACHE_Obs[mass2mu_corr] for nset (mass2mu_corr) with code 0
[#1] INFO:Minization -- RooMinimizer::optimizeConst: activating const optimization
[#1] INFO:Caching -- RooAbsCachedPdf::getCache(dcbxbw) creating new cache 0x12f8a7f0 with pdf bw_CONV_dcb_CACHE_Obs[mass2mu_corr] for nset (mass2mu_corr) with code 0 from preexisting content.
[#1] INFO:Minization --  The following expressions have been identified as constant and will be precalculated and cached: (bw)
[#1] INFO:Minization --  The following expressions will be evaluated in cache-and-track mode: (dcbxbw,bkg)
[#1] INFO:Minization -- RooMinimizer::optimizeConst: deactivating const optimization
[#1] INFO:NumericIntegration -- RooRealIntegral::init(dcb_fft_Int[mass2mu_corr]) using numeric integrator RooIntegrator1D to calculate Int(mass2mu_corr)
[#1] INFO:Caching -- RooAbsCachedPdf::getCache(dcbxbw) creating new cache 0x12e6add0 with pdf bw_CONV_dcb_CACHE_Obs[mass2mu_corr] for nset (mass2mu_corr) with code 0
[#1] INFO:Caching -- RooAbsCachedPdf::getCache(dcbxbw) creating new cache 0x1303aa70 with pdf bw_CONV_dcb_CACHE_Obs[mass2mu_corr] for nset (mass2mu_corr) with code 0 from preexisting content.
