Reading cached build data
Done: ProjectRename
/pool/condor/dir_17526/CMSSW_10_6_12 is the CMSSW I am using on the local worker node
/pool/condor/dir_17526
2016b mc mass2mu_dm_dt phi neg 7 86.0 96.0 unbinned
mu1_hzzid && mu2_hzzid && (trigger24matching1 || trigger24matching2) && RelIso1 < 0.35 && RelIso2 < 0.35 && Sip1 < 4.0 && Sip2 < 4.0 && pt1_corr > 25 && pt2_corr > 5 && abs(eta1) < 2.4 && abs(eta2) < 2.4 &&mass2mu_dm_dt < 96.0 && mass2mu_dm_dt > 86.0 && ((mu1_q_roc==-1 && phi1 > 2.35619449019&& phi1 < 3.14159265359) ||( mu2_q_roc ==-1 && phi2 > 2.35619449019&& phi2 < 3.14159265359))
unbinned fit
[#1] INFO:Eval -- RooRealVar::setRange(mass2mu_dm_dt) new range named 'refrange_fft_dcbxbw' created with bounds [86,96]
[#1] INFO:NumericIntegration -- RooRealIntegral::init(dcb_fft_Int[mass2mu_dm_dt]) using numeric integrator RooIntegrator1D to calculate Int(mass2mu_dm_dt)
[#1] INFO:Caching -- RooAbsCachedPdf::getCache(dcbxbw) creating new cache 0x112badc0 with pdf bw_CONV_dcb_CACHE_Obs[mass2mu_dm_dt] for nset (mass2mu_dm_dt) with code 0
[#1] INFO:Minization -- RooMinimizer::optimizeConst: activating const optimization
[#1] INFO:Caching -- RooAbsCachedPdf::getCache(dcbxbw) creating new cache 0x1009b3d0 with pdf bw_CONV_dcb_CACHE_Obs[mass2mu_dm_dt] for nset (mass2mu_dm_dt) with code 0 from preexisting content.
[#1] INFO:Minization --  The following expressions have been identified as constant and will be precalculated and cached: (bw)
[#1] INFO:Minization --  The following expressions will be evaluated in cache-and-track mode: (dcbxbw,bkg)
[#0] WARNING:Minization -- RooMinimizerFcn: Minimized function has error status.
Returning maximum FCN so far (2.99954e+06) to force MIGRAD to back out of this region. Error log follows
Parameter values: a1=6.67157, a2=0.000893757, fsig=0.665259, m=4.65, n1=58.4403, n2=69.1235, s=8.67416, tau=-0.324373
RooDoubleCB::dcb_fft[ x=mass2mu_dm_dt_shifted_FFTBuffer2 xp=NULL mean=m width=s alpha1=a1 n1=n1 alpha2=a2 n2=n2 ]
     p.d.f value is Not-a-Number (-nan), forcing value to zero @ x=mass2mu_dm_dt_shifted_FFTBuffer2=5.87082, xp=NULL, mean=m=4.65, width=s=8.67416, alpha1=a1=6.67157, n1=n1=58.4403, alpha2=a2=0.000893757, n2=n2=69.1235
     p.d.f value is Not-a-Number (-nan), forcing value to zero @ x=mass2mu_dm_dt_shifted_FFTBuffer2=5.871, xp=NULL, mean=m=4.65, width=s=8.67416, alpha1=a1=6.67157, n1=n1=58.4403, alpha2=a2=0.000893757, n2=n2=69.1235
     p.d.f value is Not-a-Number (-nan), forcing value to zero @ x=mass2mu_dm_dt_shifted_FFTBuffer2=5.87119, xp=NULL, mean=m=4.65, width=s=8.67416, alpha1=a1=6.67157, n1=n1=58.4403, alpha2=a2=0.000893757, n2=n2=69.1235
     p.d.f value is Not-a-Number (-nan), forcing value to zero @ x=mass2mu_dm_dt_shifted_FFTBuffer2=5.87137, xp=NULL, mean=m=4.65, width=s=8.67416, alpha1=a1=6.67157, n1=n1=58.4403, alpha2=a2=0.000893757, n2=n2=69.1235
     p.d.f value is Not-a-Number (-nan), forcing value to zero @ x=mass2mu_dm_dt_shifted_FFTBuffer2=5.87155, xp=NULL, mean=m=4.65, width=s=8.67416, alpha1=a1=6.67157, n1=n1=58.4403, alpha2=a2=0.000893757, n2=n2=69.1235
     p.d.f value is Not-a-Number (-nan), forcing value to zero @ x=mass2mu_dm_dt_shifted_FFTBuffer2=5.87173, xp=NULL, mean=m=4.65, width=s=8.67416, alpha1=a1=6.67157, n1=n1=58.4403, alpha2=a2=0.000893757, n2=n2=69.1235
     p.d.f value is Not-a-Number (-nan), forcing value to zero @ x=mass2mu_dm_dt_shifted_FFTBuffer2=5.87192, xp=NULL, mean=m=4.65, width=s=8.67416, alpha1=a1=6.67157, n1=n1=58.4403, alpha2=a2=0.000893757, n2=n2=69.1235
     p.d.f value is Not-a-Number (-nan), forcing value to zero @ x=mass2mu_dm_dt_shifted_FFTBuffer2=5.8721, xp=NULL, mean=m=4.65, width=s=8.67416, alpha1=a1=6.67157, n1=n1=58.4403, alpha2=a2=0.000893757, n2=n2=69.1235
     p.d.f value is Not-a-Number (-nan), forcing value to zero @ x=mass2mu_dm_dt_shifted_FFTBuffer2=5.87228, xp=NULL, mean=m=4.65, width=s=8.67416, alpha1=a1=6.67157, n1=n1=58.4403, alpha2=a2=0.000893757, n2=n2=69.1235
     p.d.f value is Not-a-Number (-nan), forcing value to zero @ x=mass2mu_dm_dt_shifted_FFTBuffer2=5.87247, xp=NULL, mean=m=4.65, width=s=8.67416, alpha1=a1=6.67157, n1=n1=58.4403, alpha2=a2=0.000893757, n2=n2=69.1235
     p.d.f value is Not-a-Number (-nan), forcing value to zero @ x=mass2mu_dm_dt_shifted_FFTBuffer2=5.87265, xp=NULL, mean=m=4.65, width=s=8.67416, alpha1=a1=6.67157, n1=n1=58.4403, alpha2=a2=0.000893757, n2=n2=69.1235
     p.d.f value is Not-a-Number (-nan), forcing value to zero @ x=mass2mu_dm_dt_shifted_FFTBuffer2=5.87283, xp=NULL, mean=m=4.65, width=s=8.67416, alpha1=a1=6.67157, n1=n1=58.4403, alpha2=a2=0.000893757, n2=n2=69.1235
    ... (remaining 2038 messages suppressed)

[#1] INFO:Minization -- RooMinimizer::optimizeConst: deactivating const optimization
[#1] INFO:NumericIntegration -- RooRealIntegral::init(dcb_fft_Int[mass2mu_dm_dt]) using numeric integrator RooIntegrator1D to calculate Int(mass2mu_dm_dt)
[#1] INFO:Caching -- RooAbsCachedPdf::getCache(dcbxbw) creating new cache 0x111923f0 with pdf bw_CONV_dcb_CACHE_Obs[mass2mu_dm_dt] for nset (mass2mu_dm_dt) with code 0
[#1] INFO:Minization -- RooMinimizer::optimizeConst: activating const optimization
[#1] INFO:Caching -- RooAbsCachedPdf::getCache(dcbxbw) creating new cache 0x120c91c0 with pdf bw_CONV_dcb_CACHE_Obs[mass2mu_dm_dt] for nset (mass2mu_dm_dt) with code 0 from preexisting content.
[#1] INFO:Minization --  The following expressions have been identified as constant and will be precalculated and cached: (bw)
[#1] INFO:Minization --  The following expressions will be evaluated in cache-and-track mode: (dcbxbw,bkg)
[#1] INFO:Minization -- RooMinimizer::optimizeConst: deactivating const optimization
[#1] INFO:NumericIntegration -- RooRealIntegral::init(dcb_fft_Int[mass2mu_dm_dt]) using numeric integrator RooIntegrator1D to calculate Int(mass2mu_dm_dt)
[#1] INFO:Caching -- RooAbsCachedPdf::getCache(dcbxbw) creating new cache 0x11d8e4a0 with pdf bw_CONV_dcb_CACHE_Obs[mass2mu_dm_dt] for nset (mass2mu_dm_dt) with code 0
[#1] INFO:Caching -- RooAbsCachedPdf::getCache(dcbxbw) creating new cache 0x1224e020 with pdf bw_CONV_dcb_CACHE_Obs[mass2mu_dm_dt] for nset (mass2mu_dm_dt) with code 0 from preexisting content.
