Reading cached build data
Done: ProjectRename
/pool/condor/dir_1122/CMSSW_10_6_12 is the CMSSW I am using on the local worker node
/pool/condor/dir_1122
2017 mc mass2mu_ewk2 eta pos 7 75.0 105.0 unbinned
mu1_hzzid && mu2_hzzid && (trigger24matching1 || trigger24matching2) && RelIso1 < 0.35 && RelIso2 < 0.35 && Sip1 < 4.0 && Sip2 < 4.0 && pt1_corr > 25 && pt2_corr > 5 && abs(eta1) < 2.4 && abs(eta2) < 2.4 &&mass2mu_ewk2 < 105.0 && mass2mu_ewk2 > 75.0 && ((mu1_q_roc== 1 && eta1 > 1.8&& eta1 < 2.4) ||( mu2_q_roc == 1 && eta2 > 1.8&& eta2 < 2.4))
unbinned fit
[#1] INFO:Eval -- RooRealVar::setRange(mass2mu_ewk2) new range named 'refrange_fft_dcbxbw' created with bounds [75,105]
[#1] INFO:NumericIntegration -- RooRealIntegral::init(dcb_fft_Int[mass2mu_ewk2]) using numeric integrator RooIntegrator1D to calculate Int(mass2mu_ewk2)
[#1] INFO:Caching -- RooAbsCachedPdf::getCache(dcbxbw) creating new cache 0x12bfcf80 with pdf bw_CONV_dcb_CACHE_Obs[mass2mu_ewk2] for nset (mass2mu_ewk2) with code 0
[#1] INFO:Minization -- RooMinimizer::optimizeConst: activating const optimization
[#1] INFO:Caching -- RooAbsCachedPdf::getCache(dcbxbw) creating new cache 0x13558a70 with pdf bw_CONV_dcb_CACHE_Obs[mass2mu_ewk2] for nset (mass2mu_ewk2) with code 0 from preexisting content.
[#1] INFO:Minization --  The following expressions have been identified as constant and will be precalculated and cached: (bw)
[#1] INFO:Minization --  The following expressions will be evaluated in cache-and-track mode: (dcbxbw,bkg)
[#1] INFO:Minization -- RooMinimizer::optimizeConst: deactivating const optimization
[#1] INFO:NumericIntegration -- RooRealIntegral::init(dcb_fft_Int[mass2mu_ewk2]) using numeric integrator RooIntegrator1D to calculate Int(mass2mu_ewk2)
[#1] INFO:Caching -- RooAbsCachedPdf::getCache(dcbxbw) creating new cache 0x11a70690 with pdf bw_CONV_dcb_CACHE_Obs[mass2mu_ewk2] for nset (mass2mu_ewk2) with code 0
[#1] INFO:Minization -- RooMinimizer::optimizeConst: activating const optimization
[#1] INFO:Caching -- RooAbsCachedPdf::getCache(dcbxbw) creating new cache 0x1374e870 with pdf bw_CONV_dcb_CACHE_Obs[mass2mu_ewk2] for nset (mass2mu_ewk2) with code 0 from preexisting content.
[#1] INFO:Minization --  The following expressions have been identified as constant and will be precalculated and cached: (bw)
[#1] INFO:Minization --  The following expressions will be evaluated in cache-and-track mode: (dcbxbw,bkg)
[#0] WARNING:Minization -- RooMinimizerFcn: Minimized function has error status.
Returning maximum FCN so far (3.70579e+06) to force MIGRAD to back out of this region. Error log follows
Parameter values: a1=2.10127e-05, a2=60.0654, fsig=0.804994, m=2.11507, n1=69.6029, n2=61.4698, s=9.95216, tau=-0.809564
RooDoubleCB::dcb_fft[ x=mass2mu_ewk2_shifted_FFTBuffer2 xp=NULL mean=m width=s alpha1=a1 n1=n1 alpha2=a2 n2=n2 ]
     p.d.f value is Not-a-Number (-nan), forcing value to zero @ x=mass2mu_ewk2_shifted_FFTBuffer2=-4.0275, xp=NULL, mean=m=2.11507 +/- 0.00504601, width=s=9.95216 +/- 0.00899648, alpha1=a1=2.10127e-05 +/- 0.015777, n1=n1=69.6029 +/- 0.051559, alpha2=a2=60.0654 +/- 0.0201534, n2=n2=61.4698 +/- 9.60238
     p.d.f value is Not-a-Number (-nan), forcing value to zero @ x=mass2mu_ewk2_shifted_FFTBuffer2=-4.0245, xp=NULL, mean=m=2.11507 +/- 0.00504601, width=s=9.95216 +/- 0.00899648, alpha1=a1=2.10127e-05 +/- 0.015777, n1=n1=69.6029 +/- 0.051559, alpha2=a2=60.0654 +/- 0.0201534, n2=n2=61.4698 +/- 9.60238
     p.d.f value is Not-a-Number (-nan), forcing value to zero @ x=mass2mu_ewk2_shifted_FFTBuffer2=-4.0215, xp=NULL, mean=m=2.11507 +/- 0.00504601, width=s=9.95216 +/- 0.00899648, alpha1=a1=2.10127e-05 +/- 0.015777, n1=n1=69.6029 +/- 0.051559, alpha2=a2=60.0654 +/- 0.0201534, n2=n2=61.4698 +/- 9.60238
     p.d.f value is Not-a-Number (-nan), forcing value to zero @ x=mass2mu_ewk2_shifted_FFTBuffer2=-4.0185, xp=NULL, mean=m=2.11507 +/- 0.00504601, width=s=9.95216 +/- 0.00899648, alpha1=a1=2.10127e-05 +/- 0.015777, n1=n1=69.6029 +/- 0.051559, alpha2=a2=60.0654 +/- 0.0201534, n2=n2=61.4698 +/- 9.60238
     p.d.f value is Not-a-Number (-nan), forcing value to zero @ x=mass2mu_ewk2_shifted_FFTBuffer2=-4.0155, xp=NULL, mean=m=2.11507 +/- 0.00504601, width=s=9.95216 +/- 0.00899648, alpha1=a1=2.10127e-05 +/- 0.015777, n1=n1=69.6029 +/- 0.051559, alpha2=a2=60.0654 +/- 0.0201534, n2=n2=61.4698 +/- 9.60238
     p.d.f value is Not-a-Number (-nan), forcing value to zero @ x=mass2mu_ewk2_shifted_FFTBuffer2=-4.0125, xp=NULL, mean=m=2.11507 +/- 0.00504601, width=s=9.95216 +/- 0.00899648, alpha1=a1=2.10127e-05 +/- 0.015777, n1=n1=69.6029 +/- 0.051559, alpha2=a2=60.0654 +/- 0.0201534, n2=n2=61.4698 +/- 9.60238
     p.d.f value is Not-a-Number (-nan), forcing value to zero @ x=mass2mu_ewk2_shifted_FFTBuffer2=-4.0095, xp=NULL, mean=m=2.11507 +/- 0.00504601, width=s=9.95216 +/- 0.00899648, alpha1=a1=2.10127e-05 +/- 0.015777, n1=n1=69.6029 +/- 0.051559, alpha2=a2=60.0654 +/- 0.0201534, n2=n2=61.4698 +/- 9.60238
     p.d.f value is Not-a-Number (-nan), forcing value to zero @ x=mass2mu_ewk2_shifted_FFTBuffer2=-4.0065, xp=NULL, mean=m=2.11507 +/- 0.00504601, width=s=9.95216 +/- 0.00899648, alpha1=a1=2.10127e-05 +/- 0.015777, n1=n1=69.6029 +/- 0.051559, alpha2=a2=60.0654 +/- 0.0201534, n2=n2=61.4698 +/- 9.60238
     p.d.f value is Not-a-Number (-nan), forcing value to zero @ x=mass2mu_ewk2_shifted_FFTBuffer2=-4.0035, xp=NULL, mean=m=2.11507 +/- 0.00504601, width=s=9.95216 +/- 0.00899648, alpha1=a1=2.10127e-05 +/- 0.015777, n1=n1=69.6029 +/- 0.051559, alpha2=a2=60.0654 +/- 0.0201534, n2=n2=61.4698 +/- 9.60238
     p.d.f value is Not-a-Number (-nan), forcing value to zero @ x=mass2mu_ewk2_shifted_FFTBuffer2=-4.0005, xp=NULL, mean=m=2.11507 +/- 0.00504601, width=s=9.95216 +/- 0.00899648, alpha1=a1=2.10127e-05 +/- 0.015777, n1=n1=69.6029 +/- 0.051559, alpha2=a2=60.0654 +/- 0.0201534, n2=n2=61.4698 +/- 9.60238
     p.d.f value is Not-a-Number (-nan), forcing value to zero @ x=mass2mu_ewk2_shifted_FFTBuffer2=-3.9975, xp=NULL, mean=m=2.11507 +/- 0.00504601, width=s=9.95216 +/- 0.00899648, alpha1=a1=2.10127e-05 +/- 0.015777, n1=n1=69.6029 +/- 0.051559, alpha2=a2=60.0654 +/- 0.0201534, n2=n2=61.4698 +/- 9.60238
     p.d.f value is Not-a-Number (-nan), forcing value to zero @ x=mass2mu_ewk2_shifted_FFTBuffer2=-3.9945, xp=NULL, mean=m=2.11507 +/- 0.00504601, width=s=9.95216 +/- 0.00899648, alpha1=a1=2.10127e-05 +/- 0.015777, n1=n1=69.6029 +/- 0.051559, alpha2=a2=60.0654 +/- 0.0201534, n2=n2=61.4698 +/- 9.60238
    ... (remaining 2038 messages suppressed)

[#1] INFO:Minization -- RooMinimizer::optimizeConst: deactivating const optimization
[#1] INFO:NumericIntegration -- RooRealIntegral::init(dcb_fft_Int[mass2mu_ewk2]) using numeric integrator RooIntegrator1D to calculate Int(mass2mu_ewk2)
[#1] INFO:Caching -- RooAbsCachedPdf::getCache(dcbxbw) creating new cache 0x13628980 with pdf bw_CONV_dcb_CACHE_Obs[mass2mu_ewk2] for nset (mass2mu_ewk2) with code 0
[#1] INFO:Caching -- RooAbsCachedPdf::getCache(dcbxbw) creating new cache 0x1365a230 with pdf bw_CONV_dcb_CACHE_Obs[mass2mu_ewk2] for nset (mass2mu_ewk2) with code 0 from preexisting content.
