Reading cached build data
Done: ProjectRename
/pool/condor/dir_44958/CMSSW_10_6_12 is the CMSSW I am using on the local worker node
/pool/condor/dir_44958
2016b mc mass2mu_zpt_dt phi pos 6 80.0 100.0 unbinned
mu1_hzzid && mu2_hzzid && (trigger24matching1 || trigger24matching2) && RelIso1 < 0.35 && RelIso2 < 0.35 && Sip1 < 4.0 && Sip2 < 4.0 && pt1_corr > 25 && pt2_corr > 5 && abs(eta1) < 2.4 && abs(eta2) < 2.4 &&mass2mu_zpt_dt < 100.0 && mass2mu_zpt_dt > 80.0 && ((mu1_q_roc== 1 && phi1 > 1.57079632679&& phi1 < 2.35619449019) ||( mu2_q_roc == 1 && phi2 > 1.57079632679&& phi2 < 2.35619449019))
unbinned fit
[#1] INFO:Eval -- RooRealVar::setRange(mass2mu_zpt_dt) new range named 'refrange_fft_dcbxbw' created with bounds [80,100]
[#1] INFO:NumericIntegration -- RooRealIntegral::init(dcb_fft_Int[mass2mu_zpt_dt]) using numeric integrator RooIntegrator1D to calculate Int(mass2mu_zpt_dt)
[#1] INFO:Caching -- RooAbsCachedPdf::getCache(dcbxbw) creating new cache 0x11669850 with pdf bw_CONV_dcb_CACHE_Obs[mass2mu_zpt_dt] for nset (mass2mu_zpt_dt) with code 0
[#1] INFO:Minization -- RooMinimizer::optimizeConst: activating const optimization
[#1] INFO:Caching -- RooAbsCachedPdf::getCache(dcbxbw) creating new cache 0x12578cf0 with pdf bw_CONV_dcb_CACHE_Obs[mass2mu_zpt_dt] for nset (mass2mu_zpt_dt) with code 0 from preexisting content.
[#1] INFO:Minization --  The following expressions have been identified as constant and will be precalculated and cached: (bw)
[#1] INFO:Minization --  The following expressions will be evaluated in cache-and-track mode: (dcbxbw,bkg)
[#1] INFO:Minization -- RooMinimizer::optimizeConst: deactivating const optimization
[#1] INFO:NumericIntegration -- RooRealIntegral::init(dcb_fft_Int[mass2mu_zpt_dt]) using numeric integrator RooIntegrator1D to calculate Int(mass2mu_zpt_dt)
[#1] INFO:Caching -- RooAbsCachedPdf::getCache(dcbxbw) creating new cache 0x1067b280 with pdf bw_CONV_dcb_CACHE_Obs[mass2mu_zpt_dt] for nset (mass2mu_zpt_dt) with code 0
[#1] INFO:Minization -- RooMinimizer::optimizeConst: activating const optimization
[#1] INFO:Caching -- RooAbsCachedPdf::getCache(dcbxbw) creating new cache 0x12639270 with pdf bw_CONV_dcb_CACHE_Obs[mass2mu_zpt_dt] for nset (mass2mu_zpt_dt) with code 0 from preexisting content.
[#1] INFO:Minization --  The following expressions have been identified as constant and will be precalculated and cached: (bw)
[#1] INFO:Minization --  The following expressions will be evaluated in cache-and-track mode: (dcbxbw,bkg)
[#0] WARNING:Minization -- RooMinimizerFcn: Minimized function has error status.
Returning maximum FCN so far (4.64433e+06) to force MIGRAD to back out of this region. Error log follows
Parameter values: a1=3.00025e-05, a2=12.5083, fsig=0.94218, m=-1.6511, n1=60.0943, n2=57.7539, s=9.50584, tau=-0.18708
RooDoubleCB::dcb_fft[ x=mass2mu_zpt_dt_shifted_FFTBuffer2 xp=NULL mean=m width=s alpha1=a1 n1=n1 alpha2=a2 n2=n2 ]
     p.d.f value is Not-a-Number (-nan), forcing value to zero @ x=mass2mu_zpt_dt_shifted_FFTBuffer2=-5.747, xp=NULL, mean=m=-1.6511 +/- 0.00495737, width=s=9.50584 +/- 0.0114969, alpha1=a1=3.00025e-05 +/- 0.0291293, n1=n1=60.0943 +/- 0.093014, alpha2=a2=12.5083 +/- 0.0478954, n2=n2=57.7539 +/- 3.91181
     p.d.f value is Not-a-Number (-nan), forcing value to zero @ x=mass2mu_zpt_dt_shifted_FFTBuffer2=-5.745, xp=NULL, mean=m=-1.6511 +/- 0.00495737, width=s=9.50584 +/- 0.0114969, alpha1=a1=3.00025e-05 +/- 0.0291293, n1=n1=60.0943 +/- 0.093014, alpha2=a2=12.5083 +/- 0.0478954, n2=n2=57.7539 +/- 3.91181
     p.d.f value is Not-a-Number (-nan), forcing value to zero @ x=mass2mu_zpt_dt_shifted_FFTBuffer2=-5.743, xp=NULL, mean=m=-1.6511 +/- 0.00495737, width=s=9.50584 +/- 0.0114969, alpha1=a1=3.00025e-05 +/- 0.0291293, n1=n1=60.0943 +/- 0.093014, alpha2=a2=12.5083 +/- 0.0478954, n2=n2=57.7539 +/- 3.91181
     p.d.f value is Not-a-Number (-nan), forcing value to zero @ x=mass2mu_zpt_dt_shifted_FFTBuffer2=-5.741, xp=NULL, mean=m=-1.6511 +/- 0.00495737, width=s=9.50584 +/- 0.0114969, alpha1=a1=3.00025e-05 +/- 0.0291293, n1=n1=60.0943 +/- 0.093014, alpha2=a2=12.5083 +/- 0.0478954, n2=n2=57.7539 +/- 3.91181
     p.d.f value is Not-a-Number (-nan), forcing value to zero @ x=mass2mu_zpt_dt_shifted_FFTBuffer2=-5.739, xp=NULL, mean=m=-1.6511 +/- 0.00495737, width=s=9.50584 +/- 0.0114969, alpha1=a1=3.00025e-05 +/- 0.0291293, n1=n1=60.0943 +/- 0.093014, alpha2=a2=12.5083 +/- 0.0478954, n2=n2=57.7539 +/- 3.91181
     p.d.f value is Not-a-Number (-nan), forcing value to zero @ x=mass2mu_zpt_dt_shifted_FFTBuffer2=-5.737, xp=NULL, mean=m=-1.6511 +/- 0.00495737, width=s=9.50584 +/- 0.0114969, alpha1=a1=3.00025e-05 +/- 0.0291293, n1=n1=60.0943 +/- 0.093014, alpha2=a2=12.5083 +/- 0.0478954, n2=n2=57.7539 +/- 3.91181
     p.d.f value is Not-a-Number (-nan), forcing value to zero @ x=mass2mu_zpt_dt_shifted_FFTBuffer2=-5.735, xp=NULL, mean=m=-1.6511 +/- 0.00495737, width=s=9.50584 +/- 0.0114969, alpha1=a1=3.00025e-05 +/- 0.0291293, n1=n1=60.0943 +/- 0.093014, alpha2=a2=12.5083 +/- 0.0478954, n2=n2=57.7539 +/- 3.91181
     p.d.f value is Not-a-Number (-nan), forcing value to zero @ x=mass2mu_zpt_dt_shifted_FFTBuffer2=-5.733, xp=NULL, mean=m=-1.6511 +/- 0.00495737, width=s=9.50584 +/- 0.0114969, alpha1=a1=3.00025e-05 +/- 0.0291293, n1=n1=60.0943 +/- 0.093014, alpha2=a2=12.5083 +/- 0.0478954, n2=n2=57.7539 +/- 3.91181
     p.d.f value is Not-a-Number (-nan), forcing value to zero @ x=mass2mu_zpt_dt_shifted_FFTBuffer2=-5.731, xp=NULL, mean=m=-1.6511 +/- 0.00495737, width=s=9.50584 +/- 0.0114969, alpha1=a1=3.00025e-05 +/- 0.0291293, n1=n1=60.0943 +/- 0.093014, alpha2=a2=12.5083 +/- 0.0478954, n2=n2=57.7539 +/- 3.91181
     p.d.f value is Not-a-Number (-nan), forcing value to zero @ x=mass2mu_zpt_dt_shifted_FFTBuffer2=-5.729, xp=NULL, mean=m=-1.6511 +/- 0.00495737, width=s=9.50584 +/- 0.0114969, alpha1=a1=3.00025e-05 +/- 0.0291293, n1=n1=60.0943 +/- 0.093014, alpha2=a2=12.5083 +/- 0.0478954, n2=n2=57.7539 +/- 3.91181
     p.d.f value is Not-a-Number (-nan), forcing value to zero @ x=mass2mu_zpt_dt_shifted_FFTBuffer2=-5.727, xp=NULL, mean=m=-1.6511 +/- 0.00495737, width=s=9.50584 +/- 0.0114969, alpha1=a1=3.00025e-05 +/- 0.0291293, n1=n1=60.0943 +/- 0.093014, alpha2=a2=12.5083 +/- 0.0478954, n2=n2=57.7539 +/- 3.91181
     p.d.f value is Not-a-Number (-nan), forcing value to zero @ x=mass2mu_zpt_dt_shifted_FFTBuffer2=-5.725, xp=NULL, mean=m=-1.6511 +/- 0.00495737, width=s=9.50584 +/- 0.0114969, alpha1=a1=3.00025e-05 +/- 0.0291293, n1=n1=60.0943 +/- 0.093014, alpha2=a2=12.5083 +/- 0.0478954, n2=n2=57.7539 +/- 3.91181
    ... (remaining 2038 messages suppressed)

[#1] INFO:Minization -- RooMinimizer::optimizeConst: deactivating const optimization
[#1] INFO:NumericIntegration -- RooRealIntegral::init(dcb_fft_Int[mass2mu_zpt_dt]) using numeric integrator RooIntegrator1D to calculate Int(mass2mu_zpt_dt)
[#1] INFO:Caching -- RooAbsCachedPdf::getCache(dcbxbw) creating new cache 0x125edfc0 with pdf bw_CONV_dcb_CACHE_Obs[mass2mu_zpt_dt] for nset (mass2mu_zpt_dt) with code 0
[#1] INFO:Caching -- RooAbsCachedPdf::getCache(dcbxbw) creating new cache 0x1289bb60 with pdf bw_CONV_dcb_CACHE_Obs[mass2mu_zpt_dt] for nset (mass2mu_zpt_dt) with code 0 from preexisting content.
