Reading cached build data
Done: ProjectRename
/pool/condor/dir_258011/CMSSW_10_6_12 is the CMSSW I am using on the local worker node
/pool/condor/dir_258011
2017 mc mass2mu_corr eta neg 6 86.0 96.0 unbinned
mu1_hzzid && mu2_hzzid && (trigger24matching1 || trigger24matching2) && RelIso1 < 0.35 && RelIso2 < 0.35 && Sip1 < 4.0 && Sip2 < 4.0 && pt1_corr > 25 && pt2_corr > 5 && abs(eta1) < 2.4 && abs(eta2) < 2.4 &&mass2mu_corr < 96.0 && mass2mu_corr > 86.0 && ((mu1_q_roc==-1 && eta1 > 1.2&& eta1 < 1.8) ||( mu2_q_roc ==-1 && eta2 > 1.2&& eta2 < 1.8))
unbinned fit
[#1] INFO:Eval -- RooRealVar::setRange(mass2mu_corr) new range named 'refrange_fft_dcbxbw' created with bounds [86,96]
[#1] INFO:NumericIntegration -- RooRealIntegral::init(dcb_fft_Int[mass2mu_corr]) using numeric integrator RooIntegrator1D to calculate Int(mass2mu_corr)
[#1] INFO:Caching -- RooAbsCachedPdf::getCache(dcbxbw) creating new cache 0x11301db0 with pdf bw_CONV_dcb_CACHE_Obs[mass2mu_corr] for nset (mass2mu_corr) with code 0
[#1] INFO:Minization -- RooMinimizer::optimizeConst: activating const optimization
[#1] INFO:Caching -- RooAbsCachedPdf::getCache(dcbxbw) creating new cache 0x1205daf0 with pdf bw_CONV_dcb_CACHE_Obs[mass2mu_corr] for nset (mass2mu_corr) with code 0 from preexisting content.
[#1] INFO:Minization --  The following expressions have been identified as constant and will be precalculated and cached: (bw)
[#1] INFO:Minization --  The following expressions will be evaluated in cache-and-track mode: (dcbxbw,bkg)
[#1] INFO:Minization -- RooMinimizer::optimizeConst: deactivating const optimization
[#1] INFO:NumericIntegration -- RooRealIntegral::init(dcb_fft_Int[mass2mu_corr]) using numeric integrator RooIntegrator1D to calculate Int(mass2mu_corr)
[#1] INFO:Caching -- RooAbsCachedPdf::getCache(dcbxbw) creating new cache 0x114619b0 with pdf bw_CONV_dcb_CACHE_Obs[mass2mu_corr] for nset (mass2mu_corr) with code 0
[#1] INFO:Minization -- RooMinimizer::optimizeConst: activating const optimization
[#1] INFO:Caching -- RooAbsCachedPdf::getCache(dcbxbw) creating new cache 0x11e57bc0 with pdf bw_CONV_dcb_CACHE_Obs[mass2mu_corr] for nset (mass2mu_corr) with code 0 from preexisting content.
[#1] INFO:Minization --  The following expressions have been identified as constant and will be precalculated and cached: (bw)
[#1] INFO:Minization --  The following expressions will be evaluated in cache-and-track mode: (dcbxbw,bkg)
[#0] WARNING:Minization -- RooMinimizerFcn: Minimized function has error status.
Returning maximum FCN so far (3.64854e+06) to force MIGRAD to back out of this region. Error log follows
Parameter values: a1=4.64317, a2=5.5635e-05, fsig=0.999931, m=-1.1234, n1=46.763, n2=69.9164, s=1.92166, tau=-0.0848045
RooDoubleCB::dcb_fft[ x=mass2mu_corr_shifted_FFTBuffer2 xp=NULL mean=m width=s alpha1=a1 n1=n1 alpha2=a2 n2=n2 ]
     p.d.f value is Not-a-Number (-nan), forcing value to zero @ x=mass2mu_corr_shifted_FFTBuffer2=3.9525, xp=NULL, mean=m=-1.1234 +/- 0.00524291, width=s=1.92166 +/- 0.00873227, alpha1=a1=4.64317 +/- 0.0360636, n1=n1=46.763 +/- 8.19716, alpha2=a2=5.5635e-05 +/- 0.0581581, n2=n2=69.9164 +/- 12.471
     p.d.f value is Not-a-Number (-nan), forcing value to zero @ x=mass2mu_corr_shifted_FFTBuffer2=3.9535, xp=NULL, mean=m=-1.1234 +/- 0.00524291, width=s=1.92166 +/- 0.00873227, alpha1=a1=4.64317 +/- 0.0360636, n1=n1=46.763 +/- 8.19716, alpha2=a2=5.5635e-05 +/- 0.0581581, n2=n2=69.9164 +/- 12.471
     p.d.f value is Not-a-Number (-nan), forcing value to zero @ x=mass2mu_corr_shifted_FFTBuffer2=3.9545, xp=NULL, mean=m=-1.1234 +/- 0.00524291, width=s=1.92166 +/- 0.00873227, alpha1=a1=4.64317 +/- 0.0360636, n1=n1=46.763 +/- 8.19716, alpha2=a2=5.5635e-05 +/- 0.0581581, n2=n2=69.9164 +/- 12.471
     p.d.f value is Not-a-Number (-nan), forcing value to zero @ x=mass2mu_corr_shifted_FFTBuffer2=3.9555, xp=NULL, mean=m=-1.1234 +/- 0.00524291, width=s=1.92166 +/- 0.00873227, alpha1=a1=4.64317 +/- 0.0360636, n1=n1=46.763 +/- 8.19716, alpha2=a2=5.5635e-05 +/- 0.0581581, n2=n2=69.9164 +/- 12.471
     p.d.f value is Not-a-Number (-nan), forcing value to zero @ x=mass2mu_corr_shifted_FFTBuffer2=3.9565, xp=NULL, mean=m=-1.1234 +/- 0.00524291, width=s=1.92166 +/- 0.00873227, alpha1=a1=4.64317 +/- 0.0360636, n1=n1=46.763 +/- 8.19716, alpha2=a2=5.5635e-05 +/- 0.0581581, n2=n2=69.9164 +/- 12.471
     p.d.f value is Not-a-Number (-nan), forcing value to zero @ x=mass2mu_corr_shifted_FFTBuffer2=3.9575, xp=NULL, mean=m=-1.1234 +/- 0.00524291, width=s=1.92166 +/- 0.00873227, alpha1=a1=4.64317 +/- 0.0360636, n1=n1=46.763 +/- 8.19716, alpha2=a2=5.5635e-05 +/- 0.0581581, n2=n2=69.9164 +/- 12.471
     p.d.f value is Not-a-Number (-nan), forcing value to zero @ x=mass2mu_corr_shifted_FFTBuffer2=3.9585, xp=NULL, mean=m=-1.1234 +/- 0.00524291, width=s=1.92166 +/- 0.00873227, alpha1=a1=4.64317 +/- 0.0360636, n1=n1=46.763 +/- 8.19716, alpha2=a2=5.5635e-05 +/- 0.0581581, n2=n2=69.9164 +/- 12.471
     p.d.f value is Not-a-Number (-nan), forcing value to zero @ x=mass2mu_corr_shifted_FFTBuffer2=3.9595, xp=NULL, mean=m=-1.1234 +/- 0.00524291, width=s=1.92166 +/- 0.00873227, alpha1=a1=4.64317 +/- 0.0360636, n1=n1=46.763 +/- 8.19716, alpha2=a2=5.5635e-05 +/- 0.0581581, n2=n2=69.9164 +/- 12.471
     p.d.f value is Not-a-Number (-nan), forcing value to zero @ x=mass2mu_corr_shifted_FFTBuffer2=3.9605, xp=NULL, mean=m=-1.1234 +/- 0.00524291, width=s=1.92166 +/- 0.00873227, alpha1=a1=4.64317 +/- 0.0360636, n1=n1=46.763 +/- 8.19716, alpha2=a2=5.5635e-05 +/- 0.0581581, n2=n2=69.9164 +/- 12.471
     p.d.f value is Not-a-Number (-nan), forcing value to zero @ x=mass2mu_corr_shifted_FFTBuffer2=3.9615, xp=NULL, mean=m=-1.1234 +/- 0.00524291, width=s=1.92166 +/- 0.00873227, alpha1=a1=4.64317 +/- 0.0360636, n1=n1=46.763 +/- 8.19716, alpha2=a2=5.5635e-05 +/- 0.0581581, n2=n2=69.9164 +/- 12.471
     p.d.f value is Not-a-Number (-nan), forcing value to zero @ x=mass2mu_corr_shifted_FFTBuffer2=3.9625, xp=NULL, mean=m=-1.1234 +/- 0.00524291, width=s=1.92166 +/- 0.00873227, alpha1=a1=4.64317 +/- 0.0360636, n1=n1=46.763 +/- 8.19716, alpha2=a2=5.5635e-05 +/- 0.0581581, n2=n2=69.9164 +/- 12.471
     p.d.f value is Not-a-Number (-nan), forcing value to zero @ x=mass2mu_corr_shifted_FFTBuffer2=3.9635, xp=NULL, mean=m=-1.1234 +/- 0.00524291, width=s=1.92166 +/- 0.00873227, alpha1=a1=4.64317 +/- 0.0360636, n1=n1=46.763 +/- 8.19716, alpha2=a2=5.5635e-05 +/- 0.0581581, n2=n2=69.9164 +/- 12.471
    ... (remaining 2038 messages suppressed)

[#1] INFO:Minization -- RooMinimizer::optimizeConst: deactivating const optimization
[#1] INFO:NumericIntegration -- RooRealIntegral::init(dcb_fft_Int[mass2mu_corr]) using numeric integrator RooIntegrator1D to calculate Int(mass2mu_corr)
[#1] INFO:Caching -- RooAbsCachedPdf::getCache(dcbxbw) creating new cache 0x11de8030 with pdf bw_CONV_dcb_CACHE_Obs[mass2mu_corr] for nset (mass2mu_corr) with code 0
[#1] INFO:Caching -- RooAbsCachedPdf::getCache(dcbxbw) creating new cache 0x12046bb0 with pdf bw_CONV_dcb_CACHE_Obs[mass2mu_corr] for nset (mass2mu_corr) with code 0 from preexisting content.
