Reading cached build data
Done: ProjectRename
/pool/condor/dir_22140/CMSSW_10_6_12 is the CMSSW I am using on the local worker node
/pool/condor/dir_22140
2017 mc mass2mu_dm_dt phi neg 0 86.0 96.0 unbinned
mu1_hzzid && mu2_hzzid && (trigger24matching1 || trigger24matching2) && RelIso1 < 0.35 && RelIso2 < 0.35 && Sip1 < 4.0 && Sip2 < 4.0 && pt1_corr > 25 && pt2_corr > 5 && abs(eta1) < 2.4 && abs(eta2) < 2.4 &&mass2mu_dm_dt < 96.0 && mass2mu_dm_dt > 86.0 && ((mu1_q_roc==-1 && phi1 > -3.14159265359&& phi1 < -2.35619449019) ||( mu2_q_roc ==-1 && phi2 > -3.14159265359&& phi2 < -2.35619449019))
unbinned fit
[#1] INFO:Eval -- RooRealVar::setRange(mass2mu_dm_dt) new range named 'refrange_fft_dcbxbw' created with bounds [86,96]
[#1] INFO:NumericIntegration -- RooRealIntegral::init(dcb_fft_Int[mass2mu_dm_dt]) using numeric integrator RooIntegrator1D to calculate Int(mass2mu_dm_dt)
[#1] INFO:Caching -- RooAbsCachedPdf::getCache(dcbxbw) creating new cache 0x12566760 with pdf bw_CONV_dcb_CACHE_Obs[mass2mu_dm_dt] for nset (mass2mu_dm_dt) with code 0
[#1] INFO:Minization -- RooMinimizer::optimizeConst: activating const optimization
[#1] INFO:Caching -- RooAbsCachedPdf::getCache(dcbxbw) creating new cache 0x1337b4d0 with pdf bw_CONV_dcb_CACHE_Obs[mass2mu_dm_dt] for nset (mass2mu_dm_dt) with code 0 from preexisting content.
[#1] INFO:Minization --  The following expressions have been identified as constant and will be precalculated and cached: (bw)
[#1] INFO:Minization --  The following expressions will be evaluated in cache-and-track mode: (dcbxbw,bkg)
[#0] WARNING:Minization -- RooMinimizerFcn: Minimized function has error status.
Returning maximum FCN so far (3.41547e+06) to force MIGRAD to back out of this region. Error log follows
Parameter values: a1=1.06009e-05, a2=25.4233, fsig=0.7099, m=4.61064, n1=54.4122, n2=68.8393, s=0.296275, tau=0.0100848
RooDoubleCB::dcb_fft[ x=mass2mu_dm_dt_shifted_FFTBuffer2 xp=NULL mean=m width=s alpha1=a1 n1=n1 alpha2=a2 n2=n2 ]
     p.d.f value is Not-a-Number (-nan), forcing value to zero @ x=mass2mu_dm_dt_shifted_FFTBuffer2=2.5635, xp=NULL, mean=m=4.61064, width=s=0.296275, alpha1=a1=1.06009e-05, n1=n1=54.4122, alpha2=a2=25.4233, n2=n2=68.8393
     p.d.f value is Not-a-Number (-nan), forcing value to zero @ x=mass2mu_dm_dt_shifted_FFTBuffer2=2.5645, xp=NULL, mean=m=4.61064, width=s=0.296275, alpha1=a1=1.06009e-05, n1=n1=54.4122, alpha2=a2=25.4233, n2=n2=68.8393
     p.d.f value is Not-a-Number (-nan), forcing value to zero @ x=mass2mu_dm_dt_shifted_FFTBuffer2=2.5655, xp=NULL, mean=m=4.61064, width=s=0.296275, alpha1=a1=1.06009e-05, n1=n1=54.4122, alpha2=a2=25.4233, n2=n2=68.8393
     p.d.f value is Not-a-Number (-nan), forcing value to zero @ x=mass2mu_dm_dt_shifted_FFTBuffer2=2.5665, xp=NULL, mean=m=4.61064, width=s=0.296275, alpha1=a1=1.06009e-05, n1=n1=54.4122, alpha2=a2=25.4233, n2=n2=68.8393
     p.d.f value is Not-a-Number (-nan), forcing value to zero @ x=mass2mu_dm_dt_shifted_FFTBuffer2=2.5675, xp=NULL, mean=m=4.61064, width=s=0.296275, alpha1=a1=1.06009e-05, n1=n1=54.4122, alpha2=a2=25.4233, n2=n2=68.8393
     p.d.f value is Not-a-Number (-nan), forcing value to zero @ x=mass2mu_dm_dt_shifted_FFTBuffer2=2.5685, xp=NULL, mean=m=4.61064, width=s=0.296275, alpha1=a1=1.06009e-05, n1=n1=54.4122, alpha2=a2=25.4233, n2=n2=68.8393
     p.d.f value is Not-a-Number (-nan), forcing value to zero @ x=mass2mu_dm_dt_shifted_FFTBuffer2=2.5695, xp=NULL, mean=m=4.61064, width=s=0.296275, alpha1=a1=1.06009e-05, n1=n1=54.4122, alpha2=a2=25.4233, n2=n2=68.8393
     p.d.f value is Not-a-Number (-nan), forcing value to zero @ x=mass2mu_dm_dt_shifted_FFTBuffer2=2.5705, xp=NULL, mean=m=4.61064, width=s=0.296275, alpha1=a1=1.06009e-05, n1=n1=54.4122, alpha2=a2=25.4233, n2=n2=68.8393
     p.d.f value is Not-a-Number (-nan), forcing value to zero @ x=mass2mu_dm_dt_shifted_FFTBuffer2=2.5715, xp=NULL, mean=m=4.61064, width=s=0.296275, alpha1=a1=1.06009e-05, n1=n1=54.4122, alpha2=a2=25.4233, n2=n2=68.8393
     p.d.f value is Not-a-Number (-nan), forcing value to zero @ x=mass2mu_dm_dt_shifted_FFTBuffer2=2.5725, xp=NULL, mean=m=4.61064, width=s=0.296275, alpha1=a1=1.06009e-05, n1=n1=54.4122, alpha2=a2=25.4233, n2=n2=68.8393
     p.d.f value is Not-a-Number (-nan), forcing value to zero @ x=mass2mu_dm_dt_shifted_FFTBuffer2=2.5735, xp=NULL, mean=m=4.61064, width=s=0.296275, alpha1=a1=1.06009e-05, n1=n1=54.4122, alpha2=a2=25.4233, n2=n2=68.8393
     p.d.f value is Not-a-Number (-nan), forcing value to zero @ x=mass2mu_dm_dt_shifted_FFTBuffer2=2.5745, xp=NULL, mean=m=4.61064, width=s=0.296275, alpha1=a1=1.06009e-05, n1=n1=54.4122, alpha2=a2=25.4233, n2=n2=68.8393
    ... (remaining 2038 messages suppressed)

[#1] INFO:Minization -- RooMinimizer::optimizeConst: deactivating const optimization
[#1] INFO:NumericIntegration -- RooRealIntegral::init(dcb_fft_Int[mass2mu_dm_dt]) using numeric integrator RooIntegrator1D to calculate Int(mass2mu_dm_dt)
[#1] INFO:Caching -- RooAbsCachedPdf::getCache(dcbxbw) creating new cache 0x1312e7b0 with pdf bw_CONV_dcb_CACHE_Obs[mass2mu_dm_dt] for nset (mass2mu_dm_dt) with code 0
[#1] INFO:Minization -- RooMinimizer::optimizeConst: activating const optimization
[#1] INFO:Caching -- RooAbsCachedPdf::getCache(dcbxbw) creating new cache 0x13423660 with pdf bw_CONV_dcb_CACHE_Obs[mass2mu_dm_dt] for nset (mass2mu_dm_dt) with code 0 from preexisting content.
[#1] INFO:Minization --  The following expressions have been identified as constant and will be precalculated and cached: (bw)
[#1] INFO:Minization --  The following expressions will be evaluated in cache-and-track mode: (dcbxbw,bkg)
[#1] INFO:Minization -- RooMinimizer::optimizeConst: deactivating const optimization
[#1] INFO:NumericIntegration -- RooRealIntegral::init(dcb_fft_Int[mass2mu_dm_dt]) using numeric integrator RooIntegrator1D to calculate Int(mass2mu_dm_dt)
[#1] INFO:Caching -- RooAbsCachedPdf::getCache(dcbxbw) creating new cache 0x1334f9a0 with pdf bw_CONV_dcb_CACHE_Obs[mass2mu_dm_dt] for nset (mass2mu_dm_dt) with code 0
[#1] INFO:Caching -- RooAbsCachedPdf::getCache(dcbxbw) creating new cache 0x135b6ef0 with pdf bw_CONV_dcb_CACHE_Obs[mass2mu_dm_dt] for nset (mass2mu_dm_dt) with code 0 from preexisting content.
