Reading cached build data
Done: ProjectRename
/pool/condor/dir_42735/CMSSW_10_6_12 is the CMSSW I am using on the local worker node
/pool/condor/dir_42735
2017 mc mass2mu_dm_dt eta pos 7 86.0 96.0 unbinned
mu1_hzzid && mu2_hzzid && (trigger24matching1 || trigger24matching2) && RelIso1 < 0.35 && RelIso2 < 0.35 && Sip1 < 4.0 && Sip2 < 4.0 && pt1_corr > 25 && pt2_corr > 5 && abs(eta1) < 2.4 && abs(eta2) < 2.4 &&mass2mu_dm_dt < 96.0 && mass2mu_dm_dt > 86.0 && ((mu1_q_roc== 1 && eta1 > 1.8&& eta1 < 2.4) ||( mu2_q_roc == 1 && eta2 > 1.8&& eta2 < 2.4))
unbinned fit
[#1] INFO:Eval -- RooRealVar::setRange(mass2mu_dm_dt) new range named 'refrange_fft_dcbxbw' created with bounds [86,96]
[#1] INFO:NumericIntegration -- RooRealIntegral::init(dcb_fft_Int[mass2mu_dm_dt]) using numeric integrator RooIntegrator1D to calculate Int(mass2mu_dm_dt)
[#1] INFO:Caching -- RooAbsCachedPdf::getCache(dcbxbw) creating new cache 0x6e08840 with pdf bw_CONV_dcb_CACHE_Obs[mass2mu_dm_dt] for nset (mass2mu_dm_dt) with code 0
[#1] INFO:Minization -- RooMinimizer::optimizeConst: activating const optimization
[#1] INFO:Caching -- RooAbsCachedPdf::getCache(dcbxbw) creating new cache 0x12dbc950 with pdf bw_CONV_dcb_CACHE_Obs[mass2mu_dm_dt] for nset (mass2mu_dm_dt) with code 0 from preexisting content.
[#1] INFO:Minization --  The following expressions have been identified as constant and will be precalculated and cached: (bw)
[#1] INFO:Minization --  The following expressions will be evaluated in cache-and-track mode: (dcbxbw,bkg)
[#0] WARNING:Integration -- RooIntegrator1D::integral: integral of dcb_fft over range (85,97) did not converge after 20 steps
   [1] h = 1 , s = 1.56024e-10
   [2] h = 0.25 , s = 7.80122e-11
   [3] h = 0.0625 , s = 3.90061e-11
   [4] h = 0.015625 , s = 0.00543769
   [5] h = 0.00390625 , s = 0.0027189
   [6] h = 0.000976562 , s = 0.229668
   [7] h = 0.000244141 , s = 0.131201
   [8] h = 6.10352e-05 , s = 0.1803
   [9] h = 1.52588e-05 , s = 0.203969
   [10] h = 3.8147e-06 , s = 0.192217
   [11] h = 9.53674e-07 , s = 0.198079
   [12] h = 2.38419e-07 , s = 0.195149
   [13] h = 5.96046e-08 , s = 0.193684
   [14] h = 1.49012e-08 , s = 0.194416
   [15] h = 3.72529e-09 , s = 0.19405
   [16] h = 9.31323e-10 , s = 0.193867
   [17] h = 2.32831e-10 , s = 0.193958
   [18] h = 5.82077e-11 , s = 0.193913
   [19] h = 1.45519e-11 , s = 0.193935
   [20] h = 3.63798e-12 , s = 0.193924
[#0] WARNING:Minization -- RooMinimizerFcn: Minimized function has error status.
Returning maximum FCN so far (2.37355e+06) to force MIGRAD to back out of this region. Error log follows
Parameter values: a1=2.80637, a2=0.000358003, fsig=0.931064, m=-3.97101, n1=30.9044, n2=67.0848, s=0.154569, tau=0.0985343
RooDoubleCB::dcb_fft[ x=mass2mu_dm_dt_shifted_FFTBuffer2 xp=NULL mean=m width=s alpha1=a1 n1=n1 alpha2=a2 n2=n2 ]
     p.d.f value is Not-a-Number (-nan), forcing value to zero @ x=mass2mu_dm_dt_shifted_FFTBuffer2=3.9525, xp=NULL, mean=m=-3.97101, width=s=0.154569, alpha1=a1=2.80637, n1=n1=30.9044, alpha2=a2=0.000358003, n2=n2=67.0848
     p.d.f value is Not-a-Number (-nan), forcing value to zero @ x=mass2mu_dm_dt_shifted_FFTBuffer2=3.9535, xp=NULL, mean=m=-3.97101, width=s=0.154569, alpha1=a1=2.80637, n1=n1=30.9044, alpha2=a2=0.000358003, n2=n2=67.0848
     p.d.f value is Not-a-Number (-nan), forcing value to zero @ x=mass2mu_dm_dt_shifted_FFTBuffer2=3.9545, xp=NULL, mean=m=-3.97101, width=s=0.154569, alpha1=a1=2.80637, n1=n1=30.9044, alpha2=a2=0.000358003, n2=n2=67.0848
     p.d.f value is Not-a-Number (-nan), forcing value to zero @ x=mass2mu_dm_dt_shifted_FFTBuffer2=3.9555, xp=NULL, mean=m=-3.97101, width=s=0.154569, alpha1=a1=2.80637, n1=n1=30.9044, alpha2=a2=0.000358003, n2=n2=67.0848
     p.d.f value is Not-a-Number (-nan), forcing value to zero @ x=mass2mu_dm_dt_shifted_FFTBuffer2=3.9565, xp=NULL, mean=m=-3.97101, width=s=0.154569, alpha1=a1=2.80637, n1=n1=30.9044, alpha2=a2=0.000358003, n2=n2=67.0848
     p.d.f value is Not-a-Number (-nan), forcing value to zero @ x=mass2mu_dm_dt_shifted_FFTBuffer2=3.9575, xp=NULL, mean=m=-3.97101, width=s=0.154569, alpha1=a1=2.80637, n1=n1=30.9044, alpha2=a2=0.000358003, n2=n2=67.0848
     p.d.f value is Not-a-Number (-nan), forcing value to zero @ x=mass2mu_dm_dt_shifted_FFTBuffer2=3.9585, xp=NULL, mean=m=-3.97101, width=s=0.154569, alpha1=a1=2.80637, n1=n1=30.9044, alpha2=a2=0.000358003, n2=n2=67.0848
     p.d.f value is Not-a-Number (-nan), forcing value to zero @ x=mass2mu_dm_dt_shifted_FFTBuffer2=3.9595, xp=NULL, mean=m=-3.97101, width=s=0.154569, alpha1=a1=2.80637, n1=n1=30.9044, alpha2=a2=0.000358003, n2=n2=67.0848
     p.d.f value is Not-a-Number (-nan), forcing value to zero @ x=mass2mu_dm_dt_shifted_FFTBuffer2=3.9605, xp=NULL, mean=m=-3.97101, width=s=0.154569, alpha1=a1=2.80637, n1=n1=30.9044, alpha2=a2=0.000358003, n2=n2=67.0848
     p.d.f value is Not-a-Number (-nan), forcing value to zero @ x=mass2mu_dm_dt_shifted_FFTBuffer2=3.9615, xp=NULL, mean=m=-3.97101, width=s=0.154569, alpha1=a1=2.80637, n1=n1=30.9044, alpha2=a2=0.000358003, n2=n2=67.0848
     p.d.f value is Not-a-Number (-nan), forcing value to zero @ x=mass2mu_dm_dt_shifted_FFTBuffer2=3.9625, xp=NULL, mean=m=-3.97101, width=s=0.154569, alpha1=a1=2.80637, n1=n1=30.9044, alpha2=a2=0.000358003, n2=n2=67.0848
     p.d.f value is Not-a-Number (-nan), forcing value to zero @ x=mass2mu_dm_dt_shifted_FFTBuffer2=3.9635, xp=NULL, mean=m=-3.97101, width=s=0.154569, alpha1=a1=2.80637, n1=n1=30.9044, alpha2=a2=0.000358003, n2=n2=67.0848
    ... (remaining 2038 messages suppressed)

[#1] INFO:Minization -- RooMinimizer::optimizeConst: deactivating const optimization
[#1] INFO:NumericIntegration -- RooRealIntegral::init(dcb_fft_Int[mass2mu_dm_dt]) using numeric integrator RooIntegrator1D to calculate Int(mass2mu_dm_dt)
[#1] INFO:Caching -- RooAbsCachedPdf::getCache(dcbxbw) creating new cache 0x12be9990 with pdf bw_CONV_dcb_CACHE_Obs[mass2mu_dm_dt] for nset (mass2mu_dm_dt) with code 0
[#1] INFO:Minization -- RooMinimizer::optimizeConst: activating const optimization
[#1] INFO:Caching -- RooAbsCachedPdf::getCache(dcbxbw) creating new cache 0x12c34b30 with pdf bw_CONV_dcb_CACHE_Obs[mass2mu_dm_dt] for nset (mass2mu_dm_dt) with code 0 from preexisting content.
[#1] INFO:Minization --  The following expressions have been identified as constant and will be precalculated and cached: (bw)
[#1] INFO:Minization --  The following expressions will be evaluated in cache-and-track mode: (dcbxbw,bkg)
[#1] INFO:Minization -- RooMinimizer::optimizeConst: deactivating const optimization
[#1] INFO:NumericIntegration -- RooRealIntegral::init(dcb_fft_Int[mass2mu_dm_dt]) using numeric integrator RooIntegrator1D to calculate Int(mass2mu_dm_dt)
[#1] INFO:Caching -- RooAbsCachedPdf::getCache(dcbxbw) creating new cache 0x12cac6b0 with pdf bw_CONV_dcb_CACHE_Obs[mass2mu_dm_dt] for nset (mass2mu_dm_dt) with code 0
[#1] INFO:Caching -- RooAbsCachedPdf::getCache(dcbxbw) creating new cache 0x81fd130 with pdf bw_CONV_dcb_CACHE_Obs[mass2mu_dm_dt] for nset (mass2mu_dm_dt) with code 0 from preexisting content.
