Reading cached build data
Done: ProjectRename
/pool/condor/dir_65135/CMSSW_10_6_12 is the CMSSW I am using on the local worker node
/pool/condor/dir_65135
2018 mc mass2mu_corr phi neg 7 86.0 96.0 unbinned
mu1_hzzid && mu2_hzzid && (trigger24matching1 || trigger24matching2) && RelIso1 < 0.35 && RelIso2 < 0.35 && Sip1 < 4.0 && Sip2 < 4.0 && pt1_corr > 25 && pt2_corr > 5 && abs(eta1) < 2.4 && abs(eta2) < 2.4 &&mass2mu_corr < 96.0 && mass2mu_corr > 86.0 && ((mu1_q_roc==-1 && phi1 > 2.35619449019&& phi1 < 3.14159265359) ||( mu2_q_roc ==-1 && phi2 > 2.35619449019&& phi2 < 3.14159265359))
unbinned fit
[#1] INFO:Eval -- RooRealVar::setRange(mass2mu_corr) new range named 'refrange_fft_dcbxbw' created with bounds [86,96]
[#1] INFO:NumericIntegration -- RooRealIntegral::init(dcb_fft_Int[mass2mu_corr]) using numeric integrator RooIntegrator1D to calculate Int(mass2mu_corr)
[#1] INFO:Caching -- RooAbsCachedPdf::getCache(dcbxbw) creating new cache 0x11cd0bd0 with pdf bw_CONV_dcb_CACHE_Obs[mass2mu_corr] for nset (mass2mu_corr) with code 0
[#1] INFO:Minization -- RooMinimizer::optimizeConst: activating const optimization
[#1] INFO:Caching -- RooAbsCachedPdf::getCache(dcbxbw) creating new cache 0x12b50680 with pdf bw_CONV_dcb_CACHE_Obs[mass2mu_corr] for nset (mass2mu_corr) with code 0 from preexisting content.
[#1] INFO:Minization --  The following expressions have been identified as constant and will be precalculated and cached: (bw)
[#1] INFO:Minization --  The following expressions will be evaluated in cache-and-track mode: (dcbxbw,bkg)
[#0] WARNING:Minization -- RooMinimizerFcn: Minimized function has error status.
Returning maximum FCN so far (3.7559e+06) to force MIGRAD to back out of this region. Error log follows
Parameter values: a1=1.16821e-06, a2=49.7732, fsig=0.702017, m=1.96035, n1=69.079, n2=58.7059, s=2.58987, tau=-0.883872
RooDoubleCB::dcb_fft[ x=mass2mu_corr_shifted_FFTBuffer2 xp=NULL mean=m width=s alpha1=a1 n1=n1 alpha2=a2 n2=n2 ]
     p.d.f value is Not-a-Number (-nan), forcing value to zero @ x=mass2mu_corr_shifted_FFTBuffer2=-0.0875, xp=NULL, mean=m=1.96035, width=s=2.58987, alpha1=a1=1.16821e-06, n1=n1=69.079, alpha2=a2=49.7732, n2=n2=58.7059
     p.d.f value is Not-a-Number (-nan), forcing value to zero @ x=mass2mu_corr_shifted_FFTBuffer2=-0.0865, xp=NULL, mean=m=1.96035, width=s=2.58987, alpha1=a1=1.16821e-06, n1=n1=69.079, alpha2=a2=49.7732, n2=n2=58.7059
     p.d.f value is Not-a-Number (-nan), forcing value to zero @ x=mass2mu_corr_shifted_FFTBuffer2=-0.0855, xp=NULL, mean=m=1.96035, width=s=2.58987, alpha1=a1=1.16821e-06, n1=n1=69.079, alpha2=a2=49.7732, n2=n2=58.7059
     p.d.f value is Not-a-Number (-nan), forcing value to zero @ x=mass2mu_corr_shifted_FFTBuffer2=-0.0845, xp=NULL, mean=m=1.96035, width=s=2.58987, alpha1=a1=1.16821e-06, n1=n1=69.079, alpha2=a2=49.7732, n2=n2=58.7059
     p.d.f value is Not-a-Number (-nan), forcing value to zero @ x=mass2mu_corr_shifted_FFTBuffer2=-0.0835, xp=NULL, mean=m=1.96035, width=s=2.58987, alpha1=a1=1.16821e-06, n1=n1=69.079, alpha2=a2=49.7732, n2=n2=58.7059
     p.d.f value is Not-a-Number (-nan), forcing value to zero @ x=mass2mu_corr_shifted_FFTBuffer2=-0.0825, xp=NULL, mean=m=1.96035, width=s=2.58987, alpha1=a1=1.16821e-06, n1=n1=69.079, alpha2=a2=49.7732, n2=n2=58.7059
     p.d.f value is Not-a-Number (-nan), forcing value to zero @ x=mass2mu_corr_shifted_FFTBuffer2=-0.0815, xp=NULL, mean=m=1.96035, width=s=2.58987, alpha1=a1=1.16821e-06, n1=n1=69.079, alpha2=a2=49.7732, n2=n2=58.7059
     p.d.f value is Not-a-Number (-nan), forcing value to zero @ x=mass2mu_corr_shifted_FFTBuffer2=-0.0805, xp=NULL, mean=m=1.96035, width=s=2.58987, alpha1=a1=1.16821e-06, n1=n1=69.079, alpha2=a2=49.7732, n2=n2=58.7059
     p.d.f value is Not-a-Number (-nan), forcing value to zero @ x=mass2mu_corr_shifted_FFTBuffer2=-0.0795, xp=NULL, mean=m=1.96035, width=s=2.58987, alpha1=a1=1.16821e-06, n1=n1=69.079, alpha2=a2=49.7732, n2=n2=58.7059
     p.d.f value is Not-a-Number (-nan), forcing value to zero @ x=mass2mu_corr_shifted_FFTBuffer2=-0.0785, xp=NULL, mean=m=1.96035, width=s=2.58987, alpha1=a1=1.16821e-06, n1=n1=69.079, alpha2=a2=49.7732, n2=n2=58.7059
     p.d.f value is Not-a-Number (-nan), forcing value to zero @ x=mass2mu_corr_shifted_FFTBuffer2=-0.0775, xp=NULL, mean=m=1.96035, width=s=2.58987, alpha1=a1=1.16821e-06, n1=n1=69.079, alpha2=a2=49.7732, n2=n2=58.7059
     p.d.f value is Not-a-Number (-nan), forcing value to zero @ x=mass2mu_corr_shifted_FFTBuffer2=-0.0765, xp=NULL, mean=m=1.96035, width=s=2.58987, alpha1=a1=1.16821e-06, n1=n1=69.079, alpha2=a2=49.7732, n2=n2=58.7059
    ... (remaining 2038 messages suppressed)

[#1] INFO:Minization -- RooMinimizer::optimizeConst: deactivating const optimization
[#1] INFO:NumericIntegration -- RooRealIntegral::init(dcb_fft_Int[mass2mu_corr]) using numeric integrator RooIntegrator1D to calculate Int(mass2mu_corr)
[#1] INFO:Caching -- RooAbsCachedPdf::getCache(dcbxbw) creating new cache 0x129091d0 with pdf bw_CONV_dcb_CACHE_Obs[mass2mu_corr] for nset (mass2mu_corr) with code 0
[#1] INFO:Minization -- RooMinimizer::optimizeConst: activating const optimization
[#1] INFO:Caching -- RooAbsCachedPdf::getCache(dcbxbw) creating new cache 0x12c04b10 with pdf bw_CONV_dcb_CACHE_Obs[mass2mu_corr] for nset (mass2mu_corr) with code 0 from preexisting content.
[#1] INFO:Minization --  The following expressions have been identified as constant and will be precalculated and cached: (bw)
[#1] INFO:Minization --  The following expressions will be evaluated in cache-and-track mode: (dcbxbw,bkg)
[#1] INFO:Minization -- RooMinimizer::optimizeConst: deactivating const optimization
[#1] INFO:NumericIntegration -- RooRealIntegral::init(dcb_fft_Int[mass2mu_corr]) using numeric integrator RooIntegrator1D to calculate Int(mass2mu_corr)
[#1] INFO:Caching -- RooAbsCachedPdf::getCache(dcbxbw) creating new cache 0x12a40d30 with pdf bw_CONV_dcb_CACHE_Obs[mass2mu_corr] for nset (mass2mu_corr) with code 0
[#1] INFO:Caching -- RooAbsCachedPdf::getCache(dcbxbw) creating new cache 0x12af9090 with pdf bw_CONV_dcb_CACHE_Obs[mass2mu_corr] for nset (mass2mu_corr) with code 0 from preexisting content.
