Reading cached build data
Done: ProjectRename
/pool/condor/dir_46963/CMSSW_10_6_12 is the CMSSW I am using on the local worker node
/pool/condor/dir_46963
2016a data mass2mu_corr phi pos 0 86.0 96.0 unbinned
mu1_hzzid && mu2_hzzid && (trigger24matching1 || trigger24matching2) && RelIso1 < 0.35 && RelIso2 < 0.35 && Sip1 < 4.0 && Sip2 < 4.0 && pt1_corr > 25 && pt2_corr > 5 && abs(eta1) < 2.4 && abs(eta2) < 2.4 &&mass2mu_corr < 96.0 && mass2mu_corr > 86.0 && ((mu1_q_roc== 1 && phi1 > -3.14159265359&& phi1 < -2.35619449019) ||( mu2_q_roc == 1 && phi2 > -3.14159265359&& phi2 < -2.35619449019))
unbinned fit
[#1] INFO:Eval -- RooRealVar::setRange(mass2mu_corr) new range named 'refrange_fft_dcbxbw' created with bounds [86,96]
[#1] INFO:NumericIntegration -- RooRealIntegral::init(dcb_fft_Int[mass2mu_corr]) using numeric integrator RooIntegrator1D to calculate Int(mass2mu_corr)
[#1] INFO:Caching -- RooAbsCachedPdf::getCache(dcbxbw) creating new cache 0x11b987f0 with pdf bw_CONV_dcb_CACHE_Obs[mass2mu_corr] for nset (mass2mu_corr) with code 0
[#1] INFO:Minization -- RooMinimizer::optimizeConst: activating const optimization
[#1] INFO:Caching -- RooAbsCachedPdf::getCache(dcbxbw) creating new cache 0x10a5afb0 with pdf bw_CONV_dcb_CACHE_Obs[mass2mu_corr] for nset (mass2mu_corr) with code 0 from preexisting content.
[#1] INFO:Minization --  The following expressions have been identified as constant and will be precalculated and cached: (bw)
[#1] INFO:Minization --  The following expressions will be evaluated in cache-and-track mode: (dcbxbw,bkg)
[#0] WARNING:Minization -- RooMinimizerFcn: Minimized function has error status.
Returning maximum FCN so far (3.33377e+06) to force MIGRAD to back out of this region. Error log follows
Parameter values: a1=0.000253049, a2=38.1896, fsig=0.596093, m=-2.05049, n1=63.1019, n2=68.1059, s=6.53622, tau=0.176192
RooDoubleCB::dcb_fft[ x=mass2mu_corr_shifted_FFTBuffer2 xp=NULL mean=m width=s alpha1=a1 n1=n1 alpha2=a2 n2=n2 ]
     p.d.f value is Not-a-Number (-nan), forcing value to zero @ x=mass2mu_corr_shifted_FFTBuffer2=-4.0995, xp=NULL, mean=m=-2.05049, width=s=6.53622, alpha1=a1=0.000253049, n1=n1=63.1019, alpha2=a2=38.1896, n2=n2=68.1059
     p.d.f value is Not-a-Number (-nan), forcing value to zero @ x=mass2mu_corr_shifted_FFTBuffer2=-4.0985, xp=NULL, mean=m=-2.05049, width=s=6.53622, alpha1=a1=0.000253049, n1=n1=63.1019, alpha2=a2=38.1896, n2=n2=68.1059
     p.d.f value is Not-a-Number (-nan), forcing value to zero @ x=mass2mu_corr_shifted_FFTBuffer2=-4.0975, xp=NULL, mean=m=-2.05049, width=s=6.53622, alpha1=a1=0.000253049, n1=n1=63.1019, alpha2=a2=38.1896, n2=n2=68.1059
     p.d.f value is Not-a-Number (-nan), forcing value to zero @ x=mass2mu_corr_shifted_FFTBuffer2=-4.0965, xp=NULL, mean=m=-2.05049, width=s=6.53622, alpha1=a1=0.000253049, n1=n1=63.1019, alpha2=a2=38.1896, n2=n2=68.1059
     p.d.f value is Not-a-Number (-nan), forcing value to zero @ x=mass2mu_corr_shifted_FFTBuffer2=-4.0955, xp=NULL, mean=m=-2.05049, width=s=6.53622, alpha1=a1=0.000253049, n1=n1=63.1019, alpha2=a2=38.1896, n2=n2=68.1059
     p.d.f value is Not-a-Number (-nan), forcing value to zero @ x=mass2mu_corr_shifted_FFTBuffer2=-4.0945, xp=NULL, mean=m=-2.05049, width=s=6.53622, alpha1=a1=0.000253049, n1=n1=63.1019, alpha2=a2=38.1896, n2=n2=68.1059
     p.d.f value is Not-a-Number (-nan), forcing value to zero @ x=mass2mu_corr_shifted_FFTBuffer2=-4.0935, xp=NULL, mean=m=-2.05049, width=s=6.53622, alpha1=a1=0.000253049, n1=n1=63.1019, alpha2=a2=38.1896, n2=n2=68.1059
     p.d.f value is Not-a-Number (-nan), forcing value to zero @ x=mass2mu_corr_shifted_FFTBuffer2=-4.0925, xp=NULL, mean=m=-2.05049, width=s=6.53622, alpha1=a1=0.000253049, n1=n1=63.1019, alpha2=a2=38.1896, n2=n2=68.1059
     p.d.f value is Not-a-Number (-nan), forcing value to zero @ x=mass2mu_corr_shifted_FFTBuffer2=-4.0915, xp=NULL, mean=m=-2.05049, width=s=6.53622, alpha1=a1=0.000253049, n1=n1=63.1019, alpha2=a2=38.1896, n2=n2=68.1059
     p.d.f value is Not-a-Number (-nan), forcing value to zero @ x=mass2mu_corr_shifted_FFTBuffer2=-4.0905, xp=NULL, mean=m=-2.05049, width=s=6.53622, alpha1=a1=0.000253049, n1=n1=63.1019, alpha2=a2=38.1896, n2=n2=68.1059
     p.d.f value is Not-a-Number (-nan), forcing value to zero @ x=mass2mu_corr_shifted_FFTBuffer2=-4.0895, xp=NULL, mean=m=-2.05049, width=s=6.53622, alpha1=a1=0.000253049, n1=n1=63.1019, alpha2=a2=38.1896, n2=n2=68.1059
     p.d.f value is Not-a-Number (-nan), forcing value to zero @ x=mass2mu_corr_shifted_FFTBuffer2=-4.0885, xp=NULL, mean=m=-2.05049, width=s=6.53622, alpha1=a1=0.000253049, n1=n1=63.1019, alpha2=a2=38.1896, n2=n2=68.1059
    ... (remaining 2038 messages suppressed)

[#0] WARNING:Minization -- RooMinimizerFcn: Minimized function has error status.
Returning maximum FCN so far (3.58185e+06) to force MIGRAD to back out of this region. Error log follows
Parameter values: a1=9.4607e-05, a2=27.8364, fsig=0.500659, m=-1.20846, n1=62.6455, n2=68.2263, s=5.553, tau=0.887998
RooDoubleCB::dcb_fft[ x=mass2mu_corr_shifted_FFTBuffer2 xp=NULL mean=m width=s alpha1=a1 n1=n1 alpha2=a2 n2=n2 ]
     p.d.f value is Not-a-Number (-nan), forcing value to zero @ x=mass2mu_corr_shifted_FFTBuffer2=-3.2565, xp=NULL, mean=m=-1.20846, width=s=5.553, alpha1=a1=9.4607e-05, n1=n1=62.6455, alpha2=a2=27.8364, n2=n2=68.2263
     p.d.f value is Not-a-Number (-nan), forcing value to zero @ x=mass2mu_corr_shifted_FFTBuffer2=-3.2555, xp=NULL, mean=m=-1.20846, width=s=5.553, alpha1=a1=9.4607e-05, n1=n1=62.6455, alpha2=a2=27.8364, n2=n2=68.2263
     p.d.f value is Not-a-Number (-nan), forcing value to zero @ x=mass2mu_corr_shifted_FFTBuffer2=-3.2545, xp=NULL, mean=m=-1.20846, width=s=5.553, alpha1=a1=9.4607e-05, n1=n1=62.6455, alpha2=a2=27.8364, n2=n2=68.2263
     p.d.f value is Not-a-Number (-nan), forcing value to zero @ x=mass2mu_corr_shifted_FFTBuffer2=-3.2535, xp=NULL, mean=m=-1.20846, width=s=5.553, alpha1=a1=9.4607e-05, n1=n1=62.6455, alpha2=a2=27.8364, n2=n2=68.2263
     p.d.f value is Not-a-Number (-nan), forcing value to zero @ x=mass2mu_corr_shifted_FFTBuffer2=-3.2525, xp=NULL, mean=m=-1.20846, width=s=5.553, alpha1=a1=9.4607e-05, n1=n1=62.6455, alpha2=a2=27.8364, n2=n2=68.2263
     p.d.f value is Not-a-Number (-nan), forcing value to zero @ x=mass2mu_corr_shifted_FFTBuffer2=-3.2515, xp=NULL, mean=m=-1.20846, width=s=5.553, alpha1=a1=9.4607e-05, n1=n1=62.6455, alpha2=a2=27.8364, n2=n2=68.2263
     p.d.f value is Not-a-Number (-nan), forcing value to zero @ x=mass2mu_corr_shifted_FFTBuffer2=-3.2505, xp=NULL, mean=m=-1.20846, width=s=5.553, alpha1=a1=9.4607e-05, n1=n1=62.6455, alpha2=a2=27.8364, n2=n2=68.2263
     p.d.f value is Not-a-Number (-nan), forcing value to zero @ x=mass2mu_corr_shifted_FFTBuffer2=-3.2495, xp=NULL, mean=m=-1.20846, width=s=5.553, alpha1=a1=9.4607e-05, n1=n1=62.6455, alpha2=a2=27.8364, n2=n2=68.2263
     p.d.f value is Not-a-Number (-nan), forcing value to zero @ x=mass2mu_corr_shifted_FFTBuffer2=-3.2485, xp=NULL, mean=m=-1.20846, width=s=5.553, alpha1=a1=9.4607e-05, n1=n1=62.6455, alpha2=a2=27.8364, n2=n2=68.2263
     p.d.f value is Not-a-Number (-nan), forcing value to zero @ x=mass2mu_corr_shifted_FFTBuffer2=-3.2475, xp=NULL, mean=m=-1.20846, width=s=5.553, alpha1=a1=9.4607e-05, n1=n1=62.6455, alpha2=a2=27.8364, n2=n2=68.2263
     p.d.f value is Not-a-Number (-nan), forcing value to zero @ x=mass2mu_corr_shifted_FFTBuffer2=-3.2465, xp=NULL, mean=m=-1.20846, width=s=5.553, alpha1=a1=9.4607e-05, n1=n1=62.6455, alpha2=a2=27.8364, n2=n2=68.2263
     p.d.f value is Not-a-Number (-nan), forcing value to zero @ x=mass2mu_corr_shifted_FFTBuffer2=-3.2455, xp=NULL, mean=m=-1.20846, width=s=5.553, alpha1=a1=9.4607e-05, n1=n1=62.6455, alpha2=a2=27.8364, n2=n2=68.2263
    ... (remaining 2038 messages suppressed)

[#1] INFO:Minization -- RooMinimizer::optimizeConst: deactivating const optimization
[#1] INFO:NumericIntegration -- RooRealIntegral::init(dcb_fft_Int[mass2mu_corr]) using numeric integrator RooIntegrator1D to calculate Int(mass2mu_corr)
[#1] INFO:Caching -- RooAbsCachedPdf::getCache(dcbxbw) creating new cache 0x11c738e0 with pdf bw_CONV_dcb_CACHE_Obs[mass2mu_corr] for nset (mass2mu_corr) with code 0
[#1] INFO:Minization -- RooMinimizer::optimizeConst: activating const optimization
[#1] INFO:Caching -- RooAbsCachedPdf::getCache(dcbxbw) creating new cache 0x127b47e0 with pdf bw_CONV_dcb_CACHE_Obs[mass2mu_corr] for nset (mass2mu_corr) with code 0 from preexisting content.
[#1] INFO:Minization --  The following expressions have been identified as constant and will be precalculated and cached: (bw)
[#1] INFO:Minization --  The following expressions will be evaluated in cache-and-track mode: (dcbxbw,bkg)
[#1] INFO:Minization -- RooMinimizer::optimizeConst: deactivating const optimization
[#1] INFO:NumericIntegration -- RooRealIntegral::init(dcb_fft_Int[mass2mu_corr]) using numeric integrator RooIntegrator1D to calculate Int(mass2mu_corr)
[#1] INFO:Caching -- RooAbsCachedPdf::getCache(dcbxbw) creating new cache 0x12868cf0 with pdf bw_CONV_dcb_CACHE_Obs[mass2mu_corr] for nset (mass2mu_corr) with code 0
[#1] INFO:Caching -- RooAbsCachedPdf::getCache(dcbxbw) creating new cache 0x129d6160 with pdf bw_CONV_dcb_CACHE_Obs[mass2mu_corr] for nset (mass2mu_corr) with code 0 from preexisting content.
