Reading cached build data
Done: ProjectRename
/pool/condor/dir_8893/CMSSW_10_6_12 is the CMSSW I am using on the local worker node
/pool/condor/dir_8893
2018 data mass2mu_ewk2 eta neg 6 86.0 96.0 unbinned
mu1_hzzid && mu2_hzzid && (trigger24matching1 || trigger24matching2) && RelIso1 < 0.35 && RelIso2 < 0.35 && Sip1 < 4.0 && Sip2 < 4.0 && pt1_corr > 25 && pt2_corr > 5 && abs(eta1) < 2.4 && abs(eta2) < 2.4 &&mass2mu_ewk2 < 96.0 && mass2mu_ewk2 > 86.0 && ((mu1_q_roc==-1 && eta1 > 1.2&& eta1 < 1.8) ||( mu2_q_roc ==-1 && eta2 > 1.2&& eta2 < 1.8))
unbinned fit
[#1] INFO:Eval -- RooRealVar::setRange(mass2mu_ewk2) new range named 'refrange_fft_dcbxbw' created with bounds [86,96]
[#1] INFO:NumericIntegration -- RooRealIntegral::init(dcb_fft_Int[mass2mu_ewk2]) using numeric integrator RooIntegrator1D to calculate Int(mass2mu_ewk2)
[#1] INFO:Caching -- RooAbsCachedPdf::getCache(dcbxbw) creating new cache 0x74fbd70 with pdf bw_CONV_dcb_CACHE_Obs[mass2mu_ewk2] for nset (mass2mu_ewk2) with code 0
[#1] INFO:Minization -- RooMinimizer::optimizeConst: activating const optimization
[#1] INFO:Caching -- RooAbsCachedPdf::getCache(dcbxbw) creating new cache 0x13092ba0 with pdf bw_CONV_dcb_CACHE_Obs[mass2mu_ewk2] for nset (mass2mu_ewk2) with code 0 from preexisting content.
[#1] INFO:Minization --  The following expressions have been identified as constant and will be precalculated and cached: (bw)
[#1] INFO:Minization --  The following expressions will be evaluated in cache-and-track mode: (dcbxbw,bkg)
[#0] WARNING:Minization -- RooMinimizerFcn: Minimized function has error status.
Returning maximum FCN so far (1.07294e+07) to force MIGRAD to back out of this region. Error log follows
Parameter values: a1=0.000579078, a2=5.64362, fsig=0.673096, m=-3.73263, n1=66.5526, n2=57.682, s=0.0295108, tau=-0.14853
RooDoubleCB::dcb_fft[ x=mass2mu_ewk2_shifted_FFTBuffer2 xp=NULL mean=m width=s alpha1=a1 n1=n1 alpha2=a2 n2=n2 ]
     p.d.f value is Not-a-Number (-nan), forcing value to zero @ x=mass2mu_ewk2_shifted_FFTBuffer2=-5.7805, xp=NULL, mean=m=-3.73263, width=s=0.0295108, alpha1=a1=0.000579078, n1=n1=66.5526, alpha2=a2=5.64362, n2=n2=57.682
     p.d.f value is Not-a-Number (-nan), forcing value to zero @ x=mass2mu_ewk2_shifted_FFTBuffer2=-5.7795, xp=NULL, mean=m=-3.73263, width=s=0.0295108, alpha1=a1=0.000579078, n1=n1=66.5526, alpha2=a2=5.64362, n2=n2=57.682
     p.d.f value is Not-a-Number (-nan), forcing value to zero @ x=mass2mu_ewk2_shifted_FFTBuffer2=-5.7785, xp=NULL, mean=m=-3.73263, width=s=0.0295108, alpha1=a1=0.000579078, n1=n1=66.5526, alpha2=a2=5.64362, n2=n2=57.682
     p.d.f value is Not-a-Number (-nan), forcing value to zero @ x=mass2mu_ewk2_shifted_FFTBuffer2=-5.7775, xp=NULL, mean=m=-3.73263, width=s=0.0295108, alpha1=a1=0.000579078, n1=n1=66.5526, alpha2=a2=5.64362, n2=n2=57.682
     p.d.f value is Not-a-Number (-nan), forcing value to zero @ x=mass2mu_ewk2_shifted_FFTBuffer2=-5.7765, xp=NULL, mean=m=-3.73263, width=s=0.0295108, alpha1=a1=0.000579078, n1=n1=66.5526, alpha2=a2=5.64362, n2=n2=57.682
     p.d.f value is Not-a-Number (-nan), forcing value to zero @ x=mass2mu_ewk2_shifted_FFTBuffer2=-5.7755, xp=NULL, mean=m=-3.73263, width=s=0.0295108, alpha1=a1=0.000579078, n1=n1=66.5526, alpha2=a2=5.64362, n2=n2=57.682
     p.d.f value is Not-a-Number (-nan), forcing value to zero @ x=mass2mu_ewk2_shifted_FFTBuffer2=-5.7745, xp=NULL, mean=m=-3.73263, width=s=0.0295108, alpha1=a1=0.000579078, n1=n1=66.5526, alpha2=a2=5.64362, n2=n2=57.682
     p.d.f value is Not-a-Number (-nan), forcing value to zero @ x=mass2mu_ewk2_shifted_FFTBuffer2=-5.7735, xp=NULL, mean=m=-3.73263, width=s=0.0295108, alpha1=a1=0.000579078, n1=n1=66.5526, alpha2=a2=5.64362, n2=n2=57.682
     p.d.f value is Not-a-Number (-nan), forcing value to zero @ x=mass2mu_ewk2_shifted_FFTBuffer2=-5.7725, xp=NULL, mean=m=-3.73263, width=s=0.0295108, alpha1=a1=0.000579078, n1=n1=66.5526, alpha2=a2=5.64362, n2=n2=57.682
     p.d.f value is Not-a-Number (-nan), forcing value to zero @ x=mass2mu_ewk2_shifted_FFTBuffer2=-5.7715, xp=NULL, mean=m=-3.73263, width=s=0.0295108, alpha1=a1=0.000579078, n1=n1=66.5526, alpha2=a2=5.64362, n2=n2=57.682
     p.d.f value is Not-a-Number (-nan), forcing value to zero @ x=mass2mu_ewk2_shifted_FFTBuffer2=-5.7705, xp=NULL, mean=m=-3.73263, width=s=0.0295108, alpha1=a1=0.000579078, n1=n1=66.5526, alpha2=a2=5.64362, n2=n2=57.682
     p.d.f value is Not-a-Number (-nan), forcing value to zero @ x=mass2mu_ewk2_shifted_FFTBuffer2=-5.7695, xp=NULL, mean=m=-3.73263, width=s=0.0295108, alpha1=a1=0.000579078, n1=n1=66.5526, alpha2=a2=5.64362, n2=n2=57.682
    ... (remaining 2038 messages suppressed)

[#1] INFO:Minization -- RooMinimizer::optimizeConst: deactivating const optimization
[#1] INFO:NumericIntegration -- RooRealIntegral::init(dcb_fft_Int[mass2mu_ewk2]) using numeric integrator RooIntegrator1D to calculate Int(mass2mu_ewk2)
[#1] INFO:Caching -- RooAbsCachedPdf::getCache(dcbxbw) creating new cache 0x74f7f70 with pdf bw_CONV_dcb_CACHE_Obs[mass2mu_ewk2] for nset (mass2mu_ewk2) with code 0
[#1] INFO:Minization -- RooMinimizer::optimizeConst: activating const optimization
[#1] INFO:Caching -- RooAbsCachedPdf::getCache(dcbxbw) creating new cache 0x131dba50 with pdf bw_CONV_dcb_CACHE_Obs[mass2mu_ewk2] for nset (mass2mu_ewk2) with code 0 from preexisting content.
[#1] INFO:Minization --  The following expressions have been identified as constant and will be precalculated and cached: (bw)
[#1] INFO:Minization --  The following expressions will be evaluated in cache-and-track mode: (dcbxbw,bkg)
[#1] INFO:Minization -- RooMinimizer::optimizeConst: deactivating const optimization
[#1] INFO:NumericIntegration -- RooRealIntegral::init(dcb_fft_Int[mass2mu_ewk2]) using numeric integrator RooIntegrator1D to calculate Int(mass2mu_ewk2)
[#1] INFO:Caching -- RooAbsCachedPdf::getCache(dcbxbw) creating new cache 0x130e76f0 with pdf bw_CONV_dcb_CACHE_Obs[mass2mu_ewk2] for nset (mass2mu_ewk2) with code 0
[#1] INFO:Caching -- RooAbsCachedPdf::getCache(dcbxbw) creating new cache 0x130ff530 with pdf bw_CONV_dcb_CACHE_Obs[mass2mu_ewk2] for nset (mass2mu_ewk2) with code 0 from preexisting content.
