Reading cached build data
Done: ProjectRename
/pool/condor/dir_26352/CMSSW_10_6_12 is the CMSSW I am using on the local worker node
/pool/condor/dir_26352
2016b mc mass2mu_ewk_dt eta pos 0 86.0 96.0 unbinned
mu1_hzzid && mu2_hzzid && (trigger24matching1 || trigger24matching2) && RelIso1 < 0.35 && RelIso2 < 0.35 && Sip1 < 4.0 && Sip2 < 4.0 && pt1_corr > 25 && pt2_corr > 5 && abs(eta1) < 2.4 && abs(eta2) < 2.4 &&mass2mu_ewk_dt < 96.0 && mass2mu_ewk_dt > 86.0 && ((mu1_q_roc== 1 && eta1 > -2.4&& eta1 < -1.8) ||( mu2_q_roc == 1 && eta2 > -2.4&& eta2 < -1.8))
unbinned fit
[#1] INFO:Eval -- RooRealVar::setRange(mass2mu_ewk_dt) new range named 'refrange_fft_dcbxbw' created with bounds [86,96]
[#1] INFO:NumericIntegration -- RooRealIntegral::init(dcb_fft_Int[mass2mu_ewk_dt]) using numeric integrator RooIntegrator1D to calculate Int(mass2mu_ewk_dt)
[#1] INFO:Caching -- RooAbsCachedPdf::getCache(dcbxbw) creating new cache 0x11d405f0 with pdf bw_CONV_dcb_CACHE_Obs[mass2mu_ewk_dt] for nset (mass2mu_ewk_dt) with code 0
[#1] INFO:Minization -- RooMinimizer::optimizeConst: activating const optimization
[#1] INFO:Caching -- RooAbsCachedPdf::getCache(dcbxbw) creating new cache 0x126ab0d0 with pdf bw_CONV_dcb_CACHE_Obs[mass2mu_ewk_dt] for nset (mass2mu_ewk_dt) with code 0 from preexisting content.
[#1] INFO:Minization --  The following expressions have been identified as constant and will be precalculated and cached: (bw)
[#1] INFO:Minization --  The following expressions will be evaluated in cache-and-track mode: (dcbxbw,bkg)
[#0] WARNING:Minization -- RooMinimizerFcn: Minimized function has error status.
Returning maximum FCN so far (2.72273e+06) to force MIGRAD to back out of this region. Error log follows
Parameter values: a1=9.26747e-06, a2=5.06751, fsig=0.997539, m=-4.97157, n1=63.8056, n2=65.4141, s=9.55483, tau=0.857933
RooDoubleCB::dcb_fft[ x=mass2mu_ewk_dt_shifted_FFTBuffer2 xp=NULL mean=m width=s alpha1=a1 n1=n1 alpha2=a2 n2=n2 ]
     p.d.f value is Not-a-Number (-nan), forcing value to zero @ x=mass2mu_ewk_dt_shifted_FFTBuffer2=-5.90479, xp=NULL, mean=m=-4.97157, width=s=9.55483, alpha1=a1=9.26747e-06, n1=n1=63.8056, alpha2=a2=5.06751, n2=n2=65.4141
     p.d.f value is Not-a-Number (-nan), forcing value to zero @ x=mass2mu_ewk_dt_shifted_FFTBuffer2=-5.90186, xp=NULL, mean=m=-4.97157, width=s=9.55483, alpha1=a1=9.26747e-06, n1=n1=63.8056, alpha2=a2=5.06751, n2=n2=65.4141
     p.d.f value is Not-a-Number (-nan), forcing value to zero @ x=mass2mu_ewk_dt_shifted_FFTBuffer2=-5.89893, xp=NULL, mean=m=-4.97157, width=s=9.55483, alpha1=a1=9.26747e-06, n1=n1=63.8056, alpha2=a2=5.06751, n2=n2=65.4141
     p.d.f value is Not-a-Number (-nan), forcing value to zero @ x=mass2mu_ewk_dt_shifted_FFTBuffer2=-5.896, xp=NULL, mean=m=-4.97157, width=s=9.55483, alpha1=a1=9.26747e-06, n1=n1=63.8056, alpha2=a2=5.06751, n2=n2=65.4141
     p.d.f value is Not-a-Number (-nan), forcing value to zero @ x=mass2mu_ewk_dt_shifted_FFTBuffer2=-5.89307, xp=NULL, mean=m=-4.97157, width=s=9.55483, alpha1=a1=9.26747e-06, n1=n1=63.8056, alpha2=a2=5.06751, n2=n2=65.4141
     p.d.f value is Not-a-Number (-nan), forcing value to zero @ x=mass2mu_ewk_dt_shifted_FFTBuffer2=-5.89014, xp=NULL, mean=m=-4.97157, width=s=9.55483, alpha1=a1=9.26747e-06, n1=n1=63.8056, alpha2=a2=5.06751, n2=n2=65.4141
     p.d.f value is Not-a-Number (-nan), forcing value to zero @ x=mass2mu_ewk_dt_shifted_FFTBuffer2=-5.88721, xp=NULL, mean=m=-4.97157, width=s=9.55483, alpha1=a1=9.26747e-06, n1=n1=63.8056, alpha2=a2=5.06751, n2=n2=65.4141
     p.d.f value is Not-a-Number (-nan), forcing value to zero @ x=mass2mu_ewk_dt_shifted_FFTBuffer2=-5.88428, xp=NULL, mean=m=-4.97157, width=s=9.55483, alpha1=a1=9.26747e-06, n1=n1=63.8056, alpha2=a2=5.06751, n2=n2=65.4141
     p.d.f value is Not-a-Number (-nan), forcing value to zero @ x=mass2mu_ewk_dt_shifted_FFTBuffer2=-5.88135, xp=NULL, mean=m=-4.97157, width=s=9.55483, alpha1=a1=9.26747e-06, n1=n1=63.8056, alpha2=a2=5.06751, n2=n2=65.4141
     p.d.f value is Not-a-Number (-nan), forcing value to zero @ x=mass2mu_ewk_dt_shifted_FFTBuffer2=-5.87842, xp=NULL, mean=m=-4.97157, width=s=9.55483, alpha1=a1=9.26747e-06, n1=n1=63.8056, alpha2=a2=5.06751, n2=n2=65.4141
     p.d.f value is Not-a-Number (-nan), forcing value to zero @ x=mass2mu_ewk_dt_shifted_FFTBuffer2=-5.87549, xp=NULL, mean=m=-4.97157, width=s=9.55483, alpha1=a1=9.26747e-06, n1=n1=63.8056, alpha2=a2=5.06751, n2=n2=65.4141
     p.d.f value is Not-a-Number (-nan), forcing value to zero @ x=mass2mu_ewk_dt_shifted_FFTBuffer2=-5.87256, xp=NULL, mean=m=-4.97157, width=s=9.55483, alpha1=a1=9.26747e-06, n1=n1=63.8056, alpha2=a2=5.06751, n2=n2=65.4141
    ... (remaining 2038 messages suppressed)

[#1] INFO:Minization -- RooMinimizer::optimizeConst: deactivating const optimization
[#1] INFO:NumericIntegration -- RooRealIntegral::init(dcb_fft_Int[mass2mu_ewk_dt]) using numeric integrator RooIntegrator1D to calculate Int(mass2mu_ewk_dt)
[#1] INFO:Caching -- RooAbsCachedPdf::getCache(dcbxbw) creating new cache 0x6795270 with pdf bw_CONV_dcb_CACHE_Obs[mass2mu_ewk_dt] for nset (mass2mu_ewk_dt) with code 0
[#1] INFO:Minization -- RooMinimizer::optimizeConst: activating const optimization
[#1] INFO:Caching -- RooAbsCachedPdf::getCache(dcbxbw) creating new cache 0x1283b9c0 with pdf bw_CONV_dcb_CACHE_Obs[mass2mu_ewk_dt] for nset (mass2mu_ewk_dt) with code 0 from preexisting content.
[#1] INFO:Minization --  The following expressions have been identified as constant and will be precalculated and cached: (bw)
[#1] INFO:Minization --  The following expressions will be evaluated in cache-and-track mode: (dcbxbw,bkg)
[#1] INFO:Minization -- RooMinimizer::optimizeConst: deactivating const optimization
[#1] INFO:NumericIntegration -- RooRealIntegral::init(dcb_fft_Int[mass2mu_ewk_dt]) using numeric integrator RooIntegrator1D to calculate Int(mass2mu_ewk_dt)
[#1] INFO:Caching -- RooAbsCachedPdf::getCache(dcbxbw) creating new cache 0x12604910 with pdf bw_CONV_dcb_CACHE_Obs[mass2mu_ewk_dt] for nset (mass2mu_ewk_dt) with code 0
[#1] INFO:Caching -- RooAbsCachedPdf::getCache(dcbxbw) creating new cache 0x12671180 with pdf bw_CONV_dcb_CACHE_Obs[mass2mu_ewk_dt] for nset (mass2mu_ewk_dt) with code 0 from preexisting content.
