Reading cached build data
Done: ProjectRename
/pool/condor/dir_28594/CMSSW_10_6_12 is the CMSSW I am using on the local worker node
/pool/condor/dir_28594
2016a mc mass2mu_corr phi neg 3 86.0 96.0 unbinned
mu1_hzzid && mu2_hzzid && (trigger24matching1 || trigger24matching2) && RelIso1 < 0.35 && RelIso2 < 0.35 && Sip1 < 4.0 && Sip2 < 4.0 && pt1_corr > 25 && pt2_corr > 5 && abs(eta1) < 2.4 && abs(eta2) < 2.4 &&mass2mu_corr < 96.0 && mass2mu_corr > 86.0 && ((mu1_q_roc==-1 && phi1 > -0.785398163397&& phi1 < 0.0) ||( mu2_q_roc ==-1 && phi2 > -0.785398163397&& phi2 < 0.0))
unbinned fit
[#1] INFO:Eval -- RooRealVar::setRange(mass2mu_corr) new range named 'refrange_fft_dcbxbw' created with bounds [86,96]
[#1] INFO:NumericIntegration -- RooRealIntegral::init(dcb_fft_Int[mass2mu_corr]) using numeric integrator RooIntegrator1D to calculate Int(mass2mu_corr)
[#1] INFO:Caching -- RooAbsCachedPdf::getCache(dcbxbw) creating new cache 0x12c75190 with pdf bw_CONV_dcb_CACHE_Obs[mass2mu_corr] for nset (mass2mu_corr) with code 0
[#1] INFO:Minization -- RooMinimizer::optimizeConst: activating const optimization
[#1] INFO:Caching -- RooAbsCachedPdf::getCache(dcbxbw) creating new cache 0x1370f440 with pdf bw_CONV_dcb_CACHE_Obs[mass2mu_corr] for nset (mass2mu_corr) with code 0 from preexisting content.
[#1] INFO:Minization --  The following expressions have been identified as constant and will be precalculated and cached: (bw)
[#1] INFO:Minization --  The following expressions will be evaluated in cache-and-track mode: (dcbxbw,bkg)
[#1] INFO:Minization -- RooMinimizer::optimizeConst: deactivating const optimization
[#1] INFO:NumericIntegration -- RooRealIntegral::init(dcb_fft_Int[mass2mu_corr]) using numeric integrator RooIntegrator1D to calculate Int(mass2mu_corr)
[#1] INFO:Caching -- RooAbsCachedPdf::getCache(dcbxbw) creating new cache 0x11b7f140 with pdf bw_CONV_dcb_CACHE_Obs[mass2mu_corr] for nset (mass2mu_corr) with code 0
[#1] INFO:Minization -- RooMinimizer::optimizeConst: activating const optimization
[#1] INFO:Caching -- RooAbsCachedPdf::getCache(dcbxbw) creating new cache 0x1399e140 with pdf bw_CONV_dcb_CACHE_Obs[mass2mu_corr] for nset (mass2mu_corr) with code 0 from preexisting content.
[#1] INFO:Minization --  The following expressions have been identified as constant and will be precalculated and cached: (bw)
[#1] INFO:Minization --  The following expressions will be evaluated in cache-and-track mode: (dcbxbw,bkg)
[#0] WARNING:Minization -- RooMinimizerFcn: Minimized function has error status.
Returning maximum FCN so far (2.64493e+06) to force MIGRAD to back out of this region. Error log follows
Parameter values: a1=0.000680178, a2=42.7033, fsig=0.508669, m=-1.27505, n1=66.2361, n2=70, s=4.64784, tau=0.233103
RooDoubleCB::dcb_fft[ x=mass2mu_corr_shifted_FFTBuffer2 xp=NULL mean=m width=s alpha1=a1 n1=n1 alpha2=a2 n2=n2 ]
     p.d.f value is Not-a-Number (-nan), forcing value to zero @ x=mass2mu_corr_shifted_FFTBuffer2=-3.3255, xp=NULL, mean=m=-1.27505 +/- 0.00654184, width=s=4.64784 +/- 0.0141659, alpha1=a1=0.000680178 +/- 0.0290797, n1=n1=66.2361 +/- 12.7754, alpha2=a2=42.7033 +/- 0.0403501, n2=n2=70 +/- 50.937
     p.d.f value is Not-a-Number (-nan), forcing value to zero @ x=mass2mu_corr_shifted_FFTBuffer2=-3.3245, xp=NULL, mean=m=-1.27505 +/- 0.00654184, width=s=4.64784 +/- 0.0141659, alpha1=a1=0.000680178 +/- 0.0290797, n1=n1=66.2361 +/- 12.7754, alpha2=a2=42.7033 +/- 0.0403501, n2=n2=70 +/- 50.937
     p.d.f value is Not-a-Number (-nan), forcing value to zero @ x=mass2mu_corr_shifted_FFTBuffer2=-3.3235, xp=NULL, mean=m=-1.27505 +/- 0.00654184, width=s=4.64784 +/- 0.0141659, alpha1=a1=0.000680178 +/- 0.0290797, n1=n1=66.2361 +/- 12.7754, alpha2=a2=42.7033 +/- 0.0403501, n2=n2=70 +/- 50.937
     p.d.f value is Not-a-Number (-nan), forcing value to zero @ x=mass2mu_corr_shifted_FFTBuffer2=-3.3225, xp=NULL, mean=m=-1.27505 +/- 0.00654184, width=s=4.64784 +/- 0.0141659, alpha1=a1=0.000680178 +/- 0.0290797, n1=n1=66.2361 +/- 12.7754, alpha2=a2=42.7033 +/- 0.0403501, n2=n2=70 +/- 50.937
     p.d.f value is Not-a-Number (-nan), forcing value to zero @ x=mass2mu_corr_shifted_FFTBuffer2=-3.3215, xp=NULL, mean=m=-1.27505 +/- 0.00654184, width=s=4.64784 +/- 0.0141659, alpha1=a1=0.000680178 +/- 0.0290797, n1=n1=66.2361 +/- 12.7754, alpha2=a2=42.7033 +/- 0.0403501, n2=n2=70 +/- 50.937
     p.d.f value is Not-a-Number (-nan), forcing value to zero @ x=mass2mu_corr_shifted_FFTBuffer2=-3.3205, xp=NULL, mean=m=-1.27505 +/- 0.00654184, width=s=4.64784 +/- 0.0141659, alpha1=a1=0.000680178 +/- 0.0290797, n1=n1=66.2361 +/- 12.7754, alpha2=a2=42.7033 +/- 0.0403501, n2=n2=70 +/- 50.937
     p.d.f value is Not-a-Number (-nan), forcing value to zero @ x=mass2mu_corr_shifted_FFTBuffer2=-3.3195, xp=NULL, mean=m=-1.27505 +/- 0.00654184, width=s=4.64784 +/- 0.0141659, alpha1=a1=0.000680178 +/- 0.0290797, n1=n1=66.2361 +/- 12.7754, alpha2=a2=42.7033 +/- 0.0403501, n2=n2=70 +/- 50.937
     p.d.f value is Not-a-Number (-nan), forcing value to zero @ x=mass2mu_corr_shifted_FFTBuffer2=-3.3185, xp=NULL, mean=m=-1.27505 +/- 0.00654184, width=s=4.64784 +/- 0.0141659, alpha1=a1=0.000680178 +/- 0.0290797, n1=n1=66.2361 +/- 12.7754, alpha2=a2=42.7033 +/- 0.0403501, n2=n2=70 +/- 50.937
     p.d.f value is Not-a-Number (-nan), forcing value to zero @ x=mass2mu_corr_shifted_FFTBuffer2=-3.3175, xp=NULL, mean=m=-1.27505 +/- 0.00654184, width=s=4.64784 +/- 0.0141659, alpha1=a1=0.000680178 +/- 0.0290797, n1=n1=66.2361 +/- 12.7754, alpha2=a2=42.7033 +/- 0.0403501, n2=n2=70 +/- 50.937
     p.d.f value is Not-a-Number (-nan), forcing value to zero @ x=mass2mu_corr_shifted_FFTBuffer2=-3.3165, xp=NULL, mean=m=-1.27505 +/- 0.00654184, width=s=4.64784 +/- 0.0141659, alpha1=a1=0.000680178 +/- 0.0290797, n1=n1=66.2361 +/- 12.7754, alpha2=a2=42.7033 +/- 0.0403501, n2=n2=70 +/- 50.937
     p.d.f value is Not-a-Number (-nan), forcing value to zero @ x=mass2mu_corr_shifted_FFTBuffer2=-3.3155, xp=NULL, mean=m=-1.27505 +/- 0.00654184, width=s=4.64784 +/- 0.0141659, alpha1=a1=0.000680178 +/- 0.0290797, n1=n1=66.2361 +/- 12.7754, alpha2=a2=42.7033 +/- 0.0403501, n2=n2=70 +/- 50.937
     p.d.f value is Not-a-Number (-nan), forcing value to zero @ x=mass2mu_corr_shifted_FFTBuffer2=-3.3145, xp=NULL, mean=m=-1.27505 +/- 0.00654184, width=s=4.64784 +/- 0.0141659, alpha1=a1=0.000680178 +/- 0.0290797, n1=n1=66.2361 +/- 12.7754, alpha2=a2=42.7033 +/- 0.0403501, n2=n2=70 +/- 50.937
    ... (remaining 2038 messages suppressed)

[#1] INFO:Minization -- RooMinimizer::optimizeConst: deactivating const optimization
[#1] INFO:NumericIntegration -- RooRealIntegral::init(dcb_fft_Int[mass2mu_corr]) using numeric integrator RooIntegrator1D to calculate Int(mass2mu_corr)
[#1] INFO:Caching -- RooAbsCachedPdf::getCache(dcbxbw) creating new cache 0x136b4770 with pdf bw_CONV_dcb_CACHE_Obs[mass2mu_corr] for nset (mass2mu_corr) with code 0
[#1] INFO:Caching -- RooAbsCachedPdf::getCache(dcbxbw) creating new cache 0x13b6d320 with pdf bw_CONV_dcb_CACHE_Obs[mass2mu_corr] for nset (mass2mu_corr) with code 0 from preexisting content.
