Reading cached build data
Done: ProjectRename
/pool/condor/dir_4569/CMSSW_10_6_12 is the CMSSW I am using on the local worker node
/pool/condor/dir_4569
2017 mc mass2mu_ewk_dt phi neg 1 86.0 96.0 unbinned
mu1_hzzid && mu2_hzzid && (trigger24matching1 || trigger24matching2) && RelIso1 < 0.35 && RelIso2 < 0.35 && Sip1 < 4.0 && Sip2 < 4.0 && pt1_corr > 25 && pt2_corr > 5 && abs(eta1) < 2.4 && abs(eta2) < 2.4 &&mass2mu_ewk_dt < 96.0 && mass2mu_ewk_dt > 86.0 && ((mu1_q_roc==-1 && phi1 > -2.35619449019&& phi1 < -1.57079632679) ||( mu2_q_roc ==-1 && phi2 > -2.35619449019&& phi2 < -1.57079632679))
unbinned fit
[#1] INFO:Eval -- RooRealVar::setRange(mass2mu_ewk_dt) new range named 'refrange_fft_dcbxbw' created with bounds [86,96]
[#1] INFO:NumericIntegration -- RooRealIntegral::init(dcb_fft_Int[mass2mu_ewk_dt]) using numeric integrator RooIntegrator1D to calculate Int(mass2mu_ewk_dt)
[#1] INFO:Caching -- RooAbsCachedPdf::getCache(dcbxbw) creating new cache 0x11241e70 with pdf bw_CONV_dcb_CACHE_Obs[mass2mu_ewk_dt] for nset (mass2mu_ewk_dt) with code 0
[#1] INFO:Minization -- RooMinimizer::optimizeConst: activating const optimization
[#1] INFO:Caching -- RooAbsCachedPdf::getCache(dcbxbw) creating new cache 0x1200e970 with pdf bw_CONV_dcb_CACHE_Obs[mass2mu_ewk_dt] for nset (mass2mu_ewk_dt) with code 0 from preexisting content.
[#1] INFO:Minization --  The following expressions have been identified as constant and will be precalculated and cached: (bw)
[#1] INFO:Minization --  The following expressions will be evaluated in cache-and-track mode: (dcbxbw,bkg)
[#1] INFO:Minization -- RooMinimizer::optimizeConst: deactivating const optimization
[#1] INFO:NumericIntegration -- RooRealIntegral::init(dcb_fft_Int[mass2mu_ewk_dt]) using numeric integrator RooIntegrator1D to calculate Int(mass2mu_ewk_dt)
[#1] INFO:Caching -- RooAbsCachedPdf::getCache(dcbxbw) creating new cache 0x11dc3e80 with pdf bw_CONV_dcb_CACHE_Obs[mass2mu_ewk_dt] for nset (mass2mu_ewk_dt) with code 0
[#1] INFO:Minization -- RooMinimizer::optimizeConst: activating const optimization
[#1] INFO:Caching -- RooAbsCachedPdf::getCache(dcbxbw) creating new cache 0x120c5ea0 with pdf bw_CONV_dcb_CACHE_Obs[mass2mu_ewk_dt] for nset (mass2mu_ewk_dt) with code 0 from preexisting content.
[#1] INFO:Minization --  The following expressions have been identified as constant and will be precalculated and cached: (bw)
[#1] INFO:Minization --  The following expressions will be evaluated in cache-and-track mode: (dcbxbw,bkg)
[#1] INFO:Minization -- RooMinimizer::optimizeConst: deactivating const optimization
[#1] INFO:NumericIntegration -- RooRealIntegral::init(dcb_fft_Int[mass2mu_ewk_dt]) using numeric integrator RooIntegrator1D to calculate Int(mass2mu_ewk_dt)
[#1] INFO:Caching -- RooAbsCachedPdf::getCache(dcbxbw) creating new cache 0x11d96930 with pdf bw_CONV_dcb_CACHE_Obs[mass2mu_ewk_dt] for nset (mass2mu_ewk_dt) with code 0
[#1] INFO:Caching -- RooAbsCachedPdf::getCache(dcbxbw) creating new cache 0x12261a30 with pdf bw_CONV_dcb_CACHE_Obs[mass2mu_ewk_dt] for nset (mass2mu_ewk_dt) with code 0 from preexisting content.
