Reading cached build data
Done: ProjectRename
/pool/condor/dir_3614/CMSSW_10_6_12 is the CMSSW I am using on the local worker node
/pool/condor/dir_3614
2018 mc mass2mu_dm_dt phi neg 5 86.0 96.0 unbinned
mu1_hzzid && mu2_hzzid && (trigger24matching1 || trigger24matching2) && RelIso1 < 0.35 && RelIso2 < 0.35 && Sip1 < 4.0 && Sip2 < 4.0 && pt1_corr > 25 && pt2_corr > 5 && abs(eta1) < 2.4 && abs(eta2) < 2.4 &&mass2mu_dm_dt < 96.0 && mass2mu_dm_dt > 86.0 && ((mu1_q_roc==-1 && phi1 > 0.785398163397&& phi1 < 1.57079632679) ||( mu2_q_roc ==-1 && phi2 > 0.785398163397&& phi2 < 1.57079632679))
unbinned fit
[#1] INFO:Eval -- RooRealVar::setRange(mass2mu_dm_dt) new range named 'refrange_fft_dcbxbw' created with bounds [86,96]
[#1] INFO:NumericIntegration -- RooRealIntegral::init(dcb_fft_Int[mass2mu_dm_dt]) using numeric integrator RooIntegrator1D to calculate Int(mass2mu_dm_dt)
[#1] INFO:Caching -- RooAbsCachedPdf::getCache(dcbxbw) creating new cache 0x10fbabf0 with pdf bw_CONV_dcb_CACHE_Obs[mass2mu_dm_dt] for nset (mass2mu_dm_dt) with code 0
[#1] INFO:Minization -- RooMinimizer::optimizeConst: activating const optimization
[#1] INFO:Caching -- RooAbsCachedPdf::getCache(dcbxbw) creating new cache 0x11e483e0 with pdf bw_CONV_dcb_CACHE_Obs[mass2mu_dm_dt] for nset (mass2mu_dm_dt) with code 0 from preexisting content.
[#1] INFO:Minization --  The following expressions have been identified as constant and will be precalculated and cached: (bw)
[#1] INFO:Minization --  The following expressions will be evaluated in cache-and-track mode: (dcbxbw,bkg)
[#0] WARNING:Integration -- RooIntegrator1D::integral: integral of dcb_fft over range (85,97) did not converge after 20 steps
   [1] h = 1 , s = 1.44355e-06
   [2] h = 0.25 , s = 7.21776e-07
   [3] h = 0.0625 , s = 3.60888e-07
   [4] h = 0.015625 , s = 1.80444e-07
   [5] h = 0.00390625 , s = 0.068065
   [6] h = 0.000976562 , s = 0.360871
   [7] h = 0.000244141 , s = 0.256931
   [8] h = 6.10352e-05 , s = 0.304637
   [9] h = 1.52588e-05 , s = 0.281071
   [10] h = 3.8147e-06 , s = 0.292793
   [11] h = 9.53674e-07 , s = 0.286933
   [12] h = 2.38419e-07 , s = 0.284003
   [13] h = 5.96046e-08 , s = 0.282538
   [14] h = 1.49012e-08 , s = 0.281806
   [15] h = 3.72529e-09 , s = 0.282172
   [16] h = 9.31323e-10 , s = 0.282355
   [17] h = 2.32831e-10 , s = 0.282264
   [18] h = 5.82077e-11 , s = 0.282309
   [19] h = 1.45519e-11 , s = 0.282287
   [20] h = 3.63798e-12 , s = 0.282298
[#0] WARNING:Minization -- RooMinimizerFcn: Minimized function has error status.
Returning maximum FCN so far (2.98463e+06) to force MIGRAD to back out of this region. Error log follows
Parameter values: a1=0.000139667, a2=30.6076, fsig=0.855725, m=4.75662, n1=58.0909, n2=27.6865, s=0.225213, tau=0.911164
RooDoubleCB::dcb_fft[ x=mass2mu_dm_dt_shifted_FFTBuffer2 xp=NULL mean=m width=s alpha1=a1 n1=n1 alpha2=a2 n2=n2 ]
     p.d.f value is Not-a-Number (-nan), forcing value to zero @ x=mass2mu_dm_dt_shifted_FFTBuffer2=2.7095, xp=NULL, mean=m=4.75662, width=s=0.225213, alpha1=a1=0.000139667, n1=n1=58.0909, alpha2=a2=30.6076, n2=n2=27.6865
     p.d.f value is Not-a-Number (-nan), forcing value to zero @ x=mass2mu_dm_dt_shifted_FFTBuffer2=2.7105, xp=NULL, mean=m=4.75662, width=s=0.225213, alpha1=a1=0.000139667, n1=n1=58.0909, alpha2=a2=30.6076, n2=n2=27.6865
     p.d.f value is Not-a-Number (-nan), forcing value to zero @ x=mass2mu_dm_dt_shifted_FFTBuffer2=2.7115, xp=NULL, mean=m=4.75662, width=s=0.225213, alpha1=a1=0.000139667, n1=n1=58.0909, alpha2=a2=30.6076, n2=n2=27.6865
     p.d.f value is Not-a-Number (-nan), forcing value to zero @ x=mass2mu_dm_dt_shifted_FFTBuffer2=2.7125, xp=NULL, mean=m=4.75662, width=s=0.225213, alpha1=a1=0.000139667, n1=n1=58.0909, alpha2=a2=30.6076, n2=n2=27.6865
     p.d.f value is Not-a-Number (-nan), forcing value to zero @ x=mass2mu_dm_dt_shifted_FFTBuffer2=2.7135, xp=NULL, mean=m=4.75662, width=s=0.225213, alpha1=a1=0.000139667, n1=n1=58.0909, alpha2=a2=30.6076, n2=n2=27.6865
     p.d.f value is Not-a-Number (-nan), forcing value to zero @ x=mass2mu_dm_dt_shifted_FFTBuffer2=2.7145, xp=NULL, mean=m=4.75662, width=s=0.225213, alpha1=a1=0.000139667, n1=n1=58.0909, alpha2=a2=30.6076, n2=n2=27.6865
     p.d.f value is Not-a-Number (-nan), forcing value to zero @ x=mass2mu_dm_dt_shifted_FFTBuffer2=2.7155, xp=NULL, mean=m=4.75662, width=s=0.225213, alpha1=a1=0.000139667, n1=n1=58.0909, alpha2=a2=30.6076, n2=n2=27.6865
     p.d.f value is Not-a-Number (-nan), forcing value to zero @ x=mass2mu_dm_dt_shifted_FFTBuffer2=2.7165, xp=NULL, mean=m=4.75662, width=s=0.225213, alpha1=a1=0.000139667, n1=n1=58.0909, alpha2=a2=30.6076, n2=n2=27.6865
     p.d.f value is Not-a-Number (-nan), forcing value to zero @ x=mass2mu_dm_dt_shifted_FFTBuffer2=2.7175, xp=NULL, mean=m=4.75662, width=s=0.225213, alpha1=a1=0.000139667, n1=n1=58.0909, alpha2=a2=30.6076, n2=n2=27.6865
     p.d.f value is Not-a-Number (-nan), forcing value to zero @ x=mass2mu_dm_dt_shifted_FFTBuffer2=2.7185, xp=NULL, mean=m=4.75662, width=s=0.225213, alpha1=a1=0.000139667, n1=n1=58.0909, alpha2=a2=30.6076, n2=n2=27.6865
     p.d.f value is Not-a-Number (-nan), forcing value to zero @ x=mass2mu_dm_dt_shifted_FFTBuffer2=2.7195, xp=NULL, mean=m=4.75662, width=s=0.225213, alpha1=a1=0.000139667, n1=n1=58.0909, alpha2=a2=30.6076, n2=n2=27.6865
     p.d.f value is Not-a-Number (-nan), forcing value to zero @ x=mass2mu_dm_dt_shifted_FFTBuffer2=2.7205, xp=NULL, mean=m=4.75662, width=s=0.225213, alpha1=a1=0.000139667, n1=n1=58.0909, alpha2=a2=30.6076, n2=n2=27.6865
    ... (remaining 2038 messages suppressed)

[#1] INFO:Minization -- RooMinimizer::optimizeConst: deactivating const optimization
[#1] INFO:NumericIntegration -- RooRealIntegral::init(dcb_fft_Int[mass2mu_dm_dt]) using numeric integrator RooIntegrator1D to calculate Int(mass2mu_dm_dt)
[#1] INFO:Caching -- RooAbsCachedPdf::getCache(dcbxbw) creating new cache 0x11bef810 with pdf bw_CONV_dcb_CACHE_Obs[mass2mu_dm_dt] for nset (mass2mu_dm_dt) with code 0
[#1] INFO:Minization -- RooMinimizer::optimizeConst: activating const optimization
[#1] INFO:Caching -- RooAbsCachedPdf::getCache(dcbxbw) creating new cache 0x11c298a0 with pdf bw_CONV_dcb_CACHE_Obs[mass2mu_dm_dt] for nset (mass2mu_dm_dt) with code 0 from preexisting content.
[#1] INFO:Minization --  The following expressions have been identified as constant and will be precalculated and cached: (bw)
[#1] INFO:Minization --  The following expressions will be evaluated in cache-and-track mode: (dcbxbw,bkg)
[#1] INFO:Minization -- RooMinimizer::optimizeConst: deactivating const optimization
[#1] INFO:NumericIntegration -- RooRealIntegral::init(dcb_fft_Int[mass2mu_dm_dt]) using numeric integrator RooIntegrator1D to calculate Int(mass2mu_dm_dt)
[#1] INFO:Caching -- RooAbsCachedPdf::getCache(dcbxbw) creating new cache 0x11bc34e0 with pdf bw_CONV_dcb_CACHE_Obs[mass2mu_dm_dt] for nset (mass2mu_dm_dt) with code 0
[#1] INFO:Caching -- RooAbsCachedPdf::getCache(dcbxbw) creating new cache 0x12089e20 with pdf bw_CONV_dcb_CACHE_Obs[mass2mu_dm_dt] for nset (mass2mu_dm_dt) with code 0 from preexisting content.
