Reading cached build data
Done: ProjectRename
/pool/condor/dir_1042/CMSSW_10_6_12 is the CMSSW I am using on the local worker node
/pool/condor/dir_1042
2017 data mass2mu_corr phi neg 1 86.0 96.0 binned
mu1_hzzid && mu2_hzzid && (trigger24matching1 || trigger24matching2) && RelIso1 < 0.35 && RelIso2 < 0.35 && Sip1 < 4.0 && Sip2 < 4.0 && pt1_corr > 25 && pt2_corr > 5 && abs(eta1) < 2.4 && abs(eta2) < 2.4 &&mass2mu_corr < 96.0 && mass2mu_corr > 86.0 && ((mu1_q_roc==-1 && phi1 > -2.35619449019&& phi1 < -1.57079632679) ||( mu2_q_roc ==-1 && phi2 > -2.35619449019&& phi2 < -1.57079632679))
binned fit
[#1] INFO:Eval -- RooRealVar::setRange(mass2mu_corr) new range named 'refrange_fft_dcbxbw' created with bounds [86,96]
[#1] INFO:NumericIntegration -- RooRealIntegral::init(dcb_fft_Int[mass2mu_corr]) using numeric integrator RooIntegrator1D to calculate Int(mass2mu_corr)
[#1] INFO:Caching -- RooAbsCachedPdf::getCache(dcbxbw) creating new cache 0x115ac0c0 with pdf bw_CONV_dcb_CACHE_Obs[mass2mu_corr] for nset (mass2mu_corr) with code 0
[#1] INFO:Minization -- RooMinimizer::optimizeConst: activating const optimization
[#1] INFO:Caching -- RooAbsCachedPdf::getCache(dcbxbw) creating new cache 0x1181ff30 with pdf bw_CONV_dcb_CACHE_Obs[mass2mu_corr] for nset (mass2mu_corr) with code 0 from preexisting content.
[#1] INFO:Minization --  The following expressions have been identified as constant and will be precalculated and cached: (bw)
[#1] INFO:Minization --  The following expressions will be evaluated in cache-and-track mode: (dcbxbw,bkg)
[#0] WARNING:Minization -- RooMinimizerFcn: Minimized function has error status.
Returning maximum FCN so far (9.4592e+06) to force MIGRAD to back out of this region. Error log follows
Parameter values: a1=0.00136591, a2=4.80406, fsig=0.588946, m=-2.84509, n1=69.665, n2=38.8348, s=2.29282, tau=-0.698543
RooDoubleCB::dcb_fft[ x=mass2mu_corr_shifted_FFTBuffer2 xp=NULL mean=m width=s alpha1=a1 n1=n1 alpha2=a2 n2=n2 ]
     p.d.f value is Not-a-Number (-nan), forcing value to zero @ x=mass2mu_corr_shifted_FFTBuffer2=-4.8955, xp=NULL, mean=m=-2.84509, width=s=2.29282, alpha1=a1=0.00136591, n1=n1=69.665, alpha2=a2=4.80406, n2=n2=38.8348
     p.d.f value is Not-a-Number (-nan), forcing value to zero @ x=mass2mu_corr_shifted_FFTBuffer2=-4.8945, xp=NULL, mean=m=-2.84509, width=s=2.29282, alpha1=a1=0.00136591, n1=n1=69.665, alpha2=a2=4.80406, n2=n2=38.8348
     p.d.f value is Not-a-Number (-nan), forcing value to zero @ x=mass2mu_corr_shifted_FFTBuffer2=-4.8935, xp=NULL, mean=m=-2.84509, width=s=2.29282, alpha1=a1=0.00136591, n1=n1=69.665, alpha2=a2=4.80406, n2=n2=38.8348
     p.d.f value is Not-a-Number (-nan), forcing value to zero @ x=mass2mu_corr_shifted_FFTBuffer2=-4.8925, xp=NULL, mean=m=-2.84509, width=s=2.29282, alpha1=a1=0.00136591, n1=n1=69.665, alpha2=a2=4.80406, n2=n2=38.8348
     p.d.f value is Not-a-Number (-nan), forcing value to zero @ x=mass2mu_corr_shifted_FFTBuffer2=-4.8915, xp=NULL, mean=m=-2.84509, width=s=2.29282, alpha1=a1=0.00136591, n1=n1=69.665, alpha2=a2=4.80406, n2=n2=38.8348
     p.d.f value is Not-a-Number (-nan), forcing value to zero @ x=mass2mu_corr_shifted_FFTBuffer2=-4.8905, xp=NULL, mean=m=-2.84509, width=s=2.29282, alpha1=a1=0.00136591, n1=n1=69.665, alpha2=a2=4.80406, n2=n2=38.8348
     p.d.f value is Not-a-Number (-nan), forcing value to zero @ x=mass2mu_corr_shifted_FFTBuffer2=-4.8895, xp=NULL, mean=m=-2.84509, width=s=2.29282, alpha1=a1=0.00136591, n1=n1=69.665, alpha2=a2=4.80406, n2=n2=38.8348
     p.d.f value is Not-a-Number (-nan), forcing value to zero @ x=mass2mu_corr_shifted_FFTBuffer2=-4.8885, xp=NULL, mean=m=-2.84509, width=s=2.29282, alpha1=a1=0.00136591, n1=n1=69.665, alpha2=a2=4.80406, n2=n2=38.8348
     p.d.f value is Not-a-Number (-nan), forcing value to zero @ x=mass2mu_corr_shifted_FFTBuffer2=-4.8875, xp=NULL, mean=m=-2.84509, width=s=2.29282, alpha1=a1=0.00136591, n1=n1=69.665, alpha2=a2=4.80406, n2=n2=38.8348
     p.d.f value is Not-a-Number (-nan), forcing value to zero @ x=mass2mu_corr_shifted_FFTBuffer2=-4.8865, xp=NULL, mean=m=-2.84509, width=s=2.29282, alpha1=a1=0.00136591, n1=n1=69.665, alpha2=a2=4.80406, n2=n2=38.8348
     p.d.f value is Not-a-Number (-nan), forcing value to zero @ x=mass2mu_corr_shifted_FFTBuffer2=-4.8855, xp=NULL, mean=m=-2.84509, width=s=2.29282, alpha1=a1=0.00136591, n1=n1=69.665, alpha2=a2=4.80406, n2=n2=38.8348
     p.d.f value is Not-a-Number (-nan), forcing value to zero @ x=mass2mu_corr_shifted_FFTBuffer2=-4.8845, xp=NULL, mean=m=-2.84509, width=s=2.29282, alpha1=a1=0.00136591, n1=n1=69.665, alpha2=a2=4.80406, n2=n2=38.8348
    ... (remaining 2038 messages suppressed)

[#1] INFO:Minization -- RooMinimizer::optimizeConst: deactivating const optimization
[#1] INFO:NumericIntegration -- RooRealIntegral::init(dcb_fft_Int[mass2mu_corr]) using numeric integrator RooIntegrator1D to calculate Int(mass2mu_corr)
[#1] INFO:Caching -- RooAbsCachedPdf::getCache(dcbxbw) creating new cache 0x1195bf80 with pdf bw_CONV_dcb_CACHE_Obs[mass2mu_corr] for nset (mass2mu_corr) with code 0
[#1] INFO:Minization -- RooMinimizer::optimizeConst: activating const optimization
[#1] INFO:Caching -- RooAbsCachedPdf::getCache(dcbxbw) creating new cache 0x11964320 with pdf bw_CONV_dcb_CACHE_Obs[mass2mu_corr] for nset (mass2mu_corr) with code 0 from preexisting content.
[#1] INFO:Minization --  The following expressions have been identified as constant and will be precalculated and cached: (bw)
[#1] INFO:Minization --  The following expressions will be evaluated in cache-and-track mode: (dcbxbw,bkg)
[#1] INFO:Minization -- RooMinimizer::optimizeConst: deactivating const optimization
[#1] INFO:NumericIntegration -- RooRealIntegral::init(dcb_fft_Int[mass2mu_corr]) using numeric integrator RooIntegrator1D to calculate Int(mass2mu_corr)
[#1] INFO:Caching -- RooAbsCachedPdf::getCache(dcbxbw) creating new cache 0x119f35f0 with pdf bw_CONV_dcb_CACHE_Obs[mass2mu_corr] for nset (mass2mu_corr) with code 0
[#1] INFO:Caching -- RooAbsCachedPdf::getCache(dcbxbw) creating new cache 0x11880bd0 with pdf bw_CONV_dcb_CACHE_Obs[mass2mu_corr] for nset (mass2mu_corr) with code 0 from preexisting content.
