Reading cached build data
Done: ProjectRename
/pool/condor/dir_55284/CMSSW_10_6_12 is the CMSSW I am using on the local worker node
/pool/condor/dir_55284
2017 mc mass2mu_ewk2 phi pos 4 86.0 96.0 unbinned
mu1_hzzid && mu2_hzzid && (trigger24matching1 || trigger24matching2) && RelIso1 < 0.35 && RelIso2 < 0.35 && Sip1 < 4.0 && Sip2 < 4.0 && pt1_corr > 25 && pt2_corr > 5 && abs(eta1) < 2.4 && abs(eta2) < 2.4 &&mass2mu_ewk2 < 96.0 && mass2mu_ewk2 > 86.0 && ((mu1_q_roc== 1 && phi1 > 0.0&& phi1 < 0.785398163397) ||( mu2_q_roc == 1 && phi2 > 0.0&& phi2 < 0.785398163397))
unbinned fit
[#1] INFO:Eval -- RooRealVar::setRange(mass2mu_ewk2) new range named 'refrange_fft_dcbxbw' created with bounds [86,96]
[#1] INFO:NumericIntegration -- RooRealIntegral::init(dcb_fft_Int[mass2mu_ewk2]) using numeric integrator RooIntegrator1D to calculate Int(mass2mu_ewk2)
[#1] INFO:Caching -- RooAbsCachedPdf::getCache(dcbxbw) creating new cache 0x11fbb790 with pdf bw_CONV_dcb_CACHE_Obs[mass2mu_ewk2] for nset (mass2mu_ewk2) with code 0
[#1] INFO:Minization -- RooMinimizer::optimizeConst: activating const optimization
[#1] INFO:Minization --  The following expressions have been identified as constant and will be precalculated and cached: (bw)
[#1] INFO:Minization -- RooMinimizer::optimizeConst: deactivating const optimization
[#1] INFO:NumericIntegration -- RooRealIntegral::init(dcb_fft_Int[mass2mu_ewk2]) using numeric integrator RooIntegrator1D to calculate Int(mass2mu_ewk2)
[#1] INFO:Caching -- RooAbsCachedPdf::getCache(dcbxbw) creating new cache 0x12b70c30 with pdf bw_CONV_dcb_CACHE_Obs[mass2mu_ewk2] for nset (mass2mu_ewk2) with code 0
[#1] INFO:Minization -- RooMinimizer::optimizeConst: activating const optimization
[#1] INFO:Minization --  The following expressions have been identified as constant and will be precalculated and cached: (bw)
[#1] INFO:Minization -- RooMinimizer::optimizeConst: deactivating const optimization
[#1] INFO:NumericIntegration -- RooRealIntegral::init(dcb_fft_Int[mass2mu_ewk2]) using numeric integrator RooIntegrator1D to calculate Int(mass2mu_ewk2)
[#1] INFO:Caching -- RooAbsCachedPdf::getCache(dcbxbw) creating new cache 0x12dbeaa0 with pdf bw_CONV_dcb_CACHE_Obs[mass2mu_ewk2] for nset (mass2mu_ewk2) with code 0
[#1] INFO:Caching -- RooAbsCachedPdf::getCache(dcbxbw) creating new cache 0x12bde260 with pdf bw_CONV_dcb_CACHE_Obs[mass2mu_ewk2] for nset (mass2mu_ewk2) with code 0 from preexisting content.
