Reading cached build data
Done: ProjectRename
/pool/condor/dir_14330/CMSSW_10_6_12 is the CMSSW I am using on the local worker node
/pool/condor/dir_14330
2018 data mass2mu_ewk2 phi neg 2 86.0 96.0 unbinned
mu1_hzzid && mu2_hzzid && (trigger24matching1 || trigger24matching2) && RelIso1 < 0.35 && RelIso2 < 0.35 && Sip1 < 4.0 && Sip2 < 4.0 && pt1_corr > 25 && pt2_corr > 5 && abs(eta1) < 2.4 && abs(eta2) < 2.4 &&mass2mu_ewk2 < 96.0 && mass2mu_ewk2 > 86.0 && ((mu1_q_roc==-1 && phi1 > -1.57079632679&& phi1 < -0.785398163397) ||( mu2_q_roc ==-1 && phi2 > -1.57079632679&& phi2 < -0.785398163397))
unbinned fit
[#1] INFO:Eval -- RooRealVar::setRange(mass2mu_ewk2) new range named 'refrange_fft_dcbxbw' created with bounds [86,96]
[#1] INFO:NumericIntegration -- RooRealIntegral::init(dcb_fft_Int[mass2mu_ewk2]) using numeric integrator RooIntegrator1D to calculate Int(mass2mu_ewk2)
[#1] INFO:Caching -- RooAbsCachedPdf::getCache(dcbxbw) creating new cache 0x122d8980 with pdf bw_CONV_dcb_CACHE_Obs[mass2mu_ewk2] for nset (mass2mu_ewk2) with code 0
[#1] INFO:Minization -- RooMinimizer::optimizeConst: activating const optimization
[#1] INFO:Caching -- RooAbsCachedPdf::getCache(dcbxbw) creating new cache 0x14cd0490 with pdf bw_CONV_dcb_CACHE_Obs[mass2mu_ewk2] for nset (mass2mu_ewk2) with code 0 from preexisting content.
[#1] INFO:Minization --  The following expressions have been identified as constant and will be precalculated and cached: (bw)
[#1] INFO:Minization --  The following expressions will be evaluated in cache-and-track mode: (dcbxbw,bkg)
[#1] INFO:Minization -- RooMinimizer::optimizeConst: deactivating const optimization
[#1] INFO:NumericIntegration -- RooRealIntegral::init(dcb_fft_Int[mass2mu_ewk2]) using numeric integrator RooIntegrator1D to calculate Int(mass2mu_ewk2)
[#1] INFO:Caching -- RooAbsCachedPdf::getCache(dcbxbw) creating new cache 0x14b99c10 with pdf bw_CONV_dcb_CACHE_Obs[mass2mu_ewk2] for nset (mass2mu_ewk2) with code 0
[#1] INFO:Minization -- RooMinimizer::optimizeConst: activating const optimization
[#1] INFO:Caching -- RooAbsCachedPdf::getCache(dcbxbw) creating new cache 0x14b793f0 with pdf bw_CONV_dcb_CACHE_Obs[mass2mu_ewk2] for nset (mass2mu_ewk2) with code 0 from preexisting content.
[#1] INFO:Minization --  The following expressions have been identified as constant and will be precalculated and cached: (bw)
[#1] INFO:Minization --  The following expressions will be evaluated in cache-and-track mode: (dcbxbw,bkg)
[#1] INFO:Minization -- RooMinimizer::optimizeConst: deactivating const optimization
[#1] INFO:NumericIntegration -- RooRealIntegral::init(dcb_fft_Int[mass2mu_ewk2]) using numeric integrator RooIntegrator1D to calculate Int(mass2mu_ewk2)
[#1] INFO:Caching -- RooAbsCachedPdf::getCache(dcbxbw) creating new cache 0x14d654c0 with pdf bw_CONV_dcb_CACHE_Obs[mass2mu_ewk2] for nset (mass2mu_ewk2) with code 0
[#1] INFO:Caching -- RooAbsCachedPdf::getCache(dcbxbw) creating new cache 0x14f2d5d0 with pdf bw_CONV_dcb_CACHE_Obs[mass2mu_ewk2] for nset (mass2mu_ewk2) with code 0 from preexisting content.
