Reading cached build data
Done: ProjectRename
/pool/condor/dir_60550/CMSSW_10_6_12 is the CMSSW I am using on the local worker node
/pool/condor/dir_60550
2016a mc mass2mu_ewk2 phi neg 4 86.0 96.0 unbinned
mu1_hzzid && mu2_hzzid && (trigger24matching1 || trigger24matching2) && RelIso1 < 0.35 && RelIso2 < 0.35 && Sip1 < 4.0 && Sip2 < 4.0 && pt1_corr > 25 && pt2_corr > 5 && abs(eta1) < 2.4 && abs(eta2) < 2.4 &&mass2mu_ewk2 < 96.0 && mass2mu_ewk2 > 86.0 && ((mu1_q_roc==-1 && phi1 > 0.0&& phi1 < 0.785398163397) ||( mu2_q_roc ==-1 && phi2 > 0.0&& phi2 < 0.785398163397))
unbinned fit
[#1] INFO:Eval -- RooRealVar::setRange(mass2mu_ewk2) new range named 'refrange_fft_dcbxbw' created with bounds [86,96]
[#1] INFO:NumericIntegration -- RooRealIntegral::init(dcb_fft_Int[mass2mu_ewk2]) using numeric integrator RooIntegrator1D to calculate Int(mass2mu_ewk2)
[#1] INFO:Caching -- RooAbsCachedPdf::getCache(dcbxbw) creating new cache 0x11b6e770 with pdf bw_CONV_dcb_CACHE_Obs[mass2mu_ewk2] for nset (mass2mu_ewk2) with code 0
[#1] INFO:Minization -- RooMinimizer::optimizeConst: activating const optimization
[#1] INFO:Caching -- RooAbsCachedPdf::getCache(dcbxbw) creating new cache 0x126e7cd0 with pdf bw_CONV_dcb_CACHE_Obs[mass2mu_ewk2] for nset (mass2mu_ewk2) with code 0 from preexisting content.
[#1] INFO:Minization --  The following expressions have been identified as constant and will be precalculated and cached: (bw)
[#1] INFO:Minization --  The following expressions will be evaluated in cache-and-track mode: (dcbxbw,bkg)
[#0] WARNING:Integration -- RooIntegrator1D::integral: integral of dcb_fft over range (85,97) did not converge after 20 steps
   [1] h = 1 , s = 0.08105
   [2] h = 0.25 , s = 0.040525
   [3] h = 0.0625 , s = 0.0202625
   [4] h = 0.015625 , s = 0.837148
   [5] h = 0.00390625 , s = 1.25441
   [6] h = 0.000976562 , s = 1.06317
   [7] h = 0.000244141 , s = 0.969155
   [8] h = 6.10352e-05 , s = 1.01617
   [9] h = 1.52588e-05 , s = 0.992745
   [10] h = 3.8147e-06 , s = 0.98103
   [11] h = 9.53674e-07 , s = 0.986891
   [12] h = 2.38419e-07 , s = 0.983962
   [13] h = 5.96046e-08 , s = 0.985427
   [14] h = 1.49012e-08 , s = 0.986159
   [15] h = 3.72529e-09 , s = 0.986525
   [16] h = 9.31323e-10 , s = 0.986709
   [17] h = 2.32831e-10 , s = 0.986617
   [18] h = 5.82077e-11 , s = 0.986663
   [19] h = 1.45519e-11 , s = 0.98664
   [20] h = 3.63798e-12 , s = 0.986651
[#0] WARNING:Minization -- RooMinimizerFcn: Minimized function has error status.
Returning maximum FCN so far (2.71579e+06) to force MIGRAD to back out of this region. Error log follows
Parameter values: a1=2.42543, a2=0.000909311, fsig=0.739451, m=-3.63963, n1=61.2433, n2=68.5342, s=0.788437, tau=-0.815333
RooDoubleCB::dcb_fft[ x=mass2mu_ewk2_shifted_FFTBuffer2 xp=NULL mean=m width=s alpha1=a1 n1=n1 alpha2=a2 n2=n2 ]
     p.d.f value is Not-a-Number (-nan), forcing value to zero @ x=mass2mu_ewk2_shifted_FFTBuffer2=3.9525, xp=NULL, mean=m=-3.63963, width=s=0.788437, alpha1=a1=2.42543, n1=n1=61.2433, alpha2=a2=0.000909311, n2=n2=68.5342
     p.d.f value is Not-a-Number (-nan), forcing value to zero @ x=mass2mu_ewk2_shifted_FFTBuffer2=3.9535, xp=NULL, mean=m=-3.63963, width=s=0.788437, alpha1=a1=2.42543, n1=n1=61.2433, alpha2=a2=0.000909311, n2=n2=68.5342
     p.d.f value is Not-a-Number (-nan), forcing value to zero @ x=mass2mu_ewk2_shifted_FFTBuffer2=3.9545, xp=NULL, mean=m=-3.63963, width=s=0.788437, alpha1=a1=2.42543, n1=n1=61.2433, alpha2=a2=0.000909311, n2=n2=68.5342
     p.d.f value is Not-a-Number (-nan), forcing value to zero @ x=mass2mu_ewk2_shifted_FFTBuffer2=3.9555, xp=NULL, mean=m=-3.63963, width=s=0.788437, alpha1=a1=2.42543, n1=n1=61.2433, alpha2=a2=0.000909311, n2=n2=68.5342
     p.d.f value is Not-a-Number (-nan), forcing value to zero @ x=mass2mu_ewk2_shifted_FFTBuffer2=3.9565, xp=NULL, mean=m=-3.63963, width=s=0.788437, alpha1=a1=2.42543, n1=n1=61.2433, alpha2=a2=0.000909311, n2=n2=68.5342
     p.d.f value is Not-a-Number (-nan), forcing value to zero @ x=mass2mu_ewk2_shifted_FFTBuffer2=3.9575, xp=NULL, mean=m=-3.63963, width=s=0.788437, alpha1=a1=2.42543, n1=n1=61.2433, alpha2=a2=0.000909311, n2=n2=68.5342
     p.d.f value is Not-a-Number (-nan), forcing value to zero @ x=mass2mu_ewk2_shifted_FFTBuffer2=3.9585, xp=NULL, mean=m=-3.63963, width=s=0.788437, alpha1=a1=2.42543, n1=n1=61.2433, alpha2=a2=0.000909311, n2=n2=68.5342
     p.d.f value is Not-a-Number (-nan), forcing value to zero @ x=mass2mu_ewk2_shifted_FFTBuffer2=3.9595, xp=NULL, mean=m=-3.63963, width=s=0.788437, alpha1=a1=2.42543, n1=n1=61.2433, alpha2=a2=0.000909311, n2=n2=68.5342
     p.d.f value is Not-a-Number (-nan), forcing value to zero @ x=mass2mu_ewk2_shifted_FFTBuffer2=3.9605, xp=NULL, mean=m=-3.63963, width=s=0.788437, alpha1=a1=2.42543, n1=n1=61.2433, alpha2=a2=0.000909311, n2=n2=68.5342
     p.d.f value is Not-a-Number (-nan), forcing value to zero @ x=mass2mu_ewk2_shifted_FFTBuffer2=3.9615, xp=NULL, mean=m=-3.63963, width=s=0.788437, alpha1=a1=2.42543, n1=n1=61.2433, alpha2=a2=0.000909311, n2=n2=68.5342
     p.d.f value is Not-a-Number (-nan), forcing value to zero @ x=mass2mu_ewk2_shifted_FFTBuffer2=3.9625, xp=NULL, mean=m=-3.63963, width=s=0.788437, alpha1=a1=2.42543, n1=n1=61.2433, alpha2=a2=0.000909311, n2=n2=68.5342
     p.d.f value is Not-a-Number (-nan), forcing value to zero @ x=mass2mu_ewk2_shifted_FFTBuffer2=3.9635, xp=NULL, mean=m=-3.63963, width=s=0.788437, alpha1=a1=2.42543, n1=n1=61.2433, alpha2=a2=0.000909311, n2=n2=68.5342
    ... (remaining 2038 messages suppressed)

[#1] INFO:Minization -- RooMinimizer::optimizeConst: deactivating const optimization
[#1] INFO:NumericIntegration -- RooRealIntegral::init(dcb_fft_Int[mass2mu_ewk2]) using numeric integrator RooIntegrator1D to calculate Int(mass2mu_ewk2)
[#1] INFO:Caching -- RooAbsCachedPdf::getCache(dcbxbw) creating new cache 0x12579fc0 with pdf bw_CONV_dcb_CACHE_Obs[mass2mu_ewk2] for nset (mass2mu_ewk2) with code 0
[#1] INFO:Minization -- RooMinimizer::optimizeConst: activating const optimization
[#1] INFO:Caching -- RooAbsCachedPdf::getCache(dcbxbw) creating new cache 0x11b7b7e0 with pdf bw_CONV_dcb_CACHE_Obs[mass2mu_ewk2] for nset (mass2mu_ewk2) with code 0 from preexisting content.
[#1] INFO:Minization --  The following expressions have been identified as constant and will be precalculated and cached: (bw)
[#1] INFO:Minization --  The following expressions will be evaluated in cache-and-track mode: (dcbxbw,bkg)
[#1] INFO:Minization -- RooMinimizer::optimizeConst: deactivating const optimization
[#1] INFO:NumericIntegration -- RooRealIntegral::init(dcb_fft_Int[mass2mu_ewk2]) using numeric integrator RooIntegrator1D to calculate Int(mass2mu_ewk2)
[#1] INFO:Caching -- RooAbsCachedPdf::getCache(dcbxbw) creating new cache 0x1278e620 with pdf bw_CONV_dcb_CACHE_Obs[mass2mu_ewk2] for nset (mass2mu_ewk2) with code 0
[#1] INFO:Caching -- RooAbsCachedPdf::getCache(dcbxbw) creating new cache 0x125c3d00 with pdf bw_CONV_dcb_CACHE_Obs[mass2mu_ewk2] for nset (mass2mu_ewk2) with code 0 from preexisting content.
