Reading cached build data
Done: ProjectRename
/pool/condor/dir_121608/CMSSW_10_6_12 is the CMSSW I am using on the local worker node
/pool/condor/dir_121608
2016a data mass2mu_ewk2 eta pos 0 86.0 96.0 unbinned
mu1_hzzid && mu2_hzzid && (trigger24matching1 || trigger24matching2) && RelIso1 < 0.35 && RelIso2 < 0.35 && Sip1 < 4.0 && Sip2 < 4.0 && pt1_corr > 25 && pt2_corr > 5 && abs(eta1) < 2.4 && abs(eta2) < 2.4 &&mass2mu_ewk2 < 96.0 && mass2mu_ewk2 > 86.0 && ((mu1_q_roc== 1 && eta1 > -2.4&& eta1 < -1.8) ||( mu2_q_roc == 1 && eta2 > -2.4&& eta2 < -1.8))
unbinned fit
[#1] INFO:Eval -- RooRealVar::setRange(mass2mu_ewk2) new range named 'refrange_fft_dcbxbw' created with bounds [86,96]
[#1] INFO:NumericIntegration -- RooRealIntegral::init(dcb_fft_Int[mass2mu_ewk2]) using numeric integrator RooIntegrator1D to calculate Int(mass2mu_ewk2)
[#1] INFO:Caching -- RooAbsCachedPdf::getCache(dcbxbw) creating new cache 0x127c0000 with pdf bw_CONV_dcb_CACHE_Obs[mass2mu_ewk2] for nset (mass2mu_ewk2) with code 0
[#1] INFO:Minization -- RooMinimizer::optimizeConst: activating const optimization
[#1] INFO:Caching -- RooAbsCachedPdf::getCache(dcbxbw) creating new cache 0x13167d80 with pdf bw_CONV_dcb_CACHE_Obs[mass2mu_ewk2] for nset (mass2mu_ewk2) with code 0 from preexisting content.
[#1] INFO:Minization --  The following expressions have been identified as constant and will be precalculated and cached: (bw)
[#1] INFO:Minization --  The following expressions will be evaluated in cache-and-track mode: (dcbxbw,bkg)
[#0] WARNING:Minization -- RooMinimizerFcn: Minimized function has error status.
Returning maximum FCN so far (3.01438e+06) to force MIGRAD to back out of this region. Error log follows
Parameter values: a1=0.956566, a2=0.00143683, fsig=0.999982, m=-0.393188, n1=15.4862, n2=67.2262, s=1.21928, tau=-0.455359
RooDoubleCB::dcb_fft[ x=mass2mu_ewk2_shifted_FFTBuffer2 xp=NULL mean=m width=s alpha1=a1 n1=n1 alpha2=a2 n2=n2 ]
     p.d.f value is Not-a-Number (-nan), forcing value to zero @ x=mass2mu_ewk2_shifted_FFTBuffer2=3.9525, xp=NULL, mean=m=-0.393188, width=s=1.21928, alpha1=a1=0.956566, n1=n1=15.4862, alpha2=a2=0.00143683, n2=n2=67.2262
     p.d.f value is Not-a-Number (-nan), forcing value to zero @ x=mass2mu_ewk2_shifted_FFTBuffer2=3.9535, xp=NULL, mean=m=-0.393188, width=s=1.21928, alpha1=a1=0.956566, n1=n1=15.4862, alpha2=a2=0.00143683, n2=n2=67.2262
     p.d.f value is Not-a-Number (-nan), forcing value to zero @ x=mass2mu_ewk2_shifted_FFTBuffer2=3.9545, xp=NULL, mean=m=-0.393188, width=s=1.21928, alpha1=a1=0.956566, n1=n1=15.4862, alpha2=a2=0.00143683, n2=n2=67.2262
     p.d.f value is Not-a-Number (-nan), forcing value to zero @ x=mass2mu_ewk2_shifted_FFTBuffer2=3.9555, xp=NULL, mean=m=-0.393188, width=s=1.21928, alpha1=a1=0.956566, n1=n1=15.4862, alpha2=a2=0.00143683, n2=n2=67.2262
     p.d.f value is Not-a-Number (-nan), forcing value to zero @ x=mass2mu_ewk2_shifted_FFTBuffer2=3.9565, xp=NULL, mean=m=-0.393188, width=s=1.21928, alpha1=a1=0.956566, n1=n1=15.4862, alpha2=a2=0.00143683, n2=n2=67.2262
     p.d.f value is Not-a-Number (-nan), forcing value to zero @ x=mass2mu_ewk2_shifted_FFTBuffer2=3.9575, xp=NULL, mean=m=-0.393188, width=s=1.21928, alpha1=a1=0.956566, n1=n1=15.4862, alpha2=a2=0.00143683, n2=n2=67.2262
     p.d.f value is Not-a-Number (-nan), forcing value to zero @ x=mass2mu_ewk2_shifted_FFTBuffer2=3.9585, xp=NULL, mean=m=-0.393188, width=s=1.21928, alpha1=a1=0.956566, n1=n1=15.4862, alpha2=a2=0.00143683, n2=n2=67.2262
     p.d.f value is Not-a-Number (-nan), forcing value to zero @ x=mass2mu_ewk2_shifted_FFTBuffer2=3.9595, xp=NULL, mean=m=-0.393188, width=s=1.21928, alpha1=a1=0.956566, n1=n1=15.4862, alpha2=a2=0.00143683, n2=n2=67.2262
     p.d.f value is Not-a-Number (-nan), forcing value to zero @ x=mass2mu_ewk2_shifted_FFTBuffer2=3.9605, xp=NULL, mean=m=-0.393188, width=s=1.21928, alpha1=a1=0.956566, n1=n1=15.4862, alpha2=a2=0.00143683, n2=n2=67.2262
     p.d.f value is Not-a-Number (-nan), forcing value to zero @ x=mass2mu_ewk2_shifted_FFTBuffer2=3.9615, xp=NULL, mean=m=-0.393188, width=s=1.21928, alpha1=a1=0.956566, n1=n1=15.4862, alpha2=a2=0.00143683, n2=n2=67.2262
     p.d.f value is Not-a-Number (-nan), forcing value to zero @ x=mass2mu_ewk2_shifted_FFTBuffer2=3.9625, xp=NULL, mean=m=-0.393188, width=s=1.21928, alpha1=a1=0.956566, n1=n1=15.4862, alpha2=a2=0.00143683, n2=n2=67.2262
     p.d.f value is Not-a-Number (-nan), forcing value to zero @ x=mass2mu_ewk2_shifted_FFTBuffer2=3.9635, xp=NULL, mean=m=-0.393188, width=s=1.21928, alpha1=a1=0.956566, n1=n1=15.4862, alpha2=a2=0.00143683, n2=n2=67.2262
    ... (remaining 2038 messages suppressed)

[#1] INFO:Minization -- RooMinimizer::optimizeConst: deactivating const optimization
[#1] INFO:NumericIntegration -- RooRealIntegral::init(dcb_fft_Int[mass2mu_ewk2]) using numeric integrator RooIntegrator1D to calculate Int(mass2mu_ewk2)
[#1] INFO:Caching -- RooAbsCachedPdf::getCache(dcbxbw) creating new cache 0x12f0e8a0 with pdf bw_CONV_dcb_CACHE_Obs[mass2mu_ewk2] for nset (mass2mu_ewk2) with code 0
[#1] INFO:Minization -- RooMinimizer::optimizeConst: activating const optimization
[#1] INFO:Caching -- RooAbsCachedPdf::getCache(dcbxbw) creating new cache 0x13215100 with pdf bw_CONV_dcb_CACHE_Obs[mass2mu_ewk2] for nset (mass2mu_ewk2) with code 0 from preexisting content.
[#1] INFO:Minization --  The following expressions have been identified as constant and will be precalculated and cached: (bw)
[#1] INFO:Minization --  The following expressions will be evaluated in cache-and-track mode: (dcbxbw,bkg)
[#1] INFO:Minization -- RooMinimizer::optimizeConst: deactivating const optimization
[#1] INFO:NumericIntegration -- RooRealIntegral::init(dcb_fft_Int[mass2mu_ewk2]) using numeric integrator RooIntegrator1D to calculate Int(mass2mu_ewk2)
[#1] INFO:Caching -- RooAbsCachedPdf::getCache(dcbxbw) creating new cache 0x131412a0 with pdf bw_CONV_dcb_CACHE_Obs[mass2mu_ewk2] for nset (mass2mu_ewk2) with code 0
[#1] INFO:Caching -- RooAbsCachedPdf::getCache(dcbxbw) creating new cache 0x12f76cb0 with pdf bw_CONV_dcb_CACHE_Obs[mass2mu_ewk2] for nset (mass2mu_ewk2) with code 0 from preexisting content.
