Reading cached build data
Done: ProjectRename
/pool/condor/dir_891/CMSSW_10_6_12 is the CMSSW I am using on the local worker node
/pool/condor/dir_891
2017 mc mass2mu_corr eta pos 7 75.0 105.0 unbinned
mu1_hzzid && mu2_hzzid && (trigger24matching1 || trigger24matching2) && RelIso1 < 0.35 && RelIso2 < 0.35 && Sip1 < 4.0 && Sip2 < 4.0 && pt1_corr > 25 && pt2_corr > 5 && abs(eta1) < 2.4 && abs(eta2) < 2.4 &&mass2mu_corr < 105.0 && mass2mu_corr > 75.0 && ((mu1_q_roc== 1 && eta1 > 1.8&& eta1 < 2.4) ||( mu2_q_roc == 1 && eta2 > 1.8&& eta2 < 2.4))
unbinned fit
[#1] INFO:Eval -- RooRealVar::setRange(mass2mu_corr) new range named 'refrange_fft_dcbxbw' created with bounds [75,105]
[#1] INFO:NumericIntegration -- RooRealIntegral::init(dcb_fft_Int[mass2mu_corr]) using numeric integrator RooIntegrator1D to calculate Int(mass2mu_corr)
[#1] INFO:Caching -- RooAbsCachedPdf::getCache(dcbxbw) creating new cache 0x11ba2ae0 with pdf bw_CONV_dcb_CACHE_Obs[mass2mu_corr] for nset (mass2mu_corr) with code 0
[#1] INFO:Minization -- RooMinimizer::optimizeConst: activating const optimization
[#1] INFO:Caching -- RooAbsCachedPdf::getCache(dcbxbw) creating new cache 0x12515d80 with pdf bw_CONV_dcb_CACHE_Obs[mass2mu_corr] for nset (mass2mu_corr) with code 0 from preexisting content.
[#1] INFO:Minization --  The following expressions have been identified as constant and will be precalculated and cached: (bw)
[#1] INFO:Minization --  The following expressions will be evaluated in cache-and-track mode: (dcbxbw,bkg)
[#1] INFO:Minization -- RooMinimizer::optimizeConst: deactivating const optimization
[#1] INFO:NumericIntegration -- RooRealIntegral::init(dcb_fft_Int[mass2mu_corr]) using numeric integrator RooIntegrator1D to calculate Int(mass2mu_corr)
[#1] INFO:Caching -- RooAbsCachedPdf::getCache(dcbxbw) creating new cache 0x125c03d0 with pdf bw_CONV_dcb_CACHE_Obs[mass2mu_corr] for nset (mass2mu_corr) with code 0
[#1] INFO:Minization -- RooMinimizer::optimizeConst: activating const optimization
[#1] INFO:Caching -- RooAbsCachedPdf::getCache(dcbxbw) creating new cache 0x12435b40 with pdf bw_CONV_dcb_CACHE_Obs[mass2mu_corr] for nset (mass2mu_corr) with code 0 from preexisting content.
[#1] INFO:Minization --  The following expressions have been identified as constant and will be precalculated and cached: (bw)
[#1] INFO:Minization --  The following expressions will be evaluated in cache-and-track mode: (dcbxbw,bkg)
[#0] WARNING:Minization -- RooMinimizerFcn: Minimized function has error status.
Returning maximum FCN so far (3.82695e+06) to force MIGRAD to back out of this region. Error log follows
Parameter values: a1=0.00080182, a2=42.4125, fsig=0.750068, m=0.284723, n1=69.888, n2=61.5414, s=9.84155, tau=-0.809824
RooDoubleCB::dcb_fft[ x=mass2mu_corr_shifted_FFTBuffer2 xp=NULL mean=m width=s alpha1=a1 n1=n1 alpha2=a2 n2=n2 ]
     p.d.f value is Not-a-Number (-nan), forcing value to zero @ x=mass2mu_corr_shifted_FFTBuffer2=-5.8665, xp=NULL, mean=m=0.284723 +/- 0.00504567, width=s=9.84155 +/- 0.00899588, alpha1=a1=0.00080182 +/- 0.0157769, n1=n1=69.888 +/- 0.0515965, alpha2=a2=42.4125 +/- 0.0201678, n2=n2=61.5414 +/- 9.5651
     p.d.f value is Not-a-Number (-nan), forcing value to zero @ x=mass2mu_corr_shifted_FFTBuffer2=-5.8635, xp=NULL, mean=m=0.284723 +/- 0.00504567, width=s=9.84155 +/- 0.00899588, alpha1=a1=0.00080182 +/- 0.0157769, n1=n1=69.888 +/- 0.0515965, alpha2=a2=42.4125 +/- 0.0201678, n2=n2=61.5414 +/- 9.5651
     p.d.f value is Not-a-Number (-nan), forcing value to zero @ x=mass2mu_corr_shifted_FFTBuffer2=-5.8605, xp=NULL, mean=m=0.284723 +/- 0.00504567, width=s=9.84155 +/- 0.00899588, alpha1=a1=0.00080182 +/- 0.0157769, n1=n1=69.888 +/- 0.0515965, alpha2=a2=42.4125 +/- 0.0201678, n2=n2=61.5414 +/- 9.5651
     p.d.f value is Not-a-Number (-nan), forcing value to zero @ x=mass2mu_corr_shifted_FFTBuffer2=-5.8575, xp=NULL, mean=m=0.284723 +/- 0.00504567, width=s=9.84155 +/- 0.00899588, alpha1=a1=0.00080182 +/- 0.0157769, n1=n1=69.888 +/- 0.0515965, alpha2=a2=42.4125 +/- 0.0201678, n2=n2=61.5414 +/- 9.5651
     p.d.f value is Not-a-Number (-nan), forcing value to zero @ x=mass2mu_corr_shifted_FFTBuffer2=-5.8545, xp=NULL, mean=m=0.284723 +/- 0.00504567, width=s=9.84155 +/- 0.00899588, alpha1=a1=0.00080182 +/- 0.0157769, n1=n1=69.888 +/- 0.0515965, alpha2=a2=42.4125 +/- 0.0201678, n2=n2=61.5414 +/- 9.5651
     p.d.f value is Not-a-Number (-nan), forcing value to zero @ x=mass2mu_corr_shifted_FFTBuffer2=-5.8515, xp=NULL, mean=m=0.284723 +/- 0.00504567, width=s=9.84155 +/- 0.00899588, alpha1=a1=0.00080182 +/- 0.0157769, n1=n1=69.888 +/- 0.0515965, alpha2=a2=42.4125 +/- 0.0201678, n2=n2=61.5414 +/- 9.5651
     p.d.f value is Not-a-Number (-nan), forcing value to zero @ x=mass2mu_corr_shifted_FFTBuffer2=-5.8485, xp=NULL, mean=m=0.284723 +/- 0.00504567, width=s=9.84155 +/- 0.00899588, alpha1=a1=0.00080182 +/- 0.0157769, n1=n1=69.888 +/- 0.0515965, alpha2=a2=42.4125 +/- 0.0201678, n2=n2=61.5414 +/- 9.5651
     p.d.f value is Not-a-Number (-nan), forcing value to zero @ x=mass2mu_corr_shifted_FFTBuffer2=-5.8455, xp=NULL, mean=m=0.284723 +/- 0.00504567, width=s=9.84155 +/- 0.00899588, alpha1=a1=0.00080182 +/- 0.0157769, n1=n1=69.888 +/- 0.0515965, alpha2=a2=42.4125 +/- 0.0201678, n2=n2=61.5414 +/- 9.5651
     p.d.f value is Not-a-Number (-nan), forcing value to zero @ x=mass2mu_corr_shifted_FFTBuffer2=-5.8425, xp=NULL, mean=m=0.284723 +/- 0.00504567, width=s=9.84155 +/- 0.00899588, alpha1=a1=0.00080182 +/- 0.0157769, n1=n1=69.888 +/- 0.0515965, alpha2=a2=42.4125 +/- 0.0201678, n2=n2=61.5414 +/- 9.5651
     p.d.f value is Not-a-Number (-nan), forcing value to zero @ x=mass2mu_corr_shifted_FFTBuffer2=-5.8395, xp=NULL, mean=m=0.284723 +/- 0.00504567, width=s=9.84155 +/- 0.00899588, alpha1=a1=0.00080182 +/- 0.0157769, n1=n1=69.888 +/- 0.0515965, alpha2=a2=42.4125 +/- 0.0201678, n2=n2=61.5414 +/- 9.5651
     p.d.f value is Not-a-Number (-nan), forcing value to zero @ x=mass2mu_corr_shifted_FFTBuffer2=-5.8365, xp=NULL, mean=m=0.284723 +/- 0.00504567, width=s=9.84155 +/- 0.00899588, alpha1=a1=0.00080182 +/- 0.0157769, n1=n1=69.888 +/- 0.0515965, alpha2=a2=42.4125 +/- 0.0201678, n2=n2=61.5414 +/- 9.5651
     p.d.f value is Not-a-Number (-nan), forcing value to zero @ x=mass2mu_corr_shifted_FFTBuffer2=-5.8335, xp=NULL, mean=m=0.284723 +/- 0.00504567, width=s=9.84155 +/- 0.00899588, alpha1=a1=0.00080182 +/- 0.0157769, n1=n1=69.888 +/- 0.0515965, alpha2=a2=42.4125 +/- 0.0201678, n2=n2=61.5414 +/- 9.5651
    ... (remaining 2038 messages suppressed)

[#1] INFO:Minization -- RooMinimizer::optimizeConst: deactivating const optimization
[#1] INFO:NumericIntegration -- RooRealIntegral::init(dcb_fft_Int[mass2mu_corr]) using numeric integrator RooIntegrator1D to calculate Int(mass2mu_corr)
[#1] INFO:Caching -- RooAbsCachedPdf::getCache(dcbxbw) creating new cache 0x12612370 with pdf bw_CONV_dcb_CACHE_Obs[mass2mu_corr] for nset (mass2mu_corr) with code 0
[#1] INFO:Caching -- RooAbsCachedPdf::getCache(dcbxbw) creating new cache 0x12631000 with pdf bw_CONV_dcb_CACHE_Obs[mass2mu_corr] for nset (mass2mu_corr) with code 0 from preexisting content.
