Reading cached build data
Done: ProjectRename
/pool/condor/dir_28147/CMSSW_10_6_12 is the CMSSW I am using on the local worker node
/pool/condor/dir_28147
2016b mc mass2mu_zpt_dt phi neg 3 86.0 96.0 unbinned
mu1_hzzid && mu2_hzzid && (trigger24matching1 || trigger24matching2) && RelIso1 < 0.35 && RelIso2 < 0.35 && Sip1 < 4.0 && Sip2 < 4.0 && pt1_corr > 25 && pt2_corr > 5 && abs(eta1) < 2.4 && abs(eta2) < 2.4 &&mass2mu_zpt_dt < 96.0 && mass2mu_zpt_dt > 86.0 && ((mu1_q_roc==-1 && phi1 > -0.785398163397&& phi1 < 0.0) ||( mu2_q_roc ==-1 && phi2 > -0.785398163397&& phi2 < 0.0))
unbinned fit
[#1] INFO:Eval -- RooRealVar::setRange(mass2mu_zpt_dt) new range named 'refrange_fft_dcbxbw' created with bounds [86,96]
[#1] INFO:NumericIntegration -- RooRealIntegral::init(dcb_fft_Int[mass2mu_zpt_dt]) using numeric integrator RooIntegrator1D to calculate Int(mass2mu_zpt_dt)
[#1] INFO:Caching -- RooAbsCachedPdf::getCache(dcbxbw) creating new cache 0x11f94480 with pdf bw_CONV_dcb_CACHE_Obs[mass2mu_zpt_dt] for nset (mass2mu_zpt_dt) with code 0
[#1] INFO:Minization -- RooMinimizer::optimizeConst: activating const optimization
[#1] INFO:Caching -- RooAbsCachedPdf::getCache(dcbxbw) creating new cache 0x12db0230 with pdf bw_CONV_dcb_CACHE_Obs[mass2mu_zpt_dt] for nset (mass2mu_zpt_dt) with code 0 from preexisting content.
[#1] INFO:Minization --  The following expressions have been identified as constant and will be precalculated and cached: (bw)
[#1] INFO:Minization --  The following expressions will be evaluated in cache-and-track mode: (dcbxbw,bkg)
[#1] INFO:Minization -- RooMinimizer::optimizeConst: deactivating const optimization
[#1] INFO:NumericIntegration -- RooRealIntegral::init(dcb_fft_Int[mass2mu_zpt_dt]) using numeric integrator RooIntegrator1D to calculate Int(mass2mu_zpt_dt)
[#1] INFO:Caching -- RooAbsCachedPdf::getCache(dcbxbw) creating new cache 0x10fd3940 with pdf bw_CONV_dcb_CACHE_Obs[mass2mu_zpt_dt] for nset (mass2mu_zpt_dt) with code 0
[#1] INFO:Minization -- RooMinimizer::optimizeConst: activating const optimization
[#1] INFO:Caching -- RooAbsCachedPdf::getCache(dcbxbw) creating new cache 0x12edf980 with pdf bw_CONV_dcb_CACHE_Obs[mass2mu_zpt_dt] for nset (mass2mu_zpt_dt) with code 0 from preexisting content.
[#1] INFO:Minization --  The following expressions have been identified as constant and will be precalculated and cached: (bw)
[#1] INFO:Minization --  The following expressions will be evaluated in cache-and-track mode: (dcbxbw,bkg)
[#0] WARNING:Minization -- RooMinimizerFcn: Minimized function has error status.
Returning maximum FCN so far (3.9901e+06) to force MIGRAD to back out of this region. Error log follows
Parameter values: a1=9.00699e-05, a2=29.642, fsig=0.974659, m=-3.40861, n1=57.2515, n2=70, s=0.00191996, tau=-0.758604
RooDoubleCB::dcb_fft[ x=mass2mu_zpt_dt_shifted_FFTBuffer2 xp=NULL mean=m width=s alpha1=a1 n1=n1 alpha2=a2 n2=n2 ]
     p.d.f normalization integral is zero or negative @ x=mass2mu_zpt_dt_shifted_FFTBuffer2=3.9525, xp=NULL, mean=m=-3.40861 +/- 0.00626235, width=s=0.00191996 +/- 0.0143675, alpha1=a1=9.00699e-05 +/- 0.0323246, n1=n1=57.2515 +/- 4.1939, alpha2=a2=29.642 +/- 0.036293, n2=n2=70 +/- 45.2191
     p.d.f normalization integral is zero or negative @ x=mass2mu_zpt_dt_shifted_FFTBuffer2=3.9535, xp=NULL, mean=m=-3.40861 +/- 0.00626235, width=s=0.00191996 +/- 0.0143675, alpha1=a1=9.00699e-05 +/- 0.0323246, n1=n1=57.2515 +/- 4.1939, alpha2=a2=29.642 +/- 0.036293, n2=n2=70 +/- 45.2191
     p.d.f normalization integral is zero or negative @ x=mass2mu_zpt_dt_shifted_FFTBuffer2=3.9545, xp=NULL, mean=m=-3.40861 +/- 0.00626235, width=s=0.00191996 +/- 0.0143675, alpha1=a1=9.00699e-05 +/- 0.0323246, n1=n1=57.2515 +/- 4.1939, alpha2=a2=29.642 +/- 0.036293, n2=n2=70 +/- 45.2191
     p.d.f normalization integral is zero or negative @ x=mass2mu_zpt_dt_shifted_FFTBuffer2=3.9555, xp=NULL, mean=m=-3.40861 +/- 0.00626235, width=s=0.00191996 +/- 0.0143675, alpha1=a1=9.00699e-05 +/- 0.0323246, n1=n1=57.2515 +/- 4.1939, alpha2=a2=29.642 +/- 0.036293, n2=n2=70 +/- 45.2191
     p.d.f normalization integral is zero or negative @ x=mass2mu_zpt_dt_shifted_FFTBuffer2=3.9565, xp=NULL, mean=m=-3.40861 +/- 0.00626235, width=s=0.00191996 +/- 0.0143675, alpha1=a1=9.00699e-05 +/- 0.0323246, n1=n1=57.2515 +/- 4.1939, alpha2=a2=29.642 +/- 0.036293, n2=n2=70 +/- 45.2191
     p.d.f normalization integral is zero or negative @ x=mass2mu_zpt_dt_shifted_FFTBuffer2=3.9575, xp=NULL, mean=m=-3.40861 +/- 0.00626235, width=s=0.00191996 +/- 0.0143675, alpha1=a1=9.00699e-05 +/- 0.0323246, n1=n1=57.2515 +/- 4.1939, alpha2=a2=29.642 +/- 0.036293, n2=n2=70 +/- 45.2191
     p.d.f normalization integral is zero or negative @ x=mass2mu_zpt_dt_shifted_FFTBuffer2=3.9585, xp=NULL, mean=m=-3.40861 +/- 0.00626235, width=s=0.00191996 +/- 0.0143675, alpha1=a1=9.00699e-05 +/- 0.0323246, n1=n1=57.2515 +/- 4.1939, alpha2=a2=29.642 +/- 0.036293, n2=n2=70 +/- 45.2191
     p.d.f normalization integral is zero or negative @ x=mass2mu_zpt_dt_shifted_FFTBuffer2=3.9595, xp=NULL, mean=m=-3.40861 +/- 0.00626235, width=s=0.00191996 +/- 0.0143675, alpha1=a1=9.00699e-05 +/- 0.0323246, n1=n1=57.2515 +/- 4.1939, alpha2=a2=29.642 +/- 0.036293, n2=n2=70 +/- 45.2191
     p.d.f normalization integral is zero or negative @ x=mass2mu_zpt_dt_shifted_FFTBuffer2=3.9605, xp=NULL, mean=m=-3.40861 +/- 0.00626235, width=s=0.00191996 +/- 0.0143675, alpha1=a1=9.00699e-05 +/- 0.0323246, n1=n1=57.2515 +/- 4.1939, alpha2=a2=29.642 +/- 0.036293, n2=n2=70 +/- 45.2191
     p.d.f normalization integral is zero or negative @ x=mass2mu_zpt_dt_shifted_FFTBuffer2=3.9615, xp=NULL, mean=m=-3.40861 +/- 0.00626235, width=s=0.00191996 +/- 0.0143675, alpha1=a1=9.00699e-05 +/- 0.0323246, n1=n1=57.2515 +/- 4.1939, alpha2=a2=29.642 +/- 0.036293, n2=n2=70 +/- 45.2191
     p.d.f normalization integral is zero or negative @ x=mass2mu_zpt_dt_shifted_FFTBuffer2=3.9625, xp=NULL, mean=m=-3.40861 +/- 0.00626235, width=s=0.00191996 +/- 0.0143675, alpha1=a1=9.00699e-05 +/- 0.0323246, n1=n1=57.2515 +/- 4.1939, alpha2=a2=29.642 +/- 0.036293, n2=n2=70 +/- 45.2191
     p.d.f normalization integral is zero or negative @ x=mass2mu_zpt_dt_shifted_FFTBuffer2=3.9635, xp=NULL, mean=m=-3.40861 +/- 0.00626235, width=s=0.00191996 +/- 0.0143675, alpha1=a1=9.00699e-05 +/- 0.0323246, n1=n1=57.2515 +/- 4.1939, alpha2=a2=29.642 +/- 0.036293, n2=n2=70 +/- 45.2191
    ... (remaining 2038 messages suppressed)
RooHistPdf::bw_CONV_dcb_CACHE_Obs[mass2mu_zpt_dt][ pdfObs=(mass2mu_zpt_dt) ]
     p.d.f normalization integral is zero or negative @ pdfObs=(mass2mu_zpt_dt = 90.0601)
     p.d.f normalization integral is zero or negative @ pdfObs=(mass2mu_zpt_dt = 88.6795)
     p.d.f normalization integral is zero or negative @ pdfObs=(mass2mu_zpt_dt = 88.4605)
     p.d.f normalization integral is zero or negative @ pdfObs=(mass2mu_zpt_dt = 92.4843)
     p.d.f normalization integral is zero or negative @ pdfObs=(mass2mu_zpt_dt = 89.8019)
     p.d.f normalization integral is zero or negative @ pdfObs=(mass2mu_zpt_dt = 92.912)
     p.d.f normalization integral is zero or negative @ pdfObs=(mass2mu_zpt_dt = 90.6043)
     p.d.f normalization integral is zero or negative @ pdfObs=(mass2mu_zpt_dt = 88.5043)
     p.d.f normalization integral is zero or negative @ pdfObs=(mass2mu_zpt_dt = 91.1418)
     p.d.f normalization integral is zero or negative @ pdfObs=(mass2mu_zpt_dt = 90.1006)
     p.d.f normalization integral is zero or negative @ pdfObs=(mass2mu_zpt_dt = 89.5122)
     p.d.f normalization integral is zero or negative @ pdfObs=(mass2mu_zpt_dt = 95.6918)
    ... (remaining 2038 messages suppressed)

[#1] INFO:Minization -- RooMinimizer::optimizeConst: deactivating const optimization
[#1] INFO:NumericIntegration -- RooRealIntegral::init(dcb_fft_Int[mass2mu_zpt_dt]) using numeric integrator RooIntegrator1D to calculate Int(mass2mu_zpt_dt)
[#1] INFO:Caching -- RooAbsCachedPdf::getCache(dcbxbw) creating new cache 0x12dc8910 with pdf bw_CONV_dcb_CACHE_Obs[mass2mu_zpt_dt] for nset (mass2mu_zpt_dt) with code 0
[#1] INFO:Caching -- RooAbsCachedPdf::getCache(dcbxbw) creating new cache 0x12c40db0 with pdf bw_CONV_dcb_CACHE_Obs[mass2mu_zpt_dt] for nset (mass2mu_zpt_dt) with code 0 from preexisting content.
