Reading cached build data
Done: ProjectRename
/pool/condor/dir_3132/CMSSW_10_6_12 is the CMSSW I am using on the local worker node
/pool/condor/dir_3132
2016b mc mass2mu_corr phi pos 1 80.0 100.0 unbinned
mu1_hzzid && mu2_hzzid && (trigger24matching1 || trigger24matching2) && RelIso1 < 0.35 && RelIso2 < 0.35 && Sip1 < 4.0 && Sip2 < 4.0 && pt1_corr > 25 && pt2_corr > 5 && abs(eta1) < 2.4 && abs(eta2) < 2.4 &&mass2mu_corr < 100.0 && mass2mu_corr > 80.0 && ((mu1_q_roc== 1 && phi1 > -2.35619449019&& phi1 < -1.57079632679) ||( mu2_q_roc == 1 && phi2 > -2.35619449019&& phi2 < -1.57079632679))
unbinned fit
[#1] INFO:Eval -- RooRealVar::setRange(mass2mu_corr) new range named 'refrange_fft_dcbxbw' created with bounds [80,100]
[#1] INFO:NumericIntegration -- RooRealIntegral::init(dcb_fft_Int[mass2mu_corr]) using numeric integrator RooIntegrator1D to calculate Int(mass2mu_corr)
[#1] INFO:Caching -- RooAbsCachedPdf::getCache(dcbxbw) creating new cache 0x1118cb80 with pdf bw_CONV_dcb_CACHE_Obs[mass2mu_corr] for nset (mass2mu_corr) with code 0
[#1] INFO:Minization -- RooMinimizer::optimizeConst: activating const optimization
[#1] INFO:Caching -- RooAbsCachedPdf::getCache(dcbxbw) creating new cache 0x11ffc8b0 with pdf bw_CONV_dcb_CACHE_Obs[mass2mu_corr] for nset (mass2mu_corr) with code 0 from preexisting content.
[#1] INFO:Minization --  The following expressions have been identified as constant and will be precalculated and cached: (bw)
[#1] INFO:Minization --  The following expressions will be evaluated in cache-and-track mode: (dcbxbw,bkg)
[#1] INFO:Minization -- RooMinimizer::optimizeConst: deactivating const optimization
[#1] INFO:NumericIntegration -- RooRealIntegral::init(dcb_fft_Int[mass2mu_corr]) using numeric integrator RooIntegrator1D to calculate Int(mass2mu_corr)
[#1] INFO:Caching -- RooAbsCachedPdf::getCache(dcbxbw) creating new cache 0x1212c510 with pdf bw_CONV_dcb_CACHE_Obs[mass2mu_corr] for nset (mass2mu_corr) with code 0
[#1] INFO:Minization -- RooMinimizer::optimizeConst: activating const optimization
[#1] INFO:Caching -- RooAbsCachedPdf::getCache(dcbxbw) creating new cache 0x12129600 with pdf bw_CONV_dcb_CACHE_Obs[mass2mu_corr] for nset (mass2mu_corr) with code 0 from preexisting content.
[#1] INFO:Minization --  The following expressions have been identified as constant and will be precalculated and cached: (bw)
[#1] INFO:Minization --  The following expressions will be evaluated in cache-and-track mode: (dcbxbw,bkg)
[#0] WARNING:Minization -- RooMinimizerFcn: Minimized function has error status.
Returning maximum FCN so far (5.11419e+06) to force MIGRAD to back out of this region. Error log follows
Parameter values: a1=5.25962, a2=2.2584e-05, fsig=0.933756, m=-4.07654, n1=24.3133, n2=69.4075, s=0.701943, tau=-0.234067
RooDoubleCB::dcb_fft[ x=mass2mu_corr_shifted_FFTBuffer2 xp=NULL mean=m width=s alpha1=a1 n1=n1 alpha2=a2 n2=n2 ]
     p.d.f value is Not-a-Number (-nan), forcing value to zero @ x=mass2mu_corr_shifted_FFTBuffer2=7.905, xp=NULL, mean=m=-4.07654 +/- 0.00396098, width=s=0.701943 +/- 0.00804142, alpha1=a1=5.25962 +/- 0.0157884, n1=n1=24.3133 +/- 0.0513317, alpha2=a2=2.2584e-05 +/- 0.0228628, n2=n2=69.4075 +/- 1.96338
     p.d.f value is Not-a-Number (-nan), forcing value to zero @ x=mass2mu_corr_shifted_FFTBuffer2=7.907, xp=NULL, mean=m=-4.07654 +/- 0.00396098, width=s=0.701943 +/- 0.00804142, alpha1=a1=5.25962 +/- 0.0157884, n1=n1=24.3133 +/- 0.0513317, alpha2=a2=2.2584e-05 +/- 0.0228628, n2=n2=69.4075 +/- 1.96338
     p.d.f value is Not-a-Number (-nan), forcing value to zero @ x=mass2mu_corr_shifted_FFTBuffer2=7.909, xp=NULL, mean=m=-4.07654 +/- 0.00396098, width=s=0.701943 +/- 0.00804142, alpha1=a1=5.25962 +/- 0.0157884, n1=n1=24.3133 +/- 0.0513317, alpha2=a2=2.2584e-05 +/- 0.0228628, n2=n2=69.4075 +/- 1.96338
     p.d.f value is Not-a-Number (-nan), forcing value to zero @ x=mass2mu_corr_shifted_FFTBuffer2=7.911, xp=NULL, mean=m=-4.07654 +/- 0.00396098, width=s=0.701943 +/- 0.00804142, alpha1=a1=5.25962 +/- 0.0157884, n1=n1=24.3133 +/- 0.0513317, alpha2=a2=2.2584e-05 +/- 0.0228628, n2=n2=69.4075 +/- 1.96338
     p.d.f value is Not-a-Number (-nan), forcing value to zero @ x=mass2mu_corr_shifted_FFTBuffer2=7.913, xp=NULL, mean=m=-4.07654 +/- 0.00396098, width=s=0.701943 +/- 0.00804142, alpha1=a1=5.25962 +/- 0.0157884, n1=n1=24.3133 +/- 0.0513317, alpha2=a2=2.2584e-05 +/- 0.0228628, n2=n2=69.4075 +/- 1.96338
     p.d.f value is Not-a-Number (-nan), forcing value to zero @ x=mass2mu_corr_shifted_FFTBuffer2=7.915, xp=NULL, mean=m=-4.07654 +/- 0.00396098, width=s=0.701943 +/- 0.00804142, alpha1=a1=5.25962 +/- 0.0157884, n1=n1=24.3133 +/- 0.0513317, alpha2=a2=2.2584e-05 +/- 0.0228628, n2=n2=69.4075 +/- 1.96338
     p.d.f value is Not-a-Number (-nan), forcing value to zero @ x=mass2mu_corr_shifted_FFTBuffer2=7.917, xp=NULL, mean=m=-4.07654 +/- 0.00396098, width=s=0.701943 +/- 0.00804142, alpha1=a1=5.25962 +/- 0.0157884, n1=n1=24.3133 +/- 0.0513317, alpha2=a2=2.2584e-05 +/- 0.0228628, n2=n2=69.4075 +/- 1.96338
     p.d.f value is Not-a-Number (-nan), forcing value to zero @ x=mass2mu_corr_shifted_FFTBuffer2=7.919, xp=NULL, mean=m=-4.07654 +/- 0.00396098, width=s=0.701943 +/- 0.00804142, alpha1=a1=5.25962 +/- 0.0157884, n1=n1=24.3133 +/- 0.0513317, alpha2=a2=2.2584e-05 +/- 0.0228628, n2=n2=69.4075 +/- 1.96338
     p.d.f value is Not-a-Number (-nan), forcing value to zero @ x=mass2mu_corr_shifted_FFTBuffer2=7.921, xp=NULL, mean=m=-4.07654 +/- 0.00396098, width=s=0.701943 +/- 0.00804142, alpha1=a1=5.25962 +/- 0.0157884, n1=n1=24.3133 +/- 0.0513317, alpha2=a2=2.2584e-05 +/- 0.0228628, n2=n2=69.4075 +/- 1.96338
     p.d.f value is Not-a-Number (-nan), forcing value to zero @ x=mass2mu_corr_shifted_FFTBuffer2=7.923, xp=NULL, mean=m=-4.07654 +/- 0.00396098, width=s=0.701943 +/- 0.00804142, alpha1=a1=5.25962 +/- 0.0157884, n1=n1=24.3133 +/- 0.0513317, alpha2=a2=2.2584e-05 +/- 0.0228628, n2=n2=69.4075 +/- 1.96338
     p.d.f value is Not-a-Number (-nan), forcing value to zero @ x=mass2mu_corr_shifted_FFTBuffer2=7.925, xp=NULL, mean=m=-4.07654 +/- 0.00396098, width=s=0.701943 +/- 0.00804142, alpha1=a1=5.25962 +/- 0.0157884, n1=n1=24.3133 +/- 0.0513317, alpha2=a2=2.2584e-05 +/- 0.0228628, n2=n2=69.4075 +/- 1.96338
     p.d.f value is Not-a-Number (-nan), forcing value to zero @ x=mass2mu_corr_shifted_FFTBuffer2=7.927, xp=NULL, mean=m=-4.07654 +/- 0.00396098, width=s=0.701943 +/- 0.00804142, alpha1=a1=5.25962 +/- 0.0157884, n1=n1=24.3133 +/- 0.0513317, alpha2=a2=2.2584e-05 +/- 0.0228628, n2=n2=69.4075 +/- 1.96338
    ... (remaining 2038 messages suppressed)

[#1] INFO:Minization -- RooMinimizer::optimizeConst: deactivating const optimization
[#1] INFO:NumericIntegration -- RooRealIntegral::init(dcb_fft_Int[mass2mu_corr]) using numeric integrator RooIntegrator1D to calculate Int(mass2mu_corr)
[#1] INFO:Caching -- RooAbsCachedPdf::getCache(dcbxbw) creating new cache 0x11f594e0 with pdf bw_CONV_dcb_CACHE_Obs[mass2mu_corr] for nset (mass2mu_corr) with code 0
[#1] INFO:Caching -- RooAbsCachedPdf::getCache(dcbxbw) creating new cache 0x122c9cb0 with pdf bw_CONV_dcb_CACHE_Obs[mass2mu_corr] for nset (mass2mu_corr) with code 0 from preexisting content.
