Reading cached build data
Done: ProjectRename
/pool/condor/dir_60621/CMSSW_10_6_12 is the CMSSW I am using on the local worker node
/pool/condor/dir_60621
2017 mc mass2mu_ewk2 eta pos 0 85.0 95.0 unbinned
mu1_hzzid && mu2_hzzid && (trigger24matching1 || trigger24matching2) && RelIso1 < 0.35 && RelIso2 < 0.35 && Sip1 < 4.0 && Sip2 < 4.0 && pt1_corr > 25 && pt2_corr > 5 && abs(eta1) < 2.4 && abs(eta2) < 2.4 &&mass2mu_ewk2 < 95.0 && mass2mu_ewk2 > 85.0 && ((mu1_q_roc== 1 && eta1 > -2.4&& eta1 < -1.8) ||( mu2_q_roc == 1 && eta2 > -2.4&& eta2 < -1.8))
unbinned fit
[#1] INFO:Eval -- RooRealVar::setRange(mass2mu_ewk2) new range named 'refrange_fft_dcbxbw' created with bounds [85,95]
[#1] INFO:NumericIntegration -- RooRealIntegral::init(dcb_fft_Int[mass2mu_ewk2]) using numeric integrator RooIntegrator1D to calculate Int(mass2mu_ewk2)
[#1] INFO:Caching -- RooAbsCachedPdf::getCache(dcbxbw) creating new cache 0x11e85480 with pdf bw_CONV_dcb_CACHE_Obs[mass2mu_ewk2] for nset (mass2mu_ewk2) with code 0
[#1] INFO:Minization -- RooMinimizer::optimizeConst: activating const optimization
[#1] INFO:Minization --  The following expressions have been identified as constant and will be precalculated and cached: (bw)
[#0] WARNING:Minization -- RooMinimizerFcn: Minimized function has error status.
Returning maximum FCN so far (2.21891e+06) to force MIGRAD to back out of this region. Error log follows
Parameter values: a1=0.000300003, a2=68.8193, m=4.59492, n1=61.5075, n2=69.9948, s=7.82957
RooDoubleCB::dcb_fft[ x=mass2mu_ewk2_shifted_FFTBuffer2 xp=NULL mean=m width=s alpha1=a1 n1=n1 alpha2=a2 n2=n2 ]
     p.d.f value is Not-a-Number (-nan), forcing value to zero @ x=mass2mu_ewk2_shifted_FFTBuffer2=2.5455, xp=NULL, mean=m=4.59492, width=s=7.82957, alpha1=a1=0.000300003, n1=n1=61.5075, alpha2=a2=68.8193, n2=n2=69.9948
     p.d.f value is Not-a-Number (-nan), forcing value to zero @ x=mass2mu_ewk2_shifted_FFTBuffer2=2.5465, xp=NULL, mean=m=4.59492, width=s=7.82957, alpha1=a1=0.000300003, n1=n1=61.5075, alpha2=a2=68.8193, n2=n2=69.9948
     p.d.f value is Not-a-Number (-nan), forcing value to zero @ x=mass2mu_ewk2_shifted_FFTBuffer2=2.5475, xp=NULL, mean=m=4.59492, width=s=7.82957, alpha1=a1=0.000300003, n1=n1=61.5075, alpha2=a2=68.8193, n2=n2=69.9948
     p.d.f value is Not-a-Number (-nan), forcing value to zero @ x=mass2mu_ewk2_shifted_FFTBuffer2=2.5485, xp=NULL, mean=m=4.59492, width=s=7.82957, alpha1=a1=0.000300003, n1=n1=61.5075, alpha2=a2=68.8193, n2=n2=69.9948
     p.d.f value is Not-a-Number (-nan), forcing value to zero @ x=mass2mu_ewk2_shifted_FFTBuffer2=2.5495, xp=NULL, mean=m=4.59492, width=s=7.82957, alpha1=a1=0.000300003, n1=n1=61.5075, alpha2=a2=68.8193, n2=n2=69.9948
     p.d.f value is Not-a-Number (-nan), forcing value to zero @ x=mass2mu_ewk2_shifted_FFTBuffer2=2.5505, xp=NULL, mean=m=4.59492, width=s=7.82957, alpha1=a1=0.000300003, n1=n1=61.5075, alpha2=a2=68.8193, n2=n2=69.9948
     p.d.f value is Not-a-Number (-nan), forcing value to zero @ x=mass2mu_ewk2_shifted_FFTBuffer2=2.5515, xp=NULL, mean=m=4.59492, width=s=7.82957, alpha1=a1=0.000300003, n1=n1=61.5075, alpha2=a2=68.8193, n2=n2=69.9948
     p.d.f value is Not-a-Number (-nan), forcing value to zero @ x=mass2mu_ewk2_shifted_FFTBuffer2=2.5525, xp=NULL, mean=m=4.59492, width=s=7.82957, alpha1=a1=0.000300003, n1=n1=61.5075, alpha2=a2=68.8193, n2=n2=69.9948
     p.d.f value is Not-a-Number (-nan), forcing value to zero @ x=mass2mu_ewk2_shifted_FFTBuffer2=2.5535, xp=NULL, mean=m=4.59492, width=s=7.82957, alpha1=a1=0.000300003, n1=n1=61.5075, alpha2=a2=68.8193, n2=n2=69.9948
     p.d.f value is Not-a-Number (-nan), forcing value to zero @ x=mass2mu_ewk2_shifted_FFTBuffer2=2.5545, xp=NULL, mean=m=4.59492, width=s=7.82957, alpha1=a1=0.000300003, n1=n1=61.5075, alpha2=a2=68.8193, n2=n2=69.9948
     p.d.f value is Not-a-Number (-nan), forcing value to zero @ x=mass2mu_ewk2_shifted_FFTBuffer2=2.5555, xp=NULL, mean=m=4.59492, width=s=7.82957, alpha1=a1=0.000300003, n1=n1=61.5075, alpha2=a2=68.8193, n2=n2=69.9948
     p.d.f value is Not-a-Number (-nan), forcing value to zero @ x=mass2mu_ewk2_shifted_FFTBuffer2=2.5565, xp=NULL, mean=m=4.59492, width=s=7.82957, alpha1=a1=0.000300003, n1=n1=61.5075, alpha2=a2=68.8193, n2=n2=69.9948
    ... (remaining 2038 messages suppressed)

[#1] INFO:Minization -- RooMinimizer::optimizeConst: deactivating const optimization
[#1] INFO:NumericIntegration -- RooRealIntegral::init(dcb_fft_Int[mass2mu_ewk2]) using numeric integrator RooIntegrator1D to calculate Int(mass2mu_ewk2)
[#1] INFO:Caching -- RooAbsCachedPdf::getCache(dcbxbw) creating new cache 0x1295a100 with pdf bw_CONV_dcb_CACHE_Obs[mass2mu_ewk2] for nset (mass2mu_ewk2) with code 0
[#1] INFO:Minization -- RooMinimizer::optimizeConst: activating const optimization
[#1] INFO:Minization --  The following expressions have been identified as constant and will be precalculated and cached: (bw)
[#1] INFO:Minization -- RooMinimizer::optimizeConst: deactivating const optimization
[#1] INFO:NumericIntegration -- RooRealIntegral::init(dcb_fft_Int[mass2mu_ewk2]) using numeric integrator RooIntegrator1D to calculate Int(mass2mu_ewk2)
[#1] INFO:Caching -- RooAbsCachedPdf::getCache(dcbxbw) creating new cache 0x126299d0 with pdf bw_CONV_dcb_CACHE_Obs[mass2mu_ewk2] for nset (mass2mu_ewk2) with code 0
[#1] INFO:Caching -- RooAbsCachedPdf::getCache(dcbxbw) creating new cache 0x12b44fa0 with pdf bw_CONV_dcb_CACHE_Obs[mass2mu_ewk2] for nset (mass2mu_ewk2) with code 0 from preexisting content.
