Reading cached build data
Done: ProjectRename
/pool/condor/dir_33335/CMSSW_10_6_12 is the CMSSW I am using on the local worker node
/pool/condor/dir_33335
2017 mc mass2mu_ewk_dt phi neg 5 86.0 96.0 unbinned
mu1_hzzid && mu2_hzzid && (trigger24matching1 || trigger24matching2) && RelIso1 < 0.35 && RelIso2 < 0.35 && Sip1 < 4.0 && Sip2 < 4.0 && pt1_corr > 25 && pt2_corr > 5 && abs(eta1) < 2.4 && abs(eta2) < 2.4 &&mass2mu_ewk_dt < 96.0 && mass2mu_ewk_dt > 86.0 && ((mu1_q_roc==-1 && phi1 > 0.785398163397&& phi1 < 1.57079632679) ||( mu2_q_roc ==-1 && phi2 > 0.785398163397&& phi2 < 1.57079632679))
unbinned fit
[#1] INFO:Eval -- RooRealVar::setRange(mass2mu_ewk_dt) new range named 'refrange_fft_dcbxbw' created with bounds [86,96]
[#1] INFO:NumericIntegration -- RooRealIntegral::init(dcb_fft_Int[mass2mu_ewk_dt]) using numeric integrator RooIntegrator1D to calculate Int(mass2mu_ewk_dt)
[#1] INFO:Caching -- RooAbsCachedPdf::getCache(dcbxbw) creating new cache 0x11921210 with pdf bw_CONV_dcb_CACHE_Obs[mass2mu_ewk_dt] for nset (mass2mu_ewk_dt) with code 0
[#1] INFO:Minization -- RooMinimizer::optimizeConst: activating const optimization
[#1] INFO:Caching -- RooAbsCachedPdf::getCache(dcbxbw) creating new cache 0x126407f0 with pdf bw_CONV_dcb_CACHE_Obs[mass2mu_ewk_dt] for nset (mass2mu_ewk_dt) with code 0 from preexisting content.
[#1] INFO:Minization --  The following expressions have been identified as constant and will be precalculated and cached: (bw)
[#1] INFO:Minization --  The following expressions will be evaluated in cache-and-track mode: (dcbxbw,bkg)
[#0] WARNING:Minization -- RooMinimizerFcn: Minimized function has error status.
Returning maximum FCN so far (4.15122e+06) to force MIGRAD to back out of this region. Error log follows
Parameter values: a1=5.25964, a2=16.4894, fsig=0.959335, m=4.13816, n1=69.2873, n2=69.9974, s=1.59605e-06, tau=-0.843811
RooHistPdf::bw_CONV_dcb_CACHE_Obs[mass2mu_ewk_dt][ pdfObs=(mass2mu_ewk_dt) ]
     p.d.f normalization integral is zero or negative @ pdfObs=(mass2mu_ewk_dt = 86.6748)
     p.d.f normalization integral is zero or negative @ pdfObs=(mass2mu_ewk_dt = 88.0545)
     p.d.f normalization integral is zero or negative @ pdfObs=(mass2mu_ewk_dt = 93.6849)
     p.d.f normalization integral is zero or negative @ pdfObs=(mass2mu_ewk_dt = 90.4915)
     p.d.f normalization integral is zero or negative @ pdfObs=(mass2mu_ewk_dt = 93.0239)
     p.d.f normalization integral is zero or negative @ pdfObs=(mass2mu_ewk_dt = 90.6292)
     p.d.f normalization integral is zero or negative @ pdfObs=(mass2mu_ewk_dt = 94.5586)
     p.d.f normalization integral is zero or negative @ pdfObs=(mass2mu_ewk_dt = 89.7532)
     p.d.f normalization integral is zero or negative @ pdfObs=(mass2mu_ewk_dt = 90.4175)
     p.d.f normalization integral is zero or negative @ pdfObs=(mass2mu_ewk_dt = 88.4838)
     p.d.f normalization integral is zero or negative @ pdfObs=(mass2mu_ewk_dt = 90.6361)
     p.d.f normalization integral is zero or negative @ pdfObs=(mass2mu_ewk_dt = 91.4375)
    ... (remaining 2038 messages suppressed)
RooDoubleCB::dcb_fft[ x=mass2mu_ewk_dt_shifted_FFTBuffer2 xp=NULL mean=m width=s alpha1=a1 n1=n1 alpha2=a2 n2=n2 ]
     p.d.f normalization integral is zero or negative @ x=mass2mu_ewk_dt_shifted_FFTBuffer2=3.9525, xp=NULL, mean=m=4.13816, width=s=1.59605e-06, alpha1=a1=5.25964, n1=n1=69.2873, alpha2=a2=16.4894, n2=n2=69.9974
     p.d.f normalization integral is zero or negative @ x=mass2mu_ewk_dt_shifted_FFTBuffer2=3.9535, xp=NULL, mean=m=4.13816, width=s=1.59605e-06, alpha1=a1=5.25964, n1=n1=69.2873, alpha2=a2=16.4894, n2=n2=69.9974
     p.d.f normalization integral is zero or negative @ x=mass2mu_ewk_dt_shifted_FFTBuffer2=3.9545, xp=NULL, mean=m=4.13816, width=s=1.59605e-06, alpha1=a1=5.25964, n1=n1=69.2873, alpha2=a2=16.4894, n2=n2=69.9974
     p.d.f normalization integral is zero or negative @ x=mass2mu_ewk_dt_shifted_FFTBuffer2=3.9555, xp=NULL, mean=m=4.13816, width=s=1.59605e-06, alpha1=a1=5.25964, n1=n1=69.2873, alpha2=a2=16.4894, n2=n2=69.9974
     p.d.f normalization integral is zero or negative @ x=mass2mu_ewk_dt_shifted_FFTBuffer2=3.9565, xp=NULL, mean=m=4.13816, width=s=1.59605e-06, alpha1=a1=5.25964, n1=n1=69.2873, alpha2=a2=16.4894, n2=n2=69.9974
     p.d.f normalization integral is zero or negative @ x=mass2mu_ewk_dt_shifted_FFTBuffer2=3.9575, xp=NULL, mean=m=4.13816, width=s=1.59605e-06, alpha1=a1=5.25964, n1=n1=69.2873, alpha2=a2=16.4894, n2=n2=69.9974
     p.d.f normalization integral is zero or negative @ x=mass2mu_ewk_dt_shifted_FFTBuffer2=3.9585, xp=NULL, mean=m=4.13816, width=s=1.59605e-06, alpha1=a1=5.25964, n1=n1=69.2873, alpha2=a2=16.4894, n2=n2=69.9974
     p.d.f normalization integral is zero or negative @ x=mass2mu_ewk_dt_shifted_FFTBuffer2=3.9595, xp=NULL, mean=m=4.13816, width=s=1.59605e-06, alpha1=a1=5.25964, n1=n1=69.2873, alpha2=a2=16.4894, n2=n2=69.9974
     p.d.f normalization integral is zero or negative @ x=mass2mu_ewk_dt_shifted_FFTBuffer2=3.9605, xp=NULL, mean=m=4.13816, width=s=1.59605e-06, alpha1=a1=5.25964, n1=n1=69.2873, alpha2=a2=16.4894, n2=n2=69.9974
     p.d.f normalization integral is zero or negative @ x=mass2mu_ewk_dt_shifted_FFTBuffer2=3.9615, xp=NULL, mean=m=4.13816, width=s=1.59605e-06, alpha1=a1=5.25964, n1=n1=69.2873, alpha2=a2=16.4894, n2=n2=69.9974
     p.d.f normalization integral is zero or negative @ x=mass2mu_ewk_dt_shifted_FFTBuffer2=3.9625, xp=NULL, mean=m=4.13816, width=s=1.59605e-06, alpha1=a1=5.25964, n1=n1=69.2873, alpha2=a2=16.4894, n2=n2=69.9974
     p.d.f normalization integral is zero or negative @ x=mass2mu_ewk_dt_shifted_FFTBuffer2=3.9635, xp=NULL, mean=m=4.13816, width=s=1.59605e-06, alpha1=a1=5.25964, n1=n1=69.2873, alpha2=a2=16.4894, n2=n2=69.9974
    ... (remaining 2038 messages suppressed)

[#1] INFO:Minization -- RooMinimizer::optimizeConst: deactivating const optimization
[#1] INFO:NumericIntegration -- RooRealIntegral::init(dcb_fft_Int[mass2mu_ewk_dt]) using numeric integrator RooIntegrator1D to calculate Int(mass2mu_ewk_dt)
[#1] INFO:Caching -- RooAbsCachedPdf::getCache(dcbxbw) creating new cache 0x12498d80 with pdf bw_CONV_dcb_CACHE_Obs[mass2mu_ewk_dt] for nset (mass2mu_ewk_dt) with code 0
[#1] INFO:Minization -- RooMinimizer::optimizeConst: activating const optimization
[#1] INFO:Caching -- RooAbsCachedPdf::getCache(dcbxbw) creating new cache 0x1278f280 with pdf bw_CONV_dcb_CACHE_Obs[mass2mu_ewk_dt] for nset (mass2mu_ewk_dt) with code 0 from preexisting content.
[#1] INFO:Minization --  The following expressions have been identified as constant and will be precalculated and cached: (bw)
[#1] INFO:Minization --  The following expressions will be evaluated in cache-and-track mode: (dcbxbw,bkg)
[#1] INFO:Minization -- RooMinimizer::optimizeConst: deactivating const optimization
[#1] INFO:NumericIntegration -- RooRealIntegral::init(dcb_fft_Int[mass2mu_ewk_dt]) using numeric integrator RooIntegrator1D to calculate Int(mass2mu_ewk_dt)
[#1] INFO:Caching -- RooAbsCachedPdf::getCache(dcbxbw) creating new cache 0x126657a0 with pdf bw_CONV_dcb_CACHE_Obs[mass2mu_ewk_dt] for nset (mass2mu_ewk_dt) with code 0
[#1] INFO:Caching -- RooAbsCachedPdf::getCache(dcbxbw) creating new cache 0x12947cb0 with pdf bw_CONV_dcb_CACHE_Obs[mass2mu_ewk_dt] for nset (mass2mu_ewk_dt) with code 0 from preexisting content.
