Reading cached build data
Done: ProjectRename
/pool/condor/dir_28410/CMSSW_10_6_12 is the CMSSW I am using on the local worker node
/pool/condor/dir_28410
2018 mc mass2mu_ewk_dt eta neg 3 75.0 105.0 unbinned
mu1_hzzid && mu2_hzzid && (trigger24matching1 || trigger24matching2) && RelIso1 < 0.35 && RelIso2 < 0.35 && Sip1 < 4.0 && Sip2 < 4.0 && pt1_corr > 25 && pt2_corr > 5 && abs(eta1) < 2.4 && abs(eta2) < 2.4 &&mass2mu_ewk_dt < 105.0 && mass2mu_ewk_dt > 75.0 && ((mu1_q_roc==-1 && eta1 > -0.6&& eta1 < 0.0) ||( mu2_q_roc ==-1 && eta2 > -0.6&& eta2 < 0.0))
unbinned fit
[#1] INFO:Eval -- RooRealVar::setRange(mass2mu_ewk_dt) new range named 'refrange_fft_dcbxbw' created with bounds [75,105]
[#1] INFO:NumericIntegration -- RooRealIntegral::init(dcb_fft_Int[mass2mu_ewk_dt]) using numeric integrator RooIntegrator1D to calculate Int(mass2mu_ewk_dt)
[#1] INFO:Caching -- RooAbsCachedPdf::getCache(dcbxbw) creating new cache 0x11cac310 with pdf bw_CONV_dcb_CACHE_Obs[mass2mu_ewk_dt] for nset (mass2mu_ewk_dt) with code 0
[#1] INFO:Minization -- RooMinimizer::optimizeConst: activating const optimization
[#1] INFO:Caching -- RooAbsCachedPdf::getCache(dcbxbw) creating new cache 0x11f95000 with pdf bw_CONV_dcb_CACHE_Obs[mass2mu_ewk_dt] for nset (mass2mu_ewk_dt) with code 0 from preexisting content.
[#1] INFO:Minization --  The following expressions have been identified as constant and will be precalculated and cached: (bw)
[#1] INFO:Minization --  The following expressions will be evaluated in cache-and-track mode: (dcbxbw,bkg)
[#1] INFO:Minization -- RooMinimizer::optimizeConst: deactivating const optimization
[#1] INFO:NumericIntegration -- RooRealIntegral::init(dcb_fft_Int[mass2mu_ewk_dt]) using numeric integrator RooIntegrator1D to calculate Int(mass2mu_ewk_dt)
[#1] INFO:Caching -- RooAbsCachedPdf::getCache(dcbxbw) creating new cache 0x11c6d150 with pdf bw_CONV_dcb_CACHE_Obs[mass2mu_ewk_dt] for nset (mass2mu_ewk_dt) with code 0
[#1] INFO:Minization -- RooMinimizer::optimizeConst: activating const optimization
[#1] INFO:Caching -- RooAbsCachedPdf::getCache(dcbxbw) creating new cache 0x11f84c40 with pdf bw_CONV_dcb_CACHE_Obs[mass2mu_ewk_dt] for nset (mass2mu_ewk_dt) with code 0 from preexisting content.
[#1] INFO:Minization --  The following expressions have been identified as constant and will be precalculated and cached: (bw)
[#1] INFO:Minization --  The following expressions will be evaluated in cache-and-track mode: (dcbxbw,bkg)
[#0] WARNING:Minization -- RooMinimizerFcn: Minimized function has error status.
Returning maximum FCN so far (8.16512e+06) to force MIGRAD to back out of this region. Error log follows
Parameter values: a1=0.243741, a2=0.00130509, fsig=0.519168, m=2.63044, n1=61.4532, n2=68.7747, s=9.94474, tau=-0.404505
RooDoubleCB::dcb_fft[ x=mass2mu_ewk_dt_shifted_FFTBuffer2 xp=NULL mean=m width=s alpha1=a1 n1=n1 alpha2=a2 n2=n2 ]
     p.d.f value is Not-a-Number (-nan), forcing value to zero @ x=mass2mu_ewk_dt_shifted_FFTBuffer2=11.8575, xp=NULL, mean=m=2.63044 +/- 2.75491e-05, width=s=9.94474 +/- 4.01326e-05, alpha1=a1=0.243741 +/- 2.99442e-05, n1=n1=61.4532 +/- 4.36248e-05, alpha2=a2=0.00130509 +/- 0.000194639, n2=n2=68.7747 +/- 0.032143
     p.d.f value is Not-a-Number (-nan), forcing value to zero @ x=mass2mu_ewk_dt_shifted_FFTBuffer2=11.8605, xp=NULL, mean=m=2.63044 +/- 2.75491e-05, width=s=9.94474 +/- 4.01326e-05, alpha1=a1=0.243741 +/- 2.99442e-05, n1=n1=61.4532 +/- 4.36248e-05, alpha2=a2=0.00130509 +/- 0.000194639, n2=n2=68.7747 +/- 0.032143
     p.d.f value is Not-a-Number (-nan), forcing value to zero @ x=mass2mu_ewk_dt_shifted_FFTBuffer2=11.8635, xp=NULL, mean=m=2.63044 +/- 2.75491e-05, width=s=9.94474 +/- 4.01326e-05, alpha1=a1=0.243741 +/- 2.99442e-05, n1=n1=61.4532 +/- 4.36248e-05, alpha2=a2=0.00130509 +/- 0.000194639, n2=n2=68.7747 +/- 0.032143
     p.d.f value is Not-a-Number (-nan), forcing value to zero @ x=mass2mu_ewk_dt_shifted_FFTBuffer2=11.8665, xp=NULL, mean=m=2.63044 +/- 2.75491e-05, width=s=9.94474 +/- 4.01326e-05, alpha1=a1=0.243741 +/- 2.99442e-05, n1=n1=61.4532 +/- 4.36248e-05, alpha2=a2=0.00130509 +/- 0.000194639, n2=n2=68.7747 +/- 0.032143
     p.d.f value is Not-a-Number (-nan), forcing value to zero @ x=mass2mu_ewk_dt_shifted_FFTBuffer2=11.8695, xp=NULL, mean=m=2.63044 +/- 2.75491e-05, width=s=9.94474 +/- 4.01326e-05, alpha1=a1=0.243741 +/- 2.99442e-05, n1=n1=61.4532 +/- 4.36248e-05, alpha2=a2=0.00130509 +/- 0.000194639, n2=n2=68.7747 +/- 0.032143
     p.d.f value is Not-a-Number (-nan), forcing value to zero @ x=mass2mu_ewk_dt_shifted_FFTBuffer2=11.8725, xp=NULL, mean=m=2.63044 +/- 2.75491e-05, width=s=9.94474 +/- 4.01326e-05, alpha1=a1=0.243741 +/- 2.99442e-05, n1=n1=61.4532 +/- 4.36248e-05, alpha2=a2=0.00130509 +/- 0.000194639, n2=n2=68.7747 +/- 0.032143
     p.d.f value is Not-a-Number (-nan), forcing value to zero @ x=mass2mu_ewk_dt_shifted_FFTBuffer2=11.8755, xp=NULL, mean=m=2.63044 +/- 2.75491e-05, width=s=9.94474 +/- 4.01326e-05, alpha1=a1=0.243741 +/- 2.99442e-05, n1=n1=61.4532 +/- 4.36248e-05, alpha2=a2=0.00130509 +/- 0.000194639, n2=n2=68.7747 +/- 0.032143
     p.d.f value is Not-a-Number (-nan), forcing value to zero @ x=mass2mu_ewk_dt_shifted_FFTBuffer2=11.8785, xp=NULL, mean=m=2.63044 +/- 2.75491e-05, width=s=9.94474 +/- 4.01326e-05, alpha1=a1=0.243741 +/- 2.99442e-05, n1=n1=61.4532 +/- 4.36248e-05, alpha2=a2=0.00130509 +/- 0.000194639, n2=n2=68.7747 +/- 0.032143
     p.d.f value is Not-a-Number (-nan), forcing value to zero @ x=mass2mu_ewk_dt_shifted_FFTBuffer2=11.8815, xp=NULL, mean=m=2.63044 +/- 2.75491e-05, width=s=9.94474 +/- 4.01326e-05, alpha1=a1=0.243741 +/- 2.99442e-05, n1=n1=61.4532 +/- 4.36248e-05, alpha2=a2=0.00130509 +/- 0.000194639, n2=n2=68.7747 +/- 0.032143
     p.d.f value is Not-a-Number (-nan), forcing value to zero @ x=mass2mu_ewk_dt_shifted_FFTBuffer2=11.8845, xp=NULL, mean=m=2.63044 +/- 2.75491e-05, width=s=9.94474 +/- 4.01326e-05, alpha1=a1=0.243741 +/- 2.99442e-05, n1=n1=61.4532 +/- 4.36248e-05, alpha2=a2=0.00130509 +/- 0.000194639, n2=n2=68.7747 +/- 0.032143
     p.d.f value is Not-a-Number (-nan), forcing value to zero @ x=mass2mu_ewk_dt_shifted_FFTBuffer2=11.8875, xp=NULL, mean=m=2.63044 +/- 2.75491e-05, width=s=9.94474 +/- 4.01326e-05, alpha1=a1=0.243741 +/- 2.99442e-05, n1=n1=61.4532 +/- 4.36248e-05, alpha2=a2=0.00130509 +/- 0.000194639, n2=n2=68.7747 +/- 0.032143
     p.d.f value is Not-a-Number (-nan), forcing value to zero @ x=mass2mu_ewk_dt_shifted_FFTBuffer2=11.8905, xp=NULL, mean=m=2.63044 +/- 2.75491e-05, width=s=9.94474 +/- 4.01326e-05, alpha1=a1=0.243741 +/- 2.99442e-05, n1=n1=61.4532 +/- 4.36248e-05, alpha2=a2=0.00130509 +/- 0.000194639, n2=n2=68.7747 +/- 0.032143
    ... (remaining 2038 messages suppressed)

[#1] INFO:Minization -- RooMinimizer::optimizeConst: deactivating const optimization
[#1] INFO:NumericIntegration -- RooRealIntegral::init(dcb_fft_Int[mass2mu_ewk_dt]) using numeric integrator RooIntegrator1D to calculate Int(mass2mu_ewk_dt)
[#1] INFO:Caching -- RooAbsCachedPdf::getCache(dcbxbw) creating new cache 0x11cfbc50 with pdf bw_CONV_dcb_CACHE_Obs[mass2mu_ewk_dt] for nset (mass2mu_ewk_dt) with code 0
[#1] INFO:Caching -- RooAbsCachedPdf::getCache(dcbxbw) creating new cache 0x11d8d780 with pdf bw_CONV_dcb_CACHE_Obs[mass2mu_ewk_dt] for nset (mass2mu_ewk_dt) with code 0 from preexisting content.
