Reading cached build data
Done: ProjectRename
/pool/condor/dir_16047/CMSSW_10_6_12 is the CMSSW I am using on the local worker node
/pool/condor/dir_16047
2017 data mass2mu_ewk2 phi pos 6 86.0 96.0 binned
mu1_hzzid && mu2_hzzid && (trigger24matching1 || trigger24matching2) && RelIso1 < 0.35 && RelIso2 < 0.35 && Sip1 < 4.0 && Sip2 < 4.0 && pt1_corr > 25 && pt2_corr > 5 && abs(eta1) < 2.4 && abs(eta2) < 2.4 &&mass2mu_ewk2 < 96.0 && mass2mu_ewk2 > 86.0 && ((mu1_q_roc== 1 && phi1 > 1.57079632679&& phi1 < 2.35619449019) ||( mu2_q_roc == 1 && phi2 > 1.57079632679&& phi2 < 2.35619449019))
binned fit
[#1] INFO:Eval -- RooRealVar::setRange(mass2mu_ewk2) new range named 'refrange_fft_dcbxbw' created with bounds [86,96]
[#1] INFO:NumericIntegration -- RooRealIntegral::init(dcb_fft_Int[mass2mu_ewk2]) using numeric integrator RooIntegrator1D to calculate Int(mass2mu_ewk2)
[#1] INFO:Caching -- RooAbsCachedPdf::getCache(dcbxbw) creating new cache 0x1156a5b0 with pdf bw_CONV_dcb_CACHE_Obs[mass2mu_ewk2] for nset (mass2mu_ewk2) with code 0
[#1] INFO:Minization -- RooMinimizer::optimizeConst: activating const optimization
[#1] INFO:Caching -- RooAbsCachedPdf::getCache(dcbxbw) creating new cache 0x11729d50 with pdf bw_CONV_dcb_CACHE_Obs[mass2mu_ewk2] for nset (mass2mu_ewk2) with code 0 from preexisting content.
[#1] INFO:Minization --  The following expressions have been identified as constant and will be precalculated and cached: (bw)
[#1] INFO:Minization --  The following expressions will be evaluated in cache-and-track mode: (dcbxbw,bkg)
[#1] INFO:Minization -- RooMinimizer::optimizeConst: deactivating const optimization
[#1] INFO:NumericIntegration -- RooRealIntegral::init(dcb_fft_Int[mass2mu_ewk2]) using numeric integrator RooIntegrator1D to calculate Int(mass2mu_ewk2)
[#1] INFO:Caching -- RooAbsCachedPdf::getCache(dcbxbw) creating new cache 0x116ebad0 with pdf bw_CONV_dcb_CACHE_Obs[mass2mu_ewk2] for nset (mass2mu_ewk2) with code 0
[#1] INFO:Minization -- RooMinimizer::optimizeConst: activating const optimization
[#1] INFO:Caching -- RooAbsCachedPdf::getCache(dcbxbw) creating new cache 0x11855ae0 with pdf bw_CONV_dcb_CACHE_Obs[mass2mu_ewk2] for nset (mass2mu_ewk2) with code 0 from preexisting content.
[#1] INFO:Minization --  The following expressions have been identified as constant and will be precalculated and cached: (bw)
[#1] INFO:Minization --  The following expressions will be evaluated in cache-and-track mode: (dcbxbw,bkg)
[#0] WARNING:Minization -- RooMinimizerFcn: Minimized function has error status.
Returning maximum FCN so far (8.61677e+06) to force MIGRAD to back out of this region. Error log follows
Parameter values: a1=8.76214e-05, a2=69.5837, fsig=0.597387, m=-2.35, n1=69.8969, n2=69.9798, s=2.01554, tau=0.673307
RooDoubleCB::dcb_fft[ x=mass2mu_ewk2_shifted_FFTBuffer2 xp=NULL mean=m width=s alpha1=a1 n1=n1 alpha2=a2 n2=n2 ]
     p.d.f value is Not-a-Number (-nan), forcing value to zero @ x=mass2mu_ewk2_shifted_FFTBuffer2=-4.3975, xp=NULL, mean=m=-2.35 +/- 0.00412668, width=s=2.01554 +/- 0.00767811, alpha1=a1=8.76214e-05 +/- 0.0161953, n1=n1=69.8969 +/- 8.57403, alpha2=a2=69.5837 +/- 0.021641, n2=n2=69.9798 +/- 8.4214
     p.d.f value is Not-a-Number (-nan), forcing value to zero @ x=mass2mu_ewk2_shifted_FFTBuffer2=-4.3965, xp=NULL, mean=m=-2.35 +/- 0.00412668, width=s=2.01554 +/- 0.00767811, alpha1=a1=8.76214e-05 +/- 0.0161953, n1=n1=69.8969 +/- 8.57403, alpha2=a2=69.5837 +/- 0.021641, n2=n2=69.9798 +/- 8.4214
     p.d.f value is Not-a-Number (-nan), forcing value to zero @ x=mass2mu_ewk2_shifted_FFTBuffer2=-4.3955, xp=NULL, mean=m=-2.35 +/- 0.00412668, width=s=2.01554 +/- 0.00767811, alpha1=a1=8.76214e-05 +/- 0.0161953, n1=n1=69.8969 +/- 8.57403, alpha2=a2=69.5837 +/- 0.021641, n2=n2=69.9798 +/- 8.4214
     p.d.f value is Not-a-Number (-nan), forcing value to zero @ x=mass2mu_ewk2_shifted_FFTBuffer2=-4.3945, xp=NULL, mean=m=-2.35 +/- 0.00412668, width=s=2.01554 +/- 0.00767811, alpha1=a1=8.76214e-05 +/- 0.0161953, n1=n1=69.8969 +/- 8.57403, alpha2=a2=69.5837 +/- 0.021641, n2=n2=69.9798 +/- 8.4214
     p.d.f value is Not-a-Number (-nan), forcing value to zero @ x=mass2mu_ewk2_shifted_FFTBuffer2=-4.3935, xp=NULL, mean=m=-2.35 +/- 0.00412668, width=s=2.01554 +/- 0.00767811, alpha1=a1=8.76214e-05 +/- 0.0161953, n1=n1=69.8969 +/- 8.57403, alpha2=a2=69.5837 +/- 0.021641, n2=n2=69.9798 +/- 8.4214
     p.d.f value is Not-a-Number (-nan), forcing value to zero @ x=mass2mu_ewk2_shifted_FFTBuffer2=-4.3925, xp=NULL, mean=m=-2.35 +/- 0.00412668, width=s=2.01554 +/- 0.00767811, alpha1=a1=8.76214e-05 +/- 0.0161953, n1=n1=69.8969 +/- 8.57403, alpha2=a2=69.5837 +/- 0.021641, n2=n2=69.9798 +/- 8.4214
     p.d.f value is Not-a-Number (-nan), forcing value to zero @ x=mass2mu_ewk2_shifted_FFTBuffer2=-4.3915, xp=NULL, mean=m=-2.35 +/- 0.00412668, width=s=2.01554 +/- 0.00767811, alpha1=a1=8.76214e-05 +/- 0.0161953, n1=n1=69.8969 +/- 8.57403, alpha2=a2=69.5837 +/- 0.021641, n2=n2=69.9798 +/- 8.4214
     p.d.f value is Not-a-Number (-nan), forcing value to zero @ x=mass2mu_ewk2_shifted_FFTBuffer2=-4.3905, xp=NULL, mean=m=-2.35 +/- 0.00412668, width=s=2.01554 +/- 0.00767811, alpha1=a1=8.76214e-05 +/- 0.0161953, n1=n1=69.8969 +/- 8.57403, alpha2=a2=69.5837 +/- 0.021641, n2=n2=69.9798 +/- 8.4214
     p.d.f value is Not-a-Number (-nan), forcing value to zero @ x=mass2mu_ewk2_shifted_FFTBuffer2=-4.3895, xp=NULL, mean=m=-2.35 +/- 0.00412668, width=s=2.01554 +/- 0.00767811, alpha1=a1=8.76214e-05 +/- 0.0161953, n1=n1=69.8969 +/- 8.57403, alpha2=a2=69.5837 +/- 0.021641, n2=n2=69.9798 +/- 8.4214
     p.d.f value is Not-a-Number (-nan), forcing value to zero @ x=mass2mu_ewk2_shifted_FFTBuffer2=-4.3885, xp=NULL, mean=m=-2.35 +/- 0.00412668, width=s=2.01554 +/- 0.00767811, alpha1=a1=8.76214e-05 +/- 0.0161953, n1=n1=69.8969 +/- 8.57403, alpha2=a2=69.5837 +/- 0.021641, n2=n2=69.9798 +/- 8.4214
     p.d.f value is Not-a-Number (-nan), forcing value to zero @ x=mass2mu_ewk2_shifted_FFTBuffer2=-4.3875, xp=NULL, mean=m=-2.35 +/- 0.00412668, width=s=2.01554 +/- 0.00767811, alpha1=a1=8.76214e-05 +/- 0.0161953, n1=n1=69.8969 +/- 8.57403, alpha2=a2=69.5837 +/- 0.021641, n2=n2=69.9798 +/- 8.4214
     p.d.f value is Not-a-Number (-nan), forcing value to zero @ x=mass2mu_ewk2_shifted_FFTBuffer2=-4.3865, xp=NULL, mean=m=-2.35 +/- 0.00412668, width=s=2.01554 +/- 0.00767811, alpha1=a1=8.76214e-05 +/- 0.0161953, n1=n1=69.8969 +/- 8.57403, alpha2=a2=69.5837 +/- 0.021641, n2=n2=69.9798 +/- 8.4214
    ... (remaining 2038 messages suppressed)

[#1] INFO:Minization -- RooMinimizer::optimizeConst: deactivating const optimization
[#1] INFO:NumericIntegration -- RooRealIntegral::init(dcb_fft_Int[mass2mu_ewk2]) using numeric integrator RooIntegrator1D to calculate Int(mass2mu_ewk2)
[#1] INFO:Caching -- RooAbsCachedPdf::getCache(dcbxbw) creating new cache 0x118ebde0 with pdf bw_CONV_dcb_CACHE_Obs[mass2mu_ewk2] for nset (mass2mu_ewk2) with code 0
[#1] INFO:Caching -- RooAbsCachedPdf::getCache(dcbxbw) creating new cache 0x11795580 with pdf bw_CONV_dcb_CACHE_Obs[mass2mu_ewk2] for nset (mass2mu_ewk2) with code 0 from preexisting content.
