Reading cached build data
Done: ProjectRename
/pool/condor/dir_518/CMSSW_10_6_12 is the CMSSW I am using on the local worker node
/pool/condor/dir_518
2016a mc mass2mu_dm_dt phi pos 5 86.0 96.0 unbinned
mu1_hzzid && mu2_hzzid && (trigger24matching1 || trigger24matching2) && RelIso1 < 0.35 && RelIso2 < 0.35 && Sip1 < 4.0 && Sip2 < 4.0 && pt1_corr > 25 && pt2_corr > 5 && abs(eta1) < 2.4 && abs(eta2) < 2.4 &&mass2mu_dm_dt < 96.0 && mass2mu_dm_dt > 86.0 && ((mu1_q_roc== 1 && phi1 > 0.785398163397&& phi1 < 1.57079632679) ||( mu2_q_roc == 1 && phi2 > 0.785398163397&& phi2 < 1.57079632679))
unbinned fit
[#1] INFO:Eval -- RooRealVar::setRange(mass2mu_dm_dt) new range named 'refrange_fft_dcbxbw' created with bounds [86,96]
[#1] INFO:NumericIntegration -- RooRealIntegral::init(dcb_fft_Int[mass2mu_dm_dt]) using numeric integrator RooIntegrator1D to calculate Int(mass2mu_dm_dt)
[#1] INFO:Caching -- RooAbsCachedPdf::getCache(dcbxbw) creating new cache 0x11438460 with pdf bw_CONV_dcb_CACHE_Obs[mass2mu_dm_dt] for nset (mass2mu_dm_dt) with code 0
[#1] INFO:Minization -- RooMinimizer::optimizeConst: activating const optimization
[#1] INFO:Caching -- RooAbsCachedPdf::getCache(dcbxbw) creating new cache 0x120707b0 with pdf bw_CONV_dcb_CACHE_Obs[mass2mu_dm_dt] for nset (mass2mu_dm_dt) with code 0 from preexisting content.
[#1] INFO:Minization --  The following expressions have been identified as constant and will be precalculated and cached: (bw)
[#1] INFO:Minization --  The following expressions will be evaluated in cache-and-track mode: (dcbxbw,bkg)
[#1] INFO:Minization -- RooMinimizer::optimizeConst: deactivating const optimization
[#1] INFO:NumericIntegration -- RooRealIntegral::init(dcb_fft_Int[mass2mu_dm_dt]) using numeric integrator RooIntegrator1D to calculate Int(mass2mu_dm_dt)
[#1] INFO:Caching -- RooAbsCachedPdf::getCache(dcbxbw) creating new cache 0x1211f030 with pdf bw_CONV_dcb_CACHE_Obs[mass2mu_dm_dt] for nset (mass2mu_dm_dt) with code 0
[#1] INFO:Minization -- RooMinimizer::optimizeConst: activating const optimization
[#1] INFO:Caching -- RooAbsCachedPdf::getCache(dcbxbw) creating new cache 0x12116f90 with pdf bw_CONV_dcb_CACHE_Obs[mass2mu_dm_dt] for nset (mass2mu_dm_dt) with code 0 from preexisting content.
[#1] INFO:Minization --  The following expressions have been identified as constant and will be precalculated and cached: (bw)
[#1] INFO:Minization --  The following expressions will be evaluated in cache-and-track mode: (dcbxbw,bkg)
[#0] WARNING:Minization -- RooMinimizerFcn: Minimized function has error status.
Returning maximum FCN so far (2.62465e+06) to force MIGRAD to back out of this region. Error log follows
Parameter values: a1=6.00803, a2=0.000111612, fsig=0.842461, m=1.18318, n1=66.7718, n2=69.9998, s=0.00899011, tau=-0.902571
RooDoubleCB::dcb_fft[ x=mass2mu_dm_dt_shifted_FFTBuffer2 xp=NULL mean=m width=s alpha1=a1 n1=n1 alpha2=a2 n2=n2 ]
     p.d.f value is Not-a-Number (-nan), forcing value to zero @ x=mass2mu_dm_dt_shifted_FFTBuffer2=3.9525, xp=NULL, mean=m=1.18318 +/- 0.00650242, width=s=0.00899011 +/- 0.014195, alpha1=a1=6.00803 +/- 0.0355895, n1=n1=66.7718 +/- 14.6439, alpha2=a2=0.000111612 +/- 0.042317, n2=n2=69.9998 +/- 48.3709
     p.d.f value is Not-a-Number (-nan), forcing value to zero @ x=mass2mu_dm_dt_shifted_FFTBuffer2=3.9535, xp=NULL, mean=m=1.18318 +/- 0.00650242, width=s=0.00899011 +/- 0.014195, alpha1=a1=6.00803 +/- 0.0355895, n1=n1=66.7718 +/- 14.6439, alpha2=a2=0.000111612 +/- 0.042317, n2=n2=69.9998 +/- 48.3709
     p.d.f value is Not-a-Number (-nan), forcing value to zero @ x=mass2mu_dm_dt_shifted_FFTBuffer2=3.9545, xp=NULL, mean=m=1.18318 +/- 0.00650242, width=s=0.00899011 +/- 0.014195, alpha1=a1=6.00803 +/- 0.0355895, n1=n1=66.7718 +/- 14.6439, alpha2=a2=0.000111612 +/- 0.042317, n2=n2=69.9998 +/- 48.3709
     p.d.f value is Not-a-Number (-nan), forcing value to zero @ x=mass2mu_dm_dt_shifted_FFTBuffer2=3.9555, xp=NULL, mean=m=1.18318 +/- 0.00650242, width=s=0.00899011 +/- 0.014195, alpha1=a1=6.00803 +/- 0.0355895, n1=n1=66.7718 +/- 14.6439, alpha2=a2=0.000111612 +/- 0.042317, n2=n2=69.9998 +/- 48.3709
     p.d.f value is Not-a-Number (-nan), forcing value to zero @ x=mass2mu_dm_dt_shifted_FFTBuffer2=3.9565, xp=NULL, mean=m=1.18318 +/- 0.00650242, width=s=0.00899011 +/- 0.014195, alpha1=a1=6.00803 +/- 0.0355895, n1=n1=66.7718 +/- 14.6439, alpha2=a2=0.000111612 +/- 0.042317, n2=n2=69.9998 +/- 48.3709
     p.d.f value is Not-a-Number (-nan), forcing value to zero @ x=mass2mu_dm_dt_shifted_FFTBuffer2=3.9575, xp=NULL, mean=m=1.18318 +/- 0.00650242, width=s=0.00899011 +/- 0.014195, alpha1=a1=6.00803 +/- 0.0355895, n1=n1=66.7718 +/- 14.6439, alpha2=a2=0.000111612 +/- 0.042317, n2=n2=69.9998 +/- 48.3709
     p.d.f value is Not-a-Number (-nan), forcing value to zero @ x=mass2mu_dm_dt_shifted_FFTBuffer2=3.9585, xp=NULL, mean=m=1.18318 +/- 0.00650242, width=s=0.00899011 +/- 0.014195, alpha1=a1=6.00803 +/- 0.0355895, n1=n1=66.7718 +/- 14.6439, alpha2=a2=0.000111612 +/- 0.042317, n2=n2=69.9998 +/- 48.3709
     p.d.f value is Not-a-Number (-nan), forcing value to zero @ x=mass2mu_dm_dt_shifted_FFTBuffer2=3.9595, xp=NULL, mean=m=1.18318 +/- 0.00650242, width=s=0.00899011 +/- 0.014195, alpha1=a1=6.00803 +/- 0.0355895, n1=n1=66.7718 +/- 14.6439, alpha2=a2=0.000111612 +/- 0.042317, n2=n2=69.9998 +/- 48.3709
     p.d.f value is Not-a-Number (-nan), forcing value to zero @ x=mass2mu_dm_dt_shifted_FFTBuffer2=3.9605, xp=NULL, mean=m=1.18318 +/- 0.00650242, width=s=0.00899011 +/- 0.014195, alpha1=a1=6.00803 +/- 0.0355895, n1=n1=66.7718 +/- 14.6439, alpha2=a2=0.000111612 +/- 0.042317, n2=n2=69.9998 +/- 48.3709
     p.d.f value is Not-a-Number (-nan), forcing value to zero @ x=mass2mu_dm_dt_shifted_FFTBuffer2=3.9615, xp=NULL, mean=m=1.18318 +/- 0.00650242, width=s=0.00899011 +/- 0.014195, alpha1=a1=6.00803 +/- 0.0355895, n1=n1=66.7718 +/- 14.6439, alpha2=a2=0.000111612 +/- 0.042317, n2=n2=69.9998 +/- 48.3709
     p.d.f value is Not-a-Number (-nan), forcing value to zero @ x=mass2mu_dm_dt_shifted_FFTBuffer2=3.9625, xp=NULL, mean=m=1.18318 +/- 0.00650242, width=s=0.00899011 +/- 0.014195, alpha1=a1=6.00803 +/- 0.0355895, n1=n1=66.7718 +/- 14.6439, alpha2=a2=0.000111612 +/- 0.042317, n2=n2=69.9998 +/- 48.3709
     p.d.f value is Not-a-Number (-nan), forcing value to zero @ x=mass2mu_dm_dt_shifted_FFTBuffer2=3.9635, xp=NULL, mean=m=1.18318 +/- 0.00650242, width=s=0.00899011 +/- 0.014195, alpha1=a1=6.00803 +/- 0.0355895, n1=n1=66.7718 +/- 14.6439, alpha2=a2=0.000111612 +/- 0.042317, n2=n2=69.9998 +/- 48.3709
    ... (remaining 2038 messages suppressed)

[#1] INFO:Minization -- RooMinimizer::optimizeConst: deactivating const optimization
[#1] INFO:NumericIntegration -- RooRealIntegral::init(dcb_fft_Int[mass2mu_dm_dt]) using numeric integrator RooIntegrator1D to calculate Int(mass2mu_dm_dt)
[#1] INFO:Caching -- RooAbsCachedPdf::getCache(dcbxbw) creating new cache 0x1203f8f0 with pdf bw_CONV_dcb_CACHE_Obs[mass2mu_dm_dt] for nset (mass2mu_dm_dt) with code 0
[#1] INFO:Caching -- RooAbsCachedPdf::getCache(dcbxbw) creating new cache 0x6d1e1d0 with pdf bw_CONV_dcb_CACHE_Obs[mass2mu_dm_dt] for nset (mass2mu_dm_dt) with code 0 from preexisting content.
