Reading cached build data
Done: ProjectRename
/pool/condor/dir_6544/CMSSW_10_6_12 is the CMSSW I am using on the local worker node
/pool/condor/dir_6544
2016b mc mass2mu_ewk2 eta neg 4 80.0 100.0 unbinned
mu1_hzzid && mu2_hzzid && (trigger24matching1 || trigger24matching2) && RelIso1 < 0.35 && RelIso2 < 0.35 && Sip1 < 4.0 && Sip2 < 4.0 && pt1_corr > 25 && pt2_corr > 5 && abs(eta1) < 2.4 && abs(eta2) < 2.4 &&mass2mu_ewk2 < 100.0 && mass2mu_ewk2 > 80.0 && ((mu1_q_roc==-1 && eta1 > 0.0&& eta1 < 0.6) ||( mu2_q_roc ==-1 && eta2 > 0.0&& eta2 < 0.6))
unbinned fit
[#1] INFO:Eval -- RooRealVar::setRange(mass2mu_ewk2) new range named 'refrange_fft_dcbxbw' created with bounds [80,100]
[#1] INFO:NumericIntegration -- RooRealIntegral::init(dcb_fft_Int[mass2mu_ewk2]) using numeric integrator RooIntegrator1D to calculate Int(mass2mu_ewk2)
[#1] INFO:Caching -- RooAbsCachedPdf::getCache(dcbxbw) creating new cache 0x5706e80 with pdf bw_CONV_dcb_CACHE_Obs[mass2mu_ewk2] for nset (mass2mu_ewk2) with code 0
[#1] INFO:Minization -- RooMinimizer::optimizeConst: activating const optimization
[#1] INFO:Caching -- RooAbsCachedPdf::getCache(dcbxbw) creating new cache 0xfbcedb0 with pdf bw_CONV_dcb_CACHE_Obs[mass2mu_ewk2] for nset (mass2mu_ewk2) with code 0 from preexisting content.
[#1] INFO:Minization --  The following expressions have been identified as constant and will be precalculated and cached: (bw)
[#1] INFO:Minization --  The following expressions will be evaluated in cache-and-track mode: (dcbxbw,bkg)
[#1] INFO:Minization -- RooMinimizer::optimizeConst: deactivating const optimization
[#1] INFO:NumericIntegration -- RooRealIntegral::init(dcb_fft_Int[mass2mu_ewk2]) using numeric integrator RooIntegrator1D to calculate Int(mass2mu_ewk2)
[#1] INFO:Caching -- RooAbsCachedPdf::getCache(dcbxbw) creating new cache 0xfbd4580 with pdf bw_CONV_dcb_CACHE_Obs[mass2mu_ewk2] for nset (mass2mu_ewk2) with code 0
[#1] INFO:Minization -- RooMinimizer::optimizeConst: activating const optimization
[#1] INFO:Caching -- RooAbsCachedPdf::getCache(dcbxbw) creating new cache 0x11ff48f0 with pdf bw_CONV_dcb_CACHE_Obs[mass2mu_ewk2] for nset (mass2mu_ewk2) with code 0 from preexisting content.
[#1] INFO:Minization --  The following expressions have been identified as constant and will be precalculated and cached: (bw)
[#1] INFO:Minization --  The following expressions will be evaluated in cache-and-track mode: (dcbxbw,bkg)
[#0] WARNING:Minization -- RooMinimizerFcn: Minimized function has error status.
Returning maximum FCN so far (6.99716e+06) to force MIGRAD to back out of this region. Error log follows
Parameter values: a1=0.533242, a2=0.00210741, fsig=0.787667, m=0.252289, n1=25.7985, n2=69.7631, s=0.261415, tau=0.708603
RooDoubleCB::dcb_fft[ x=mass2mu_ewk2_shifted_FFTBuffer2 xp=NULL mean=m width=s alpha1=a1 n1=n1 alpha2=a2 n2=n2 ]
     p.d.f value is Not-a-Number (-nan), forcing value to zero @ x=mass2mu_ewk2_shifted_FFTBuffer2=7.905, xp=NULL, mean=m=0.252289 +/- 0.0030719, width=s=0.261415 +/- 0.00582161, alpha1=a1=0.533242 +/- 0.013222, n1=n1=25.7985 +/- 0.0261194, alpha2=a2=0.00210741 +/- 0.0323422, n2=n2=69.7631 +/- 8.0939
     p.d.f value is Not-a-Number (-nan), forcing value to zero @ x=mass2mu_ewk2_shifted_FFTBuffer2=7.907, xp=NULL, mean=m=0.252289 +/- 0.0030719, width=s=0.261415 +/- 0.00582161, alpha1=a1=0.533242 +/- 0.013222, n1=n1=25.7985 +/- 0.0261194, alpha2=a2=0.00210741 +/- 0.0323422, n2=n2=69.7631 +/- 8.0939
     p.d.f value is Not-a-Number (-nan), forcing value to zero @ x=mass2mu_ewk2_shifted_FFTBuffer2=7.909, xp=NULL, mean=m=0.252289 +/- 0.0030719, width=s=0.261415 +/- 0.00582161, alpha1=a1=0.533242 +/- 0.013222, n1=n1=25.7985 +/- 0.0261194, alpha2=a2=0.00210741 +/- 0.0323422, n2=n2=69.7631 +/- 8.0939
     p.d.f value is Not-a-Number (-nan), forcing value to zero @ x=mass2mu_ewk2_shifted_FFTBuffer2=7.911, xp=NULL, mean=m=0.252289 +/- 0.0030719, width=s=0.261415 +/- 0.00582161, alpha1=a1=0.533242 +/- 0.013222, n1=n1=25.7985 +/- 0.0261194, alpha2=a2=0.00210741 +/- 0.0323422, n2=n2=69.7631 +/- 8.0939
     p.d.f value is Not-a-Number (-nan), forcing value to zero @ x=mass2mu_ewk2_shifted_FFTBuffer2=7.913, xp=NULL, mean=m=0.252289 +/- 0.0030719, width=s=0.261415 +/- 0.00582161, alpha1=a1=0.533242 +/- 0.013222, n1=n1=25.7985 +/- 0.0261194, alpha2=a2=0.00210741 +/- 0.0323422, n2=n2=69.7631 +/- 8.0939
     p.d.f value is Not-a-Number (-nan), forcing value to zero @ x=mass2mu_ewk2_shifted_FFTBuffer2=7.915, xp=NULL, mean=m=0.252289 +/- 0.0030719, width=s=0.261415 +/- 0.00582161, alpha1=a1=0.533242 +/- 0.013222, n1=n1=25.7985 +/- 0.0261194, alpha2=a2=0.00210741 +/- 0.0323422, n2=n2=69.7631 +/- 8.0939
     p.d.f value is Not-a-Number (-nan), forcing value to zero @ x=mass2mu_ewk2_shifted_FFTBuffer2=7.917, xp=NULL, mean=m=0.252289 +/- 0.0030719, width=s=0.261415 +/- 0.00582161, alpha1=a1=0.533242 +/- 0.013222, n1=n1=25.7985 +/- 0.0261194, alpha2=a2=0.00210741 +/- 0.0323422, n2=n2=69.7631 +/- 8.0939
     p.d.f value is Not-a-Number (-nan), forcing value to zero @ x=mass2mu_ewk2_shifted_FFTBuffer2=7.919, xp=NULL, mean=m=0.252289 +/- 0.0030719, width=s=0.261415 +/- 0.00582161, alpha1=a1=0.533242 +/- 0.013222, n1=n1=25.7985 +/- 0.0261194, alpha2=a2=0.00210741 +/- 0.0323422, n2=n2=69.7631 +/- 8.0939
     p.d.f value is Not-a-Number (-nan), forcing value to zero @ x=mass2mu_ewk2_shifted_FFTBuffer2=7.921, xp=NULL, mean=m=0.252289 +/- 0.0030719, width=s=0.261415 +/- 0.00582161, alpha1=a1=0.533242 +/- 0.013222, n1=n1=25.7985 +/- 0.0261194, alpha2=a2=0.00210741 +/- 0.0323422, n2=n2=69.7631 +/- 8.0939
     p.d.f value is Not-a-Number (-nan), forcing value to zero @ x=mass2mu_ewk2_shifted_FFTBuffer2=7.923, xp=NULL, mean=m=0.252289 +/- 0.0030719, width=s=0.261415 +/- 0.00582161, alpha1=a1=0.533242 +/- 0.013222, n1=n1=25.7985 +/- 0.0261194, alpha2=a2=0.00210741 +/- 0.0323422, n2=n2=69.7631 +/- 8.0939
     p.d.f value is Not-a-Number (-nan), forcing value to zero @ x=mass2mu_ewk2_shifted_FFTBuffer2=7.925, xp=NULL, mean=m=0.252289 +/- 0.0030719, width=s=0.261415 +/- 0.00582161, alpha1=a1=0.533242 +/- 0.013222, n1=n1=25.7985 +/- 0.0261194, alpha2=a2=0.00210741 +/- 0.0323422, n2=n2=69.7631 +/- 8.0939
     p.d.f value is Not-a-Number (-nan), forcing value to zero @ x=mass2mu_ewk2_shifted_FFTBuffer2=7.927, xp=NULL, mean=m=0.252289 +/- 0.0030719, width=s=0.261415 +/- 0.00582161, alpha1=a1=0.533242 +/- 0.013222, n1=n1=25.7985 +/- 0.0261194, alpha2=a2=0.00210741 +/- 0.0323422, n2=n2=69.7631 +/- 8.0939
    ... (remaining 2038 messages suppressed)

[#1] INFO:Minization -- RooMinimizer::optimizeConst: deactivating const optimization
[#1] INFO:NumericIntegration -- RooRealIntegral::init(dcb_fft_Int[mass2mu_ewk2]) using numeric integrator RooIntegrator1D to calculate Int(mass2mu_ewk2)
[#1] INFO:Caching -- RooAbsCachedPdf::getCache(dcbxbw) creating new cache 0x11fbadf0 with pdf bw_CONV_dcb_CACHE_Obs[mass2mu_ewk2] for nset (mass2mu_ewk2) with code 0
[#1] INFO:Caching -- RooAbsCachedPdf::getCache(dcbxbw) creating new cache 0x12280de0 with pdf bw_CONV_dcb_CACHE_Obs[mass2mu_ewk2] for nset (mass2mu_ewk2) with code 0 from preexisting content.
