Reading cached build data
Done: ProjectRename
/pool/condor/dir_2499/CMSSW_10_6_12 is the CMSSW I am using on the local worker node
/pool/condor/dir_2499
2016a mc mass2mu_ewk_dt eta pos 2 80.0 100.0 unbinned
mu1_hzzid && mu2_hzzid && (trigger24matching1 || trigger24matching2) && RelIso1 < 0.35 && RelIso2 < 0.35 && Sip1 < 4.0 && Sip2 < 4.0 && pt1_corr > 25 && pt2_corr > 5 && abs(eta1) < 2.4 && abs(eta2) < 2.4 &&mass2mu_ewk_dt < 100.0 && mass2mu_ewk_dt > 80.0 && ((mu1_q_roc== 1 && eta1 > -1.2&& eta1 < -0.6) ||( mu2_q_roc == 1 && eta2 > -1.2&& eta2 < -0.6))
unbinned fit
[#1] INFO:Eval -- RooRealVar::setRange(mass2mu_ewk_dt) new range named 'refrange_fft_dcbxbw' created with bounds [80,100]
[#1] INFO:NumericIntegration -- RooRealIntegral::init(dcb_fft_Int[mass2mu_ewk_dt]) using numeric integrator RooIntegrator1D to calculate Int(mass2mu_ewk_dt)
[#1] INFO:Caching -- RooAbsCachedPdf::getCache(dcbxbw) creating new cache 0x10f0c050 with pdf bw_CONV_dcb_CACHE_Obs[mass2mu_ewk_dt] for nset (mass2mu_ewk_dt) with code 0
[#1] INFO:Minization -- RooMinimizer::optimizeConst: activating const optimization
[#1] INFO:Caching -- RooAbsCachedPdf::getCache(dcbxbw) creating new cache 0x11f380f0 with pdf bw_CONV_dcb_CACHE_Obs[mass2mu_ewk_dt] for nset (mass2mu_ewk_dt) with code 0 from preexisting content.
[#1] INFO:Minization --  The following expressions have been identified as constant and will be precalculated and cached: (bw)
[#1] INFO:Minization --  The following expressions will be evaluated in cache-and-track mode: (dcbxbw,bkg)
[#1] INFO:Minization -- RooMinimizer::optimizeConst: deactivating const optimization
[#1] INFO:NumericIntegration -- RooRealIntegral::init(dcb_fft_Int[mass2mu_ewk_dt]) using numeric integrator RooIntegrator1D to calculate Int(mass2mu_ewk_dt)
[#1] INFO:Caching -- RooAbsCachedPdf::getCache(dcbxbw) creating new cache 0x11e4a3d0 with pdf bw_CONV_dcb_CACHE_Obs[mass2mu_ewk_dt] for nset (mass2mu_ewk_dt) with code 0
[#1] INFO:Minization -- RooMinimizer::optimizeConst: activating const optimization
[#1] INFO:Caching -- RooAbsCachedPdf::getCache(dcbxbw) creating new cache 0x11da9a30 with pdf bw_CONV_dcb_CACHE_Obs[mass2mu_ewk_dt] for nset (mass2mu_ewk_dt) with code 0 from preexisting content.
[#1] INFO:Minization --  The following expressions have been identified as constant and will be precalculated and cached: (bw)
[#1] INFO:Minization --  The following expressions will be evaluated in cache-and-track mode: (dcbxbw,bkg)
[#1] INFO:Minization -- RooMinimizer::optimizeConst: deactivating const optimization
[#1] INFO:NumericIntegration -- RooRealIntegral::init(dcb_fft_Int[mass2mu_ewk_dt]) using numeric integrator RooIntegrator1D to calculate Int(mass2mu_ewk_dt)
[#1] INFO:Caching -- RooAbsCachedPdf::getCache(dcbxbw) creating new cache 0x11dc7740 with pdf bw_CONV_dcb_CACHE_Obs[mass2mu_ewk_dt] for nset (mass2mu_ewk_dt) with code 0
[#1] INFO:Caching -- RooAbsCachedPdf::getCache(dcbxbw) creating new cache 0x12005780 with pdf bw_CONV_dcb_CACHE_Obs[mass2mu_ewk_dt] for nset (mass2mu_ewk_dt) with code 0 from preexisting content.
