Reading cached build data
Done: ProjectRename
/pool/condor/dir_7802/CMSSW_10_6_12 is the CMSSW I am using on the local worker node
/pool/condor/dir_7802
2016a data mass2mu_ewk2 phi pos 2 86.0 96.0 unbinned
mu1_hzzid && mu2_hzzid && (trigger24matching1 || trigger24matching2) && RelIso1 < 0.35 && RelIso2 < 0.35 && Sip1 < 4.0 && Sip2 < 4.0 && pt1_corr > 25 && pt2_corr > 5 && abs(eta1) < 2.4 && abs(eta2) < 2.4 &&mass2mu_ewk2 < 96.0 && mass2mu_ewk2 > 86.0 && ((mu1_q_roc== 1 && phi1 > -1.57079632679&& phi1 < -0.785398163397) ||( mu2_q_roc == 1 && phi2 > -1.57079632679&& phi2 < -0.785398163397))
unbinned fit
[#1] INFO:Eval -- RooRealVar::setRange(mass2mu_ewk2) new range named 'refrange_fft_dcbxbw' created with bounds [86,96]
[#1] INFO:NumericIntegration -- RooRealIntegral::init(dcb_fft_Int[mass2mu_ewk2]) using numeric integrator RooIntegrator1D to calculate Int(mass2mu_ewk2)
[#1] INFO:Caching -- RooAbsCachedPdf::getCache(dcbxbw) creating new cache 0x11bce9e0 with pdf bw_CONV_dcb_CACHE_Obs[mass2mu_ewk2] for nset (mass2mu_ewk2) with code 0
[#1] INFO:Minization -- RooMinimizer::optimizeConst: activating const optimization
[#1] INFO:Caching -- RooAbsCachedPdf::getCache(dcbxbw) creating new cache 0x12a0af60 with pdf bw_CONV_dcb_CACHE_Obs[mass2mu_ewk2] for nset (mass2mu_ewk2) with code 0 from preexisting content.
[#1] INFO:Minization --  The following expressions have been identified as constant and will be precalculated and cached: (bw)
[#1] INFO:Minization --  The following expressions will be evaluated in cache-and-track mode: (dcbxbw,bkg)
[#0] WARNING:Minization -- RooMinimizerFcn: Minimized function has error status.
Returning maximum FCN so far (4.69063e+06) to force MIGRAD to back out of this region. Error log follows
Parameter values: a1=4.50893e-05, a2=25.9338, fsig=0.962331, m=-4.99856, n1=61.4282, n2=69.8137, s=2.83382, tau=-0.383771
RooDoubleCB::dcb_fft[ x=mass2mu_ewk2_shifted_FFTBuffer2 xp=NULL mean=m width=s alpha1=a1 n1=n1 alpha2=a2 n2=n2 ]
     p.d.f value is Not-a-Number (-nan), forcing value to zero @ x=mass2mu_ewk2_shifted_FFTBuffer2=-5.38239, xp=NULL, mean=m=-4.99856, width=s=2.83382, alpha1=a1=4.50893e-05, n1=n1=61.4282, alpha2=a2=25.9338, n2=n2=69.8137
     p.d.f value is Not-a-Number (-nan), forcing value to zero @ x=mass2mu_ewk2_shifted_FFTBuffer2=-5.38202, xp=NULL, mean=m=-4.99856, width=s=2.83382, alpha1=a1=4.50893e-05, n1=n1=61.4282, alpha2=a2=25.9338, n2=n2=69.8137
     p.d.f value is Not-a-Number (-nan), forcing value to zero @ x=mass2mu_ewk2_shifted_FFTBuffer2=-5.38165, xp=NULL, mean=m=-4.99856, width=s=2.83382, alpha1=a1=4.50893e-05, n1=n1=61.4282, alpha2=a2=25.9338, n2=n2=69.8137
     p.d.f value is Not-a-Number (-nan), forcing value to zero @ x=mass2mu_ewk2_shifted_FFTBuffer2=-5.38129, xp=NULL, mean=m=-4.99856, width=s=2.83382, alpha1=a1=4.50893e-05, n1=n1=61.4282, alpha2=a2=25.9338, n2=n2=69.8137
     p.d.f value is Not-a-Number (-nan), forcing value to zero @ x=mass2mu_ewk2_shifted_FFTBuffer2=-5.38092, xp=NULL, mean=m=-4.99856, width=s=2.83382, alpha1=a1=4.50893e-05, n1=n1=61.4282, alpha2=a2=25.9338, n2=n2=69.8137
     p.d.f value is Not-a-Number (-nan), forcing value to zero @ x=mass2mu_ewk2_shifted_FFTBuffer2=-5.38055, xp=NULL, mean=m=-4.99856, width=s=2.83382, alpha1=a1=4.50893e-05, n1=n1=61.4282, alpha2=a2=25.9338, n2=n2=69.8137
     p.d.f value is Not-a-Number (-nan), forcing value to zero @ x=mass2mu_ewk2_shifted_FFTBuffer2=-5.38019, xp=NULL, mean=m=-4.99856, width=s=2.83382, alpha1=a1=4.50893e-05, n1=n1=61.4282, alpha2=a2=25.9338, n2=n2=69.8137
     p.d.f value is Not-a-Number (-nan), forcing value to zero @ x=mass2mu_ewk2_shifted_FFTBuffer2=-5.37982, xp=NULL, mean=m=-4.99856, width=s=2.83382, alpha1=a1=4.50893e-05, n1=n1=61.4282, alpha2=a2=25.9338, n2=n2=69.8137
     p.d.f value is Not-a-Number (-nan), forcing value to zero @ x=mass2mu_ewk2_shifted_FFTBuffer2=-5.37946, xp=NULL, mean=m=-4.99856, width=s=2.83382, alpha1=a1=4.50893e-05, n1=n1=61.4282, alpha2=a2=25.9338, n2=n2=69.8137
     p.d.f value is Not-a-Number (-nan), forcing value to zero @ x=mass2mu_ewk2_shifted_FFTBuffer2=-5.37909, xp=NULL, mean=m=-4.99856, width=s=2.83382, alpha1=a1=4.50893e-05, n1=n1=61.4282, alpha2=a2=25.9338, n2=n2=69.8137
     p.d.f value is Not-a-Number (-nan), forcing value to zero @ x=mass2mu_ewk2_shifted_FFTBuffer2=-5.37872, xp=NULL, mean=m=-4.99856, width=s=2.83382, alpha1=a1=4.50893e-05, n1=n1=61.4282, alpha2=a2=25.9338, n2=n2=69.8137
     p.d.f value is Not-a-Number (-nan), forcing value to zero @ x=mass2mu_ewk2_shifted_FFTBuffer2=-5.37836, xp=NULL, mean=m=-4.99856, width=s=2.83382, alpha1=a1=4.50893e-05, n1=n1=61.4282, alpha2=a2=25.9338, n2=n2=69.8137
    ... (remaining 2038 messages suppressed)

[#1] INFO:Minization -- RooMinimizer::optimizeConst: deactivating const optimization
[#1] INFO:NumericIntegration -- RooRealIntegral::init(dcb_fft_Int[mass2mu_ewk2]) using numeric integrator RooIntegrator1D to calculate Int(mass2mu_ewk2)
[#1] INFO:Caching -- RooAbsCachedPdf::getCache(dcbxbw) creating new cache 0x12794480 with pdf bw_CONV_dcb_CACHE_Obs[mass2mu_ewk2] for nset (mass2mu_ewk2) with code 0
[#1] INFO:Minization -- RooMinimizer::optimizeConst: activating const optimization
[#1] INFO:Caching -- RooAbsCachedPdf::getCache(dcbxbw) creating new cache 0x1278b710 with pdf bw_CONV_dcb_CACHE_Obs[mass2mu_ewk2] for nset (mass2mu_ewk2) with code 0 from preexisting content.
[#1] INFO:Minization --  The following expressions have been identified as constant and will be precalculated and cached: (bw)
[#1] INFO:Minization --  The following expressions will be evaluated in cache-and-track mode: (dcbxbw,bkg)
[#1] INFO:Minization -- RooMinimizer::optimizeConst: deactivating const optimization
[#1] INFO:NumericIntegration -- RooRealIntegral::init(dcb_fft_Int[mass2mu_ewk2]) using numeric integrator RooIntegrator1D to calculate Int(mass2mu_ewk2)
[#1] INFO:Caching -- RooAbsCachedPdf::getCache(dcbxbw) creating new cache 0x12996e70 with pdf bw_CONV_dcb_CACHE_Obs[mass2mu_ewk2] for nset (mass2mu_ewk2) with code 0
[#1] INFO:Caching -- RooAbsCachedPdf::getCache(dcbxbw) creating new cache 0x419a8a0 with pdf bw_CONV_dcb_CACHE_Obs[mass2mu_ewk2] for nset (mass2mu_ewk2) with code 0 from preexisting content.
