Reading cached build data
Done: ProjectRename
/pool/condor/dir_1786/CMSSW_10_6_12 is the CMSSW I am using on the local worker node
/pool/condor/dir_1786
2017 data mass2mu_ewk2 eta pos 6 86.0 96.0 unbinned
mu1_hzzid && mu2_hzzid && (trigger24matching1 || trigger24matching2) && RelIso1 < 0.35 && RelIso2 < 0.35 && Sip1 < 4.0 && Sip2 < 4.0 && pt1_corr > 25 && pt2_corr > 5 && abs(eta1) < 2.4 && abs(eta2) < 2.4 &&mass2mu_ewk2 < 96.0 && mass2mu_ewk2 > 86.0 && ((mu1_q_roc== 1 && eta1 > 1.2&& eta1 < 1.8) ||( mu2_q_roc == 1 && eta2 > 1.2&& eta2 < 1.8))
unbinned fit
[#1] INFO:Eval -- RooRealVar::setRange(mass2mu_ewk2) new range named 'refrange_fft_dcbxbw' created with bounds [86,96]
[#1] INFO:NumericIntegration -- RooRealIntegral::init(dcb_fft_Int[mass2mu_ewk2]) using numeric integrator RooIntegrator1D to calculate Int(mass2mu_ewk2)
[#1] INFO:Caching -- RooAbsCachedPdf::getCache(dcbxbw) creating new cache 0x6d96e20 with pdf bw_CONV_dcb_CACHE_Obs[mass2mu_ewk2] for nset (mass2mu_ewk2) with code 0
[#1] INFO:Minization -- RooMinimizer::optimizeConst: activating const optimization
[#1] INFO:Caching -- RooAbsCachedPdf::getCache(dcbxbw) creating new cache 0x116bc020 with pdf bw_CONV_dcb_CACHE_Obs[mass2mu_ewk2] for nset (mass2mu_ewk2) with code 0 from preexisting content.
[#1] INFO:Minization --  The following expressions have been identified as constant and will be precalculated and cached: (bw)
[#1] INFO:Minization --  The following expressions will be evaluated in cache-and-track mode: (dcbxbw,bkg)
[#1] INFO:Minization -- RooMinimizer::optimizeConst: deactivating const optimization
[#1] INFO:NumericIntegration -- RooRealIntegral::init(dcb_fft_Int[mass2mu_ewk2]) using numeric integrator RooIntegrator1D to calculate Int(mass2mu_ewk2)
[#1] INFO:Caching -- RooAbsCachedPdf::getCache(dcbxbw) creating new cache 0x12805f90 with pdf bw_CONV_dcb_CACHE_Obs[mass2mu_ewk2] for nset (mass2mu_ewk2) with code 0
[#1] INFO:Minization -- RooMinimizer::optimizeConst: activating const optimization
[#1] INFO:Caching -- RooAbsCachedPdf::getCache(dcbxbw) creating new cache 0x12a83890 with pdf bw_CONV_dcb_CACHE_Obs[mass2mu_ewk2] for nset (mass2mu_ewk2) with code 0 from preexisting content.
[#1] INFO:Minization --  The following expressions have been identified as constant and will be precalculated and cached: (bw)
[#1] INFO:Minization --  The following expressions will be evaluated in cache-and-track mode: (dcbxbw,bkg)
[#0] WARNING:Minization -- RooMinimizerFcn: Minimized function has error status.
Returning maximum FCN so far (9.80335e+06) to force MIGRAD to back out of this region. Error log follows
Parameter values: a1=0.00196696, a2=1.4623, fsig=0.948806, m=0.148152, n1=69.4899, n2=69.5898, s=0.934372, tau=0.469467
RooDoubleCB::dcb_fft[ x=mass2mu_ewk2_shifted_FFTBuffer2 xp=NULL mean=m width=s alpha1=a1 n1=n1 alpha2=a2 n2=n2 ]
     p.d.f value is Not-a-Number (-nan), forcing value to zero @ x=mass2mu_ewk2_shifted_FFTBuffer2=-1.9015, xp=NULL, mean=m=0.148152 +/- 0.00394744, width=s=0.934372 +/- 0.00707433, alpha1=a1=0.00196696 +/- 0.0259229, n1=n1=69.4899 +/- 2.54676, alpha2=a2=1.4623 +/- 0.0403294, n2=n2=69.5898 +/- 42.9765
     p.d.f value is Not-a-Number (-nan), forcing value to zero @ x=mass2mu_ewk2_shifted_FFTBuffer2=-1.9005, xp=NULL, mean=m=0.148152 +/- 0.00394744, width=s=0.934372 +/- 0.00707433, alpha1=a1=0.00196696 +/- 0.0259229, n1=n1=69.4899 +/- 2.54676, alpha2=a2=1.4623 +/- 0.0403294, n2=n2=69.5898 +/- 42.9765
     p.d.f value is Not-a-Number (-nan), forcing value to zero @ x=mass2mu_ewk2_shifted_FFTBuffer2=-1.8995, xp=NULL, mean=m=0.148152 +/- 0.00394744, width=s=0.934372 +/- 0.00707433, alpha1=a1=0.00196696 +/- 0.0259229, n1=n1=69.4899 +/- 2.54676, alpha2=a2=1.4623 +/- 0.0403294, n2=n2=69.5898 +/- 42.9765
     p.d.f value is Not-a-Number (-nan), forcing value to zero @ x=mass2mu_ewk2_shifted_FFTBuffer2=-1.8985, xp=NULL, mean=m=0.148152 +/- 0.00394744, width=s=0.934372 +/- 0.00707433, alpha1=a1=0.00196696 +/- 0.0259229, n1=n1=69.4899 +/- 2.54676, alpha2=a2=1.4623 +/- 0.0403294, n2=n2=69.5898 +/- 42.9765
     p.d.f value is Not-a-Number (-nan), forcing value to zero @ x=mass2mu_ewk2_shifted_FFTBuffer2=-1.8975, xp=NULL, mean=m=0.148152 +/- 0.00394744, width=s=0.934372 +/- 0.00707433, alpha1=a1=0.00196696 +/- 0.0259229, n1=n1=69.4899 +/- 2.54676, alpha2=a2=1.4623 +/- 0.0403294, n2=n2=69.5898 +/- 42.9765
     p.d.f value is Not-a-Number (-nan), forcing value to zero @ x=mass2mu_ewk2_shifted_FFTBuffer2=-1.8965, xp=NULL, mean=m=0.148152 +/- 0.00394744, width=s=0.934372 +/- 0.00707433, alpha1=a1=0.00196696 +/- 0.0259229, n1=n1=69.4899 +/- 2.54676, alpha2=a2=1.4623 +/- 0.0403294, n2=n2=69.5898 +/- 42.9765
     p.d.f value is Not-a-Number (-nan), forcing value to zero @ x=mass2mu_ewk2_shifted_FFTBuffer2=-1.8955, xp=NULL, mean=m=0.148152 +/- 0.00394744, width=s=0.934372 +/- 0.00707433, alpha1=a1=0.00196696 +/- 0.0259229, n1=n1=69.4899 +/- 2.54676, alpha2=a2=1.4623 +/- 0.0403294, n2=n2=69.5898 +/- 42.9765
     p.d.f value is Not-a-Number (-nan), forcing value to zero @ x=mass2mu_ewk2_shifted_FFTBuffer2=-1.8945, xp=NULL, mean=m=0.148152 +/- 0.00394744, width=s=0.934372 +/- 0.00707433, alpha1=a1=0.00196696 +/- 0.0259229, n1=n1=69.4899 +/- 2.54676, alpha2=a2=1.4623 +/- 0.0403294, n2=n2=69.5898 +/- 42.9765
     p.d.f value is Not-a-Number (-nan), forcing value to zero @ x=mass2mu_ewk2_shifted_FFTBuffer2=-1.8935, xp=NULL, mean=m=0.148152 +/- 0.00394744, width=s=0.934372 +/- 0.00707433, alpha1=a1=0.00196696 +/- 0.0259229, n1=n1=69.4899 +/- 2.54676, alpha2=a2=1.4623 +/- 0.0403294, n2=n2=69.5898 +/- 42.9765
     p.d.f value is Not-a-Number (-nan), forcing value to zero @ x=mass2mu_ewk2_shifted_FFTBuffer2=-1.8925, xp=NULL, mean=m=0.148152 +/- 0.00394744, width=s=0.934372 +/- 0.00707433, alpha1=a1=0.00196696 +/- 0.0259229, n1=n1=69.4899 +/- 2.54676, alpha2=a2=1.4623 +/- 0.0403294, n2=n2=69.5898 +/- 42.9765
     p.d.f value is Not-a-Number (-nan), forcing value to zero @ x=mass2mu_ewk2_shifted_FFTBuffer2=-1.8915, xp=NULL, mean=m=0.148152 +/- 0.00394744, width=s=0.934372 +/- 0.00707433, alpha1=a1=0.00196696 +/- 0.0259229, n1=n1=69.4899 +/- 2.54676, alpha2=a2=1.4623 +/- 0.0403294, n2=n2=69.5898 +/- 42.9765
     p.d.f value is Not-a-Number (-nan), forcing value to zero @ x=mass2mu_ewk2_shifted_FFTBuffer2=-1.8905, xp=NULL, mean=m=0.148152 +/- 0.00394744, width=s=0.934372 +/- 0.00707433, alpha1=a1=0.00196696 +/- 0.0259229, n1=n1=69.4899 +/- 2.54676, alpha2=a2=1.4623 +/- 0.0403294, n2=n2=69.5898 +/- 42.9765
    ... (remaining 2038 messages suppressed)

[#0] WARNING:Minization -- RooMinimizerFcn: Minimized function has error status.
Returning maximum FCN so far (9.80335e+06) to force MIGRAD to back out of this region. Error log follows
Parameter values: a1=0.000972728, a2=18.6081, fsig=0.547204, m=-4.99405, n1=69.9859, n2=69.9994, s=0.0260982, tau=0.0803194
RooDoubleCB::dcb_fft[ x=mass2mu_ewk2_shifted_FFTBuffer2 xp=NULL mean=m width=s alpha1=a1 n1=n1 alpha2=a2 n2=n2 ]
     p.d.f value is Not-a-Number (-nan), forcing value to zero @ x=mass2mu_ewk2_shifted_FFTBuffer2=-5.9995, xp=NULL, mean=m=-4.99405 +/- 0.00394744, width=s=0.0260982 +/- 0.00707433, alpha1=a1=0.000972728 +/- 0.0259229, n1=n1=69.9859 +/- 2.54676, alpha2=a2=18.6081 +/- 0.0403294, n2=n2=69.9994 +/- 42.9765
     p.d.f value is Not-a-Number (-nan), forcing value to zero @ x=mass2mu_ewk2_shifted_FFTBuffer2=-6, xp=NULL, mean=m=-4.99405 +/- 0.00394744, width=s=0.0260982 +/- 0.00707433, alpha1=a1=0.000972728 +/- 0.0259229, n1=n1=69.9859 +/- 2.54676, alpha2=a2=18.6081 +/- 0.0403294, n2=n2=69.9994 +/- 42.9765
     p.d.f value is Not-a-Number (-nan), forcing value to zero @ x=mass2mu_ewk2_shifted_FFTBuffer2=-5.25, xp=NULL, mean=m=-4.99405 +/- 0.00394744, width=s=0.0260982 +/- 0.00707433, alpha1=a1=0.000972728 +/- 0.0259229, n1=n1=69.9859 +/- 2.54676, alpha2=a2=18.6081 +/- 0.0403294, n2=n2=69.9994 +/- 42.9765
     p.d.f value is Not-a-Number (-nan), forcing value to zero @ x=mass2mu_ewk2_shifted_FFTBuffer2=-5.9985, xp=NULL, mean=m=-4.99405 +/- 0.00394744, width=s=0.0260982 +/- 0.00707433, alpha1=a1=0.000972728 +/- 0.0259229, n1=n1=69.9859 +/- 2.54676, alpha2=a2=18.6081 +/- 0.0403294, n2=n2=69.9994 +/- 42.9765
     p.d.f value is Not-a-Number (-nan), forcing value to zero @ x=mass2mu_ewk2_shifted_FFTBuffer2=-5.9975, xp=NULL, mean=m=-4.99405 +/- 0.00394744, width=s=0.0260982 +/- 0.00707433, alpha1=a1=0.000972728 +/- 0.0259229, n1=n1=69.9859 +/- 2.54676, alpha2=a2=18.6081 +/- 0.0403294, n2=n2=69.9994 +/- 42.9765
     p.d.f value is Not-a-Number (-nan), forcing value to zero @ x=mass2mu_ewk2_shifted_FFTBuffer2=-5.9965, xp=NULL, mean=m=-4.99405 +/- 0.00394744, width=s=0.0260982 +/- 0.00707433, alpha1=a1=0.000972728 +/- 0.0259229, n1=n1=69.9859 +/- 2.54676, alpha2=a2=18.6081 +/- 0.0403294, n2=n2=69.9994 +/- 42.9765
     p.d.f value is Not-a-Number (-nan), forcing value to zero @ x=mass2mu_ewk2_shifted_FFTBuffer2=-5.9955, xp=NULL, mean=m=-4.99405 +/- 0.00394744, width=s=0.0260982 +/- 0.00707433, alpha1=a1=0.000972728 +/- 0.0259229, n1=n1=69.9859 +/- 2.54676, alpha2=a2=18.6081 +/- 0.0403294, n2=n2=69.9994 +/- 42.9765
     p.d.f value is Not-a-Number (-nan), forcing value to zero @ x=mass2mu_ewk2_shifted_FFTBuffer2=-5.9945, xp=NULL, mean=m=-4.99405 +/- 0.00394744, width=s=0.0260982 +/- 0.00707433, alpha1=a1=0.000972728 +/- 0.0259229, n1=n1=69.9859 +/- 2.54676, alpha2=a2=18.6081 +/- 0.0403294, n2=n2=69.9994 +/- 42.9765
     p.d.f value is Not-a-Number (-nan), forcing value to zero @ x=mass2mu_ewk2_shifted_FFTBuffer2=-5.9935, xp=NULL, mean=m=-4.99405 +/- 0.00394744, width=s=0.0260982 +/- 0.00707433, alpha1=a1=0.000972728 +/- 0.0259229, n1=n1=69.9859 +/- 2.54676, alpha2=a2=18.6081 +/- 0.0403294, n2=n2=69.9994 +/- 42.9765
     p.d.f value is Not-a-Number (-nan), forcing value to zero @ x=mass2mu_ewk2_shifted_FFTBuffer2=-5.9925, xp=NULL, mean=m=-4.99405 +/- 0.00394744, width=s=0.0260982 +/- 0.00707433, alpha1=a1=0.000972728 +/- 0.0259229, n1=n1=69.9859 +/- 2.54676, alpha2=a2=18.6081 +/- 0.0403294, n2=n2=69.9994 +/- 42.9765
     p.d.f value is Not-a-Number (-nan), forcing value to zero @ x=mass2mu_ewk2_shifted_FFTBuffer2=-5.9915, xp=NULL, mean=m=-4.99405 +/- 0.00394744, width=s=0.0260982 +/- 0.00707433, alpha1=a1=0.000972728 +/- 0.0259229, n1=n1=69.9859 +/- 2.54676, alpha2=a2=18.6081 +/- 0.0403294, n2=n2=69.9994 +/- 42.9765
     p.d.f value is Not-a-Number (-nan), forcing value to zero @ x=mass2mu_ewk2_shifted_FFTBuffer2=-5.9905, xp=NULL, mean=m=-4.99405 +/- 0.00394744, width=s=0.0260982 +/- 0.00707433, alpha1=a1=0.000972728 +/- 0.0259229, n1=n1=69.9859 +/- 2.54676, alpha2=a2=18.6081 +/- 0.0403294, n2=n2=69.9994 +/- 42.9765
    ... (remaining 998 messages suppressed)

[#1] INFO:Minization -- RooMinimizer::optimizeConst: deactivating const optimization
[#1] INFO:NumericIntegration -- RooRealIntegral::init(dcb_fft_Int[mass2mu_ewk2]) using numeric integrator RooIntegrator1D to calculate Int(mass2mu_ewk2)
[#1] INFO:Caching -- RooAbsCachedPdf::getCache(dcbxbw) creating new cache 0x129aae50 with pdf bw_CONV_dcb_CACHE_Obs[mass2mu_ewk2] for nset (mass2mu_ewk2) with code 0
[#1] INFO:Caching -- RooAbsCachedPdf::getCache(dcbxbw) creating new cache 0x12b4dcb0 with pdf bw_CONV_dcb_CACHE_Obs[mass2mu_ewk2] for nset (mass2mu_ewk2) with code 0 from preexisting content.
