Reading cached build data
Done: ProjectRename
/pool/condor/dir_15512/CMSSW_10_6_12 is the CMSSW I am using on the local worker node
/pool/condor/dir_15512
2017 mc mass2mu_ewk_dt eta neg 1 75.0 105.0 unbinned
mu1_hzzid && mu2_hzzid && (trigger24matching1 || trigger24matching2) && RelIso1 < 0.35 && RelIso2 < 0.35 && Sip1 < 4.0 && Sip2 < 4.0 && pt1_corr > 25 && pt2_corr > 5 && abs(eta1) < 2.4 && abs(eta2) < 2.4 &&mass2mu_ewk_dt < 105.0 && mass2mu_ewk_dt > 75.0 && ((mu1_q_roc==-1 && eta1 > -1.8&& eta1 < -1.2) ||( mu2_q_roc ==-1 && eta2 > -1.8&& eta2 < -1.2))
unbinned fit
[#1] INFO:Eval -- RooRealVar::setRange(mass2mu_ewk_dt) new range named 'refrange_fft_dcbxbw' created with bounds [75,105]
[#1] INFO:NumericIntegration -- RooRealIntegral::init(dcb_fft_Int[mass2mu_ewk_dt]) using numeric integrator RooIntegrator1D to calculate Int(mass2mu_ewk_dt)
[#1] INFO:Caching -- RooAbsCachedPdf::getCache(dcbxbw) creating new cache 0x7251700 with pdf bw_CONV_dcb_CACHE_Obs[mass2mu_ewk_dt] for nset (mass2mu_ewk_dt) with code 0
[#1] INFO:Minization -- RooMinimizer::optimizeConst: activating const optimization
[#1] INFO:Caching -- RooAbsCachedPdf::getCache(dcbxbw) creating new cache 0x13738f20 with pdf bw_CONV_dcb_CACHE_Obs[mass2mu_ewk_dt] for nset (mass2mu_ewk_dt) with code 0 from preexisting content.
[#1] INFO:Minization --  The following expressions have been identified as constant and will be precalculated and cached: (bw)
[#1] INFO:Minization --  The following expressions will be evaluated in cache-and-track mode: (dcbxbw,bkg)
[#1] INFO:Minization -- RooMinimizer::optimizeConst: deactivating const optimization
[#1] INFO:NumericIntegration -- RooRealIntegral::init(dcb_fft_Int[mass2mu_ewk_dt]) using numeric integrator RooIntegrator1D to calculate Int(mass2mu_ewk_dt)
[#1] INFO:Caching -- RooAbsCachedPdf::getCache(dcbxbw) creating new cache 0x135bbca0 with pdf bw_CONV_dcb_CACHE_Obs[mass2mu_ewk_dt] for nset (mass2mu_ewk_dt) with code 0
[#1] INFO:Minization -- RooMinimizer::optimizeConst: activating const optimization
[#1] INFO:Caching -- RooAbsCachedPdf::getCache(dcbxbw) creating new cache 0x137e79c0 with pdf bw_CONV_dcb_CACHE_Obs[mass2mu_ewk_dt] for nset (mass2mu_ewk_dt) with code 0 from preexisting content.
[#1] INFO:Minization --  The following expressions have been identified as constant and will be precalculated and cached: (bw)
[#1] INFO:Minization --  The following expressions will be evaluated in cache-and-track mode: (dcbxbw,bkg)
[#1] INFO:Minization -- RooMinimizer::optimizeConst: deactivating const optimization
[#1] INFO:NumericIntegration -- RooRealIntegral::init(dcb_fft_Int[mass2mu_ewk_dt]) using numeric integrator RooIntegrator1D to calculate Int(mass2mu_ewk_dt)
[#1] INFO:Caching -- RooAbsCachedPdf::getCache(dcbxbw) creating new cache 0x136dac20 with pdf bw_CONV_dcb_CACHE_Obs[mass2mu_ewk_dt] for nset (mass2mu_ewk_dt) with code 0
[#1] INFO:Caching -- RooAbsCachedPdf::getCache(dcbxbw) creating new cache 0x136f35b0 with pdf bw_CONV_dcb_CACHE_Obs[mass2mu_ewk_dt] for nset (mass2mu_ewk_dt) with code 0 from preexisting content.
