Reading cached build data
Done: ProjectRename
/pool/condor/dir_4383/CMSSW_10_6_12 is the CMSSW I am using on the local worker node
/pool/condor/dir_4383
2017 mc mass2mu_ewk2 phi neg 7 85.0 95.0 unbinned
mu1_hzzid && mu2_hzzid && (trigger24matching1 || trigger24matching2) && RelIso1 < 0.35 && RelIso2 < 0.35 && Sip1 < 4.0 && Sip2 < 4.0 && pt1_corr > 25 && pt2_corr > 5 && abs(eta1) < 2.4 && abs(eta2) < 2.4 &&mass2mu_ewk2 < 95.0 && mass2mu_ewk2 > 85.0 && ((mu1_q_roc==-1 && phi1 > 2.35619449019&& phi1 < 3.14159265359) ||( mu2_q_roc ==-1 && phi2 > 2.35619449019&& phi2 < 3.14159265359))
unbinned fit
[#1] INFO:Eval -- RooRealVar::setRange(mass2mu_ewk2) new range named 'refrange_fft_dcbxbw' created with bounds [85,95]
[#1] INFO:NumericIntegration -- RooRealIntegral::init(dcb_fft_Int[mass2mu_ewk2]) using numeric integrator RooIntegrator1D to calculate Int(mass2mu_ewk2)
[#1] INFO:Caching -- RooAbsCachedPdf::getCache(dcbxbw) creating new cache 0x11772ca0 with pdf bw_CONV_dcb_CACHE_Obs[mass2mu_ewk2] for nset (mass2mu_ewk2) with code 0
[#1] INFO:Minization -- RooMinimizer::optimizeConst: activating const optimization
[#1] INFO:Caching -- RooAbsCachedPdf::getCache(dcbxbw) creating new cache 0x1242f260 with pdf bw_CONV_dcb_CACHE_Obs[mass2mu_ewk2] for nset (mass2mu_ewk2) with code 0 from preexisting content.
[#1] INFO:Minization --  The following expressions have been identified as constant and will be precalculated and cached: (bw)
[#1] INFO:Minization --  The following expressions will be evaluated in cache-and-track mode: (dcbxbw,bkg)
[#1] INFO:Minization -- RooMinimizer::optimizeConst: deactivating const optimization
[#1] INFO:NumericIntegration -- RooRealIntegral::init(dcb_fft_Int[mass2mu_ewk2]) using numeric integrator RooIntegrator1D to calculate Int(mass2mu_ewk2)
[#1] INFO:Caching -- RooAbsCachedPdf::getCache(dcbxbw) creating new cache 0x1167aef0 with pdf bw_CONV_dcb_CACHE_Obs[mass2mu_ewk2] for nset (mass2mu_ewk2) with code 0
[#1] INFO:Minization -- RooMinimizer::optimizeConst: activating const optimization
[#1] INFO:Caching -- RooAbsCachedPdf::getCache(dcbxbw) creating new cache 0x124d87f0 with pdf bw_CONV_dcb_CACHE_Obs[mass2mu_ewk2] for nset (mass2mu_ewk2) with code 0 from preexisting content.
[#1] INFO:Minization --  The following expressions have been identified as constant and will be precalculated and cached: (bw)
[#1] INFO:Minization --  The following expressions will be evaluated in cache-and-track mode: (dcbxbw,bkg)
[#0] WARNING:Minization -- RooMinimizerFcn: Minimized function has error status.
Returning maximum FCN so far (4.40548e+06) to force MIGRAD to back out of this region. Error log follows
Parameter values: a1=0.00111461, a2=13.8927, fsig=0.610631, m=0.414228, n1=69.0407, n2=60.1157, s=5.09354, tau=-0.208322
RooDoubleCB::dcb_fft[ x=mass2mu_ewk2_shifted_FFTBuffer2 xp=NULL mean=m width=s alpha1=a1 n1=n1 alpha2=a2 n2=n2 ]
     p.d.f value is Not-a-Number (-nan), forcing value to zero @ x=mass2mu_ewk2_shifted_FFTBuffer2=-1.6385, xp=NULL, mean=m=0.414228 +/- 0.00514742, width=s=5.09354 +/- 0.0127926, alpha1=a1=0.00111461 +/- 0.0244675, n1=n1=69.0407 +/- 0.171296, alpha2=a2=13.8927 +/- 0.0314719, n2=n2=60.1157 +/- 8.37712
     p.d.f value is Not-a-Number (-nan), forcing value to zero @ x=mass2mu_ewk2_shifted_FFTBuffer2=-1.6375, xp=NULL, mean=m=0.414228 +/- 0.00514742, width=s=5.09354 +/- 0.0127926, alpha1=a1=0.00111461 +/- 0.0244675, n1=n1=69.0407 +/- 0.171296, alpha2=a2=13.8927 +/- 0.0314719, n2=n2=60.1157 +/- 8.37712
     p.d.f value is Not-a-Number (-nan), forcing value to zero @ x=mass2mu_ewk2_shifted_FFTBuffer2=-1.6365, xp=NULL, mean=m=0.414228 +/- 0.00514742, width=s=5.09354 +/- 0.0127926, alpha1=a1=0.00111461 +/- 0.0244675, n1=n1=69.0407 +/- 0.171296, alpha2=a2=13.8927 +/- 0.0314719, n2=n2=60.1157 +/- 8.37712
     p.d.f value is Not-a-Number (-nan), forcing value to zero @ x=mass2mu_ewk2_shifted_FFTBuffer2=-1.6355, xp=NULL, mean=m=0.414228 +/- 0.00514742, width=s=5.09354 +/- 0.0127926, alpha1=a1=0.00111461 +/- 0.0244675, n1=n1=69.0407 +/- 0.171296, alpha2=a2=13.8927 +/- 0.0314719, n2=n2=60.1157 +/- 8.37712
     p.d.f value is Not-a-Number (-nan), forcing value to zero @ x=mass2mu_ewk2_shifted_FFTBuffer2=-1.6345, xp=NULL, mean=m=0.414228 +/- 0.00514742, width=s=5.09354 +/- 0.0127926, alpha1=a1=0.00111461 +/- 0.0244675, n1=n1=69.0407 +/- 0.171296, alpha2=a2=13.8927 +/- 0.0314719, n2=n2=60.1157 +/- 8.37712
     p.d.f value is Not-a-Number (-nan), forcing value to zero @ x=mass2mu_ewk2_shifted_FFTBuffer2=-1.6335, xp=NULL, mean=m=0.414228 +/- 0.00514742, width=s=5.09354 +/- 0.0127926, alpha1=a1=0.00111461 +/- 0.0244675, n1=n1=69.0407 +/- 0.171296, alpha2=a2=13.8927 +/- 0.0314719, n2=n2=60.1157 +/- 8.37712
     p.d.f value is Not-a-Number (-nan), forcing value to zero @ x=mass2mu_ewk2_shifted_FFTBuffer2=-1.6325, xp=NULL, mean=m=0.414228 +/- 0.00514742, width=s=5.09354 +/- 0.0127926, alpha1=a1=0.00111461 +/- 0.0244675, n1=n1=69.0407 +/- 0.171296, alpha2=a2=13.8927 +/- 0.0314719, n2=n2=60.1157 +/- 8.37712
     p.d.f value is Not-a-Number (-nan), forcing value to zero @ x=mass2mu_ewk2_shifted_FFTBuffer2=-1.6315, xp=NULL, mean=m=0.414228 +/- 0.00514742, width=s=5.09354 +/- 0.0127926, alpha1=a1=0.00111461 +/- 0.0244675, n1=n1=69.0407 +/- 0.171296, alpha2=a2=13.8927 +/- 0.0314719, n2=n2=60.1157 +/- 8.37712
     p.d.f value is Not-a-Number (-nan), forcing value to zero @ x=mass2mu_ewk2_shifted_FFTBuffer2=-1.6305, xp=NULL, mean=m=0.414228 +/- 0.00514742, width=s=5.09354 +/- 0.0127926, alpha1=a1=0.00111461 +/- 0.0244675, n1=n1=69.0407 +/- 0.171296, alpha2=a2=13.8927 +/- 0.0314719, n2=n2=60.1157 +/- 8.37712
     p.d.f value is Not-a-Number (-nan), forcing value to zero @ x=mass2mu_ewk2_shifted_FFTBuffer2=-1.6295, xp=NULL, mean=m=0.414228 +/- 0.00514742, width=s=5.09354 +/- 0.0127926, alpha1=a1=0.00111461 +/- 0.0244675, n1=n1=69.0407 +/- 0.171296, alpha2=a2=13.8927 +/- 0.0314719, n2=n2=60.1157 +/- 8.37712
     p.d.f value is Not-a-Number (-nan), forcing value to zero @ x=mass2mu_ewk2_shifted_FFTBuffer2=-1.6285, xp=NULL, mean=m=0.414228 +/- 0.00514742, width=s=5.09354 +/- 0.0127926, alpha1=a1=0.00111461 +/- 0.0244675, n1=n1=69.0407 +/- 0.171296, alpha2=a2=13.8927 +/- 0.0314719, n2=n2=60.1157 +/- 8.37712
     p.d.f value is Not-a-Number (-nan), forcing value to zero @ x=mass2mu_ewk2_shifted_FFTBuffer2=-1.6275, xp=NULL, mean=m=0.414228 +/- 0.00514742, width=s=5.09354 +/- 0.0127926, alpha1=a1=0.00111461 +/- 0.0244675, n1=n1=69.0407 +/- 0.171296, alpha2=a2=13.8927 +/- 0.0314719, n2=n2=60.1157 +/- 8.37712
    ... (remaining 2038 messages suppressed)

[#1] INFO:Minization -- RooMinimizer::optimizeConst: deactivating const optimization
[#1] INFO:NumericIntegration -- RooRealIntegral::init(dcb_fft_Int[mass2mu_ewk2]) using numeric integrator RooIntegrator1D to calculate Int(mass2mu_ewk2)
[#1] INFO:Caching -- RooAbsCachedPdf::getCache(dcbxbw) creating new cache 0x123b3e60 with pdf bw_CONV_dcb_CACHE_Obs[mass2mu_ewk2] for nset (mass2mu_ewk2) with code 0
[#1] INFO:Caching -- RooAbsCachedPdf::getCache(dcbxbw) creating new cache 0x126aa6f0 with pdf bw_CONV_dcb_CACHE_Obs[mass2mu_ewk2] for nset (mass2mu_ewk2) with code 0 from preexisting content.
