000 (2521867.221.000) 07/19 07:46:08 Job submitted from host: <188.185.70.244:9618?addrs=188.185.70.244-9618+[2001-1458-d00-7--100-2ee]-9618&alias=bigbird10.cern.ch&noUDP&sock=schedd_2037_ca81>
...
040 (2521867.221.000) 07/19 07:50:04 Started transferring input files
	Transferring to host: <128.142.58.140:9618?addrs=128.142.58.140-9618+[2001-1458-301-16--100-8b]-9618&alias=b7s03p9013.cern.ch&noUDP&sock=slot1_14_6607_faa6_12181>
...
040 (2521867.221.000) 07/19 07:50:05 Finished transferring input files
...
001 (2521867.221.000) 07/19 07:50:05 Job executing on host: <128.142.58.140:9618?addrs=128.142.58.140-9618+[2001-1458-301-16--100-8b]-9618&alias=b7s03p9013.cern.ch&noUDP&sock=startd_6147_e8c0>
...
006 (2521867.221.000) 07/19 07:50:13 Image size of job updated: 279456
	201  -  MemoryUsage of job (MB)
	205320  -  ResidentSetSize of job (KB)
...
006 (2521867.221.000) 07/19 07:55:13 Image size of job updated: 626832
	201  -  MemoryUsage of job (MB)
	205320  -  ResidentSetSize of job (KB)
...
006 (2521867.221.000) 07/19 08:00:14 Image size of job updated: 824860
	301  -  MemoryUsage of job (MB)
	307504  -  ResidentSetSize of job (KB)
...
006 (2521867.221.000) 07/19 08:10:14 Image size of job updated: 825628
	302  -  MemoryUsage of job (MB)
	308412  -  ResidentSetSize of job (KB)
...
040 (2521867.221.000) 07/19 08:13:47 Started transferring output files
...
040 (2521867.221.000) 07/19 08:13:47 Finished transferring output files
...
005 (2521867.221.000) 07/19 08:13:48 Job terminated.
	(1) Normal termination (return value 0)
		Usr 0 00:17:41, Sys 0 00:00:02  -  Run Remote Usage
		Usr 0 00:00:00, Sys 0 00:00:00  -  Run Local Usage
		Usr 0 00:17:41, Sys 0 00:00:02  -  Total Remote Usage
		Usr 0 00:00:00, Sys 0 00:00:00  -  Total Local Usage
	53992  -  Run Bytes Sent By Job
	55262812  -  Run Bytes Received By Job
	53992  -  Total Bytes Sent By Job
	55262812  -  Total Bytes Received By Job
	Partitionable Resources :     Usage  Request Allocated 
	   Cpus                 :      1.00        3         3 
	   Disk (KB)            : 185659       75000   1320360 
	   Memory (MB)          :    302        6000      6000 

	Job terminated of its own accord at 2021-07-19T06:13:47Z.
...
