000 (2534572.221.000) 07/21 23:44:27 Job submitted from host: <188.185.70.244:9618?addrs=188.185.70.244-9618+[2001-1458-d00-7--100-2ee]-9618&alias=bigbird10.cern.ch&noUDP&sock=schedd_2037_ca81>
...
040 (2534572.221.000) 07/21 23:51:04 Started transferring input files
	Transferring to host: <128.142.59.71:9618?addrs=128.142.59.71-9618+[2001-1458-301-21--100-46]-9618&alias=b7s04p9413.cern.ch&noUDP&sock=slot1_10_6726_d34b_14638>
...
040 (2534572.221.000) 07/21 23:51:05 Finished transferring input files
...
001 (2534572.221.000) 07/21 23:51:05 Job executing on host: <128.142.59.71:9618?addrs=128.142.59.71-9618+[2001-1458-301-21--100-46]-9618&alias=b7s04p9413.cern.ch&noUDP&sock=startd_6258_0bc3>
...
006 (2534572.221.000) 07/21 23:51:13 Image size of job updated: 589044
	190  -  MemoryUsage of job (MB)
	193812  -  ResidentSetSize of job (KB)
...
006 (2534572.221.000) 07/21 23:56:14 Image size of job updated: 626832
	201  -  MemoryUsage of job (MB)
	205228  -  ResidentSetSize of job (KB)
...
006 (2534572.221.000) 07/22 00:11:15 Image size of job updated: 827336
	303  -  MemoryUsage of job (MB)
	309940  -  ResidentSetSize of job (KB)
...
006 (2534572.221.000) 07/22 00:21:17 Image size of job updated: 827832
	304  -  MemoryUsage of job (MB)
	310528  -  ResidentSetSize of job (KB)
...
040 (2534572.221.000) 07/22 00:23:19 Started transferring output files
...
040 (2534572.221.000) 07/22 00:23:19 Finished transferring output files
...
005 (2534572.221.000) 07/22 00:23:19 Job terminated.
	(1) Normal termination (return value 0)
		Usr 0 00:14:07, Sys 0 00:00:02  -  Run Remote Usage
		Usr 0 00:00:00, Sys 0 00:00:00  -  Run Local Usage
		Usr 0 00:14:07, Sys 0 00:00:02  -  Total Remote Usage
		Usr 0 00:00:00, Sys 0 00:00:00  -  Total Local Usage
	44437  -  Run Bytes Sent By Job
	55262812  -  Run Bytes Received By Job
	44437  -  Total Bytes Sent By Job
	55262812  -  Total Bytes Received By Job
	Partitionable Resources :     Usage  Request Allocated 
	   Cpus                 :      1.00        3         3 
	   Disk (KB)            : 186134       75000   1200342 
	   Memory (MB)          :    304        6000      6000 

	Job terminated of its own accord at 2021-07-21T22:23:19Z.
...
