000 (2536881.212.000) 07/22 03:18:13 Job submitted from host: <188.185.70.244:9618?addrs=188.185.70.244-9618+[2001-1458-d00-7--100-2ee]-9618&alias=bigbird10.cern.ch&noUDP&sock=schedd_2037_ca81>
...
040 (2536881.212.000) 07/22 04:05:56 Started transferring input files
	Transferring to host: <188.184.169.158:9618?addrs=188.184.169.158-9618+[2001-1458-301-c0--100-2cc]-9618&alias=b7g52n2812.cern.ch&noUDP&sock=slot1_10_6669_a9e8_73037>
...
040 (2536881.212.000) 07/22 04:05:57 Finished transferring input files
...
001 (2536881.212.000) 07/22 04:05:57 Job executing on host: <188.184.169.158:9618?addrs=188.184.169.158-9618+[2001-1458-301-c0--100-2cc]-9618&alias=b7g52n2812.cern.ch&noUDP&sock=startd_5219_60dd>
...
006 (2536881.212.000) 07/22 04:06:06 Image size of job updated: 288720
	112  -  MemoryUsage of job (MB)
	114272  -  ResidentSetSize of job (KB)
...
006 (2536881.212.000) 07/22 04:11:07 Image size of job updated: 833792
	309  -  MemoryUsage of job (MB)
	316288  -  ResidentSetSize of job (KB)
...
006 (2536881.212.000) 07/22 04:31:08 Image size of job updated: 834376
	310  -  MemoryUsage of job (MB)
	316956  -  ResidentSetSize of job (KB)
...
040 (2536881.212.000) 07/22 04:38:25 Started transferring output files
...
040 (2536881.212.000) 07/22 04:38:25 Finished transferring output files
...
005 (2536881.212.000) 07/22 04:38:26 Job terminated.
	(1) Normal termination (return value 0)
		Usr 0 00:31:41, Sys 0 00:00:03  -  Run Remote Usage
		Usr 0 00:00:00, Sys 0 00:00:00  -  Run Local Usage
		Usr 0 00:31:41, Sys 0 00:00:03  -  Total Remote Usage
		Usr 0 00:00:00, Sys 0 00:00:00  -  Total Local Usage
	45616  -  Run Bytes Sent By Job
	55262812  -  Run Bytes Received By Job
	45616  -  Total Bytes Sent By Job
	55262812  -  Total Bytes Received By Job
	Partitionable Resources :     Usage  Request Allocated 
	   Cpus                 :      0.99        3         3 
	   Disk (KB)            : 187312       75000    240125 
	   Memory (MB)          :    310        6000      6000 

	Job terminated of its own accord at 2021-07-22T02:38:25Z.
...
