000 (2521668.038.000) 07/19 01:56:56 Job submitted from host: <188.185.70.244:9618?addrs=188.185.70.244-9618+[2001-1458-d00-7--100-2ee]-9618&alias=bigbird10.cern.ch&noUDP&sock=schedd_2037_ca81>
...
040 (2521668.038.000) 07/19 01:58:33 Started transferring input files
	Transferring to host: <128.142.59.16:9618?addrs=128.142.59.16-9618+[2001-1458-301-21--100-f]-9618&alias=b7s04p5729.cern.ch&noUDP&sock=slot1_2_6782_484d_10622>
...
040 (2521668.038.000) 07/19 01:58:34 Finished transferring input files
...
001 (2521668.038.000) 07/19 01:58:34 Job executing on host: <128.142.59.16:9618?addrs=128.142.59.16-9618+[2001-1458-301-21--100-f]-9618&alias=b7s04p5729.cern.ch&noUDP&sock=startd_6326_b034>
...
006 (2521668.038.000) 07/19 01:58:43 Image size of job updated: 277216
	198  -  MemoryUsage of job (MB)
	202344  -  ResidentSetSize of job (KB)
...
006 (2521668.038.000) 07/19 02:02:53 Image size of job updated: 801600
	198  -  MemoryUsage of job (MB)
	202360  -  ResidentSetSize of job (KB)
...
040 (2521668.038.000) 07/19 02:02:53 Started transferring output files
...
040 (2521668.038.000) 07/19 02:02:53 Finished transferring output files
...
005 (2521668.038.000) 07/19 02:02:53 Job terminated.
	(1) Normal termination (return value 0)
		Usr 0 00:02:23, Sys 0 00:00:04  -  Run Remote Usage
		Usr 0 00:00:00, Sys 0 00:00:00  -  Run Local Usage
		Usr 0 00:02:23, Sys 0 00:00:04  -  Total Remote Usage
		Usr 0 00:00:00, Sys 0 00:00:00  -  Total Local Usage
	50017  -  Run Bytes Sent By Job
	55262812  -  Run Bytes Received By Job
	50017  -  Total Bytes Sent By Job
	55262812  -  Total Bytes Received By Job
	Partitionable Resources :     Usage  Request Allocated 
	   Cpus                 :      0.76        3         3 
	   Disk (KB)            : 204575       75000   1317915 
	   Memory (MB)          :    198        6000      6000 

	Job terminated of its own accord at 2021-07-19T00:02:53Z.
...
