000 (2536881.017.000) 07/22 03:18:13 Job submitted from host: <188.185.70.244:9618?addrs=188.185.70.244-9618+[2001-1458-d00-7--100-2ee]-9618&alias=bigbird10.cern.ch&noUDP&sock=schedd_2037_ca81>
...
040 (2536881.017.000) 07/22 03:24:52 Started transferring input files
	Transferring to host: <188.184.198.91:9618?addrs=188.184.198.91-9618+[2001-1458-301-c1--100-53]-9618&alias=b7g52n6164.cern.ch&noUDP&sock=slot1_3_6842_8ecf_68412>
...
040 (2536881.017.000) 07/22 03:24:53 Finished transferring input files
...
001 (2536881.017.000) 07/22 03:24:53 Job executing on host: <188.184.198.91:9618?addrs=188.184.198.91-9618+[2001-1458-301-c1--100-53]-9618&alias=b7g52n6164.cern.ch&noUDP&sock=startd_5558_e778>
...
006 (2536881.017.000) 07/22 03:25:02 Image size of job updated: 126248
	34  -  MemoryUsage of job (MB)
	34024  -  ResidentSetSize of job (KB)
...
006 (2536881.017.000) 07/22 03:30:03 Image size of job updated: 625716
	200  -  MemoryUsage of job (MB)
	204708  -  ResidentSetSize of job (KB)
...
006 (2536881.017.000) 07/22 03:35:03 Image size of job updated: 811356
	287  -  MemoryUsage of job (MB)
	293632  -  ResidentSetSize of job (KB)
...
006 (2536881.017.000) 07/22 03:50:05 Image size of job updated: 811776
	288  -  MemoryUsage of job (MB)
	294148  -  ResidentSetSize of job (KB)
...
040 (2536881.017.000) 07/22 03:53:16 Started transferring output files
...
040 (2536881.017.000) 07/22 03:53:16 Finished transferring output files
...
005 (2536881.017.000) 07/22 03:53:16 Job terminated.
	(1) Normal termination (return value 0)
		Usr 0 00:23:21, Sys 0 00:00:03  -  Run Remote Usage
		Usr 0 00:00:00, Sys 0 00:00:00  -  Run Local Usage
		Usr 0 00:23:21, Sys 0 00:00:03  -  Total Remote Usage
		Usr 0 00:00:00, Sys 0 00:00:00  -  Total Local Usage
	47156  -  Run Bytes Sent By Job
	55262812  -  Run Bytes Received By Job
	47156  -  Total Bytes Sent By Job
	55262812  -  Total Bytes Received By Job
	Partitionable Resources :     Usage  Request Allocated 
	   Cpus                 :      1.00        3         3 
	   Disk (KB)            : 183203       75000    236442 
	   Memory (MB)          :    288        6000      6000 

	Job terminated of its own accord at 2021-07-22T01:53:16Z.
...
