000 (2521668.090.000) 07/19 01:56:57 Job submitted from host: <188.185.70.244:9618?addrs=188.185.70.244-9618+[2001-1458-d00-7--100-2ee]-9618&alias=bigbird10.cern.ch&noUDP&sock=schedd_2037_ca81>
...
040 (2521668.090.000) 07/19 02:05:55 Started transferring input files
	Transferring to host: <188.184.169.244:9618?addrs=188.184.169.244-9618+[2001-1458-301-c0--100-374]-9618&alias=b7g52n5344.cern.ch&noUDP&sock=slot1_11_6306_e5ba_78477>
...
040 (2521668.090.000) 07/19 02:05:56 Finished transferring input files
...
001 (2521668.090.000) 07/19 02:05:56 Job executing on host: <188.184.169.244:9618?addrs=188.184.169.244-9618+[2001-1458-301-c0--100-374]-9618&alias=b7g52n5344.cern.ch&noUDP&sock=startd_5049_c5c3>
...
006 (2521668.090.000) 07/19 02:06:04 Image size of job updated: 437424
	105  -  MemoryUsage of job (MB)
	107456  -  ResidentSetSize of job (KB)
...
006 (2521668.090.000) 07/19 02:09:17 Image size of job updated: 626836
	106  -  MemoryUsage of job (MB)
	108520  -  ResidentSetSize of job (KB)
...
040 (2521668.090.000) 07/19 02:09:17 Started transferring output files
...
040 (2521668.090.000) 07/19 02:09:18 Finished transferring output files
...
005 (2521668.090.000) 07/19 02:09:18 Job terminated.
	(1) Normal termination (return value 0)
		Usr 0 00:01:08, Sys 0 00:00:02  -  Run Remote Usage
		Usr 0 00:00:00, Sys 0 00:00:00  -  Run Local Usage
		Usr 0 00:01:08, Sys 0 00:00:02  -  Total Remote Usage
		Usr 0 00:00:00, Sys 0 00:00:00  -  Total Local Usage
	48925  -  Run Bytes Sent By Job
	55262812  -  Run Bytes Received By Job
	48925  -  Total Bytes Sent By Job
	55262812  -  Total Bytes Received By Job
	Partitionable Resources :    Usage  Request Allocated 
	   Cpus                 :                 3         3 
	   Disk (KB)            :   183944    75000    284350 
	   Memory (MB)          :      106     6000      6000 

	Job terminated of its own accord at 2021-07-19T00:09:17Z.
...
