000 (2526743.034.000) 07/20 13:19:13 Job submitted from host: <188.185.70.244:9618?addrs=188.185.70.244-9618+[2001-1458-d00-7--100-2ee]-9618&alias=bigbird10.cern.ch&noUDP&sock=schedd_2037_ca81>
...
040 (2526743.034.000) 07/20 13:20:56 Started transferring input files
	Transferring to host: <128.142.58.111:9618?addrs=128.142.58.111-9618+[2001-1458-301-16--100-6e]-9618&alias=b7s03p0160.cern.ch&noUDP&sock=slot1_37_6736_df0b_11316>
...
040 (2526743.034.000) 07/20 13:20:57 Finished transferring input files
...
001 (2526743.034.000) 07/20 13:20:57 Job executing on host: <128.142.58.111:9618?addrs=128.142.58.111-9618+[2001-1458-301-16--100-6e]-9618&alias=b7s03p0160.cern.ch&noUDP&sock=startd_6271_f67f>
...
006 (2526743.034.000) 07/20 13:21:06 Image size of job updated: 270696
	192  -  MemoryUsage of job (MB)
	196444  -  ResidentSetSize of job (KB)
...
006 (2526743.034.000) 07/20 13:26:07 Image size of job updated: 636656
	210  -  MemoryUsage of job (MB)
	214028  -  ResidentSetSize of job (KB)
...
006 (2526743.034.000) 07/20 13:31:07 Image size of job updated: 636656
	210  -  MemoryUsage of job (MB)
	214032  -  ResidentSetSize of job (KB)
...
006 (2526743.034.000) 07/20 13:36:07 Image size of job updated: 636656
	210  -  MemoryUsage of job (MB)
	214036  -  ResidentSetSize of job (KB)
...
006 (2526743.034.000) 07/20 13:51:08 Image size of job updated: 940300
	415  -  MemoryUsage of job (MB)
	424476  -  ResidentSetSize of job (KB)
...
006 (2526743.034.000) 07/20 14:26:11 Image size of job updated: 940836
	416  -  MemoryUsage of job (MB)
	425084  -  ResidentSetSize of job (KB)
...
040 (2526743.034.000) 07/20 14:31:03 Started transferring output files
...
040 (2526743.034.000) 07/20 14:31:03 Finished transferring output files
...
005 (2526743.034.000) 07/20 14:31:04 Job terminated.
	(1) Normal termination (return value 0)
		Usr 0 00:45:25, Sys 0 00:00:06  -  Run Remote Usage
		Usr 0 00:00:00, Sys 0 00:00:00  -  Run Local Usage
		Usr 0 00:45:25, Sys 0 00:00:06  -  Total Remote Usage
		Usr 0 00:00:00, Sys 0 00:00:00  -  Total Local Usage
	49995  -  Run Bytes Sent By Job
	55262812  -  Run Bytes Received By Job
	49995  -  Total Bytes Sent By Job
	55262812  -  Total Bytes Received By Job
	Partitionable Resources :     Usage  Request Allocated 
	   Cpus                 :      1.00        3         3 
	   Disk (KB)            : 204523       75000   1238952 
	   Memory (MB)          :    416        6000      6000 

	Job terminated of its own accord at 2021-07-20T12:31:03Z.
...
