000 (2521867.116.000) 07/19 07:46:08 Job submitted from host: <188.185.70.244:9618?addrs=188.185.70.244-9618+[2001-1458-d00-7--100-2ee]-9618&alias=bigbird10.cern.ch&noUDP&sock=schedd_2037_ca81>
...
040 (2521867.116.000) 07/19 07:49:24 Started transferring input files
	Transferring to host: <128.142.57.25:9618?addrs=128.142.57.25-9618+[2001-1458-301-7--100-18]-9618&alias=b7s02p5905.cern.ch&noUDP&sock=slot1_10_6608_af06_15141>
...
040 (2521867.116.000) 07/19 07:49:25 Finished transferring input files
...
001 (2521867.116.000) 07/19 07:49:25 Job executing on host: <128.142.57.25:9618?addrs=128.142.57.25-9618+[2001-1458-301-7--100-18]-9618&alias=b7s02p5905.cern.ch&noUDP&sock=startd_6143_2a5f>
...
006 (2521867.116.000) 07/19 07:49:33 Image size of job updated: 431344
	190  -  MemoryUsage of job (MB)
	193876  -  ResidentSetSize of job (KB)
...
006 (2521867.116.000) 07/19 07:54:33 Image size of job updated: 626592
	203  -  MemoryUsage of job (MB)
	206988  -  ResidentSetSize of job (KB)
...
006 (2521867.116.000) 07/19 07:59:34 Image size of job updated: 756932
	303  -  MemoryUsage of job (MB)
	310244  -  ResidentSetSize of job (KB)
...
006 (2521867.116.000) 07/19 08:14:35 Image size of job updated: 757596
	304  -  MemoryUsage of job (MB)
	310876  -  ResidentSetSize of job (KB)
...
040 (2521867.116.000) 07/19 08:15:31 Started transferring output files
...
040 (2521867.116.000) 07/19 08:15:31 Finished transferring output files
...
005 (2521867.116.000) 07/19 08:15:32 Job terminated.
	(1) Normal termination (return value 0)
		Usr 0 00:21:17, Sys 0 00:00:02  -  Run Remote Usage
		Usr 0 00:00:00, Sys 0 00:00:00  -  Run Local Usage
		Usr 0 00:21:17, Sys 0 00:00:02  -  Total Remote Usage
		Usr 0 00:00:00, Sys 0 00:00:00  -  Total Local Usage
	50279  -  Run Bytes Sent By Job
	55262812  -  Run Bytes Received By Job
	50279  -  Total Bytes Sent By Job
	55262812  -  Total Bytes Received By Job
	Partitionable Resources :     Usage  Request Allocated 
	   Cpus                 :      1.00        3         3 
	   Disk (KB)            : 185960       75000   1357786 
	   Memory (MB)          :    304        6000      6000 

	Job terminated of its own accord at 2021-07-19T06:15:31Z.
...
