000 (2534572.112.000) 07/21 23:44:26 Job submitted from host: <188.185.70.244:9618?addrs=188.185.70.244-9618+[2001-1458-d00-7--100-2ee]-9618&alias=bigbird10.cern.ch&noUDP&sock=schedd_2037_ca81>
...
040 (2534572.112.000) 07/21 23:50:28 Started transferring input files
	Transferring to host: <128.142.161.98:9618?addrs=128.142.161.98-9618+[2001-1458-301-b8--100-20]-9618&alias=b7g03p4215.cern.ch&noUDP&sock=slot1_16_233032_dffd_153894>
...
040 (2534572.112.000) 07/21 23:50:29 Finished transferring input files
...
001 (2534572.112.000) 07/21 23:50:29 Job executing on host: <128.142.161.98:9618?addrs=128.142.161.98-9618+[2001-1458-301-b8--100-20]-9618&alias=b7g03p4215.cern.ch&noUDP&sock=startd_131011_3a3a>
...
006 (2534572.112.000) 07/21 23:50:38 Image size of job updated: 291816
	172  -  MemoryUsage of job (MB)
	175628  -  ResidentSetSize of job (KB)
...
006 (2534572.112.000) 07/21 23:55:39 Image size of job updated: 630928
	205  -  MemoryUsage of job (MB)
	209240  -  ResidentSetSize of job (KB)
...
006 (2534572.112.000) 07/22 00:10:41 Image size of job updated: 910720
	385  -  MemoryUsage of job (MB)
	393268  -  ResidentSetSize of job (KB)
...
040 (2534572.112.000) 07/22 00:35:39 Started transferring output files
...
040 (2534572.112.000) 07/22 00:35:39 Finished transferring output files
...
005 (2534572.112.000) 07/22 00:35:39 Job terminated.
	(1) Normal termination (return value 0)
		Usr 0 00:30:18, Sys 0 00:00:06  -  Run Remote Usage
		Usr 0 00:00:00, Sys 0 00:00:00  -  Run Local Usage
		Usr 0 00:30:18, Sys 0 00:00:06  -  Total Remote Usage
		Usr 0 00:00:00, Sys 0 00:00:00  -  Total Local Usage
	45152  -  Run Bytes Sent By Job
	55262812  -  Run Bytes Received By Job
	45152  -  Total Bytes Sent By Job
	55262812  -  Total Bytes Received By Job
	Partitionable Resources :     Usage  Request Allocated 
	   Cpus                 :      1.00        3         3 
	   Disk (KB)            : 198413       75000   1336283 
	   Memory (MB)          :    385        6000      6000 

	Job terminated of its own accord at 2021-07-21T22:35:39Z.
...
