000 (2536881.043.000) 07/22 03:18:13 Job submitted from host: <188.185.70.244:9618?addrs=188.185.70.244-9618+[2001-1458-d00-7--100-2ee]-9618&alias=bigbird10.cern.ch&noUDP&sock=schedd_2037_ca81>
...
040 (2536881.043.000) 07/22 03:25:00 Started transferring input files
	Transferring to host: <188.184.211.58:9618?addrs=188.184.211.58-9618+[2001-1458-301-10b--100-60]-9618&alias=b7g23n7734.cern.ch&noUDP&sock=slot1_3_10442_1562_120745>
...
040 (2536881.043.000) 07/22 03:25:01 Finished transferring input files
...
001 (2536881.043.000) 07/22 03:25:01 Job executing on host: <188.184.211.58:9618?addrs=188.184.211.58-9618+[2001-1458-301-10b--100-60]-9618&alias=b7g23n7734.cern.ch&noUDP&sock=startd_24288_2054>
...
006 (2536881.043.000) 07/22 03:25:11 Image size of job updated: 419724
	9  -  MemoryUsage of job (MB)
	9204  -  ResidentSetSize of job (KB)
...
006 (2536881.043.000) 07/22 03:30:11 Image size of job updated: 636904
	210  -  MemoryUsage of job (MB)
	214344  -  ResidentSetSize of job (KB)
...
006 (2536881.043.000) 07/22 03:35:11 Image size of job updated: 636904
	210  -  MemoryUsage of job (MB)
	214352  -  ResidentSetSize of job (KB)
...
006 (2536881.043.000) 07/22 04:20:16 Image size of job updated: 915964
	393  -  MemoryUsage of job (MB)
	402288  -  ResidentSetSize of job (KB)
...
040 (2536881.043.000) 07/22 07:24:17 Started transferring output files
...
040 (2536881.043.000) 07/22 07:24:18 Finished transferring output files
...
005 (2536881.043.000) 07/22 07:24:19 Job terminated.
	(1) Normal termination (return value 0)
		Usr 0 03:06:04, Sys 0 00:00:08  -  Run Remote Usage
		Usr 0 00:00:00, Sys 0 00:00:00  -  Run Local Usage
		Usr 0 03:06:04, Sys 0 00:00:08  -  Total Remote Usage
		Usr 0 00:00:00, Sys 0 00:00:00  -  Total Local Usage
	45711  -  Run Bytes Sent By Job
	55262812  -  Run Bytes Received By Job
	45711  -  Total Bytes Sent By Job
	55262812  -  Total Bytes Received By Job
	Partitionable Resources :     Usage  Request Allocated 
	   Cpus                 :      0.99        3         3 
	   Disk (KB)            : 199171       75000    340613 
	   Memory (MB)          :    393        6000      6000 

	Job terminated of its own accord at 2021-07-22T05:24:17Z.
...
