000 (2556074.027.000) 07/27 10:23:52 Job submitted from host: <188.185.70.244:9618?addrs=188.185.70.244-9618+[2001-1458-d00-7--100-2ee]-9618&alias=bigbird10.cern.ch&noUDP&sock=schedd_2037_ca81>
...
040 (2556074.027.000) 07/27 10:30:24 Started transferring input files
	Transferring to host: <128.142.34.31:9618?addrs=128.142.34.31-9618+[2001-1458-301-3f--100-1c]-9618&alias=b7g04p7434.cern.ch&noUDP&sock=slot1_18_6736_df0b_5163>
...
040 (2556074.027.000) 07/27 10:30:24 Finished transferring input files
...
001 (2556074.027.000) 07/27 10:30:24 Job executing on host: <128.142.34.31:9618?addrs=128.142.34.31-9618+[2001-1458-301-3f--100-1c]-9618&alias=b7g04p7434.cern.ch&noUDP&sock=startd_6280_22d9>
...
006 (2556074.027.000) 07/27 10:30:33 Image size of job updated: 614496
	190  -  MemoryUsage of job (MB)
	193868  -  ResidentSetSize of job (KB)
...
006 (2556074.027.000) 07/27 10:35:34 Image size of job updated: 626816
	201  -  MemoryUsage of job (MB)
	205280  -  ResidentSetSize of job (KB)
...
006 (2556074.027.000) 07/27 10:40:34 Image size of job updated: 794020
	271  -  MemoryUsage of job (MB)
	276640  -  ResidentSetSize of job (KB)
...
006 (2556074.027.000) 07/27 10:45:15 Image size of job updated: 794624
	271  -  MemoryUsage of job (MB)
	276640  -  ResidentSetSize of job (KB)
...
040 (2556074.027.000) 07/27 10:45:15 Started transferring output files
...
040 (2556074.027.000) 07/27 10:45:15 Finished transferring output files
...
005 (2556074.027.000) 07/27 10:45:15 Job terminated.
	(1) Normal termination (return value 0)
		Usr 0 00:08:17, Sys 0 00:00:02  -  Run Remote Usage
		Usr 0 00:00:00, Sys 0 00:00:00  -  Run Local Usage
		Usr 0 00:08:17, Sys 0 00:00:02  -  Total Remote Usage
		Usr 0 00:00:00, Sys 0 00:00:00  -  Total Local Usage
	48374  -  Run Bytes Sent By Job
	55262880  -  Run Bytes Received By Job
	48374  -  Total Bytes Sent By Job
	55262880  -  Total Bytes Received By Job
	Partitionable Resources :     Usage  Request Allocated 
	   Cpus                 :      0.22        3         3 
	   Disk (KB)            : 184789       75000   1334079 
	   Memory (MB)          :    271        6000      6000 

	Job terminated of its own accord at 2021-07-27T08:45:15Z.
...
