000 (2521675.107.000) 07/19 04:18:40 Job submitted from host: <188.185.70.244:9618?addrs=188.185.70.244-9618+[2001-1458-d00-7--100-2ee]-9618&alias=bigbird10.cern.ch&noUDP&sock=schedd_2037_ca81>
...
040 (2521675.107.000) 07/19 04:24:30 Started transferring input files
	Transferring to host: <128.142.193.244:9618?addrs=128.142.193.244-9618+[2001-1458-301-cc--100-d0]-9618&alias=b7g52n2069.cern.ch&noUDP&sock=slot1_8_5754_f6a3_70183>
...
040 (2521675.107.000) 07/19 04:24:31 Finished transferring input files
...
001 (2521675.107.000) 07/19 04:24:31 Job executing on host: <128.142.193.244:9618?addrs=128.142.193.244-9618+[2001-1458-301-cc--100-d0]-9618&alias=b7g52n2069.cern.ch&noUDP&sock=startd_4576_5577>
...
006 (2521675.107.000) 07/19 04:24:39 Image size of job updated: 533212
	131  -  MemoryUsage of job (MB)
	133748  -  ResidentSetSize of job (KB)
...
006 (2521675.107.000) 07/19 04:29:39 Image size of job updated: 636272
	209  -  MemoryUsage of job (MB)
	213788  -  ResidentSetSize of job (KB)
...
006 (2521675.107.000) 07/19 05:52:26 Image size of job updated: 796604
	209  -  MemoryUsage of job (MB)
	213788  -  ResidentSetSize of job (KB)
...
040 (2521675.107.000) 07/19 05:52:26 Started transferring output files
...
040 (2521675.107.000) 07/19 05:52:26 Finished transferring output files
...
005 (2521675.107.000) 07/19 05:52:26 Job terminated.
	(1) Normal termination (return value 0)
		Usr 0 00:02:47, Sys 0 00:00:04  -  Run Remote Usage
		Usr 0 00:00:00, Sys 0 00:00:00  -  Run Local Usage
		Usr 0 00:02:47, Sys 0 00:00:04  -  Total Remote Usage
		Usr 0 00:00:00, Sys 0 00:00:00  -  Total Local Usage
	51395  -  Run Bytes Sent By Job
	55262812  -  Run Bytes Received By Job
	51395  -  Total Bytes Sent By Job
	55262812  -  Total Bytes Received By Job
	Partitionable Resources :     Usage  Request Allocated 
	   Cpus                 :      0.14        3         3 
	   Disk (KB)            : 194546       75000    234445 
	   Memory (MB)          :    209        6000      6000 

	Job terminated of its own accord at 2021-07-19T03:52:26Z.
...
