000 (2524617.046.000) 07/20 01:52:26 Job submitted from host: <188.185.70.244:9618?addrs=188.185.70.244-9618+[2001-1458-d00-7--100-2ee]-9618&alias=bigbird10.cern.ch&noUDP&sock=schedd_2037_ca81>
...
040 (2524617.046.000) 07/20 01:55:42 Started transferring input files
	Transferring to host: <128.142.59.63:9618?addrs=128.142.59.63-9618+[2001-1458-301-21--100-3e]-9618&alias=b7s04p6101.cern.ch&noUDP&sock=slot1_1_7304_1422_12342>
...
040 (2524617.046.000) 07/20 01:55:43 Finished transferring input files
...
001 (2524617.046.000) 07/20 01:55:43 Job executing on host: <128.142.59.63:9618?addrs=128.142.59.63-9618+[2001-1458-301-21--100-3e]-9618&alias=b7s04p6101.cern.ch&noUDP&sock=startd_6844_fe43>
...
006 (2524617.046.000) 07/20 01:55:52 Image size of job updated: 577500
	191  -  MemoryUsage of job (MB)
	194576  -  ResidentSetSize of job (KB)
...
006 (2524617.046.000) 07/20 02:00:53 Image size of job updated: 632452
	208  -  MemoryUsage of job (MB)
	212852  -  ResidentSetSize of job (KB)
...
006 (2524617.046.000) 07/20 02:05:53 Image size of job updated: 739456
	286  -  MemoryUsage of job (MB)
	292816  -  ResidentSetSize of job (KB)
...
006 (2524617.046.000) 07/20 02:10:53 Image size of job updated: 739960
	287  -  MemoryUsage of job (MB)
	293360  -  ResidentSetSize of job (KB)
...
040 (2524617.046.000) 07/20 02:11:43 Started transferring output files
...
040 (2524617.046.000) 07/20 02:11:43 Finished transferring output files
...
005 (2524617.046.000) 07/20 02:11:43 Job terminated.
	(1) Normal termination (return value 0)
		Usr 0 00:10:33, Sys 0 00:00:02  -  Run Remote Usage
		Usr 0 00:00:00, Sys 0 00:00:00  -  Run Local Usage
		Usr 0 00:10:33, Sys 0 00:00:02  -  Total Remote Usage
		Usr 0 00:00:00, Sys 0 00:00:00  -  Total Local Usage
	51519  -  Run Bytes Sent By Job
	55262812  -  Run Bytes Received By Job
	51519  -  Total Bytes Sent By Job
	55262812  -  Total Bytes Received By Job
	Partitionable Resources :     Usage  Request Allocated 
	   Cpus                 :      1.00        3         3 
	   Disk (KB)            : 181846       75000   1278883 
	   Memory (MB)          :    287        6000      6000 

	Job terminated of its own accord at 2021-07-20T00:11:43Z.
...
