000 (2552365.018.000) 07/26 17:28:17 Job submitted from host: <188.185.70.244:9618?addrs=188.185.70.244-9618+[2001-1458-d00-7--100-2ee]-9618&alias=bigbird10.cern.ch&noUDP&sock=schedd_2037_ca81>
...
040 (2552365.018.000) 07/26 17:54:31 Started transferring input files
	Transferring to host: <188.184.196.203:9618?addrs=188.184.196.203-9618+[2001-1458-301-102--100-c8]-9618&alias=b7g24n0385.cern.ch&noUDP&sock=slot1_8_20889_f0ab_123567>
...
040 (2552365.018.000) 07/26 17:54:32 Finished transferring input files
...
001 (2552365.018.000) 07/26 17:54:32 Job executing on host: <188.184.196.203:9618?addrs=188.184.196.203-9618+[2001-1458-301-102--100-c8]-9618&alias=b7g24n0385.cern.ch&noUDP&sock=startd_20335_b274>
...
006 (2552365.018.000) 07/26 17:54:41 Image size of job updated: 175836
	109  -  MemoryUsage of job (MB)
	111372  -  ResidentSetSize of job (KB)
...
006 (2552365.018.000) 07/26 17:59:41 Image size of job updated: 824652
	301  -  MemoryUsage of job (MB)
	307768  -  ResidentSetSize of job (KB)
...
006 (2552365.018.000) 07/26 18:14:43 Image size of job updated: 825340
	302  -  MemoryUsage of job (MB)
	308608  -  ResidentSetSize of job (KB)
...
040 (2552365.018.000) 07/26 18:16:12 Started transferring output files
...
040 (2552365.018.000) 07/26 18:16:12 Finished transferring output files
...
005 (2552365.018.000) 07/26 18:16:12 Job terminated.
	(1) Normal termination (return value 0)
		Usr 0 00:21:26, Sys 0 00:00:02  -  Run Remote Usage
		Usr 0 00:00:00, Sys 0 00:00:00  -  Run Local Usage
		Usr 0 00:21:26, Sys 0 00:00:02  -  Total Remote Usage
		Usr 0 00:00:00, Sys 0 00:00:00  -  Total Local Usage
	49979  -  Run Bytes Sent By Job
	55262876  -  Run Bytes Received By Job
	49979  -  Total Bytes Sent By Job
	55262876  -  Total Bytes Received By Job
	Partitionable Resources :     Usage  Request Allocated 
	   Cpus                 :      1.00        3         3 
	   Disk (KB)            : 185195       75000    297156 
	   Memory (MB)          :    302        6000      6000 

	Job terminated of its own accord at 2021-07-26T16:16:11Z.
...
