000 (2521876.163.000) 07/19 08:46:26 Job submitted from host: <188.185.70.244:9618?addrs=188.185.70.244-9618+[2001-1458-d00-7--100-2ee]-9618&alias=bigbird10.cern.ch&noUDP&sock=schedd_2037_ca81>
...
040 (2521876.163.000) 07/19 10:39:41 Started transferring input files
	Transferring to host: <128.142.56.46:9618?addrs=128.142.56.46-9618+[2001-1458-301-6--100-2d]-9618&alias=b7s01p6409.cern.ch&noUDP&sock=slot1_32_44121_fc5b_12609>
...
040 (2521876.163.000) 07/19 10:39:42 Finished transferring input files
...
001 (2521876.163.000) 07/19 10:39:42 Job executing on host: <128.142.56.46:9618?addrs=128.142.56.46-9618+[2001-1458-301-6--100-2d]-9618&alias=b7s01p6409.cern.ch&noUDP&sock=startd_44076_0c63>
...
006 (2521876.163.000) 07/19 10:39:51 Image size of job updated: 230964
	154  -  MemoryUsage of job (MB)
	156864  -  ResidentSetSize of job (KB)
...
006 (2521876.163.000) 07/19 10:44:52 Image size of job updated: 631388
	205  -  MemoryUsage of job (MB)
	209620  -  ResidentSetSize of job (KB)
...
006 (2521876.163.000) 07/19 10:54:52 Image size of job updated: 813956
	294  -  MemoryUsage of job (MB)
	300672  -  ResidentSetSize of job (KB)
...
006 (2521876.163.000) 07/19 11:04:53 Image size of job updated: 814472
	295  -  MemoryUsage of job (MB)
	301268  -  ResidentSetSize of job (KB)
...
040 (2521876.163.000) 07/19 11:07:46 Started transferring output files
...
040 (2521876.163.000) 07/19 11:07:46 Finished transferring output files
...
005 (2521876.163.000) 07/19 11:07:46 Job terminated.
	(1) Normal termination (return value 0)
		Usr 0 00:14:02, Sys 0 00:00:02  -  Run Remote Usage
		Usr 0 00:00:00, Sys 0 00:00:00  -  Run Local Usage
		Usr 0 00:14:02, Sys 0 00:00:02  -  Total Remote Usage
		Usr 0 00:00:00, Sys 0 00:00:00  -  Total Local Usage
	49762  -  Run Bytes Sent By Job
	55262812  -  Run Bytes Received By Job
	49762  -  Total Bytes Sent By Job
	55262812  -  Total Bytes Received By Job
	Partitionable Resources :     Usage  Request Allocated 
	   Cpus                 :      1.00        3         3 
	   Disk (KB)            : 183563       75000   1271559 
	   Memory (MB)          :    295        6000      6000 

	Job terminated of its own accord at 2021-07-19T09:07:46Z.
...
