000 (2521867.147.000) 07/19 07:46:08 Job submitted from host: <188.185.70.244:9618?addrs=188.185.70.244-9618+[2001-1458-d00-7--100-2ee]-9618&alias=bigbird10.cern.ch&noUDP&sock=schedd_2037_ca81>
...
040 (2521867.147.000) 07/19 07:49:35 Started transferring input files
	Transferring to host: <128.142.59.33:9618?addrs=128.142.59.33-9618+[2001-1458-301-21--100-20]-9618&alias=b7s04p7269.cern.ch&noUDP&sock=slot1_7_6791_9fad_11844>
...
040 (2521867.147.000) 07/19 07:49:36 Finished transferring input files
...
001 (2521867.147.000) 07/19 07:49:36 Job executing on host: <128.142.59.33:9618?addrs=128.142.59.33-9618+[2001-1458-301-21--100-20]-9618&alias=b7s04p7269.cern.ch&noUDP&sock=startd_6331_1e2d>
...
006 (2521867.147.000) 07/19 07:49:44 Image size of job updated: 1053104
	201  -  MemoryUsage of job (MB)
	205308  -  ResidentSetSize of job (KB)
...
006 (2521867.147.000) 07/19 07:54:44 Image size of job updated: 1053104
	310  -  MemoryUsage of job (MB)
	316500  -  ResidentSetSize of job (KB)
...
006 (2521867.147.000) 07/19 08:09:45 Image size of job updated: 1053104
	310  -  MemoryUsage of job (MB)
	317088  -  ResidentSetSize of job (KB)
...
040 (2521867.147.000) 07/19 08:12:54 Started transferring output files
...
040 (2521867.147.000) 07/19 08:12:54 Finished transferring output files
...
005 (2521867.147.000) 07/19 08:12:54 Job terminated.
	(1) Normal termination (return value 0)
		Usr 0 00:22:37, Sys 0 00:00:02  -  Run Remote Usage
		Usr 0 00:00:00, Sys 0 00:00:00  -  Run Local Usage
		Usr 0 00:22:37, Sys 0 00:00:02  -  Total Remote Usage
		Usr 0 00:00:00, Sys 0 00:00:00  -  Total Local Usage
	47984  -  Run Bytes Sent By Job
	55262812  -  Run Bytes Received By Job
	47984  -  Total Bytes Sent By Job
	55262812  -  Total Bytes Received By Job
	Partitionable Resources :     Usage  Request Allocated 
	   Cpus                 :      1.00        3         3 
	   Disk (KB)            : 187289       75000   1298755 
	   Memory (MB)          :    310        6000      6000 

	Job terminated of its own accord at 2021-07-19T06:12:54Z.
...
