000 (2524871.068.000) 07/20 04:35:08 Job submitted from host: <188.185.70.244:9618?addrs=188.185.70.244-9618+[2001-1458-d00-7--100-2ee]-9618&alias=bigbird10.cern.ch&noUDP&sock=schedd_2037_ca81>
...
040 (2524871.068.000) 07/20 05:09:51 Started transferring input files
	Transferring to host: <128.142.75.239:9618?addrs=128.142.75.239-9618+[2001-1458-301-75--100-47d]-9618&alias=b7s11n8969.cern.ch&noUDP&sock=slot1_10_16786_0164_73757>
...
040 (2524871.068.000) 07/20 05:09:52 Finished transferring input files
...
001 (2524871.068.000) 07/20 05:09:52 Job executing on host: <128.142.75.239:9618?addrs=128.142.75.239-9618+[2001-1458-301-75--100-47d]-9618&alias=b7s11n8969.cern.ch&noUDP&sock=startd_16634_1e71>
...
006 (2524871.068.000) 07/20 05:10:01 Image size of job updated: 72032
	56  -  MemoryUsage of job (MB)
	57012  -  ResidentSetSize of job (KB)
...
006 (2524871.068.000) 07/20 05:15:02 Image size of job updated: 807040
	287  -  MemoryUsage of job (MB)
	293640  -  ResidentSetSize of job (KB)
...
006 (2524871.068.000) 07/20 05:24:49 Image size of job updated: 807616
	287  -  MemoryUsage of job (MB)
	293640  -  ResidentSetSize of job (KB)
...
040 (2524871.068.000) 07/20 05:24:49 Started transferring output files
...
040 (2524871.068.000) 07/20 05:24:49 Finished transferring output files
...
005 (2524871.068.000) 07/20 05:24:49 Job terminated.
	(1) Normal termination (return value 0)
		Usr 0 00:13:32, Sys 0 00:00:02  -  Run Remote Usage
		Usr 0 00:00:00, Sys 0 00:00:00  -  Run Local Usage
		Usr 0 00:13:32, Sys 0 00:00:02  -  Total Remote Usage
		Usr 0 00:00:00, Sys 0 00:00:00  -  Total Local Usage
	52984  -  Run Bytes Sent By Job
	55262812  -  Run Bytes Received By Job
	52984  -  Total Bytes Sent By Job
	55262812  -  Total Bytes Received By Job
	Partitionable Resources :     Usage  Request Allocated 
	   Cpus                 :      1.00        3         3 
	   Disk (KB)            : 182252       75000    278766 
	   Memory (MB)          :    287        6000      6000 

	Job terminated of its own accord at 2021-07-20T03:24:49Z.
...
