000 (2521675.096.000) 07/19 04:18:40 Job submitted from host: <188.185.70.244:9618?addrs=188.185.70.244-9618+[2001-1458-d00-7--100-2ee]-9618&alias=bigbird10.cern.ch&noUDP&sock=schedd_2037_ca81>
...
040 (2521675.096.000) 07/19 04:24:26 Started transferring input files
	Transferring to host: <128.142.56.22:9618?addrs=128.142.56.22-9618+[2001-1458-301-6--100-15]-9618&alias=b7s01p3011.cern.ch&noUDP&sock=slot1_7_53677_0d60_15596>
...
040 (2521675.096.000) 07/19 04:24:27 Finished transferring input files
...
001 (2521675.096.000) 07/19 04:24:27 Job executing on host: <128.142.56.22:9618?addrs=128.142.56.22-9618+[2001-1458-301-6--100-15]-9618&alias=b7s01p3011.cern.ch&noUDP&sock=startd_50574_22cb>
...
006 (2521675.096.000) 07/19 04:24:35 Image size of job updated: 248840
	171  -  MemoryUsage of job (MB)
	174744  -  ResidentSetSize of job (KB)
...
006 (2521675.096.000) 07/19 04:29:35 Image size of job updated: 635644
	209  -  MemoryUsage of job (MB)
	213648  -  ResidentSetSize of job (KB)
...
006 (2521675.096.000) 07/19 04:39:37 Image size of job updated: 635644
	209  -  MemoryUsage of job (MB)
	213652  -  ResidentSetSize of job (KB)
...
006 (2521675.096.000) 07/19 05:09:09 Image size of job updated: 771512
	209  -  MemoryUsage of job (MB)
	213652  -  ResidentSetSize of job (KB)
...
040 (2521675.096.000) 07/19 05:09:09 Started transferring output files
...
040 (2521675.096.000) 07/19 05:09:09 Finished transferring output files
...
005 (2521675.096.000) 07/19 05:09:10 Job terminated.
	(1) Normal termination (return value 0)
		Usr 0 00:01:52, Sys 0 00:00:03  -  Run Remote Usage
		Usr 0 00:00:00, Sys 0 00:00:00  -  Run Local Usage
		Usr 0 00:01:52, Sys 0 00:00:03  -  Total Remote Usage
		Usr 0 00:00:00, Sys 0 00:00:00  -  Total Local Usage
	52384  -  Run Bytes Sent By Job
	55262812  -  Run Bytes Received By Job
	52384  -  Total Bytes Sent By Job
	55262812  -  Total Bytes Received By Job
	Partitionable Resources :     Usage  Request Allocated 
	   Cpus                 :      0.65        3         3 
	   Disk (KB)            : 194738       75000   1238789 
	   Memory (MB)          :    209        6000      6000 

	Job terminated of its own accord at 2021-07-19T03:09:09Z.
...
