000 (2534572.049.000) 07/21 23:44:26 Job submitted from host: <188.185.70.244:9618?addrs=188.185.70.244-9618+[2001-1458-d00-7--100-2ee]-9618&alias=bigbird10.cern.ch&noUDP&sock=schedd_2037_ca81>
...
040 (2534572.049.000) 07/21 23:49:45 Started transferring input files
	Transferring to host: <128.142.58.70:9618?addrs=128.142.58.70-9618+[2001-1458-301-16--100-45]-9618&alias=b7s03p3844.cern.ch&noUDP&sock=slot1_8_6821_c2ee_13032>
...
040 (2534572.049.000) 07/21 23:49:46 Finished transferring input files
...
001 (2534572.049.000) 07/21 23:49:46 Job executing on host: <128.142.58.70:9618?addrs=128.142.58.70-9618+[2001-1458-301-16--100-45]-9618&alias=b7s03p3844.cern.ch&noUDP&sock=startd_6363_1135>
...
006 (2534572.049.000) 07/21 23:49:55 Image size of job updated: 426824
	192  -  MemoryUsage of job (MB)
	195596  -  ResidentSetSize of job (KB)
...
006 (2534572.049.000) 07/21 23:54:56 Image size of job updated: 630920
	205  -  MemoryUsage of job (MB)
	209208  -  ResidentSetSize of job (KB)
...
006 (2534572.049.000) 07/22 01:15:04 Image size of job updated: 637332
	212  -  MemoryUsage of job (MB)
	216944  -  ResidentSetSize of job (KB)
...
006 (2534572.049.000) 07/22 01:20:04 Image size of job updated: 960604
	433  -  MemoryUsage of job (MB)
	442544  -  ResidentSetSize of job (KB)
...
006 (2534572.049.000) 07/22 01:55:09 Image size of job updated: 961088
	433  -  MemoryUsage of job (MB)
	443104  -  ResidentSetSize of job (KB)
...
040 (2534572.049.000) 07/22 02:01:19 Started transferring output files
...
040 (2534572.049.000) 07/22 02:01:19 Finished transferring output files
...
005 (2534572.049.000) 07/22 02:01:19 Job terminated.
	(1) Normal termination (return value 0)
		Usr 0 00:48:13, Sys 0 00:00:06  -  Run Remote Usage
		Usr 0 00:00:00, Sys 0 00:00:00  -  Run Local Usage
		Usr 0 00:48:13, Sys 0 00:00:06  -  Total Remote Usage
		Usr 0 00:00:00, Sys 0 00:00:00  -  Total Local Usage
	45661  -  Run Bytes Sent By Job
	55262812  -  Run Bytes Received By Job
	45661  -  Total Bytes Sent By Job
	55262812  -  Total Bytes Received By Job
	Partitionable Resources :     Usage  Request Allocated 
	   Cpus                 :      1.00        3         3 
	   Disk (KB)            : 208593       75000   1284180 
	   Memory (MB)          :    433        6000      6000 

	Job terminated of its own accord at 2021-07-22T00:01:19Z.
...
