000 (2556072.023.000) 07/27 10:22:33 Job submitted from host: <188.185.70.244:9618?addrs=188.185.70.244-9618+[2001-1458-d00-7--100-2ee]-9618&alias=bigbird10.cern.ch&noUDP&sock=schedd_2037_ca81>
...
040 (2556072.023.000) 07/27 10:25:31 Started transferring input files
	Transferring to host: <128.142.58.122:9618?addrs=128.142.58.122-9618+[2001-1458-301-16--100-79]-9618&alias=b7s03p5500.cern.ch&noUDP&sock=slot1_5_7970_55fd_14513>
...
040 (2556072.023.000) 07/27 10:25:32 Finished transferring input files
...
001 (2556072.023.000) 07/27 10:25:32 Job executing on host: <128.142.58.122:9618?addrs=128.142.58.122-9618+[2001-1458-301-16--100-79]-9618&alias=b7s03p5500.cern.ch&noUDP&sock=startd_6077_e51f>
...
006 (2556072.023.000) 07/27 10:25:41 Image size of job updated: 1067108
	170  -  MemoryUsage of job (MB)
	173388  -  ResidentSetSize of job (KB)
...
006 (2556072.023.000) 07/27 10:30:42 Image size of job updated: 1067108
	257  -  MemoryUsage of job (MB)
	262940  -  ResidentSetSize of job (KB)
...
040 (2556072.023.000) 07/27 10:31:56 Started transferring output files
...
040 (2556072.023.000) 07/27 10:31:57 Finished transferring output files
...
005 (2556072.023.000) 07/27 10:31:57 Job terminated.
	(1) Normal termination (return value 0)
		Usr 0 00:05:31, Sys 0 00:00:01  -  Run Remote Usage
		Usr 0 00:00:00, Sys 0 00:00:00  -  Run Local Usage
		Usr 0 00:05:31, Sys 0 00:00:01  -  Total Remote Usage
		Usr 0 00:00:00, Sys 0 00:00:00  -  Total Local Usage
	51587  -  Run Bytes Sent By Job
	55262880  -  Run Bytes Received By Job
	51587  -  Total Bytes Sent By Job
	55262880  -  Total Bytes Received By Job
	Partitionable Resources :     Usage  Request Allocated 
	   Cpus                 :      1.00        3         3 
	   Disk (KB)            : 179930       75000   1310658 
	   Memory (MB)          :    257        6000      6000 

	Job terminated of its own accord at 2021-07-27T08:31:52Z.
...
