000 (2521876.220.000) 07/19 08:46:26 Job submitted from host: <188.185.70.244:9618?addrs=188.185.70.244-9618+[2001-1458-d00-7--100-2ee]-9618&alias=bigbird10.cern.ch&noUDP&sock=schedd_2037_ca81>
...
040 (2521876.220.000) 07/19 10:40:04 Started transferring input files
	Transferring to host: <128.142.59.91:9618?addrs=128.142.59.91-9618+[2001-1458-301-21--100-5a]-9618&alias=b7s04p0329.cern.ch&noUDP&sock=slot1_17_4273_7707_10063>
...
040 (2521876.220.000) 07/19 10:40:05 Finished transferring input files
...
001 (2521876.220.000) 07/19 10:40:05 Job executing on host: <128.142.59.91:9618?addrs=128.142.59.91-9618+[2001-1458-301-21--100-5a]-9618&alias=b7s04p0329.cern.ch&noUDP&sock=startd_3821_7776>
...
006 (2521876.220.000) 07/19 10:40:14 Image size of job updated: 218564
	142  -  MemoryUsage of job (MB)
	145004  -  ResidentSetSize of job (KB)
...
006 (2521876.220.000) 07/19 10:45:15 Image size of job updated: 829248
	305  -  MemoryUsage of job (MB)
	311836  -  ResidentSetSize of job (KB)
...
006 (2521876.220.000) 07/19 10:55:16 Image size of job updated: 829736
	306  -  MemoryUsage of job (MB)
	312432  -  ResidentSetSize of job (KB)
...
040 (2521876.220.000) 07/19 11:00:28 Started transferring output files
...
040 (2521876.220.000) 07/19 11:00:28 Finished transferring output files
...
005 (2521876.220.000) 07/19 11:00:28 Job terminated.
	(1) Normal termination (return value 0)
		Usr 0 00:18:09, Sys 0 00:00:02  -  Run Remote Usage
		Usr 0 00:00:00, Sys 0 00:00:00  -  Run Local Usage
		Usr 0 00:18:09, Sys 0 00:00:02  -  Total Remote Usage
		Usr 0 00:00:00, Sys 0 00:00:00  -  Total Local Usage
	51164  -  Run Bytes Sent By Job
	55262812  -  Run Bytes Received By Job
	51164  -  Total Bytes Sent By Job
	55262812  -  Total Bytes Received By Job
	Partitionable Resources :     Usage  Request Allocated 
	   Cpus                 :      1.00        3         3 
	   Disk (KB)            : 186455       75000   1148885 
	   Memory (MB)          :    306        6000      6000 

	Job terminated of its own accord at 2021-07-19T09:00:28Z.
...
