000 (2523366.078.000) 07/19 23:50:30 Job submitted from host: <188.185.70.244:9618?addrs=188.185.70.244-9618+[2001-1458-d00-7--100-2ee]-9618&alias=bigbird10.cern.ch&noUDP&sock=schedd_2037_ca81>
...
040 (2523366.078.000) 07/20 00:14:14 Started transferring input files
	Transferring to host: <128.142.58.30:9618?addrs=128.142.58.30-9618+[2001-1458-301-16--100-1d]-9618&alias=b7s03p2859.cern.ch&noUDP&sock=slot1_26_4146_fb62_13449>
...
040 (2523366.078.000) 07/20 00:14:15 Finished transferring input files
...
001 (2523366.078.000) 07/20 00:14:15 Job executing on host: <128.142.58.30:9618?addrs=128.142.58.30-9618+[2001-1458-301-16--100-1d]-9618&alias=b7s03p2859.cern.ch&noUDP&sock=startd_3693_ab57>
...
006 (2523366.078.000) 07/20 00:14:24 Image size of job updated: 600964
	205  -  MemoryUsage of job (MB)
	209596  -  ResidentSetSize of job (KB)
...
006 (2523366.078.000) 07/20 00:19:25 Image size of job updated: 804264
	284  -  MemoryUsage of job (MB)
	290540  -  ResidentSetSize of job (KB)
...
006 (2523366.078.000) 07/20 00:23:42 Image size of job updated: 804940
	284  -  MemoryUsage of job (MB)
	290540  -  ResidentSetSize of job (KB)
...
040 (2523366.078.000) 07/20 00:23:42 Started transferring output files
...
040 (2523366.078.000) 07/20 00:23:42 Finished transferring output files
...
005 (2523366.078.000) 07/20 00:23:42 Job terminated.
	(1) Normal termination (return value 0)
		Usr 0 00:08:55, Sys 0 00:00:02  -  Run Remote Usage
		Usr 0 00:00:00, Sys 0 00:00:00  -  Run Local Usage
		Usr 0 00:08:55, Sys 0 00:00:02  -  Total Remote Usage
		Usr 0 00:00:00, Sys 0 00:00:00  -  Total Local Usage
	51866  -  Run Bytes Sent By Job
	55262812  -  Run Bytes Received By Job
	51866  -  Total Bytes Sent By Job
	55262812  -  Total Bytes Received By Job
	Partitionable Resources :     Usage  Request Allocated 
	   Cpus                 :      1.00        3         3 
	   Disk (KB)            : 181767       75000   1224780 
	   Memory (MB)          :    284        6000      6000 

	Job terminated of its own accord at 2021-07-19T22:23:42Z.
...
