000 (2521842.183.000) 07/19 05:55:56 Job submitted from host: <188.185.70.244:9618?addrs=188.185.70.244-9618+[2001-1458-d00-7--100-2ee]-9618&alias=bigbird10.cern.ch&noUDP&sock=schedd_2037_ca81>
...
040 (2521842.183.000) 07/19 06:03:53 Started transferring input files
	Transferring to host: <128.142.80.167:9618?addrs=128.142.80.167-9618+[2001-1458-301-f5--100-171]-9618&alias=b7s13n1238.cern.ch&noUDP&sock=slot1_2_8079_22e2_138301>
...
040 (2521842.183.000) 07/19 06:03:54 Finished transferring input files
...
001 (2521842.183.000) 07/19 06:03:54 Job executing on host: <128.142.80.167:9618?addrs=128.142.80.167-9618+[2001-1458-301-f5--100-171]-9618&alias=b7s13n1238.cern.ch&noUDP&sock=startd_16630_6010>
...
006 (2521842.183.000) 07/19 06:04:03 Image size of job updated: 409808
	5  -  MemoryUsage of job (MB)
	4876  -  ResidentSetSize of job (KB)
...
006 (2521842.183.000) 07/19 06:09:03 Image size of job updated: 627368
	202  -  MemoryUsage of job (MB)
	205840  -  ResidentSetSize of job (KB)
...
006 (2521842.183.000) 07/19 06:24:04 Image size of job updated: 791796
	268  -  MemoryUsage of job (MB)
	274352  -  ResidentSetSize of job (KB)
...
006 (2521842.183.000) 07/19 06:34:06 Image size of job updated: 792292
	269  -  MemoryUsage of job (MB)
	274948  -  ResidentSetSize of job (KB)
...
040 (2521842.183.000) 07/19 06:35:40 Started transferring output files
...
040 (2521842.183.000) 07/19 06:35:40 Finished transferring output files
...
005 (2521842.183.000) 07/19 06:35:40 Job terminated.
	(1) Normal termination (return value 0)
		Usr 0 00:14:17, Sys 0 00:00:02  -  Run Remote Usage
		Usr 0 00:00:00, Sys 0 00:00:00  -  Run Local Usage
		Usr 0 00:14:17, Sys 0 00:00:02  -  Total Remote Usage
		Usr 0 00:00:00, Sys 0 00:00:00  -  Total Local Usage
	51827  -  Run Bytes Sent By Job
	55262812  -  Run Bytes Received By Job
	51827  -  Total Bytes Sent By Job
	55262812  -  Total Bytes Received By Job
	Partitionable Resources :     Usage  Request Allocated 
	   Cpus                 :      0.99        3         3 
	   Disk (KB)            : 179653       75000    257885 
	   Memory (MB)          :    269        6000      6000 

	Job terminated of its own accord at 2021-07-19T04:35:39Z.
...
