000 (2536881.174.000) 07/22 03:18:13 Job submitted from host: <188.185.70.244:9618?addrs=188.185.70.244-9618+[2001-1458-d00-7--100-2ee]-9618&alias=bigbird10.cern.ch&noUDP&sock=schedd_2037_ca81>
...
040 (2536881.174.000) 07/22 03:55:37 Started transferring input files
	Transferring to host: <128.142.58.94:9618?addrs=128.142.58.94-9618+[2001-1458-301-16--100-5d]-9618&alias=b7s03p3766.cern.ch&noUDP&sock=slot1_2_6741_64eb_12858>
...
040 (2536881.174.000) 07/22 03:55:37 Finished transferring input files
...
001 (2536881.174.000) 07/22 03:55:37 Job executing on host: <128.142.58.94:9618?addrs=128.142.58.94-9618+[2001-1458-301-16--100-5d]-9618&alias=b7s03p3766.cern.ch&noUDP&sock=startd_6158_744b>
...
006 (2536881.174.000) 07/22 03:55:46 Image size of job updated: 631360
	205  -  MemoryUsage of job (MB)
	209596  -  ResidentSetSize of job (KB)
...
006 (2536881.174.000) 07/22 04:00:47 Image size of job updated: 817084
	297  -  MemoryUsage of job (MB)
	303568  -  ResidentSetSize of job (KB)
...
006 (2536881.174.000) 07/22 04:10:48 Image size of job updated: 817648
	298  -  MemoryUsage of job (MB)
	304240  -  ResidentSetSize of job (KB)
...
040 (2536881.174.000) 07/22 04:11:16 Started transferring output files
...
040 (2536881.174.000) 07/22 04:11:16 Finished transferring output files
...
005 (2536881.174.000) 07/22 04:11:16 Job terminated.
	(1) Normal termination (return value 0)
		Usr 0 00:15:31, Sys 0 00:00:03  -  Run Remote Usage
		Usr 0 00:00:00, Sys 0 00:00:00  -  Run Local Usage
		Usr 0 00:15:31, Sys 0 00:00:03  -  Total Remote Usage
		Usr 0 00:00:00, Sys 0 00:00:00  -  Total Local Usage
	44618  -  Run Bytes Sent By Job
	55262812  -  Run Bytes Received By Job
	44618  -  Total Bytes Sent By Job
	55262812  -  Total Bytes Received By Job
	Partitionable Resources :     Usage  Request Allocated 
	   Cpus                 :      1.00        3         3 
	   Disk (KB)            : 184162       75000   1216385 
	   Memory (MB)          :    298        6000      6000 

	Job terminated of its own accord at 2021-07-22T02:11:16Z.
...
