000 (2552365.014.000) 07/26 17:28:17 Job submitted from host: <188.185.70.244:9618?addrs=188.185.70.244-9618+[2001-1458-d00-7--100-2ee]-9618&alias=bigbird10.cern.ch&noUDP&sock=schedd_2037_ca81>
...
040 (2552365.014.000) 07/26 17:53:45 Started transferring input files
	Transferring to host: <188.184.213.164:9618?addrs=188.184.213.164-9618+[2001-1458-301-10c--100-1a1]-9618&alias=b7g24n0659.cern.ch&noUDP&sock=slot1_1_5240_cdce_58341>
...
040 (2552365.014.000) 07/26 17:53:46 Finished transferring input files
...
001 (2552365.014.000) 07/26 17:53:46 Job executing on host: <188.184.213.164:9618?addrs=188.184.213.164-9618+[2001-1458-301-10c--100-1a1]-9618&alias=b7g24n0659.cern.ch&noUDP&sock=startd_4167_cb3b>
...
006 (2552365.014.000) 07/26 17:53:55 Image size of job updated: 1058568
	130  -  MemoryUsage of job (MB)
	132888  -  ResidentSetSize of job (KB)
...
006 (2552365.014.000) 07/26 17:58:56 Image size of job updated: 1058568
	296  -  MemoryUsage of job (MB)
	302900  -  ResidentSetSize of job (KB)
...
006 (2552365.014.000) 07/26 18:03:56 Image size of job updated: 1058568
	297  -  MemoryUsage of job (MB)
	303716  -  ResidentSetSize of job (KB)
...
040 (2552365.014.000) 07/26 18:15:49 Started transferring output files
...
040 (2552365.014.000) 07/26 18:15:49 Finished transferring output files
...
005 (2552365.014.000) 07/26 18:15:49 Job terminated.
	(1) Normal termination (return value 0)
		Usr 0 00:21:41, Sys 0 00:00:03  -  Run Remote Usage
		Usr 0 00:00:00, Sys 0 00:00:00  -  Run Local Usage
		Usr 0 00:21:41, Sys 0 00:00:03  -  Total Remote Usage
		Usr 0 00:00:00, Sys 0 00:00:00  -  Total Local Usage
	49485  -  Run Bytes Sent By Job
	55262876  -  Run Bytes Received By Job
	49485  -  Total Bytes Sent By Job
	55262876  -  Total Bytes Received By Job
	Partitionable Resources :     Usage  Request Allocated 
	   Cpus                 :      1.00        3         3 
	   Disk (KB)            : 183656       75000    289235 
	   Memory (MB)          :    297        6000      6000 

	Job terminated of its own accord at 2021-07-26T16:15:48Z.
...
