000 (2526743.192.000) 07/20 13:19:14 Job submitted from host: <188.185.70.244:9618?addrs=188.185.70.244-9618+[2001-1458-d00-7--100-2ee]-9618&alias=bigbird10.cern.ch&noUDP&sock=schedd_2037_ca81>
...
040 (2526743.192.000) 07/20 13:31:48 Started transferring input files
	Transferring to host: <128.142.57.78:9618?addrs=128.142.57.78-9618+[2001-1458-301-7--100-4d]-9618&alias=b7s02p0106.cern.ch&noUDP&sock=slot1_3_4160_d8a2_13697>
...
040 (2526743.192.000) 07/20 13:31:49 Finished transferring input files
...
001 (2526743.192.000) 07/20 13:31:49 Job executing on host: <128.142.57.78:9618?addrs=128.142.57.78-9618+[2001-1458-301-7--100-4d]-9618&alias=b7s02p0106.cern.ch&noUDP&sock=startd_3705_e67a>
...
006 (2526743.192.000) 07/20 13:31:58 Image size of job updated: 574620
	188  -  MemoryUsage of job (MB)
	191748  -  ResidentSetSize of job (KB)
...
006 (2526743.192.000) 07/20 13:36:59 Image size of job updated: 631960
	205  -  MemoryUsage of job (MB)
	209692  -  ResidentSetSize of job (KB)
...
006 (2526743.192.000) 07/20 13:57:00 Image size of job updated: 809352
	289  -  MemoryUsage of job (MB)
	295428  -  ResidentSetSize of job (KB)
...
006 (2526743.192.000) 07/20 14:11:37 Image size of job updated: 809792
	289  -  MemoryUsage of job (MB)
	295428  -  ResidentSetSize of job (KB)
...
040 (2526743.192.000) 07/20 14:11:37 Started transferring output files
...
040 (2526743.192.000) 07/20 14:11:38 Finished transferring output files
...
005 (2526743.192.000) 07/20 14:11:38 Job terminated.
	(1) Normal termination (return value 0)
		Usr 0 00:18:11, Sys 0 00:00:02  -  Run Remote Usage
		Usr 0 00:00:00, Sys 0 00:00:00  -  Run Local Usage
		Usr 0 00:18:11, Sys 0 00:00:02  -  Total Remote Usage
		Usr 0 00:00:00, Sys 0 00:00:00  -  Total Local Usage
	53239  -  Run Bytes Sent By Job
	55262812  -  Run Bytes Received By Job
	53239  -  Total Bytes Sent By Job
	55262812  -  Total Bytes Received By Job
	Partitionable Resources :     Usage  Request Allocated 
	   Cpus                 :      1.00        3         3 
	   Disk (KB)            : 182658       75000   1292522 
	   Memory (MB)          :    289        6000      6000 

	Job terminated of its own accord at 2021-07-20T12:11:37Z.
...
