000 (2521876.168.000) 07/19 08:46:26 Job submitted from host: <188.185.70.244:9618?addrs=188.185.70.244-9618+[2001-1458-d00-7--100-2ee]-9618&alias=bigbird10.cern.ch&noUDP&sock=schedd_2037_ca81>
...
040 (2521876.168.000) 07/19 10:39:46 Started transferring input files
	Transferring to host: <128.142.58.31:9618?addrs=128.142.58.31-9618+[2001-1458-301-16--100-1e]-9618&alias=b7s03p5163.cern.ch&noUDP&sock=slot1_4_6627_1227_12311>
...
040 (2521876.168.000) 07/19 10:39:46 Finished transferring input files
...
001 (2521876.168.000) 07/19 10:39:46 Job executing on host: <128.142.58.31:9618?addrs=128.142.58.31-9618+[2001-1458-301-16--100-1e]-9618&alias=b7s03p5163.cern.ch&noUDP&sock=startd_6160_d37b>
...
006 (2521876.168.000) 07/19 10:39:55 Image size of job updated: 266872
	188  -  MemoryUsage of job (MB)
	191740  -  ResidentSetSize of job (KB)
...
006 (2521876.168.000) 07/19 10:44:56 Image size of job updated: 631940
	205  -  MemoryUsage of job (MB)
	209572  -  ResidentSetSize of job (KB)
...
006 (2521876.168.000) 07/19 10:54:57 Image size of job updated: 814608
	294  -  MemoryUsage of job (MB)
	300740  -  ResidentSetSize of job (KB)
...
006 (2521876.168.000) 07/19 11:09:21 Image size of job updated: 815116
	294  -  MemoryUsage of job (MB)
	300740  -  ResidentSetSize of job (KB)
...
040 (2521876.168.000) 07/19 11:09:21 Started transferring output files
...
040 (2521876.168.000) 07/19 11:09:22 Finished transferring output files
...
005 (2521876.168.000) 07/19 11:09:22 Job terminated.
	(1) Normal termination (return value 0)
		Usr 0 00:15:54, Sys 0 00:00:02  -  Run Remote Usage
		Usr 0 00:00:00, Sys 0 00:00:00  -  Run Local Usage
		Usr 0 00:15:54, Sys 0 00:00:02  -  Total Remote Usage
		Usr 0 00:00:00, Sys 0 00:00:00  -  Total Local Usage
	49094  -  Run Bytes Sent By Job
	55262812  -  Run Bytes Received By Job
	49094  -  Total Bytes Sent By Job
	55262812  -  Total Bytes Received By Job
	Partitionable Resources :     Usage  Request Allocated 
	   Cpus                 :      1.00        3         3 
	   Disk (KB)            : 183680       75000   1190289 
	   Memory (MB)          :    294        6000      6000 

	Job terminated of its own accord at 2021-07-19T09:09:21Z.
...
