000 (2534572.195.000) 07/21 23:44:26 Job submitted from host: <188.185.70.244:9618?addrs=188.185.70.244-9618+[2001-1458-d00-7--100-2ee]-9618&alias=bigbird10.cern.ch&noUDP&sock=schedd_2037_ca81>
...
040 (2534572.195.000) 07/21 23:50:56 Started transferring input files
	Transferring to host: <128.142.58.152:9618?addrs=128.142.58.152-9618+[2001-1458-301-16--100-97]-9618&alias=b7s03p4688.cern.ch&noUDP&sock=slot1_8_6831_ceaf_14263>
...
040 (2534572.195.000) 07/21 23:50:57 Finished transferring input files
...
001 (2534572.195.000) 07/21 23:50:57 Job executing on host: <128.142.58.152:9618?addrs=128.142.58.152-9618+[2001-1458-301-16--100-97]-9618&alias=b7s03p4688.cern.ch&noUDP&sock=startd_6378_5b21>
...
006 (2534572.195.000) 07/21 23:51:06 Image size of job updated: 208572
	135  -  MemoryUsage of job (MB)
	137280  -  ResidentSetSize of job (KB)
...
006 (2534572.195.000) 07/21 23:56:07 Image size of job updated: 631408
	205  -  MemoryUsage of job (MB)
	209636  -  ResidentSetSize of job (KB)
...
006 (2534572.195.000) 07/22 00:01:07 Image size of job updated: 631408
	205  -  MemoryUsage of job (MB)
	209640  -  ResidentSetSize of job (KB)
...
006 (2534572.195.000) 07/22 00:51:13 Image size of job updated: 820072
	300  -  MemoryUsage of job (MB)
	306576  -  ResidentSetSize of job (KB)
...
006 (2534572.195.000) 07/22 01:00:47 Image size of job updated: 820544
	300  -  MemoryUsage of job (MB)
	306576  -  ResidentSetSize of job (KB)
...
040 (2534572.195.000) 07/22 01:00:47 Started transferring output files
...
040 (2534572.195.000) 07/22 01:00:47 Finished transferring output files
...
005 (2534572.195.000) 07/22 01:00:47 Job terminated.
	(1) Normal termination (return value 0)
		Usr 0 00:14:47, Sys 0 00:00:02  -  Run Remote Usage
		Usr 0 00:00:00, Sys 0 00:00:00  -  Run Local Usage
		Usr 0 00:14:47, Sys 0 00:00:02  -  Total Remote Usage
		Usr 0 00:00:00, Sys 0 00:00:00  -  Total Local Usage
	44065  -  Run Bytes Sent By Job
	55262812  -  Run Bytes Received By Job
	44065  -  Total Bytes Sent By Job
	55262812  -  Total Bytes Received By Job
	Partitionable Resources :     Usage  Request Allocated 
	   Cpus                 :      1.00        3         3 
	   Disk (KB)            : 184695       75000   1183352 
	   Memory (MB)          :    300        6000      6000 

	Job terminated of its own accord at 2021-07-21T23:00:47Z.
...
