000 (2526743.045.000) 07/20 13:19:13 Job submitted from host: <188.185.70.244:9618?addrs=188.185.70.244-9618+[2001-1458-d00-7--100-2ee]-9618&alias=bigbird10.cern.ch&noUDP&sock=schedd_2037_ca81>
...
040 (2526743.045.000) 07/20 13:21:18 Started transferring input files
	Transferring to host: <128.142.76.179:9618?addrs=128.142.76.179-9618+[2001-1458-301-f4--100-400]-9618&alias=b7s12n3275.cern.ch&noUDP&sock=slot1_3_5325_b1b2_71628>
...
040 (2526743.045.000) 07/20 13:21:18 Finished transferring input files
...
001 (2526743.045.000) 07/20 13:21:18 Job executing on host: <128.142.76.179:9618?addrs=128.142.76.179-9618+[2001-1458-301-f4--100-400]-9618&alias=b7s12n3275.cern.ch&noUDP&sock=startd_4217_16f7>
...
006 (2526743.045.000) 07/20 13:21:27 Image size of job updated: 112500
	69  -  MemoryUsage of job (MB)
	70104  -  ResidentSetSize of job (KB)
...
006 (2526743.045.000) 07/20 13:26:28 Image size of job updated: 636032
	209  -  MemoryUsage of job (MB)
	213516  -  ResidentSetSize of job (KB)
...
006 (2526743.045.000) 07/20 13:31:28 Image size of job updated: 940444
	415  -  MemoryUsage of job (MB)
	424952  -  ResidentSetSize of job (KB)
...
006 (2526743.045.000) 07/20 13:51:30 Image size of job updated: 940984
	416  -  MemoryUsage of job (MB)
	425548  -  ResidentSetSize of job (KB)
...
040 (2526743.045.000) 07/20 13:59:14 Started transferring output files
...
040 (2526743.045.000) 07/20 13:59:14 Finished transferring output files
...
005 (2526743.045.000) 07/20 13:59:14 Job terminated.
	(1) Normal termination (return value 0)
		Usr 0 00:34:13, Sys 0 00:00:04  -  Run Remote Usage
		Usr 0 00:00:00, Sys 0 00:00:00  -  Run Local Usage
		Usr 0 00:34:13, Sys 0 00:00:04  -  Total Remote Usage
		Usr 0 00:00:00, Sys 0 00:00:00  -  Total Local Usage
	50554  -  Run Bytes Sent By Job
	55262812  -  Run Bytes Received By Job
	50554  -  Total Bytes Sent By Job
	55262812  -  Total Bytes Received By Job
	Partitionable Resources :     Usage  Request Allocated 
	   Cpus                 :      1.00        3         3 
	   Disk (KB)            : 204550       75000    286932 
	   Memory (MB)          :    416        6000      6000 

	Job terminated of its own accord at 2021-07-20T11:59:14Z.
...
