000 (2556082.012.000) 07/27 11:07:46 Job submitted from host: <188.185.70.244:9618?addrs=188.185.70.244-9618+[2001-1458-d00-7--100-2ee]-9618&alias=bigbird10.cern.ch&noUDP&sock=schedd_2037_ca81>
...
040 (2556082.012.000) 07/27 11:38:32 Started transferring input files
	Transferring to host: <128.142.72.59:9618?addrs=128.142.72.59-9618+[2001-1458-301-75--100-210]-9618&alias=b7s11n6197.cern.ch&noUDP&sock=slot1_11_3803_4eb4_85090>
...
040 (2556082.012.000) 07/27 11:38:33 Finished transferring input files
...
001 (2556082.012.000) 07/27 11:38:33 Job executing on host: <128.142.72.59:9618?addrs=128.142.72.59-9618+[2001-1458-301-75--100-210]-9618&alias=b7s11n6197.cern.ch&noUDP&sock=startd_3588_a5e5>
...
006 (2556082.012.000) 07/27 11:38:42 Image size of job updated: 437912
	4  -  MemoryUsage of job (MB)
	3684  -  ResidentSetSize of job (KB)
...
006 (2556082.012.000) 07/27 11:43:43 Image size of job updated: 631392
	205  -  MemoryUsage of job (MB)
	209624  -  ResidentSetSize of job (KB)
...
006 (2556082.012.000) 07/27 11:53:43 Image size of job updated: 803660
	284  -  MemoryUsage of job (MB)
	290424  -  ResidentSetSize of job (KB)
...
006 (2556082.012.000) 07/27 12:08:45 Image size of job updated: 806092
	287  -  MemoryUsage of job (MB)
	292908  -  ResidentSetSize of job (KB)
...
040 (2556082.012.000) 07/27 12:10:00 Started transferring output files
...
040 (2556082.012.000) 07/27 12:10:00 Finished transferring output files
...
005 (2556082.012.000) 07/27 12:10:00 Job terminated.
	(1) Normal termination (return value 0)
		Usr 0 00:21:30, Sys 0 00:00:03  -  Run Remote Usage
		Usr 0 00:00:00, Sys 0 00:00:00  -  Run Local Usage
		Usr 0 00:21:30, Sys 0 00:00:03  -  Total Remote Usage
		Usr 0 00:00:00, Sys 0 00:00:00  -  Total Local Usage
	41049  -  Run Bytes Sent By Job
	55262880  -  Run Bytes Received By Job
	41049  -  Total Bytes Sent By Job
	55262880  -  Total Bytes Received By Job
	Partitionable Resources :     Usage  Request Allocated 
	   Cpus                 :      1.00        3         3 
	   Disk (KB)            : 184776       75000    278446 
	   Memory (MB)          :    287        6000      6000 

	Job terminated of its own accord at 2021-07-27T10:09:59Z.
...
