000 (2521867.004.000) 07/19 07:46:08 Job submitted from host: <188.185.70.244:9618?addrs=188.185.70.244-9618+[2001-1458-d00-7--100-2ee]-9618&alias=bigbird10.cern.ch&noUDP&sock=schedd_2037_ca81>
...
040 (2521867.004.000) 07/19 07:48:44 Started transferring input files
	Transferring to host: <128.142.59.17:9618?addrs=128.142.59.17-9618+[2001-1458-301-21--100-10]-9618&alias=b7s04p7897.cern.ch&noUDP&sock=slot1_14_6479_caa1_11958>
...
040 (2521867.004.000) 07/19 07:48:45 Finished transferring input files
...
001 (2521867.004.000) 07/19 07:48:45 Job executing on host: <128.142.59.17:9618?addrs=128.142.59.17-9618+[2001-1458-301-21--100-10]-9618&alias=b7s04p7897.cern.ch&noUDP&sock=startd_6237_a446>
...
006 (2521867.004.000) 07/19 07:48:54 Image size of job updated: 145948
	109  -  MemoryUsage of job (MB)
	111492  -  ResidentSetSize of job (KB)
...
006 (2521867.004.000) 07/19 07:53:55 Image size of job updated: 631964
	205  -  MemoryUsage of job (MB)
	209648  -  ResidentSetSize of job (KB)
...
006 (2521867.004.000) 07/19 08:03:56 Image size of job updated: 817492
	297  -  MemoryUsage of job (MB)
	303632  -  ResidentSetSize of job (KB)
...
006 (2521867.004.000) 07/19 08:12:03 Image size of job updated: 817972
	297  -  MemoryUsage of job (MB)
	303632  -  ResidentSetSize of job (KB)
...
040 (2521867.004.000) 07/19 08:12:03 Started transferring output files
...
040 (2521867.004.000) 07/19 08:12:04 Finished transferring output files
...
005 (2521867.004.000) 07/19 08:12:04 Job terminated.
	(1) Normal termination (return value 0)
		Usr 0 00:12:35, Sys 0 00:00:02  -  Run Remote Usage
		Usr 0 00:00:00, Sys 0 00:00:00  -  Run Local Usage
		Usr 0 00:12:35, Sys 0 00:00:02  -  Total Remote Usage
		Usr 0 00:00:00, Sys 0 00:00:00  -  Total Local Usage
	48617  -  Run Bytes Sent By Job
	55262812  -  Run Bytes Received By Job
	48617  -  Total Bytes Sent By Job
	55262812  -  Total Bytes Received By Job
	Partitionable Resources :     Usage  Request Allocated 
	   Cpus                 :      1.00        3         3 
	   Disk (KB)            : 184196       75000   1221179 
	   Memory (MB)          :    297        6000      6000 

	Job terminated of its own accord at 2021-07-19T06:12:03Z.
...
