000 (2521876.052.000) 07/19 08:46:26 Job submitted from host: <188.185.70.244:9618?addrs=188.185.70.244-9618+[2001-1458-d00-7--100-2ee]-9618&alias=bigbird10.cern.ch&noUDP&sock=schedd_2037_ca81>
...
040 (2521876.052.000) 07/19 09:24:50 Started transferring input files
	Transferring to host: <128.142.161.124:9618?addrs=128.142.161.124-9618+[2001-1458-301-b8--100-3a]-9618&alias=b7g03p4977.cern.ch&noUDP&sock=slot1_4_80349_e39c_152818>
...
040 (2521876.052.000) 07/19 09:24:51 Finished transferring input files
...
001 (2521876.052.000) 07/19 09:24:51 Job executing on host: <128.142.161.124:9618?addrs=128.142.161.124-9618+[2001-1458-301-b8--100-3a]-9618&alias=b7g03p4977.cern.ch&noUDP&sock=startd_131192_60de>
...
006 (2521876.052.000) 07/19 09:25:00 Image size of job updated: 465076
	146  -  MemoryUsage of job (MB)
	149296  -  ResidentSetSize of job (KB)
...
006 (2521876.052.000) 07/19 09:30:02 Image size of job updated: 631164
	205  -  MemoryUsage of job (MB)
	209408  -  ResidentSetSize of job (KB)
...
006 (2521876.052.000) 07/19 09:55:04 Image size of job updated: 634292
	278  -  MemoryUsage of job (MB)
	283696  -  ResidentSetSize of job (KB)
...
006 (2521876.052.000) 07/19 10:00:05 Image size of job updated: 942012
	414  -  MemoryUsage of job (MB)
	423024  -  ResidentSetSize of job (KB)
...
006 (2521876.052.000) 07/19 10:40:08 Image size of job updated: 942540
	414  -  MemoryUsage of job (MB)
	423600  -  ResidentSetSize of job (KB)
...
040 (2521876.052.000) 07/19 10:48:59 Started transferring output files
...
040 (2521876.052.000) 07/19 10:49:00 Finished transferring output files
...
005 (2521876.052.000) 07/19 10:49:00 Job terminated.
	(1) Normal termination (return value 0)
		Usr 0 00:55:55, Sys 0 00:00:09  -  Run Remote Usage
		Usr 0 00:00:00, Sys 0 00:00:00  -  Run Local Usage
		Usr 0 00:55:55, Sys 0 00:00:09  -  Total Remote Usage
		Usr 0 00:00:00, Sys 0 00:00:00  -  Total Local Usage
	48502  -  Run Bytes Sent By Job
	55262812  -  Run Bytes Received By Job
	48502  -  Total Bytes Sent By Job
	55262812  -  Total Bytes Received By Job
	Partitionable Resources :     Usage  Request Allocated 
	   Cpus                 :      1.00        3         3 
	   Disk (KB)            : 204989       75000   1329903 
	   Memory (MB)          :    414        6000      6000 

	Job terminated of its own accord at 2021-07-19T08:48:59Z.
...
