000 (2521668.052.000) 07/19 01:56:56 Job submitted from host: <188.185.70.244:9618?addrs=188.185.70.244-9618+[2001-1458-d00-7--100-2ee]-9618&alias=bigbird10.cern.ch&noUDP&sock=schedd_2037_ca81>
...
040 (2521668.052.000) 07/19 02:01:17 Started transferring input files
	Transferring to host: <128.142.75.251:9618?addrs=128.142.75.251-9618+[2001-1458-301-75--100-26f]-9618&alias=b7s11n2384.cern.ch&noUDP&sock=slot1_9_5164_414b_79104>
...
040 (2521668.052.000) 07/19 02:01:18 Finished transferring input files
...
001 (2521668.052.000) 07/19 02:01:18 Job executing on host: <128.142.75.251:9618?addrs=128.142.75.251-9618+[2001-1458-301-75--100-26f]-9618&alias=b7s11n2384.cern.ch&noUDP&sock=startd_4017_e806>
...
006 (2521668.052.000) 07/19 02:01:27 Image size of job updated: 82584
	38  -  MemoryUsage of job (MB)
	38008  -  ResidentSetSize of job (KB)
...
006 (2521668.052.000) 07/19 02:06:29 Image size of job updated: 630296
	204  -  MemoryUsage of job (MB)
	208576  -  ResidentSetSize of job (KB)
...
006 (2521668.052.000) 07/19 02:46:32 Image size of job updated: 636708
	211  -  MemoryUsage of job (MB)
	215052  -  ResidentSetSize of job (KB)
...
006 (2521668.052.000) 07/19 02:49:04 Image size of job updated: 810628
	211  -  MemoryUsage of job (MB)
	215052  -  ResidentSetSize of job (KB)
...
040 (2521668.052.000) 07/19 02:49:04 Started transferring output files
...
040 (2521668.052.000) 07/19 02:49:05 Finished transferring output files
...
005 (2521668.052.000) 07/19 02:49:05 Job terminated.
	(1) Normal termination (return value 0)
		Usr 0 00:03:36, Sys 0 00:00:05  -  Run Remote Usage
		Usr 0 00:00:00, Sys 0 00:00:00  -  Run Local Usage
		Usr 0 00:03:36, Sys 0 00:00:05  -  Total Remote Usage
		Usr 0 00:00:00, Sys 0 00:00:00  -  Total Local Usage
	50957  -  Run Bytes Sent By Job
	55262812  -  Run Bytes Received By Job
	50957  -  Total Bytes Sent By Job
	55262812  -  Total Bytes Received By Job
	Partitionable Resources :     Usage  Request Allocated 
	   Cpus                 :      0.27        3         3 
	   Disk (KB)            : 213310       75000    270606 
	   Memory (MB)          :    211        6000      6000 

	Job terminated of its own accord at 2021-07-19T00:49:04Z.
...
