000 (2521876.210.000) 07/19 08:46:26 Job submitted from host: <188.185.70.244:9618?addrs=188.185.70.244-9618+[2001-1458-d00-7--100-2ee]-9618&alias=bigbird10.cern.ch&noUDP&sock=schedd_2037_ca81>
...
040 (2521876.210.000) 07/19 10:40:00 Started transferring input files
	Transferring to host: <128.142.56.169:9618?addrs=128.142.56.169-9618+[2001-1458-301-6--100-a8]-9618&alias=b7s01p4496.cern.ch&noUDP&sock=slot1_24_62872_c2f6_12897>
...
040 (2521876.210.000) 07/19 10:40:01 Finished transferring input files
...
001 (2521876.210.000) 07/19 10:40:01 Job executing on host: <128.142.56.169:9618?addrs=128.142.56.169-9618+[2001-1458-301-6--100-a8]-9618&alias=b7s01p4496.cern.ch&noUDP&sock=startd_62828_5c54>
...
006 (2521876.210.000) 07/19 10:40:10 Image size of job updated: 537000
	175  -  MemoryUsage of job (MB)
	179196  -  ResidentSetSize of job (KB)
...
006 (2521876.210.000) 07/19 10:45:11 Image size of job updated: 822308
	298  -  MemoryUsage of job (MB)
	304980  -  ResidentSetSize of job (KB)
...
006 (2521876.210.000) 07/19 10:55:12 Image size of job updated: 822808
	299  -  MemoryUsage of job (MB)
	305484  -  ResidentSetSize of job (KB)
...
040 (2521876.210.000) 07/19 10:58:38 Started transferring output files
...
040 (2521876.210.000) 07/19 10:58:38 Finished transferring output files
...
005 (2521876.210.000) 07/19 10:58:38 Job terminated.
	(1) Normal termination (return value 0)
		Usr 0 00:17:47, Sys 0 00:00:02  -  Run Remote Usage
		Usr 0 00:00:00, Sys 0 00:00:00  -  Run Local Usage
		Usr 0 00:17:47, Sys 0 00:00:02  -  Total Remote Usage
		Usr 0 00:00:00, Sys 0 00:00:00  -  Total Local Usage
	50262  -  Run Bytes Sent By Job
	55262812  -  Run Bytes Received By Job
	50262  -  Total Bytes Sent By Job
	55262812  -  Total Bytes Received By Job
	Partitionable Resources :     Usage  Request Allocated 
	   Cpus                 :      1.00        3         3 
	   Disk (KB)            : 185194       75000   1262338 
	   Memory (MB)          :    299        6000      6000 

	Job terminated of its own accord at 2021-07-19T08:58:37Z.
...
