000 (2522101.016.000) 07/19 11:55:34 Job submitted from host: <188.185.70.244:9618?addrs=188.185.70.244-9618+[2001-1458-d00-7--100-2ee]-9618&alias=bigbird10.cern.ch&noUDP&sock=schedd_2037_ca81>
...
040 (2522101.016.000) 07/19 12:24:39 Started transferring input files
	Transferring to host: <128.142.56.113:9618?addrs=128.142.56.113-9618+[2001-1458-301-6--100-70]-9618&alias=b7s01p8749.cern.ch&noUDP&sock=slot1_4_41441_aeee_13309>
...
040 (2522101.016.000) 07/19 12:24:39 Finished transferring input files
...
001 (2522101.016.000) 07/19 12:24:39 Job executing on host: <128.142.56.113:9618?addrs=128.142.56.113-9618+[2001-1458-301-6--100-70]-9618&alias=b7s01p8749.cern.ch&noUDP&sock=startd_38328_6603>
...
006 (2522101.016.000) 07/19 12:24:48 Image size of job updated: 211156
	136  -  MemoryUsage of job (MB)
	138732  -  ResidentSetSize of job (KB)
...
006 (2522101.016.000) 07/19 12:29:48 Image size of job updated: 795768
	272  -  MemoryUsage of job (MB)
	278412  -  ResidentSetSize of job (KB)
...
006 (2522101.016.000) 07/19 12:33:57 Image size of job updated: 796272
	272  -  MemoryUsage of job (MB)
	278412  -  ResidentSetSize of job (KB)
...
040 (2522101.016.000) 07/19 12:33:57 Started transferring output files
...
040 (2522101.016.000) 07/19 12:33:57 Finished transferring output files
...
005 (2522101.016.000) 07/19 12:33:58 Job terminated.
	(1) Normal termination (return value 0)
		Usr 0 00:09:05, Sys 0 00:00:02  -  Run Remote Usage
		Usr 0 00:00:00, Sys 0 00:00:00  -  Run Local Usage
		Usr 0 00:09:05, Sys 0 00:00:02  -  Total Remote Usage
		Usr 0 00:00:00, Sys 0 00:00:00  -  Total Local Usage
	49377  -  Run Bytes Sent By Job
	55262812  -  Run Bytes Received By Job
	49377  -  Total Bytes Sent By Job
	55262812  -  Total Bytes Received By Job
	Partitionable Resources :     Usage  Request Allocated 
	   Cpus                 :      1.00        3         3 
	   Disk (KB)            : 180371       75000   1218421 
	   Memory (MB)          :    272        6000      6000 

	Job terminated of its own accord at 2021-07-19T10:33:57Z.
...
