000 (2521876.126.000) 07/19 08:46:26 Job submitted from host: <188.185.70.244:9618?addrs=188.185.70.244-9618+[2001-1458-d00-7--100-2ee]-9618&alias=bigbird10.cern.ch&noUDP&sock=schedd_2037_ca81>
...
040 (2521876.126.000) 07/19 10:29:03 Started transferring input files
	Transferring to host: <188.184.206.21:9618?addrs=188.184.206.21-9618+[2001-1458-301-7d--100-1f4]-9618&alias=b7g27n0076.cern.ch&noUDP&sock=slot1_1_4049_a2fe_66525>
...
040 (2521876.126.000) 07/19 10:29:04 Finished transferring input files
...
001 (2521876.126.000) 07/19 10:29:04 Job executing on host: <188.184.206.21:9618?addrs=188.184.206.21-9618+[2001-1458-301-7d--100-1f4]-9618&alias=b7g27n0076.cern.ch&noUDP&sock=startd_3563_8007>
...
006 (2521876.126.000) 07/19 10:29:13 Image size of job updated: 288736
	4  -  MemoryUsage of job (MB)
	3692  -  ResidentSetSize of job (KB)
...
006 (2521876.126.000) 07/19 10:34:14 Image size of job updated: 630980
	206  -  MemoryUsage of job (MB)
	210036  -  ResidentSetSize of job (KB)
...
006 (2521876.126.000) 07/19 10:44:15 Image size of job updated: 898732
	373  -  MemoryUsage of job (MB)
	381656  -  ResidentSetSize of job (KB)
...
040 (2521876.126.000) 07/19 11:34:54 Started transferring output files
...
040 (2521876.126.000) 07/19 11:34:54 Finished transferring output files
...
005 (2521876.126.000) 07/19 11:34:55 Job terminated.
	(1) Normal termination (return value 0)
		Usr 0 00:53:35, Sys 0 00:00:08  -  Run Remote Usage
		Usr 0 00:00:00, Sys 0 00:00:00  -  Run Local Usage
		Usr 0 00:53:35, Sys 0 00:00:08  -  Total Remote Usage
		Usr 0 00:00:00, Sys 0 00:00:00  -  Total Local Usage
	49817  -  Run Bytes Sent By Job
	55262812  -  Run Bytes Received By Job
	49817  -  Total Bytes Sent By Job
	55262812  -  Total Bytes Received By Job
	Partitionable Resources :     Usage  Request Allocated 
	   Cpus                 :      0.99        3         3 
	   Disk (KB)            : 196092       75000    199503 
	   Memory (MB)          :    373        6000      6000 

	Job terminated of its own accord at 2021-07-19T09:34:54Z.
...
