000 (2521675.150.000) 07/19 04:18:40 Job submitted from host: <188.185.70.244:9618?addrs=188.185.70.244-9618+[2001-1458-d00-7--100-2ee]-9618&alias=bigbird10.cern.ch&noUDP&sock=schedd_2037_ca81>
...
040 (2521675.150.000) 07/19 04:24:58 Started transferring input files
	Transferring to host: <128.142.59.97:9618?addrs=128.142.59.97-9618+[2001-1458-301-21--100-60]-9618&alias=b7s04p7301.cern.ch&noUDP&sock=slot1_30_6794_bccd_11231>
...
040 (2521675.150.000) 07/19 04:24:59 Finished transferring input files
...
001 (2521675.150.000) 07/19 04:24:59 Job executing on host: <128.142.59.97:9618?addrs=128.142.59.97-9618+[2001-1458-301-21--100-60]-9618&alias=b7s04p7301.cern.ch&noUDP&sock=startd_6335_dc8e>
...
006 (2521675.150.000) 07/19 04:25:07 Image size of job updated: 450172
	190  -  MemoryUsage of job (MB)
	193896  -  ResidentSetSize of job (KB)
...
006 (2521675.150.000) 07/19 04:30:07 Image size of job updated: 626812
	201  -  MemoryUsage of job (MB)
	205308  -  ResidentSetSize of job (KB)
...
006 (2521675.150.000) 07/19 04:35:06 Image size of job updated: 769324
	201  -  MemoryUsage of job (MB)
	205308  -  ResidentSetSize of job (KB)
...
040 (2521675.150.000) 07/19 04:35:06 Started transferring output files
...
040 (2521675.150.000) 07/19 04:35:06 Finished transferring output files
...
005 (2521675.150.000) 07/19 04:35:07 Job terminated.
	(1) Normal termination (return value 0)
		Usr 0 00:00:40, Sys 0 00:00:02  -  Run Remote Usage
		Usr 0 00:00:00, Sys 0 00:00:00  -  Run Local Usage
		Usr 0 00:00:40, Sys 0 00:00:02  -  Total Remote Usage
		Usr 0 00:00:00, Sys 0 00:00:00  -  Total Local Usage
	50915  -  Run Bytes Sent By Job
	55262812  -  Run Bytes Received By Job
	50915  -  Total Bytes Sent By Job
	55262812  -  Total Bytes Received By Job
	Partitionable Resources :     Usage  Request Allocated 
	   Cpus                 :      0.00        3         3 
	   Disk (KB)            : 181425       75000   1288682 
	   Memory (MB)          :    201        6000      6000 

	Job terminated of its own accord at 2021-07-19T02:35:06Z.
...
