000 (2536881.146.000) 07/22 03:18:13 Job submitted from host: <188.185.70.244:9618?addrs=188.185.70.244-9618+[2001-1458-d00-7--100-2ee]-9618&alias=bigbird10.cern.ch&noUDP&sock=schedd_2037_ca81>
...
040 (2536881.146.000) 07/22 03:43:41 Started transferring input files
	Transferring to host: <128.142.58.113:9618?addrs=128.142.58.113-9618+[2001-1458-301-16--100-70]-9618&alias=b7s03p5182.cern.ch&noUDP&sock=slot1_11_6877_37f1_14343>
...
040 (2536881.146.000) 07/22 03:43:42 Finished transferring input files
...
001 (2536881.146.000) 07/22 03:43:42 Job executing on host: <128.142.58.113:9618?addrs=128.142.58.113-9618+[2001-1458-301-16--100-70]-9618&alias=b7s03p5182.cern.ch&noUDP&sock=startd_6419_7a83>
...
006 (2536881.146.000) 07/22 03:43:50 Image size of job updated: 418288
	187  -  MemoryUsage of job (MB)
	190924  -  ResidentSetSize of job (KB)
...
006 (2536881.146.000) 07/22 03:48:50 Image size of job updated: 825324
	301  -  MemoryUsage of job (MB)
	307924  -  ResidentSetSize of job (KB)
...
006 (2536881.146.000) 07/22 03:58:51 Image size of job updated: 825804
	302  -  MemoryUsage of job (MB)
	308536  -  ResidentSetSize of job (KB)
...
040 (2536881.146.000) 07/22 03:59:54 Started transferring output files
...
040 (2536881.146.000) 07/22 03:59:54 Finished transferring output files
...
005 (2536881.146.000) 07/22 03:59:54 Job terminated.
	(1) Normal termination (return value 0)
		Usr 0 00:15:45, Sys 0 00:00:02  -  Run Remote Usage
		Usr 0 00:00:00, Sys 0 00:00:00  -  Run Local Usage
		Usr 0 00:15:45, Sys 0 00:00:02  -  Total Remote Usage
		Usr 0 00:00:00, Sys 0 00:00:00  -  Total Local Usage
	44651  -  Run Bytes Sent By Job
	55262812  -  Run Bytes Received By Job
	44651  -  Total Bytes Sent By Job
	55262812  -  Total Bytes Received By Job
	Partitionable Resources :     Usage  Request Allocated 
	   Cpus                 :      1.00        3         3 
	   Disk (KB)            : 185770       75000   1243864 
	   Memory (MB)          :    302        6000      6000 

	Job terminated of its own accord at 2021-07-22T01:59:54Z.
...
