000 (2523366.175.000) 07/19 23:50:31 Job submitted from host: <188.185.70.244:9618?addrs=188.185.70.244-9618+[2001-1458-d00-7--100-2ee]-9618&alias=bigbird10.cern.ch&noUDP&sock=schedd_2037_ca81>
...
040 (2523366.175.000) 07/20 00:30:36 Started transferring input files
	Transferring to host: <128.142.57.147:9618?addrs=128.142.57.147-9618+[2001-1458-301-7--100-92]-9618&alias=b7s02p5602.cern.ch&noUDP&sock=slot1_28_6689_c169_15186>
...
040 (2523366.175.000) 07/20 00:30:36 Finished transferring input files
...
001 (2523366.175.000) 07/20 00:30:36 Job executing on host: <128.142.57.147:9618?addrs=128.142.57.147-9618+[2001-1458-301-7--100-92]-9618&alias=b7s02p5602.cern.ch&noUDP&sock=startd_6227_c854>
...
006 (2523366.175.000) 07/20 00:30:45 Image size of job updated: 577304
	188  -  MemoryUsage of job (MB)
	191744  -  ResidentSetSize of job (KB)
...
006 (2523366.175.000) 07/20 00:35:45 Image size of job updated: 804456
	284  -  MemoryUsage of job (MB)
	290496  -  ResidentSetSize of job (KB)
...
006 (2523366.175.000) 07/20 00:40:45 Image size of job updated: 804888
	285  -  MemoryUsage of job (MB)
	291076  -  ResidentSetSize of job (KB)
...
040 (2523366.175.000) 07/20 00:42:16 Started transferring output files
...
040 (2523366.175.000) 07/20 00:42:17 Finished transferring output files
...
005 (2523366.175.000) 07/20 00:42:17 Job terminated.
	(1) Normal termination (return value 0)
		Usr 0 00:11:35, Sys 0 00:00:02  -  Run Remote Usage
		Usr 0 00:00:00, Sys 0 00:00:00  -  Run Local Usage
		Usr 0 00:11:35, Sys 0 00:00:02  -  Total Remote Usage
		Usr 0 00:00:00, Sys 0 00:00:00  -  Total Local Usage
	52120  -  Run Bytes Sent By Job
	55262812  -  Run Bytes Received By Job
	52120  -  Total Bytes Sent By Job
	55262812  -  Total Bytes Received By Job
	Partitionable Resources :     Usage  Request Allocated 
	   Cpus                 :      1.00        3         3 
	   Disk (KB)            : 181772       75000   1257066 
	   Memory (MB)          :    285        6000      6000 

	Job terminated of its own accord at 2021-07-19T22:42:16Z.
...
