000 (2524617.101.000) 07/20 01:52:27 Job submitted from host: <188.185.70.244:9618?addrs=188.185.70.244-9618+[2001-1458-d00-7--100-2ee]-9618&alias=bigbird10.cern.ch&noUDP&sock=schedd_2037_ca81>
...
040 (2524617.101.000) 07/20 02:00:42 Started transferring input files
	Transferring to host: <128.142.78.210:9618?addrs=128.142.78.210-9618+[2001-1458-301-f4--100-35]-9618&alias=b7s12n7803.cern.ch&noUDP&sock=slot1_5_28348_7afa_119147>
...
001 (2524617.101.000) 07/20 02:00:43 Job executing on host: <128.142.78.210:9618?addrs=128.142.78.210-9618+[2001-1458-301-f4--100-35]-9618&alias=b7s12n7803.cern.ch&noUDP&sock=startd_16552_dfad>
...
040 (2524617.101.000) 07/20 02:00:43 Finished transferring input files
...
006 (2524617.101.000) 07/20 02:00:52 Image size of job updated: 401932
	14  -  MemoryUsage of job (MB)
	13388  -  ResidentSetSize of job (KB)
...
006 (2524617.101.000) 07/20 02:05:52 Image size of job updated: 631804
	208  -  MemoryUsage of job (MB)
	212264  -  ResidentSetSize of job (KB)
...
006 (2524617.101.000) 07/20 02:25:55 Image size of job updated: 683520
	286  -  MemoryUsage of job (MB)
	292672  -  ResidentSetSize of job (KB)
...
006 (2524617.101.000) 07/20 02:30:55 Image size of job updated: 739336
	286  -  MemoryUsage of job (MB)
	292672  -  ResidentSetSize of job (KB)
...
006 (2524617.101.000) 07/20 02:45:56 Image size of job updated: 739840
	287  -  MemoryUsage of job (MB)
	293272  -  ResidentSetSize of job (KB)
...
040 (2524617.101.000) 07/20 02:49:45 Started transferring output files
...
040 (2524617.101.000) 07/20 02:49:45 Finished transferring output files
...
005 (2524617.101.000) 07/20 02:49:45 Job terminated.
	(1) Normal termination (return value 0)
		Usr 0 00:25:03, Sys 0 00:00:03  -  Run Remote Usage
		Usr 0 00:00:00, Sys 0 00:00:00  -  Run Local Usage
		Usr 0 00:25:03, Sys 0 00:00:03  -  Total Remote Usage
		Usr 0 00:00:00, Sys 0 00:00:00  -  Total Local Usage
	51827  -  Run Bytes Sent By Job
	55262812  -  Run Bytes Received By Job
	51827  -  Total Bytes Sent By Job
	55262812  -  Total Bytes Received By Job
	Partitionable Resources :     Usage  Request Allocated 
	   Cpus                 :      1.00        3         3 
	   Disk (KB)            : 181820       75000    265836 
	   Memory (MB)          :    287        6000      6000 

	Job terminated of its own accord at 2021-07-20T00:49:45Z.
...
