000 (2521842.096.000) 07/19 05:55:55 Job submitted from host: <188.185.70.244:9618?addrs=188.185.70.244-9618+[2001-1458-d00-7--100-2ee]-9618&alias=bigbird10.cern.ch&noUDP&sock=schedd_2037_ca81>
...
040 (2521842.096.000) 07/19 06:01:24 Started transferring input files
	Transferring to host: <128.142.58.105:9618?addrs=128.142.58.105-9618+[2001-1458-301-16--100-68]-9618&alias=b7s03p1998.cern.ch&noUDP&sock=slot1_18_6686_a449_9925>
...
040 (2521842.096.000) 07/19 06:01:25 Finished transferring input files
...
001 (2521842.096.000) 07/19 06:01:25 Job executing on host: <128.142.58.105:9618?addrs=128.142.58.105-9618+[2001-1458-301-16--100-68]-9618&alias=b7s03p1998.cern.ch&noUDP&sock=startd_6227_c854>
...
006 (2521842.096.000) 07/19 06:01:34 Image size of job updated: 232248
	155  -  MemoryUsage of job (MB)
	158172  -  ResidentSetSize of job (KB)
...
006 (2521842.096.000) 07/19 06:06:35 Image size of job updated: 636080
	209  -  MemoryUsage of job (MB)
	213592  -  ResidentSetSize of job (KB)
...
006 (2521842.096.000) 07/19 06:11:36 Image size of job updated: 823540
	303  -  MemoryUsage of job (MB)
	309916  -  ResidentSetSize of job (KB)
...
006 (2521842.096.000) 07/19 06:21:37 Image size of job updated: 824004
	304  -  MemoryUsage of job (MB)
	310524  -  ResidentSetSize of job (KB)
...
040 (2521842.096.000) 07/19 06:31:34 Started transferring output files
...
040 (2521842.096.000) 07/19 06:31:34 Finished transferring output files
...
005 (2521842.096.000) 07/19 06:31:34 Job terminated.
	(1) Normal termination (return value 0)
		Usr 0 00:22:30, Sys 0 00:00:02  -  Run Remote Usage
		Usr 0 00:00:00, Sys 0 00:00:00  -  Run Local Usage
		Usr 0 00:22:30, Sys 0 00:00:02  -  Total Remote Usage
		Usr 0 00:00:00, Sys 0 00:00:00  -  Total Local Usage
	49587  -  Run Bytes Sent By Job
	55262812  -  Run Bytes Received By Job
	49587  -  Total Bytes Sent By Job
	55262812  -  Total Bytes Received By Job
	Partitionable Resources :     Usage  Request Allocated 
	   Cpus                 :      1.00        3         3 
	   Disk (KB)            : 184537       75000   1242391 
	   Memory (MB)          :    304        6000      6000 

	Job terminated of its own accord at 2021-07-19T04:31:34Z.
...
