000 (2524871.101.000) 07/20 04:35:08 Job submitted from host: <188.185.70.244:9618?addrs=188.185.70.244-9618+[2001-1458-d00-7--100-2ee]-9618&alias=bigbird10.cern.ch&noUDP&sock=schedd_2037_ca81>
...
040 (2524871.101.000) 07/20 05:09:39 Started transferring input files
	Transferring to host: <128.142.75.219:9618?addrs=128.142.75.219-9618+[2001-1458-301-75--100-661]-9618&alias=b7s11n2486.cern.ch&noUDP&sock=slot1_11_5649_fb3f_73554>
...
001 (2524871.101.000) 07/20 05:09:40 Job executing on host: <128.142.75.219:9618?addrs=128.142.75.219-9618+[2001-1458-301-75--100-661]-9618&alias=b7s11n2486.cern.ch&noUDP&sock=startd_4594_ae2c>
...
040 (2524871.101.000) 07/20 05:09:40 Finished transferring input files
...
006 (2524871.101.000) 07/20 05:09:49 Image size of job updated: 70112
	46  -  MemoryUsage of job (MB)
	46220  -  ResidentSetSize of job (KB)
...
006 (2524871.101.000) 07/20 05:14:50 Image size of job updated: 636900
	210  -  MemoryUsage of job (MB)
	214328  -  ResidentSetSize of job (KB)
...
006 (2524871.101.000) 07/20 07:20:02 Image size of job updated: 891796
	370  -  MemoryUsage of job (MB)
	378652  -  ResidentSetSize of job (KB)
...
040 (2524871.101.000) 07/20 08:20:11 Started transferring output files
...
040 (2524871.101.000) 07/20 08:20:11 Finished transferring output files
...
005 (2524871.101.000) 07/20 08:20:11 Job terminated.
	(1) Normal termination (return value 0)
		Usr 0 01:05:31, Sys 0 00:00:04  -  Run Remote Usage
		Usr 0 00:00:00, Sys 0 00:00:00  -  Run Local Usage
		Usr 0 01:05:31, Sys 0 00:00:04  -  Total Remote Usage
		Usr 0 00:00:00, Sys 0 00:00:00  -  Total Local Usage
	51418  -  Run Bytes Sent By Job
	55262812  -  Run Bytes Received By Job
	51418  -  Total Bytes Sent By Job
	55262812  -  Total Bytes Received By Job
	Partitionable Resources :     Usage  Request Allocated 
	   Cpus                 :      1.00        3         3 
	   Disk (KB)            : 194574       75000    278938 
	   Memory (MB)          :    370        6000      6000 

	Job terminated of its own accord at 2021-07-20T06:20:10Z.
...
