000 (2521867.049.000) 07/19 07:46:08 Job submitted from host: <188.185.70.244:9618?addrs=188.185.70.244-9618+[2001-1458-d00-7--100-2ee]-9618&alias=bigbird10.cern.ch&noUDP&sock=schedd_2037_ca81>
...
040 (2521867.049.000) 07/19 07:49:01 Started transferring input files
	Transferring to host: <128.142.57.91:9618?addrs=128.142.57.91-9618+[2001-1458-301-7--100-5a]-9618&alias=b7s02p5034.cern.ch&noUDP&sock=slot1_5_6551_85a3_13846>
...
040 (2521867.049.000) 07/19 07:49:02 Finished transferring input files
...
001 (2521867.049.000) 07/19 07:49:02 Job executing on host: <128.142.57.91:9618?addrs=128.142.57.91-9618+[2001-1458-301-7--100-5a]-9618&alias=b7s02p5034.cern.ch&noUDP&sock=startd_6089_2042>
...
006 (2521867.049.000) 07/19 07:49:11 Image size of job updated: 269124
	190  -  MemoryUsage of job (MB)
	193804  -  ResidentSetSize of job (KB)
...
006 (2521867.049.000) 07/19 07:54:12 Image size of job updated: 626820
	203  -  MemoryUsage of job (MB)
	207220  -  ResidentSetSize of job (KB)
...
006 (2521867.049.000) 07/19 07:59:13 Image size of job updated: 738512
	285  -  MemoryUsage of job (MB)
	291716  -  ResidentSetSize of job (KB)
...
006 (2521867.049.000) 07/19 08:04:13 Image size of job updated: 739020
	286  -  MemoryUsage of job (MB)
	292284  -  ResidentSetSize of job (KB)
...
040 (2521867.049.000) 07/19 08:06:41 Started transferring output files
...
040 (2521867.049.000) 07/19 08:06:41 Finished transferring output files
...
005 (2521867.049.000) 07/19 08:06:41 Job terminated.
	(1) Normal termination (return value 0)
		Usr 0 00:11:09, Sys 0 00:00:02  -  Run Remote Usage
		Usr 0 00:00:00, Sys 0 00:00:00  -  Run Local Usage
		Usr 0 00:11:09, Sys 0 00:00:02  -  Total Remote Usage
		Usr 0 00:00:00, Sys 0 00:00:00  -  Total Local Usage
	49209  -  Run Bytes Sent By Job
	55262812  -  Run Bytes Received By Job
	49209  -  Total Bytes Sent By Job
	55262812  -  Total Bytes Received By Job
	Partitionable Resources :     Usage  Request Allocated 
	   Cpus                 :      1.00        3         3 
	   Disk (KB)            : 182596       75000   1311293 
	   Memory (MB)          :    286        6000      6000 

	Job terminated of its own accord at 2021-07-19T06:06:41Z.
...
