000 (2521842.042.000) 07/19 05:55:55 Job submitted from host: <188.185.70.244:9618?addrs=188.185.70.244-9618+[2001-1458-d00-7--100-2ee]-9618&alias=bigbird10.cern.ch&noUDP&sock=schedd_2037_ca81>
...
040 (2521842.042.000) 07/19 05:58:48 Started transferring input files
	Transferring to host: <128.142.57.137:9618?addrs=128.142.57.137-9618+[2001-1458-301-7--100-88]-9618&alias=b7s02p6080.cern.ch&noUDP&sock=slot1_20_6697_6469_15647>
...
040 (2521842.042.000) 07/19 05:58:49 Finished transferring input files
...
001 (2521842.042.000) 07/19 05:58:49 Job executing on host: <128.142.57.137:9618?addrs=128.142.57.137-9618+[2001-1458-301-7--100-88]-9618&alias=b7s02p6080.cern.ch&noUDP&sock=startd_6234_957e>
...
006 (2521842.042.000) 07/19 05:58:58 Image size of job updated: 277424
	198  -  MemoryUsage of job (MB)
	202308  -  ResidentSetSize of job (KB)
...
006 (2521842.042.000) 07/19 06:04:00 Image size of job updated: 636076
	209  -  MemoryUsage of job (MB)
	213576  -  ResidentSetSize of job (KB)
...
006 (2521842.042.000) 07/19 06:14:00 Image size of job updated: 822888
	302  -  MemoryUsage of job (MB)
	308744  -  ResidentSetSize of job (KB)
...
006 (2521842.042.000) 07/19 06:24:02 Image size of job updated: 823384
	303  -  MemoryUsage of job (MB)
	309340  -  ResidentSetSize of job (KB)
...
040 (2521842.042.000) 07/19 06:26:08 Started transferring output files
...
040 (2521842.042.000) 07/19 06:26:08 Finished transferring output files
...
005 (2521842.042.000) 07/19 06:26:08 Job terminated.
	(1) Normal termination (return value 0)
		Usr 0 00:16:32, Sys 0 00:00:02  -  Run Remote Usage
		Usr 0 00:00:00, Sys 0 00:00:00  -  Run Local Usage
		Usr 0 00:16:32, Sys 0 00:00:02  -  Total Remote Usage
		Usr 0 00:00:00, Sys 0 00:00:00  -  Total Local Usage
	49218  -  Run Bytes Sent By Job
	55262812  -  Run Bytes Received By Job
	49218  -  Total Bytes Sent By Job
	55262812  -  Total Bytes Received By Job
	Partitionable Resources :     Usage  Request Allocated 
	   Cpus                 :      1.00        3         3 
	   Disk (KB)            : 184426       75000   1276662 
	   Memory (MB)          :    303        6000      6000 

	Job terminated of its own accord at 2021-07-19T04:26:07Z.
...
