000 (2521867.191.000) 07/19 07:46:08 Job submitted from host: <188.185.70.244:9618?addrs=188.185.70.244-9618+[2001-1458-d00-7--100-2ee]-9618&alias=bigbird10.cern.ch&noUDP&sock=schedd_2037_ca81>
...
040 (2521867.191.000) 07/19 07:49:52 Started transferring input files
	Transferring to host: <128.142.56.106:9618?addrs=128.142.56.106-9618+[2001-1458-301-6--100-69]-9618&alias=b7s01p1580.cern.ch&noUDP&sock=slot1_14_52476_d6cf_15403>
...
040 (2521867.191.000) 07/19 07:49:53 Finished transferring input files
...
001 (2521867.191.000) 07/19 07:49:53 Job executing on host: <128.142.56.106:9618?addrs=128.142.56.106-9618+[2001-1458-301-6--100-69]-9618&alias=b7s01p1580.cern.ch&noUDP&sock=startd_49376_6855>
...
006 (2521867.191.000) 07/19 07:50:02 Image size of job updated: 267940
	190  -  MemoryUsage of job (MB)
	193856  -  ResidentSetSize of job (KB)
...
006 (2521867.191.000) 07/19 07:55:04 Image size of job updated: 797396
	274  -  MemoryUsage of job (MB)
	279956  -  ResidentSetSize of job (KB)
...
006 (2521867.191.000) 07/19 08:00:04 Image size of job updated: 797884
	274  -  MemoryUsage of job (MB)
	280556  -  ResidentSetSize of job (KB)
...
040 (2521867.191.000) 07/19 08:01:37 Started transferring output files
...
040 (2521867.191.000) 07/19 08:01:37 Finished transferring output files
...
005 (2521867.191.000) 07/19 08:01:38 Job terminated.
	(1) Normal termination (return value 0)
		Usr 0 00:07:50, Sys 0 00:00:02  -  Run Remote Usage
		Usr 0 00:00:00, Sys 0 00:00:00  -  Run Local Usage
		Usr 0 00:07:50, Sys 0 00:00:02  -  Total Remote Usage
		Usr 0 00:00:00, Sys 0 00:00:00  -  Total Local Usage
	48419  -  Run Bytes Sent By Job
	55262812  -  Run Bytes Received By Job
	48419  -  Total Bytes Sent By Job
	55262812  -  Total Bytes Received By Job
	Partitionable Resources :     Usage  Request Allocated 
	   Cpus                 :      1.00        3         3 
	   Disk (KB)            : 180664       75000   1218060 
	   Memory (MB)          :    274        6000      6000 

	Job terminated of its own accord at 2021-07-19T06:01:37Z.
...
