000 (2557077.002.000) 07/28 10:49:37 Job submitted from host: <188.185.70.244:9618?addrs=188.185.70.244-9618+[2001-1458-d00-7--100-2ee]-9618&alias=bigbird10.cern.ch&noUDP&sock=schedd_2037_ca81>
...
040 (2557077.002.000) 07/28 12:17:43 Started transferring input files
	Transferring to host: <128.142.73.176:9618?addrs=128.142.73.176-9618+[2001-1458-301-75--100-484]-9618&alias=b7s11n1072.cern.ch&noUDP&sock=slot1_7_10918_77f5_130942>
...
040 (2557077.002.000) 07/28 12:17:44 Finished transferring input files
...
001 (2557077.002.000) 07/28 12:17:44 Job executing on host: <128.142.73.176:9618?addrs=128.142.73.176-9618+[2001-1458-301-75--100-484]-9618&alias=b7s11n1072.cern.ch&noUDP&sock=startd_16682_0afd>
...
006 (2557077.002.000) 07/28 12:17:52 Image size of job updated: 424692
	135  -  MemoryUsage of job (MB)
	138004  -  ResidentSetSize of job (KB)
...
006 (2557077.002.000) 07/28 12:22:52 Image size of job updated: 786144
	267  -  MemoryUsage of job (MB)
	272840  -  ResidentSetSize of job (KB)
...
006 (2557077.002.000) 07/28 12:31:20 Image size of job updated: 786744
	267  -  MemoryUsage of job (MB)
	272840  -  ResidentSetSize of job (KB)
...
040 (2557077.002.000) 07/28 12:31:20 Started transferring output files
...
040 (2557077.002.000) 07/28 12:31:20 Finished transferring output files
...
005 (2557077.002.000) 07/28 12:31:20 Job terminated.
	(1) Normal termination (return value 0)
		Usr 0 00:13:27, Sys 0 00:00:02  -  Run Remote Usage
		Usr 0 00:00:00, Sys 0 00:00:00  -  Run Local Usage
		Usr 0 00:13:27, Sys 0 00:00:02  -  Total Remote Usage
		Usr 0 00:00:00, Sys 0 00:00:00  -  Total Local Usage
	51527  -  Run Bytes Sent By Job
	55262880  -  Run Bytes Received By Job
	51527  -  Total Bytes Sent By Job
	55262880  -  Total Bytes Received By Job
	Partitionable Resources :     Usage  Request Allocated 
	   Cpus                 :      1.00        5         5 
	   Disk (KB)            : 182227       75000    279514 
	   Memory (MB)          :    267       10000     10000 

	Job terminated of its own accord at 2021-07-28T10:31:20Z.
...
