000 (2552363.008.000) 07/26 17:25:58 Job submitted from host: <188.185.70.244:9618?addrs=188.185.70.244-9618+[2001-1458-d00-7--100-2ee]-9618&alias=bigbird10.cern.ch&noUDP&sock=schedd_2037_ca81>
...
040 (2552363.008.000) 07/26 17:30:06 Started transferring input files
	Transferring to host: <188.184.182.13:9618?addrs=188.184.182.13-9618+[2001-1458-301-2b--100-24]-9618&alias=b7g41n8411.cern.ch&noUDP&sock=slot1_1_4371_83cb_69310>
...
001 (2552363.008.000) 07/26 17:30:44 Job executing on host: <188.184.182.13:9618?addrs=188.184.182.13-9618+[2001-1458-301-2b--100-24]-9618&alias=b7g41n8411.cern.ch&noUDP&sock=startd_3668_8579>
...
040 (2552363.008.000) 07/26 17:30:44 Finished transferring input files
...
006 (2552363.008.000) 07/26 17:31:13 Image size of job updated: 378152
	12  -  MemoryUsage of job (MB)
	11436  -  ResidentSetSize of job (KB)
...
006 (2552363.008.000) 07/26 17:35:54 Image size of job updated: 631392
	205  -  MemoryUsage of job (MB)
	209612  -  ResidentSetSize of job (KB)
...
006 (2552363.008.000) 07/26 17:45:55 Image size of job updated: 807136
	287  -  MemoryUsage of job (MB)
	293364  -  ResidentSetSize of job (KB)
...
006 (2552363.008.000) 07/26 18:10:58 Image size of job updated: 807640
	288  -  MemoryUsage of job (MB)
	293960  -  ResidentSetSize of job (KB)
...
040 (2552363.008.000) 07/26 18:16:20 Started transferring output files
...
040 (2552363.008.000) 07/26 18:16:20 Finished transferring output files
...
005 (2552363.008.000) 07/26 18:16:20 Job terminated.
	(1) Normal termination (return value 0)
		Usr 0 00:32:47, Sys 0 00:00:03  -  Run Remote Usage
		Usr 0 00:00:00, Sys 0 00:00:00  -  Run Local Usage
		Usr 0 00:32:47, Sys 0 00:00:03  -  Total Remote Usage
		Usr 0 00:00:00, Sys 0 00:00:00  -  Total Local Usage
	52934  -  Run Bytes Sent By Job
	55262876  -  Run Bytes Received By Job
	52934  -  Total Bytes Sent By Job
	55262876  -  Total Bytes Received By Job
	Partitionable Resources :     Usage  Request Allocated 
	   Cpus                 :      1.00        3         3 
	   Disk (KB)            : 182265       75000    351249 
	   Memory (MB)          :    288        6000      6000 

	Job terminated of its own accord at 2021-07-26T16:16:20Z.
...
