000 (2521668.154.000) 07/19 01:56:57 Job submitted from host: <188.185.70.244:9618?addrs=188.185.70.244-9618+[2001-1458-d00-7--100-2ee]-9618&alias=bigbird10.cern.ch&noUDP&sock=schedd_2037_ca81>
...
040 (2521668.154.000) 07/19 02:14:09 Started transferring input files
	Transferring to host: <128.142.57.91:9618?addrs=128.142.57.91-9618+[2001-1458-301-7--100-5a]-9618&alias=b7s02p5034.cern.ch&noUDP&sock=slot1_16_6551_85a3_13543>
...
040 (2521668.154.000) 07/19 02:14:10 Finished transferring input files
...
001 (2521668.154.000) 07/19 02:14:10 Job executing on host: <128.142.57.91:9618?addrs=128.142.57.91-9618+[2001-1458-301-7--100-5a]-9618&alias=b7s02p5034.cern.ch&noUDP&sock=startd_6089_2042>
...
006 (2521668.154.000) 07/19 02:14:19 Image size of job updated: 531088
	128  -  MemoryUsage of job (MB)
	130208  -  ResidentSetSize of job (KB)
...
006 (2521668.154.000) 07/19 02:19:20 Image size of job updated: 626872
	202  -  MemoryUsage of job (MB)
	206060  -  ResidentSetSize of job (KB)
...
040 (2521668.154.000) 07/19 02:23:18 Started transferring output files
...
040 (2521668.154.000) 07/19 02:23:18 Finished transferring output files
...
005 (2521668.154.000) 07/19 02:23:19 Job terminated.
	(1) Normal termination (return value 0)
		Usr 0 00:00:45, Sys 0 00:00:02  -  Run Remote Usage
		Usr 0 00:00:00, Sys 0 00:00:00  -  Run Local Usage
		Usr 0 00:00:45, Sys 0 00:00:02  -  Total Remote Usage
		Usr 0 00:00:00, Sys 0 00:00:00  -  Total Local Usage
	49067  -  Run Bytes Sent By Job
	55262812  -  Run Bytes Received By Job
	49067  -  Total Bytes Sent By Job
	55262812  -  Total Bytes Received By Job
	Partitionable Resources :     Usage  Request Allocated 
	   Cpus                 :      0.07        3         3 
	   Disk (KB)            : 183943       75000   1258334 
	   Memory (MB)          :    202        6000      6000 

	Job terminated of its own accord at 2021-07-19T00:23:18Z.
...
