000 (2521675.168.000) 07/19 04:18:40 Job submitted from host: <188.185.70.244:9618?addrs=188.185.70.244-9618+[2001-1458-d00-7--100-2ee]-9618&alias=bigbird10.cern.ch&noUDP&sock=schedd_2037_ca81>
...
040 (2521675.168.000) 07/19 04:25:41 Started transferring input files
	Transferring to host: <188.184.206.53:9618?addrs=188.184.206.53-9618+[2001-1458-301-7d--100-236]-9618&alias=b7g27n0499.cern.ch&noUDP&sock=slot1_3_6262_e538_69922>
...
040 (2521675.168.000) 07/19 04:25:42 Finished transferring input files
...
001 (2521675.168.000) 07/19 04:25:42 Job executing on host: <188.184.206.53:9618?addrs=188.184.206.53-9618+[2001-1458-301-7d--100-236]-9618&alias=b7g27n0499.cern.ch&noUDP&sock=startd_5423_4e2f>
...
006 (2521675.168.000) 07/19 04:25:50 Image size of job updated: 325168
	11  -  MemoryUsage of job (MB)
	10884  -  ResidentSetSize of job (KB)
...
006 (2521675.168.000) 07/19 04:30:50 Image size of job updated: 631404
	205  -  MemoryUsage of job (MB)
	209632  -  ResidentSetSize of job (KB)
...
006 (2521675.168.000) 07/19 04:36:31 Image size of job updated: 766604
	205  -  MemoryUsage of job (MB)
	209632  -  ResidentSetSize of job (KB)
...
040 (2521675.168.000) 07/19 04:36:31 Started transferring output files
...
040 (2521675.168.000) 07/19 04:36:32 Finished transferring output files
...
005 (2521675.168.000) 07/19 04:36:32 Job terminated.
	(1) Normal termination (return value 0)
		Usr 0 00:01:24, Sys 0 00:00:02  -  Run Remote Usage
		Usr 0 00:00:00, Sys 0 00:00:00  -  Run Local Usage
		Usr 0 00:01:24, Sys 0 00:00:02  -  Total Remote Usage
		Usr 0 00:00:00, Sys 0 00:00:00  -  Total Local Usage
	52454  -  Run Bytes Sent By Job
	55262812  -  Run Bytes Received By Job
	52454  -  Total Bytes Sent By Job
	55262812  -  Total Bytes Received By Job
	Partitionable Resources :    Usage  Request Allocated 
	   Cpus                 :                 3         3 
	   Disk (KB)            :   182255    75000    199219 
	   Memory (MB)          :      205     6000      6000 

	Job terminated of its own accord at 2021-07-19T02:36:31Z.
...
