000 (2521842.182.000) 07/19 05:55:56 Job submitted from host: <188.185.70.244:9618?addrs=188.185.70.244-9618+[2001-1458-d00-7--100-2ee]-9618&alias=bigbird10.cern.ch&noUDP&sock=schedd_2037_ca81>
...
040 (2521842.182.000) 07/19 06:03:53 Started transferring input files
	Transferring to host: <188.184.198.121:9618?addrs=188.184.198.121-9618+[2001-1458-301-c1--100-23f]-9618&alias=b7g52n6186.cern.ch&noUDP&sock=slot1_3_6198_cd35_78205>
...
040 (2521842.182.000) 07/19 06:03:54 Finished transferring input files
...
001 (2521842.182.000) 07/19 06:03:54 Job executing on host: <188.184.198.121:9618?addrs=188.184.198.121-9618+[2001-1458-301-c1--100-23f]-9618&alias=b7g52n6186.cern.ch&noUDP&sock=startd_4977_62f2>
...
006 (2521842.182.000) 07/19 06:04:02 Image size of job updated: 75580
	34  -  MemoryUsage of job (MB)
	34496  -  ResidentSetSize of job (KB)
...
006 (2521842.182.000) 07/19 06:09:02 Image size of job updated: 627372
	202  -  MemoryUsage of job (MB)
	205844  -  ResidentSetSize of job (KB)
...
006 (2521842.182.000) 07/19 06:24:03 Image size of job updated: 806432
	283  -  MemoryUsage of job (MB)
	289156  -  ResidentSetSize of job (KB)
...
006 (2521842.182.000) 07/19 06:33:27 Image size of job updated: 807052
	283  -  MemoryUsage of job (MB)
	289156  -  ResidentSetSize of job (KB)
...
040 (2521842.182.000) 07/19 06:33:27 Started transferring output files
...
040 (2521842.182.000) 07/19 06:33:27 Finished transferring output files
...
005 (2521842.182.000) 07/19 06:33:27 Job terminated.
	(1) Normal termination (return value 0)
		Usr 0 00:14:50, Sys 0 00:00:02  -  Run Remote Usage
		Usr 0 00:00:00, Sys 0 00:00:00  -  Run Local Usage
		Usr 0 00:14:50, Sys 0 00:00:02  -  Total Remote Usage
		Usr 0 00:00:00, Sys 0 00:00:00  -  Total Local Usage
	49410  -  Run Bytes Sent By Job
	55262812  -  Run Bytes Received By Job
	49410  -  Total Bytes Sent By Job
	55262812  -  Total Bytes Received By Job
	Partitionable Resources :     Usage  Request Allocated 
	   Cpus                 :      1.00        3         3 
	   Disk (KB)            : 182331       75000    280506 
	   Memory (MB)          :    283        6000      6000 

	Job terminated of its own accord at 2021-07-19T04:33:27Z.
...
