000 (2552363.024.000) 07/26 17:25:58 Job submitted from host: <188.185.70.244:9618?addrs=188.185.70.244-9618+[2001-1458-d00-7--100-2ee]-9618&alias=bigbird10.cern.ch&noUDP&sock=schedd_2037_ca81>
...
040 (2552363.024.000) 07/26 17:30:12 Entered queue to transfer input files
	Transferring to host: <188.184.213.170:9618?addrs=188.184.213.170-9618+[2001-1458-301-10c--100-1c3]-9618&alias=b7g24n0690.cern.ch&noUDP&sock=slot1_9_4037_2e7d_69418>
...
040 (2552363.024.000) 07/26 17:31:09 Started transferring input files
	Seconds spent in queue: 57
...
001 (2552363.024.000) 07/26 17:31:09 Job executing on host: <188.184.213.170:9618?addrs=188.184.213.170-9618+[2001-1458-301-10c--100-1c3]-9618&alias=b7g24n0690.cern.ch&noUDP&sock=startd_3445_8fda>
...
006 (2552363.024.000) 07/26 17:31:18 Image size of job updated: 419732
	6  -  MemoryUsage of job (MB)
	5760  -  ResidentSetSize of job (KB)
...
040 (2552363.024.000) 07/26 17:31:18 Finished transferring input files
...
006 (2552363.024.000) 07/26 17:36:17 Image size of job updated: 788872
	266  -  MemoryUsage of job (MB)
	271364  -  ResidentSetSize of job (KB)
...
006 (2552363.024.000) 07/26 17:45:57 Image size of job updated: 789472
	266  -  MemoryUsage of job (MB)
	271364  -  ResidentSetSize of job (KB)
...
040 (2552363.024.000) 07/26 17:45:57 Started transferring output files
	Seconds spent in queue: 945
...
040 (2552363.024.000) 07/26 17:45:57 Finished transferring output files
...
005 (2552363.024.000) 07/26 17:45:57 Job terminated.
	(1) Normal termination (return value 0)
		Usr 0 00:12:07, Sys 0 00:00:02  -  Run Remote Usage
		Usr 0 00:00:00, Sys 0 00:00:00  -  Run Local Usage
		Usr 0 00:12:07, Sys 0 00:00:02  -  Total Remote Usage
		Usr 0 00:00:00, Sys 0 00:00:00  -  Total Local Usage
	48594  -  Run Bytes Sent By Job
	55262876  -  Run Bytes Received By Job
	48594  -  Total Bytes Sent By Job
	55262876  -  Total Bytes Received By Job
	Partitionable Resources :     Usage  Request Allocated 
	   Cpus                 :      1.00        3         3 
	   Disk (KB)            : 179096       75000    332334 
	   Memory (MB)          :    266        6000      6000 

	Job terminated of its own accord at 2021-07-26T15:45:57Z.
...
