000 (2524617.051.000) 07/20 01:52:26 Job submitted from host: <188.185.70.244:9618?addrs=188.185.70.244-9618+[2001-1458-d00-7--100-2ee]-9618&alias=bigbird10.cern.ch&noUDP&sock=schedd_2037_ca81>
...
040 (2524617.051.000) 07/20 01:55:43 Started transferring input files
	Transferring to host: <128.142.57.99:9618?addrs=128.142.57.99-9618+[2001-1458-301-7--100-62]-9618&alias=b7s02p6468.cern.ch&noUDP&sock=slot1_4_6516_dc82_14518>
...
040 (2524617.051.000) 07/20 01:55:44 Finished transferring input files
...
001 (2524617.051.000) 07/20 01:55:44 Job executing on host: <128.142.57.99:9618?addrs=128.142.57.99-9618+[2001-1458-301-7--100-62]-9618&alias=b7s02p6468.cern.ch&noUDP&sock=startd_6051_0fa9>
...
006 (2524617.051.000) 07/20 01:55:53 Image size of job updated: 608644
	190  -  MemoryUsage of job (MB)
	193876  -  ResidentSetSize of job (KB)
...
006 (2524617.051.000) 07/20 02:00:54 Image size of job updated: 626824
	203  -  MemoryUsage of job (MB)
	207224  -  ResidentSetSize of job (KB)
...
006 (2524617.051.000) 07/20 02:20:57 Image size of job updated: 748308
	295  -  MemoryUsage of job (MB)
	301556  -  ResidentSetSize of job (KB)
...
006 (2524617.051.000) 07/20 02:35:18 Image size of job updated: 748808
	295  -  MemoryUsage of job (MB)
	301556  -  ResidentSetSize of job (KB)
...
040 (2524617.051.000) 07/20 02:35:18 Started transferring output files
...
040 (2524617.051.000) 07/20 02:35:18 Finished transferring output files
...
005 (2524617.051.000) 07/20 02:35:18 Job terminated.
	(1) Normal termination (return value 0)
		Usr 0 00:18:22, Sys 0 00:00:03  -  Run Remote Usage
		Usr 0 00:00:00, Sys 0 00:00:00  -  Run Local Usage
		Usr 0 00:18:22, Sys 0 00:00:03  -  Total Remote Usage
		Usr 0 00:00:00, Sys 0 00:00:00  -  Total Local Usage
	49124  -  Run Bytes Sent By Job
	55262812  -  Run Bytes Received By Job
	49124  -  Total Bytes Sent By Job
	55262812  -  Total Bytes Received By Job
	Partitionable Resources :     Usage  Request Allocated 
	   Cpus                 :      1.00        3         3 
	   Disk (KB)            : 184302       75000   1284333 
	   Memory (MB)          :    295        6000      6000 

	Job terminated of its own accord at 2021-07-20T00:35:18Z.
...
