000 (2557146.008.000) 07/28 14:20:13 Job submitted from host: <188.185.70.244:9618?addrs=188.185.70.244-9618+[2001-1458-d00-7--100-2ee]-9618&alias=bigbird10.cern.ch&noUDP&sock=schedd_2037_ca81>
...
040 (2557146.008.000) 07/28 15:25:43 Started transferring input files
	Transferring to host: <188.184.198.112:9618?addrs=188.184.198.112-9618+[2001-1458-301-c1--100-37e]-9618&alias=b7g52n2480.cern.ch&noUDP&sock=slot1_6_22334_12c5_122873>
...
001 (2557146.008.000) 07/28 15:25:44 Job executing on host: <188.184.198.112:9618?addrs=188.184.198.112-9618+[2001-1458-301-c1--100-37e]-9618&alias=b7g52n2480.cern.ch&noUDP&sock=startd_17834_3817>
...
040 (2557146.008.000) 07/28 15:25:44 Finished transferring input files
...
006 (2557146.008.000) 07/28 15:25:52 Image size of job updated: 150900
	91  -  MemoryUsage of job (MB)
	92580  -  ResidentSetSize of job (KB)
...
006 (2557146.008.000) 07/28 15:30:52 Image size of job updated: 800380
	280  -  MemoryUsage of job (MB)
	286604  -  ResidentSetSize of job (KB)
...
040 (2557146.008.000) 07/28 15:41:33 Started transferring output files
...
040 (2557146.008.000) 07/28 15:41:33 Finished transferring output files
...
005 (2557146.008.000) 07/28 15:41:34 Job terminated.
	(1) Normal termination (return value 0)
		Usr 0 00:15:36, Sys 0 00:00:02  -  Run Remote Usage
		Usr 0 00:00:00, Sys 0 00:00:00  -  Run Local Usage
		Usr 0 00:15:36, Sys 0 00:00:02  -  Total Remote Usage
		Usr 0 00:00:00, Sys 0 00:00:00  -  Total Local Usage
	45013  -  Run Bytes Sent By Job
	55262880  -  Run Bytes Received By Job
	45013  -  Total Bytes Sent By Job
	55262880  -  Total Bytes Received By Job
	Partitionable Resources :     Usage  Request Allocated 
	   Cpus                 :      1.00        4         4 
	   Disk (KB)            : 184473       75000    270888 
	   Memory (MB)          :    280        8000      8000 

	Job terminated of its own accord at 2021-07-28T13:41:33Z.
...
