000 (2521876.084.000) 07/19 08:46:26 Job submitted from host: <188.185.70.244:9618?addrs=188.185.70.244-9618+[2001-1458-d00-7--100-2ee]-9618&alias=bigbird10.cern.ch&noUDP&sock=schedd_2037_ca81>
...
040 (2521876.084.000) 07/19 09:59:16 Started transferring input files
	Transferring to host: <128.142.80.54:9618?addrs=128.142.80.54-9618+[2001-1458-301-f5--100-518]-9618&alias=b7s13n2355.cern.ch&noUDP&sock=slot1_11_4910_4a01_74322>
...
040 (2521876.084.000) 07/19 09:59:17 Finished transferring input files
...
001 (2521876.084.000) 07/19 09:59:17 Job executing on host: <128.142.80.54:9618?addrs=128.142.80.54-9618+[2001-1458-301-f5--100-518]-9618&alias=b7s13n2355.cern.ch&noUDP&sock=startd_3906_c503>
...
006 (2521876.084.000) 07/19 09:59:25 Image size of job updated: 80212
	36  -  MemoryUsage of job (MB)
	36352  -  ResidentSetSize of job (KB)
...
006 (2521876.084.000) 07/19 10:04:25 Image size of job updated: 830468
	306  -  MemoryUsage of job (MB)
	312980  -  ResidentSetSize of job (KB)
...
006 (2521876.084.000) 07/19 10:19:26 Image size of job updated: 830968
	307  -  MemoryUsage of job (MB)
	313576  -  ResidentSetSize of job (KB)
...
040 (2521876.084.000) 07/19 10:23:48 Started transferring output files
...
040 (2521876.084.000) 07/19 10:23:48 Finished transferring output files
...
005 (2521876.084.000) 07/19 10:23:49 Job terminated.
	(1) Normal termination (return value 0)
		Usr 0 00:24:05, Sys 0 00:00:03  -  Run Remote Usage
		Usr 0 00:00:00, Sys 0 00:00:00  -  Run Local Usage
		Usr 0 00:24:05, Sys 0 00:00:03  -  Total Remote Usage
		Usr 0 00:00:00, Sys 0 00:00:00  -  Total Local Usage
	47464  -  Run Bytes Sent By Job
	55262812  -  Run Bytes Received By Job
	47464  -  Total Bytes Sent By Job
	55262812  -  Total Bytes Received By Job
	Partitionable Resources :     Usage  Request Allocated 
	   Cpus                 :      1.00        3         3 
	   Disk (KB)            : 186671       75000    253670 
	   Memory (MB)          :    307        6000      6000 

	Job terminated of its own accord at 2021-07-19T08:23:48Z.
...
