000 (2521876.196.000) 07/19 08:46:26 Job submitted from host: <188.185.70.244:9618?addrs=188.185.70.244-9618+[2001-1458-d00-7--100-2ee]-9618&alias=bigbird10.cern.ch&noUDP&sock=schedd_2037_ca81>
...
040 (2521876.196.000) 07/19 10:39:56 Started transferring input files
	Transferring to host: <128.142.59.45:9618?addrs=128.142.59.45-9618+[2001-1458-301-21--100-2c]-9618&alias=b7s04p2998.cern.ch&noUDP&sock=slot1_14_6743_cdab_9743>
...
040 (2521876.196.000) 07/19 10:39:57 Finished transferring input files
...
001 (2521876.196.000) 07/19 10:39:57 Job executing on host: <128.142.59.45:9618?addrs=128.142.59.45-9618+[2001-1458-301-21--100-2c]-9618&alias=b7s04p2998.cern.ch&noUDP&sock=startd_6286_406a>
...
006 (2521876.196.000) 07/19 10:40:06 Image size of job updated: 234460
	157  -  MemoryUsage of job (MB)
	160344  -  ResidentSetSize of job (KB)
...
006 (2521876.196.000) 07/19 10:45:07 Image size of job updated: 631388
	205  -  MemoryUsage of job (MB)
	209628  -  ResidentSetSize of job (KB)
...
006 (2521876.196.000) 07/19 10:55:08 Image size of job updated: 814512
	295  -  MemoryUsage of job (MB)
	301212  -  ResidentSetSize of job (KB)
...
006 (2521876.196.000) 07/19 11:05:10 Image size of job updated: 815032
	295  -  MemoryUsage of job (MB)
	301772  -  ResidentSetSize of job (KB)
...
040 (2521876.196.000) 07/19 11:07:03 Started transferring output files
...
040 (2521876.196.000) 07/19 11:07:04 Finished transferring output files
...
005 (2521876.196.000) 07/19 11:07:04 Job terminated.
	(1) Normal termination (return value 0)
		Usr 0 00:13:20, Sys 0 00:00:02  -  Run Remote Usage
		Usr 0 00:00:00, Sys 0 00:00:00  -  Run Local Usage
		Usr 0 00:13:20, Sys 0 00:00:02  -  Total Remote Usage
		Usr 0 00:00:00, Sys 0 00:00:00  -  Total Local Usage
	49176  -  Run Bytes Sent By Job
	55262812  -  Run Bytes Received By Job
	49176  -  Total Bytes Sent By Job
	55262812  -  Total Bytes Received By Job
	Partitionable Resources :     Usage  Request Allocated 
	   Cpus                 :      1.00        3         3 
	   Disk (KB)            : 183662       75000   1247235 
	   Memory (MB)          :    295        6000      6000 

	Job terminated of its own accord at 2021-07-19T09:07:03Z.
...
