000 (2523366.061.000) 07/19 23:50:30 Job submitted from host: <188.185.70.244:9618?addrs=188.185.70.244-9618+[2001-1458-d00-7--100-2ee]-9618&alias=bigbird10.cern.ch&noUDP&sock=schedd_2037_ca81>
...
040 (2523366.061.000) 07/20 00:11:35 Started transferring input files
	Transferring to host: <128.142.56.77:9618?addrs=128.142.56.77-9618+[2001-1458-301-6--100-4c]-9618&alias=b7s01p5417.cern.ch&noUDP&sock=slot1_2_62806_4233_13796>
...
040 (2523366.061.000) 07/20 00:11:36 Finished transferring input files
...
001 (2523366.061.000) 07/20 00:11:36 Job executing on host: <128.142.56.77:9618?addrs=128.142.56.77-9618+[2001-1458-301-6--100-4c]-9618&alias=b7s01p5417.cern.ch&noUDP&sock=startd_62761_677c>
...
006 (2523366.061.000) 07/20 00:11:44 Image size of job updated: 321400
	142  -  MemoryUsage of job (MB)
	144716  -  ResidentSetSize of job (KB)
...
006 (2523366.061.000) 07/20 00:16:44 Image size of job updated: 630968
	205  -  MemoryUsage of job (MB)
	209296  -  ResidentSetSize of job (KB)
...
006 (2523366.061.000) 07/20 00:21:45 Image size of job updated: 822280
	297  -  MemoryUsage of job (MB)
	303756  -  ResidentSetSize of job (KB)
...
006 (2523366.061.000) 07/20 00:26:46 Image size of job updated: 822860
	298  -  MemoryUsage of job (MB)
	304420  -  ResidentSetSize of job (KB)
...
040 (2523366.061.000) 07/20 00:28:14 Started transferring output files
...
040 (2523366.061.000) 07/20 00:28:15 Finished transferring output files
...
005 (2523366.061.000) 07/20 00:28:16 Job terminated.
	(1) Normal termination (return value 0)
		Usr 0 00:11:46, Sys 0 00:00:02  -  Run Remote Usage
		Usr 0 00:00:00, Sys 0 00:00:00  -  Run Local Usage
		Usr 0 00:11:46, Sys 0 00:00:02  -  Total Remote Usage
		Usr 0 00:00:00, Sys 0 00:00:00  -  Total Local Usage
	49494  -  Run Bytes Sent By Job
	55262812  -  Run Bytes Received By Job
	49494  -  Total Bytes Sent By Job
	55262812  -  Total Bytes Received By Job
	Partitionable Resources :     Usage  Request Allocated 
	   Cpus                 :      1.00        3         3 
	   Disk (KB)            : 184358       75000   1311761 
	   Memory (MB)          :    298        6000      6000 

	Job terminated of its own accord at 2021-07-19T22:28:14Z.
...
