000 (2521876.154.000) 07/19 08:46:26 Job submitted from host: <188.185.70.244:9618?addrs=188.185.70.244-9618+[2001-1458-d00-7--100-2ee]-9618&alias=bigbird10.cern.ch&noUDP&sock=schedd_2037_ca81>
...
040 (2521876.154.000) 07/19 10:39:37 Started transferring input files
	Transferring to host: <188.184.168.12:9618?addrs=188.184.168.12-9618+[2001-1458-301-c0--100-ec]-9618&alias=b7g52n3581.cern.ch&noUDP&sock=slot1_11_5914_b2aa_66448>
...
040 (2521876.154.000) 07/19 10:39:38 Finished transferring input files
...
001 (2521876.154.000) 07/19 10:39:38 Job executing on host: <188.184.168.12:9618?addrs=188.184.168.12-9618+[2001-1458-301-c0--100-ec]-9618&alias=b7g52n3581.cern.ch&noUDP&sock=startd_4780_42c9>
...
006 (2521876.154.000) 07/19 10:39:46 Image size of job updated: 321408
	32  -  MemoryUsage of job (MB)
	32064  -  ResidentSetSize of job (KB)
...
006 (2521876.154.000) 07/19 10:44:46 Image size of job updated: 627372
	202  -  MemoryUsage of job (MB)
	205840  -  ResidentSetSize of job (KB)
...
006 (2521876.154.000) 07/19 10:54:47 Image size of job updated: 821824
	298  -  MemoryUsage of job (MB)
	304412  -  ResidentSetSize of job (KB)
...
006 (2521876.154.000) 07/19 11:04:48 Image size of job updated: 822316
	298  -  MemoryUsage of job (MB)
	305004  -  ResidentSetSize of job (KB)
...
040 (2521876.154.000) 07/19 11:15:04 Started transferring output files
...
040 (2521876.154.000) 07/19 11:15:04 Finished transferring output files
...
005 (2521876.154.000) 07/19 11:15:04 Job terminated.
	(1) Normal termination (return value 0)
		Usr 0 00:22:28, Sys 0 00:00:02  -  Run Remote Usage
		Usr 0 00:00:00, Sys 0 00:00:00  -  Run Local Usage
		Usr 0 00:22:28, Sys 0 00:00:02  -  Total Remote Usage
		Usr 0 00:00:00, Sys 0 00:00:00  -  Total Local Usage
	50328  -  Run Bytes Sent By Job
	55262812  -  Run Bytes Received By Job
	50328  -  Total Bytes Sent By Job
	55262812  -  Total Bytes Received By Job
	Partitionable Resources :     Usage  Request Allocated 
	   Cpus                 :      1.00        3         3 
	   Disk (KB)            : 185106       75000    277674 
	   Memory (MB)          :    298        6000      6000 

	Job terminated of its own accord at 2021-07-19T09:15:04Z.
...
