000 (2521842.120.000) 07/19 05:55:56 Job submitted from host: <188.185.70.244:9618?addrs=188.185.70.244-9618+[2001-1458-d00-7--100-2ee]-9618&alias=bigbird10.cern.ch&noUDP&sock=schedd_2037_ca81>
...
040 (2521842.120.000) 07/19 06:01:38 Started transferring input files
	Transferring to host: <128.142.161.108:9618?addrs=128.142.161.108-9618+[2001-1458-301-b8--100-2a]-9618&alias=b7g03p7721.cern.ch&noUDP&sock=slot1_23_154862_09d2_156648>
...
040 (2521842.120.000) 07/19 06:01:39 Finished transferring input files
...
001 (2521842.120.000) 07/19 06:01:39 Job executing on host: <128.142.161.108:9618?addrs=128.142.161.108-9618+[2001-1458-301-b8--100-2a]-9618&alias=b7g03p7721.cern.ch&noUDP&sock=startd_70679_7e5f>
...
006 (2521842.120.000) 07/19 06:01:48 Image size of job updated: 574932
	156  -  MemoryUsage of job (MB)
	159468  -  ResidentSetSize of job (KB)
...
006 (2521842.120.000) 07/19 06:06:49 Image size of job updated: 630340
	204  -  MemoryUsage of job (MB)
	208708  -  ResidentSetSize of job (KB)
...
006 (2521842.120.000) 07/19 06:11:49 Image size of job updated: 630340
	204  -  MemoryUsage of job (MB)
	208712  -  ResidentSetSize of job (KB)
...
006 (2521842.120.000) 07/19 06:36:51 Image size of job updated: 801232
	277  -  MemoryUsage of job (MB)
	283136  -  ResidentSetSize of job (KB)
...
006 (2521842.120.000) 07/19 06:46:39 Image size of job updated: 801836
	277  -  MemoryUsage of job (MB)
	283136  -  ResidentSetSize of job (KB)
...
040 (2521842.120.000) 07/19 06:46:39 Started transferring output files
...
040 (2521842.120.000) 07/19 06:46:39 Finished transferring output files
...
005 (2521842.120.000) 07/19 06:46:39 Job terminated.
	(1) Normal termination (return value 0)
		Usr 0 00:11:04, Sys 0 00:00:05  -  Run Remote Usage
		Usr 0 00:00:00, Sys 0 00:00:00  -  Run Local Usage
		Usr 0 00:11:04, Sys 0 00:00:05  -  Total Remote Usage
		Usr 0 00:00:00, Sys 0 00:00:00  -  Total Local Usage
	49127  -  Run Bytes Sent By Job
	55262812  -  Run Bytes Received By Job
	49127  -  Total Bytes Sent By Job
	55262812  -  Total Bytes Received By Job
	Partitionable Resources :     Usage  Request Allocated 
	   Cpus                 :      1.00        3         3 
	   Disk (KB)            : 180626       75000   1279386 
	   Memory (MB)          :    277        6000      6000 

	Job terminated of its own accord at 2021-07-19T04:46:39Z.
...
