000 (2521867.093.000) 07/19 07:46:08 Job submitted from host: <188.185.70.244:9618?addrs=188.185.70.244-9618+[2001-1458-d00-7--100-2ee]-9618&alias=bigbird10.cern.ch&noUDP&sock=schedd_2037_ca81>
...
040 (2521867.093.000) 07/19 07:49:16 Started transferring input files
	Transferring to host: <128.142.59.33:9618?addrs=128.142.59.33-9618+[2001-1458-301-21--100-20]-9618&alias=b7s04p7269.cern.ch&noUDP&sock=slot1_6_6791_9fad_11843>
...
040 (2521867.093.000) 07/19 07:49:17 Finished transferring input files
...
001 (2521867.093.000) 07/19 07:49:17 Job executing on host: <128.142.59.33:9618?addrs=128.142.59.33-9618+[2001-1458-301-21--100-20]-9618&alias=b7s04p7269.cern.ch&noUDP&sock=startd_6331_1e2d>
...
006 (2521867.093.000) 07/19 07:49:25 Image size of job updated: 587408
	201  -  MemoryUsage of job (MB)
	205224  -  ResidentSetSize of job (KB)
...
006 (2521867.093.000) 07/19 07:54:25 Image size of job updated: 824856
	301  -  MemoryUsage of job (MB)
	307304  -  ResidentSetSize of job (KB)
...
006 (2521867.093.000) 07/19 08:08:44 Image size of job updated: 825364
	301  -  MemoryUsage of job (MB)
	307304  -  ResidentSetSize of job (KB)
...
040 (2521867.093.000) 07/19 08:08:44 Started transferring output files
...
040 (2521867.093.000) 07/19 08:08:44 Finished transferring output files
...
005 (2521867.093.000) 07/19 08:08:44 Job terminated.
	(1) Normal termination (return value 0)
		Usr 0 00:18:38, Sys 0 00:00:03  -  Run Remote Usage
		Usr 0 00:00:00, Sys 0 00:00:00  -  Run Local Usage
		Usr 0 00:18:38, Sys 0 00:00:03  -  Total Remote Usage
		Usr 0 00:00:00, Sys 0 00:00:00  -  Total Local Usage
	50450  -  Run Bytes Sent By Job
	55262812  -  Run Bytes Received By Job
	50450  -  Total Bytes Sent By Job
	55262812  -  Total Bytes Received By Job
	Partitionable Resources :     Usage  Request Allocated 
	   Cpus                 :      1.00        3         3 
	   Disk (KB)            : 185655       75000   1299236 
	   Memory (MB)          :    301        6000      6000 

	Job terminated of its own accord at 2021-07-19T06:08:44Z.
...
