000 (2523366.051.000) 07/19 23:50:30 Job submitted from host: <188.185.70.244:9618?addrs=188.185.70.244-9618+[2001-1458-d00-7--100-2ee]-9618&alias=bigbird10.cern.ch&noUDP&sock=schedd_2037_ca81>
...
040 (2523366.051.000) 07/20 00:08:14 Started transferring input files
	Transferring to host: <128.142.56.132:9618?addrs=128.142.56.132-9618+[2001-1458-301-6--100-83]-9618&alias=b7s01p1865.cern.ch&noUDP&sock=slot1_30_45781_9b1f_13469>
...
040 (2523366.051.000) 07/20 00:08:15 Finished transferring input files
...
001 (2523366.051.000) 07/20 00:08:15 Job executing on host: <128.142.56.132:9618?addrs=128.142.56.132-9618+[2001-1458-301-6--100-83]-9618&alias=b7s01p1865.cern.ch&noUDP&sock=startd_45737_5b32>
...
006 (2523366.051.000) 07/20 00:08:23 Image size of job updated: 243468
	166  -  MemoryUsage of job (MB)
	169360  -  ResidentSetSize of job (KB)
...
006 (2523366.051.000) 07/20 00:13:23 Image size of job updated: 829028
	304  -  MemoryUsage of job (MB)
	310524  -  ResidentSetSize of job (KB)
...
006 (2523366.051.000) 07/20 00:28:25 Image size of job updated: 829608
	304  -  MemoryUsage of job (MB)
	311180  -  ResidentSetSize of job (KB)
...
040 (2523366.051.000) 07/20 00:29:59 Started transferring output files
...
040 (2523366.051.000) 07/20 00:29:59 Finished transferring output files
...
005 (2523366.051.000) 07/20 00:30:00 Job terminated.
	(1) Normal termination (return value 0)
		Usr 0 00:18:24, Sys 0 00:00:02  -  Run Remote Usage
		Usr 0 00:00:00, Sys 0 00:00:00  -  Run Local Usage
		Usr 0 00:18:24, Sys 0 00:00:02  -  Total Remote Usage
		Usr 0 00:00:00, Sys 0 00:00:00  -  Total Local Usage
	49495  -  Run Bytes Sent By Job
	55262812  -  Run Bytes Received By Job
	49495  -  Total Bytes Sent By Job
	55262812  -  Total Bytes Received By Job
	Partitionable Resources :     Usage  Request Allocated 
	   Cpus                 :      1.00        3         3 
	   Disk (KB)            : 185583       75000   1302893 
	   Memory (MB)          :    304        6000      6000 

	Job terminated of its own accord at 2021-07-19T22:29:59Z.
...
