000 (2521867.067.000) 07/19 07:46:08 Job submitted from host: <188.185.70.244:9618?addrs=188.185.70.244-9618+[2001-1458-d00-7--100-2ee]-9618&alias=bigbird10.cern.ch&noUDP&sock=schedd_2037_ca81>
...
040 (2521867.067.000) 07/19 07:49:05 Started transferring input files
	Transferring to host: <128.142.56.147:9618?addrs=128.142.56.147-9618+[2001-1458-301-6--100-92]-9618&alias=b7s01p0322.cern.ch&noUDP&sock=slot1_17_50448_edfd_15677>
...
040 (2521867.067.000) 07/19 07:49:06 Finished transferring input files
...
001 (2521867.067.000) 07/19 07:49:06 Job executing on host: <128.142.56.147:9618?addrs=128.142.56.147-9618+[2001-1458-301-6--100-92]-9618&alias=b7s01p0322.cern.ch&noUDP&sock=startd_47342_40b3>
...
006 (2521867.067.000) 07/19 07:49:14 Image size of job updated: 270048
	191  -  MemoryUsage of job (MB)
	194804  -  ResidentSetSize of job (KB)
...
006 (2521867.067.000) 07/19 07:54:14 Image size of job updated: 817344
	297  -  MemoryUsage of job (MB)
	303680  -  ResidentSetSize of job (KB)
...
006 (2521867.067.000) 07/19 08:04:16 Image size of job updated: 817764
	298  -  MemoryUsage of job (MB)
	304196  -  ResidentSetSize of job (KB)
...
040 (2521867.067.000) 07/19 08:05:35 Started transferring output files
...
040 (2521867.067.000) 07/19 08:05:35 Finished transferring output files
...
005 (2521867.067.000) 07/19 08:05:35 Job terminated.
	(1) Normal termination (return value 0)
		Usr 0 00:13:35, Sys 0 00:00:04  -  Run Remote Usage
		Usr 0 00:00:00, Sys 0 00:00:00  -  Run Local Usage
		Usr 0 00:13:35, Sys 0 00:00:04  -  Total Remote Usage
		Usr 0 00:00:00, Sys 0 00:00:00  -  Total Local Usage
	49939  -  Run Bytes Sent By Job
	55262812  -  Run Bytes Received By Job
	49939  -  Total Bytes Sent By Job
	55262812  -  Total Bytes Received By Job
	Partitionable Resources :     Usage  Request Allocated 
	   Cpus                 :      1.00        3         3 
	   Disk (KB)            : 184165       75000   1160287 
	   Memory (MB)          :    298        6000      6000 

	Job terminated of its own accord at 2021-07-19T06:05:35Z.
...
