000 (2556078.018.000) 07/27 10:51:07 Job submitted from host: <188.185.70.244:9618?addrs=188.185.70.244-9618+[2001-1458-d00-7--100-2ee]-9618&alias=bigbird10.cern.ch&noUDP&sock=schedd_2037_ca81>
...
040 (2556078.018.000) 07/27 11:31:30 Started transferring input files
	Transferring to host: <128.142.84.78:9618?addrs=128.142.84.78-9618+[2001-1458-301-f6--100-42b]-9618&alias=b7s14n1778.cern.ch&noUDP&sock=slot1_7_30321_a32a_120359>
...
040 (2556078.018.000) 07/27 11:31:31 Finished transferring input files
...
001 (2556078.018.000) 07/27 11:31:31 Job executing on host: <128.142.84.78:9618?addrs=128.142.84.78-9618+[2001-1458-301-f6--100-42b]-9618&alias=b7s14n1778.cern.ch&noUDP&sock=startd_16501_e458>
...
006 (2556078.018.000) 07/27 11:31:40 Image size of job updated: 547496
	109  -  MemoryUsage of job (MB)
	111508  -  ResidentSetSize of job (KB)
...
006 (2556078.018.000) 07/27 11:36:41 Image size of job updated: 797136
	274  -  MemoryUsage of job (MB)
	280168  -  ResidentSetSize of job (KB)
...
006 (2556078.018.000) 07/27 11:46:42 Image size of job updated: 797960
	275  -  MemoryUsage of job (MB)
	281244  -  ResidentSetSize of job (KB)
...
040 (2556078.018.000) 07/27 11:46:44 Started transferring output files
...
040 (2556078.018.000) 07/27 11:46:44 Finished transferring output files
...
005 (2556078.018.000) 07/27 11:46:44 Job terminated.
	(1) Normal termination (return value 0)
		Usr 0 00:14:50, Sys 0 00:00:04  -  Run Remote Usage
		Usr 0 00:00:00, Sys 0 00:00:00  -  Run Local Usage
		Usr 0 00:14:50, Sys 0 00:00:04  -  Total Remote Usage
		Usr 0 00:00:00, Sys 0 00:00:00  -  Total Local Usage
	49418  -  Run Bytes Sent By Job
	55262880  -  Run Bytes Received By Job
	49418  -  Total Bytes Sent By Job
	55262880  -  Total Bytes Received By Job
	Partitionable Resources :     Usage  Request Allocated 
	   Cpus                 :      1.00        3         3 
	   Disk (KB)            : 185194       75000    273785 
	   Memory (MB)          :    275        6000      6000 

	Job terminated of its own accord at 2021-07-27T09:46:44Z.
...
