000 (2522101.061.000) 07/19 11:55:34 Job submitted from host: <188.185.70.244:9618?addrs=188.185.70.244-9618+[2001-1458-d00-7--100-2ee]-9618&alias=bigbird10.cern.ch&noUDP&sock=schedd_2037_ca81>
...
040 (2522101.061.000) 07/19 12:39:41 Started transferring input files
	Transferring to host: <128.142.57.114:9618?addrs=128.142.57.114-9618+[2001-1458-301-7--100-71]-9618&alias=b7s02p1424.cern.ch&noUDP&sock=slot1_42_6375_839c_12406>
...
040 (2522101.061.000) 07/19 12:39:42 Finished transferring input files
...
001 (2522101.061.000) 07/19 12:39:42 Job executing on host: <128.142.57.114:9618?addrs=128.142.57.114-9618+[2001-1458-301-7--100-71]-9618&alias=b7s02p1424.cern.ch&noUDP&sock=startd_6140_1b97>
...
006 (2522101.061.000) 07/19 12:39:51 Image size of job updated: 270896
	192  -  MemoryUsage of job (MB)
	195596  -  ResidentSetSize of job (KB)
...
006 (2522101.061.000) 07/19 12:44:52 Image size of job updated: 630288
	204  -  MemoryUsage of job (MB)
	208652  -  ResidentSetSize of job (KB)
...
006 (2522101.061.000) 07/19 12:49:53 Image size of job updated: 636700
	211  -  MemoryUsage of job (MB)
	215124  -  ResidentSetSize of job (KB)
...
006 (2522101.061.000) 07/19 12:54:53 Image size of job updated: 992076
	463  -  MemoryUsage of job (MB)
	473588  -  ResidentSetSize of job (KB)
...
006 (2522101.061.000) 07/19 13:14:56 Image size of job updated: 992596
	464  -  MemoryUsage of job (MB)
	474272  -  ResidentSetSize of job (KB)
...
040 (2522101.061.000) 07/19 13:36:35 Started transferring output files
...
040 (2522101.061.000) 07/19 13:36:35 Finished transferring output files
...
005 (2522101.061.000) 07/19 13:36:35 Job terminated.
	(1) Normal termination (return value 0)
		Usr 0 00:48:27, Sys 0 00:00:06  -  Run Remote Usage
		Usr 0 00:00:00, Sys 0 00:00:00  -  Run Local Usage
		Usr 0 00:48:27, Sys 0 00:00:06  -  Total Remote Usage
		Usr 0 00:00:00, Sys 0 00:00:00  -  Total Local Usage
	49465  -  Run Bytes Sent By Job
	55262812  -  Run Bytes Received By Job
	49465  -  Total Bytes Sent By Job
	55262812  -  Total Bytes Received By Job
	Partitionable Resources :     Usage  Request Allocated 
	   Cpus                 :      1.00        3         3 
	   Disk (KB)            : 214196       75000   1268401 
	   Memory (MB)          :    464        6000      6000 

	Job terminated of its own accord at 2021-07-19T11:36:35Z.
...
