000 (2556078.029.000) 07/27 10:51:07 Job submitted from host: <188.185.70.244:9618?addrs=188.185.70.244-9618+[2001-1458-d00-7--100-2ee]-9618&alias=bigbird10.cern.ch&noUDP&sock=schedd_2037_ca81>
...
040 (2556078.029.000) 07/27 11:36:34 Started transferring input files
	Transferring to host: <128.142.57.112:9618?addrs=128.142.57.112-9618+[2001-1458-301-7--100-6f]-9618&alias=b7s02p9938.cern.ch&noUDP&sock=slot1_23_3936_0499_21303>
...
040 (2556078.029.000) 07/27 11:36:35 Finished transferring input files
...
001 (2556078.029.000) 07/27 11:36:35 Job executing on host: <128.142.57.112:9618?addrs=128.142.57.112-9618+[2001-1458-301-7--100-6f]-9618&alias=b7s02p9938.cern.ch&noUDP&sock=startd_3482_f0db>
...
006 (2556078.029.000) 07/27 11:36:44 Image size of job updated: 269028
	190  -  MemoryUsage of job (MB)
	193892  -  ResidentSetSize of job (KB)
...
006 (2556078.029.000) 07/27 11:41:45 Image size of job updated: 626264
	201  -  MemoryUsage of job (MB)
	205252  -  ResidentSetSize of job (KB)
...
006 (2556078.029.000) 07/27 11:46:45 Image size of job updated: 796580
	273  -  MemoryUsage of job (MB)
	279536  -  ResidentSetSize of job (KB)
...
006 (2556078.029.000) 07/27 11:51:45 Image size of job updated: 797408
	274  -  MemoryUsage of job (MB)
	280508  -  ResidentSetSize of job (KB)
...
040 (2556078.029.000) 07/27 11:52:15 Started transferring output files
...
040 (2556078.029.000) 07/27 11:52:15 Finished transferring output files
...
005 (2556078.029.000) 07/27 11:52:16 Job terminated.
	(1) Normal termination (return value 0)
		Usr 0 00:07:35, Sys 0 00:00:02  -  Run Remote Usage
		Usr 0 00:00:00, Sys 0 00:00:00  -  Run Local Usage
		Usr 0 00:07:35, Sys 0 00:00:02  -  Total Remote Usage
		Usr 0 00:00:00, Sys 0 00:00:00  -  Total Local Usage
	49804  -  Run Bytes Sent By Job
	55262880  -  Run Bytes Received By Job
	49804  -  Total Bytes Sent By Job
	55262880  -  Total Bytes Received By Job
	Partitionable Resources :     Usage  Request Allocated 
	   Cpus                 :      0.20        3         3 
	   Disk (KB)            : 185028       75000   1266815 
	   Memory (MB)          :    274        6000      6000 

	Job terminated of its own accord at 2021-07-27T09:52:15Z.
...
