000 (2534572.071.000) 07/21 23:44:26 Job submitted from host: <188.185.70.244:9618?addrs=188.185.70.244-9618+[2001-1458-d00-7--100-2ee]-9618&alias=bigbird10.cern.ch&noUDP&sock=schedd_2037_ca81>
...
040 (2534572.071.000) 07/21 23:49:52 Started transferring input files
	Transferring to host: <128.142.72.76:9618?addrs=128.142.72.76-9618+[2001-1458-301-75--100-2c6]-9618&alias=b7s11n3004.cern.ch&noUDP&sock=slot1_1_5242_368e_63337>
...
040 (2534572.071.000) 07/21 23:49:53 Finished transferring input files
...
001 (2534572.071.000) 07/21 23:49:53 Job executing on host: <128.142.72.76:9618?addrs=128.142.72.76-9618+[2001-1458-301-75--100-2c6]-9618&alias=b7s11n3004.cern.ch&noUDP&sock=startd_4169_2a6c>
...
006 (2534572.071.000) 07/21 23:50:02 Image size of job updated: 1062336
	151  -  MemoryUsage of job (MB)
	154468  -  ResidentSetSize of job (KB)
...
006 (2534572.071.000) 07/21 23:55:03 Image size of job updated: 1062336
	206  -  MemoryUsage of job (MB)
	210252  -  ResidentSetSize of job (KB)
...
006 (2534572.071.000) 07/22 00:45:07 Image size of job updated: 1062336
	300  -  MemoryUsage of job (MB)
	306188  -  ResidentSetSize of job (KB)
...
006 (2534572.071.000) 07/22 01:00:08 Image size of job updated: 1062336
	300  -  MemoryUsage of job (MB)
	306788  -  ResidentSetSize of job (KB)
...
040 (2534572.071.000) 07/22 01:01:49 Started transferring output files
...
040 (2534572.071.000) 07/22 01:01:49 Finished transferring output files
...
005 (2534572.071.000) 07/22 01:01:49 Job terminated.
	(1) Normal termination (return value 0)
		Usr 0 00:17:47, Sys 0 00:00:02  -  Run Remote Usage
		Usr 0 00:00:00, Sys 0 00:00:00  -  Run Local Usage
		Usr 0 00:17:47, Sys 0 00:00:02  -  Total Remote Usage
		Usr 0 00:00:00, Sys 0 00:00:00  -  Total Local Usage
	43764  -  Run Bytes Sent By Job
	55262812  -  Run Bytes Received By Job
	43764  -  Total Bytes Sent By Job
	55262812  -  Total Bytes Received By Job
	Partitionable Resources :     Usage  Request Allocated 
	   Cpus                 :      1.00        3         3 
	   Disk (KB)            : 184683       75000    292528 
	   Memory (MB)          :    300        6000      6000 

	Job terminated of its own accord at 2021-07-21T23:01:49Z.
...
