000 (2526743.082.000) 07/20 13:19:14 Job submitted from host: <188.185.70.244:9618?addrs=188.185.70.244-9618+[2001-1458-d00-7--100-2ee]-9618&alias=bigbird10.cern.ch&noUDP&sock=schedd_2037_ca81>
...
040 (2526743.082.000) 07/20 13:21:32 Started transferring input files
	Transferring to host: <128.142.57.134:9618?addrs=128.142.57.134-9618+[2001-1458-301-7--100-85]-9618&alias=b7s02p3956.cern.ch&noUDP&sock=slot1_14_6650_46c7_14943>
...
040 (2526743.082.000) 07/20 13:21:33 Finished transferring input files
...
001 (2526743.082.000) 07/20 13:21:33 Job executing on host: <128.142.57.134:9618?addrs=128.142.57.134-9618+[2001-1458-301-7--100-85]-9618&alias=b7s02p3956.cern.ch&noUDP&sock=startd_6188_0822>
...
006 (2526743.082.000) 07/20 13:21:41 Image size of job updated: 558156
	170  -  MemoryUsage of job (MB)
	173660  -  ResidentSetSize of job (KB)
...
006 (2526743.082.000) 07/20 13:26:41 Image size of job updated: 626832
	201  -  MemoryUsage of job (MB)
	205340  -  ResidentSetSize of job (KB)
...
006 (2526743.082.000) 07/20 13:36:42 Image size of job updated: 816356
	293  -  MemoryUsage of job (MB)
	299016  -  ResidentSetSize of job (KB)
...
006 (2526743.082.000) 07/20 13:46:44 Image size of job updated: 816864
	293  -  MemoryUsage of job (MB)
	299616  -  ResidentSetSize of job (KB)
...
040 (2526743.082.000) 07/20 13:47:03 Started transferring output files
...
040 (2526743.082.000) 07/20 13:47:03 Finished transferring output files
...
005 (2526743.082.000) 07/20 13:47:04 Job terminated.
	(1) Normal termination (return value 0)
		Usr 0 00:11:42, Sys 0 00:00:02  -  Run Remote Usage
		Usr 0 00:00:00, Sys 0 00:00:00  -  Run Local Usage
		Usr 0 00:11:42, Sys 0 00:00:02  -  Total Remote Usage
		Usr 0 00:00:00, Sys 0 00:00:00  -  Total Local Usage
	48985  -  Run Bytes Sent By Job
	55262812  -  Run Bytes Received By Job
	48985  -  Total Bytes Sent By Job
	55262812  -  Total Bytes Received By Job
	Partitionable Resources :     Usage  Request Allocated 
	   Cpus                 :      1.00        3         3 
	   Disk (KB)            : 184042       75000   1167306 
	   Memory (MB)          :    293        6000      6000 

	Job terminated of its own accord at 2021-07-20T11:47:03Z.
...
