000 (2521675.005.000) 07/19 04:18:38 Job submitted from host: <188.185.70.244:9618?addrs=188.185.70.244-9618+[2001-1458-d00-7--100-2ee]-9618&alias=bigbird10.cern.ch&noUDP&sock=schedd_2037_ca81>
...
040 (2521675.005.000) 07/19 04:24:04 Started transferring input files
	Transferring to host: <128.142.68.30:9618?addrs=128.142.68.30-9618+[2001-1458-301-52--100-f9]-9618&alias=b7s10n3340.cern.ch&noUDP&sock=slot1_1_5051_a2e6_70708>
...
001 (2521675.005.000) 07/19 04:24:05 Job executing on host: <128.142.68.30:9618?addrs=128.142.68.30-9618+[2001-1458-301-52--100-f9]-9618&alias=b7s10n3340.cern.ch&noUDP&sock=startd_4051_3a3f>
...
040 (2521675.005.000) 07/19 04:24:05 Finished transferring input files
...
006 (2521675.005.000) 07/19 04:24:14 Image size of job updated: 288720
	4  -  MemoryUsage of job (MB)
	3692  -  ResidentSetSize of job (KB)
...
006 (2521675.005.000) 07/19 04:29:15 Image size of job updated: 631948
	205  -  MemoryUsage of job (MB)
	209692  -  ResidentSetSize of job (KB)
...
006 (2521675.005.000) 07/19 04:44:17 Image size of job updated: 631948
	205  -  MemoryUsage of job (MB)
	209700  -  ResidentSetSize of job (KB)
...
006 (2521675.005.000) 07/19 04:44:45 Image size of job updated: 767092
	205  -  MemoryUsage of job (MB)
	209700  -  ResidentSetSize of job (KB)
...
040 (2521675.005.000) 07/19 04:44:45 Started transferring output files
...
040 (2521675.005.000) 07/19 04:44:45 Finished transferring output files
...
005 (2521675.005.000) 07/19 04:44:45 Job terminated.
	(1) Normal termination (return value 0)
		Usr 0 00:01:18, Sys 0 00:00:03  -  Run Remote Usage
		Usr 0 00:00:00, Sys 0 00:00:00  -  Run Local Usage
		Usr 0 00:01:18, Sys 0 00:00:03  -  Total Remote Usage
		Usr 0 00:00:00, Sys 0 00:00:00  -  Total Local Usage
	51797  -  Run Bytes Sent By Job
	55262812  -  Run Bytes Received By Job
	51797  -  Total Bytes Sent By Job
	55262812  -  Total Bytes Received By Job
	Partitionable Resources :     Usage  Request Allocated 
	   Cpus                 :      0.03        3         3 
	   Disk (KB)            : 182238       75000    284496 
	   Memory (MB)          :    205        6000      6000 

	Job terminated of its own accord at 2021-07-19T02:44:45Z.
...
