000 (2524871.195.000) 07/20 04:35:08 Job submitted from host: <188.185.70.244:9618?addrs=188.185.70.244-9618+[2001-1458-d00-7--100-2ee]-9618&alias=bigbird10.cern.ch&noUDP&sock=schedd_2037_ca81>
...
040 (2524871.195.000) 07/20 05:25:57 Started transferring input files
	Transferring to host: <128.142.59.90:9618?addrs=128.142.59.90-9618+[2001-1458-301-21--100-59]-9618&alias=b7s04p7078.cern.ch&noUDP&sock=slot1_1_6730_a4cb_12576>
...
040 (2524871.195.000) 07/20 05:25:58 Finished transferring input files
...
001 (2524871.195.000) 07/20 05:25:58 Job executing on host: <128.142.59.90:9618?addrs=128.142.59.90-9618+[2001-1458-301-21--100-59]-9618&alias=b7s04p7078.cern.ch&noUDP&sock=startd_6263_79bd>
...
006 (2524871.195.000) 07/20 05:26:07 Image size of job updated: 284944
	205  -  MemoryUsage of job (MB)
	209600  -  ResidentSetSize of job (KB)
...
006 (2524871.195.000) 07/20 05:31:08 Image size of job updated: 631388
	287  -  MemoryUsage of job (MB)
	293284  -  ResidentSetSize of job (KB)
...
006 (2524871.195.000) 07/20 05:36:08 Image size of job updated: 806644
	287  -  MemoryUsage of job (MB)
	293284  -  ResidentSetSize of job (KB)
...
006 (2524871.195.000) 07/20 05:41:09 Image size of job updated: 807076
	287  -  MemoryUsage of job (MB)
	293860  -  ResidentSetSize of job (KB)
...
040 (2524871.195.000) 07/20 05:42:36 Started transferring output files
...
040 (2524871.195.000) 07/20 05:42:36 Finished transferring output files
...
005 (2524871.195.000) 07/20 05:42:36 Job terminated.
	(1) Normal termination (return value 0)
		Usr 0 00:12:08, Sys 0 00:00:02  -  Run Remote Usage
		Usr 0 00:00:00, Sys 0 00:00:00  -  Run Local Usage
		Usr 0 00:12:08, Sys 0 00:00:02  -  Total Remote Usage
		Usr 0 00:00:00, Sys 0 00:00:00  -  Total Local Usage
	52754  -  Run Bytes Sent By Job
	55262812  -  Run Bytes Received By Job
	52754  -  Total Bytes Sent By Job
	55262812  -  Total Bytes Received By Job
	Partitionable Resources :     Usage  Request Allocated 
	   Cpus                 :      1.00        3         3 
	   Disk (KB)            : 182170       75000   1290397 
	   Memory (MB)          :    287        6000      6000 

	Job terminated of its own accord at 2021-07-20T03:42:36Z.
...
