000 (2521675.147.000) 07/19 04:18:40 Job submitted from host: <188.185.70.244:9618?addrs=188.185.70.244-9618+[2001-1458-d00-7--100-2ee]-9618&alias=bigbird10.cern.ch&noUDP&sock=schedd_2037_ca81>
...
040 (2521675.147.000) 07/19 04:24:56 Started transferring input files
	Transferring to host: <128.142.58.85:9618?addrs=128.142.58.85-9618+[2001-1458-301-16--100-54]-9618&alias=b7s03p6399.cern.ch&noUDP&sock=slot1_17_3265_3cde_11430>
...
040 (2521675.147.000) 07/19 04:24:57 Finished transferring input files
...
001 (2521675.147.000) 07/19 04:24:57 Job executing on host: <128.142.58.85:9618?addrs=128.142.58.85-9618+[2001-1458-301-16--100-54]-9618&alias=b7s03p6399.cern.ch&noUDP&sock=startd_2794_07b3>
...
006 (2521675.147.000) 07/19 04:25:06 Image size of job updated: 443640
	201  -  MemoryUsage of job (MB)
	205532  -  ResidentSetSize of job (KB)
...
006 (2521675.147.000) 07/19 04:25:37 Image size of job updated: 725368
	201  -  MemoryUsage of job (MB)
	205532  -  ResidentSetSize of job (KB)
...
040 (2521675.147.000) 07/19 04:25:37 Started transferring output files
...
040 (2521675.147.000) 07/19 04:25:37 Finished transferring output files
...
005 (2521675.147.000) 07/19 04:25:37 Job terminated.
	(1) Normal termination (return value 0)
		Usr 0 00:00:37, Sys 0 00:00:01  -  Run Remote Usage
		Usr 0 00:00:00, Sys 0 00:00:00  -  Run Local Usage
		Usr 0 00:00:37, Sys 0 00:00:01  -  Total Remote Usage
		Usr 0 00:00:00, Sys 0 00:00:00  -  Total Local Usage
	48351  -  Run Bytes Sent By Job
	55262812  -  Run Bytes Received By Job
	48351  -  Total Bytes Sent By Job
	55262812  -  Total Bytes Received By Job
	Partitionable Resources :    Usage  Request Allocated 
	   Cpus                 :                 3         3 
	   Disk (KB)            :   184935    75000   1366662 
	   Memory (MB)          :      201     6000      6000 

	Job terminated of its own accord at 2021-07-19T02:25:37Z.
...
