000 (2522101.007.000) 07/19 11:55:34 Job submitted from host: <188.185.70.244:9618?addrs=188.185.70.244-9618+[2001-1458-d00-7--100-2ee]-9618&alias=bigbird10.cern.ch&noUDP&sock=schedd_2037_ca81>
...
040 (2522101.007.000) 07/19 12:24:35 Started transferring input files
	Transferring to host: <128.142.75.62:9618?addrs=128.142.75.62-9618+[2001-1458-301-75--100-52b]-9618&alias=b7s11n2641.cern.ch&noUDP&sock=slot1_5_20319_52d3_113874>
...
040 (2522101.007.000) 07/19 12:24:36 Finished transferring input files
...
001 (2522101.007.000) 07/19 12:24:36 Job executing on host: <128.142.75.62:9618?addrs=128.142.75.62-9618+[2001-1458-301-75--100-52b]-9618&alias=b7s11n2641.cern.ch&noUDP&sock=startd_16830_8f01>
...
006 (2522101.007.000) 07/19 12:24:44 Image size of job updated: 49320
	28  -  MemoryUsage of job (MB)
	28080  -  ResidentSetSize of job (KB)
...
006 (2522101.007.000) 07/19 12:29:44 Image size of job updated: 817364
	297  -  MemoryUsage of job (MB)
	303900  -  ResidentSetSize of job (KB)
...
006 (2522101.007.000) 07/19 12:49:47 Image size of job updated: 817796
	298  -  MemoryUsage of job (MB)
	304424  -  ResidentSetSize of job (KB)
...
040 (2522101.007.000) 07/19 12:49:54 Started transferring output files
...
040 (2522101.007.000) 07/19 12:49:54 Finished transferring output files
...
005 (2522101.007.000) 07/19 12:49:54 Job terminated.
	(1) Normal termination (return value 0)
		Usr 0 00:21:55, Sys 0 00:00:03  -  Run Remote Usage
		Usr 0 00:00:00, Sys 0 00:00:00  -  Run Local Usage
		Usr 0 00:21:55, Sys 0 00:00:03  -  Total Remote Usage
		Usr 0 00:00:00, Sys 0 00:00:00  -  Total Local Usage
	49026  -  Run Bytes Sent By Job
	55262812  -  Run Bytes Received By Job
	49026  -  Total Bytes Sent By Job
	55262812  -  Total Bytes Received By Job
	Partitionable Resources :     Usage  Request Allocated 
	   Cpus                 :      1.00        3         3 
	   Disk (KB)            : 184154       75000    276375 
	   Memory (MB)          :    298        6000      6000 

	Job terminated of its own accord at 2021-07-19T10:49:54Z.
...
