000 (2521876.018.000) 07/19 08:46:26 Job submitted from host: <188.185.70.244:9618?addrs=188.185.70.244-9618+[2001-1458-d00-7--100-2ee]-9618&alias=bigbird10.cern.ch&noUDP&sock=schedd_2037_ca81>
...
040 (2521876.018.000) 07/19 09:10:01 Started transferring input files
	Transferring to host: <128.142.58.69:9618?addrs=128.142.58.69-9618+[2001-1458-301-16--100-44]-9618&alias=b7s03p0320.cern.ch&noUDP&sock=slot1_7_6682_d2c9_9945>
...
040 (2521876.018.000) 07/19 09:10:02 Finished transferring input files
...
001 (2521876.018.000) 07/19 09:10:02 Job executing on host: <128.142.58.69:9618?addrs=128.142.58.69-9618+[2001-1458-301-16--100-44]-9618&alias=b7s03p0320.cern.ch&noUDP&sock=startd_6226_18bc>
...
006 (2521876.018.000) 07/19 09:10:11 Image size of job updated: 584336
	185  -  MemoryUsage of job (MB)
	188604  -  ResidentSetSize of job (KB)
...
006 (2521876.018.000) 07/19 09:15:12 Image size of job updated: 822320
	299  -  MemoryUsage of job (MB)
	305304  -  ResidentSetSize of job (KB)
...
006 (2521876.018.000) 07/19 09:34:00 Image size of job updated: 822792
	299  -  MemoryUsage of job (MB)
	305304  -  ResidentSetSize of job (KB)
...
040 (2521876.018.000) 07/19 09:34:00 Started transferring output files
...
040 (2521876.018.000) 07/19 09:34:00 Finished transferring output files
...
005 (2521876.018.000) 07/19 09:34:00 Job terminated.
	(1) Normal termination (return value 0)
		Usr 0 00:21:25, Sys 0 00:00:02  -  Run Remote Usage
		Usr 0 00:00:00, Sys 0 00:00:00  -  Run Local Usage
		Usr 0 00:21:25, Sys 0 00:00:02  -  Total Remote Usage
		Usr 0 00:00:00, Sys 0 00:00:00  -  Total Local Usage
	49573  -  Run Bytes Sent By Job
	55262812  -  Run Bytes Received By Job
	49573  -  Total Bytes Sent By Job
	55262812  -  Total Bytes Received By Job
	Partitionable Resources :     Usage  Request Allocated 
	   Cpus                 :      1.00        3         3 
	   Disk (KB)            : 185194       75000   1269719 
	   Memory (MB)          :    299        6000      6000 

	Job terminated of its own accord at 2021-07-19T07:34:00Z.
...
