000 (2556072.019.000) 07/27 10:22:33 Job submitted from host: <188.185.70.244:9618?addrs=188.185.70.244-9618+[2001-1458-d00-7--100-2ee]-9618&alias=bigbird10.cern.ch&noUDP&sock=schedd_2037_ca81>
...
040 (2556072.019.000) 07/27 10:25:30 Started transferring input files
	Transferring to host: <128.142.59.66:9618?addrs=128.142.59.66-9618+[2001-1458-301-21--100-41]-9618&alias=b7s04p7188.cern.ch&noUDP&sock=slot1_13_8409_a6af_15479>
...
040 (2556072.019.000) 07/27 10:25:31 Finished transferring input files
...
001 (2556072.019.000) 07/27 10:25:31 Job executing on host: <128.142.59.66:9618?addrs=128.142.59.66-9618+[2001-1458-301-21--100-41]-9618&alias=b7s04p7188.cern.ch&noUDP&sock=startd_6890_8b9e>
...
006 (2556072.019.000) 07/27 10:25:42 Image size of job updated: 550924
	177  -  MemoryUsage of job (MB)
	180244  -  ResidentSetSize of job (KB)
...
006 (2556072.019.000) 07/27 10:30:43 Image size of job updated: 802008
	278  -  MemoryUsage of job (MB)
	284512  -  ResidentSetSize of job (KB)
...
006 (2556072.019.000) 07/27 10:35:44 Image size of job updated: 802836
	279  -  MemoryUsage of job (MB)
	285492  -  ResidentSetSize of job (KB)
...
040 (2556072.019.000) 07/27 10:36:17 Started transferring output files
...
040 (2556072.019.000) 07/27 10:36:18 Finished transferring output files
...
005 (2556072.019.000) 07/27 10:36:18 Job terminated.
	(1) Normal termination (return value 0)
		Usr 0 00:09:27, Sys 0 00:00:02  -  Run Remote Usage
		Usr 0 00:00:00, Sys 0 00:00:00  -  Run Local Usage
		Usr 0 00:09:27, Sys 0 00:00:02  -  Total Remote Usage
		Usr 0 00:00:00, Sys 0 00:00:00  -  Total Local Usage
	47115  -  Run Bytes Sent By Job
	55262880  -  Run Bytes Received By Job
	47115  -  Total Bytes Sent By Job
	55262880  -  Total Bytes Received By Job
	Partitionable Resources :     Usage  Request Allocated 
	   Cpus                 :      1.00        3         3 
	   Disk (KB)            : 186667       75000   1277111 
	   Memory (MB)          :    279        6000      6000 

	Job terminated of its own accord at 2021-07-27T08:36:16Z.
...
