000 (2521675.218.000) 07/19 04:18:40 Job submitted from host: <188.185.70.244:9618?addrs=188.185.70.244-9618+[2001-1458-d00-7--100-2ee]-9618&alias=bigbird10.cern.ch&noUDP&sock=schedd_2037_ca81>
...
040 (2521675.218.000) 07/19 04:26:54 Started transferring input files
	Transferring to host: <128.142.57.139:9618?addrs=128.142.57.139-9618+[2001-1458-301-7--100-8a]-9618&alias=b7s02p4498.cern.ch&noUDP&sock=slot1_16_6693_92e9_15785>
...
040 (2521675.218.000) 07/19 04:26:55 Finished transferring input files
...
001 (2521675.218.000) 07/19 04:26:55 Job executing on host: <128.142.57.139:9618?addrs=128.142.57.139-9618+[2001-1458-301-7--100-8a]-9618&alias=b7s02p4498.cern.ch&noUDP&sock=startd_6230_d71d>
...
006 (2521675.218.000) 07/19 04:27:04 Image size of job updated: 626816
	201  -  MemoryUsage of job (MB)
	205292  -  ResidentSetSize of job (KB)
...
006 (2521675.218.000) 07/19 04:27:34 Image size of job updated: 792720
	201  -  MemoryUsage of job (MB)
	205292  -  ResidentSetSize of job (KB)
...
040 (2521675.218.000) 07/19 04:27:34 Started transferring output files
...
040 (2521675.218.000) 07/19 04:27:34 Finished transferring output files
...
005 (2521675.218.000) 07/19 04:27:34 Job terminated.
	(1) Normal termination (return value 0)
		Usr 0 00:00:36, Sys 0 00:00:01  -  Run Remote Usage
		Usr 0 00:00:00, Sys 0 00:00:00  -  Run Local Usage
		Usr 0 00:00:36, Sys 0 00:00:01  -  Total Remote Usage
		Usr 0 00:00:00, Sys 0 00:00:00  -  Total Local Usage
	49126  -  Run Bytes Sent By Job
	55262812  -  Run Bytes Received By Job
	49126  -  Total Bytes Sent By Job
	55262812  -  Total Bytes Received By Job
	Partitionable Resources :    Usage  Request Allocated 
	   Cpus                 :                 3         3 
	   Disk (KB)            :   183539    75000   1339714 
	   Memory (MB)          :      201     6000      6000 

	Job terminated of its own accord at 2021-07-19T02:27:34Z.
...
