000 (2556078.013.000) 07/27 10:51:07 Job submitted from host: <188.185.70.244:9618?addrs=188.185.70.244-9618+[2001-1458-d00-7--100-2ee]-9618&alias=bigbird10.cern.ch&noUDP&sock=schedd_2037_ca81>
...
040 (2556078.013.000) 07/27 11:17:19 Started transferring input files
	Transferring to host: <128.142.81.248:9618?addrs=128.142.81.248-9618+[2001-1458-301-f5--100-478]-9618&alias=b7s13n8658.cern.ch&noUDP&sock=slot1_11_16261_186e_126767>
...
040 (2556078.013.000) 07/27 11:17:20 Finished transferring input files
...
001 (2556078.013.000) 07/27 11:17:20 Job executing on host: <128.142.81.248:9618?addrs=128.142.81.248-9618+[2001-1458-301-f5--100-478]-9618&alias=b7s13n8658.cern.ch&noUDP&sock=startd_16615_1624>
...
006 (2556078.013.000) 07/27 11:17:28 Image size of job updated: 115936
	72  -  MemoryUsage of job (MB)
	73144  -  ResidentSetSize of job (KB)
...
006 (2556078.013.000) 07/27 11:22:28 Image size of job updated: 792612
	273  -  MemoryUsage of job (MB)
	278688  -  ResidentSetSize of job (KB)
...
006 (2556078.013.000) 07/27 11:27:29 Image size of job updated: 793436
	274  -  MemoryUsage of job (MB)
	279660  -  ResidentSetSize of job (KB)
...
040 (2556078.013.000) 07/27 11:31:58 Started transferring output files
...
040 (2556078.013.000) 07/27 11:31:59 Finished transferring output files
...
005 (2556078.013.000) 07/27 11:31:59 Job terminated.
	(1) Normal termination (return value 0)
		Usr 0 00:14:19, Sys 0 00:00:03  -  Run Remote Usage
		Usr 0 00:00:00, Sys 0 00:00:00  -  Run Local Usage
		Usr 0 00:14:19, Sys 0 00:00:03  -  Total Remote Usage
		Usr 0 00:00:00, Sys 0 00:00:00  -  Total Local Usage
	47866  -  Run Bytes Sent By Job
	55262880  -  Run Bytes Received By Job
	47866  -  Total Bytes Sent By Job
	55262880  -  Total Bytes Received By Job
	Partitionable Resources :     Usage  Request Allocated 
	   Cpus                 :      1.00        3         3 
	   Disk (KB)            : 183635       75000    278843 
	   Memory (MB)          :    274        6000      6000 

	Job terminated of its own accord at 2021-07-27T09:31:58Z.
...
