000 (2534572.154.000) 07/21 23:44:26 Job submitted from host: <188.185.70.244:9618?addrs=188.185.70.244-9618+[2001-1458-d00-7--100-2ee]-9618&alias=bigbird10.cern.ch&noUDP&sock=schedd_2037_ca81>
...
040 (2534572.154.000) 07/21 23:50:43 Started transferring input files
	Transferring to host: <128.142.57.132:9618?addrs=128.142.57.132-9618+[2001-1458-301-7--100-83]-9618&alias=b7s02p6113.cern.ch&noUDP&sock=slot1_4_6618_bac6_18910>
...
040 (2534572.154.000) 07/21 23:50:44 Finished transferring input files
...
001 (2534572.154.000) 07/21 23:50:44 Job executing on host: <128.142.57.132:9618?addrs=128.142.57.132-9618+[2001-1458-301-7--100-83]-9618&alias=b7s02p6113.cern.ch&noUDP&sock=startd_6152_56b9>
...
006 (2534572.154.000) 07/21 23:50:52 Image size of job updated: 584024
	190  -  MemoryUsage of job (MB)
	193900  -  ResidentSetSize of job (KB)
...
006 (2534572.154.000) 07/21 23:55:52 Image size of job updated: 626832
	201  -  MemoryUsage of job (MB)
	205312  -  ResidentSetSize of job (KB)
...
006 (2534572.154.000) 07/22 00:35:58 Image size of job updated: 827556
	303  -  MemoryUsage of job (MB)
	310132  -  ResidentSetSize of job (KB)
...
006 (2534572.154.000) 07/22 00:45:59 Image size of job updated: 827992
	304  -  MemoryUsage of job (MB)
	310708  -  ResidentSetSize of job (KB)
...
040 (2534572.154.000) 07/22 00:52:08 Started transferring output files
...
040 (2534572.154.000) 07/22 00:52:08 Finished transferring output files
...
005 (2534572.154.000) 07/22 00:52:09 Job terminated.
	(1) Normal termination (return value 0)
		Usr 0 00:17:04, Sys 0 00:00:02  -  Run Remote Usage
		Usr 0 00:00:00, Sys 0 00:00:00  -  Run Local Usage
		Usr 0 00:17:04, Sys 0 00:00:02  -  Total Remote Usage
		Usr 0 00:00:00, Sys 0 00:00:00  -  Total Local Usage
	45001  -  Run Bytes Sent By Job
	55262812  -  Run Bytes Received By Job
	45001  -  Total Bytes Sent By Job
	55262812  -  Total Bytes Received By Job
	Partitionable Resources :     Usage  Request Allocated 
	   Cpus                 :      1.00        3         3 
	   Disk (KB)            : 186169       75000   1238268 
	   Memory (MB)          :    304        6000      6000 

	Job terminated of its own accord at 2021-07-21T22:52:08Z.
...
