000 (2524617.141.000) 07/20 01:52:27 Job submitted from host: <188.185.70.244:9618?addrs=188.185.70.244-9618+[2001-1458-d00-7--100-2ee]-9618&alias=bigbird10.cern.ch&noUDP&sock=schedd_2037_ca81>
...
040 (2524617.141.000) 07/20 02:00:59 Started transferring input files
	Transferring to host: <128.142.78.232:9618?addrs=128.142.78.232-9618+[2001-1458-301-f4--100-5f]-9618&alias=b7s12n7764.cern.ch&noUDP&sock=slot1_5_2572_f4e2_3348>
...
040 (2524617.141.000) 07/20 02:01:00 Finished transferring input files
...
001 (2524617.141.000) 07/20 02:01:01 Job executing on host: <128.142.78.232:9618?addrs=128.142.78.232-9618+[2001-1458-301-f4--100-5f]-9618&alias=b7s12n7764.cern.ch&noUDP&sock=startd_2390_eb70>
...
006 (2524617.141.000) 07/20 02:01:09 Image size of job updated: 288720
	11  -  MemoryUsage of job (MB)
	10344  -  ResidentSetSize of job (KB)
...
006 (2524617.141.000) 07/20 02:06:09 Image size of job updated: 631960
	205  -  MemoryUsage of job (MB)
	209668  -  ResidentSetSize of job (KB)
...
006 (2524617.141.000) 07/20 02:16:10 Image size of job updated: 809548
	289  -  MemoryUsage of job (MB)
	295708  -  ResidentSetSize of job (KB)
...
006 (2524617.141.000) 07/20 02:46:13 Image size of job updated: 809996
	290  -  MemoryUsage of job (MB)
	296296  -  ResidentSetSize of job (KB)
...
040 (2524617.141.000) 07/20 02:48:31 Started transferring output files
...
040 (2524617.141.000) 07/20 02:48:31 Finished transferring output files
...
005 (2524617.141.000) 07/20 02:48:31 Job terminated.
	(1) Normal termination (return value 0)
		Usr 0 00:35:21, Sys 0 00:00:03  -  Run Remote Usage
		Usr 0 00:00:00, Sys 0 00:00:00  -  Run Local Usage
		Usr 0 00:35:21, Sys 0 00:00:03  -  Total Remote Usage
		Usr 0 00:00:00, Sys 0 00:00:00  -  Total Local Usage
	53034  -  Run Bytes Sent By Job
	55262812  -  Run Bytes Received By Job
	53034  -  Total Bytes Sent By Job
	55262812  -  Total Bytes Received By Job
	Partitionable Resources :     Usage  Request Allocated 
	   Cpus                 :      1.00        3         3 
	   Disk (KB)            : 182693       75000    274049 
	   Memory (MB)          :    290        6000      6000 

	Job terminated of its own accord at 2021-07-20T00:48:31Z.
...
