000 (2556082.024.000) 07/27 11:07:46 Job submitted from host: <188.185.70.244:9618?addrs=188.185.70.244-9618+[2001-1458-d00-7--100-2ee]-9618&alias=bigbird10.cern.ch&noUDP&sock=schedd_2037_ca81>
...
040 (2556082.024.000) 07/27 11:38:36 Started transferring input files
	Transferring to host: <128.142.59.89:9618?addrs=128.142.59.89-9618+[2001-1458-301-21--100-58]-9618&alias=b7s04p3584.cern.ch&noUDP&sock=slot1_20_7081_f479_18149>
...
040 (2556082.024.000) 07/27 11:38:37 Finished transferring input files
...
001 (2556082.024.000) 07/27 11:38:37 Job executing on host: <128.142.59.89:9618?addrs=128.142.59.89-9618+[2001-1458-301-21--100-58]-9618&alias=b7s04p3584.cern.ch&noUDP&sock=startd_6627_2636>
...
006 (2556082.024.000) 07/27 11:38:46 Image size of job updated: 244820
	166  -  MemoryUsage of job (MB)
	169964  -  ResidentSetSize of job (KB)
...
006 (2556082.024.000) 07/27 11:43:47 Image size of job updated: 627372
	202  -  MemoryUsage of job (MB)
	205872  -  ResidentSetSize of job (KB)
...
006 (2556082.024.000) 07/27 11:48:48 Image size of job updated: 790312
	267  -  MemoryUsage of job (MB)
	272872  -  ResidentSetSize of job (KB)
...
006 (2556082.024.000) 07/27 11:53:48 Image size of job updated: 792748
	269  -  MemoryUsage of job (MB)
	275392  -  ResidentSetSize of job (KB)
...
040 (2556082.024.000) 07/27 11:54:51 Started transferring output files
...
040 (2556082.024.000) 07/27 11:54:51 Finished transferring output files
...
005 (2556082.024.000) 07/27 11:54:51 Job terminated.
	(1) Normal termination (return value 0)
		Usr 0 00:07:14, Sys 0 00:00:02  -  Run Remote Usage
		Usr 0 00:00:00, Sys 0 00:00:00  -  Run Local Usage
		Usr 0 00:07:14, Sys 0 00:00:02  -  Total Remote Usage
		Usr 0 00:00:00, Sys 0 00:00:00  -  Total Local Usage
	41363  -  Run Bytes Sent By Job
	55262880  -  Run Bytes Received By Job
	41363  -  Total Bytes Sent By Job
	55262880  -  Total Bytes Received By Job
	Partitionable Resources :     Usage  Request Allocated 
	   Cpus                 :      0.01        3         3 
	   Disk (KB)            : 180914       75000   1280376 
	   Memory (MB)          :    269        6000      6000 

	Job terminated of its own accord at 2021-07-27T09:54:51Z.
...
