000 (2526743.202.000) 07/20 13:19:14 Job submitted from host: <188.185.70.244:9618?addrs=188.185.70.244-9618+[2001-1458-d00-7--100-2ee]-9618&alias=bigbird10.cern.ch&noUDP&sock=schedd_2037_ca81>
...
040 (2526743.202.000) 07/20 13:33:15 Started transferring input files
	Transferring to host: <128.142.56.125:9618?addrs=128.142.56.125-9618+[2001-1458-301-6--100-7c]-9618&alias=b7s01p8598.cern.ch&noUDP&sock=slot1_52_53376_f874_14227>
...
040 (2526743.202.000) 07/20 13:33:16 Finished transferring input files
...
001 (2526743.202.000) 07/20 13:33:16 Job executing on host: <128.142.56.125:9618?addrs=128.142.56.125-9618+[2001-1458-301-6--100-7c]-9618&alias=b7s01p8598.cern.ch&noUDP&sock=startd_53332_e4fe>
...
006 (2526743.202.000) 07/20 13:33:25 Image size of job updated: 439860
	185  -  MemoryUsage of job (MB)
	189236  -  ResidentSetSize of job (KB)
...
006 (2526743.202.000) 07/20 13:38:26 Image size of job updated: 809224
	290  -  MemoryUsage of job (MB)
	295960  -  ResidentSetSize of job (KB)
...
006 (2526743.202.000) 07/20 13:48:26 Image size of job updated: 809224
	290  -  MemoryUsage of job (MB)
	296484  -  ResidentSetSize of job (KB)
...
006 (2526743.202.000) 07/20 13:51:04 Image size of job updated: 809708
	290  -  MemoryUsage of job (MB)
	296484  -  ResidentSetSize of job (KB)
...
040 (2526743.202.000) 07/20 13:51:04 Started transferring output files
...
040 (2526743.202.000) 07/20 13:51:04 Finished transferring output files
...
005 (2526743.202.000) 07/20 13:51:04 Job terminated.
	(1) Normal termination (return value 0)
		Usr 0 00:17:21, Sys 0 00:00:02  -  Run Remote Usage
		Usr 0 00:00:00, Sys 0 00:00:00  -  Run Local Usage
		Usr 0 00:17:21, Sys 0 00:00:02  -  Total Remote Usage
		Usr 0 00:00:00, Sys 0 00:00:00  -  Total Local Usage
	53391  -  Run Bytes Sent By Job
	55262812  -  Run Bytes Received By Job
	53391  -  Total Bytes Sent By Job
	55262812  -  Total Bytes Received By Job
	Partitionable Resources :     Usage  Request Allocated 
	   Cpus                 :      1.00        3         3 
	   Disk (KB)            : 182645       75000   1278781 
	   Memory (MB)          :    290        6000      6000 

	Job terminated of its own accord at 2021-07-20T11:51:04Z.
...
