000 (2521675.166.000) 07/19 04:18:40 Job submitted from host: <188.185.70.244:9618?addrs=188.185.70.244-9618+[2001-1458-d00-7--100-2ee]-9618&alias=bigbird10.cern.ch&noUDP&sock=schedd_2037_ca81>
...
040 (2521675.166.000) 07/19 04:25:38 Started transferring input files
	Transferring to host: <128.142.58.85:9618?addrs=128.142.58.85-9618+[2001-1458-301-16--100-54]-9618&alias=b7s03p6399.cern.ch&noUDP&sock=slot1_17_3265_3cde_11433>
...
040 (2521675.166.000) 07/19 04:25:39 Finished transferring input files
...
001 (2521675.166.000) 07/19 04:25:39 Job executing on host: <128.142.58.85:9618?addrs=128.142.58.85-9618+[2001-1458-301-16--100-54]-9618&alias=b7s03p6399.cern.ch&noUDP&sock=startd_2794_07b3>
...
006 (2521675.166.000) 07/19 04:25:48 Image size of job updated: 1067552
	191  -  MemoryUsage of job (MB)
	194780  -  ResidentSetSize of job (KB)
...
040 (2521675.166.000) 07/19 04:29:24 Started transferring output files
...
040 (2521675.166.000) 07/19 04:29:24 Finished transferring output files
...
005 (2521675.166.000) 07/19 04:29:24 Job terminated.
	(1) Normal termination (return value 0)
		Usr 0 00:00:41, Sys 0 00:00:01  -  Run Remote Usage
		Usr 0 00:00:00, Sys 0 00:00:00  -  Run Local Usage
		Usr 0 00:00:41, Sys 0 00:00:01  -  Total Remote Usage
		Usr 0 00:00:00, Sys 0 00:00:00  -  Total Local Usage
	52272  -  Run Bytes Sent By Job
	55262812  -  Run Bytes Received By Job
	52272  -  Total Bytes Sent By Job
	55262812  -  Total Bytes Received By Job
	Partitionable Resources :    Usage  Request Allocated 
	   Cpus                 :                 3         3 
	   Disk (KB)            :   182224    75000   1366254 
	   Memory (MB)          :      191     6000      6000 

	Job terminated of its own accord at 2021-07-19T02:29:24Z.
...
