000 (2536881.216.000) 07/22 03:18:13 Job submitted from host: <188.185.70.244:9618?addrs=188.185.70.244-9618+[2001-1458-d00-7--100-2ee]-9618&alias=bigbird10.cern.ch&noUDP&sock=schedd_2037_ca81>
...
040 (2536881.216.000) 07/22 04:06:36 Started transferring input files
	Transferring to host: <128.142.56.55:9618?addrs=128.142.56.55-9618+[2001-1458-301-6--100-36]-9618&alias=b7s01p1201.cern.ch&noUDP&sock=slot1_3_56275_9409_19381>
...
040 (2536881.216.000) 07/22 04:06:37 Finished transferring input files
...
001 (2536881.216.000) 07/22 04:06:37 Job executing on host: <128.142.56.55:9618?addrs=128.142.56.55-9618+[2001-1458-301-6--100-36]-9618&alias=b7s01p1201.cern.ch&noUDP&sock=startd_53180_a299>
...
006 (2536881.216.000) 07/22 04:06:45 Image size of job updated: 281200
	202  -  MemoryUsage of job (MB)
	205856  -  ResidentSetSize of job (KB)
...
006 (2536881.216.000) 07/22 04:11:45 Image size of job updated: 796436
	273  -  MemoryUsage of job (MB)
	279008  -  ResidentSetSize of job (KB)
...
006 (2536881.216.000) 07/22 04:16:47 Image size of job updated: 796896
	274  -  MemoryUsage of job (MB)
	279596  -  ResidentSetSize of job (KB)
...
040 (2536881.216.000) 07/22 04:18:01 Started transferring output files
...
040 (2536881.216.000) 07/22 04:18:01 Finished transferring output files
...
005 (2536881.216.000) 07/22 04:18:01 Job terminated.
	(1) Normal termination (return value 0)
		Usr 0 00:11:18, Sys 0 00:00:02  -  Run Remote Usage
		Usr 0 00:00:00, Sys 0 00:00:00  -  Run Local Usage
		Usr 0 00:11:18, Sys 0 00:00:02  -  Total Remote Usage
		Usr 0 00:00:00, Sys 0 00:00:00  -  Total Local Usage
	45269  -  Run Bytes Sent By Job
	55262812  -  Run Bytes Received By Job
	45269  -  Total Bytes Sent By Job
	55262812  -  Total Bytes Received By Job
	Partitionable Resources :    Usage  Request Allocated 
	   Cpus                 :                 3         3 
	   Disk (KB)            :   180495    75000   1200158 
	   Memory (MB)          :      274     6000      6000 

	Job terminated of its own accord at 2021-07-22T02:18:00Z.
...
