000 (2522101.069.000) 07/19 11:55:34 Job submitted from host: <188.185.70.244:9618?addrs=188.185.70.244-9618+[2001-1458-d00-7--100-2ee]-9618&alias=bigbird10.cern.ch&noUDP&sock=schedd_2037_ca81>
...
040 (2522101.069.000) 07/19 12:46:31 Started transferring input files
	Transferring to host: <128.142.84.216:9618?addrs=128.142.84.216-9618+[2001-1458-301-f6--100-2ee]-9618&alias=b7s14n8419.cern.ch&noUDP&sock=slot1_5_19193_f466_119644>
...
040 (2522101.069.000) 07/19 12:46:31 Finished transferring input files
...
001 (2522101.069.000) 07/19 12:46:31 Job executing on host: <128.142.84.216:9618?addrs=128.142.84.216-9618+[2001-1458-301-f6--100-2ee]-9618&alias=b7s14n8419.cern.ch&noUDP&sock=startd_16411_28d2>
...
006 (2522101.069.000) 07/19 12:46:40 Image size of job updated: 1067532
	27  -  MemoryUsage of job (MB)
	27500  -  ResidentSetSize of job (KB)
...
006 (2522101.069.000) 07/19 12:51:41 Image size of job updated: 1067532
	205  -  MemoryUsage of job (MB)
	209692  -  ResidentSetSize of job (KB)
...
006 (2522101.069.000) 07/19 13:11:43 Image size of job updated: 1067532
	297  -  MemoryUsage of job (MB)
	303228  -  ResidentSetSize of job (KB)
...
006 (2522101.069.000) 07/19 13:31:45 Image size of job updated: 1067532
	297  -  MemoryUsage of job (MB)
	303892  -  ResidentSetSize of job (KB)
...
040 (2522101.069.000) 07/19 13:41:01 Started transferring output files
...
040 (2522101.069.000) 07/19 13:41:01 Finished transferring output files
...
005 (2522101.069.000) 07/19 13:41:01 Job terminated.
	(1) Normal termination (return value 0)
		Usr 0 00:30:35, Sys 0 00:00:03  -  Run Remote Usage
		Usr 0 00:00:00, Sys 0 00:00:00  -  Run Local Usage
		Usr 0 00:30:35, Sys 0 00:00:03  -  Total Remote Usage
		Usr 0 00:00:00, Sys 0 00:00:00  -  Total Local Usage
	49966  -  Run Bytes Sent By Job
	55262812  -  Run Bytes Received By Job
	49966  -  Total Bytes Sent By Job
	55262812  -  Total Bytes Received By Job
	Partitionable Resources :     Usage  Request Allocated 
	   Cpus                 :      0.99        3         3 
	   Disk (KB)            : 184120       75000    273445 
	   Memory (MB)          :    297        6000      6000 

	Job terminated of its own accord at 2021-07-19T11:41:01Z.
...
