000 (2524871.029.000) 07/20 04:35:08 Job submitted from host: <188.185.70.244:9618?addrs=188.185.70.244-9618+[2001-1458-d00-7--100-2ee]-9618&alias=bigbird10.cern.ch&noUDP&sock=schedd_2037_ca81>
...
040 (2524871.029.000) 07/20 05:00:59 Started transferring input files
	Transferring to host: <128.142.58.34:9618?addrs=128.142.58.34-9618+[2001-1458-301-16--100-21]-9618&alias=b7s03p5798.cern.ch&noUDP&sock=slot1_7_6692_de89_13524>
...
040 (2524871.029.000) 07/20 05:01:00 Finished transferring input files
...
001 (2524871.029.000) 07/20 05:01:00 Job executing on host: <128.142.58.34:9618?addrs=128.142.58.34-9618+[2001-1458-301-16--100-21]-9618&alias=b7s03p5798.cern.ch&noUDP&sock=startd_6227_c854>
...
006 (2524871.029.000) 07/20 05:01:09 Image size of job updated: 380516
	128  -  MemoryUsage of job (MB)
	130564  -  ResidentSetSize of job (KB)
...
006 (2524871.029.000) 07/20 05:06:10 Image size of job updated: 813096
	289  -  MemoryUsage of job (MB)
	295848  -  ResidentSetSize of job (KB)
...
006 (2524871.029.000) 07/20 05:11:10 Image size of job updated: 813716
	290  -  MemoryUsage of job (MB)
	296412  -  ResidentSetSize of job (KB)
...
006 (2524871.029.000) 07/20 05:13:30 Image size of job updated: 813980
	290  -  MemoryUsage of job (MB)
	296412  -  ResidentSetSize of job (KB)
...
040 (2524871.029.000) 07/20 05:13:30 Started transferring output files
...
040 (2524871.029.000) 07/20 05:13:30 Finished transferring output files
...
005 (2524871.029.000) 07/20 05:13:30 Job terminated.
	(1) Normal termination (return value 0)
		Usr 0 00:11:54, Sys 0 00:00:02  -  Run Remote Usage
		Usr 0 00:00:00, Sys 0 00:00:00  -  Run Local Usage
		Usr 0 00:11:54, Sys 0 00:00:02  -  Total Remote Usage
		Usr 0 00:00:00, Sys 0 00:00:00  -  Total Local Usage
	53571  -  Run Bytes Sent By Job
	55262812  -  Run Bytes Received By Job
	53571  -  Total Bytes Sent By Job
	55262812  -  Total Bytes Received By Job
	Partitionable Resources :     Usage  Request Allocated 
	   Cpus                 :      1.00        3         3 
	   Disk (KB)            : 183479       75000   1324002 
	   Memory (MB)          :    290        6000      6000 

	Job terminated of its own accord at 2021-07-20T03:13:30Z.
...
