000 (2557146.025.000) 07/28 14:20:13 Job submitted from host: <188.185.70.244:9618?addrs=188.185.70.244-9618+[2001-1458-d00-7--100-2ee]-9618&alias=bigbird10.cern.ch&noUDP&sock=schedd_2037_ca81>
...
040 (2557146.025.000) 07/28 16:15:31 Started transferring input files
	Transferring to host: <128.142.76.184:9618?addrs=128.142.76.184-9618+[2001-1458-301-f4--100-486]-9618&alias=b7s12n8255.cern.ch&noUDP&sock=slot1_1_5610_809d_68986>
...
040 (2557146.025.000) 07/28 16:15:32 Finished transferring input files
...
001 (2557146.025.000) 07/28 16:15:32 Job executing on host: <128.142.76.184:9618?addrs=128.142.76.184-9618+[2001-1458-301-f4--100-486]-9618&alias=b7s12n8255.cern.ch&noUDP&sock=startd_4509_609f>
...
006 (2557146.025.000) 07/28 16:15:41 Image size of job updated: 20708
	10  -  MemoryUsage of job (MB)
	9832  -  ResidentSetSize of job (KB)
...
006 (2557146.025.000) 07/28 16:20:42 Image size of job updated: 795400
	272  -  MemoryUsage of job (MB)
	278516  -  ResidentSetSize of job (KB)
...
006 (2557146.025.000) 07/28 16:28:34 Image size of job updated: 797292
	272  -  MemoryUsage of job (MB)
	278516  -  ResidentSetSize of job (KB)
...
040 (2557146.025.000) 07/28 16:28:34 Started transferring output files
...
040 (2557146.025.000) 07/28 16:28:34 Finished transferring output files
...
005 (2557146.025.000) 07/28 16:28:35 Job terminated.
	(1) Normal termination (return value 0)
		Usr 0 00:12:26, Sys 0 00:00:03  -  Run Remote Usage
		Usr 0 00:00:00, Sys 0 00:00:00  -  Run Local Usage
		Usr 0 00:12:26, Sys 0 00:00:03  -  Total Remote Usage
		Usr 0 00:00:00, Sys 0 00:00:00  -  Total Local Usage
	44290  -  Run Bytes Sent By Job
	55262880  -  Run Bytes Received By Job
	44290  -  Total Bytes Sent By Job
	55262880  -  Total Bytes Received By Job
	Partitionable Resources :     Usage  Request Allocated 
	   Cpus                 :      1.00        4         4 
	   Disk (KB)            : 183543       75000    278977 
	   Memory (MB)          :    272        8000      8000 

	Job terminated of its own accord at 2021-07-28T14:28:34Z.
...
