000 (2556080.026.000) 07/27 11:07:01 Job submitted from host: <188.185.70.244:9618?addrs=188.185.70.244-9618+[2001-1458-d00-7--100-2ee]-9618&alias=bigbird10.cern.ch&noUDP&sock=schedd_2037_ca81>
...
040 (2556080.026.000) 07/27 11:36:44 Started transferring input files
	Transferring to host: <128.142.59.21:9618?addrs=128.142.59.21-9618+[2001-1458-301-21--100-14]-9618&alias=b7s04p1314.cern.ch&noUDP&sock=slot1_20_6871_fdb0_18358>
...
040 (2556080.026.000) 07/27 11:36:45 Finished transferring input files
...
001 (2556080.026.000) 07/27 11:36:45 Job executing on host: <128.142.59.21:9618?addrs=128.142.59.21-9618+[2001-1458-301-21--100-14]-9618&alias=b7s04p1314.cern.ch&noUDP&sock=startd_6414_0c8a>
...
006 (2556080.026.000) 07/27 11:36:53 Image size of job updated: 288712
	123  -  MemoryUsage of job (MB)
	125768  -  ResidentSetSize of job (KB)
...
006 (2556080.026.000) 07/27 11:41:53 Image size of job updated: 627372
	201  -  MemoryUsage of job (MB)
	205780  -  ResidentSetSize of job (KB)
...
006 (2556080.026.000) 07/27 11:46:54 Image size of job updated: 627372
	201  -  MemoryUsage of job (MB)
	205784  -  ResidentSetSize of job (KB)
...
006 (2556080.026.000) 07/27 11:51:54 Image size of job updated: 803516
	280  -  MemoryUsage of job (MB)
	285864  -  ResidentSetSize of job (KB)
...
006 (2556080.026.000) 07/27 11:59:51 Image size of job updated: 804760
	280  -  MemoryUsage of job (MB)
	285864  -  ResidentSetSize of job (KB)
...
040 (2556080.026.000) 07/27 11:59:51 Started transferring output files
...
040 (2556080.026.000) 07/27 11:59:51 Finished transferring output files
...
005 (2556080.026.000) 07/27 11:59:51 Job terminated.
	(1) Normal termination (return value 0)
		Usr 0 00:13:06, Sys 0 00:00:02  -  Run Remote Usage
		Usr 0 00:00:00, Sys 0 00:00:00  -  Run Local Usage
		Usr 0 00:13:06, Sys 0 00:00:02  -  Total Remote Usage
		Usr 0 00:00:00, Sys 0 00:00:00  -  Total Local Usage
	44962  -  Run Bytes Sent By Job
	55262880  -  Run Bytes Received By Job
	44962  -  Total Bytes Sent By Job
	55262880  -  Total Bytes Received By Job
	Partitionable Resources :     Usage  Request Allocated 
	   Cpus                 :      1.00        3         3 
	   Disk (KB)            : 185994       75000   1298959 
	   Memory (MB)          :    280        6000      6000 

	Job terminated of its own accord at 2021-07-27T09:59:51Z.
...
