000 (2524871.004.000) 07/20 04:35:08 Job submitted from host: <188.185.70.244:9618?addrs=188.185.70.244-9618+[2001-1458-d00-7--100-2ee]-9618&alias=bigbird10.cern.ch&noUDP&sock=schedd_2037_ca81>
...
040 (2524871.004.000) 07/20 04:48:25 Started transferring input files
	Transferring to host: <128.142.76.200:9618?addrs=128.142.76.200-9618+[2001-1458-301-f4--100-6a2]-9618&alias=b7s12n8965.cern.ch&noUDP&sock=slot1_10_6175_9894_72637>
...
040 (2524871.004.000) 07/20 04:48:26 Finished transferring input files
...
001 (2524871.004.000) 07/20 04:48:26 Job executing on host: <128.142.76.200:9618?addrs=128.142.76.200-9618+[2001-1458-301-f4--100-6a2]-9618&alias=b7s12n8965.cern.ch&noUDP&sock=startd_4994_0c0e>
...
006 (2524871.004.000) 07/20 04:48:35 Image size of job updated: 104616
	64  -  MemoryUsage of job (MB)
	65228  -  ResidentSetSize of job (KB)
...
006 (2524871.004.000) 07/20 04:53:36 Image size of job updated: 807064
	287  -  MemoryUsage of job (MB)
	293240  -  ResidentSetSize of job (KB)
...
006 (2524871.004.000) 07/20 05:03:36 Image size of job updated: 807648
	288  -  MemoryUsage of job (MB)
	293920  -  ResidentSetSize of job (KB)
...
040 (2524871.004.000) 07/20 05:04:59 Started transferring output files
...
040 (2524871.004.000) 07/20 05:05:09 Finished transferring output files
...
005 (2524871.004.000) 07/20 05:05:09 Job terminated.
	(1) Normal termination (return value 0)
		Usr 0 00:14:31, Sys 0 00:00:02  -  Run Remote Usage
		Usr 0 00:00:00, Sys 0 00:00:00  -  Run Local Usage
		Usr 0 00:14:31, Sys 0 00:00:02  -  Total Remote Usage
		Usr 0 00:00:00, Sys 0 00:00:00  -  Total Local Usage
	52615  -  Run Bytes Sent By Job
	55262812  -  Run Bytes Received By Job
	52615  -  Total Bytes Sent By Job
	55262812  -  Total Bytes Received By Job
	Partitionable Resources :     Usage  Request Allocated 
	   Cpus                 :      1.00        3         3 
	   Disk (KB)            : 182251       75000    282085 
	   Memory (MB)          :    288        6000      6000 

	Job terminated of its own accord at 2021-07-20T03:04:59Z.
...
