000 (2521675.001.000) 07/19 04:18:38 Job submitted from host: <188.185.70.244:9618?addrs=188.185.70.244-9618+[2001-1458-d00-7--100-2ee]-9618&alias=bigbird10.cern.ch&noUDP&sock=schedd_2037_ca81>
...
040 (2521675.001.000) 07/19 04:24:04 Started transferring input files
	Transferring to host: <188.184.186.66:9618?addrs=188.184.186.66-9618+[2001-1458-301-f8--100-38]-9618&alias=b7g28n0585.cern.ch&noUDP&sock=slot1_2_3177_3bda_64807>
...
040 (2521675.001.000) 07/19 04:24:05 Finished transferring input files
...
001 (2521675.001.000) 07/19 04:24:05 Job executing on host: <188.184.186.66:9618?addrs=188.184.186.66-9618+[2001-1458-301-f8--100-38]-9618&alias=b7g28n0585.cern.ch&noUDP&sock=startd_2793_581b>
...
006 (2521675.001.000) 07/19 04:24:13 Image size of job updated: 12552
	4  -  MemoryUsage of job (MB)
	3684  -  ResidentSetSize of job (KB)
...
006 (2521675.001.000) 07/19 04:29:13 Image size of job updated: 632508
	206  -  MemoryUsage of job (MB)
	210208  -  ResidentSetSize of job (KB)
...
006 (2521675.001.000) 07/19 04:34:14 Image size of job updated: 632508
	206  -  MemoryUsage of job (MB)
	210212  -  ResidentSetSize of job (KB)
...
006 (2521675.001.000) 07/19 04:34:37 Image size of job updated: 766560
	206  -  MemoryUsage of job (MB)
	210212  -  ResidentSetSize of job (KB)
...
040 (2521675.001.000) 07/19 04:34:37 Started transferring output files
...
040 (2521675.001.000) 07/19 04:34:38 Finished transferring output files
...
005 (2521675.001.000) 07/19 04:34:38 Job terminated.
	(1) Normal termination (return value 0)
		Usr 0 00:01:19, Sys 0 00:00:03  -  Run Remote Usage
		Usr 0 00:00:00, Sys 0 00:00:00  -  Run Local Usage
		Usr 0 00:01:19, Sys 0 00:00:03  -  Total Remote Usage
		Usr 0 00:00:00, Sys 0 00:00:00  -  Total Local Usage
	53212  -  Run Bytes Sent By Job
	55262812  -  Run Bytes Received By Job
	53212  -  Total Bytes Sent By Job
	55262812  -  Total Bytes Received By Job
	Partitionable Resources :     Usage  Request Allocated 
	   Cpus                 :      0.01        3         3 
	   Disk (KB)            : 182229       75000    155446 
	   Memory (MB)          :    206        6000      6000 

	Job terminated of its own accord at 2021-07-19T02:34:37Z.
...
