000 (2534572.048.000) 07/21 23:44:26 Job submitted from host: <188.185.70.244:9618?addrs=188.185.70.244-9618+[2001-1458-d00-7--100-2ee]-9618&alias=bigbird10.cern.ch&noUDP&sock=schedd_2037_ca81>
...
040 (2534572.048.000) 07/21 23:49:44 Started transferring input files
	Transferring to host: <128.142.58.33:9618?addrs=128.142.58.33-9618+[2001-1458-301-16--100-20]-9618&alias=b7s03p0641.cern.ch&noUDP&sock=slot1_4_4167_c743_15789>
...
040 (2534572.048.000) 07/21 23:49:45 Finished transferring input files
...
001 (2534572.048.000) 07/21 23:49:45 Job executing on host: <128.142.58.33:9618?addrs=128.142.58.33-9618+[2001-1458-301-16--100-20]-9618&alias=b7s03p0641.cern.ch&noUDP&sock=startd_3712_b3a4>
...
006 (2534572.048.000) 07/21 23:49:54 Image size of job updated: 603196
	191  -  MemoryUsage of job (MB)
	195480  -  ResidentSetSize of job (KB)
...
006 (2534572.048.000) 07/21 23:54:55 Image size of job updated: 630920
	205  -  MemoryUsage of job (MB)
	209108  -  ResidentSetSize of job (KB)
...
006 (2534572.048.000) 07/22 01:20:06 Image size of job updated: 910712
	384  -  MemoryUsage of job (MB)
	393212  -  ResidentSetSize of job (KB)
...
040 (2534572.048.000) 07/22 01:40:36 Started transferring output files
...
040 (2534572.048.000) 07/22 01:40:36 Finished transferring output files
...
005 (2534572.048.000) 07/22 01:40:37 Job terminated.
	(1) Normal termination (return value 0)
		Usr 0 00:26:22, Sys 0 00:00:05  -  Run Remote Usage
		Usr 0 00:00:00, Sys 0 00:00:00  -  Run Local Usage
		Usr 0 00:26:22, Sys 0 00:00:05  -  Total Remote Usage
		Usr 0 00:00:00, Sys 0 00:00:00  -  Total Local Usage
	45109  -  Run Bytes Sent By Job
	55262812  -  Run Bytes Received By Job
	45109  -  Total Bytes Sent By Job
	55262812  -  Total Bytes Received By Job
	Partitionable Resources :     Usage  Request Allocated 
	   Cpus                 :      1.00        3         3 
	   Disk (KB)            : 198414       75000   1177620 
	   Memory (MB)          :    384        6000      6000 

	Job terminated of its own accord at 2021-07-21T23:40:36Z.
...
