000 (2536881.148.000) 07/22 03:18:13 Job submitted from host: <188.185.70.244:9618?addrs=188.185.70.244-9618+[2001-1458-d00-7--100-2ee]-9618&alias=bigbird10.cern.ch&noUDP&sock=schedd_2037_ca81>
...
040 (2536881.148.000) 07/22 03:44:58 Started transferring input files
	Transferring to host: <128.142.57.50:9618?addrs=128.142.57.50-9618+[2001-1458-301-7--100-31]-9618&alias=b7s02p4149.cern.ch&noUDP&sock=slot1_20_6526_e842_19463>
...
040 (2536881.148.000) 07/22 03:44:58 Finished transferring input files
...
001 (2536881.148.000) 07/22 03:44:58 Job executing on host: <128.142.57.50:9618?addrs=128.142.57.50-9618+[2001-1458-301-7--100-31]-9618&alias=b7s02p4149.cern.ch&noUDP&sock=startd_6058_dcd2>
...
006 (2536881.148.000) 07/22 03:45:08 Image size of job updated: 288712
	201  -  MemoryUsage of job (MB)
	205164  -  ResidentSetSize of job (KB)
...
006 (2536881.148.000) 07/22 03:50:08 Image size of job updated: 833844
	309  -  MemoryUsage of job (MB)
	316336  -  ResidentSetSize of job (KB)
...
006 (2536881.148.000) 07/22 04:04:12 Image size of job updated: 834356
	309  -  MemoryUsage of job (MB)
	316336  -  ResidentSetSize of job (KB)
...
040 (2536881.148.000) 07/22 04:04:12 Started transferring output files
...
040 (2536881.148.000) 07/22 04:04:12 Finished transferring output files
...
005 (2536881.148.000) 07/22 04:04:12 Job terminated.
	(1) Normal termination (return value 0)
		Usr 0 00:19:07, Sys 0 00:00:02  -  Run Remote Usage
		Usr 0 00:00:00, Sys 0 00:00:00  -  Run Local Usage
		Usr 0 00:19:07, Sys 0 00:00:02  -  Total Remote Usage
		Usr 0 00:00:00, Sys 0 00:00:00  -  Total Local Usage
	46065  -  Run Bytes Sent By Job
	55262812  -  Run Bytes Received By Job
	46065  -  Total Bytes Sent By Job
	55262812  -  Total Bytes Received By Job
	Partitionable Resources :     Usage  Request Allocated 
	   Cpus                 :      1.00        3         3 
	   Disk (KB)            : 187313       75000   1308450 
	   Memory (MB)          :    309        6000      6000 

	Job terminated of its own accord at 2021-07-22T02:04:12Z.
...
