000 (2526743.042.000) 07/20 13:19:13 Job submitted from host: <188.185.70.244:9618?addrs=188.185.70.244-9618+[2001-1458-d00-7--100-2ee]-9618&alias=bigbird10.cern.ch&noUDP&sock=schedd_2037_ca81>
...
040 (2526743.042.000) 07/20 13:20:59 Started transferring input files
	Transferring to host: <128.142.57.42:9618?addrs=128.142.57.42-9618+[2001-1458-301-7--100-29]-9618&alias=b7s02p3485.cern.ch&noUDP&sock=slot1_46_6632_9807_14041>
...
040 (2526743.042.000) 07/20 13:21:00 Finished transferring input files
...
001 (2526743.042.000) 07/20 13:21:00 Job executing on host: <128.142.57.42:9618?addrs=128.142.57.42-9618+[2001-1458-301-7--100-29]-9618&alias=b7s02p3485.cern.ch&noUDP&sock=startd_6167_a0a5>
...
006 (2526743.042.000) 07/20 13:21:09 Image size of job updated: 325280
	70  -  MemoryUsage of job (MB)
	70668  -  ResidentSetSize of job (KB)
...
006 (2526743.042.000) 07/20 13:26:10 Image size of job updated: 635404
	209  -  MemoryUsage of job (MB)
	213404  -  ResidentSetSize of job (KB)
...
006 (2526743.042.000) 07/20 13:41:11 Image size of job updated: 940624
	415  -  MemoryUsage of job (MB)
	424780  -  ResidentSetSize of job (KB)
...
006 (2526743.042.000) 07/20 14:01:13 Image size of job updated: 940992
	416  -  MemoryUsage of job (MB)
	425372  -  ResidentSetSize of job (KB)
...
040 (2526743.042.000) 07/20 14:08:40 Started transferring output files
...
040 (2526743.042.000) 07/20 14:08:40 Finished transferring output files
...
005 (2526743.042.000) 07/20 14:08:40 Job terminated.
	(1) Normal termination (return value 0)
		Usr 0 00:33:46, Sys 0 00:00:06  -  Run Remote Usage
		Usr 0 00:00:00, Sys 0 00:00:00  -  Run Local Usage
		Usr 0 00:33:46, Sys 0 00:00:06  -  Total Remote Usage
		Usr 0 00:00:00, Sys 0 00:00:00  -  Total Local Usage
	50372  -  Run Bytes Sent By Job
	55262812  -  Run Bytes Received By Job
	50372  -  Total Bytes Sent By Job
	55262812  -  Total Bytes Received By Job
	Partitionable Resources :     Usage  Request Allocated 
	   Cpus                 :      1.00        3         3 
	   Disk (KB)            : 204557       75000   1352004 
	   Memory (MB)          :    416        6000      6000 

	Job terminated of its own accord at 2021-07-20T12:08:40Z.
...
