000 (2526743.090.000) 07/20 13:19:14 Job submitted from host: <188.185.70.244:9618?addrs=188.185.70.244-9618+[2001-1458-d00-7--100-2ee]-9618&alias=bigbird10.cern.ch&noUDP&sock=schedd_2037_ca81>
...
040 (2526743.090.000) 07/20 13:21:35 Started transferring input files
	Transferring to host: <128.142.57.95:9618?addrs=128.142.57.95-9618+[2001-1458-301-7--100-5e]-9618&alias=b7s02p5267.cern.ch&noUDP&sock=slot1_16_6616_5206_16124>
...
040 (2526743.090.000) 07/20 13:21:36 Finished transferring input files
...
001 (2526743.090.000) 07/20 13:21:36 Job executing on host: <128.142.57.95:9618?addrs=128.142.57.95-9618+[2001-1458-301-7--100-5e]-9618&alias=b7s02p5267.cern.ch&noUDP&sock=startd_6150_f789>
...
006 (2526743.090.000) 07/20 13:21:44 Image size of job updated: 421820
	190  -  MemoryUsage of job (MB)
	193812  -  ResidentSetSize of job (KB)
...
006 (2526743.090.000) 07/20 13:26:44 Image size of job updated: 626276
	201  -  MemoryUsage of job (MB)
	205280  -  ResidentSetSize of job (KB)
...
006 (2526743.090.000) 07/20 13:36:45 Image size of job updated: 626276
	201  -  MemoryUsage of job (MB)
	205284  -  ResidentSetSize of job (KB)
...
006 (2526743.090.000) 07/20 13:41:45 Image size of job updated: 815876
	292  -  MemoryUsage of job (MB)
	298844  -  ResidentSetSize of job (KB)
...
006 (2526743.090.000) 07/20 13:46:46 Image size of job updated: 816332
	293  -  MemoryUsage of job (MB)
	299436  -  ResidentSetSize of job (KB)
...
040 (2526743.090.000) 07/20 13:49:20 Started transferring output files
...
040 (2526743.090.000) 07/20 13:49:20 Finished transferring output files
...
005 (2526743.090.000) 07/20 13:49:20 Job terminated.
	(1) Normal termination (return value 0)
		Usr 0 00:12:28, Sys 0 00:00:03  -  Run Remote Usage
		Usr 0 00:00:00, Sys 0 00:00:00  -  Run Local Usage
		Usr 0 00:12:28, Sys 0 00:00:03  -  Total Remote Usage
		Usr 0 00:00:00, Sys 0 00:00:00  -  Total Local Usage
	49090  -  Run Bytes Sent By Job
	55262812  -  Run Bytes Received By Job
	49090  -  Total Bytes Sent By Job
	55262812  -  Total Bytes Received By Job
	Partitionable Resources :     Usage  Request Allocated 
	   Cpus                 :      1.00        3         3 
	   Disk (KB)            : 183950       75000   1284060 
	   Memory (MB)          :    293        6000      6000 

	Job terminated of its own accord at 2021-07-20T11:49:20Z.
...
