000 (2521675.179.000) 07/19 04:18:40 Job submitted from host: <188.185.70.244:9618?addrs=188.185.70.244-9618+[2001-1458-d00-7--100-2ee]-9618&alias=bigbird10.cern.ch&noUDP&sock=schedd_2037_ca81>
...
040 (2521675.179.000) 07/19 04:25:41 Started transferring input files
	Transferring to host: <128.142.56.150:9618?addrs=128.142.56.150-9618+[2001-1458-301-6--100-95]-9618&alias=b7s01p7934.cern.ch&noUDP&sock=slot1_1_45684_42bb_12722>
...
040 (2521675.179.000) 07/19 04:25:42 Finished transferring input files
...
001 (2521675.179.000) 07/19 04:25:42 Job executing on host: <128.142.56.150:9618?addrs=128.142.56.150-9618+[2001-1458-301-6--100-95]-9618&alias=b7s01p7934.cern.ch&noUDP&sock=startd_42584_a915>
...
006 (2521675.179.000) 07/19 04:25:50 Image size of job updated: 233348
	156  -  MemoryUsage of job (MB)
	159232  -  ResidentSetSize of job (KB)
...
006 (2521675.179.000) 07/19 04:30:50 Image size of job updated: 626236
	201  -  MemoryUsage of job (MB)
	205220  -  ResidentSetSize of job (KB)
...
040 (2521675.179.000) 07/19 04:32:53 Started transferring output files
...
040 (2521675.179.000) 07/19 04:32:54 Finished transferring output files
...
005 (2521675.179.000) 07/19 04:32:54 Job terminated.
	(1) Normal termination (return value 0)
		Usr 0 00:00:44, Sys 0 00:00:02  -  Run Remote Usage
		Usr 0 00:00:00, Sys 0 00:00:00  -  Run Local Usage
		Usr 0 00:00:44, Sys 0 00:00:02  -  Total Remote Usage
		Usr 0 00:00:00, Sys 0 00:00:00  -  Total Local Usage
	49470  -  Run Bytes Sent By Job
	55262812  -  Run Bytes Received By Job
	49470  -  Total Bytes Sent By Job
	55262812  -  Total Bytes Received By Job
	Partitionable Resources :    Usage  Request Allocated 
	   Cpus                 :                 3         3 
	   Disk (KB)            :   184943    75000   1281593 
	   Memory (MB)          :      201     6000      6000 

	Job terminated of its own accord at 2021-07-19T02:32:53Z.
...
