000 (2523366.003.000) 07/19 23:50:30 Job submitted from host: <188.185.70.244:9618?addrs=188.185.70.244-9618+[2001-1458-d00-7--100-2ee]-9618&alias=bigbird10.cern.ch&noUDP&sock=schedd_2037_ca81>
...
040 (2523366.003.000) 07/19 23:52:36 Started transferring input files
	Transferring to host: <128.142.57.74:9618?addrs=128.142.57.74-9618+[2001-1458-301-7--100-49]-9618&alias=b7s02p6933.cern.ch&noUDP&sock=slot1_32_6677_4ce9_13282>
...
040 (2523366.003.000) 07/19 23:52:39 Finished transferring input files
...
001 (2523366.003.000) 07/19 23:52:39 Job executing on host: <128.142.57.74:9618?addrs=128.142.57.74-9618+[2001-1458-301-7--100-49]-9618&alias=b7s02p6933.cern.ch&noUDP&sock=startd_6214_dd99>
...
006 (2523366.003.000) 07/19 23:52:48 Image size of job updated: 8068
	8  -  MemoryUsage of job (MB)
	8068  -  ResidentSetSize of job (KB)
...
006 (2523366.003.000) 07/19 23:57:49 Image size of job updated: 804492
	284  -  MemoryUsage of job (MB)
	290704  -  ResidentSetSize of job (KB)
...
006 (2523366.003.000) 07/20 00:11:39 Image size of job updated: 804944
	284  -  MemoryUsage of job (MB)
	290704  -  ResidentSetSize of job (KB)
...
040 (2523366.003.000) 07/20 00:11:39 Started transferring output files
...
040 (2523366.003.000) 07/20 00:11:39 Finished transferring output files
...
005 (2523366.003.000) 07/20 00:11:39 Job terminated.
	(1) Normal termination (return value 0)
		Usr 0 00:14:56, Sys 0 00:00:02  -  Run Remote Usage
		Usr 0 00:00:00, Sys 0 00:00:00  -  Run Local Usage
		Usr 0 00:14:56, Sys 0 00:00:02  -  Total Remote Usage
		Usr 0 00:00:00, Sys 0 00:00:00  -  Total Local Usage
	51538  -  Run Bytes Sent By Job
	55262812  -  Run Bytes Received By Job
	51538  -  Total Bytes Sent By Job
	55262812  -  Total Bytes Received By Job
	Partitionable Resources :     Usage  Request Allocated 
	   Cpus                 :      1.00        3         3 
	   Disk (KB)            : 181779       75000   1353341 
	   Memory (MB)          :    284        6000      6000 

	Job terminated of its own accord at 2021-07-19T22:11:39Z.
...
