000 (2522101.144.000) 07/19 11:55:34 Job submitted from host: <188.185.70.244:9618?addrs=188.185.70.244-9618+[2001-1458-d00-7--100-2ee]-9618&alias=bigbird10.cern.ch&noUDP&sock=schedd_2037_ca81>
...
040 (2522101.144.000) 07/19 12:56:07 Started transferring input files
	Transferring to host: <128.142.161.79:9618?addrs=128.142.161.79-9618+[2001-1458-301-b8--100-d]-9618&alias=b7g03p4048.cern.ch&noUDP&sock=slot1_28_98691_7cc6_83649>
...
040 (2522101.144.000) 07/19 12:56:08 Finished transferring input files
...
001 (2522101.144.000) 07/19 12:56:08 Job executing on host: <128.142.161.79:9618?addrs=128.142.161.79-9618+[2001-1458-301-b8--100-d]-9618&alias=b7g03p4048.cern.ch&noUDP&sock=startd_70541_d64d>
...
006 (2522101.144.000) 07/19 12:56:17 Image size of job updated: 1061608
	130  -  MemoryUsage of job (MB)
	132480  -  ResidentSetSize of job (KB)
...
006 (2522101.144.000) 07/19 13:01:18 Image size of job updated: 1061608
	202  -  MemoryUsage of job (MB)
	205888  -  ResidentSetSize of job (KB)
...
006 (2522101.144.000) 07/19 13:21:19 Image size of job updated: 1061608
	273  -  MemoryUsage of job (MB)
	279020  -  ResidentSetSize of job (KB)
...
040 (2522101.144.000) 07/19 13:30:32 Entered queue to transfer output files
...
040 (2522101.144.000) 07/19 13:30:33 Started transferring output files
...
040 (2522101.144.000) 07/19 13:30:33 Finished transferring output files
...
005 (2522101.144.000) 07/19 13:30:33 Job terminated.
	(1) Normal termination (return value 0)
		Usr 0 00:11:34, Sys 0 00:00:03  -  Run Remote Usage
		Usr 0 00:00:00, Sys 0 00:00:00  -  Run Local Usage
		Usr 0 00:11:34, Sys 0 00:00:03  -  Total Remote Usage
		Usr 0 00:00:00, Sys 0 00:00:00  -  Total Local Usage
	48196  -  Run Bytes Sent By Job
	55262812  -  Run Bytes Received By Job
	48196  -  Total Bytes Sent By Job
	55262812  -  Total Bytes Received By Job
	Partitionable Resources :     Usage  Request Allocated 
	   Cpus                 :      1.00        3         3 
	   Disk (KB)            : 180369       75000   1354357 
	   Memory (MB)          :    273        6000      6000 

	Job terminated of its own accord at 2021-07-19T11:30:27Z.
...
