000 (2536881.150.000) 07/22 03:18:13 Job submitted from host: <188.185.70.244:9618?addrs=188.185.70.244-9618+[2001-1458-d00-7--100-2ee]-9618&alias=bigbird10.cern.ch&noUDP&sock=schedd_2037_ca81>
...
040 (2536881.150.000) 07/22 03:45:35 Started transferring input files
	Transferring to host: <128.142.69.207:9618?addrs=128.142.69.207-9618+[2001-1458-301-52--100-3f8]-9618&alias=b7s10n4116.cern.ch&noUDP&sock=slot1_3_4798_5ffc_72644>
...
040 (2536881.150.000) 07/22 03:45:36 Finished transferring input files
...
001 (2536881.150.000) 07/22 03:45:36 Job executing on host: <128.142.69.207:9618?addrs=128.142.69.207-9618+[2001-1458-301-52--100-3f8]-9618&alias=b7s10n4116.cern.ch&noUDP&sock=startd_3865_a5a1>
...
006 (2536881.150.000) 07/22 03:45:44 Image size of job updated: 201996
	128  -  MemoryUsage of job (MB)
	130840  -  ResidentSetSize of job (KB)
...
006 (2536881.150.000) 07/22 03:50:44 Image size of job updated: 811200
	288  -  MemoryUsage of job (MB)
	294124  -  ResidentSetSize of job (KB)
...
006 (2536881.150.000) 07/22 04:05:45 Image size of job updated: 811748
	288  -  MemoryUsage of job (MB)
	294748  -  ResidentSetSize of job (KB)
...
040 (2536881.150.000) 07/22 04:07:56 Started transferring output files
...
040 (2536881.150.000) 07/22 04:07:56 Finished transferring output files
...
005 (2536881.150.000) 07/22 04:07:56 Job terminated.
	(1) Normal termination (return value 0)
		Usr 0 00:21:58, Sys 0 00:00:04  -  Run Remote Usage
		Usr 0 00:00:00, Sys 0 00:00:00  -  Run Local Usage
		Usr 0 00:21:58, Sys 0 00:00:04  -  Total Remote Usage
		Usr 0 00:00:00, Sys 0 00:00:00  -  Total Local Usage
	47358  -  Run Bytes Sent By Job
	55262812  -  Run Bytes Received By Job
	47358  -  Total Bytes Sent By Job
	55262812  -  Total Bytes Received By Job
	Partitionable Resources :     Usage  Request Allocated 
	   Cpus                 :      1.00        3         3 
	   Disk (KB)            : 183206       75000    265392 
	   Memory (MB)          :    288        6000      6000 

	Job terminated of its own accord at 2021-07-22T02:07:56Z.
...
