000 (2536881.058.000) 07/22 03:18:13 Job submitted from host: <188.185.70.244:9618?addrs=188.185.70.244-9618+[2001-1458-d00-7--100-2ee]-9618&alias=bigbird10.cern.ch&noUDP&sock=schedd_2037_ca81>
...
040 (2536881.058.000) 07/22 03:25:06 Started transferring input files
	Transferring to host: <188.184.213.135:9618?addrs=188.184.213.135-9618+[2001-1458-301-10c--100-19f]-9618&alias=b7g24n0644.cern.ch&noUDP&sock=slot1_4_3457_84e6_65525>
...
040 (2536881.058.000) 07/22 03:25:08 Finished transferring input files
...
001 (2536881.058.000) 07/22 03:25:08 Job executing on host: <188.184.213.135:9618?addrs=188.184.213.135-9618+[2001-1458-301-10c--100-19f]-9618&alias=b7g24n0644.cern.ch&noUDP&sock=startd_2853_7fc9>
...
006 (2536881.058.000) 07/22 03:25:16 Image size of job updated: 13684
	4  -  MemoryUsage of job (MB)
	3692  -  ResidentSetSize of job (KB)
...
006 (2536881.058.000) 07/22 03:30:16 Image size of job updated: 630544
	205  -  MemoryUsage of job (MB)
	208924  -  ResidentSetSize of job (KB)
...
006 (2536881.058.000) 07/22 05:00:26 Image size of job updated: 930140
	398  -  MemoryUsage of job (MB)
	407260  -  ResidentSetSize of job (KB)
...
006 (2536881.058.000) 07/22 05:45:29 Image size of job updated: 930524
	399  -  MemoryUsage of job (MB)
	407868  -  ResidentSetSize of job (KB)
...
040 (2536881.058.000) 07/22 06:01:35 Started transferring output files
...
040 (2536881.058.000) 07/22 06:01:35 Finished transferring output files
...
005 (2536881.058.000) 07/22 06:01:35 Job terminated.
	(1) Normal termination (return value 0)
		Usr 0 01:04:13, Sys 0 00:00:05  -  Run Remote Usage
		Usr 0 00:00:00, Sys 0 00:00:00  -  Run Local Usage
		Usr 0 01:04:13, Sys 0 00:00:05  -  Total Remote Usage
		Usr 0 00:00:00, Sys 0 00:00:00  -  Total Local Usage
	46104  -  Run Bytes Sent By Job
	55262812  -  Run Bytes Received By Job
	46104  -  Total Bytes Sent By Job
	55262812  -  Total Bytes Received By Job
	Partitionable Resources :     Usage  Request Allocated 
	   Cpus                 :      1.00        3         3 
	   Disk (KB)            : 202977       75000    264404 
	   Memory (MB)          :    399        6000      6000 

	Job terminated of its own accord at 2021-07-22T04:01:35Z.
...
