000 (2524871.200.000) 07/20 04:35:08 Job submitted from host: <188.185.70.244:9618?addrs=188.185.70.244-9618+[2001-1458-d00-7--100-2ee]-9618&alias=bigbird10.cern.ch&noUDP&sock=schedd_2037_ca81>
...
040 (2524871.200.000) 07/20 05:25:59 Started transferring input files
	Transferring to host: <128.142.59.47:9618?addrs=128.142.59.47-9618+[2001-1458-301-21--100-2e]-9618&alias=b7s04p6632.cern.ch&noUDP&sock=slot1_9_967_16c0_11701>
...
040 (2524871.200.000) 07/20 05:26:00 Finished transferring input files
...
001 (2524871.200.000) 07/20 05:26:00 Job executing on host: <128.142.59.47:9618?addrs=128.142.59.47-9618+[2001-1458-301-21--100-2e]-9618&alias=b7s04p6632.cern.ch&noUDP&sock=startd_459_6a0f>
...
006 (2524871.200.000) 07/20 05:26:09 Image size of job updated: 612956
	198  -  MemoryUsage of job (MB)
	202520  -  ResidentSetSize of job (KB)
...
006 (2524871.200.000) 07/20 05:31:10 Image size of job updated: 807152
	287  -  MemoryUsage of job (MB)
	293808  -  ResidentSetSize of job (KB)
...
006 (2524871.200.000) 07/20 05:45:02 Image size of job updated: 807680
	287  -  MemoryUsage of job (MB)
	293808  -  ResidentSetSize of job (KB)
...
040 (2524871.200.000) 07/20 05:45:02 Started transferring output files
...
040 (2524871.200.000) 07/20 05:45:02 Finished transferring output files
...
005 (2524871.200.000) 07/20 05:45:02 Job terminated.
	(1) Normal termination (return value 0)
		Usr 0 00:17:52, Sys 0 00:00:02  -  Run Remote Usage
		Usr 0 00:00:00, Sys 0 00:00:00  -  Run Local Usage
		Usr 0 00:17:52, Sys 0 00:00:02  -  Total Remote Usage
		Usr 0 00:00:00, Sys 0 00:00:00  -  Total Local Usage
	55836  -  Run Bytes Sent By Job
	55262812  -  Run Bytes Received By Job
	55836  -  Total Bytes Sent By Job
	55262812  -  Total Bytes Received By Job
	Partitionable Resources :     Usage  Request Allocated 
	   Cpus                 :      1.00        3         3 
	   Disk (KB)            : 182268       75000   1330306 
	   Memory (MB)          :    287        6000      6000 

	Job terminated of its own accord at 2021-07-20T03:45:02Z.
...
