000 (2521668.071.000) 07/19 01:56:56 Job submitted from host: <188.185.70.244:9618?addrs=188.185.70.244-9618+[2001-1458-d00-7--100-2ee]-9618&alias=bigbird10.cern.ch&noUDP&sock=schedd_2037_ca81>
...
040 (2521668.071.000) 07/19 02:03:19 Started transferring input files
	Transferring to host: <128.142.59.20:9618?addrs=128.142.59.20-9618+[2001-1458-301-21--100-13]-9618&alias=b7s04p9723.cern.ch&noUDP&sock=slot1_18_610_8cd2_11456>
...
040 (2521668.071.000) 07/19 02:03:20 Finished transferring input files
...
001 (2521668.071.000) 07/19 02:03:20 Job executing on host: <128.142.59.20:9618?addrs=128.142.59.20-9618+[2001-1458-301-21--100-13]-9618&alias=b7s04p9723.cern.ch&noUDP&sock=startd_65283_4956>
...
006 (2521668.071.000) 07/19 02:03:28 Image size of job updated: 237724
	160  -  MemoryUsage of job (MB)
	163808  -  ResidentSetSize of job (KB)
...
006 (2521668.071.000) 07/19 02:08:28 Image size of job updated: 631412
	205  -  MemoryUsage of job (MB)
	209636  -  ResidentSetSize of job (KB)
...
040 (2521668.071.000) 07/19 02:32:17 Started transferring output files
...
040 (2521668.071.000) 07/19 02:32:18 Finished transferring output files
...
005 (2521668.071.000) 07/19 02:32:18 Job terminated.
	(1) Normal termination (return value 0)
		Usr 0 00:00:46, Sys 0 00:00:02  -  Run Remote Usage
		Usr 0 00:00:00, Sys 0 00:00:00  -  Run Local Usage
		Usr 0 00:00:46, Sys 0 00:00:02  -  Total Remote Usage
		Usr 0 00:00:00, Sys 0 00:00:00  -  Total Local Usage
	53322  -  Run Bytes Sent By Job
	55262812  -  Run Bytes Received By Job
	53322  -  Total Bytes Sent By Job
	55262812  -  Total Bytes Received By Job
	Partitionable Resources :     Usage  Request Allocated 
	   Cpus                 :      0.00        3         3 
	   Disk (KB)            : 182673       75000   1299096 
	   Memory (MB)          :    205        6000      6000 

	Job terminated of its own accord at 2021-07-19T00:32:17Z.
...
