000 (2524617.052.000) 07/20 01:52:26 Job submitted from host: <188.185.70.244:9618?addrs=188.185.70.244-9618+[2001-1458-d00-7--100-2ee]-9618&alias=bigbird10.cern.ch&noUDP&sock=schedd_2037_ca81>
...
040 (2524617.052.000) 07/20 01:55:44 Started transferring input files
	Transferring to host: <128.142.57.134:9618?addrs=128.142.57.134-9618+[2001-1458-301-7--100-85]-9618&alias=b7s02p3956.cern.ch&noUDP&sock=slot1_5_6650_46c7_14508>
...
040 (2524617.052.000) 07/20 01:55:45 Finished transferring input files
...
001 (2524617.052.000) 07/20 01:55:45 Job executing on host: <128.142.57.134:9618?addrs=128.142.57.134-9618+[2001-1458-301-7--100-85]-9618&alias=b7s02p3956.cern.ch&noUDP&sock=startd_6188_0822>
...
006 (2524617.052.000) 07/20 01:55:54 Image size of job updated: 531092
	166  -  MemoryUsage of job (MB)
	169864  -  ResidentSetSize of job (KB)
...
006 (2524617.052.000) 07/20 02:00:55 Image size of job updated: 626828
	203  -  MemoryUsage of job (MB)
	207224  -  ResidentSetSize of job (KB)
...
006 (2524617.052.000) 07/20 02:25:58 Image size of job updated: 748196
	295  -  MemoryUsage of job (MB)
	301392  -  ResidentSetSize of job (KB)
...
006 (2524617.052.000) 07/20 02:40:22 Image size of job updated: 748676
	295  -  MemoryUsage of job (MB)
	301392  -  ResidentSetSize of job (KB)
...
040 (2524617.052.000) 07/20 02:40:22 Started transferring output files
...
040 (2524617.052.000) 07/20 02:40:22 Finished transferring output files
...
005 (2524617.052.000) 07/20 02:40:23 Job terminated.
	(1) Normal termination (return value 0)
		Usr 0 00:17:49, Sys 0 00:00:04  -  Run Remote Usage
		Usr 0 00:00:00, Sys 0 00:00:00  -  Run Local Usage
		Usr 0 00:17:49, Sys 0 00:00:04  -  Total Remote Usage
		Usr 0 00:00:00, Sys 0 00:00:00  -  Total Local Usage
	48387  -  Run Bytes Sent By Job
	55262812  -  Run Bytes Received By Job
	48387  -  Total Bytes Sent By Job
	55262812  -  Total Bytes Received By Job
	Partitionable Resources :     Usage  Request Allocated 
	   Cpus                 :      1.00        3         3 
	   Disk (KB)            : 184282       75000   1295441 
	   Memory (MB)          :    295        6000      6000 

	Job terminated of its own accord at 2021-07-20T00:40:22Z.
...
