000 (2521867.092.000) 07/19 07:46:08 Job submitted from host: <188.185.70.244:9618?addrs=188.185.70.244-9618+[2001-1458-d00-7--100-2ee]-9618&alias=bigbird10.cern.ch&noUDP&sock=schedd_2037_ca81>
...
040 (2521867.092.000) 07/19 07:49:16 Started transferring input files
	Transferring to host: <128.142.57.88:9618?addrs=128.142.57.88-9618+[2001-1458-301-7--100-57]-9618&alias=b7s02p6891.cern.ch&noUDP&sock=slot1_6_6596_3a85_14649>
...
040 (2521867.092.000) 07/19 07:49:17 Finished transferring input files
...
001 (2521867.092.000) 07/19 07:49:17 Job executing on host: <128.142.57.88:9618?addrs=128.142.57.88-9618+[2001-1458-301-7--100-57]-9618&alias=b7s02p6891.cern.ch&noUDP&sock=startd_6133_4e6d>
...
006 (2521867.092.000) 07/19 07:49:25 Image size of job updated: 458428
	196  -  MemoryUsage of job (MB)
	199908  -  ResidentSetSize of job (KB)
...
006 (2521867.092.000) 07/19 07:54:25 Image size of job updated: 832460
	309  -  MemoryUsage of job (MB)
	315716  -  ResidentSetSize of job (KB)
...
006 (2521867.092.000) 07/19 08:09:26 Image size of job updated: 833036
	309  -  MemoryUsage of job (MB)
	316368  -  ResidentSetSize of job (KB)
...
006 (2521867.092.000) 07/19 08:14:27 Image size of job updated: 833300
	310  -  MemoryUsage of job (MB)
	316672  -  ResidentSetSize of job (KB)
...
040 (2521867.092.000) 07/19 08:15:12 Started transferring output files
...
040 (2521867.092.000) 07/19 08:15:12 Finished transferring output files
...
005 (2521867.092.000) 07/19 08:15:12 Job terminated.
	(1) Normal termination (return value 0)
		Usr 0 00:22:45, Sys 0 00:00:04  -  Run Remote Usage
		Usr 0 00:00:00, Sys 0 00:00:00  -  Run Local Usage
		Usr 0 00:22:45, Sys 0 00:00:04  -  Total Remote Usage
		Usr 0 00:00:00, Sys 0 00:00:00  -  Total Local Usage
	52834  -  Run Bytes Sent By Job
	55262812  -  Run Bytes Received By Job
	52834  -  Total Bytes Sent By Job
	55262812  -  Total Bytes Received By Job
	Partitionable Resources :     Usage  Request Allocated 
	   Cpus                 :      0.99        3         3 
	   Disk (KB)            : 187042       75000   1362225 
	   Memory (MB)          :    310        6000      6000 

	Job terminated of its own accord at 2021-07-19T06:15:12Z.
...
