000 (2521668.189.000) 07/19 01:56:57 Job submitted from host: <188.185.70.244:9618?addrs=188.185.70.244-9618+[2001-1458-d00-7--100-2ee]-9618&alias=bigbird10.cern.ch&noUDP&sock=schedd_2037_ca81>
...
040 (2521668.189.000) 07/19 02:17:37 Started transferring input files
	Transferring to host: <128.142.56.90:9618?addrs=128.142.56.90-9618+[2001-1458-301-6--100-59]-9618&alias=b7s01p9716.cern.ch&noUDP&sock=slot1_10_7275_a541_4521>
...
040 (2521668.189.000) 07/19 02:17:38 Finished transferring input files
...
001 (2521668.189.000) 07/19 02:17:38 Job executing on host: <128.142.56.90:9618?addrs=128.142.56.90-9618+[2001-1458-301-6--100-59]-9618&alias=b7s01p9716.cern.ch&noUDP&sock=startd_5496_6099>
...
006 (2521668.189.000) 07/19 02:17:47 Image size of job updated: 492180
	104  -  MemoryUsage of job (MB)
	105788  -  ResidentSetSize of job (KB)
...
006 (2521668.189.000) 07/19 02:22:48 Image size of job updated: 627388
	202  -  MemoryUsage of job (MB)
	205900  -  ResidentSetSize of job (KB)
...
040 (2521668.189.000) 07/19 02:43:50 Started transferring output files
...
040 (2521668.189.000) 07/19 02:43:50 Finished transferring output files
...
005 (2521668.189.000) 07/19 02:43:50 Job terminated.
	(1) Normal termination (return value 0)
		Usr 0 00:00:49, Sys 0 00:00:02  -  Run Remote Usage
		Usr 0 00:00:00, Sys 0 00:00:00  -  Run Local Usage
		Usr 0 00:00:49, Sys 0 00:00:02  -  Total Remote Usage
		Usr 0 00:00:00, Sys 0 00:00:00  -  Total Local Usage
	49177  -  Run Bytes Sent By Job
	55262812  -  Run Bytes Received By Job
	49177  -  Total Bytes Sent By Job
	55262812  -  Total Bytes Received By Job
	Partitionable Resources :     Usage  Request Allocated 
	   Cpus                 :      0.06        3         3 
	   Disk (KB)            : 183911       75000   1319292 
	   Memory (MB)          :    202        6000      6000 

	Job terminated of its own accord at 2021-07-19T00:43:50Z.
...
