000 (2536881.197.000) 07/22 03:18:13 Job submitted from host: <188.185.70.244:9618?addrs=188.185.70.244-9618+[2001-1458-d00-7--100-2ee]-9618&alias=bigbird10.cern.ch&noUDP&sock=schedd_2037_ca81>
...
040 (2536881.197.000) 07/22 04:01:42 Started transferring input files
	Transferring to host: <188.184.133.234:9618?addrs=188.184.133.234-9618+[2001-1458-301-a0--100-2fc]-9618&alias=b7g28n0871.cern.ch&noUDP&sock=slot1_4_7496_5c2a_120261>
...
040 (2536881.197.000) 07/22 04:01:43 Finished transferring input files
...
001 (2536881.197.000) 07/22 04:01:43 Job executing on host: <188.184.133.234:9618?addrs=188.184.133.234-9618+[2001-1458-301-a0--100-2fc]-9618&alias=b7g28n0871.cern.ch&noUDP&sock=startd_2263_cee9>
...
006 (2536881.197.000) 07/22 04:01:51 Image size of job updated: 429164
	45  -  MemoryUsage of job (MB)
	45320  -  ResidentSetSize of job (KB)
...
006 (2536881.197.000) 07/22 04:06:51 Image size of job updated: 817076
	297  -  MemoryUsage of job (MB)
	303204  -  ResidentSetSize of job (KB)
...
006 (2536881.197.000) 07/22 04:31:54 Image size of job updated: 817528
	297  -  MemoryUsage of job (MB)
	303796  -  ResidentSetSize of job (KB)
...
040 (2536881.197.000) 07/22 04:33:10 Started transferring output files
...
040 (2536881.197.000) 07/22 04:33:10 Finished transferring output files
...
005 (2536881.197.000) 07/22 04:33:11 Job terminated.
	(1) Normal termination (return value 0)
		Usr 0 00:30:04, Sys 0 00:00:06  -  Run Remote Usage
		Usr 0 00:00:00, Sys 0 00:00:00  -  Run Local Usage
		Usr 0 00:30:04, Sys 0 00:00:06  -  Total Remote Usage
		Usr 0 00:00:00, Sys 0 00:00:00  -  Total Local Usage
	43958  -  Run Bytes Sent By Job
	55262812  -  Run Bytes Received By Job
	43958  -  Total Bytes Sent By Job
	55262812  -  Total Bytes Received By Job
	Partitionable Resources :     Usage  Request Allocated 
	   Cpus                 :      1.00        3         3 
	   Disk (KB)            : 184147       75000    200450 
	   Memory (MB)          :    297        6000      6000 

	Job terminated of its own accord at 2021-07-22T02:33:10Z.
...
