000 (2534572.153.000) 07/21 23:44:26 Job submitted from host: <188.185.70.244:9618?addrs=188.185.70.244-9618+[2001-1458-d00-7--100-2ee]-9618&alias=bigbird10.cern.ch&noUDP&sock=schedd_2037_ca81>
...
040 (2534572.153.000) 07/21 23:50:43 Started transferring input files
	Transferring to host: <128.142.59.55:9618?addrs=128.142.59.55-9618+[2001-1458-301-21--100-36]-9618&alias=b7s04p9106.cern.ch&noUDP&sock=slot1_2_17911_ab71_13226>
...
040 (2534572.153.000) 07/21 23:50:44 Finished transferring input files
...
001 (2534572.153.000) 07/21 23:50:44 Job executing on host: <128.142.59.55:9618?addrs=128.142.59.55-9618+[2001-1458-301-21--100-36]-9618&alias=b7s04p9106.cern.ch&noUDP&sock=startd_16144_0509>
...
006 (2534572.153.000) 07/21 23:50:52 Image size of job updated: 588456
	187  -  MemoryUsage of job (MB)
	190964  -  ResidentSetSize of job (KB)
...
006 (2534572.153.000) 07/21 23:55:52 Image size of job updated: 626836
	201  -  MemoryUsage of job (MB)
	205240  -  ResidentSetSize of job (KB)
...
006 (2534572.153.000) 07/22 00:00:53 Image size of job updated: 626836
	201  -  MemoryUsage of job (MB)
	205244  -  ResidentSetSize of job (KB)
...
006 (2534572.153.000) 07/22 00:25:55 Image size of job updated: 626836
	201  -  MemoryUsage of job (MB)
	205248  -  ResidentSetSize of job (KB)
...
006 (2534572.153.000) 07/22 00:40:56 Image size of job updated: 814724
	291  -  MemoryUsage of job (MB)
	297352  -  ResidentSetSize of job (KB)
...
006 (2534572.153.000) 07/22 00:48:59 Image size of job updated: 815248
	291  -  MemoryUsage of job (MB)
	297352  -  ResidentSetSize of job (KB)
...
040 (2534572.153.000) 07/22 00:48:59 Started transferring output files
...
040 (2534572.153.000) 07/22 00:48:59 Finished transferring output files
...
005 (2534572.153.000) 07/22 00:48:59 Job terminated.
	(1) Normal termination (return value 0)
		Usr 0 00:13:15, Sys 0 00:00:02  -  Run Remote Usage
		Usr 0 00:00:00, Sys 0 00:00:00  -  Run Local Usage
		Usr 0 00:13:15, Sys 0 00:00:02  -  Total Remote Usage
		Usr 0 00:00:00, Sys 0 00:00:00  -  Total Local Usage
	44285  -  Run Bytes Sent By Job
	55262812  -  Run Bytes Received By Job
	44285  -  Total Bytes Sent By Job
	55262812  -  Total Bytes Received By Job
	Partitionable Resources :     Usage  Request Allocated 
	   Cpus                 :      1.00        3         3 
	   Disk (KB)            : 183833       75000   1231863 
	   Memory (MB)          :    291        6000      6000 

	Job terminated of its own accord at 2021-07-21T22:48:59Z.
...
