000 (2556080.001.000) 07/27 11:07:01 Job submitted from host: <188.185.70.244:9618?addrs=188.185.70.244-9618+[2001-1458-d00-7--100-2ee]-9618&alias=bigbird10.cern.ch&noUDP&sock=schedd_2037_ca81>
...
040 (2556080.001.000) 07/27 11:36:35 Started transferring input files
	Transferring to host: <128.142.57.66:9618?addrs=128.142.57.66-9618+[2001-1458-301-7--100-41]-9618&alias=b7s02p2571.cern.ch&noUDP&sock=slot1_15_6616_5206_21082>
...
040 (2556080.001.000) 07/27 11:36:36 Finished transferring input files
...
001 (2556080.001.000) 07/27 11:36:36 Job executing on host: <128.142.57.66:9618?addrs=128.142.57.66-9618+[2001-1458-301-7--100-41]-9618&alias=b7s02p2571.cern.ch&noUDP&sock=startd_6148_9858>
...
006 (2556080.001.000) 07/27 11:36:45 Image size of job updated: 251004
	172  -  MemoryUsage of job (MB)
	176076  -  ResidentSetSize of job (KB)
...
006 (2556080.001.000) 07/27 11:41:46 Image size of job updated: 631944
	205  -  MemoryUsage of job (MB)
	209700  -  ResidentSetSize of job (KB)
...
006 (2556080.001.000) 07/27 11:51:46 Image size of job updated: 798920
	279  -  MemoryUsage of job (MB)
	284944  -  ResidentSetSize of job (KB)
...
006 (2556080.001.000) 07/27 11:56:47 Image size of job updated: 800164
	280  -  MemoryUsage of job (MB)
	286432  -  ResidentSetSize of job (KB)
...
040 (2556080.001.000) 07/27 11:57:59 Started transferring output files
...
040 (2556080.001.000) 07/27 11:57:59 Finished transferring output files
...
005 (2556080.001.000) 07/27 11:58:00 Job terminated.
	(1) Normal termination (return value 0)
		Usr 0 00:10:53, Sys 0 00:00:02  -  Run Remote Usage
		Usr 0 00:00:00, Sys 0 00:00:00  -  Run Local Usage
		Usr 0 00:10:53, Sys 0 00:00:02  -  Total Remote Usage
		Usr 0 00:00:00, Sys 0 00:00:00  -  Total Local Usage
	44562  -  Run Bytes Sent By Job
	55262880  -  Run Bytes Received By Job
	44562  -  Total Bytes Sent By Job
	55262880  -  Total Bytes Received By Job
	Partitionable Resources :     Usage  Request Allocated 
	   Cpus                 :      0.30        3         3 
	   Disk (KB)            : 184417       75000   1252440 
	   Memory (MB)          :    280        6000      6000 

	Job terminated of its own accord at 2021-07-27T09:57:59Z.
...
