000 (2522101.167.000) 07/19 11:55:34 Job submitted from host: <188.185.70.244:9618?addrs=188.185.70.244-9618+[2001-1458-d00-7--100-2ee]-9618&alias=bigbird10.cern.ch&noUDP&sock=schedd_2037_ca81>
...
040 (2522101.167.000) 07/19 13:02:48 Started transferring input files
	Transferring to host: <128.142.161.98:9618?addrs=128.142.161.98-9618+[2001-1458-301-b8--100-20]-9618&alias=b7g03p4215.cern.ch&noUDP&sock=slot1_38_233032_dffd_151299>
...
040 (2522101.167.000) 07/19 13:02:49 Finished transferring input files
...
001 (2522101.167.000) 07/19 13:02:49 Job executing on host: <128.142.161.98:9618?addrs=128.142.161.98-9618+[2001-1458-301-b8--100-20]-9618&alias=b7g03p4215.cern.ch&noUDP&sock=startd_131011_3a3a>
...
006 (2522101.167.000) 07/19 13:02:58 Image size of job updated: 418460
	161  -  MemoryUsage of job (MB)
	164184  -  ResidentSetSize of job (KB)
...
006 (2522101.167.000) 07/19 13:07:59 Image size of job updated: 631964
	205  -  MemoryUsage of job (MB)
	209704  -  ResidentSetSize of job (KB)
...
006 (2522101.167.000) 07/19 13:12:59 Image size of job updated: 631964
	205  -  MemoryUsage of job (MB)
	209708  -  ResidentSetSize of job (KB)
...
006 (2522101.167.000) 07/19 13:23:01 Image size of job updated: 817364
	297  -  MemoryUsage of job (MB)
	303560  -  ResidentSetSize of job (KB)
...
006 (2522101.167.000) 07/19 13:33:01 Image size of job updated: 817688
	297  -  MemoryUsage of job (MB)
	304060  -  ResidentSetSize of job (KB)
...
040 (2522101.167.000) 07/19 13:34:52 Started transferring output files
...
040 (2522101.167.000) 07/19 13:34:52 Finished transferring output files
...
005 (2522101.167.000) 07/19 13:34:52 Job terminated.
	(1) Normal termination (return value 0)
		Usr 0 00:14:29, Sys 0 00:00:02  -  Run Remote Usage
		Usr 0 00:00:00, Sys 0 00:00:00  -  Run Local Usage
		Usr 0 00:14:29, Sys 0 00:00:02  -  Total Remote Usage
		Usr 0 00:00:00, Sys 0 00:00:00  -  Total Local Usage
	49676  -  Run Bytes Sent By Job
	55262812  -  Run Bytes Received By Job
	49676  -  Total Bytes Sent By Job
	55262812  -  Total Bytes Received By Job
	Partitionable Resources :     Usage  Request Allocated 
	   Cpus                 :      1.00        3         3 
	   Disk (KB)            : 184156       75000   1332469 
	   Memory (MB)          :    297        6000      6000 

	Job terminated of its own accord at 2021-07-19T11:34:51Z.
...
