000 (2523366.008.000) 07/19 23:50:30 Job submitted from host: <188.185.70.244:9618?addrs=188.185.70.244-9618+[2001-1458-d00-7--100-2ee]-9618&alias=bigbird10.cern.ch&noUDP&sock=schedd_2037_ca81>
...
040 (2523366.008.000) 07/19 23:54:28 Started transferring input files
	Transferring to host: <128.142.56.132:9618?addrs=128.142.56.132-9618+[2001-1458-301-6--100-83]-9618&alias=b7s01p1865.cern.ch&noUDP&sock=slot1_30_45781_9b1f_13460>
...
040 (2523366.008.000) 07/19 23:54:29 Finished transferring input files
...
001 (2523366.008.000) 07/19 23:54:29 Job executing on host: <128.142.56.132:9618?addrs=128.142.56.132-9618+[2001-1458-301-6--100-83]-9618&alias=b7s01p1865.cern.ch&noUDP&sock=startd_45737_5b32>
...
006 (2523366.008.000) 07/19 23:54:38 Image size of job updated: 558056
	168  -  MemoryUsage of job (MB)
	171224  -  ResidentSetSize of job (KB)
...
006 (2523366.008.000) 07/19 23:59:40 Image size of job updated: 804472
	284  -  MemoryUsage of job (MB)
	290668  -  ResidentSetSize of job (KB)
...
006 (2523366.008.000) 07/20 00:08:12 Image size of job updated: 805040
	284  -  MemoryUsage of job (MB)
	290668  -  ResidentSetSize of job (KB)
...
040 (2523366.008.000) 07/20 00:08:12 Started transferring output files
...
040 (2523366.008.000) 07/20 00:08:13 Finished transferring output files
...
005 (2523366.008.000) 07/20 00:08:13 Job terminated.
	(1) Normal termination (return value 0)
		Usr 0 00:13:09, Sys 0 00:00:02  -  Run Remote Usage
		Usr 0 00:00:00, Sys 0 00:00:00  -  Run Local Usage
		Usr 0 00:13:09, Sys 0 00:00:02  -  Total Remote Usage
		Usr 0 00:00:00, Sys 0 00:00:00  -  Total Local Usage
	51593  -  Run Bytes Sent By Job
	55262812  -  Run Bytes Received By Job
	51593  -  Total Bytes Sent By Job
	55262812  -  Total Bytes Received By Job
	Partitionable Resources :     Usage  Request Allocated 
	   Cpus                 :      1.00        3         3 
	   Disk (KB)            : 181785       75000   1306179 
	   Memory (MB)          :    284        6000      6000 

	Job terminated of its own accord at 2021-07-19T22:08:12Z.
...
