000 (2521867.059.000) 07/19 07:46:08 Job submitted from host: <188.185.70.244:9618?addrs=188.185.70.244-9618+[2001-1458-d00-7--100-2ee]-9618&alias=bigbird10.cern.ch&noUDP&sock=schedd_2037_ca81>
...
040 (2521867.059.000) 07/19 07:49:05 Started transferring input files
	Transferring to host: <128.142.56.63:9618?addrs=128.142.56.63-9618+[2001-1458-301-6--100-3e]-9618&alias=b7s01p2370.cern.ch&noUDP&sock=slot1_8_54526_3fe2_15841>
...
040 (2521867.059.000) 07/19 07:49:06 Finished transferring input files
...
001 (2521867.059.000) 07/19 07:49:06 Job executing on host: <128.142.56.63:9618?addrs=128.142.56.63-9618+[2001-1458-301-6--100-3e]-9618&alias=b7s01p2370.cern.ch&noUDP&sock=startd_51433_56a5>
...
006 (2521867.059.000) 07/19 07:49:14 Image size of job updated: 275412
	196  -  MemoryUsage of job (MB)
	200116  -  ResidentSetSize of job (KB)
...
006 (2521867.059.000) 07/19 07:54:14 Image size of job updated: 626988
	203  -  MemoryUsage of job (MB)
	207404  -  ResidentSetSize of job (KB)
...
006 (2521867.059.000) 07/19 07:59:15 Image size of job updated: 756384
	303  -  MemoryUsage of job (MB)
	309732  -  ResidentSetSize of job (KB)
...
006 (2521867.059.000) 07/19 08:09:16 Image size of job updated: 757064
	304  -  MemoryUsage of job (MB)
	310392  -  ResidentSetSize of job (KB)
...
040 (2521867.059.000) 07/19 08:11:42 Started transferring output files
...
040 (2521867.059.000) 07/19 08:12:13 Finished transferring output files
...
005 (2521867.059.000) 07/19 08:12:13 Job terminated.
	(1) Normal termination (return value 0)
		Usr 0 00:15:59, Sys 0 00:00:02  -  Run Remote Usage
		Usr 0 00:00:00, Sys 0 00:00:00  -  Run Local Usage
		Usr 0 00:15:59, Sys 0 00:00:02  -  Total Remote Usage
		Usr 0 00:00:00, Sys 0 00:00:00  -  Total Local Usage
	51101  -  Run Bytes Sent By Job
	55262812  -  Run Bytes Received By Job
	51101  -  Total Bytes Sent By Job
	55262812  -  Total Bytes Received By Job
	Partitionable Resources :     Usage  Request Allocated 
	   Cpus                 :      1.00        3         3 
	   Disk (KB)            : 185861       75000   1362219 
	   Memory (MB)          :    304        6000      6000 

	Job terminated of its own accord at 2021-07-19T06:11:42Z.
...
