000 (2521842.094.000) 07/19 05:55:55 Job submitted from host: <188.185.70.244:9618?addrs=188.185.70.244-9618+[2001-1458-d00-7--100-2ee]-9618&alias=bigbird10.cern.ch&noUDP&sock=schedd_2037_ca81>
...
040 (2521842.094.000) 07/19 06:01:24 Started transferring input files
	Transferring to host: <128.142.59.86:9618?addrs=128.142.59.86-9618+[2001-1458-301-21--100-55]-9618&alias=b7s04p2139.cern.ch&noUDP&sock=slot1_4_6742_194b_9533>
...
040 (2521842.094.000) 07/19 06:01:24 Finished transferring input files
...
001 (2521842.094.000) 07/19 06:01:24 Job executing on host: <128.142.59.86:9618?addrs=128.142.59.86-9618+[2001-1458-301-21--100-55]-9618&alias=b7s04p2139.cern.ch&noUDP&sock=startd_6290_fecb>
...
006 (2521842.094.000) 07/19 06:01:33 Image size of job updated: 288712
	160  -  MemoryUsage of job (MB)
	163820  -  ResidentSetSize of job (KB)
...
006 (2521842.094.000) 07/19 06:06:33 Image size of job updated: 627372
	201  -  MemoryUsage of job (MB)
	205776  -  ResidentSetSize of job (KB)
...
006 (2521842.094.000) 07/19 06:21:34 Image size of job updated: 806872
	283  -  MemoryUsage of job (MB)
	289564  -  ResidentSetSize of job (KB)
...
006 (2521842.094.000) 07/19 06:31:25 Image size of job updated: 807552
	283  -  MemoryUsage of job (MB)
	289564  -  ResidentSetSize of job (KB)
...
040 (2521842.094.000) 07/19 06:31:25 Started transferring output files
...
040 (2521842.094.000) 07/19 06:31:46 Finished transferring output files
...
005 (2521842.094.000) 07/19 06:31:47 Job terminated.
	(1) Normal termination (return value 0)
		Usr 0 00:12:23, Sys 0 00:00:02  -  Run Remote Usage
		Usr 0 00:00:00, Sys 0 00:00:00  -  Run Local Usage
		Usr 0 00:12:23, Sys 0 00:00:02  -  Total Remote Usage
		Usr 0 00:00:00, Sys 0 00:00:00  -  Total Local Usage
	49634  -  Run Bytes Sent By Job
	55262812  -  Run Bytes Received By Job
	49634  -  Total Bytes Sent By Job
	55262812  -  Total Bytes Received By Job
	Partitionable Resources :     Usage  Request Allocated 
	   Cpus                 :      1.00        3         3 
	   Disk (KB)            : 182406       75000   1190271 
	   Memory (MB)          :    283        6000      6000 

	Job terminated of its own accord at 2021-07-19T04:31:25Z.
...
