000 (2524871.075.000) 07/20 04:35:08 Job submitted from host: <188.185.70.244:9618?addrs=188.185.70.244-9618+[2001-1458-d00-7--100-2ee]-9618&alias=bigbird10.cern.ch&noUDP&sock=schedd_2037_ca81>
...
040 (2524871.075.000) 07/20 05:09:37 Started transferring input files
	Transferring to host: <128.142.57.124:9618?addrs=128.142.57.124-9618+[2001-1458-301-7--100-7b]-9618&alias=b7s02p8444.cern.ch&noUDP&sock=slot1_30_6564_ae84_13287>
...
040 (2524871.075.000) 07/20 05:09:38 Finished transferring input files
...
001 (2524871.075.000) 07/20 05:09:38 Job executing on host: <128.142.57.124:9618?addrs=128.142.57.124-9618+[2001-1458-301-7--100-7b]-9618&alias=b7s02p8444.cern.ch&noUDP&sock=startd_6092_2f0b>
...
006 (2524871.075.000) 07/20 05:09:46 Image size of job updated: 400876
	112  -  MemoryUsage of job (MB)
	114164  -  ResidentSetSize of job (KB)
...
006 (2524871.075.000) 07/20 05:14:46 Image size of job updated: 631396
	205  -  MemoryUsage of job (MB)
	209636  -  ResidentSetSize of job (KB)
...
006 (2524871.075.000) 07/20 05:19:47 Image size of job updated: 806392
	287  -  MemoryUsage of job (MB)
	293204  -  ResidentSetSize of job (KB)
...
006 (2524871.075.000) 07/20 05:28:21 Image size of job updated: 806996
	287  -  MemoryUsage of job (MB)
	293204  -  ResidentSetSize of job (KB)
...
040 (2524871.075.000) 07/20 05:28:21 Started transferring output files
...
040 (2524871.075.000) 07/20 05:28:21 Finished transferring output files
...
005 (2524871.075.000) 07/20 05:28:22 Job terminated.
	(1) Normal termination (return value 0)
		Usr 0 00:13:54, Sys 0 00:00:02  -  Run Remote Usage
		Usr 0 00:00:00, Sys 0 00:00:00  -  Run Local Usage
		Usr 0 00:13:54, Sys 0 00:00:02  -  Total Remote Usage
		Usr 0 00:00:00, Sys 0 00:00:00  -  Total Local Usage
	53224  -  Run Bytes Sent By Job
	55262812  -  Run Bytes Received By Job
	53224  -  Total Bytes Sent By Job
	55262812  -  Total Bytes Received By Job
	Partitionable Resources :     Usage  Request Allocated 
	   Cpus                 :      1.00        3         3 
	   Disk (KB)            : 182149       75000   1293922 
	   Memory (MB)          :    287        6000      6000 

	Job terminated of its own accord at 2021-07-20T03:28:21Z.
...
