000 (2521668.175.000) 07/19 01:56:57 Job submitted from host: <188.185.70.244:9618?addrs=188.185.70.244-9618+[2001-1458-d00-7--100-2ee]-9618&alias=bigbird10.cern.ch&noUDP&sock=schedd_2037_ca81>
...
040 (2521668.175.000) 07/19 02:17:27 Started transferring input files
	Transferring to host: <128.142.57.10:9618?addrs=128.142.57.10-9618+[2001-1458-301-7--100-9]-9618&alias=b7s02p4145.cern.ch&noUDP&sock=slot1_27_6661_06e8_16099>
...
040 (2521668.175.000) 07/19 02:17:27 Finished transferring input files
...
001 (2521668.175.000) 07/19 02:17:27 Job executing on host: <128.142.57.10:9618?addrs=128.142.57.10-9618+[2001-1458-301-7--100-9]-9618&alias=b7s02p4145.cern.ch&noUDP&sock=startd_6193_761b>
...
006 (2521668.175.000) 07/19 02:17:36 Image size of job updated: 245608
	167  -  MemoryUsage of job (MB)
	170756  -  ResidentSetSize of job (KB)
...
006 (2521668.175.000) 07/19 02:20:48 Image size of job updated: 631960
	168  -  MemoryUsage of job (MB)
	171744  -  ResidentSetSize of job (KB)
...
040 (2521668.175.000) 07/19 02:20:49 Started transferring output files
...
040 (2521668.175.000) 07/19 02:20:49 Finished transferring output files
...
005 (2521668.175.000) 07/19 02:20:49 Job terminated.
	(1) Normal termination (return value 0)
		Usr 0 00:00:46, Sys 0 00:00:01  -  Run Remote Usage
		Usr 0 00:00:00, Sys 0 00:00:00  -  Run Local Usage
		Usr 0 00:00:46, Sys 0 00:00:01  -  Total Remote Usage
		Usr 0 00:00:00, Sys 0 00:00:00  -  Total Local Usage
	53248  -  Run Bytes Sent By Job
	55262812  -  Run Bytes Received By Job
	53248  -  Total Bytes Sent By Job
	55262812  -  Total Bytes Received By Job
	Partitionable Resources :    Usage  Request Allocated 
	   Cpus                 :                 3         3 
	   Disk (KB)            :   182678    75000   1279166 
	   Memory (MB)          :      168     6000      6000 

	Job terminated of its own accord at 2021-07-19T00:20:48Z.
...
