000 (2534572.150.000) 07/21 23:44:26 Job submitted from host: <188.185.70.244:9618?addrs=188.185.70.244-9618+[2001-1458-d00-7--100-2ee]-9618&alias=bigbird10.cern.ch&noUDP&sock=schedd_2037_ca81>
...
040 (2534572.150.000) 07/21 23:50:42 Started transferring input files
	Transferring to host: <128.142.59.42:9618?addrs=128.142.59.42-9618+[2001-1458-301-21--100-29]-9618&alias=b7s04p6521.cern.ch&noUDP&sock=slot1_1_6748_538b_14149>
...
040 (2534572.150.000) 07/21 23:50:42 Finished transferring input files
...
001 (2534572.150.000) 07/21 23:50:42 Job executing on host: <128.142.59.42:9618?addrs=128.142.59.42-9618+[2001-1458-301-21--100-29]-9618&alias=b7s04p6521.cern.ch&noUDP&sock=startd_6286_406a>
...
006 (2534572.150.000) 07/21 23:50:51 Image size of job updated: 273536
	194  -  MemoryUsage of job (MB)
	198400  -  ResidentSetSize of job (KB)
...
006 (2534572.150.000) 07/21 23:55:51 Image size of job updated: 626284
	201  -  MemoryUsage of job (MB)
	205276  -  ResidentSetSize of job (KB)
...
006 (2534572.150.000) 07/22 00:10:53 Image size of job updated: 814440
	291  -  MemoryUsage of job (MB)
	297556  -  ResidentSetSize of job (KB)
...
006 (2534572.150.000) 07/22 00:25:29 Image size of job updated: 814920
	291  -  MemoryUsage of job (MB)
	297556  -  ResidentSetSize of job (KB)
...
040 (2534572.150.000) 07/22 00:25:29 Started transferring output files
...
040 (2534572.150.000) 07/22 00:25:29 Finished transferring output files
...
005 (2534572.150.000) 07/22 00:25:29 Job terminated.
	(1) Normal termination (return value 0)
		Usr 0 00:18:31, Sys 0 00:00:02  -  Run Remote Usage
		Usr 0 00:00:00, Sys 0 00:00:00  -  Run Local Usage
		Usr 0 00:18:31, Sys 0 00:00:02  -  Total Remote Usage
		Usr 0 00:00:00, Sys 0 00:00:00  -  Total Local Usage
	48190  -  Run Bytes Sent By Job
	55262812  -  Run Bytes Received By Job
	48190  -  Total Bytes Sent By Job
	55262812  -  Total Bytes Received By Job
	Partitionable Resources :     Usage  Request Allocated 
	   Cpus                 :      1.00        3         3 
	   Disk (KB)            : 183790       75000   1249914 
	   Memory (MB)          :    291        6000      6000 

	Job terminated of its own accord at 2021-07-21T22:25:29Z.
...
