000 (2521876.102.000) 07/19 08:46:26 Job submitted from host: <188.185.70.244:9618?addrs=188.185.70.244-9618+[2001-1458-d00-7--100-2ee]-9618&alias=bigbird10.cern.ch&noUDP&sock=schedd_2037_ca81>
...
040 (2521876.102.000) 07/19 10:09:29 Started transferring input files
	Transferring to host: <128.142.85.5:9618?addrs=128.142.85.5-9618+[2001-1458-301-f6--100-70]-9618&alias=b7s14n9179.cern.ch&noUDP&sock=slot1_9_25158_d638_119582>
...
040 (2521876.102.000) 07/19 10:09:29 Finished transferring input files
...
001 (2521876.102.000) 07/19 10:09:29 Job executing on host: <128.142.85.5:9618?addrs=128.142.85.5-9618+[2001-1458-301-f6--100-70]-9618&alias=b7s14n9179.cern.ch&noUDP&sock=startd_16254_7874>
...
006 (2521876.102.000) 07/19 10:09:38 Image size of job updated: 277628
	198  -  MemoryUsage of job (MB)
	202512  -  ResidentSetSize of job (KB)
...
006 (2521876.102.000) 07/19 10:14:39 Image size of job updated: 910184
	388  -  MemoryUsage of job (MB)
	396920  -  ResidentSetSize of job (KB)
...
040 (2521876.102.000) 07/19 10:42:29 Started transferring output files
...
040 (2521876.102.000) 07/19 10:42:29 Finished transferring output files
...
005 (2521876.102.000) 07/19 10:42:29 Job terminated.
	(1) Normal termination (return value 0)
		Usr 0 00:32:45, Sys 0 00:00:04  -  Run Remote Usage
		Usr 0 00:00:00, Sys 0 00:00:00  -  Run Local Usage
		Usr 0 00:32:45, Sys 0 00:00:04  -  Total Remote Usage
		Usr 0 00:00:00, Sys 0 00:00:00  -  Total Local Usage
	49240  -  Run Bytes Sent By Job
	55262812  -  Run Bytes Received By Job
	49240  -  Total Bytes Sent By Job
	55262812  -  Total Bytes Received By Job
	Partitionable Resources :     Usage  Request Allocated 
	   Cpus                 :      1.00        3         3 
	   Disk (KB)            : 198050       75000    258959 
	   Memory (MB)          :    388        6000      6000 

	Job terminated of its own accord at 2021-07-19T08:42:29Z.
...
