000 (2521867.015.000) 07/19 07:46:08 Job submitted from host: <188.185.70.244:9618?addrs=188.185.70.244-9618+[2001-1458-d00-7--100-2ee]-9618&alias=bigbird10.cern.ch&noUDP&sock=schedd_2037_ca81>
...
040 (2521867.015.000) 07/19 07:48:48 Started transferring input files
	Transferring to host: <128.142.59.95:9618?addrs=128.142.59.95-9618+[2001-1458-301-21--100-5e]-9618&alias=b7s04p9030.cern.ch&noUDP&sock=slot1_2_6829_65ef_12157>
...
040 (2521867.015.000) 07/19 07:48:49 Finished transferring input files
...
001 (2521867.015.000) 07/19 07:48:49 Job executing on host: <128.142.59.95:9618?addrs=128.142.59.95-9618+[2001-1458-301-21--100-5e]-9618&alias=b7s04p9030.cern.ch&noUDP&sock=startd_6373_ed28>
...
006 (2521867.015.000) 07/19 07:48:57 Image size of job updated: 270128
	191  -  MemoryUsage of job (MB)
	194808  -  ResidentSetSize of job (KB)
...
006 (2521867.015.000) 07/19 07:53:57 Image size of job updated: 817308
	297  -  MemoryUsage of job (MB)
	303936  -  ResidentSetSize of job (KB)
...
006 (2521867.015.000) 07/19 08:07:30 Image size of job updated: 817824
	297  -  MemoryUsage of job (MB)
	303936  -  ResidentSetSize of job (KB)
...
040 (2521867.015.000) 07/19 08:07:30 Started transferring output files
...
040 (2521867.015.000) 07/19 08:07:30 Finished transferring output files
...
005 (2521867.015.000) 07/19 08:07:30 Job terminated.
	(1) Normal termination (return value 0)
		Usr 0 00:14:56, Sys 0 00:00:06  -  Run Remote Usage
		Usr 0 00:00:00, Sys 0 00:00:00  -  Run Local Usage
		Usr 0 00:14:56, Sys 0 00:00:06  -  Total Remote Usage
		Usr 0 00:00:00, Sys 0 00:00:00  -  Total Local Usage
	49291  -  Run Bytes Sent By Job
	55262812  -  Run Bytes Received By Job
	49291  -  Total Bytes Sent By Job
	55262812  -  Total Bytes Received By Job
	Partitionable Resources :     Usage  Request Allocated 
	   Cpus                 :      1.00        3         3 
	   Disk (KB)            : 184171       75000   1285188 
	   Memory (MB)          :    297        6000      6000 

	Job terminated of its own accord at 2021-07-19T06:07:30Z.
...
