000 (2521668.200.000) 07/19 01:56:57 Job submitted from host: <188.185.70.244:9618?addrs=188.185.70.244-9618+[2001-1458-d00-7--100-2ee]-9618&alias=bigbird10.cern.ch&noUDP&sock=schedd_2037_ca81>
...
040 (2521668.200.000) 07/19 02:17:41 Started transferring input files
	Transferring to host: <128.142.58.37:9618?addrs=128.142.58.37-9618+[2001-1458-301-16--100-24]-9618&alias=b7s03p3926.cern.ch&noUDP&sock=slot1_10_3538_9749_4516>
...
040 (2521668.200.000) 07/19 02:17:42 Finished transferring input files
...
001 (2521668.200.000) 07/19 02:17:42 Job executing on host: <128.142.58.37:9618?addrs=128.142.58.37-9618+[2001-1458-301-16--100-24]-9618&alias=b7s03p3926.cern.ch&noUDP&sock=startd_2772_f09e>
...
006 (2521668.200.000) 07/19 02:17:51 Image size of job updated: 204796
	131  -  MemoryUsage of job (MB)
	133584  -  ResidentSetSize of job (KB)
...
006 (2521668.200.000) 07/19 02:22:52 Image size of job updated: 630848
	205  -  MemoryUsage of job (MB)
	208964  -  ResidentSetSize of job (KB)
...
040 (2521668.200.000) 07/19 02:29:43 Started transferring output files
...
040 (2521668.200.000) 07/19 02:29:44 Finished transferring output files
...
005 (2521668.200.000) 07/19 02:29:44 Job terminated.
	(1) Normal termination (return value 0)
		Usr 0 00:00:50, Sys 0 00:00:02  -  Run Remote Usage
		Usr 0 00:00:00, Sys 0 00:00:00  -  Run Local Usage
		Usr 0 00:00:50, Sys 0 00:00:02  -  Total Remote Usage
		Usr 0 00:00:00, Sys 0 00:00:00  -  Total Local Usage
	53074  -  Run Bytes Sent By Job
	55262812  -  Run Bytes Received By Job
	53074  -  Total Bytes Sent By Job
	55262812  -  Total Bytes Received By Job
	Partitionable Resources :     Usage  Request Allocated 
	   Cpus                 :      0.04        3         3 
	   Disk (KB)            : 182653       75000   1344975 
	   Memory (MB)          :    205        6000      6000 

	Job terminated of its own accord at 2021-07-19T00:29:43Z.
...
