000 (2556073.017.000) 07/27 10:23:23 Job submitted from host: <188.185.70.244:9618?addrs=188.185.70.244-9618+[2001-1458-d00-7--100-2ee]-9618&alias=bigbird10.cern.ch&noUDP&sock=schedd_2037_ca81>
...
040 (2556073.017.000) 07/27 10:25:42 Started transferring input files
	Transferring to host: <128.142.56.157:9618?addrs=128.142.56.157-9618+[2001-1458-301-6--100-9c]-9618&alias=b7s01p2071.cern.ch&noUDP&sock=slot1_25_4037_2e7d_24935>
...
040 (2556073.017.000) 07/27 10:25:42 Finished transferring input files
...
001 (2556073.017.000) 07/27 10:25:42 Job executing on host: <128.142.56.157:9618?addrs=128.142.56.157-9618+[2001-1458-301-6--100-9c]-9618&alias=b7s01p2071.cern.ch&noUDP&sock=startd_3994_2159>
...
006 (2556073.017.000) 07/27 10:25:51 Image size of job updated: 321400
	201  -  MemoryUsage of job (MB)
	205232  -  ResidentSetSize of job (KB)
...
006 (2556073.017.000) 07/27 10:30:51 Image size of job updated: 782852
	260  -  MemoryUsage of job (MB)
	265528  -  ResidentSetSize of job (KB)
...
006 (2556073.017.000) 07/27 10:33:43 Image size of job updated: 783468
	260  -  MemoryUsage of job (MB)
	265528  -  ResidentSetSize of job (KB)
...
040 (2556073.017.000) 07/27 10:33:44 Started transferring output files
...
040 (2556073.017.000) 07/27 10:33:44 Finished transferring output files
...
005 (2556073.017.000) 07/27 10:33:44 Job terminated.
	(1) Normal termination (return value 0)
		Usr 0 00:07:40, Sys 0 00:00:02  -  Run Remote Usage
		Usr 0 00:00:00, Sys 0 00:00:00  -  Run Local Usage
		Usr 0 00:07:40, Sys 0 00:00:02  -  Total Remote Usage
		Usr 0 00:00:00, Sys 0 00:00:00  -  Total Local Usage
	50594  -  Run Bytes Sent By Job
	55262880  -  Run Bytes Received By Job
	50594  -  Total Bytes Sent By Job
	55262880  -  Total Bytes Received By Job
	Partitionable Resources :     Usage  Request Allocated 
	   Cpus                 :      1.00        3         3 
	   Disk (KB)            : 181430       75000   1254406 
	   Memory (MB)          :    260        6000      6000 

	Job terminated of its own accord at 2021-07-27T08:33:43Z.
...
