000 (2524617.169.000) 07/20 01:52:27 Job submitted from host: <188.185.70.244:9618?addrs=188.185.70.244-9618+[2001-1458-d00-7--100-2ee]-9618&alias=bigbird10.cern.ch&noUDP&sock=schedd_2037_ca81>
...
040 (2524617.169.000) 07/20 02:01:09 Started transferring input files
	Transferring to host: <188.184.139.109:9618?addrs=188.184.139.109-9618+[2001-1458-301-45--100-16f]-9618&alias=b7g42n0637.cern.ch&noUDP&sock=slot1_1_3212_e4fc_65061>
...
040 (2524617.169.000) 07/20 02:01:10 Finished transferring input files
...
001 (2524617.169.000) 07/20 02:01:10 Job executing on host: <188.184.139.109:9618?addrs=188.184.139.109-9618+[2001-1458-301-45--100-16f]-9618&alias=b7g42n0637.cern.ch&noUDP&sock=startd_2816_1ec8>
...
006 (2524617.169.000) 07/20 02:01:19 Image size of job updated: 288736
	81  -  MemoryUsage of job (MB)
	82780  -  ResidentSetSize of job (KB)
...
006 (2524617.169.000) 07/20 02:06:20 Image size of job updated: 809532
	289  -  MemoryUsage of job (MB)
	295744  -  ResidentSetSize of job (KB)
...
006 (2524617.169.000) 07/20 02:31:23 Image size of job updated: 810148
	290  -  MemoryUsage of job (MB)
	296352  -  ResidentSetSize of job (KB)
...
006 (2524617.169.000) 07/20 02:34:24 Image size of job updated: 810412
	290  -  MemoryUsage of job (MB)
	296352  -  ResidentSetSize of job (KB)
...
040 (2524617.169.000) 07/20 02:34:24 Started transferring output files
...
040 (2524617.169.000) 07/20 02:34:24 Finished transferring output files
...
005 (2524617.169.000) 07/20 02:34:24 Job terminated.
	(1) Normal termination (return value 0)
		Usr 0 00:30:21, Sys 0 00:00:04  -  Run Remote Usage
		Usr 0 00:00:00, Sys 0 00:00:00  -  Run Local Usage
		Usr 0 00:30:21, Sys 0 00:00:04  -  Total Remote Usage
		Usr 0 00:00:00, Sys 0 00:00:00  -  Total Local Usage
	57705  -  Run Bytes Sent By Job
	55262812  -  Run Bytes Received By Job
	57705  -  Total Bytes Sent By Job
	55262812  -  Total Bytes Received By Job
	Partitionable Resources :     Usage  Request Allocated 
	   Cpus                 :      1.00        3         3 
	   Disk (KB)            : 182722       75000    288463 
	   Memory (MB)          :    290        6000      6000 

	Job terminated of its own accord at 2021-07-20T00:34:24Z.
...
