000 (2524617.193.000) 07/20 01:52:27 Job submitted from host: <188.185.70.244:9618?addrs=188.185.70.244-9618+[2001-1458-d00-7--100-2ee]-9618&alias=bigbird10.cern.ch&noUDP&sock=schedd_2037_ca81>
...
040 (2524617.193.000) 07/20 02:01:18 Started transferring input files
	Transferring to host: <128.142.57.43:9618?addrs=128.142.57.43-9618+[2001-1458-301-7--100-2a]-9618&alias=b7s02p5497.cern.ch&noUDP&sock=slot1_3_7101_0bfa_16872>
...
040 (2524617.193.000) 07/20 02:01:19 Finished transferring input files
...
001 (2524617.193.000) 07/20 02:01:20 Job executing on host: <128.142.57.43:9618?addrs=128.142.57.43-9618+[2001-1458-301-7--100-2a]-9618&alias=b7s02p5497.cern.ch&noUDP&sock=startd_6646_2e82>
...
006 (2524617.193.000) 07/20 02:01:28 Image size of job updated: 534336
	132  -  MemoryUsage of job (MB)
	134172  -  ResidentSetSize of job (KB)
...
006 (2524617.193.000) 07/20 02:06:28 Image size of job updated: 631964
	205  -  MemoryUsage of job (MB)
	209664  -  ResidentSetSize of job (KB)
...
006 (2524617.193.000) 07/20 02:11:29 Image size of job updated: 631964
	205  -  MemoryUsage of job (MB)
	209672  -  ResidentSetSize of job (KB)
...
006 (2524617.193.000) 07/20 02:21:30 Image size of job updated: 809572
	289  -  MemoryUsage of job (MB)
	295676  -  ResidentSetSize of job (KB)
...
006 (2524617.193.000) 07/20 02:26:31 Image size of job updated: 810060
	290  -  MemoryUsage of job (MB)
	296268  -  ResidentSetSize of job (KB)
...
040 (2524617.193.000) 07/20 02:28:56 Started transferring output files
...
040 (2524617.193.000) 07/20 02:28:56 Finished transferring output files
...
005 (2524617.193.000) 07/20 02:28:56 Job terminated.
	(1) Normal termination (return value 0)
		Usr 0 00:11:43, Sys 0 00:00:02  -  Run Remote Usage
		Usr 0 00:00:00, Sys 0 00:00:00  -  Run Local Usage
		Usr 0 00:11:43, Sys 0 00:00:02  -  Total Remote Usage
		Usr 0 00:00:00, Sys 0 00:00:00  -  Total Local Usage
	52971  -  Run Bytes Sent By Job
	55262812  -  Run Bytes Received By Job
	52971  -  Total Bytes Sent By Job
	55262812  -  Total Bytes Received By Job
	Partitionable Resources :     Usage  Request Allocated 
	   Cpus                 :      1.00        3         3 
	   Disk (KB)            : 182703       75000   1357522 
	   Memory (MB)          :    290        6000      6000 

	Job terminated of its own accord at 2021-07-20T00:28:56Z.
...
