000 (2536881.072.000) 07/22 03:18:13 Job submitted from host: <188.185.70.244:9618?addrs=188.185.70.244-9618+[2001-1458-d00-7--100-2ee]-9618&alias=bigbird10.cern.ch&noUDP&sock=schedd_2037_ca81>
...
040 (2536881.072.000) 07/22 03:25:10 Started transferring input files
	Transferring to host: <188.184.212.173:9618?addrs=188.184.212.173-9618+[2001-1458-301-10c--100-8c]-9618&alias=b7g24n0312.cern.ch&noUDP&sock=slot1_1_2269_7735_206>
...
040 (2536881.072.000) 07/22 03:25:11 Finished transferring input files
...
001 (2536881.072.000) 07/22 03:25:11 Job executing on host: <188.184.212.173:9618?addrs=188.184.212.173-9618+[2001-1458-301-10c--100-8c]-9618&alias=b7g24n0312.cern.ch&noUDP&sock=startd_2116_fa7d>
...
006 (2536881.072.000) 07/22 03:25:20 Image size of job updated: 86856
	40  -  MemoryUsage of job (MB)
	40948  -  ResidentSetSize of job (KB)
...
006 (2536881.072.000) 07/22 03:30:21 Image size of job updated: 631376
	205  -  MemoryUsage of job (MB)
	209616  -  ResidentSetSize of job (KB)
...
006 (2536881.072.000) 07/22 03:35:21 Image size of job updated: 817264
	297  -  MemoryUsage of job (MB)
	303980  -  ResidentSetSize of job (KB)
...
006 (2536881.072.000) 07/22 03:55:24 Image size of job updated: 817784
	298  -  MemoryUsage of job (MB)
	304588  -  ResidentSetSize of job (KB)
...
040 (2536881.072.000) 07/22 04:02:24 Started transferring output files
...
040 (2536881.072.000) 07/22 04:02:24 Finished transferring output files
...
005 (2536881.072.000) 07/22 04:02:25 Job terminated.
	(1) Normal termination (return value 0)
		Usr 0 00:30:57, Sys 0 00:00:03  -  Run Remote Usage
		Usr 0 00:00:00, Sys 0 00:00:00  -  Run Local Usage
		Usr 0 00:30:57, Sys 0 00:00:03  -  Total Remote Usage
		Usr 0 00:00:00, Sys 0 00:00:00  -  Total Local Usage
	44023  -  Run Bytes Sent By Job
	55262812  -  Run Bytes Received By Job
	44023  -  Total Bytes Sent By Job
	55262812  -  Total Bytes Received By Job
	Partitionable Resources :     Usage  Request Allocated 
	   Cpus                 :      1.00        3         3 
	   Disk (KB)            : 184191       75000    279116 
	   Memory (MB)          :    298        6000      6000 

	Job terminated of its own accord at 2021-07-22T02:02:24Z.
...
