000 (2521867.074.000) 07/19 07:46:08 Job submitted from host: <188.185.70.244:9618?addrs=188.185.70.244-9618+[2001-1458-d00-7--100-2ee]-9618&alias=bigbird10.cern.ch&noUDP&sock=schedd_2037_ca81>
...
040 (2521867.074.000) 07/19 07:49:08 Started transferring input files
	Transferring to host: <128.142.59.42:9618?addrs=128.142.59.42-9618+[2001-1458-301-21--100-29]-9618&alias=b7s04p6521.cern.ch&noUDP&sock=slot1_7_6748_538b_10706>
...
040 (2521867.074.000) 07/19 07:49:09 Finished transferring input files
...
001 (2521867.074.000) 07/19 07:49:09 Job executing on host: <128.142.59.42:9618?addrs=128.142.59.42-9618+[2001-1458-301-21--100-29]-9618&alias=b7s04p6521.cern.ch&noUDP&sock=startd_6286_406a>
...
006 (2521867.074.000) 07/19 07:49:17 Image size of job updated: 271424
	191  -  MemoryUsage of job (MB)
	194820  -  ResidentSetSize of job (KB)
...
006 (2521867.074.000) 07/19 07:54:17 Image size of job updated: 631404
	205  -  MemoryUsage of job (MB)
	209612  -  ResidentSetSize of job (KB)
...
006 (2521867.074.000) 07/19 07:59:18 Image size of job updated: 817320
	297  -  MemoryUsage of job (MB)
	303956  -  ResidentSetSize of job (KB)
...
006 (2521867.074.000) 07/19 08:04:19 Image size of job updated: 817924
	298  -  MemoryUsage of job (MB)
	304544  -  ResidentSetSize of job (KB)
...
040 (2521867.074.000) 07/19 08:06:51 Started transferring output files
...
040 (2521867.074.000) 07/19 08:06:51 Finished transferring output files
...
005 (2521867.074.000) 07/19 08:06:51 Job terminated.
	(1) Normal termination (return value 0)
		Usr 0 00:12:40, Sys 0 00:00:02  -  Run Remote Usage
		Usr 0 00:00:00, Sys 0 00:00:00  -  Run Local Usage
		Usr 0 00:12:40, Sys 0 00:00:02  -  Total Remote Usage
		Usr 0 00:00:00, Sys 0 00:00:00  -  Total Local Usage
	49929  -  Run Bytes Sent By Job
	55262812  -  Run Bytes Received By Job
	49929  -  Total Bytes Sent By Job
	55262812  -  Total Bytes Received By Job
	Partitionable Resources :     Usage  Request Allocated 
	   Cpus                 :      1.00        3         3 
	   Disk (KB)            : 184189       75000   1179342 
	   Memory (MB)          :    298        6000      6000 

	Job terminated of its own accord at 2021-07-19T06:06:51Z.
...
