000 (2523366.152.000) 07/19 23:50:31 Job submitted from host: <188.185.70.244:9618?addrs=188.185.70.244-9618+[2001-1458-d00-7--100-2ee]-9618&alias=bigbird10.cern.ch&noUDP&sock=schedd_2037_ca81>
...
040 (2523366.152.000) 07/20 00:30:21 Started transferring input files
	Transferring to host: <188.184.133.220:9618?addrs=188.184.133.220-9618+[2001-1458-301-a0--100-1c1]-9618&alias=b7g28n8222.cern.ch&noUDP&sock=slot1_3_3451_4aa5_91311>
...
040 (2523366.152.000) 07/20 00:30:22 Finished transferring input files
...
001 (2523366.152.000) 07/20 00:30:22 Job executing on host: <188.184.133.220:9618?addrs=188.184.133.220-9618+[2001-1458-301-a0--100-1c1]-9618&alias=b7g28n8222.cern.ch&noUDP&sock=startd_2926_9233>
...
006 (2523366.152.000) 07/20 00:30:31 Image size of job updated: 517968
	106  -  MemoryUsage of job (MB)
	108312  -  ResidentSetSize of job (KB)
...
006 (2523366.152.000) 07/20 00:35:32 Image size of job updated: 787460
	264  -  MemoryUsage of job (MB)
	270164  -  ResidentSetSize of job (KB)
...
006 (2523366.152.000) 07/20 00:43:01 Image size of job updated: 788072
	264  -  MemoryUsage of job (MB)
	270164  -  ResidentSetSize of job (KB)
...
040 (2523366.152.000) 07/20 00:43:01 Started transferring output files
...
040 (2523366.152.000) 07/20 00:43:01 Finished transferring output files
...
005 (2523366.152.000) 07/20 00:43:01 Job terminated.
	(1) Normal termination (return value 0)
		Usr 0 00:12:11, Sys 0 00:00:03  -  Run Remote Usage
		Usr 0 00:00:00, Sys 0 00:00:00  -  Run Local Usage
		Usr 0 00:12:11, Sys 0 00:00:03  -  Total Remote Usage
		Usr 0 00:00:00, Sys 0 00:00:00  -  Total Local Usage
	51025  -  Run Bytes Sent By Job
	55262812  -  Run Bytes Received By Job
	51025  -  Total Bytes Sent By Job
	55262812  -  Total Bytes Received By Job
	Partitionable Resources :     Usage  Request Allocated 
	   Cpus                 :      1.00        3         3 
	   Disk (KB)            : 178843       75000    214818 
	   Memory (MB)          :    264        6000      6000 

	Job terminated of its own accord at 2021-07-19T22:43:01Z.
...
