000 (2556074.031.000) 07/27 10:23:52 Job submitted from host: <188.185.70.244:9618?addrs=188.185.70.244-9618+[2001-1458-d00-7--100-2ee]-9618&alias=bigbird10.cern.ch&noUDP&sock=schedd_2037_ca81>
...
040 (2556074.031.000) 07/27 10:30:25 Started transferring input files
	Transferring to host: <128.142.84.71:9618?addrs=128.142.84.71-9618&alias=b7s14n9251.cern.ch&noUDP&sock=slot1_11_2523_6e80_78545>
...
040 (2556074.031.000) 07/27 10:30:26 Finished transferring input files
...
001 (2556074.031.000) 07/27 10:30:26 Job executing on host: <128.142.84.71:9618?addrs=128.142.84.71-9618&alias=b7s14n9251.cern.ch&noUDP&sock=startd_2299_8052>
...
006 (2556074.031.000) 07/27 10:30:35 Image size of job updated: 422128
	10  -  MemoryUsage of job (MB)
	10212  -  ResidentSetSize of job (KB)
...
006 (2556074.031.000) 07/27 10:35:36 Image size of job updated: 627380
	202  -  MemoryUsage of job (MB)
	205840  -  ResidentSetSize of job (KB)
...
006 (2556074.031.000) 07/27 10:40:36 Image size of job updated: 775016
	252  -  MemoryUsage of job (MB)
	257640  -  ResidentSetSize of job (KB)
...
006 (2556074.031.000) 07/27 10:45:36 Image size of job updated: 775616
	253  -  MemoryUsage of job (MB)
	258200  -  ResidentSetSize of job (KB)
...
040 (2556074.031.000) 07/27 10:46:28 Started transferring output files
...
040 (2556074.031.000) 07/27 10:46:29 Finished transferring output files
...
005 (2556074.031.000) 07/27 10:46:29 Job terminated.
	(1) Normal termination (return value 0)
		Usr 0 00:08:51, Sys 0 00:00:03  -  Run Remote Usage
		Usr 0 00:00:00, Sys 0 00:00:00  -  Run Local Usage
		Usr 0 00:08:51, Sys 0 00:00:03  -  Total Remote Usage
		Usr 0 00:00:00, Sys 0 00:00:00  -  Total Local Usage
	47563  -  Run Bytes Sent By Job
	55262880  -  Run Bytes Received By Job
	47563  -  Total Bytes Sent By Job
	55262880  -  Total Bytes Received By Job
	Partitionable Resources :     Usage  Request Allocated 
	   Cpus                 :      1.00        3         3 
	   Disk (KB)            : 179055       75000    263649 
	   Memory (MB)          :    253        6000      6000 

	Job terminated of its own accord at 2021-07-27T08:46:28Z.
...
