000 (2556078.025.000) 07/27 10:51:07 Job submitted from host: <188.185.70.244:9618?addrs=188.185.70.244-9618+[2001-1458-d00-7--100-2ee]-9618&alias=bigbird10.cern.ch&noUDP&sock=schedd_2037_ca81>
...
040 (2556078.025.000) 07/27 11:36:32 Started transferring input files
	Transferring to host: <128.142.58.57:9618?addrs=128.142.58.57-9618+[2001-1458-301-16--100-38]-9618&alias=b7s03p4795.cern.ch&noUDP&sock=slot1_25_6659_9e28_20820>
...
040 (2556078.025.000) 07/27 11:36:33 Finished transferring input files
...
001 (2556078.025.000) 07/27 11:36:33 Job executing on host: <128.142.58.57:9618?addrs=128.142.58.57-9618+[2001-1458-301-16--100-38]-9618&alias=b7s03p4795.cern.ch&noUDP&sock=startd_6200_4345>
...
006 (2556078.025.000) 07/27 11:36:41 Image size of job updated: 247176
	169  -  MemoryUsage of job (MB)
	172320  -  ResidentSetSize of job (KB)
...
006 (2556078.025.000) 07/27 11:41:41 Image size of job updated: 627368
	202  -  MemoryUsage of job (MB)
	205876  -  ResidentSetSize of job (KB)
...
006 (2556078.025.000) 07/27 11:46:42 Image size of job updated: 789280
	266  -  MemoryUsage of job (MB)
	271772  -  ResidentSetSize of job (KB)
...
006 (2556078.025.000) 07/27 11:50:51 Image size of job updated: 790108
	266  -  MemoryUsage of job (MB)
	271772  -  ResidentSetSize of job (KB)
...
040 (2556078.025.000) 07/27 11:50:51 Started transferring output files
...
040 (2556078.025.000) 07/27 11:50:51 Finished transferring output files
...
005 (2556078.025.000) 07/27 11:50:51 Job terminated.
	(1) Normal termination (return value 0)
		Usr 0 00:06:23, Sys 0 00:00:02  -  Run Remote Usage
		Usr 0 00:00:00, Sys 0 00:00:00  -  Run Local Usage
		Usr 0 00:06:23, Sys 0 00:00:02  -  Total Remote Usage
		Usr 0 00:00:00, Sys 0 00:00:00  -  Total Local Usage
	48741  -  Run Bytes Sent By Job
	55262880  -  Run Bytes Received By Job
	48741  -  Total Bytes Sent By Job
	55262880  -  Total Bytes Received By Job
	Partitionable Resources :     Usage  Request Allocated 
	   Cpus                 :      1.00        3         3 
	   Disk (KB)            : 182810       75000   1203647 
	   Memory (MB)          :    266        6000      6000 

	Job terminated of its own accord at 2021-07-27T09:50:51Z.
...
