000 (2521867.169.000) 07/19 07:46:08 Job submitted from host: <188.185.70.244:9618?addrs=188.185.70.244-9618+[2001-1458-d00-7--100-2ee]-9618&alias=bigbird10.cern.ch&noUDP&sock=schedd_2037_ca81>
...
040 (2521867.169.000) 07/19 07:49:43 Started transferring input files
	Transferring to host: <128.142.56.63:9618?addrs=128.142.56.63-9618+[2001-1458-301-6--100-3e]-9618&alias=b7s01p2370.cern.ch&noUDP&sock=slot1_14_54526_3fe2_15843>
...
040 (2521867.169.000) 07/19 07:49:44 Finished transferring input files
...
001 (2521867.169.000) 07/19 07:49:44 Job executing on host: <128.142.56.63:9618?addrs=128.142.56.63-9618+[2001-1458-301-6--100-3e]-9618&alias=b7s01p2370.cern.ch&noUDP&sock=startd_51433_56a5>
...
006 (2521867.169.000) 07/19 07:49:52 Image size of job updated: 409928
	191  -  MemoryUsage of job (MB)
	194808  -  ResidentSetSize of job (KB)
...
006 (2521867.169.000) 07/19 07:54:52 Image size of job updated: 631408
	205  -  MemoryUsage of job (MB)
	209576  -  ResidentSetSize of job (KB)
...
006 (2521867.169.000) 07/19 07:59:54 Image size of job updated: 817532
	297  -  MemoryUsage of job (MB)
	303828  -  ResidentSetSize of job (KB)
...
006 (2521867.169.000) 07/19 08:17:42 Image size of job updated: 818036
	297  -  MemoryUsage of job (MB)
	303828  -  ResidentSetSize of job (KB)
...
040 (2521867.169.000) 07/19 08:17:42 Started transferring output files
...
040 (2521867.169.000) 07/19 08:17:42 Finished transferring output files
...
005 (2521867.169.000) 07/19 08:17:43 Job terminated.
	(1) Normal termination (return value 0)
		Usr 0 00:21:44, Sys 0 00:00:02  -  Run Remote Usage
		Usr 0 00:00:00, Sys 0 00:00:00  -  Run Local Usage
		Usr 0 00:21:44, Sys 0 00:00:02  -  Total Remote Usage
		Usr 0 00:00:00, Sys 0 00:00:00  -  Total Local Usage
	49407  -  Run Bytes Sent By Job
	55262812  -  Run Bytes Received By Job
	49407  -  Total Bytes Sent By Job
	55262812  -  Total Bytes Received By Job
	Partitionable Resources :     Usage  Request Allocated 
	   Cpus                 :      1.00        3         3 
	   Disk (KB)            : 184210       75000   1361850 
	   Memory (MB)          :    297        6000      6000 

	Job terminated of its own accord at 2021-07-19T06:17:42Z.
...
