000 (2521876.047.000) 07/19 08:46:26 Job submitted from host: <188.185.70.244:9618?addrs=188.185.70.244-9618+[2001-1458-d00-7--100-2ee]-9618&alias=bigbird10.cern.ch&noUDP&sock=schedd_2037_ca81>
...
040 (2521876.047.000) 07/19 09:18:33 Started transferring input files
	Transferring to host: <128.142.57.32:9618?addrs=128.142.57.32-9618+[2001-1458-301-7--100-1f]-9618&alias=b7s02p4476.cern.ch&noUDP&sock=slot1_1_6580_f485_16316>
...
040 (2521876.047.000) 07/19 09:18:34 Finished transferring input files
...
001 (2521876.047.000) 07/19 09:18:34 Job executing on host: <128.142.57.32:9618?addrs=128.142.57.32-9618+[2001-1458-301-7--100-1f]-9618&alias=b7s02p4476.cern.ch&noUDP&sock=startd_6118_0481>
...
006 (2521876.047.000) 07/19 09:18:43 Image size of job updated: 607216
	209  -  MemoryUsage of job (MB)
	213772  -  ResidentSetSize of job (KB)
...
006 (2521876.047.000) 07/19 09:23:44 Image size of job updated: 909564
	386  -  MemoryUsage of job (MB)
	395144  -  ResidentSetSize of job (KB)
...
040 (2521876.047.000) 07/19 09:53:27 Started transferring output files
...
040 (2521876.047.000) 07/19 09:53:27 Finished transferring output files
...
005 (2521876.047.000) 07/19 09:53:28 Job terminated.
	(1) Normal termination (return value 0)
		Usr 0 00:34:40, Sys 0 00:00:03  -  Run Remote Usage
		Usr 0 00:00:00, Sys 0 00:00:00  -  Run Local Usage
		Usr 0 00:34:40, Sys 0 00:00:03  -  Total Remote Usage
		Usr 0 00:00:00, Sys 0 00:00:00  -  Total Local Usage
	49494  -  Run Bytes Sent By Job
	55262812  -  Run Bytes Received By Job
	49494  -  Total Bytes Sent By Job
	55262812  -  Total Bytes Received By Job
	Partitionable Resources :     Usage  Request Allocated 
	   Cpus                 :      1.00        3         3 
	   Disk (KB)            : 197940       75000   1343155 
	   Memory (MB)          :    386        6000      6000 

	Job terminated of its own accord at 2021-07-19T07:53:27Z.
...
