000 (2521842.155.000) 07/19 05:55:56 Job submitted from host: <188.185.70.244:9618?addrs=188.185.70.244-9618+[2001-1458-d00-7--100-2ee]-9618&alias=bigbird10.cern.ch&noUDP&sock=schedd_2037_ca81>
...
040 (2521842.155.000) 07/19 06:03:43 Started transferring input files
	Transferring to host: <128.142.76.135:9618?addrs=128.142.76.135-9618+[2001-1458-301-f4--100-34f]-9618&alias=b7s12n4090.cern.ch&noUDP&sock=slot1_1_7285_b101_70362>
...
001 (2521842.155.000) 07/19 06:03:44 Job executing on host: <128.142.76.135:9618?addrs=128.142.76.135-9618+[2001-1458-301-f4--100-34f]-9618&alias=b7s12n4090.cern.ch&noUDP&sock=startd_6356_440b>
...
040 (2521842.155.000) 07/19 06:03:44 Finished transferring input files
...
006 (2521842.155.000) 07/19 06:03:53 Image size of job updated: 139532
	84  -  MemoryUsage of job (MB)
	85708  -  ResidentSetSize of job (KB)
...
006 (2521842.155.000) 07/19 06:08:54 Image size of job updated: 626264
	201  -  MemoryUsage of job (MB)
	205228  -  ResidentSetSize of job (KB)
...
006 (2521842.155.000) 07/19 06:28:56 Image size of job updated: 825264
	302  -  MemoryUsage of job (MB)
	308400  -  ResidentSetSize of job (KB)
...
006 (2521842.155.000) 07/19 06:48:59 Image size of job updated: 825848
	302  -  MemoryUsage of job (MB)
	309028  -  ResidentSetSize of job (KB)
...
040 (2521842.155.000) 07/19 06:52:14 Started transferring output files
...
040 (2521842.155.000) 07/19 06:52:14 Finished transferring output files
...
005 (2521842.155.000) 07/19 06:52:15 Job terminated.
	(1) Normal termination (return value 0)
		Usr 0 00:26:43, Sys 0 00:00:02  -  Run Remote Usage
		Usr 0 00:00:00, Sys 0 00:00:00  -  Run Local Usage
		Usr 0 00:26:43, Sys 0 00:00:02  -  Total Remote Usage
		Usr 0 00:00:00, Sys 0 00:00:00  -  Total Local Usage
	50954  -  Run Bytes Sent By Job
	55262812  -  Run Bytes Received By Job
	50954  -  Total Bytes Sent By Job
	55262812  -  Total Bytes Received By Job
	Partitionable Resources :     Usage  Request Allocated 
	   Cpus                 :      1.00        3         3 
	   Disk (KB)            : 185732       75000    283751 
	   Memory (MB)          :    302        6000      6000 

	Job terminated of its own accord at 2021-07-19T04:52:14Z.
...
