000 (2521675.201.000) 07/19 04:18:40 Job submitted from host: <188.185.70.244:9618?addrs=188.185.70.244-9618+[2001-1458-d00-7--100-2ee]-9618&alias=bigbird10.cern.ch&noUDP&sock=schedd_2037_ca81>
...
040 (2521675.201.000) 07/19 04:26:02 Started transferring input files
	Transferring to host: <128.142.58.154:9618?addrs=128.142.58.154-9618+[2001-1458-301-16--100-99]-9618&alias=b7s03p7514.cern.ch&noUDP&sock=slot1_8_6659_9e28_10839>
...
040 (2521675.201.000) 07/19 04:26:03 Finished transferring input files
...
001 (2521675.201.000) 07/19 04:26:03 Job executing on host: <128.142.58.154:9618?addrs=128.142.58.154-9618+[2001-1458-301-16--100-99]-9618&alias=b7s03p7514.cern.ch&noUDP&sock=startd_6204_01a6>
...
006 (2521675.201.000) 07/19 04:26:11 Image size of job updated: 284168
	205  -  MemoryUsage of job (MB)
	209616  -  ResidentSetSize of job (KB)
...
006 (2521675.201.000) 07/19 04:26:46 Image size of job updated: 631388
	205  -  MemoryUsage of job (MB)
	209616  -  ResidentSetSize of job (KB)
...
040 (2521675.201.000) 07/19 04:26:47 Started transferring output files
...
040 (2521675.201.000) 07/19 04:26:47 Finished transferring output files
...
005 (2521675.201.000) 07/19 04:26:47 Job terminated.
	(1) Normal termination (return value 0)
		Usr 0 00:00:40, Sys 0 00:00:01  -  Run Remote Usage
		Usr 0 00:00:00, Sys 0 00:00:00  -  Run Local Usage
		Usr 0 00:00:40, Sys 0 00:00:01  -  Total Remote Usage
		Usr 0 00:00:00, Sys 0 00:00:00  -  Total Local Usage
	52731  -  Run Bytes Sent By Job
	55262812  -  Run Bytes Received By Job
	52731  -  Total Bytes Sent By Job
	55262812  -  Total Bytes Received By Job
	Partitionable Resources :    Usage  Request Allocated 
	   Cpus                 :                 3         3 
	   Disk (KB)            :   182236    75000   1271053 
	   Memory (MB)          :      205     6000      6000 

	Job terminated of its own accord at 2021-07-19T02:26:46Z.
...
