000 (2556078.028.000) 07/27 10:51:07 Job submitted from host: <188.185.70.244:9618?addrs=188.185.70.244-9618+[2001-1458-d00-7--100-2ee]-9618&alias=bigbird10.cern.ch&noUDP&sock=schedd_2037_ca81>
...
040 (2556078.028.000) 07/27 11:36:33 Started transferring input files
	Transferring to host: <128.142.58.31:9618?addrs=128.142.58.31-9618+[2001-1458-301-16--100-1e]-9618&alias=b7s03p5163.cern.ch&noUDP&sock=slot1_6_6627_1227_20398>
...
040 (2556078.028.000) 07/27 11:36:34 Finished transferring input files
...
001 (2556078.028.000) 07/27 11:36:34 Job executing on host: <128.142.58.31:9618?addrs=128.142.58.31-9618+[2001-1458-301-16--100-1e]-9618&alias=b7s03p5163.cern.ch&noUDP&sock=startd_6160_d37b>
...
006 (2556078.028.000) 07/27 11:36:42 Image size of job updated: 422112
	68  -  MemoryUsage of job (MB)
	69480  -  ResidentSetSize of job (KB)
...
006 (2556078.028.000) 07/27 11:41:42 Image size of job updated: 801288
	278  -  MemoryUsage of job (MB)
	283780  -  ResidentSetSize of job (KB)
...
006 (2556078.028.000) 07/27 11:49:23 Image size of job updated: 802116
	278  -  MemoryUsage of job (MB)
	283780  -  ResidentSetSize of job (KB)
...
040 (2556078.028.000) 07/27 11:49:23 Started transferring output files
...
040 (2556078.028.000) 07/27 11:49:23 Finished transferring output files
...
005 (2556078.028.000) 07/27 11:49:23 Job terminated.
	(1) Normal termination (return value 0)
		Usr 0 00:09:57, Sys 0 00:00:02  -  Run Remote Usage
		Usr 0 00:00:00, Sys 0 00:00:00  -  Run Local Usage
		Usr 0 00:09:57, Sys 0 00:00:02  -  Total Remote Usage
		Usr 0 00:00:00, Sys 0 00:00:00  -  Total Local Usage
	51458  -  Run Bytes Sent By Job
	55262880  -  Run Bytes Received By Job
	51458  -  Total Bytes Sent By Job
	55262880  -  Total Bytes Received By Job
	Partitionable Resources :     Usage  Request Allocated 
	   Cpus                 :      1.00        3         3 
	   Disk (KB)            : 186455       75000   1330945 
	   Memory (MB)          :    278        6000      6000 

	Job terminated of its own accord at 2021-07-27T09:49:23Z.
...
