000 (2524617.079.000) 07/20 01:52:27 Job submitted from host: <188.185.70.244:9618?addrs=188.185.70.244-9618+[2001-1458-d00-7--100-2ee]-9618&alias=bigbird10.cern.ch&noUDP&sock=schedd_2037_ca81>
...
040 (2524617.079.000) 07/20 01:55:52 Started transferring input files
	Transferring to host: <128.142.57.98:9618?addrs=128.142.57.98-9618+[2001-1458-301-7--100-61]-9618&alias=b7s02p4710.cern.ch&noUDP&sock=slot1_10_6606_4646_16825>
...
040 (2524617.079.000) 07/20 01:55:53 Finished transferring input files
...
001 (2524617.079.000) 07/20 01:55:53 Job executing on host: <128.142.57.98:9618?addrs=128.142.57.98-9618+[2001-1458-301-7--100-61]-9618&alias=b7s02p4710.cern.ch&noUDP&sock=startd_6141_cb2f>
...
006 (2524617.079.000) 07/20 01:56:01 Image size of job updated: 632508
	191  -  MemoryUsage of job (MB)
	194844  -  ResidentSetSize of job (KB)
...
006 (2524617.079.000) 07/20 02:01:01 Image size of job updated: 809360
	289  -  MemoryUsage of job (MB)
	295532  -  ResidentSetSize of job (KB)
...
006 (2524617.079.000) 07/20 02:14:41 Image size of job updated: 809936
	289  -  MemoryUsage of job (MB)
	295532  -  ResidentSetSize of job (KB)
...
040 (2524617.079.000) 07/20 02:14:41 Started transferring output files
...
040 (2524617.079.000) 07/20 02:14:41 Finished transferring output files
...
005 (2524617.079.000) 07/20 02:14:42 Job terminated.
	(1) Normal termination (return value 0)
		Usr 0 00:15:07, Sys 0 00:00:03  -  Run Remote Usage
		Usr 0 00:00:00, Sys 0 00:00:00  -  Run Local Usage
		Usr 0 00:15:07, Sys 0 00:00:03  -  Total Remote Usage
		Usr 0 00:00:00, Sys 0 00:00:00  -  Total Local Usage
	53021  -  Run Bytes Sent By Job
	55262812  -  Run Bytes Received By Job
	53021  -  Total Bytes Sent By Job
	55262812  -  Total Bytes Received By Job
	Partitionable Resources :     Usage  Request Allocated 
	   Cpus                 :      1.00        3         3 
	   Disk (KB)            : 182684       75000   1301903 
	   Memory (MB)          :    289        6000      6000 

	Job terminated of its own accord at 2021-07-20T00:14:41Z.
...
