000 (2536881.100.000) 07/22 03:18:13 Job submitted from host: <188.185.70.244:9618?addrs=188.185.70.244-9618+[2001-1458-d00-7--100-2ee]-9618&alias=bigbird10.cern.ch&noUDP&sock=schedd_2037_ca81>
...
040 (2536881.100.000) 07/22 03:25:27 Started transferring input files
	Transferring to host: <128.142.56.39:9618?addrs=128.142.56.39-9618+[2001-1458-301-6--100-26]-9618&alias=b7s01p1099.cern.ch&noUDP&sock=slot1_11_55342_3204_16264>
...
040 (2536881.100.000) 07/22 03:25:28 Finished transferring input files
...
001 (2536881.100.000) 07/22 03:25:28 Job executing on host: <128.142.56.39:9618?addrs=128.142.56.39-9618+[2001-1458-301-6--100-26]-9618&alias=b7s01p1099.cern.ch&noUDP&sock=startd_55296_08ff>
...
006 (2536881.100.000) 07/22 03:25:37 Image size of job updated: 277720
	193  -  MemoryUsage of job (MB)
	196692  -  ResidentSetSize of job (KB)
...
006 (2536881.100.000) 07/22 03:30:38 Image size of job updated: 636272
	209  -  MemoryUsage of job (MB)
	213788  -  ResidentSetSize of job (KB)
...
006 (2536881.100.000) 07/22 04:05:40 Image size of job updated: 916768
	394  -  MemoryUsage of job (MB)
	402620  -  ResidentSetSize of job (KB)
...
040 (2536881.100.000) 07/22 04:47:09 Started transferring output files
...
040 (2536881.100.000) 07/22 04:47:09 Finished transferring output files
...
005 (2536881.100.000) 07/22 04:47:09 Job terminated.
	(1) Normal termination (return value 0)
		Usr 0 00:44:56, Sys 0 00:00:04  -  Run Remote Usage
		Usr 0 00:00:00, Sys 0 00:00:00  -  Run Local Usage
		Usr 0 00:44:56, Sys 0 00:00:04  -  Total Remote Usage
		Usr 0 00:00:00, Sys 0 00:00:00  -  Total Local Usage
	44728  -  Run Bytes Sent By Job
	55262812  -  Run Bytes Received By Job
	44728  -  Total Bytes Sent By Job
	55262812  -  Total Bytes Received By Job
	Partitionable Resources :     Usage  Request Allocated 
	   Cpus                 :      1.00        3         3 
	   Disk (KB)            : 199316       75000   1297695 
	   Memory (MB)          :    394        6000      6000 

	Job terminated of its own accord at 2021-07-22T02:47:09Z.
...
