000 (2523366.138.000) 07/19 23:50:31 Job submitted from host: <188.185.70.244:9618?addrs=188.185.70.244-9618+[2001-1458-d00-7--100-2ee]-9618&alias=bigbird10.cern.ch&noUDP&sock=schedd_2037_ca81>
...
040 (2523366.138.000) 07/20 00:27:07 Started transferring input files
	Transferring to host: <128.142.58.56:9618?addrs=128.142.58.56-9618+[2001-1458-301-16--100-37]-9618&alias=b7s03p5230.cern.ch&noUDP&sock=slot1_8_6622_8c46_13175>
...
040 (2523366.138.000) 07/20 00:27:08 Finished transferring input files
...
001 (2523366.138.000) 07/20 00:27:08 Job executing on host: <128.142.58.56:9618?addrs=128.142.58.56-9618+[2001-1458-301-16--100-37]-9618&alias=b7s03p5230.cern.ch&noUDP&sock=startd_6158_744b>
...
006 (2523366.138.000) 07/20 00:27:16 Image size of job updated: 269788
	191  -  MemoryUsage of job (MB)
	194776  -  ResidentSetSize of job (KB)
...
006 (2523366.138.000) 07/20 00:32:16 Image size of job updated: 804168
	284  -  MemoryUsage of job (MB)
	290712  -  ResidentSetSize of job (KB)
...
006 (2523366.138.000) 07/20 00:37:16 Image size of job updated: 804748
	285  -  MemoryUsage of job (MB)
	291300  -  ResidentSetSize of job (KB)
...
040 (2523366.138.000) 07/20 00:38:56 Started transferring output files
...
040 (2523366.138.000) 07/20 00:38:56 Finished transferring output files
...
005 (2523366.138.000) 07/20 00:38:56 Job terminated.
	(1) Normal termination (return value 0)
		Usr 0 00:11:42, Sys 0 00:00:02  -  Run Remote Usage
		Usr 0 00:00:00, Sys 0 00:00:00  -  Run Local Usage
		Usr 0 00:11:42, Sys 0 00:00:02  -  Total Remote Usage
		Usr 0 00:00:00, Sys 0 00:00:00  -  Total Local Usage
	50704  -  Run Bytes Sent By Job
	55262812  -  Run Bytes Received By Job
	50704  -  Total Bytes Sent By Job
	55262812  -  Total Bytes Received By Job
	Partitionable Resources :     Usage  Request Allocated 
	   Cpus                 :      1.00        3         3 
	   Disk (KB)            : 181747       75000   1284998 
	   Memory (MB)          :    285        6000      6000 

	Job terminated of its own accord at 2021-07-19T22:38:55Z.
...
