000 (2557076.002.000) 07/28 10:47:43 Job submitted from host: <188.185.70.244:9618?addrs=188.185.70.244-9618+[2001-1458-d00-7--100-2ee]-9618&alias=bigbird10.cern.ch&noUDP&sock=schedd_2037_ca81>
...
040 (2557076.002.000) 07/28 11:22:29 Started transferring input files
	Transferring to host: <128.142.57.98:9618?addrs=128.142.57.98-9618+[2001-1458-301-7--100-61]-9618&alias=b7s02p4710.cern.ch&noUDP&sock=slot1_9_6606_4646_26661>
...
040 (2557076.002.000) 07/28 11:22:30 Finished transferring input files
...
001 (2557076.002.000) 07/28 11:22:31 Job executing on host: <128.142.57.98:9618?addrs=128.142.57.98-9618+[2001-1458-301-7--100-61]-9618&alias=b7s02p4710.cern.ch&noUDP&sock=startd_6141_cb2f>
...
006 (2557076.002.000) 07/28 11:22:39 Image size of job updated: 246660
	205  -  MemoryUsage of job (MB)
	209688  -  ResidentSetSize of job (KB)
...
006 (2557076.002.000) 07/28 11:27:39 Image size of job updated: 786204
	267  -  MemoryUsage of job (MB)
	272404  -  ResidentSetSize of job (KB)
...
006 (2557076.002.000) 07/28 11:30:11 Image size of job updated: 796852
	267  -  MemoryUsage of job (MB)
	272404  -  ResidentSetSize of job (KB)
...
040 (2557076.002.000) 07/28 11:30:11 Started transferring output files
...
040 (2557076.002.000) 07/28 11:30:12 Finished transferring output files
...
005 (2557076.002.000) 07/28 11:30:12 Job terminated.
	(1) Normal termination (return value 0)
		Usr 0 00:07:37, Sys 0 00:00:01  -  Run Remote Usage
		Usr 0 00:00:00, Sys 0 00:00:00  -  Run Local Usage
		Usr 0 00:07:37, Sys 0 00:00:01  -  Total Remote Usage
		Usr 0 00:00:00, Sys 0 00:00:00  -  Total Local Usage
	52075  -  Run Bytes Sent By Job
	55262880  -  Run Bytes Received By Job
	52075  -  Total Bytes Sent By Job
	55262880  -  Total Bytes Received By Job
	Partitionable Resources :    Usage  Request Allocated 
	   Cpus                 :                 5         5 
	   Disk (KB)            :   182243    75000   1386235 
	   Memory (MB)          :      267    10000     10000 

	Job terminated of its own accord at 2021-07-28T09:30:11Z.
...
