000 (2521842.034.000) 07/19 05:55:55 Job submitted from host: <188.185.70.244:9618?addrs=188.185.70.244-9618+[2001-1458-d00-7--100-2ee]-9618&alias=bigbird10.cern.ch&noUDP&sock=schedd_2037_ca81>
...
040 (2521842.034.000) 07/19 05:58:45 Started transferring input files
	Transferring to host: <188.184.138.178:9618?addrs=188.184.138.178-9618+[2001-1458-301-45--100-b1]-9618&alias=b7g42n0377.cern.ch&noUDP&sock=slot1_9_869_09fc_123244>
...
040 (2521842.034.000) 07/19 05:58:46 Finished transferring input files
...
001 (2521842.034.000) 07/19 05:58:46 Job executing on host: <188.184.138.178:9618?addrs=188.184.138.178-9618+[2001-1458-301-45--100-b1]-9618&alias=b7g42n0377.cern.ch&noUDP&sock=startd_5599_06da>
...
006 (2521842.034.000) 07/19 05:58:55 Image size of job updated: 288736
	97  -  MemoryUsage of job (MB)
	98948  -  ResidentSetSize of job (KB)
...
006 (2521842.034.000) 07/19 06:03:56 Image size of job updated: 636684
	210  -  MemoryUsage of job (MB)
	214160  -  ResidentSetSize of job (KB)
...
006 (2521842.034.000) 07/19 06:23:57 Image size of job updated: 822900
	303  -  MemoryUsage of job (MB)
	309432  -  ResidentSetSize of job (KB)
...
006 (2521842.034.000) 07/19 06:38:59 Image size of job updated: 823400
	303  -  MemoryUsage of job (MB)
	310032  -  ResidentSetSize of job (KB)
...
040 (2521842.034.000) 07/19 06:44:42 Started transferring output files
...
040 (2521842.034.000) 07/19 06:44:42 Finished transferring output files
...
005 (2521842.034.000) 07/19 06:44:42 Job terminated.
	(1) Normal termination (return value 0)
		Usr 0 00:25:56, Sys 0 00:00:04  -  Run Remote Usage
		Usr 0 00:00:00, Sys 0 00:00:00  -  Run Local Usage
		Usr 0 00:25:56, Sys 0 00:00:04  -  Total Remote Usage
		Usr 0 00:00:00, Sys 0 00:00:00  -  Total Local Usage
	49701  -  Run Bytes Sent By Job
	55262812  -  Run Bytes Received By Job
	49701  -  Total Bytes Sent By Job
	55262812  -  Total Bytes Received By Job
	Partitionable Resources :     Usage  Request Allocated 
	   Cpus                 :      1.00        3         3 
	   Disk (KB)            : 184430       75000    272837 
	   Memory (MB)          :    303        6000      6000 

	Job terminated of its own accord at 2021-07-19T04:44:42Z.
...
