000 (2536881.071.000) 07/22 03:18:13 Job submitted from host: <188.185.70.244:9618?addrs=188.185.70.244-9618+[2001-1458-d00-7--100-2ee]-9618&alias=bigbird10.cern.ch&noUDP&sock=schedd_2037_ca81>
...
040 (2536881.071.000) 07/22 03:25:09 Started transferring input files
	Transferring to host: <188.184.190.133:9618?addrs=188.184.190.133-9618+[2001-1458-301-4b--100-8e]-9618&alias=b7g42n0302.cern.ch&noUDP&sock=slot1_1_4625_7b15_65983>
...
040 (2536881.071.000) 07/22 03:25:10 Finished transferring input files
...
001 (2536881.071.000) 07/22 03:25:10 Job executing on host: <188.184.190.133:9618?addrs=188.184.190.133-9618+[2001-1458-301-4b--100-8e]-9618&alias=b7g42n0302.cern.ch&noUDP&sock=startd_3786_75a6>
...
006 (2536881.071.000) 07/22 03:25:19 Image size of job updated: 288736
	69  -  MemoryUsage of job (MB)
	70108  -  ResidentSetSize of job (KB)
...
006 (2536881.071.000) 07/22 03:30:20 Image size of job updated: 631952
	205  -  MemoryUsage of job (MB)
	209692  -  ResidentSetSize of job (KB)
...
006 (2536881.071.000) 07/22 03:35:20 Image size of job updated: 816404
	296  -  MemoryUsage of job (MB)
	302668  -  ResidentSetSize of job (KB)
...
006 (2536881.071.000) 07/22 03:55:23 Image size of job updated: 816884
	297  -  MemoryUsage of job (MB)
	303196  -  ResidentSetSize of job (KB)
...
040 (2536881.071.000) 07/22 03:57:12 Started transferring output files
...
040 (2536881.071.000) 07/22 03:57:12 Finished transferring output files
...
005 (2536881.071.000) 07/22 03:57:12 Job terminated.
	(1) Normal termination (return value 0)
		Usr 0 00:26:25, Sys 0 00:00:03  -  Run Remote Usage
		Usr 0 00:00:00, Sys 0 00:00:00  -  Run Local Usage
		Usr 0 00:26:25, Sys 0 00:00:03  -  Total Remote Usage
		Usr 0 00:00:00, Sys 0 00:00:00  -  Total Local Usage
	44199  -  Run Bytes Sent By Job
	55262812  -  Run Bytes Received By Job
	44199  -  Total Bytes Sent By Job
	55262812  -  Total Bytes Received By Job
	Partitionable Resources :     Usage  Request Allocated 
	   Cpus                 :      1.00        3         3 
	   Disk (KB)            : 184027       75000    300246 
	   Memory (MB)          :    297        6000      6000 

	Job terminated of its own accord at 2021-07-22T01:57:12Z.
...
