000 (2523366.059.000) 07/19 23:50:30 Job submitted from host: <188.185.70.244:9618?addrs=188.185.70.244-9618+[2001-1458-d00-7--100-2ee]-9618&alias=bigbird10.cern.ch&noUDP&sock=schedd_2037_ca81>
...
040 (2523366.059.000) 07/20 00:11:14 Started transferring input files
	Transferring to host: <128.142.57.29:9618?addrs=128.142.57.29-9618+[2001-1458-301-7--100-1c]-9618&alias=b7s02p6381.cern.ch&noUDP&sock=slot1_16_6714_5eca_16339>
...
040 (2523366.059.000) 07/20 00:11:14 Finished transferring input files
...
001 (2523366.059.000) 07/20 00:11:14 Job executing on host: <128.142.57.29:9618?addrs=128.142.57.29-9618+[2001-1458-301-7--100-1c]-9618&alias=b7s02p6381.cern.ch&noUDP&sock=startd_6248_2fd1>
...
006 (2523366.059.000) 07/20 00:11:23 Image size of job updated: 507252
	205  -  MemoryUsage of job (MB)
	209600  -  ResidentSetSize of job (KB)
...
006 (2523366.059.000) 07/20 00:16:24 Image size of job updated: 828564
	304  -  MemoryUsage of job (MB)
	311196  -  ResidentSetSize of job (KB)
...
006 (2523366.059.000) 07/20 00:21:24 Image size of job updated: 828564
	305  -  MemoryUsage of job (MB)
	311860  -  ResidentSetSize of job (KB)
...
006 (2523366.059.000) 07/20 00:26:25 Image size of job updated: 829120
	305  -  MemoryUsage of job (MB)
	311860  -  ResidentSetSize of job (KB)
...
040 (2523366.059.000) 07/20 00:29:25 Started transferring output files
...
040 (2523366.059.000) 07/20 00:29:25 Finished transferring output files
...
005 (2523366.059.000) 07/20 00:29:26 Job terminated.
	(1) Normal termination (return value 0)
		Usr 0 00:18:07, Sys 0 00:00:01  -  Run Remote Usage
		Usr 0 00:00:00, Sys 0 00:00:00  -  Run Local Usage
		Usr 0 00:18:07, Sys 0 00:00:01  -  Total Remote Usage
		Usr 0 00:00:00, Sys 0 00:00:00  -  Total Local Usage
	49165  -  Run Bytes Sent By Job
	55262812  -  Run Bytes Received By Job
	49165  -  Total Bytes Sent By Job
	55262812  -  Total Bytes Received By Job
	Partitionable Resources :     Usage  Request Allocated 
	   Cpus                 :      1.00        3         3 
	   Disk (KB)            : 185489       75000   1278388 
	   Memory (MB)          :    305        6000      6000 

	Job terminated of its own accord at 2021-07-19T22:29:24Z.
...
