000 (2556082.008.000) 07/27 11:07:46 Job submitted from host: <188.185.70.244:9618?addrs=188.185.70.244-9618+[2001-1458-d00-7--100-2ee]-9618&alias=bigbird10.cern.ch&noUDP&sock=schedd_2037_ca81>
...
040 (2556082.008.000) 07/27 11:38:32 Started transferring input files
	Transferring to host: <128.142.84.188:9618?addrs=128.142.84.188-9618+[2001-1458-301-f6--100-f8]-9618&alias=b7s14n4837.cern.ch&noUDP&sock=slot1_14_5913_fe4a_72610>
...
040 (2556082.008.000) 07/27 11:38:33 Finished transferring input files
...
001 (2556082.008.000) 07/27 11:38:33 Job executing on host: <128.142.84.188:9618?addrs=128.142.84.188-9618+[2001-1458-301-f6--100-f8]-9618&alias=b7s14n4837.cern.ch&noUDP&sock=startd_4745_40f9>
...
006 (2556082.008.000) 07/27 11:38:42 Image size of job updated: 288720
	4  -  MemoryUsage of job (MB)
	3680  -  ResidentSetSize of job (KB)
...
006 (2556082.008.000) 07/27 11:43:43 Image size of job updated: 631948
	205  -  MemoryUsage of job (MB)
	209680  -  ResidentSetSize of job (KB)
...
006 (2556082.008.000) 07/27 11:53:43 Image size of job updated: 803792
	284  -  MemoryUsage of job (MB)
	290188  -  ResidentSetSize of job (KB)
...
006 (2556082.008.000) 07/27 12:08:45 Image size of job updated: 806224
	286  -  MemoryUsage of job (MB)
	292672  -  ResidentSetSize of job (KB)
...
040 (2556082.008.000) 07/27 12:12:09 Started transferring output files
...
040 (2556082.008.000) 07/27 12:12:09 Finished transferring output files
...
005 (2556082.008.000) 07/27 12:12:09 Job terminated.
	(1) Normal termination (return value 0)
		Usr 0 00:22:50, Sys 0 00:00:03  -  Run Remote Usage
		Usr 0 00:00:00, Sys 0 00:00:00  -  Run Local Usage
		Usr 0 00:22:50, Sys 0 00:00:03  -  Total Remote Usage
		Usr 0 00:00:00, Sys 0 00:00:00  -  Total Local Usage
	41305  -  Run Bytes Sent By Job
	55262880  -  Run Bytes Received By Job
	41305  -  Total Bytes Sent By Job
	55262880  -  Total Bytes Received By Job
	Partitionable Resources :     Usage  Request Allocated 
	   Cpus                 :      1.00        3         3 
	   Disk (KB)            : 184817       75000    259450 
	   Memory (MB)          :    286        6000      6000 

	Job terminated of its own accord at 2021-07-27T10:12:09Z.
...
