000 (2521668.113.000) 07/19 01:56:57 Job submitted from host: <188.185.70.244:9618?addrs=188.185.70.244-9618+[2001-1458-d00-7--100-2ee]-9618&alias=bigbird10.cern.ch&noUDP&sock=schedd_2037_ca81>
...
040 (2521668.113.000) 07/19 02:08:51 Started transferring input files
	Transferring to host: <128.142.74.51:9618?addrs=128.142.74.51-9618+[2001-1458-301-75--100-320]-9618&alias=b7s11n2944.cern.ch&noUDP&sock=slot1_11_30218_1086_119857>
...
040 (2521668.113.000) 07/19 02:08:52 Finished transferring input files
...
001 (2521668.113.000) 07/19 02:08:52 Job executing on host: <128.142.74.51:9618?addrs=128.142.74.51-9618+[2001-1458-301-75--100-320]-9618&alias=b7s11n2944.cern.ch&noUDP&sock=startd_16884_991e>
...
006 (2521668.113.000) 07/19 02:09:01 Image size of job updated: 1051768
	135  -  MemoryUsage of job (MB)
	137240  -  ResidentSetSize of job (KB)
...
006 (2521668.113.000) 07/19 02:14:02 Image size of job updated: 1051768
	206  -  MemoryUsage of job (MB)
	210212  -  ResidentSetSize of job (KB)
...
040 (2521668.113.000) 07/19 02:21:36 Started transferring output files
...
040 (2521668.113.000) 07/19 02:21:36 Finished transferring output files
...
005 (2521668.113.000) 07/19 02:21:36 Job terminated.
	(1) Normal termination (return value 0)
		Usr 0 00:03:28, Sys 0 00:00:04  -  Run Remote Usage
		Usr 0 00:00:00, Sys 0 00:00:00  -  Run Local Usage
		Usr 0 00:03:28, Sys 0 00:00:04  -  Total Remote Usage
		Usr 0 00:00:00, Sys 0 00:00:00  -  Total Local Usage
	52720  -  Run Bytes Sent By Job
	55262812  -  Run Bytes Received By Job
	52720  -  Total Bytes Sent By Job
	55262812  -  Total Bytes Received By Job
	Partitionable Resources :     Usage  Request Allocated 
	   Cpus                 :      0.25        3         3 
	   Disk (KB)            : 202211       75000    280047 
	   Memory (MB)          :    206        6000      6000 

	Job terminated of its own accord at 2021-07-19T00:21:36Z.
...
