000 (2522101.169.000) 07/19 11:55:34 Job submitted from host: <188.185.70.244:9618?addrs=188.185.70.244-9618+[2001-1458-d00-7--100-2ee]-9618&alias=bigbird10.cern.ch&noUDP&sock=schedd_2037_ca81>
...
040 (2522101.169.000) 07/19 13:02:48 Started transferring input files
	Transferring to host: <128.142.57.26:9618?addrs=128.142.57.26-9618+[2001-1458-301-7--100-19]-9618&alias=b7s02p0542.cern.ch&noUDP&sock=slot1_33_6620_2386_12739>
...
040 (2522101.169.000) 07/19 13:02:49 Finished transferring input files
...
001 (2522101.169.000) 07/19 13:02:49 Job executing on host: <128.142.57.26:9618?addrs=128.142.57.26-9618+[2001-1458-301-7--100-19]-9618&alias=b7s02p0542.cern.ch&noUDP&sock=startd_6150_f789>
...
006 (2522101.169.000) 07/19 13:02:58 Image size of job updated: 428052
	205  -  MemoryUsage of job (MB)
	209668  -  ResidentSetSize of job (KB)
...
006 (2522101.169.000) 07/19 13:07:59 Image size of job updated: 817088
	297  -  MemoryUsage of job (MB)
	303228  -  ResidentSetSize of job (KB)
...
006 (2522101.169.000) 07/19 13:18:00 Image size of job updated: 817564
	297  -  MemoryUsage of job (MB)
	303836  -  ResidentSetSize of job (KB)
...
040 (2522101.169.000) 07/19 13:19:32 Started transferring output files
...
040 (2522101.169.000) 07/19 13:19:32 Finished transferring output files
...
005 (2522101.169.000) 07/19 13:19:32 Job terminated.
	(1) Normal termination (return value 0)
		Usr 0 00:16:11, Sys 0 00:00:02  -  Run Remote Usage
		Usr 0 00:00:00, Sys 0 00:00:00  -  Run Local Usage
		Usr 0 00:16:11, Sys 0 00:00:02  -  Total Remote Usage
		Usr 0 00:00:00, Sys 0 00:00:00  -  Total Local Usage
	49736  -  Run Bytes Sent By Job
	55262812  -  Run Bytes Received By Job
	49736  -  Total Bytes Sent By Job
	55262812  -  Total Bytes Received By Job
	Partitionable Resources :     Usage  Request Allocated 
	   Cpus                 :      1.00        3         3 
	   Disk (KB)            : 184124       75000   1270616 
	   Memory (MB)          :    297        6000      6000 

	Job terminated of its own accord at 2021-07-19T11:19:31Z.
...
