000 (2523366.186.000) 07/19 23:50:31 Job submitted from host: <188.185.70.244:9618?addrs=188.185.70.244-9618+[2001-1458-d00-7--100-2ee]-9618&alias=bigbird10.cern.ch&noUDP&sock=schedd_2037_ca81>
...
040 (2523366.186.000) 07/20 00:30:32 Started transferring input files
	Transferring to host: <128.142.57.29:9618?addrs=128.142.57.29-9618+[2001-1458-301-7--100-1c]-9618&alias=b7s02p6381.cern.ch&noUDP&sock=slot1_3_6714_5eca_16358>
...
040 (2523366.186.000) 07/20 00:30:33 Finished transferring input files
...
001 (2523366.186.000) 07/20 00:30:34 Job executing on host: <128.142.57.29:9618?addrs=128.142.57.29-9618+[2001-1458-301-7--100-1c]-9618&alias=b7s02p6381.cern.ch&noUDP&sock=startd_6248_2fd1>
...
006 (2523366.186.000) 07/20 00:30:43 Image size of job updated: 279888
	201  -  MemoryUsage of job (MB)
	205232  -  ResidentSetSize of job (KB)
...
006 (2523366.186.000) 07/20 00:35:44 Image size of job updated: 810424
	287  -  MemoryUsage of job (MB)
	293648  -  ResidentSetSize of job (KB)
...
006 (2523366.186.000) 07/20 00:44:51 Image size of job updated: 811084
	287  -  MemoryUsage of job (MB)
	293648  -  ResidentSetSize of job (KB)
...
040 (2523366.186.000) 07/20 00:44:51 Started transferring output files
...
040 (2523366.186.000) 07/20 00:44:51 Finished transferring output files
...
005 (2523366.186.000) 07/20 00:44:52 Job terminated.
	(1) Normal termination (return value 0)
		Usr 0 00:14:13, Sys 0 00:00:02  -  Run Remote Usage
		Usr 0 00:00:00, Sys 0 00:00:00  -  Run Local Usage
		Usr 0 00:14:13, Sys 0 00:00:02  -  Total Remote Usage
		Usr 0 00:00:00, Sys 0 00:00:00  -  Total Local Usage
	48760  -  Run Bytes Sent By Job
	55262812  -  Run Bytes Received By Job
	48760  -  Total Bytes Sent By Job
	55262812  -  Total Bytes Received By Job
	Partitionable Resources :     Usage  Request Allocated 
	   Cpus                 :      1.00        3         3 
	   Disk (KB)            : 182989       75000   1280682 
	   Memory (MB)          :    287        6000      6000 

	Job terminated of its own accord at 2021-07-19T22:44:51Z.
...
