000 (2524871.108.000) 07/20 04:35:08 Job submitted from host: <188.185.70.244:9618?addrs=188.185.70.244-9618+[2001-1458-d00-7--100-2ee]-9618&alias=bigbird10.cern.ch&noUDP&sock=schedd_2037_ca81>
...
040 (2524871.108.000) 07/20 05:11:31 Started transferring input files
	Transferring to host: <128.142.56.110:9618?addrs=128.142.56.110-9618+[2001-1458-301-6--100-6d]-9618&alias=b7s01p8520.cern.ch&noUDP&sock=slot1_8_43356_f95c_13331>
...
040 (2524871.108.000) 07/20 05:11:32 Finished transferring input files
...
001 (2524871.108.000) 07/20 05:11:32 Job executing on host: <128.142.56.110:9618?addrs=128.142.56.110-9618+[2001-1458-301-6--100-6d]-9618&alias=b7s01p8520.cern.ch&noUDP&sock=startd_40244_9d78>
...
006 (2524871.108.000) 07/20 05:11:41 Image size of job updated: 419584
	141  -  MemoryUsage of job (MB)
	144188  -  ResidentSetSize of job (KB)
...
006 (2524871.108.000) 07/20 05:16:42 Image size of job updated: 635640
	209  -  MemoryUsage of job (MB)
	213564  -  ResidentSetSize of job (KB)
...
006 (2524871.108.000) 07/20 05:21:42 Image size of job updated: 635640
	209  -  MemoryUsage of job (MB)
	213568  -  ResidentSetSize of job (KB)
...
006 (2524871.108.000) 07/20 07:16:52 Image size of job updated: 892092
	370  -  MemoryUsage of job (MB)
	378492  -  ResidentSetSize of job (KB)
...
040 (2524871.108.000) 07/20 07:48:54 Started transferring output files
...
040 (2524871.108.000) 07/20 07:48:55 Finished transferring output files
...
005 (2524871.108.000) 07/20 07:48:55 Job terminated.
	(1) Normal termination (return value 0)
		Usr 0 00:35:13, Sys 0 00:00:03  -  Run Remote Usage
		Usr 0 00:00:00, Sys 0 00:00:00  -  Run Local Usage
		Usr 0 00:35:13, Sys 0 00:00:03  -  Total Remote Usage
		Usr 0 00:00:00, Sys 0 00:00:00  -  Total Local Usage
	51292  -  Run Bytes Sent By Job
	55262812  -  Run Bytes Received By Job
	51292  -  Total Bytes Sent By Job
	55262812  -  Total Bytes Received By Job
	Partitionable Resources :     Usage  Request Allocated 
	   Cpus                 :      1.00        3         3 
	   Disk (KB)            : 194631       75000   1336143 
	   Memory (MB)          :    370        6000      6000 

	Job terminated of its own accord at 2021-07-20T05:48:54Z.
...
