000 (2534572.169.000) 07/21 23:44:26 Job submitted from host: <188.185.70.244:9618?addrs=188.185.70.244-9618+[2001-1458-d00-7--100-2ee]-9618&alias=bigbird10.cern.ch&noUDP&sock=schedd_2037_ca81>
...
040 (2534572.169.000) 07/21 23:50:48 Started transferring input files
	Transferring to host: <128.142.59.93:9618?addrs=128.142.59.93-9618+[2001-1458-301-21--100-5c]-9618&alias=b7s04p6184.cern.ch&noUDP&sock=slot1_7_3789_7173_9138>
...
040 (2534572.169.000) 07/21 23:50:49 Finished transferring input files
...
001 (2534572.169.000) 07/21 23:50:49 Job executing on host: <128.142.59.93:9618?addrs=128.142.59.93-9618+[2001-1458-301-21--100-5c]-9618&alias=b7s04p6184.cern.ch&noUDP&sock=startd_2712_c8ef>
...
006 (2534572.169.000) 07/21 23:50:58 Image size of job updated: 577984
	191  -  MemoryUsage of job (MB)
	194824  -  ResidentSetSize of job (KB)
...
006 (2534572.169.000) 07/21 23:55:59 Image size of job updated: 631960
	205  -  MemoryUsage of job (MB)
	209700  -  ResidentSetSize of job (KB)
...
006 (2534572.169.000) 07/22 00:51:05 Image size of job updated: 819852
	299  -  MemoryUsage of job (MB)
	306044  -  ResidentSetSize of job (KB)
...
006 (2534572.169.000) 07/22 01:01:05 Image size of job updated: 820328
	300  -  MemoryUsage of job (MB)
	306620  -  ResidentSetSize of job (KB)
...
040 (2534572.169.000) 07/22 01:01:35 Started transferring output files
...
040 (2534572.169.000) 07/22 01:01:35 Finished transferring output files
...
005 (2534572.169.000) 07/22 01:01:36 Job terminated.
	(1) Normal termination (return value 0)
		Usr 0 00:15:25, Sys 0 00:00:02  -  Run Remote Usage
		Usr 0 00:00:00, Sys 0 00:00:00  -  Run Local Usage
		Usr 0 00:15:25, Sys 0 00:00:02  -  Total Remote Usage
		Usr 0 00:00:00, Sys 0 00:00:00  -  Total Local Usage
	43805  -  Run Bytes Sent By Job
	55262812  -  Run Bytes Received By Job
	43805  -  Total Bytes Sent By Job
	55262812  -  Total Bytes Received By Job
	Partitionable Resources :     Usage  Request Allocated 
	   Cpus                 :      1.00        3         3 
	   Disk (KB)            : 184656       75000   1256549 
	   Memory (MB)          :    300        6000      6000 

	Job terminated of its own accord at 2021-07-21T23:01:35Z.
...
