000 (2521876.001.000) 07/19 08:46:26 Job submitted from host: <188.185.70.244:9618?addrs=188.185.70.244-9618+[2001-1458-d00-7--100-2ee]-9618&alias=bigbird10.cern.ch&noUDP&sock=schedd_2037_ca81>
...
040 (2521876.001.000) 07/19 08:48:38 Started transferring input files
	Transferring to host: <128.142.56.64:9618?addrs=128.142.56.64-9618+[2001-1458-301-6--100-3f]-9618&alias=b7s01p0584.cern.ch&noUDP&sock=slot1_12_56218_6aa7_15852>
...
040 (2521876.001.000) 07/19 08:48:39 Finished transferring input files
...
001 (2521876.001.000) 07/19 08:48:39 Job executing on host: <128.142.56.64:9618?addrs=128.142.56.64-9618+[2001-1458-301-6--100-3f]-9618&alias=b7s01p0584.cern.ch&noUDP&sock=startd_53120_7aea>
...
006 (2521876.001.000) 07/19 08:48:47 Image size of job updated: 266888
	188  -  MemoryUsage of job (MB)
	191748  -  ResidentSetSize of job (KB)
...
006 (2521876.001.000) 07/19 08:53:47 Image size of job updated: 814376
	294  -  MemoryUsage of job (MB)
	301012  -  ResidentSetSize of job (KB)
...
006 (2521876.001.000) 07/19 09:03:15 Image size of job updated: 814936
	294  -  MemoryUsage of job (MB)
	301012  -  ResidentSetSize of job (KB)
...
040 (2521876.001.000) 07/19 09:03:15 Started transferring output files
...
040 (2521876.001.000) 07/19 09:03:15 Finished transferring output files
...
005 (2521876.001.000) 07/19 09:03:15 Job terminated.
	(1) Normal termination (return value 0)
		Usr 0 00:14:23, Sys 0 00:00:02  -  Run Remote Usage
		Usr 0 00:00:00, Sys 0 00:00:00  -  Run Local Usage
		Usr 0 00:14:23, Sys 0 00:00:02  -  Total Remote Usage
		Usr 0 00:00:00, Sys 0 00:00:00  -  Total Local Usage
	49738  -  Run Bytes Sent By Job
	55262812  -  Run Bytes Received By Job
	49738  -  Total Bytes Sent By Job
	55262812  -  Total Bytes Received By Job
	Partitionable Resources :     Usage  Request Allocated 
	   Cpus                 :      1.00        3         3 
	   Disk (KB)            : 183632       75000   1277256 
	   Memory (MB)          :    294        6000      6000 

	Job terminated of its own accord at 2021-07-19T07:03:15Z.
...
