000 (2524617.050.000) 07/20 01:52:26 Job submitted from host: <188.185.70.244:9618?addrs=188.185.70.244-9618+[2001-1458-d00-7--100-2ee]-9618&alias=bigbird10.cern.ch&noUDP&sock=schedd_2037_ca81>
...
040 (2524617.050.000) 07/20 01:55:43 Started transferring input files
	Transferring to host: <128.142.59.99:9618?addrs=128.142.59.99-9618+[2001-1458-301-21--100-62]-9618&alias=b7s04p5560.cern.ch&noUDP&sock=slot1_7_6634_00c7_12164>
...
040 (2524617.050.000) 07/20 01:55:44 Finished transferring input files
...
001 (2524617.050.000) 07/20 01:55:44 Job executing on host: <128.142.59.99:9618?addrs=128.142.59.99-9618+[2001-1458-301-21--100-62]-9618&alias=b7s04p5560.cern.ch&noUDP&sock=startd_6178_2c30>
...
006 (2524617.050.000) 07/20 01:55:53 Image size of job updated: 600524
	190  -  MemoryUsage of job (MB)
	193868  -  ResidentSetSize of job (KB)
...
006 (2524617.050.000) 07/20 02:00:54 Image size of job updated: 742052
	289  -  MemoryUsage of job (MB)
	295308  -  ResidentSetSize of job (KB)
...
006 (2524617.050.000) 07/20 02:05:55 Image size of job updated: 742132
	289  -  MemoryUsage of job (MB)
	295308  -  ResidentSetSize of job (KB)
...
006 (2524617.050.000) 07/20 02:09:41 Image size of job updated: 742672
	289  -  MemoryUsage of job (MB)
	295308  -  ResidentSetSize of job (KB)
...
040 (2524617.050.000) 07/20 02:09:41 Started transferring output files
...
040 (2524617.050.000) 07/20 02:09:41 Finished transferring output files
...
005 (2524617.050.000) 07/20 02:09:42 Job terminated.
	(1) Normal termination (return value 0)
		Usr 0 00:09:40, Sys 0 00:00:02  -  Run Remote Usage
		Usr 0 00:00:00, Sys 0 00:00:00  -  Run Local Usage
		Usr 0 00:09:40, Sys 0 00:00:02  -  Total Remote Usage
		Usr 0 00:00:00, Sys 0 00:00:00  -  Total Local Usage
	48606  -  Run Bytes Sent By Job
	55262812  -  Run Bytes Received By Job
	48606  -  Total Bytes Sent By Job
	55262812  -  Total Bytes Received By Job
	Partitionable Resources :     Usage  Request Allocated 
	   Cpus                 :      1.00        3         3 
	   Disk (KB)            : 183184       75000   1327407 
	   Memory (MB)          :    289        6000      6000 

	Job terminated of its own accord at 2021-07-20T00:09:41Z.
...
