000 (2522101.121.000) 07/19 11:55:34 Job submitted from host: <188.185.70.244:9618?addrs=188.185.70.244-9618+[2001-1458-d00-7--100-2ee]-9618&alias=bigbird10.cern.ch&noUDP&sock=schedd_2037_ca81>
...
040 (2522101.121.000) 07/19 12:55:57 Started transferring input files
	Transferring to host: <128.142.57.104:9618?addrs=128.142.57.104-9618+[2001-1458-301-7--100-67]-9618&alias=b7s02p1336.cern.ch&noUDP&sock=slot1_39_3439_d625_4999>
...
040 (2522101.121.000) 07/19 12:55:58 Finished transferring input files
...
001 (2522101.121.000) 07/19 12:55:58 Job executing on host: <128.142.57.104:9618?addrs=128.142.57.104-9618+[2001-1458-301-7--100-67]-9618&alias=b7s02p1336.cern.ch&noUDP&sock=startd_2677_c71e>
...
006 (2522101.121.000) 07/19 12:56:07 Image size of job updated: 434384
	192  -  MemoryUsage of job (MB)
	195616  -  ResidentSetSize of job (KB)
...
006 (2522101.121.000) 07/19 13:01:08 Image size of job updated: 952372
	424  -  MemoryUsage of job (MB)
	433904  -  ResidentSetSize of job (KB)
...
006 (2522101.121.000) 07/19 13:21:11 Image size of job updated: 952876
	425  -  MemoryUsage of job (MB)
	434488  -  ResidentSetSize of job (KB)
...
040 (2522101.121.000) 07/19 13:37:56 Started transferring output files
...
040 (2522101.121.000) 07/19 13:37:56 Finished transferring output files
...
005 (2522101.121.000) 07/19 13:37:56 Job terminated.
	(1) Normal termination (return value 0)
		Usr 0 00:40:53, Sys 0 00:00:04  -  Run Remote Usage
		Usr 0 00:00:00, Sys 0 00:00:00  -  Run Local Usage
		Usr 0 00:40:53, Sys 0 00:00:04  -  Total Remote Usage
		Usr 0 00:00:00, Sys 0 00:00:00  -  Total Local Usage
	48372  -  Run Bytes Sent By Job
	55262812  -  Run Bytes Received By Job
	48372  -  Total Bytes Sent By Job
	55262812  -  Total Bytes Received By Job
	Partitionable Resources :     Usage  Request Allocated 
	   Cpus                 :      1.00        3         3 
	   Disk (KB)            : 207008       75000   1210599 
	   Memory (MB)          :    425        6000      6000 

	Job terminated of its own accord at 2021-07-19T11:37:56Z.
...
