000 (2521842.012.000) 07/19 05:55:55 Job submitted from host: <188.185.70.244:9618?addrs=188.185.70.244-9618+[2001-1458-d00-7--100-2ee]-9618&alias=bigbird10.cern.ch&noUDP&sock=schedd_2037_ca81>
...
040 (2521842.012.000) 07/19 05:58:39 Started transferring input files
	Transferring to host: <128.142.77.48:9618?addrs=128.142.77.48-9618+[2001-1458-301-f4--100-3ed]-9618&alias=b7s12n4092.cern.ch&noUDP&sock=slot1_2_5183_a46c_69924>
...
040 (2521842.012.000) 07/19 05:58:40 Finished transferring input files
...
001 (2521842.012.000) 07/19 05:58:40 Job executing on host: <128.142.77.48:9618?addrs=128.142.77.48-9618+[2001-1458-301-f4--100-3ed]-9618&alias=b7s12n4092.cern.ch&noUDP&sock=startd_4072_a1bc>
...
006 (2521842.012.000) 07/19 05:58:49 Image size of job updated: 65324
	32  -  MemoryUsage of job (MB)
	31976  -  ResidentSetSize of job (KB)
...
006 (2521842.012.000) 07/19 06:03:50 Image size of job updated: 631952
	205  -  MemoryUsage of job (MB)
	209652  -  ResidentSetSize of job (KB)
...
006 (2521842.012.000) 07/19 06:18:52 Image size of job updated: 811700
	291  -  MemoryUsage of job (MB)
	297820  -  ResidentSetSize of job (KB)
...
006 (2521842.012.000) 07/19 06:33:54 Image size of job updated: 812176
	292  -  MemoryUsage of job (MB)
	298412  -  ResidentSetSize of job (KB)
...
040 (2521842.012.000) 07/19 06:35:35 Started transferring output files
...
040 (2521842.012.000) 07/19 06:35:35 Finished transferring output files
...
005 (2521842.012.000) 07/19 06:35:35 Job terminated.
	(1) Normal termination (return value 0)
		Usr 0 00:18:50, Sys 0 00:00:03  -  Run Remote Usage
		Usr 0 00:00:00, Sys 0 00:00:00  -  Run Local Usage
		Usr 0 00:18:50, Sys 0 00:00:03  -  Total Remote Usage
		Usr 0 00:00:00, Sys 0 00:00:00  -  Total Local Usage
	47901  -  Run Bytes Sent By Job
	55262812  -  Run Bytes Received By Job
	47901  -  Total Bytes Sent By Job
	55262812  -  Total Bytes Received By Job
	Partitionable Resources :     Usage  Request Allocated 
	   Cpus                 :      1.00        3         3 
	   Disk (KB)            : 183143       75000    249186 
	   Memory (MB)          :    292        6000      6000 

	Job terminated of its own accord at 2021-07-19T04:35:35Z.
...
