000 (2524617.009.000) 07/20 01:52:26 Job submitted from host: <188.185.70.244:9618?addrs=188.185.70.244-9618+[2001-1458-d00-7--100-2ee]-9618&alias=bigbird10.cern.ch&noUDP&sock=schedd_2037_ca81>
...
040 (2524617.009.000) 07/20 01:55:25 Started transferring input files
	Transferring to host: <188.184.197.173:9618?addrs=188.184.197.173-9618+[2001-1458-301-103--100-110]-9618&alias=b7g23n1445.cern.ch&noUDP&sock=slot1_1_4902_a700_69240>
...
040 (2524617.009.000) 07/20 01:55:26 Finished transferring input files
...
001 (2524617.009.000) 07/20 01:55:26 Job executing on host: <188.184.197.173:9618?addrs=188.184.197.173-9618+[2001-1458-301-103--100-110]-9618&alias=b7g23n1445.cern.ch&noUDP&sock=startd_3875_8194>
...
006 (2524617.009.000) 07/20 01:55:34 Image size of job updated: 418404
	37  -  MemoryUsage of job (MB)
	37360  -  ResidentSetSize of job (KB)
...
006 (2524617.009.000) 07/20 02:00:34 Image size of job updated: 809672
	289  -  MemoryUsage of job (MB)
	295828  -  ResidentSetSize of job (KB)
...
006 (2524617.009.000) 07/20 02:55:41 Image size of job updated: 810140
	290  -  MemoryUsage of job (MB)
	296404  -  ResidentSetSize of job (KB)
...
040 (2524617.009.000) 07/20 02:58:10 Started transferring output files
...
040 (2524617.009.000) 07/20 02:58:10 Finished transferring output files
...
005 (2524617.009.000) 07/20 02:58:10 Job terminated.
	(1) Normal termination (return value 0)
		Usr 0 00:58:26, Sys 0 00:00:03  -  Run Remote Usage
		Usr 0 00:00:00, Sys 0 00:00:00  -  Run Local Usage
		Usr 0 00:58:26, Sys 0 00:00:03  -  Total Remote Usage
		Usr 0 00:00:00, Sys 0 00:00:00  -  Total Local Usage
	53637  -  Run Bytes Sent By Job
	55262812  -  Run Bytes Received By Job
	53637  -  Total Bytes Sent By Job
	55262812  -  Total Bytes Received By Job
	Partitionable Resources :     Usage  Request Allocated 
	   Cpus                 :      1.00        3         3 
	   Disk (KB)            : 182721       75000    342973 
	   Memory (MB)          :    290        6000      6000 

	Job terminated of its own accord at 2021-07-20T00:58:10Z.
...
