000 (2523366.150.000) 07/19 23:50:31 Job submitted from host: <188.185.70.244:9618?addrs=188.185.70.244-9618+[2001-1458-d00-7--100-2ee]-9618&alias=bigbird10.cern.ch&noUDP&sock=schedd_2037_ca81>
...
040 (2523366.150.000) 07/20 00:30:08 Started transferring input files
	Transferring to host: <128.142.56.90:9618?addrs=128.142.56.90-9618+[2001-1458-301-6--100-59]-9618&alias=b7s01p9716.cern.ch&noUDP&sock=slot1_16_7275_a541_5548>
...
040 (2523366.150.000) 07/20 00:30:08 Finished transferring input files
...
001 (2523366.150.000) 07/20 00:30:08 Job executing on host: <128.142.56.90:9618?addrs=128.142.56.90-9618+[2001-1458-301-6--100-59]-9618&alias=b7s01p9716.cern.ch&noUDP&sock=startd_5496_6099>
...
006 (2523366.150.000) 07/20 00:30:17 Image size of job updated: 148352
	89  -  MemoryUsage of job (MB)
	90928  -  ResidentSetSize of job (KB)
...
006 (2523366.150.000) 07/20 00:35:17 Image size of job updated: 799732
	276  -  MemoryUsage of job (MB)
	282184  -  ResidentSetSize of job (KB)
...
006 (2523366.150.000) 07/20 00:49:05 Image size of job updated: 800404
	276  -  MemoryUsage of job (MB)
	282184  -  ResidentSetSize of job (KB)
...
040 (2523366.150.000) 07/20 00:49:05 Started transferring output files
...
040 (2523366.150.000) 07/20 00:49:05 Finished transferring output files
...
005 (2523366.150.000) 07/20 00:49:05 Job terminated.
	(1) Normal termination (return value 0)
		Usr 0 00:18:44, Sys 0 00:00:02  -  Run Remote Usage
		Usr 0 00:00:00, Sys 0 00:00:00  -  Run Local Usage
		Usr 0 00:18:44, Sys 0 00:00:02  -  Total Remote Usage
		Usr 0 00:00:00, Sys 0 00:00:00  -  Total Local Usage
	50429  -  Run Bytes Sent By Job
	55262812  -  Run Bytes Received By Job
	50429  -  Total Bytes Sent By Job
	55262812  -  Total Bytes Received By Job
	Partitionable Resources :     Usage  Request Allocated 
	   Cpus                 :      1.00        3         3 
	   Disk (KB)            : 181057       75000   1306126 
	   Memory (MB)          :    276        6000      6000 

	Job terminated of its own accord at 2021-07-19T22:49:05Z.
...
