000 (2521668.161.000) 07/19 01:56:57 Job submitted from host: <188.185.70.244:9618?addrs=188.185.70.244-9618+[2001-1458-d00-7--100-2ee]-9618&alias=bigbird10.cern.ch&noUDP&sock=schedd_2037_ca81>
...
040 (2521668.161.000) 07/19 02:14:11 Started transferring input files
	Transferring to host: <128.142.59.33:9618?addrs=128.142.59.33-9618+[2001-1458-301-21--100-20]-9618&alias=b7s04p7269.cern.ch&noUDP&sock=slot1_39_6791_9fad_11599>
...
040 (2521668.161.000) 07/19 02:14:12 Finished transferring input files
...
001 (2521668.161.000) 07/19 02:14:12 Job executing on host: <128.142.59.33:9618?addrs=128.142.59.33-9618+[2001-1458-301-21--100-20]-9618&alias=b7s04p7269.cern.ch&noUDP&sock=startd_6331_1e2d>
...
006 (2521668.161.000) 07/19 02:14:21 Image size of job updated: 400148
	176  -  MemoryUsage of job (MB)
	179384  -  ResidentSetSize of job (KB)
...
006 (2521668.161.000) 07/19 02:15:09 Image size of job updated: 764768
	177  -  MemoryUsage of job (MB)
	180268  -  ResidentSetSize of job (KB)
...
040 (2521668.161.000) 07/19 02:15:09 Started transferring output files
...
040 (2521668.161.000) 07/19 02:15:09 Finished transferring output files
...
005 (2521668.161.000) 07/19 02:15:10 Job terminated.
	(1) Normal termination (return value 0)
		Usr 0 00:00:47, Sys 0 00:00:02  -  Run Remote Usage
		Usr 0 00:00:00, Sys 0 00:00:00  -  Run Local Usage
		Usr 0 00:00:47, Sys 0 00:00:02  -  Total Remote Usage
		Usr 0 00:00:00, Sys 0 00:00:00  -  Total Local Usage
	52884  -  Run Bytes Sent By Job
	55262812  -  Run Bytes Received By Job
	52884  -  Total Bytes Sent By Job
	55262812  -  Total Bytes Received By Job
	Partitionable Resources :    Usage  Request Allocated 
	   Cpus                 :                 3         3 
	   Disk (KB)            :   182625    75000   1305127 
	   Memory (MB)          :      177     6000      6000 

	Job terminated of its own accord at 2021-07-19T00:15:09Z.
...
