000 (2526743.181.000) 07/20 13:19:14 Job submitted from host: <188.185.70.244:9618?addrs=188.185.70.244-9618+[2001-1458-d00-7--100-2ee]-9618&alias=bigbird10.cern.ch&noUDP&sock=schedd_2037_ca81>
...
040 (2526743.181.000) 07/20 13:31:53 Started transferring input files
	Transferring to host: <128.142.82.18:9618?addrs=128.142.82.18-9618+[2001-1458-301-f5--100-2f5]-9618&alias=b7s13n5959.cern.ch&noUDP&sock=slot1_11_31188_846d_120803>
...
040 (2526743.181.000) 07/20 13:31:55 Finished transferring input files
...
001 (2526743.181.000) 07/20 13:31:55 Job executing on host: <128.142.82.18:9618?addrs=128.142.82.18-9618+[2001-1458-301-f5--100-2f5]-9618&alias=b7s13n5959.cern.ch&noUDP&sock=startd_16783_520e>
...
006 (2526743.181.000) 07/20 13:32:03 Image size of job updated: 380784
	5  -  MemoryUsage of job (MB)
	4240  -  ResidentSetSize of job (KB)
...
006 (2526743.181.000) 07/20 13:37:03 Image size of job updated: 626836
	201  -  MemoryUsage of job (MB)
	205800  -  ResidentSetSize of job (KB)
...
006 (2526743.181.000) 07/20 13:57:05 Image size of job updated: 816300
	293  -  MemoryUsage of job (MB)
	299400  -  ResidentSetSize of job (KB)
...
006 (2526743.181.000) 07/20 14:07:05 Image size of job updated: 816300
	293  -  MemoryUsage of job (MB)
	299968  -  ResidentSetSize of job (KB)
...
006 (2526743.181.000) 07/20 14:12:06 Image size of job updated: 816828
	293  -  MemoryUsage of job (MB)
	299968  -  ResidentSetSize of job (KB)
...
006 (2526743.181.000) 07/20 14:17:06 Image size of job updated: 816828
	293  -  MemoryUsage of job (MB)
	300004  -  ResidentSetSize of job (KB)
...
040 (2526743.181.000) 07/20 14:18:05 Started transferring output files
...
040 (2526743.181.000) 07/20 14:18:05 Finished transferring output files
...
005 (2526743.181.000) 07/20 14:18:05 Job terminated.
	(1) Normal termination (return value 0)
		Usr 0 00:24:16, Sys 0 00:00:03  -  Run Remote Usage
		Usr 0 00:00:00, Sys 0 00:00:00  -  Run Local Usage
		Usr 0 00:24:16, Sys 0 00:00:03  -  Total Remote Usage
		Usr 0 00:00:00, Sys 0 00:00:00  -  Total Local Usage
	52340  -  Run Bytes Sent By Job
	55262812  -  Run Bytes Received By Job
	52340  -  Total Bytes Sent By Job
	55262812  -  Total Bytes Received By Job
	Partitionable Resources :     Usage  Request Allocated 
	   Cpus                 :      0.99        3         3 
	   Disk (KB)            : 184034       75000    265542 
	   Memory (MB)          :    293        6000      6000 

	Job terminated of its own accord at 2021-07-20T12:18:04Z.
...
