000 (2524617.094.000) 07/20 01:52:27 Job submitted from host: <188.185.70.244:9618?addrs=188.185.70.244-9618+[2001-1458-d00-7--100-2ee]-9618&alias=bigbird10.cern.ch&noUDP&sock=schedd_2037_ca81>
...
040 (2524617.094.000) 07/20 01:56:00 Started transferring input files
	Transferring to host: <128.142.57.98:9618?addrs=128.142.57.98-9618+[2001-1458-301-7--100-61]-9618&alias=b7s02p4710.cern.ch&noUDP&sock=slot1_20_6606_4646_16828>
...
040 (2524617.094.000) 07/20 01:56:01 Finished transferring input files
...
001 (2524617.094.000) 07/20 01:56:01 Job executing on host: <128.142.57.98:9618?addrs=128.142.57.98-9618+[2001-1458-301-7--100-61]-9618&alias=b7s02p4710.cern.ch&noUDP&sock=startd_6141_cb2f>
...
006 (2524617.094.000) 07/20 01:56:10 Image size of job updated: 288712
	201  -  MemoryUsage of job (MB)
	205300  -  ResidentSetSize of job (KB)
...
006 (2524617.094.000) 07/20 02:01:11 Image size of job updated: 804912
	281  -  MemoryUsage of job (MB)
	287552  -  ResidentSetSize of job (KB)
...
006 (2524617.094.000) 07/20 02:10:21 Image size of job updated: 805576
	281  -  MemoryUsage of job (MB)
	287552  -  ResidentSetSize of job (KB)
...
040 (2524617.094.000) 07/20 02:10:21 Started transferring output files
...
040 (2524617.094.000) 07/20 02:10:21 Finished transferring output files
...
005 (2524617.094.000) 07/20 02:10:22 Job terminated.
	(1) Normal termination (return value 0)
		Usr 0 00:10:45, Sys 0 00:00:02  -  Run Remote Usage
		Usr 0 00:00:00, Sys 0 00:00:00  -  Run Local Usage
		Usr 0 00:10:45, Sys 0 00:00:02  -  Total Remote Usage
		Usr 0 00:00:00, Sys 0 00:00:00  -  Total Local Usage
	51860  -  Run Bytes Sent By Job
	55262812  -  Run Bytes Received By Job
	51860  -  Total Bytes Sent By Job
	55262812  -  Total Bytes Received By Job
	Partitionable Resources :     Usage  Request Allocated 
	   Cpus                 :      1.00        3         3 
	   Disk (KB)            : 181995       75000   1301484 
	   Memory (MB)          :    281        6000      6000 

	Job terminated of its own accord at 2021-07-20T00:10:21Z.
...
