000 (2536881.028.000) 07/22 03:18:13 Job submitted from host: <188.185.70.244:9618?addrs=188.185.70.244-9618+[2001-1458-d00-7--100-2ee]-9618&alias=bigbird10.cern.ch&noUDP&sock=schedd_2037_ca81>
...
040 (2536881.028.000) 07/22 03:24:56 Started transferring input files
	Transferring to host: <188.184.168.145:9618?addrs=188.184.168.145-9618+[2001-1458-301-c0--100-8d]-9618&alias=b7g52n3409.cern.ch&noUDP&sock=slot1_8_5600_74dd_73490>
...
040 (2536881.028.000) 07/22 03:24:57 Finished transferring input files
...
001 (2536881.028.000) 07/22 03:24:57 Job executing on host: <188.184.168.145:9618?addrs=188.184.168.145-9618+[2001-1458-301-c0--100-8d]-9618&alias=b7g52n3409.cern.ch&noUDP&sock=startd_5141_e07a>
...
006 (2536881.028.000) 07/22 03:25:06 Image size of job updated: 5976
	6  -  MemoryUsage of job (MB)
	5816  -  ResidentSetSize of job (KB)
...
006 (2536881.028.000) 07/22 03:30:07 Image size of job updated: 627372
	308  -  MemoryUsage of job (MB)
	315080  -  ResidentSetSize of job (KB)
...
006 (2536881.028.000) 07/22 03:35:07 Image size of job updated: 832504
	308  -  MemoryUsage of job (MB)
	315080  -  ResidentSetSize of job (KB)
...
006 (2536881.028.000) 07/22 03:55:10 Image size of job updated: 833012
	309  -  MemoryUsage of job (MB)
	315660  -  ResidentSetSize of job (KB)
...
040 (2536881.028.000) 07/22 04:07:09 Started transferring output files
...
040 (2536881.028.000) 07/22 04:07:09 Finished transferring output files
...
005 (2536881.028.000) 07/22 04:07:09 Job terminated.
	(1) Normal termination (return value 0)
		Usr 0 00:37:49, Sys 0 00:00:03  -  Run Remote Usage
		Usr 0 00:00:00, Sys 0 00:00:00  -  Run Local Usage
		Usr 0 00:37:49, Sys 0 00:00:03  -  Total Remote Usage
		Usr 0 00:00:00, Sys 0 00:00:00  -  Total Local Usage
	44943  -  Run Bytes Sent By Job
	55262812  -  Run Bytes Received By Job
	44943  -  Total Bytes Sent By Job
	55262812  -  Total Bytes Received By Job
	Partitionable Resources :     Usage  Request Allocated 
	   Cpus                 :      1.00        3         3 
	   Disk (KB)            : 187081       75000    258829 
	   Memory (MB)          :    309        6000      6000 

	Job terminated of its own accord at 2021-07-22T02:07:08Z.
...
