000 (2526743.008.000) 07/20 13:19:13 Job submitted from host: <188.185.70.244:9618?addrs=188.185.70.244-9618+[2001-1458-d00-7--100-2ee]-9618&alias=bigbird10.cern.ch&noUDP&sock=schedd_2037_ca81>
...
040 (2526743.008.000) 07/20 13:20:48 Started transferring input files
	Transferring to host: <128.142.57.85:9618?addrs=128.142.57.85-9618+[2001-1458-301-7--100-54]-9618&alias=b7s02p2118.cern.ch&noUDP&sock=slot1_19_6583_11a5_13672>
...
040 (2526743.008.000) 07/20 13:20:49 Finished transferring input files
...
001 (2526743.008.000) 07/20 13:20:49 Job executing on host: <128.142.57.85:9618?addrs=128.142.57.85-9618+[2001-1458-301-7--100-54]-9618&alias=b7s02p2118.cern.ch&noUDP&sock=startd_6116_a551>
...
006 (2526743.008.000) 07/20 13:20:57 Image size of job updated: 428184
	54  -  MemoryUsage of job (MB)
	55192  -  ResidentSetSize of job (KB)
...
006 (2526743.008.000) 07/20 13:25:57 Image size of job updated: 809312
	290  -  MemoryUsage of job (MB)
	295968  -  ResidentSetSize of job (KB)
...
006 (2526743.008.000) 07/20 13:35:39 Image size of job updated: 809848
	290  -  MemoryUsage of job (MB)
	295968  -  ResidentSetSize of job (KB)
...
040 (2526743.008.000) 07/20 13:35:39 Started transferring output files
...
040 (2526743.008.000) 07/20 13:35:39 Finished transferring output files
...
005 (2526743.008.000) 07/20 13:35:40 Job terminated.
	(1) Normal termination (return value 0)
		Usr 0 00:11:05, Sys 0 00:00:02  -  Run Remote Usage
		Usr 0 00:00:00, Sys 0 00:00:00  -  Run Local Usage
		Usr 0 00:11:05, Sys 0 00:00:02  -  Total Remote Usage
		Usr 0 00:00:00, Sys 0 00:00:00  -  Total Local Usage
	53055  -  Run Bytes Sent By Job
	55262812  -  Run Bytes Received By Job
	53055  -  Total Bytes Sent By Job
	55262812  -  Total Bytes Received By Job
	Partitionable Resources :     Usage  Request Allocated 
	   Cpus                 :      1.00        3         3 
	   Disk (KB)            : 182653       75000   1228858 
	   Memory (MB)          :    290        6000      6000 

	Job terminated of its own accord at 2021-07-20T11:35:39Z.
...
