000 (2536881.006.000) 07/22 03:18:13 Job submitted from host: <188.185.70.244:9618?addrs=188.185.70.244-9618+[2001-1458-d00-7--100-2ee]-9618&alias=bigbird10.cern.ch&noUDP&sock=schedd_2037_ca81>
...
040 (2536881.006.000) 07/22 03:24:46 Started transferring input files
	Transferring to host: <128.142.78.38:9618?addrs=128.142.78.38-9618+[2001-1458-301-f4--100-576]-9618&alias=b7s12n2685.cern.ch&noUDP&sock=slot1_4_4486_8aef_37861>
...
001 (2536881.006.000) 07/22 03:24:47 Job executing on host: <128.142.78.38:9618?addrs=128.142.78.38-9618+[2001-1458-301-f4--100-576]-9618&alias=b7s12n2685.cern.ch&noUDP&sock=startd_4448_8958>
...
040 (2536881.006.000) 07/22 03:24:47 Finished transferring input files
...
006 (2536881.006.000) 07/22 03:24:56 Image size of job updated: 19248
	7  -  MemoryUsage of job (MB)
	6780  -  ResidentSetSize of job (KB)
...
006 (2536881.006.000) 07/22 03:29:57 Image size of job updated: 631940
	205  -  MemoryUsage of job (MB)
	209680  -  ResidentSetSize of job (KB)
...
006 (2536881.006.000) 07/22 03:34:57 Image size of job updated: 817128
	297  -  MemoryUsage of job (MB)
	303244  -  ResidentSetSize of job (KB)
...
006 (2536881.006.000) 07/22 03:53:26 Image size of job updated: 817640
	297  -  MemoryUsage of job (MB)
	303244  -  ResidentSetSize of job (KB)
...
040 (2536881.006.000) 07/22 03:53:26 Started transferring output files
...
040 (2536881.006.000) 07/22 03:53:26 Finished transferring output files
...
005 (2536881.006.000) 07/22 03:53:27 Job terminated.
	(1) Normal termination (return value 0)
		Usr 0 00:22:45, Sys 0 00:00:03  -  Run Remote Usage
		Usr 0 00:00:00, Sys 0 00:00:00  -  Run Local Usage
		Usr 0 00:22:45, Sys 0 00:00:03  -  Total Remote Usage
		Usr 0 00:00:00, Sys 0 00:00:00  -  Total Local Usage
	43849  -  Run Bytes Sent By Job
	55262812  -  Run Bytes Received By Job
	43849  -  Total Bytes Sent By Job
	55262812  -  Total Bytes Received By Job
	Partitionable Resources :     Usage  Request Allocated 
	   Cpus                 :      1.00        3         3 
	   Disk (KB)            : 184154       75000    249988 
	   Memory (MB)          :    297        6000      6000 

	Job terminated of its own accord at 2021-07-22T01:53:26Z.
...
