000 (2521675.210.000) 07/19 04:18:40 Job submitted from host: <188.185.70.244:9618?addrs=188.185.70.244-9618+[2001-1458-d00-7--100-2ee]-9618&alias=bigbird10.cern.ch&noUDP&sock=schedd_2037_ca81>
...
040 (2521675.210.000) 07/19 04:26:28 Started transferring input files
	Transferring to host: <128.142.58.124:9618?addrs=128.142.58.124-9618+[2001-1458-301-16--100-7b]-9618&alias=b7s03p8509.cern.ch&noUDP&sock=slot1_8_797_4ef9_10998>
...
040 (2521675.210.000) 07/19 04:26:29 Finished transferring input files
...
001 (2521675.210.000) 07/19 04:26:29 Job executing on host: <128.142.58.124:9618?addrs=128.142.58.124-9618+[2001-1458-301-16--100-7b]-9618&alias=b7s03p8509.cern.ch&noUDP&sock=startd_65372_5543>
...
006 (2521675.210.000) 07/19 04:26:37 Image size of job updated: 279984
	202  -  MemoryUsage of job (MB)
	205860  -  ResidentSetSize of job (KB)
...
006 (2521675.210.000) 07/19 04:27:09 Image size of job updated: 627368
	202  -  MemoryUsage of job (MB)
	205860  -  ResidentSetSize of job (KB)
...
040 (2521675.210.000) 07/19 04:27:10 Started transferring output files
...
040 (2521675.210.000) 07/19 04:27:10 Finished transferring output files
...
005 (2521675.210.000) 07/19 04:27:10 Job terminated.
	(1) Normal termination (return value 0)
		Usr 0 00:00:37, Sys 0 00:00:01  -  Run Remote Usage
		Usr 0 00:00:00, Sys 0 00:00:00  -  Run Local Usage
		Usr 0 00:00:37, Sys 0 00:00:01  -  Total Remote Usage
		Usr 0 00:00:00, Sys 0 00:00:00  -  Total Local Usage
	48210  -  Run Bytes Sent By Job
	55262812  -  Run Bytes Received By Job
	48210  -  Total Bytes Sent By Job
	55262812  -  Total Bytes Received By Job
	Partitionable Resources :    Usage  Request Allocated 
	   Cpus                 :                 3         3 
	   Disk (KB)            :   183617    75000   1317638 
	   Memory (MB)          :      202     6000      6000 

	Job terminated of its own accord at 2021-07-19T02:27:09Z.
...
