000 (2524871.040.000) 07/20 04:35:08 Job submitted from host: <188.185.70.244:9618?addrs=188.185.70.244-9618+[2001-1458-d00-7--100-2ee]-9618&alias=bigbird10.cern.ch&noUDP&sock=schedd_2037_ca81>
...
040 (2524871.040.000) 07/20 05:08:22 Started transferring input files
	Transferring to host: <128.142.56.120:9618?addrs=128.142.56.120-9618+[2001-1458-301-6--100-77]-9618&alias=b7s01p3781.cern.ch&noUDP&sock=slot1_14_45290_a6eb_15412>
...
040 (2524871.040.000) 07/20 05:08:22 Finished transferring input files
...
001 (2524871.040.000) 07/20 05:08:22 Job executing on host: <128.142.56.120:9618?addrs=128.142.56.120-9618+[2001-1458-301-6--100-77]-9618&alias=b7s01p3781.cern.ch&noUDP&sock=startd_42179_dd3a>
...
006 (2524871.040.000) 07/20 05:08:31 Image size of job updated: 331416
	199  -  MemoryUsage of job (MB)
	202976  -  ResidentSetSize of job (KB)
...
006 (2524871.040.000) 07/20 05:13:31 Image size of job updated: 636900
	210  -  MemoryUsage of job (MB)
	214340  -  ResidentSetSize of job (KB)
...
006 (2524871.040.000) 07/20 05:18:31 Image size of job updated: 636900
	210  -  MemoryUsage of job (MB)
	214344  -  ResidentSetSize of job (KB)
...
006 (2524871.040.000) 07/20 07:13:43 Image size of job updated: 892312
	371  -  MemoryUsage of job (MB)
	378920  -  ResidentSetSize of job (KB)
...
040 (2524871.040.000) 07/20 07:31:51 Started transferring output files
...
040 (2524871.040.000) 07/20 07:31:51 Finished transferring output files
...
005 (2524871.040.000) 07/20 07:31:51 Job terminated.
	(1) Normal termination (return value 0)
		Usr 0 00:22:55, Sys 0 00:00:06  -  Run Remote Usage
		Usr 0 00:00:00, Sys 0 00:00:00  -  Run Local Usage
		Usr 0 00:22:55, Sys 0 00:00:06  -  Total Remote Usage
		Usr 0 00:00:00, Sys 0 00:00:00  -  Total Local Usage
	52139  -  Run Bytes Sent By Job
	55262812  -  Run Bytes Received By Job
	52139  -  Total Bytes Sent By Job
	55262812  -  Total Bytes Received By Job
	Partitionable Resources :     Usage  Request Allocated 
	   Cpus                 :      1.00        3         3 
	   Disk (KB)            : 194671       75000   1306470 
	   Memory (MB)          :    371        6000      6000 

	Job terminated of its own accord at 2021-07-20T05:31:50Z.
...
