000 (2526743.031.000) 07/20 13:19:13 Job submitted from host: <188.185.70.244:9618?addrs=188.185.70.244-9618+[2001-1458-d00-7--100-2ee]-9618&alias=bigbird10.cern.ch&noUDP&sock=schedd_2037_ca81>
...
040 (2526743.031.000) 07/20 13:20:55 Started transferring input files
	Transferring to host: <128.142.58.56:9618?addrs=128.142.58.56-9618+[2001-1458-301-16--100-37]-9618&alias=b7s03p5230.cern.ch&noUDP&sock=slot1_42_6622_8c46_13626>
...
040 (2526743.031.000) 07/20 13:20:56 Finished transferring input files
...
001 (2526743.031.000) 07/20 13:20:56 Job executing on host: <128.142.58.56:9618?addrs=128.142.58.56-9618+[2001-1458-301-16--100-37]-9618&alias=b7s03p5230.cern.ch&noUDP&sock=startd_6158_744b>
...
006 (2526743.031.000) 07/20 13:21:05 Image size of job updated: 467232
	86  -  MemoryUsage of job (MB)
	87172  -  ResidentSetSize of job (KB)
...
006 (2526743.031.000) 07/20 13:26:06 Image size of job updated: 626836
	201  -  MemoryUsage of job (MB)
	205348  -  ResidentSetSize of job (KB)
...
006 (2526743.031.000) 07/20 13:31:07 Image size of job updated: 791240
	268  -  MemoryUsage of job (MB)
	273880  -  ResidentSetSize of job (KB)
...
006 (2526743.031.000) 07/20 13:32:59 Image size of job updated: 791760
	268  -  MemoryUsage of job (MB)
	273880  -  ResidentSetSize of job (KB)
...
040 (2526743.031.000) 07/20 13:32:59 Started transferring output files
...
040 (2526743.031.000) 07/20 13:33:00 Finished transferring output files
...
005 (2526743.031.000) 07/20 13:33:00 Job terminated.
	(1) Normal termination (return value 0)
		Usr 0 00:06:57, Sys 0 00:00:02  -  Run Remote Usage
		Usr 0 00:00:00, Sys 0 00:00:00  -  Run Local Usage
		Usr 0 00:06:57, Sys 0 00:00:02  -  Total Remote Usage
		Usr 0 00:00:00, Sys 0 00:00:00  -  Total Local Usage
	49129  -  Run Bytes Sent By Job
	55262812  -  Run Bytes Received By Job
	49129  -  Total Bytes Sent By Job
	55262812  -  Total Bytes Received By Job
	Partitionable Resources :     Usage  Request Allocated 
	   Cpus                 :      1.00        3         3 
	   Disk (KB)            : 179503       75000   1288102 
	   Memory (MB)          :    268        6000      6000 

	Job terminated of its own accord at 2021-07-20T11:32:59Z.
...
