000 (2556080.013.000) 07/27 11:07:01 Job submitted from host: <188.185.70.244:9618?addrs=188.185.70.244-9618+[2001-1458-d00-7--100-2ee]-9618&alias=bigbird10.cern.ch&noUDP&sock=schedd_2037_ca81>
...
040 (2556080.013.000) 07/27 11:36:39 Started transferring input files
	Transferring to host: <128.142.58.12:9618?addrs=128.142.58.12-9618+[2001-1458-301-16--100-b]-9618&alias=b7s03p1238.cern.ch&noUDP&sock=slot1_13_4240_36a5_20380>
...
040 (2556080.013.000) 07/27 11:36:40 Finished transferring input files
...
001 (2556080.013.000) 07/27 11:36:40 Job executing on host: <128.142.58.12:9618?addrs=128.142.58.12-9618+[2001-1458-301-16--100-b]-9618&alias=b7s03p1238.cern.ch&noUDP&sock=startd_3785_c60e>
...
006 (2556080.013.000) 07/27 11:36:49 Image size of job updated: 534308
	171  -  MemoryUsage of job (MB)
	174904  -  ResidentSetSize of job (KB)
...
006 (2556080.013.000) 07/27 11:41:50 Image size of job updated: 630836
	205  -  MemoryUsage of job (MB)
	209056  -  ResidentSetSize of job (KB)
...
006 (2556080.013.000) 07/27 11:51:51 Image size of job updated: 798976
	279  -  MemoryUsage of job (MB)
	285036  -  ResidentSetSize of job (KB)
...
006 (2556080.013.000) 07/27 12:01:29 Image size of job updated: 800220
	279  -  MemoryUsage of job (MB)
	285036  -  ResidentSetSize of job (KB)
...
040 (2556080.013.000) 07/27 12:01:29 Started transferring output files
...
040 (2556080.013.000) 07/27 12:01:29 Finished transferring output files
...
005 (2556080.013.000) 07/27 12:01:30 Job terminated.
	(1) Normal termination (return value 0)
		Usr 0 00:14:16, Sys 0 00:00:03  -  Run Remote Usage
		Usr 0 00:00:00, Sys 0 00:00:00  -  Run Local Usage
		Usr 0 00:14:16, Sys 0 00:00:03  -  Total Remote Usage
		Usr 0 00:00:00, Sys 0 00:00:00  -  Total Local Usage
	45402  -  Run Bytes Sent By Job
	55262880  -  Run Bytes Received By Job
	45402  -  Total Bytes Sent By Job
	55262880  -  Total Bytes Received By Job
	Partitionable Resources :     Usage  Request Allocated 
	   Cpus                 :      1.00        3         3 
	   Disk (KB)            : 184422       75000   1201592 
	   Memory (MB)          :    279        6000      6000 

	Job terminated of its own accord at 2021-07-27T10:01:29Z.
...
