000 (2556072.031.000) 07/27 10:22:33 Job submitted from host: <188.185.70.244:9618?addrs=188.185.70.244-9618+[2001-1458-d00-7--100-2ee]-9618&alias=bigbird10.cern.ch&noUDP&sock=schedd_2037_ca81>
...
040 (2556072.031.000) 07/27 10:25:35 Started transferring input files
	Transferring to host: <128.142.58.115:9618?addrs=128.142.58.115-9618+[2001-1458-301-16--100-72]-9618&alias=b7s03p6668.cern.ch&noUDP&sock=slot1_15_6811_b72e_21022>
...
040 (2556072.031.000) 07/27 10:25:36 Finished transferring input files
...
001 (2556072.031.000) 07/27 10:25:36 Job executing on host: <128.142.58.115:9618?addrs=128.142.58.115-9618+[2001-1458-301-16--100-72]-9618&alias=b7s03p6668.cern.ch&noUDP&sock=startd_6360_026c>
...
006 (2556072.031.000) 07/27 10:25:44 Image size of job updated: 489880
	201  -  MemoryUsage of job (MB)
	205296  -  ResidentSetSize of job (KB)
...
006 (2556072.031.000) 07/27 10:30:44 Image size of job updated: 781352
	258  -  MemoryUsage of job (MB)
	263972  -  ResidentSetSize of job (KB)
...
040 (2556072.031.000) 07/27 10:32:49 Started transferring output files
...
040 (2556072.031.000) 07/27 10:32:50 Finished transferring output files
...
005 (2556072.031.000) 07/27 10:32:50 Job terminated.
	(1) Normal termination (return value 0)
		Usr 0 00:06:41, Sys 0 00:00:02  -  Run Remote Usage
		Usr 0 00:00:00, Sys 0 00:00:00  -  Run Local Usage
		Usr 0 00:06:41, Sys 0 00:00:02  -  Total Remote Usage
		Usr 0 00:00:00, Sys 0 00:00:00  -  Total Local Usage
	47117  -  Run Bytes Sent By Job
	55262880  -  Run Bytes Received By Job
	47117  -  Total Bytes Sent By Job
	55262880  -  Total Bytes Received By Job
	Partitionable Resources :     Usage  Request Allocated 
	   Cpus                 :      1.00        3         3 
	   Disk (KB)            : 180165       75000   1328178 
	   Memory (MB)          :    258        6000      6000 

	Job terminated of its own accord at 2021-07-27T08:32:47Z.
...
