000 (2526743.167.000) 07/20 13:19:14 Job submitted from host: <188.185.70.244:9618?addrs=188.185.70.244-9618+[2001-1458-d00-7--100-2ee]-9618&alias=bigbird10.cern.ch&noUDP&sock=schedd_2037_ca81>
...
040 (2526743.167.000) 07/20 13:28:07 Started transferring input files
	Transferring to host: <128.142.57.104:9618?addrs=128.142.57.104-9618+[2001-1458-301-7--100-67]-9618&alias=b7s02p1336.cern.ch&noUDP&sock=slot1_5_3439_d625_6007>
...
040 (2526743.167.000) 07/20 13:28:08 Finished transferring input files
...
001 (2526743.167.000) 07/20 13:28:08 Job executing on host: <128.142.57.104:9618?addrs=128.142.57.104-9618+[2001-1458-301-7--100-67]-9618&alias=b7s02p1336.cern.ch&noUDP&sock=startd_2677_c71e>
...
006 (2526743.167.000) 07/20 13:28:17 Image size of job updated: 283284
	191  -  MemoryUsage of job (MB)
	194816  -  ResidentSetSize of job (KB)
...
006 (2526743.167.000) 07/20 13:33:18 Image size of job updated: 631404
	205  -  MemoryUsage of job (MB)
	209636  -  ResidentSetSize of job (KB)
...
006 (2526743.167.000) 07/20 13:53:21 Image size of job updated: 631404
	222  -  MemoryUsage of job (MB)
	226692  -  ResidentSetSize of job (KB)
...
006 (2526743.167.000) 07/20 13:58:21 Image size of job updated: 809960
	290  -  MemoryUsage of job (MB)
	296816  -  ResidentSetSize of job (KB)
...
040 (2526743.167.000) 07/20 14:17:51 Started transferring output files
...
040 (2526743.167.000) 07/20 14:17:51 Finished transferring output files
...
005 (2526743.167.000) 07/20 14:17:52 Job terminated.
	(1) Normal termination (return value 0)
		Usr 0 00:25:06, Sys 0 00:00:04  -  Run Remote Usage
		Usr 0 00:00:00, Sys 0 00:00:00  -  Run Local Usage
		Usr 0 00:25:06, Sys 0 00:00:04  -  Total Remote Usage
		Usr 0 00:00:00, Sys 0 00:00:00  -  Total Local Usage
	53430  -  Run Bytes Sent By Job
	55262812  -  Run Bytes Received By Job
	53430  -  Total Bytes Sent By Job
	55262812  -  Total Bytes Received By Job
	Partitionable Resources :     Usage  Request Allocated 
	   Cpus                 :      1.00        3         3 
	   Disk (KB)            : 182671       75000   1339685 
	   Memory (MB)          :    290        6000      6000 

	Job terminated of its own accord at 2021-07-20T12:17:51Z.
...
