000 (2521876.054.000) 07/19 08:46:26 Job submitted from host: <188.185.70.244:9618?addrs=188.185.70.244-9618+[2001-1458-d00-7--100-2ee]-9618&alias=bigbird10.cern.ch&noUDP&sock=schedd_2037_ca81>
...
040 (2521876.054.000) 07/19 09:29:23 Started transferring input files
	Transferring to host: <128.142.57.69:9618?addrs=128.142.57.69-9618+[2001-1458-301-7--100-44]-9618&alias=b7s02p8150.cern.ch&noUDP&sock=slot1_20_6607_faa6_12599>
...
040 (2521876.054.000) 07/19 09:29:23 Finished transferring input files
...
001 (2521876.054.000) 07/19 09:29:23 Job executing on host: <128.142.57.69:9618?addrs=128.142.57.69-9618+[2001-1458-301-7--100-44]-9618&alias=b7s02p8150.cern.ch&noUDP&sock=startd_6141_cb2f>
...
006 (2521876.054.000) 07/19 09:29:32 Image size of job updated: 176752
	109  -  MemoryUsage of job (MB)
	111516  -  ResidentSetSize of job (KB)
...
006 (2521876.054.000) 07/19 09:34:33 Image size of job updated: 898420
	372  -  MemoryUsage of job (MB)
	380468  -  ResidentSetSize of job (KB)
...
006 (2521876.054.000) 07/19 09:39:33 Image size of job updated: 898500
	372  -  MemoryUsage of job (MB)
	380468  -  ResidentSetSize of job (KB)
...
040 (2521876.054.000) 07/19 10:07:24 Started transferring output files
...
040 (2521876.054.000) 07/19 10:07:24 Finished transferring output files
...
005 (2521876.054.000) 07/19 10:07:24 Job terminated.
	(1) Normal termination (return value 0)
		Usr 0 00:34:39, Sys 0 00:00:04  -  Run Remote Usage
		Usr 0 00:00:00, Sys 0 00:00:00  -  Run Local Usage
		Usr 0 00:34:39, Sys 0 00:00:04  -  Total Remote Usage
		Usr 0 00:00:00, Sys 0 00:00:00  -  Total Local Usage
	49955  -  Run Bytes Sent By Job
	55262812  -  Run Bytes Received By Job
	49955  -  Total Bytes Sent By Job
	55262812  -  Total Bytes Received By Job
	Partitionable Resources :     Usage  Request Allocated 
	   Cpus                 :      1.00        3         3 
	   Disk (KB)            : 196050       75000   1275666 
	   Memory (MB)          :    372        6000      6000 

	Job terminated of its own accord at 2021-07-19T08:07:24Z.
...
