000 (2521876.003.000) 07/19 08:46:26 Job submitted from host: <188.185.70.244:9618?addrs=188.185.70.244-9618+[2001-1458-d00-7--100-2ee]-9618&alias=bigbird10.cern.ch&noUDP&sock=schedd_2037_ca81>
...
040 (2521876.003.000) 07/19 08:58:51 Started transferring input files
	Transferring to host: <128.142.82.218:9618?addrs=128.142.82.218-9618+[2001-1458-301-f5--100-44b]-9618&alias=b7s13n2570.cern.ch&noUDP&sock=slot1_5_5857_8947_76561>
...
040 (2521876.003.000) 07/19 08:58:53 Finished transferring input files
...
001 (2521876.003.000) 07/19 08:58:53 Job executing on host: <128.142.82.218:9618?addrs=128.142.82.218-9618+[2001-1458-301-f5--100-44b]-9618&alias=b7s13n2570.cern.ch&noUDP&sock=startd_4821_622b>
...
006 (2521876.003.000) 07/19 08:59:02 Image size of job updated: 321408
	14  -  MemoryUsage of job (MB)
	13400  -  ResidentSetSize of job (KB)
...
006 (2521876.003.000) 07/19 09:04:03 Image size of job updated: 813868
	294  -  MemoryUsage of job (MB)
	300164  -  ResidentSetSize of job (KB)
...
006 (2521876.003.000) 07/19 09:18:31 Image size of job updated: 814472
	294  -  MemoryUsage of job (MB)
	300164  -  ResidentSetSize of job (KB)
...
040 (2521876.003.000) 07/19 09:18:31 Started transferring output files
...
040 (2521876.003.000) 07/19 09:18:31 Finished transferring output files
...
005 (2521876.003.000) 07/19 09:18:31 Job terminated.
	(1) Normal termination (return value 0)
		Usr 0 00:17:05, Sys 0 00:00:03  -  Run Remote Usage
		Usr 0 00:00:00, Sys 0 00:00:00  -  Run Local Usage
		Usr 0 00:17:05, Sys 0 00:00:03  -  Total Remote Usage
		Usr 0 00:00:00, Sys 0 00:00:00  -  Total Local Usage
	49613  -  Run Bytes Sent By Job
	55262812  -  Run Bytes Received By Job
	49613  -  Total Bytes Sent By Job
	55262812  -  Total Bytes Received By Job
	Partitionable Resources :     Usage  Request Allocated 
	   Cpus                 :      1.00        3         3 
	   Disk (KB)            : 183562       75000    214820 
	   Memory (MB)          :    294        6000      6000 

	Job terminated of its own accord at 2021-07-19T07:18:31Z.
...
