000 (2521876.207.000) 07/19 08:46:26 Job submitted from host: <188.185.70.244:9618?addrs=188.185.70.244-9618+[2001-1458-d00-7--100-2ee]-9618&alias=bigbird10.cern.ch&noUDP&sock=schedd_2037_ca81>
...
040 (2521876.207.000) 07/19 10:39:59 Started transferring input files
	Transferring to host: <128.142.161.96:9618?addrs=128.142.161.96-9618&alias=b7g03p5751.cern.ch&noUDP&sock=slot1_9_3875_09b7_85750>
...
040 (2521876.207.000) 07/19 10:40:00 Finished transferring input files
...
001 (2521876.207.000) 07/19 10:40:00 Job executing on host: <128.142.161.96:9618?addrs=128.142.161.96-9618&alias=b7g03p5751.cern.ch&noUDP&sock=startd_3085_a1c2>
...
006 (2521876.207.000) 07/19 10:40:08 Image size of job updated: 93356
	60  -  MemoryUsage of job (MB)
	60568  -  ResidentSetSize of job (KB)
...
006 (2521876.207.000) 07/19 10:45:08 Image size of job updated: 813828
	294  -  MemoryUsage of job (MB)
	300088  -  ResidentSetSize of job (KB)
...
006 (2521876.207.000) 07/19 11:00:10 Image size of job updated: 814504
	294  -  MemoryUsage of job (MB)
	300764  -  ResidentSetSize of job (KB)
...
040 (2521876.207.000) 07/19 11:02:36 Started transferring output files
...
040 (2521876.207.000) 07/19 11:02:36 Finished transferring output files
...
005 (2521876.207.000) 07/19 11:02:37 Job terminated.
	(1) Normal termination (return value 0)
		Usr 0 00:19:52, Sys 0 00:00:03  -  Run Remote Usage
		Usr 0 00:00:00, Sys 0 00:00:00  -  Run Local Usage
		Usr 0 00:19:52, Sys 0 00:00:03  -  Total Remote Usage
		Usr 0 00:00:00, Sys 0 00:00:00  -  Total Local Usage
	49487  -  Run Bytes Sent By Job
	55262812  -  Run Bytes Received By Job
	49487  -  Total Bytes Sent By Job
	55262812  -  Total Bytes Received By Job
	Partitionable Resources :     Usage  Request Allocated 
	   Cpus                 :      0.99        3         3 
	   Disk (KB)            : 183554       75000   1388442 
	   Memory (MB)          :    294        6000      6000 

	Job terminated of its own accord at 2021-07-19T09:02:36Z.
...
