000 (2536881.126.000) 07/22 03:18:13 Job submitted from host: <188.185.70.244:9618?addrs=188.185.70.244-9618+[2001-1458-d00-7--100-2ee]-9618&alias=bigbird10.cern.ch&noUDP&sock=schedd_2037_ca81>
...
040 (2536881.126.000) 07/22 03:35:07 Started transferring input files
	Transferring to host: <188.184.213.183:9618?addrs=188.184.213.183-9618+[2001-1458-301-10c--100-1c0]-9618&alias=b7g24n0700.cern.ch&noUDP&sock=slot1_4_32137_2c74_123006>
...
040 (2536881.126.000) 07/22 03:35:08 Finished transferring input files
...
001 (2536881.126.000) 07/22 03:35:08 Job executing on host: <188.184.213.183:9618?addrs=188.184.213.183-9618+[2001-1458-301-10c--100-1c0]-9618&alias=b7g24n0700.cern.ch&noUDP&sock=startd_2049_05a4>
...
006 (2536881.126.000) 07/22 03:35:16 Image size of job updated: 174484
	27  -  MemoryUsage of job (MB)
	27512  -  ResidentSetSize of job (KB)
...
006 (2536881.126.000) 07/22 03:40:16 Image size of job updated: 630520
	204  -  MemoryUsage of job (MB)
	208860  -  ResidentSetSize of job (KB)
...
006 (2536881.126.000) 07/22 03:50:17 Image size of job updated: 630520
	204  -  MemoryUsage of job (MB)
	208864  -  ResidentSetSize of job (KB)
...
006 (2536881.126.000) 07/22 05:35:25 Image size of job updated: 904816
	378  -  MemoryUsage of job (MB)
	386636  -  ResidentSetSize of job (KB)
...
040 (2536881.126.000) 07/22 06:52:50 Started transferring output files
...
040 (2536881.126.000) 07/22 06:52:50 Finished transferring output files
...
005 (2536881.126.000) 07/22 06:52:50 Job terminated.
	(1) Normal termination (return value 0)
		Usr 0 01:20:15, Sys 0 00:00:08  -  Run Remote Usage
		Usr 0 00:00:00, Sys 0 00:00:00  -  Run Local Usage
		Usr 0 01:20:15, Sys 0 00:00:08  -  Total Remote Usage
		Usr 0 00:00:00, Sys 0 00:00:00  -  Total Local Usage
	44780  -  Run Bytes Sent By Job
	55262812  -  Run Bytes Received By Job
	44780  -  Total Bytes Sent By Job
	55262812  -  Total Bytes Received By Job
	Partitionable Resources :     Usage  Request Allocated 
	   Cpus                 :      0.99        3         3 
	   Disk (KB)            : 197259       75000    291808 
	   Memory (MB)          :    378        6000      6000 

	Job terminated of its own accord at 2021-07-22T04:52:50Z.
...
