000 (2524617.103.000) 07/20 01:52:27 Job submitted from host: <188.185.70.244:9618?addrs=188.185.70.244-9618+[2001-1458-d00-7--100-2ee]-9618&alias=bigbird10.cern.ch&noUDP&sock=schedd_2037_ca81>
...
040 (2524617.103.000) 07/20 02:00:42 Started transferring input files
	Transferring to host: <128.142.68.76:9618?addrs=128.142.68.76-9618+[2001-1458-301-52--100-52f]-9618&alias=b7s10n0728.cern.ch&noUDP&sock=slot1_6_14232_7b3c_141970>
...
040 (2524617.103.000) 07/20 02:00:42 Finished transferring input files
...
001 (2524617.103.000) 07/20 02:00:42 Job executing on host: <128.142.68.76:9618?addrs=128.142.68.76-9618+[2001-1458-301-52--100-52f]-9618&alias=b7s10n0728.cern.ch&noUDP&sock=startd_2288_f4c7>
...
006 (2524617.103.000) 07/20 02:00:51 Image size of job updated: 528052
	129  -  MemoryUsage of job (MB)
	131452  -  ResidentSetSize of job (KB)
...
006 (2524617.103.000) 07/20 02:05:51 Image size of job updated: 632464
	208  -  MemoryUsage of job (MB)
	212944  -  ResidentSetSize of job (KB)
...
006 (2524617.103.000) 07/20 02:10:51 Image size of job updated: 632464
	280  -  MemoryUsage of job (MB)
	285872  -  ResidentSetSize of job (KB)
...
006 (2524617.103.000) 07/20 02:15:52 Image size of job updated: 739600
	287  -  MemoryUsage of job (MB)
	292892  -  ResidentSetSize of job (KB)
...
006 (2524617.103.000) 07/20 02:20:52 Image size of job updated: 740048
	287  -  MemoryUsage of job (MB)
	293476  -  ResidentSetSize of job (KB)
...
040 (2524617.103.000) 07/20 02:22:49 Started transferring output files
...
040 (2524617.103.000) 07/20 02:22:49 Finished transferring output files
...
005 (2524617.103.000) 07/20 02:22:50 Job terminated.
	(1) Normal termination (return value 0)
		Usr 0 00:12:57, Sys 0 00:00:03  -  Run Remote Usage
		Usr 0 00:00:00, Sys 0 00:00:00  -  Run Local Usage
		Usr 0 00:12:57, Sys 0 00:00:03  -  Total Remote Usage
		Usr 0 00:00:00, Sys 0 00:00:00  -  Total Local Usage
	51492  -  Run Bytes Sent By Job
	55262812  -  Run Bytes Received By Job
	51492  -  Total Bytes Sent By Job
	55262812  -  Total Bytes Received By Job
	Partitionable Resources :     Usage  Request Allocated 
	   Cpus                 :      1.00        3         3 
	   Disk (KB)            : 181861       75000    279130 
	   Memory (MB)          :    287        6000      6000 

	Job terminated of its own accord at 2021-07-20T00:22:49Z.
...
