000 (2524871.008.000) 07/20 04:35:08 Job submitted from host: <188.185.70.244:9618?addrs=188.185.70.244-9618+[2001-1458-d00-7--100-2ee]-9618&alias=bigbird10.cern.ch&noUDP&sock=schedd_2037_ca81>
...
040 (2524871.008.000) 07/20 04:48:30 Started transferring input files
	Transferring to host: <128.142.59.88:9618?addrs=128.142.59.88-9618+[2001-1458-301-21--100-57]-9618&alias=b7s04p0166.cern.ch&noUDP&sock=slot1_34_6826_48cf_10584>
...
040 (2524871.008.000) 07/20 04:48:31 Finished transferring input files
...
001 (2524871.008.000) 07/20 04:48:31 Job executing on host: <128.142.59.88:9618?addrs=128.142.59.88-9618+[2001-1458-301-21--100-57]-9618&alias=b7s04p0166.cern.ch&noUDP&sock=startd_6371_8df7>
...
006 (2524871.008.000) 07/20 04:48:40 Image size of job updated: 487684
	151  -  MemoryUsage of job (MB)
	153728  -  ResidentSetSize of job (KB)
...
006 (2524871.008.000) 07/20 04:53:41 Image size of job updated: 807132
	287  -  MemoryUsage of job (MB)
	293248  -  ResidentSetSize of job (KB)
...
006 (2524871.008.000) 07/20 05:03:16 Image size of job updated: 807608
	287  -  MemoryUsage of job (MB)
	293248  -  ResidentSetSize of job (KB)
...
040 (2524871.008.000) 07/20 05:03:16 Started transferring output files
...
040 (2524871.008.000) 07/20 05:03:16 Finished transferring output files
...
005 (2524871.008.000) 07/20 05:03:16 Job terminated.
	(1) Normal termination (return value 0)
		Usr 0 00:13:03, Sys 0 00:00:02  -  Run Remote Usage
		Usr 0 00:00:00, Sys 0 00:00:00  -  Run Local Usage
		Usr 0 00:13:03, Sys 0 00:00:02  -  Total Remote Usage
		Usr 0 00:00:00, Sys 0 00:00:00  -  Total Local Usage
	51980  -  Run Bytes Sent By Job
	55262812  -  Run Bytes Received By Job
	51980  -  Total Bytes Sent By Job
	55262812  -  Total Bytes Received By Job
	Partitionable Resources :     Usage  Request Allocated 
	   Cpus                 :      1.00        3         3 
	   Disk (KB)            : 182264       75000   1281746 
	   Memory (MB)          :    287        6000      6000 

	Job terminated of its own accord at 2021-07-20T03:03:16Z.
...
