000 (2521668.131.000) 07/19 01:56:57 Job submitted from host: <188.185.70.244:9618?addrs=188.185.70.244-9618+[2001-1458-d00-7--100-2ee]-9618&alias=bigbird10.cern.ch&noUDP&sock=schedd_2037_ca81>
...
040 (2521668.131.000) 07/19 02:13:40 Started transferring input files
	Transferring to host: <128.142.57.55:9618?addrs=128.142.57.55-9618+[2001-1458-301-7--100-36]-9618&alias=b7s02p8382.cern.ch&noUDP&sock=slot1_3_6671_12a8_12339>
...
040 (2521668.131.000) 07/19 02:13:41 Finished transferring input files
...
001 (2521668.131.000) 07/19 02:13:41 Job executing on host: <128.142.57.55:9618?addrs=128.142.57.55-9618+[2001-1458-301-7--100-36]-9618&alias=b7s02p8382.cern.ch&noUDP&sock=startd_6204_01a6>
...
006 (2521668.131.000) 07/19 02:13:50 Image size of job updated: 270144
	191  -  MemoryUsage of job (MB)
	194820  -  ResidentSetSize of job (KB)
...
006 (2521668.131.000) 07/19 02:18:51 Image size of job updated: 631960
	205  -  MemoryUsage of job (MB)
	209696  -  ResidentSetSize of job (KB)
...
040 (2521668.131.000) 07/19 02:28:27 Started transferring output files
...
040 (2521668.131.000) 07/19 02:28:27 Finished transferring output files
...
005 (2521668.131.000) 07/19 02:28:27 Job terminated.
	(1) Normal termination (return value 0)
		Usr 0 00:00:45, Sys 0 00:00:02  -  Run Remote Usage
		Usr 0 00:00:00, Sys 0 00:00:00  -  Run Local Usage
		Usr 0 00:00:45, Sys 0 00:00:02  -  Total Remote Usage
		Usr 0 00:00:00, Sys 0 00:00:00  -  Total Local Usage
	52724  -  Run Bytes Sent By Job
	55262812  -  Run Bytes Received By Job
	52724  -  Total Bytes Sent By Job
	55262812  -  Total Bytes Received By Job
	Partitionable Resources :     Usage  Request Allocated 
	   Cpus                 :      0.00        3         3 
	   Disk (KB)            : 182667       75000   1231597 
	   Memory (MB)          :    205        6000      6000 

	Job terminated of its own accord at 2021-07-19T00:28:27Z.
...
