000 (2524871.174.000) 07/20 04:35:08 Job submitted from host: <188.185.70.244:9618?addrs=188.185.70.244-9618+[2001-1458-d00-7--100-2ee]-9618&alias=bigbird10.cern.ch&noUDP&sock=schedd_2037_ca81>
...
040 (2524871.174.000) 07/20 05:25:52 Started transferring input files
	Transferring to host: <188.184.190.76:9618?addrs=188.184.190.76-9618+[2001-1458-301-4b--100-42]-9618&alias=b7g42n0153.cern.ch&noUDP&sock=slot1_2_2244_d9d4_314>
...
040 (2524871.174.000) 07/20 05:25:53 Finished transferring input files
...
001 (2524871.174.000) 07/20 05:25:53 Job executing on host: <188.184.190.76:9618?addrs=188.184.190.76-9618+[2001-1458-301-4b--100-42]-9618&alias=b7g42n0153.cern.ch&noUDP&sock=startd_2106_1e8a>
...
006 (2524871.174.000) 07/20 05:26:02 Image size of job updated: 438192
	64  -  MemoryUsage of job (MB)
	64532  -  ResidentSetSize of job (KB)
...
006 (2524871.174.000) 07/20 05:31:03 Image size of job updated: 631964
	205  -  MemoryUsage of job (MB)
	209676  -  ResidentSetSize of job (KB)
...
006 (2524871.174.000) 07/20 05:36:04 Image size of job updated: 807032
	287  -  MemoryUsage of job (MB)
	293212  -  ResidentSetSize of job (KB)
...
006 (2524871.174.000) 07/20 05:46:05 Image size of job updated: 807532
	287  -  MemoryUsage of job (MB)
	293812  -  ResidentSetSize of job (KB)
...
040 (2524871.174.000) 07/20 05:48:49 Started transferring output files
...
040 (2524871.174.000) 07/20 05:48:49 Finished transferring output files
...
005 (2524871.174.000) 07/20 05:48:49 Job terminated.
	(1) Normal termination (return value 0)
		Usr 0 00:17:38, Sys 0 00:00:03  -  Run Remote Usage
		Usr 0 00:00:00, Sys 0 00:00:00  -  Run Local Usage
		Usr 0 00:17:38, Sys 0 00:00:03  -  Total Remote Usage
		Usr 0 00:00:00, Sys 0 00:00:00  -  Total Local Usage
	52396  -  Run Bytes Sent By Job
	55262812  -  Run Bytes Received By Job
	52396  -  Total Bytes Sent By Job
	55262812  -  Total Bytes Received By Job
	Partitionable Resources :     Usage  Request Allocated 
	   Cpus                 :      1.00        3         3 
	   Disk (KB)            : 182242       75000    285399 
	   Memory (MB)          :    287        6000      6000 

	Job terminated of its own accord at 2021-07-20T03:48:49Z.
...
