000 (2521876.090.000) 07/19 08:46:26 Job submitted from host: <188.185.70.244:9618?addrs=188.185.70.244-9618+[2001-1458-d00-7--100-2ee]-9618&alias=bigbird10.cern.ch&noUDP&sock=schedd_2037_ca81>
...
040 (2521876.090.000) 07/19 10:04:01 Started transferring input files
	Transferring to host: <128.142.56.64:9618?addrs=128.142.56.64-9618+[2001-1458-301-6--100-3f]-9618&alias=b7s01p0584.cern.ch&noUDP&sock=slot1_12_56218_6aa7_15898>
...
040 (2521876.090.000) 07/19 10:04:02 Finished transferring input files
...
001 (2521876.090.000) 07/19 10:04:02 Job executing on host: <128.142.56.64:9618?addrs=128.142.56.64-9618+[2001-1458-301-6--100-3f]-9618&alias=b7s01p0584.cern.ch&noUDP&sock=startd_53120_7aea>
...
006 (2521876.090.000) 07/19 10:04:11 Image size of job updated: 1061444
	202  -  MemoryUsage of job (MB)
	205848  -  ResidentSetSize of job (KB)
...
006 (2521876.090.000) 07/19 10:09:12 Image size of job updated: 1061444
	298  -  MemoryUsage of job (MB)
	304440  -  ResidentSetSize of job (KB)
...
040 (2521876.090.000) 07/19 10:22:19 Started transferring output files
...
040 (2521876.090.000) 07/19 10:22:19 Finished transferring output files
...
005 (2521876.090.000) 07/19 10:22:20 Job terminated.
	(1) Normal termination (return value 0)
		Usr 0 00:18:13, Sys 0 00:00:02  -  Run Remote Usage
		Usr 0 00:00:00, Sys 0 00:00:00  -  Run Local Usage
		Usr 0 00:18:13, Sys 0 00:00:02  -  Total Remote Usage
		Usr 0 00:00:00, Sys 0 00:00:00  -  Total Local Usage
	49741  -  Run Bytes Sent By Job
	55262812  -  Run Bytes Received By Job
	49741  -  Total Bytes Sent By Job
	55262812  -  Total Bytes Received By Job
	Partitionable Resources :     Usage  Request Allocated 
	   Cpus                 :      1.00        3         3 
	   Disk (KB)            : 185107       75000   1282816 
	   Memory (MB)          :    298        6000      6000 

	Job terminated of its own accord at 2021-07-19T08:22:19Z.
...
