000 (2522101.159.000) 07/19 11:55:34 Job submitted from host: <188.185.70.244:9618?addrs=188.185.70.244-9618+[2001-1458-d00-7--100-2ee]-9618&alias=bigbird10.cern.ch&noUDP&sock=schedd_2037_ca81>
...
040 (2522101.159.000) 07/19 12:56:12 Started transferring input files
	Transferring to host: <128.142.56.124:9618?addrs=128.142.56.124-9618+[2001-1458-301-6--100-7b]-9618&alias=b7s01p2473.cern.ch&noUDP&sock=slot1_1_54705_5f0a_12735>
...
040 (2522101.159.000) 07/19 12:56:13 Finished transferring input files
...
001 (2522101.159.000) 07/19 12:56:13 Job executing on host: <128.142.56.124:9618?addrs=128.142.56.124-9618+[2001-1458-301-6--100-7b]-9618&alias=b7s01p2473.cern.ch&noUDP&sock=startd_54661_7a5c>
...
006 (2522101.159.000) 07/19 12:56:22 Image size of job updated: 531088
	179  -  MemoryUsage of job (MB)
	182688  -  ResidentSetSize of job (KB)
...
006 (2522101.159.000) 07/19 13:01:23 Image size of job updated: 627280
	202  -  MemoryUsage of job (MB)
	206472  -  ResidentSetSize of job (KB)
...
006 (2522101.159.000) 07/19 13:06:23 Image size of job updated: 797240
	274  -  MemoryUsage of job (MB)
	280512  -  ResidentSetSize of job (KB)
...
006 (2522101.159.000) 07/19 13:11:23 Image size of job updated: 797748
	275  -  MemoryUsage of job (MB)
	281120  -  ResidentSetSize of job (KB)
...
040 (2522101.159.000) 07/19 13:12:51 Started transferring output files
...
040 (2522101.159.000) 07/19 13:12:51 Finished transferring output files
...
005 (2522101.159.000) 07/19 13:12:52 Job terminated.
	(1) Normal termination (return value 0)
		Usr 0 00:08:17, Sys 0 00:00:02  -  Run Remote Usage
		Usr 0 00:00:00, Sys 0 00:00:00  -  Run Local Usage
		Usr 0 00:08:17, Sys 0 00:00:02  -  Total Remote Usage
		Usr 0 00:00:00, Sys 0 00:00:00  -  Total Local Usage
	48051  -  Run Bytes Sent By Job
	55262812  -  Run Bytes Received By Job
	48051  -  Total Bytes Sent By Job
	55262812  -  Total Bytes Received By Job
	Partitionable Resources :     Usage  Request Allocated 
	   Cpus                 :      1.00        3         3 
	   Disk (KB)            : 180639       75000   1264211 
	   Memory (MB)          :    275        6000      6000 

	Job terminated of its own accord at 2021-07-19T11:12:51Z.
...
