000 (2522101.074.000) 07/19 11:55:34 Job submitted from host: <188.185.70.244:9618?addrs=188.185.70.244-9618+[2001-1458-d00-7--100-2ee]-9618&alias=bigbird10.cern.ch&noUDP&sock=schedd_2037_ca81>
...
040 (2522101.074.000) 07/19 12:46:36 Started transferring input files
	Transferring to host: <128.142.85.165:9618?addrs=128.142.85.165-9618+[2001-1458-301-f6--100-7]-9618&alias=b7s14n4012.cern.ch&noUDP&sock=slot1_6_6062_fa30_65915>
...
040 (2522101.074.000) 07/19 12:46:37 Finished transferring input files
...
001 (2522101.074.000) 07/19 12:46:37 Job executing on host: <128.142.85.165:9618?addrs=128.142.85.165-9618+[2001-1458-301-f6--100-7]-9618&alias=b7s14n4012.cern.ch&noUDP&sock=startd_4605_39b7>
...
006 (2522101.074.000) 07/19 12:46:45 Image size of job updated: 321408
	44  -  MemoryUsage of job (MB)
	44148  -  ResidentSetSize of job (KB)
...
006 (2522101.074.000) 07/19 12:51:45 Image size of job updated: 631968
	205  -  MemoryUsage of job (MB)
	209724  -  ResidentSetSize of job (KB)
...
006 (2522101.074.000) 07/19 13:06:46 Image size of job updated: 817076
	297  -  MemoryUsage of job (MB)
	303224  -  ResidentSetSize of job (KB)
...
006 (2522101.074.000) 07/19 13:16:47 Image size of job updated: 817516
	297  -  MemoryUsage of job (MB)
	303808  -  ResidentSetSize of job (KB)
...
040 (2522101.074.000) 07/19 13:17:18 Started transferring output files
...
040 (2522101.074.000) 07/19 13:17:18 Finished transferring output files
...
005 (2522101.074.000) 07/19 13:17:19 Job terminated.
	(1) Normal termination (return value 0)
		Usr 0 00:13:11, Sys 0 00:00:02  -  Run Remote Usage
		Usr 0 00:00:00, Sys 0 00:00:00  -  Run Local Usage
		Usr 0 00:13:11, Sys 0 00:00:02  -  Total Remote Usage
		Usr 0 00:00:00, Sys 0 00:00:00  -  Total Local Usage
	49843  -  Run Bytes Sent By Job
	55262812  -  Run Bytes Received By Job
	49843  -  Total Bytes Sent By Job
	55262812  -  Total Bytes Received By Job
	Partitionable Resources :     Usage  Request Allocated 
	   Cpus                 :      1.00        3         3 
	   Disk (KB)            : 184118       75000    246370 
	   Memory (MB)          :    297        6000      6000 

	Job terminated of its own accord at 2021-07-19T11:17:18Z.
...
