000 (2521867.208.000) 07/19 07:46:08 Job submitted from host: <188.185.70.244:9618?addrs=188.185.70.244-9618+[2001-1458-d00-7--100-2ee]-9618&alias=bigbird10.cern.ch&noUDP&sock=schedd_2037_ca81>
...
040 (2521867.208.000) 07/19 07:50:00 Started transferring input files
	Transferring to host: <128.142.56.79:9618?addrs=128.142.56.79-9618+[2001-1458-301-6--100-4e]-9618&alias=b7s01p2424.cern.ch&noUDP&sock=slot1_22_13549_3f00_14964>
...
040 (2521867.208.000) 07/19 07:50:01 Finished transferring input files
...
001 (2521867.208.000) 07/19 07:50:01 Job executing on host: <128.142.56.79:9618?addrs=128.142.56.79-9618+[2001-1458-301-6--100-4e]-9618&alias=b7s01p2424.cern.ch&noUDP&sock=startd_9930_bb87>
...
006 (2521867.208.000) 07/19 07:50:09 Image size of job updated: 269112
	190  -  MemoryUsage of job (MB)
	193892  -  ResidentSetSize of job (KB)
...
006 (2521867.208.000) 07/19 07:55:09 Image size of job updated: 795668
	272  -  MemoryUsage of job (MB)
	278284  -  ResidentSetSize of job (KB)
...
006 (2521867.208.000) 07/19 08:00:10 Image size of job updated: 796328
	273  -  MemoryUsage of job (MB)
	278952  -  ResidentSetSize of job (KB)
...
040 (2521867.208.000) 07/19 08:00:46 Started transferring output files
...
040 (2521867.208.000) 07/19 08:00:47 Finished transferring output files
...
005 (2521867.208.000) 07/19 08:00:47 Job terminated.
	(1) Normal termination (return value 0)
		Usr 0 00:10:01, Sys 0 00:00:02  -  Run Remote Usage
		Usr 0 00:00:00, Sys 0 00:00:00  -  Run Local Usage
		Usr 0 00:10:01, Sys 0 00:00:02  -  Total Remote Usage
		Usr 0 00:00:00, Sys 0 00:00:00  -  Total Local Usage
	48516  -  Run Bytes Sent By Job
	55262812  -  Run Bytes Received By Job
	48516  -  Total Bytes Sent By Job
	55262812  -  Total Bytes Received By Job
	Partitionable Resources :     Usage  Request Allocated 
	   Cpus                 :      1.00        3         3 
	   Disk (KB)            : 180372       75000   1235832 
	   Memory (MB)          :    273        6000      6000 

	Job terminated of its own accord at 2021-07-19T06:00:46Z.
...
