000 (2524617.006.000) 07/20 01:52:26 Job submitted from host: <188.185.70.244:9618?addrs=188.185.70.244-9618+[2001-1458-d00-7--100-2ee]-9618&alias=bigbird10.cern.ch&noUDP&sock=schedd_2037_ca81>
...
040 (2524617.006.000) 07/20 01:55:22 Started transferring input files
	Transferring to host: <188.184.190.192:9618?addrs=188.184.190.192-9618+[2001-1458-301-4b--100-c2]-9618&alias=b7g42n0384.cern.ch&noUDP&sock=slot1_6_5768_d3e4_65023>
...
040 (2524617.006.000) 07/20 01:55:23 Finished transferring input files
...
001 (2524617.006.000) 07/20 01:55:23 Job executing on host: <188.184.190.192:9618?addrs=188.184.190.192-9618+[2001-1458-301-4b--100-c2]-9618&alias=b7g42n0384.cern.ch&noUDP&sock=startd_4480_7c60>
...
006 (2524617.006.000) 07/20 01:55:31 Image size of job updated: 411884
	10  -  MemoryUsage of job (MB)
	9536  -  ResidentSetSize of job (KB)
...
006 (2524617.006.000) 07/20 02:00:32 Image size of job updated: 809708
	290  -  MemoryUsage of job (MB)
	296352  -  ResidentSetSize of job (KB)
...
006 (2524617.006.000) 07/20 02:15:34 Image size of job updated: 810188
	290  -  MemoryUsage of job (MB)
	296944  -  ResidentSetSize of job (KB)
...
040 (2524617.006.000) 07/20 02:16:18 Started transferring output files
...
040 (2524617.006.000) 07/20 02:16:18 Finished transferring output files
...
005 (2524617.006.000) 07/20 02:16:18 Job terminated.
	(1) Normal termination (return value 0)
		Usr 0 00:17:12, Sys 0 00:00:03  -  Run Remote Usage
		Usr 0 00:00:00, Sys 0 00:00:00  -  Run Local Usage
		Usr 0 00:17:12, Sys 0 00:00:03  -  Total Remote Usage
		Usr 0 00:00:00, Sys 0 00:00:00  -  Total Local Usage
	53237  -  Run Bytes Sent By Job
	55262812  -  Run Bytes Received By Job
	53237  -  Total Bytes Sent By Job
	55262812  -  Total Bytes Received By Job
	Partitionable Resources :     Usage  Request Allocated 
	   Cpus                 :      1.00        3         3 
	   Disk (KB)            : 182724       75000    299084 
	   Memory (MB)          :    290        6000      6000 

	Job terminated of its own accord at 2021-07-20T00:16:18Z.
...
