000 (2526743.084.000) 07/20 13:19:14 Job submitted from host: <188.185.70.244:9618?addrs=188.185.70.244-9618+[2001-1458-d00-7--100-2ee]-9618&alias=bigbird10.cern.ch&noUDP&sock=schedd_2037_ca81>
...
040 (2526743.084.000) 07/20 13:21:33 Started transferring input files
	Transferring to host: <128.142.57.38:9618?addrs=128.142.57.38-9618+[2001-1458-301-7--100-25]-9618&alias=b7s02p3644.cern.ch&noUDP&sock=slot1_23_4190_fbe3_16148>
...
040 (2526743.084.000) 07/20 13:21:34 Finished transferring input files
...
001 (2526743.084.000) 07/20 13:21:34 Job executing on host: <128.142.57.38:9618?addrs=128.142.57.38-9618+[2001-1458-301-7--100-25]-9618&alias=b7s02p3644.cern.ch&noUDP&sock=startd_3735_7a51>
...
006 (2526743.084.000) 07/20 13:21:43 Image size of job updated: 275268
	196  -  MemoryUsage of job (MB)
	199948  -  ResidentSetSize of job (KB)
...
006 (2526743.084.000) 07/20 13:26:45 Image size of job updated: 626760
	202  -  MemoryUsage of job (MB)
	205912  -  ResidentSetSize of job (KB)
...
006 (2526743.084.000) 07/20 13:41:46 Image size of job updated: 823924
	300  -  MemoryUsage of job (MB)
	307156  -  ResidentSetSize of job (KB)
...
006 (2526743.084.000) 07/20 13:56:47 Image size of job updated: 824408
	301  -  MemoryUsage of job (MB)
	307756  -  ResidentSetSize of job (KB)
...
040 (2526743.084.000) 07/20 14:00:06 Started transferring output files
...
040 (2526743.084.000) 07/20 14:00:06 Finished transferring output files
...
005 (2526743.084.000) 07/20 14:00:06 Job terminated.
	(1) Normal termination (return value 0)
		Usr 0 00:21:51, Sys 0 00:00:02  -  Run Remote Usage
		Usr 0 00:00:00, Sys 0 00:00:00  -  Run Local Usage
		Usr 0 00:21:51, Sys 0 00:00:02  -  Total Remote Usage
		Usr 0 00:00:00, Sys 0 00:00:00  -  Total Local Usage
	49331  -  Run Bytes Sent By Job
	55262812  -  Run Bytes Received By Job
	49331  -  Total Bytes Sent By Job
	55262812  -  Total Bytes Received By Job
	Partitionable Resources :     Usage  Request Allocated 
	   Cpus                 :      1.00        3         3 
	   Disk (KB)            : 185409       75000   1278820 
	   Memory (MB)          :    301        6000      6000 

	Job terminated of its own accord at 2021-07-20T12:00:06Z.
...
