000 (2524871.099.000) 07/20 04:35:08 Job submitted from host: <188.185.70.244:9618?addrs=188.185.70.244-9618+[2001-1458-d00-7--100-2ee]-9618&alias=bigbird10.cern.ch&noUDP&sock=schedd_2037_ca81>
...
040 (2524871.099.000) 07/20 05:09:38 Started transferring input files
	Transferring to host: <128.142.80.242:9618?addrs=128.142.80.242-9618+[2001-1458-301-f5--100-32b]-9618&alias=b7s13n7040.cern.ch&noUDP&sock=slot1_10_6201_ea55_73222>
...
040 (2524871.099.000) 07/20 05:09:39 Finished transferring input files
...
001 (2524871.099.000) 07/20 05:09:39 Job executing on host: <128.142.80.242:9618?addrs=128.142.80.242-9618+[2001-1458-301-f5--100-32b]-9618&alias=b7s13n7040.cern.ch&noUDP&sock=startd_5067_1e78>
...
006 (2524871.099.000) 07/20 05:09:47 Image size of job updated: 405752
	92  -  MemoryUsage of job (MB)
	93856  -  ResidentSetSize of job (KB)
...
006 (2524871.099.000) 07/20 05:14:47 Image size of job updated: 636900
	210  -  MemoryUsage of job (MB)
	214340  -  ResidentSetSize of job (KB)
...
006 (2524871.099.000) 07/20 07:09:58 Image size of job updated: 891436
	369  -  MemoryUsage of job (MB)
	377764  -  ResidentSetSize of job (KB)
...
040 (2524871.099.000) 07/20 07:54:42 Started transferring output files
...
040 (2524871.099.000) 07/20 07:54:42 Finished transferring output files
...
005 (2524871.099.000) 07/20 07:54:42 Job terminated.
	(1) Normal termination (return value 0)
		Usr 0 00:47:34, Sys 0 00:00:04  -  Run Remote Usage
		Usr 0 00:00:00, Sys 0 00:00:00  -  Run Local Usage
		Usr 0 00:47:34, Sys 0 00:00:04  -  Total Remote Usage
		Usr 0 00:00:00, Sys 0 00:00:00  -  Total Local Usage
	51015  -  Run Bytes Sent By Job
	55262812  -  Run Bytes Received By Job
	51015  -  Total Bytes Sent By Job
	55262812  -  Total Bytes Received By Job
	Partitionable Resources :     Usage  Request Allocated 
	   Cpus                 :      1.00        3         3 
	   Disk (KB)            : 194509       75000    287579 
	   Memory (MB)          :    369        6000      6000 

	Job terminated of its own accord at 2021-07-20T05:54:42Z.
...
