000 (2523366.184.000) 07/19 23:50:31 Job submitted from host: <188.185.70.244:9618?addrs=188.185.70.244-9618+[2001-1458-d00-7--100-2ee]-9618&alias=bigbird10.cern.ch&noUDP&sock=schedd_2037_ca81>
...
040 (2523366.184.000) 07/20 00:30:41 Started transferring input files
	Transferring to host: <128.142.57.152:9618?addrs=128.142.57.152-9618+[2001-1458-301-7--100-97]-9618&alias=b7s02p4559.cern.ch&noUDP&sock=slot1_7_6602_74c6_16018>
...
040 (2523366.184.000) 07/20 00:30:42 Finished transferring input files
...
001 (2523366.184.000) 07/20 00:30:42 Job executing on host: <128.142.57.152:9618?addrs=128.142.57.152-9618+[2001-1458-301-7--100-97]-9618&alias=b7s02p4559.cern.ch&noUDP&sock=startd_6138_bc66>
...
006 (2523366.184.000) 07/20 00:30:51 Image size of job updated: 280908
	201  -  MemoryUsage of job (MB)
	205568  -  ResidentSetSize of job (KB)
...
006 (2523366.184.000) 07/20 00:35:52 Image size of job updated: 788108
	266  -  MemoryUsage of job (MB)
	271412  -  ResidentSetSize of job (KB)
...
006 (2523366.184.000) 07/20 00:40:52 Image size of job updated: 788124
	266  -  MemoryUsage of job (MB)
	271436  -  ResidentSetSize of job (KB)
...
040 (2523366.184.000) 07/20 00:42:01 Started transferring output files
...
040 (2523366.184.000) 07/20 00:42:01 Finished transferring output files
...
005 (2523366.184.000) 07/20 00:42:02 Job terminated.
	(1) Normal termination (return value 0)
		Usr 0 00:09:19, Sys 0 00:00:02  -  Run Remote Usage
		Usr 0 00:00:00, Sys 0 00:00:00  -  Run Local Usage
		Usr 0 00:09:19, Sys 0 00:00:02  -  Total Remote Usage
		Usr 0 00:00:00, Sys 0 00:00:00  -  Total Local Usage
	55037  -  Run Bytes Sent By Job
	55262812  -  Run Bytes Received By Job
	55037  -  Total Bytes Sent By Job
	55262812  -  Total Bytes Received By Job
	Partitionable Resources :     Usage  Request Allocated 
	   Cpus                 :      0.46        3         3 
	   Disk (KB)            : 178851       75000   1296071 
	   Memory (MB)          :    266        6000      6000 

	Job terminated of its own accord at 2021-07-19T22:42:01Z.
...
