000 (2556073.020.000) 07/27 10:23:23 Job submitted from host: <188.185.70.244:9618?addrs=188.185.70.244-9618+[2001-1458-d00-7--100-2ee]-9618&alias=bigbird10.cern.ch&noUDP&sock=schedd_2037_ca81>
...
040 (2556073.020.000) 07/27 10:25:43 Started transferring input files
	Transferring to host: <128.142.57.56:9618?addrs=128.142.57.56-9618+[2001-1458-301-7--100-37]-9618&alias=b7s02p6140.cern.ch&noUDP&sock=slot1_32_4189_4783_24682>
...
040 (2556073.020.000) 07/27 10:25:44 Finished transferring input files
...
001 (2556073.020.000) 07/27 10:25:44 Job executing on host: <128.142.57.56:9618?addrs=128.142.57.56-9618+[2001-1458-301-7--100-37]-9618&alias=b7s02p6140.cern.ch&noUDP&sock=startd_3736_29ea>
...
006 (2556073.020.000) 07/27 10:25:53 Image size of job updated: 602464
	201  -  MemoryUsage of job (MB)
	205300  -  ResidentSetSize of job (KB)
...
006 (2556073.020.000) 07/27 10:30:54 Image size of job updated: 794684
	271  -  MemoryUsage of job (MB)
	277256  -  ResidentSetSize of job (KB)
...
006 (2556073.020.000) 07/27 10:34:54 Image size of job updated: 795192
	271  -  MemoryUsage of job (MB)
	277256  -  ResidentSetSize of job (KB)
...
040 (2556073.020.000) 07/27 10:34:57 Started transferring output files
...
040 (2556073.020.000) 07/27 10:34:57 Finished transferring output files
...
005 (2556073.020.000) 07/27 10:34:57 Job terminated.
	(1) Normal termination (return value 0)
		Usr 0 00:08:48, Sys 0 00:00:02  -  Run Remote Usage
		Usr 0 00:00:00, Sys 0 00:00:00  -  Run Local Usage
		Usr 0 00:08:48, Sys 0 00:00:02  -  Total Remote Usage
		Usr 0 00:00:00, Sys 0 00:00:00  -  Total Local Usage
	49645  -  Run Bytes Sent By Job
	55262880  -  Run Bytes Received By Job
	49645  -  Total Bytes Sent By Job
	55262880  -  Total Bytes Received By Job
	Partitionable Resources :     Usage  Request Allocated 
	   Cpus                 :      1.00        3         3 
	   Disk (KB)            : 184945       75000   1261177 
	   Memory (MB)          :    271        6000      6000 

	Job terminated of its own accord at 2021-07-27T08:34:54Z.
...
