000 (2524617.204.000) 07/20 01:52:27 Job submitted from host: <188.185.70.244:9618?addrs=188.185.70.244-9618+[2001-1458-d00-7--100-2ee]-9618&alias=bigbird10.cern.ch&noUDP&sock=schedd_2037_ca81>
...
040 (2524617.204.000) 07/20 02:01:21 Started transferring input files
	Transferring to host: <128.142.59.97:9618?addrs=128.142.59.97-9618+[2001-1458-301-21--100-60]-9618&alias=b7s04p7301.cern.ch&noUDP&sock=slot1_5_6794_bccd_12558>
...
040 (2524617.204.000) 07/20 02:01:22 Finished transferring input files
...
001 (2524617.204.000) 07/20 02:01:22 Job executing on host: <128.142.59.97:9618?addrs=128.142.59.97-9618+[2001-1458-301-21--100-60]-9618&alias=b7s04p7301.cern.ch&noUDP&sock=startd_6335_dc8e>
...
006 (2524617.204.000) 07/20 02:01:31 Image size of job updated: 208444
	135  -  MemoryUsage of job (MB)
	137296  -  ResidentSetSize of job (KB)
...
006 (2524617.204.000) 07/20 02:06:33 Image size of job updated: 630848
	205  -  MemoryUsage of job (MB)
	209044  -  ResidentSetSize of job (KB)
...
006 (2524617.204.000) 07/20 02:16:33 Image size of job updated: 809508
	289  -  MemoryUsage of job (MB)
	295624  -  ResidentSetSize of job (KB)
...
006 (2524617.204.000) 07/20 02:26:13 Image size of job updated: 809984
	289  -  MemoryUsage of job (MB)
	295624  -  ResidentSetSize of job (KB)
...
040 (2524617.204.000) 07/20 02:26:13 Started transferring output files
...
040 (2524617.204.000) 07/20 02:26:13 Finished transferring output files
...
005 (2524617.204.000) 07/20 02:26:13 Job terminated.
	(1) Normal termination (return value 0)
		Usr 0 00:13:38, Sys 0 00:00:02  -  Run Remote Usage
		Usr 0 00:00:00, Sys 0 00:00:00  -  Run Local Usage
		Usr 0 00:13:38, Sys 0 00:00:02  -  Total Remote Usage
		Usr 0 00:00:00, Sys 0 00:00:00  -  Total Local Usage
	53149  -  Run Bytes Sent By Job
	55262812  -  Run Bytes Received By Job
	53149  -  Total Bytes Sent By Job
	55262812  -  Total Bytes Received By Job
	Partitionable Resources :     Usage  Request Allocated 
	   Cpus                 :      0.99        3         3 
	   Disk (KB)            : 182691       75000   1338056 
	   Memory (MB)          :    289        6000      6000 

	Job terminated of its own accord at 2021-07-20T00:26:13Z.
...
