000 (2521675.023.000) 07/19 04:18:38 Job submitted from host: <188.185.70.244:9618?addrs=188.185.70.244-9618+[2001-1458-d00-7--100-2ee]-9618&alias=bigbird10.cern.ch&noUDP&sock=schedd_2037_ca81>
...
040 (2521675.023.000) 07/19 04:24:10 Started transferring input files
	Transferring to host: <128.142.193.226:9618?addrs=128.142.193.226-9618+[2001-1458-301-cc--100-258]-9618&alias=b7g52n5016.cern.ch&noUDP&sock=slot1_2_2464_dc5d_73994>
...
040 (2521675.023.000) 07/19 04:24:11 Finished transferring input files
...
001 (2521675.023.000) 07/19 04:24:11 Job executing on host: <128.142.193.226:9618?addrs=128.142.193.226-9618+[2001-1458-301-cc--100-258]-9618&alias=b7g52n5016.cern.ch&noUDP&sock=startd_2242_676c>
...
006 (2521675.023.000) 07/19 04:24:20 Image size of job updated: 174508
	35  -  MemoryUsage of job (MB)
	34832  -  ResidentSetSize of job (KB)
...
006 (2521675.023.000) 07/19 04:29:21 Image size of job updated: 627352
	202  -  MemoryUsage of job (MB)
	206524  -  ResidentSetSize of job (KB)
...
006 (2521675.023.000) 07/19 04:32:58 Image size of job updated: 741856
	202  -  MemoryUsage of job (MB)
	206524  -  ResidentSetSize of job (KB)
...
040 (2521675.023.000) 07/19 04:32:58 Started transferring output files
...
040 (2521675.023.000) 07/19 04:32:58 Finished transferring output files
...
005 (2521675.023.000) 07/19 04:32:58 Job terminated.
	(1) Normal termination (return value 0)
		Usr 0 00:00:56, Sys 0 00:00:02  -  Run Remote Usage
		Usr 0 00:00:00, Sys 0 00:00:00  -  Run Local Usage
		Usr 0 00:00:56, Sys 0 00:00:02  -  Total Remote Usage
		Usr 0 00:00:00, Sys 0 00:00:00  -  Total Local Usage
	52576  -  Run Bytes Sent By Job
	55262812  -  Run Bytes Received By Job
	52576  -  Total Bytes Sent By Job
	55262812  -  Total Bytes Received By Job
	Partitionable Resources :    Usage  Request Allocated 
	   Cpus                 :                 3         3 
	   Disk (KB)            :   178886    75000    275568 
	   Memory (MB)          :      202     6000      6000 

	Job terminated of its own accord at 2021-07-19T02:32:58Z.
...
