000 (2526743.209.000) 07/20 13:19:14 Job submitted from host: <188.185.70.244:9618?addrs=188.185.70.244-9618+[2001-1458-d00-7--100-2ee]-9618&alias=bigbird10.cern.ch&noUDP&sock=schedd_2037_ca81>
...
040 (2526743.209.000) 07/20 13:36:24 Started transferring input files
	Transferring to host: <128.142.56.13:9618?addrs=128.142.56.13-9618+[2001-1458-301-6--100-c]-9618&alias=b7s01p0666.cern.ch&noUDP&sock=slot1_10_42608_f0be_16019>
...
040 (2526743.209.000) 07/20 13:36:24 Finished transferring input files
...
001 (2526743.209.000) 07/20 13:36:24 Job executing on host: <128.142.56.13:9618?addrs=128.142.56.13-9618+[2001-1458-301-6--100-c]-9618&alias=b7s01p0666.cern.ch&noUDP&sock=startd_39475_2524>
...
006 (2526743.209.000) 07/20 13:36:33 Image size of job updated: 574488
	190  -  MemoryUsage of job (MB)
	193936  -  ResidentSetSize of job (KB)
...
006 (2526743.209.000) 07/20 13:41:34 Image size of job updated: 804440
	281  -  MemoryUsage of job (MB)
	287064  -  ResidentSetSize of job (KB)
...
006 (2526743.209.000) 07/20 13:54:14 Image size of job updated: 804928
	281  -  MemoryUsage of job (MB)
	287064  -  ResidentSetSize of job (KB)
...
040 (2526743.209.000) 07/20 13:54:14 Started transferring output files
...
040 (2526743.209.000) 07/20 13:54:14 Finished transferring output files
...
005 (2526743.209.000) 07/20 13:54:14 Job terminated.
	(1) Normal termination (return value 0)
		Usr 0 00:15:28, Sys 0 00:00:01  -  Run Remote Usage
		Usr 0 00:00:00, Sys 0 00:00:00  -  Run Local Usage
		Usr 0 00:15:28, Sys 0 00:00:01  -  Total Remote Usage
		Usr 0 00:00:00, Sys 0 00:00:00  -  Total Local Usage
	51407  -  Run Bytes Sent By Job
	55262812  -  Run Bytes Received By Job
	51407  -  Total Bytes Sent By Job
	55262812  -  Total Bytes Received By Job
	Partitionable Resources :     Usage  Request Allocated 
	   Cpus                 :      1.00        3         3 
	   Disk (KB)            : 181887       75000   1371038 
	   Memory (MB)          :    281        6000      6000 

	Job terminated of its own accord at 2021-07-20T11:54:14Z.
...
