000 (2524617.145.000) 07/20 01:52:27 Job submitted from host: <188.185.70.244:9618?addrs=188.185.70.244-9618+[2001-1458-d00-7--100-2ee]-9618&alias=bigbird10.cern.ch&noUDP&sock=schedd_2037_ca81>
...
040 (2524617.145.000) 07/20 02:01:01 Started transferring input files
	Transferring to host: <128.142.83.173:9618?addrs=128.142.83.173-9618+[2001-1458-301-f5--100-6f5]-9618&alias=b7s13n6252.cern.ch&noUDP&sock=slot1_10_6105_4651_71790>
...
040 (2524617.145.000) 07/20 02:01:01 Finished transferring input files
...
001 (2524617.145.000) 07/20 02:01:01 Job executing on host: <128.142.83.173:9618?addrs=128.142.83.173-9618+[2001-1458-301-f5--100-6f5]-9618&alias=b7s13n6252.cern.ch&noUDP&sock=startd_4903_a0f0>
...
006 (2524617.145.000) 07/20 02:01:11 Image size of job updated: 399428
	28  -  MemoryUsage of job (MB)
	28640  -  ResidentSetSize of job (KB)
...
006 (2524617.145.000) 07/20 02:06:11 Image size of job updated: 627392
	201  -  MemoryUsage of job (MB)
	205824  -  ResidentSetSize of job (KB)
...
006 (2524617.145.000) 07/20 02:21:13 Image size of job updated: 804472
	281  -  MemoryUsage of job (MB)
	287092  -  ResidentSetSize of job (KB)
...
006 (2524617.145.000) 07/20 02:36:15 Image size of job updated: 805152
	282  -  MemoryUsage of job (MB)
	287760  -  ResidentSetSize of job (KB)
...
040 (2524617.145.000) 07/20 02:37:23 Started transferring output files
...
040 (2524617.145.000) 07/20 02:37:23 Finished transferring output files
...
005 (2524617.145.000) 07/20 02:37:23 Job terminated.
	(1) Normal termination (return value 0)
		Usr 0 00:17:56, Sys 0 00:00:03  -  Run Remote Usage
		Usr 0 00:00:00, Sys 0 00:00:00  -  Run Local Usage
		Usr 0 00:17:56, Sys 0 00:00:03  -  Total Remote Usage
		Usr 0 00:00:00, Sys 0 00:00:00  -  Total Local Usage
	51835  -  Run Bytes Sent By Job
	55262812  -  Run Bytes Received By Job
	51835  -  Total Bytes Sent By Job
	55262812  -  Total Bytes Received By Job
	Partitionable Resources :     Usage  Request Allocated 
	   Cpus                 :      1.00        3         3 
	   Disk (KB)            : 181914       75000    286402 
	   Memory (MB)          :    282        6000      6000 

	Job terminated of its own accord at 2021-07-20T00:37:23Z.
...
