000 (2534572.104.000) 07/21 23:44:26 Job submitted from host: <188.185.70.244:9618?addrs=188.185.70.244-9618+[2001-1458-d00-7--100-2ee]-9618&alias=bigbird10.cern.ch&noUDP&sock=schedd_2037_ca81>
...
040 (2534572.104.000) 07/21 23:50:15 Started transferring input files
	Transferring to host: <128.142.86.122:9618?addrs=128.142.86.122-9618+[2001-1458-301-f6--100-434]-9618&alias=b7s14n1817.cern.ch&noUDP&sock=slot1_10_5860_a667_73720>
...
040 (2534572.104.000) 07/21 23:50:16 Finished transferring input files
...
001 (2534572.104.000) 07/21 23:50:16 Job executing on host: <128.142.86.122:9618?addrs=128.142.86.122-9618+[2001-1458-301-f6--100-434]-9618&alias=b7s14n1817.cern.ch&noUDP&sock=startd_4784_012a>
...
006 (2534572.104.000) 07/21 23:50:25 Image size of job updated: 150064
	91  -  MemoryUsage of job (MB)
	92516  -  ResidentSetSize of job (KB)
...
006 (2534572.104.000) 07/21 23:55:26 Image size of job updated: 636036
	209  -  MemoryUsage of job (MB)
	213532  -  ResidentSetSize of job (KB)
...
006 (2534572.104.000) 07/22 01:05:30 Image size of job updated: 975936
	451  -  MemoryUsage of job (MB)
	461104  -  ResidentSetSize of job (KB)
...
006 (2534572.104.000) 07/22 02:05:37 Image size of job updated: 976436
	451  -  MemoryUsage of job (MB)
	461720  -  ResidentSetSize of job (KB)
...
040 (2534572.104.000) 07/22 02:47:40 Started transferring output files
...
040 (2534572.104.000) 07/22 02:47:40 Finished transferring output files
...
005 (2534572.104.000) 07/22 02:47:42 Job terminated.
	(1) Normal termination (return value 0)
		Usr 0 01:47:16, Sys 0 00:00:05  -  Run Remote Usage
		Usr 0 00:00:00, Sys 0 00:00:00  -  Run Local Usage
		Usr 0 01:47:16, Sys 0 00:00:05  -  Total Remote Usage
		Usr 0 00:00:00, Sys 0 00:00:00  -  Total Local Usage
	46726  -  Run Bytes Sent By Job
	55262812  -  Run Bytes Received By Job
	46726  -  Total Bytes Sent By Job
	55262812  -  Total Bytes Received By Job
	Partitionable Resources :     Usage  Request Allocated 
	   Cpus                 :      1.00        3         3 
	   Disk (KB)            : 211257       75000    278961 
	   Memory (MB)          :    451        6000      6000 

	Job terminated of its own accord at 2021-07-22T00:47:39Z.
...
