000 (2536881.119.000) 07/22 03:18:13 Job submitted from host: <188.185.70.244:9618?addrs=188.185.70.244-9618+[2001-1458-d00-7--100-2ee]-9618&alias=bigbird10.cern.ch&noUDP&sock=schedd_2037_ca81>
...
040 (2536881.119.000) 07/22 03:35:17 Started transferring input files
	Transferring to host: <188.184.212.175:9618?addrs=188.184.212.175-9618+[2001-1458-301-10c--100-9b]-9618&alias=b7g24n0324.cern.ch&noUDP&sock=slot1_3_3987_f3bb_125237>
...
040 (2536881.119.000) 07/22 03:35:18 Finished transferring input files
...
001 (2536881.119.000) 07/22 03:35:18 Job executing on host: <188.184.212.175:9618?addrs=188.184.212.175-9618+[2001-1458-301-10c--100-9b]-9618&alias=b7g24n0324.cern.ch&noUDP&sock=startd_21684_ffb6>
...
006 (2536881.119.000) 07/22 03:35:26 Image size of job updated: 14032
	4  -  MemoryUsage of job (MB)
	3520  -  ResidentSetSize of job (KB)
...
006 (2536881.119.000) 07/22 03:40:26 Image size of job updated: 630516
	205  -  MemoryUsage of job (MB)
	209544  -  ResidentSetSize of job (KB)
...
006 (2536881.119.000) 07/22 03:50:28 Image size of job updated: 630516
	205  -  MemoryUsage of job (MB)
	209548  -  ResidentSetSize of job (KB)
...
006 (2536881.119.000) 07/22 05:35:38 Image size of job updated: 866268
	342  -  MemoryUsage of job (MB)
	349468  -  ResidentSetSize of job (KB)
...
040 (2536881.119.000) 07/22 06:19:20 Started transferring output files
...
040 (2536881.119.000) 07/22 06:19:21 Finished transferring output files
...
005 (2536881.119.000) 07/22 06:19:21 Job terminated.
	(1) Normal termination (return value 0)
		Usr 0 00:45:44, Sys 0 00:00:04  -  Run Remote Usage
		Usr 0 00:00:00, Sys 0 00:00:00  -  Run Local Usage
		Usr 0 00:45:44, Sys 0 00:00:04  -  Total Remote Usage
		Usr 0 00:00:00, Sys 0 00:00:00  -  Total Local Usage
	45313  -  Run Bytes Sent By Job
	55262812  -  Run Bytes Received By Job
	45313  -  Total Bytes Sent By Job
	55262812  -  Total Bytes Received By Job
	Partitionable Resources :     Usage  Request Allocated 
	   Cpus                 :      0.99        3         3 
	   Disk (KB)            : 190236       75000    303434 
	   Memory (MB)          :    342        6000      6000 

	Job terminated of its own accord at 2021-07-22T04:19:20Z.
...
