000 (2521842.018.000) 07/19 05:55:55 Job submitted from host: <188.185.70.244:9618?addrs=188.185.70.244-9618+[2001-1458-d00-7--100-2ee]-9618&alias=bigbird10.cern.ch&noUDP&sock=schedd_2037_ca81>
...
040 (2521842.018.000) 07/19 05:58:41 Started transferring input files
	Transferring to host: <188.184.212.223:9618?addrs=188.184.212.223-9618+[2001-1458-301-10c--100-ec]-9618&alias=b7g24n0460.cern.ch&noUDP&sock=slot1_4_5649_fb3f_75306>
...
040 (2521842.018.000) 07/19 05:58:42 Finished transferring input files
...
001 (2521842.018.000) 07/19 05:58:42 Job executing on host: <188.184.212.223:9618?addrs=188.184.212.223-9618+[2001-1458-301-10c--100-ec]-9618&alias=b7g24n0460.cern.ch&noUDP&sock=startd_4355_bf09>
...
006 (2521842.018.000) 07/19 05:58:51 Image size of job updated: 288736
	25  -  MemoryUsage of job (MB)
	25136  -  ResidentSetSize of job (KB)
...
006 (2521842.018.000) 07/19 06:03:52 Image size of job updated: 626804
	201  -  MemoryUsage of job (MB)
	205304  -  ResidentSetSize of job (KB)
...
006 (2521842.018.000) 07/19 06:18:54 Image size of job updated: 818868
	295  -  MemoryUsage of job (MB)
	301504  -  ResidentSetSize of job (KB)
...
006 (2521842.018.000) 07/19 06:33:55 Image size of job updated: 819356
	296  -  MemoryUsage of job (MB)
	302104  -  ResidentSetSize of job (KB)
...
040 (2521842.018.000) 07/19 06:46:53 Started transferring output files
...
040 (2521842.018.000) 07/19 06:46:53 Finished transferring output files
...
005 (2521842.018.000) 07/19 06:46:53 Job terminated.
	(1) Normal termination (return value 0)
		Usr 0 00:29:17, Sys 0 00:00:03  -  Run Remote Usage
		Usr 0 00:00:00, Sys 0 00:00:00  -  Run Local Usage
		Usr 0 00:29:17, Sys 0 00:00:03  -  Total Remote Usage
		Usr 0 00:00:00, Sys 0 00:00:00  -  Total Local Usage
	49665  -  Run Bytes Sent By Job
	55262812  -  Run Bytes Received By Job
	49665  -  Total Bytes Sent By Job
	55262812  -  Total Bytes Received By Job
	Partitionable Resources :     Usage  Request Allocated 
	   Cpus                 :      1.00        3         3 
	   Disk (KB)            : 184572       75000    296799 
	   Memory (MB)          :    296        6000      6000 

	Job terminated of its own accord at 2021-07-19T04:46:52Z.
...
