000 (2521668.049.000) 07/19 01:56:56 Job submitted from host: <188.185.70.244:9618?addrs=188.185.70.244-9618+[2001-1458-d00-7--100-2ee]-9618&alias=bigbird10.cern.ch&noUDP&sock=schedd_2037_ca81>
...
040 (2521668.049.000) 07/19 02:01:16 Started transferring input files
	Transferring to host: <188.184.133.132:9618?addrs=188.184.133.132-9618+[2001-1458-301-a0--100-1b9]-9618&alias=b7g28n0296.cern.ch&noUDP&sock=slot1_4_23058_3263_116418>
...
040 (2521668.049.000) 07/19 02:01:17 Finished transferring input files
...
001 (2521668.049.000) 07/19 02:01:18 Job executing on host: <188.184.133.132:9618?addrs=188.184.133.132-9618+[2001-1458-301-a0--100-1b9]-9618&alias=b7g28n0296.cern.ch&noUDP&sock=startd_29892_0111>
...
006 (2521668.049.000) 07/19 02:01:26 Image size of job updated: 127524
	4  -  MemoryUsage of job (MB)
	3684  -  ResidentSetSize of job (KB)
...
006 (2521668.049.000) 07/19 02:06:26 Image size of job updated: 630932
	205  -  MemoryUsage of job (MB)
	209236  -  ResidentSetSize of job (KB)
...
006 (2521668.049.000) 07/19 02:43:47 Image size of job updated: 820428
	205  -  MemoryUsage of job (MB)
	209236  -  ResidentSetSize of job (KB)
...
040 (2521668.049.000) 07/19 02:43:47 Started transferring output files
...
040 (2521668.049.000) 07/19 02:43:47 Finished transferring output files
...
005 (2521668.049.000) 07/19 02:43:47 Job terminated.
	(1) Normal termination (return value 0)
		Usr 0 00:03:52, Sys 0 00:00:05  -  Run Remote Usage
		Usr 0 00:00:00, Sys 0 00:00:00  -  Run Local Usage
		Usr 0 00:03:52, Sys 0 00:00:05  -  Total Remote Usage
		Usr 0 00:00:00, Sys 0 00:00:00  -  Total Local Usage
	52069  -  Run Bytes Sent By Job
	55262812  -  Run Bytes Received By Job
	52069  -  Total Bytes Sent By Job
	55262812  -  Total Bytes Received By Job
	Partitionable Resources :     Usage  Request Allocated 
	   Cpus                 :      0.04        3         3 
	   Disk (KB)            : 202216       75000    182028 
	   Memory (MB)          :    205        6000      6000 

	Job terminated of its own accord at 2021-07-19T00:43:47Z.
...
