000 (2536881.015.000) 07/22 03:18:13 Job submitted from host: <188.185.70.244:9618?addrs=188.185.70.244-9618+[2001-1458-d00-7--100-2ee]-9618&alias=bigbird10.cern.ch&noUDP&sock=schedd_2037_ca81>
...
040 (2536881.015.000) 07/22 03:22:24 Started transferring input files
	Transferring to host: <128.142.57.136:9618?addrs=128.142.57.136-9618+[2001-1458-301-7--100-87]-9618&alias=b7s02p7470.cern.ch&noUDP&sock=slot1_27_2559_cc01_15496>
...
040 (2536881.015.000) 07/22 03:22:24 Finished transferring input files
...
001 (2536881.015.000) 07/22 03:22:24 Job executing on host: <128.142.57.136:9618?addrs=128.142.57.136-9618+[2001-1458-301-7--100-87]-9618&alias=b7s02p7470.cern.ch&noUDP&sock=startd_2095_9300>
...
006 (2536881.015.000) 07/22 03:22:33 Image size of job updated: 288712
	180  -  MemoryUsage of job (MB)
	184292  -  ResidentSetSize of job (KB)
...
006 (2536881.015.000) 07/22 03:27:34 Image size of job updated: 816448
	296  -  MemoryUsage of job (MB)
	303088  -  ResidentSetSize of job (KB)
...
006 (2536881.015.000) 07/22 03:32:34 Image size of job updated: 817132
	297  -  MemoryUsage of job (MB)
	303768  -  ResidentSetSize of job (KB)
...
040 (2536881.015.000) 07/22 03:34:54 Started transferring output files
...
040 (2536881.015.000) 07/22 03:34:55 Finished transferring output files
...
005 (2536881.015.000) 07/22 03:34:55 Job terminated.
	(1) Normal termination (return value 0)
		Usr 0 00:10:51, Sys 0 00:00:02  -  Run Remote Usage
		Usr 0 00:00:00, Sys 0 00:00:00  -  Run Local Usage
		Usr 0 00:10:51, Sys 0 00:00:02  -  Total Remote Usage
		Usr 0 00:00:00, Sys 0 00:00:00  -  Total Local Usage
	44385  -  Run Bytes Sent By Job
	55262812  -  Run Bytes Received By Job
	44385  -  Total Bytes Sent By Job
	55262812  -  Total Bytes Received By Job
	Partitionable Resources :     Usage  Request Allocated 
	   Cpus                 :      1.00        3         3 
	   Disk (KB)            : 184056       75000   1307108 
	   Memory (MB)          :    297        6000      6000 

	Job terminated of its own accord at 2021-07-22T01:34:54Z.
...
