000 (2521668.179.000) 07/19 01:56:57 Job submitted from host: <188.185.70.244:9618?addrs=188.185.70.244-9618+[2001-1458-d00-7--100-2ee]-9618&alias=bigbird10.cern.ch&noUDP&sock=schedd_2037_ca81>
...
040 (2521668.179.000) 07/19 02:17:34 Started transferring input files
	Transferring to host: <128.142.56.133:9618?addrs=128.142.56.133-9618+[2001-1458-301-6--100-84]-9618&alias=b7s01p5770.cern.ch&noUDP&sock=slot1_19_49015_4062_12369>
...
040 (2521668.179.000) 07/19 02:17:35 Finished transferring input files
...
001 (2521668.179.000) 07/19 02:17:35 Job executing on host: <128.142.56.133:9618?addrs=128.142.56.133-9618+[2001-1458-301-6--100-84]-9618&alias=b7s01p5770.cern.ch&noUDP&sock=startd_45914_c375>
...
006 (2521668.179.000) 07/19 02:17:43 Image size of job updated: 531088
	134  -  MemoryUsage of job (MB)
	137196  -  ResidentSetSize of job (KB)
...
006 (2521668.179.000) 07/19 02:22:43 Image size of job updated: 626836
	201  -  MemoryUsage of job (MB)
	205344  -  ResidentSetSize of job (KB)
...
006 (2521668.179.000) 07/19 02:42:45 Image size of job updated: 626836
	201  -  MemoryUsage of job (MB)
	205348  -  ResidentSetSize of job (KB)
...
040 (2521668.179.000) 07/19 02:48:44 Started transferring output files
...
040 (2521668.179.000) 07/19 02:48:44 Finished transferring output files
...
005 (2521668.179.000) 07/19 02:48:44 Job terminated.
	(1) Normal termination (return value 0)
		Usr 0 00:00:45, Sys 0 00:00:02  -  Run Remote Usage
		Usr 0 00:00:00, Sys 0 00:00:00  -  Run Local Usage
		Usr 0 00:00:45, Sys 0 00:00:02  -  Total Remote Usage
		Usr 0 00:00:00, Sys 0 00:00:00  -  Total Local Usage
	48865  -  Run Bytes Sent By Job
	55262812  -  Run Bytes Received By Job
	48865  -  Total Bytes Sent By Job
	55262812  -  Total Bytes Received By Job
	Partitionable Resources :    Usage  Request Allocated 
	   Cpus                 :        0        3         3 
	   Disk (KB)            :   185412    75000   1317941 
	   Memory (MB)          :      201     6000      6000 

	Job terminated of its own accord at 2021-07-19T00:48:44Z.
...
