000 (2536881.187.000) 07/22 03:18:13 Job submitted from host: <188.185.70.244:9618?addrs=188.185.70.244-9618+[2001-1458-d00-7--100-2ee]-9618&alias=bigbird10.cern.ch&noUDP&sock=schedd_2037_ca81>
...
040 (2536881.187.000) 07/22 03:58:32 Started transferring input files
	Transferring to host: <128.142.72.254:9618?addrs=128.142.72.254-9618+[2001-1458-301-75--100-288]-9618&alias=b7s11n8267.cern.ch&noUDP&sock=slot1_10_7063_45b8_34226>
...
040 (2536881.187.000) 07/22 03:58:33 Finished transferring input files
...
001 (2536881.187.000) 07/22 03:58:33 Job executing on host: <128.142.72.254:9618?addrs=128.142.72.254-9618+[2001-1458-301-75--100-288]-9618&alias=b7s11n8267.cern.ch&noUDP&sock=startd_6016_0dd8>
...
006 (2536881.187.000) 07/22 03:58:42 Image size of job updated: 103516
	53  -  MemoryUsage of job (MB)
	54212  -  ResidentSetSize of job (KB)
...
006 (2536881.187.000) 07/22 04:03:42 Image size of job updated: 832660
	308  -  MemoryUsage of job (MB)
	315368  -  ResidentSetSize of job (KB)
...
006 (2536881.187.000) 07/22 04:28:45 Image size of job updated: 833336
	309  -  MemoryUsage of job (MB)
	316040  -  ResidentSetSize of job (KB)
...
040 (2536881.187.000) 07/22 04:31:55 Started transferring output files
...
040 (2536881.187.000) 07/22 04:31:56 Finished transferring output files
...
005 (2536881.187.000) 07/22 04:31:56 Job terminated.
	(1) Normal termination (return value 0)
		Usr 0 00:32:37, Sys 0 00:00:03  -  Run Remote Usage
		Usr 0 00:00:00, Sys 0 00:00:00  -  Run Local Usage
		Usr 0 00:32:37, Sys 0 00:00:03  -  Total Remote Usage
		Usr 0 00:00:00, Sys 0 00:00:00  -  Total Local Usage
	45060  -  Run Bytes Sent By Job
	55262812  -  Run Bytes Received By Job
	45060  -  Total Bytes Sent By Job
	55262812  -  Total Bytes Received By Job
	Partitionable Resources :     Usage  Request Allocated 
	   Cpus                 :      1.00        3         3 
	   Disk (KB)            : 187124       75000    265044 
	   Memory (MB)          :    309        6000      6000 

	Job terminated of its own accord at 2021-07-22T02:31:55Z.
...
