000 (2523366.134.000) 07/19 23:50:31 Job submitted from host: <188.185.70.244:9618?addrs=188.185.70.244-9618+[2001-1458-d00-7--100-2ee]-9618&alias=bigbird10.cern.ch&noUDP&sock=schedd_2037_ca81>
...
040 (2523366.134.000) 07/20 00:26:38 Started transferring input files
	Transferring to host: <128.142.82.28:9618?addrs=128.142.82.28-9618+[2001-1458-301-f5--100-1bc]-9618&alias=b7s13n2899.cern.ch&noUDP&sock=slot1_10_5669_12c0_61818>
...
040 (2523366.134.000) 07/20 00:26:39 Finished transferring input files
...
001 (2523366.134.000) 07/20 00:26:39 Job executing on host: <128.142.82.28:9618?addrs=128.142.82.28-9618+[2001-1458-301-f5--100-1bc]-9618&alias=b7s13n2899.cern.ch&noUDP&sock=startd_4555_edfa>
...
006 (2523366.134.000) 07/20 00:26:47 Image size of job updated: 457624
	92  -  MemoryUsage of job (MB)
	93316  -  ResidentSetSize of job (KB)
...
006 (2523366.134.000) 07/20 00:31:47 Image size of job updated: 804344
	284  -  MemoryUsage of job (MB)
	290540  -  ResidentSetSize of job (KB)
...
006 (2523366.134.000) 07/20 00:46:49 Image size of job updated: 804832
	285  -  MemoryUsage of job (MB)
	291140  -  ResidentSetSize of job (KB)
...
040 (2523366.134.000) 07/20 00:50:21 Started transferring output files
...
040 (2523366.134.000) 07/20 00:50:21 Finished transferring output files
...
005 (2523366.134.000) 07/20 00:50:23 Job terminated.
	(1) Normal termination (return value 0)
		Usr 0 00:21:42, Sys 0 00:00:02  -  Run Remote Usage
		Usr 0 00:00:00, Sys 0 00:00:00  -  Run Local Usage
		Usr 0 00:21:42, Sys 0 00:00:02  -  Total Remote Usage
		Usr 0 00:00:00, Sys 0 00:00:00  -  Total Local Usage
	51625  -  Run Bytes Sent By Job
	55262812  -  Run Bytes Received By Job
	51625  -  Total Bytes Sent By Job
	55262812  -  Total Bytes Received By Job
	Partitionable Resources :     Usage  Request Allocated 
	   Cpus                 :      0.99        3         3 
	   Disk (KB)            : 181758       75000    284864 
	   Memory (MB)          :    285        6000      6000 

	Job terminated of its own accord at 2021-07-19T22:50:21Z.
...
