000 (2521675.007.000) 07/19 04:18:38 Job submitted from host: <188.185.70.244:9618?addrs=188.185.70.244-9618+[2001-1458-d00-7--100-2ee]-9618&alias=bigbird10.cern.ch&noUDP&sock=schedd_2037_ca81>
...
040 (2521675.007.000) 07/19 04:24:07 Started transferring input files
	Transferring to host: <128.142.79.134:9618?addrs=128.142.79.134-9618+[2001-1458-301-f4--100-4dc]-9618&alias=b7s12n8506.cern.ch&noUDP&sock=slot1_9_2451_b37d_2646>
...
040 (2521675.007.000) 07/19 04:24:08 Finished transferring input files
...
001 (2521675.007.000) 07/19 04:24:08 Job executing on host: <128.142.79.134:9618?addrs=128.142.79.134-9618+[2001-1458-301-f4--100-4dc]-9618&alias=b7s12n8506.cern.ch&noUDP&sock=startd_2271_4bab>
...
006 (2521675.007.000) 07/19 04:24:16 Image size of job updated: 174508
	10  -  MemoryUsage of job (MB)
	9732  -  ResidentSetSize of job (KB)
...
006 (2521675.007.000) 07/19 04:29:16 Image size of job updated: 631948
	205  -  MemoryUsage of job (MB)
	209660  -  ResidentSetSize of job (KB)
...
006 (2521675.007.000) 07/19 04:34:17 Image size of job updated: 766508
	247  -  MemoryUsage of job (MB)
	252660  -  ResidentSetSize of job (KB)
...
040 (2521675.007.000) 07/19 04:34:30 Started transferring output files
...
040 (2521675.007.000) 07/19 04:34:30 Finished transferring output files
...
005 (2521675.007.000) 07/19 04:34:30 Job terminated.
	(1) Normal termination (return value 0)
		Usr 0 00:01:15, Sys 0 00:00:02  -  Run Remote Usage
		Usr 0 00:00:00, Sys 0 00:00:00  -  Run Local Usage
		Usr 0 00:01:15, Sys 0 00:00:02  -  Total Remote Usage
		Usr 0 00:00:00, Sys 0 00:00:00  -  Total Local Usage
	53152  -  Run Bytes Sent By Job
	55262812  -  Run Bytes Received By Job
	53152  -  Total Bytes Sent By Job
	55262812  -  Total Bytes Received By Job
	Partitionable Resources :     Usage  Request Allocated 
	   Cpus                 :      0.14        3         3 
	   Disk (KB)            : 182135       75000    288676 
	   Memory (MB)          :    247        6000      6000 

	Job terminated of its own accord at 2021-07-19T02:34:29Z.
...
