000 (2521842.112.000) 07/19 05:55:55 Job submitted from host: <188.185.70.244:9618?addrs=188.185.70.244-9618+[2001-1458-d00-7--100-2ee]-9618&alias=bigbird10.cern.ch&noUDP&sock=schedd_2037_ca81>
...
040 (2521842.112.000) 07/19 06:01:35 Started transferring input files
	Transferring to host: <128.142.57.142:9618?addrs=128.142.57.142-9618+[2001-1458-301-7--100-8d]-9618&alias=b7s02p9100.cern.ch&noUDP&sock=slot1_4_3974_cadb_4705>
...
040 (2521842.112.000) 07/19 06:01:35 Finished transferring input files
...
001 (2521842.112.000) 07/19 06:01:35 Job executing on host: <128.142.57.142:9618?addrs=128.142.57.142-9618+[2001-1458-301-7--100-8d]-9618&alias=b7s02p9100.cern.ch&noUDP&sock=startd_2923_836b>
...
006 (2521842.112.000) 07/19 06:01:45 Image size of job updated: 595592
	197  -  MemoryUsage of job (MB)
	201644  -  ResidentSetSize of job (KB)
...
006 (2521842.112.000) 07/19 06:06:45 Image size of job updated: 630336
	204  -  MemoryUsage of job (MB)
	208740  -  ResidentSetSize of job (KB)
...
006 (2521842.112.000) 07/19 06:36:47 Image size of job updated: 800236
	275  -  MemoryUsage of job (MB)
	281504  -  ResidentSetSize of job (KB)
...
006 (2521842.112.000) 07/19 07:01:49 Image size of job updated: 800732
	276  -  MemoryUsage of job (MB)
	282104  -  ResidentSetSize of job (KB)
...
040 (2521842.112.000) 07/19 07:25:36 Started transferring output files
...
040 (2521842.112.000) 07/19 07:25:36 Finished transferring output files
...
005 (2521842.112.000) 07/19 07:25:36 Job terminated.
	(1) Normal termination (return value 0)
		Usr 0 00:51:28, Sys 0 00:00:04  -  Run Remote Usage
		Usr 0 00:00:00, Sys 0 00:00:00  -  Run Local Usage
		Usr 0 00:51:28, Sys 0 00:00:04  -  Total Remote Usage
		Usr 0 00:00:00, Sys 0 00:00:00  -  Total Local Usage
	48375  -  Run Bytes Sent By Job
	55262812  -  Run Bytes Received By Job
	48375  -  Total Bytes Sent By Job
	55262812  -  Total Bytes Received By Job
	Partitionable Resources :     Usage  Request Allocated 
	   Cpus                 :      1.00        3         3 
	   Disk (KB)            : 180426       75000   1326591 
	   Memory (MB)          :    276        6000      6000 

	Job terminated of its own accord at 2021-07-19T05:25:36Z.
...
