000 (2523366.019.000) 07/19 23:50:30 Job submitted from host: <188.185.70.244:9618?addrs=188.185.70.244-9618+[2001-1458-d00-7--100-2ee]-9618&alias=bigbird10.cern.ch&noUDP&sock=schedd_2037_ca81>
...
040 (2523366.019.000) 07/19 23:55:05 Started transferring input files
	Transferring to host: <188.184.198.209:9618?addrs=188.184.198.209-9618+[2001-1458-301-c1--100-3ea]-9618&alias=b7g52n9589.cern.ch&noUDP&sock=slot1_12_8807_13ff_120628>
...
040 (2523366.019.000) 07/19 23:55:06 Finished transferring input files
...
001 (2523366.019.000) 07/19 23:55:06 Job executing on host: <188.184.198.209:9618?addrs=188.184.198.209-9618+[2001-1458-301-c1--100-3ea]-9618&alias=b7g52n9589.cern.ch&noUDP&sock=startd_18397_63e9>
...
006 (2523366.019.000) 07/19 23:55:15 Image size of job updated: 15240
	4  -  MemoryUsage of job (MB)
	3680  -  ResidentSetSize of job (KB)
...
006 (2523366.019.000) 07/20 00:00:16 Image size of job updated: 627376
	202  -  MemoryUsage of job (MB)
	205888  -  ResidentSetSize of job (KB)
...
006 (2523366.019.000) 07/20 00:05:17 Image size of job updated: 817636
	294  -  MemoryUsage of job (MB)
	300324  -  ResidentSetSize of job (KB)
...
006 (2523366.019.000) 07/20 00:15:18 Image size of job updated: 818292
	294  -  MemoryUsage of job (MB)
	300992  -  ResidentSetSize of job (KB)
...
040 (2523366.019.000) 07/20 00:19:55 Started transferring output files
...
040 (2523366.019.000) 07/20 00:19:56 Finished transferring output files
...
005 (2523366.019.000) 07/20 00:19:56 Job terminated.
	(1) Normal termination (return value 0)
		Usr 0 00:19:45, Sys 0 00:00:02  -  Run Remote Usage
		Usr 0 00:00:00, Sys 0 00:00:00  -  Run Local Usage
		Usr 0 00:19:45, Sys 0 00:00:02  -  Total Remote Usage
		Usr 0 00:00:00, Sys 0 00:00:00  -  Total Local Usage
	48741  -  Run Bytes Sent By Job
	55262812  -  Run Bytes Received By Job
	48741  -  Total Bytes Sent By Job
	55262812  -  Total Bytes Received By Job
	Partitionable Resources :     Usage  Request Allocated 
	   Cpus                 :      1.00        3         3 
	   Disk (KB)            : 184291       75000    258939 
	   Memory (MB)          :    294        6000      6000 

	Job terminated of its own accord at 2021-07-19T22:19:55Z.
...
