000 (2536881.206.000) 07/22 03:18:13 Job submitted from host: <188.185.70.244:9618?addrs=188.185.70.244-9618+[2001-1458-d00-7--100-2ee]-9618&alias=bigbird10.cern.ch&noUDP&sock=schedd_2037_ca81>
...
040 (2536881.206.000) 07/22 04:03:29 Started transferring input files
	Transferring to host: <128.142.193.228:9618?addrs=128.142.193.228-9618+[2001-1458-301-cc--100-411]-9618&alias=b7g52n7009.cern.ch&noUDP&sock=slot1_2_6732_0d8b_67222>
...
040 (2536881.206.000) 07/22 04:03:30 Finished transferring input files
...
001 (2536881.206.000) 07/22 04:03:30 Job executing on host: <128.142.193.228:9618?addrs=128.142.193.228-9618+[2001-1458-301-cc--100-411]-9618&alias=b7g52n7009.cern.ch&noUDP&sock=startd_5291_c3af>
...
006 (2536881.206.000) 07/22 04:03:38 Image size of job updated: 418404
	100  -  MemoryUsage of job (MB)
	102284  -  ResidentSetSize of job (KB)
...
006 (2536881.206.000) 07/22 04:08:38 Image size of job updated: 817140
	297  -  MemoryUsage of job (MB)
	303744  -  ResidentSetSize of job (KB)
...
006 (2536881.206.000) 07/22 04:23:40 Image size of job updated: 817628
	298  -  MemoryUsage of job (MB)
	304344  -  ResidentSetSize of job (KB)
...
040 (2536881.206.000) 07/22 04:25:11 Started transferring output files
...
040 (2536881.206.000) 07/22 04:25:11 Finished transferring output files
...
005 (2536881.206.000) 07/22 04:25:11 Job terminated.
	(1) Normal termination (return value 0)
		Usr 0 00:21:15, Sys 0 00:00:03  -  Run Remote Usage
		Usr 0 00:00:00, Sys 0 00:00:00  -  Run Local Usage
		Usr 0 00:21:15, Sys 0 00:00:03  -  Total Remote Usage
		Usr 0 00:00:00, Sys 0 00:00:00  -  Total Local Usage
	44214  -  Run Bytes Sent By Job
	55262812  -  Run Bytes Received By Job
	44214  -  Total Bytes Sent By Job
	55262812  -  Total Bytes Received By Job
	Partitionable Resources :     Usage  Request Allocated 
	   Cpus                 :      1.00        3         3 
	   Disk (KB)            : 184161       75000    264917 
	   Memory (MB)          :    298        6000      6000 

	Job terminated of its own accord at 2021-07-22T02:25:11Z.
...
