000 (2522101.173.000) 07/19 11:55:34 Job submitted from host: <188.185.70.244:9618?addrs=188.185.70.244-9618+[2001-1458-d00-7--100-2ee]-9618&alias=bigbird10.cern.ch&noUDP&sock=schedd_2037_ca81>
...
040 (2522101.173.000) 07/19 13:07:33 Started transferring input files
	Transferring to host: <128.142.57.90:9618?addrs=128.142.57.90-9618+[2001-1458-301-7--100-59]-9618&alias=b7s02p0120.cern.ch&noUDP&sock=slot1_15_6593_1d65_12619>
...
040 (2522101.173.000) 07/19 13:07:33 Finished transferring input files
...
001 (2522101.173.000) 07/19 13:07:34 Job executing on host: <128.142.57.90:9618?addrs=128.142.57.90-9618+[2001-1458-301-7--100-59]-9618&alias=b7s02p0120.cern.ch&noUDP&sock=startd_6129_900c>
...
006 (2522101.173.000) 07/19 13:07:43 Image size of job updated: 631956
	205  -  MemoryUsage of job (MB)
	209672  -  ResidentSetSize of job (KB)
...
006 (2522101.173.000) 07/19 13:12:44 Image size of job updated: 817012
	297  -  MemoryUsage of job (MB)
	303156  -  ResidentSetSize of job (KB)
...
006 (2522101.173.000) 07/19 13:17:45 Image size of job updated: 817504
	297  -  MemoryUsage of job (MB)
	303720  -  ResidentSetSize of job (KB)
...
040 (2522101.173.000) 07/19 13:20:36 Started transferring output files
...
040 (2522101.173.000) 07/19 13:20:36 Finished transferring output files
...
005 (2522101.173.000) 07/19 13:20:37 Job terminated.
	(1) Normal termination (return value 0)
		Usr 0 00:11:05, Sys 0 00:00:04  -  Run Remote Usage
		Usr 0 00:00:00, Sys 0 00:00:00  -  Run Local Usage
		Usr 0 00:11:05, Sys 0 00:00:04  -  Total Remote Usage
		Usr 0 00:00:00, Sys 0 00:00:00  -  Total Local Usage
	50011  -  Run Bytes Sent By Job
	55262812  -  Run Bytes Received By Job
	50011  -  Total Bytes Sent By Job
	55262812  -  Total Bytes Received By Job
	Partitionable Resources :     Usage  Request Allocated 
	   Cpus                 :      0.48        3         3 
	   Disk (KB)            : 184118       75000   1302611 
	   Memory (MB)          :    297        6000      6000 

	Job terminated of its own accord at 2021-07-19T11:20:35Z.
...
