000 (2526743.039.000) 07/20 13:19:13 Job submitted from host: <188.185.70.244:9618?addrs=188.185.70.244-9618+[2001-1458-d00-7--100-2ee]-9618&alias=bigbird10.cern.ch&noUDP&sock=schedd_2037_ca81>
...
040 (2526743.039.000) 07/20 13:20:57 Started transferring input files
	Transferring to host: <128.142.57.42:9618?addrs=128.142.57.42-9618+[2001-1458-301-7--100-29]-9618&alias=b7s02p3485.cern.ch&noUDP&sock=slot1_39_6632_9807_14040>
...
040 (2526743.039.000) 07/20 13:20:58 Finished transferring input files
...
001 (2526743.039.000) 07/20 13:20:58 Job executing on host: <128.142.57.42:9618?addrs=128.142.57.42-9618+[2001-1458-301-7--100-29]-9618&alias=b7s02p3485.cern.ch&noUDP&sock=startd_6167_a0a5>
...
006 (2526743.039.000) 07/20 13:21:07 Image size of job updated: 418456
	55  -  MemoryUsage of job (MB)
	55316  -  ResidentSetSize of job (KB)
...
006 (2526743.039.000) 07/20 13:26:08 Image size of job updated: 636028
	209  -  MemoryUsage of job (MB)
	213520  -  ResidentSetSize of job (KB)
...
006 (2526743.039.000) 07/20 13:41:10 Image size of job updated: 941200
	417  -  MemoryUsage of job (MB)
	426088  -  ResidentSetSize of job (KB)
...
006 (2526743.039.000) 07/20 14:11:14 Image size of job updated: 941692
	417  -  MemoryUsage of job (MB)
	426696  -  ResidentSetSize of job (KB)
...
040 (2526743.039.000) 07/20 14:15:53 Entered queue to transfer output files
...
040 (2526743.039.000) 07/20 14:15:57 Started transferring output files
...
040 (2526743.039.000) 07/20 14:15:57 Finished transferring output files
...
005 (2526743.039.000) 07/20 14:15:57 Job terminated.
	(1) Normal termination (return value 0)
		Usr 0 00:40:51, Sys 0 00:00:06  -  Run Remote Usage
		Usr 0 00:00:00, Sys 0 00:00:00  -  Run Local Usage
		Usr 0 00:40:51, Sys 0 00:00:06  -  Total Remote Usage
		Usr 0 00:00:00, Sys 0 00:00:00  -  Total Local Usage
	50168  -  Run Bytes Sent By Job
	55262812  -  Run Bytes Received By Job
	50168  -  Total Bytes Sent By Job
	55262812  -  Total Bytes Received By Job
	Partitionable Resources :     Usage  Request Allocated 
	   Cpus                 :      1.00        3         3 
	   Disk (KB)            : 204664       75000   1352078 
	   Memory (MB)          :    417        6000      6000 

	Job terminated of its own accord at 2021-07-20T12:15:48Z.
...
