000 (2522101.205.000) 07/19 11:55:34 Job submitted from host: <188.185.70.244:9618?addrs=188.185.70.244-9618+[2001-1458-d00-7--100-2ee]-9618&alias=bigbird10.cern.ch&noUDP&sock=schedd_2037_ca81>
...
040 (2522101.205.000) 07/19 13:12:14 Started transferring input files
	Transferring to host: <128.142.84.220:9618?addrs=128.142.84.220-9618+[2001-1458-301-f6--100-294]-9618&alias=b7s14n3802.cern.ch&noUDP&sock=slot1_5_21202_7a17_115275>
...
040 (2522101.205.000) 07/19 13:12:15 Finished transferring input files
...
001 (2522101.205.000) 07/19 13:12:15 Job executing on host: <128.142.84.220:9618?addrs=128.142.84.220-9618+[2001-1458-301-f6--100-294]-9618&alias=b7s14n3802.cern.ch&noUDP&sock=startd_16651_c78d>
...
006 (2522101.205.000) 07/19 13:12:24 Image size of job updated: 79676
	52  -  MemoryUsage of job (MB)
	52956  -  ResidentSetSize of job (KB)
...
006 (2522101.205.000) 07/19 13:17:24 Image size of job updated: 631964
	205  -  MemoryUsage of job (MB)
	209624  -  ResidentSetSize of job (KB)
...
006 (2522101.205.000) 07/19 13:22:24 Image size of job updated: 817032
	297  -  MemoryUsage of job (MB)
	303120  -  ResidentSetSize of job (KB)
...
006 (2522101.205.000) 07/19 13:42:26 Image size of job updated: 817528
	297  -  MemoryUsage of job (MB)
	303656  -  ResidentSetSize of job (KB)
...
040 (2522101.205.000) 07/19 13:43:21 Started transferring output files
...
040 (2522101.205.000) 07/19 13:43:21 Finished transferring output files
...
005 (2522101.205.000) 07/19 13:43:21 Job terminated.
	(1) Normal termination (return value 0)
		Usr 0 00:22:32, Sys 0 00:00:03  -  Run Remote Usage
		Usr 0 00:00:00, Sys 0 00:00:00  -  Run Local Usage
		Usr 0 00:22:32, Sys 0 00:00:03  -  Total Remote Usage
		Usr 0 00:00:00, Sys 0 00:00:00  -  Total Local Usage
	49841  -  Run Bytes Sent By Job
	55262812  -  Run Bytes Received By Job
	49841  -  Total Bytes Sent By Job
	55262812  -  Total Bytes Received By Job
	Partitionable Resources :     Usage  Request Allocated 
	   Cpus                 :      1.00        3         3 
	   Disk (KB)            : 184117       75000    272224 
	   Memory (MB)          :    297        6000      6000 

	Job terminated of its own accord at 2021-07-19T11:43:20Z.
...
