000 (2536881.116.000) 07/22 03:18:13 Job submitted from host: <188.185.70.244:9618?addrs=188.185.70.244-9618+[2001-1458-d00-7--100-2ee]-9618&alias=bigbird10.cern.ch&noUDP&sock=schedd_2037_ca81>
...
040 (2536881.116.000) 07/22 03:34:59 Started transferring input files
	Transferring to host: <188.184.138.184:9618?addrs=188.184.138.184-9618+[2001-1458-301-45--100-a5]-9618&alias=b7g42n0399.cern.ch&noUDP&sock=slot1_3_4487_3f50_78003>
...
040 (2536881.116.000) 07/22 03:35:00 Finished transferring input files
...
001 (2536881.116.000) 07/22 03:35:00 Job executing on host: <188.184.138.184:9618?addrs=188.184.138.184-9618+[2001-1458-301-45--100-a5]-9618&alias=b7g42n0399.cern.ch&noUDP&sock=startd_3661_b84f>
...
006 (2536881.116.000) 07/22 03:35:09 Image size of job updated: 321688
	5  -  MemoryUsage of job (MB)
	4240  -  ResidentSetSize of job (KB)
...
006 (2536881.116.000) 07/22 03:40:10 Image size of job updated: 630548
	204  -  MemoryUsage of job (MB)
	208824  -  ResidentSetSize of job (KB)
...
006 (2536881.116.000) 07/22 03:45:10 Image size of job updated: 630548
	204  -  MemoryUsage of job (MB)
	208828  -  ResidentSetSize of job (KB)
...
006 (2536881.116.000) 07/22 05:30:19 Image size of job updated: 949728
	422  -  MemoryUsage of job (MB)
	431164  -  ResidentSetSize of job (KB)
...
006 (2536881.116.000) 07/22 06:55:28 Image size of job updated: 950232
	422  -  MemoryUsage of job (MB)
	431752  -  ResidentSetSize of job (KB)
...
040 (2536881.116.000) 07/22 07:08:03 Entered queue to transfer output files
...
040 (2536881.116.000) 07/22 07:08:22 Started transferring output files
...
040 (2536881.116.000) 07/22 07:08:49 Finished transferring output files
...
005 (2536881.116.000) 07/22 07:09:39 Job terminated.
	(1) Normal termination (return value 0)
		Usr 0 01:39:18, Sys 0 00:00:06  -  Run Remote Usage
		Usr 0 00:00:00, Sys 0 00:00:00  -  Run Local Usage
		Usr 0 01:39:18, Sys 0 00:00:06  -  Total Remote Usage
		Usr 0 00:00:00, Sys 0 00:00:00  -  Total Local Usage
	45621  -  Run Bytes Sent By Job
	55262812  -  Run Bytes Received By Job
	45621  -  Total Bytes Sent By Job
	55262812  -  Total Bytes Received By Job
	Partitionable Resources :     Usage  Request Allocated 
	   Cpus                 :      1.00        3         3 
	   Disk (KB)            : 206537       75000    288465 
	   Memory (MB)          :    422        6000      6000 

	Job terminated of its own accord at 2021-07-22T05:07:58Z.
...
