000 (2521876.151.000) 07/19 08:46:26 Job submitted from host: <188.185.70.244:9618?addrs=188.185.70.244-9618+[2001-1458-d00-7--100-2ee]-9618&alias=bigbird10.cern.ch&noUDP&sock=schedd_2037_ca81>
...
040 (2521876.151.000) 07/19 10:39:39 Started transferring input files
	Transferring to host: <128.142.56.17:9618?addrs=128.142.56.17-9618+[2001-1458-301-6--100-10]-9618&alias=b7s01p6491.cern.ch&noUDP&sock=slot1_8_49913_f947_12871>
...
040 (2521876.151.000) 07/19 10:39:40 Finished transferring input files
...
001 (2521876.151.000) 07/19 10:39:40 Job executing on host: <128.142.56.17:9618?addrs=128.142.56.17-9618+[2001-1458-301-6--100-10]-9618&alias=b7s01p6491.cern.ch&noUDP&sock=startd_49868_e0ee>
...
006 (2521876.151.000) 07/19 10:39:48 Image size of job updated: 197456
	124  -  MemoryUsage of job (MB)
	126588  -  ResidentSetSize of job (KB)
...
006 (2521876.151.000) 07/19 10:44:48 Image size of job updated: 627368
	201  -  MemoryUsage of job (MB)
	205772  -  ResidentSetSize of job (KB)
...
006 (2521876.151.000) 07/19 10:54:49 Image size of job updated: 793384
	270  -  MemoryUsage of job (MB)
	275860  -  ResidentSetSize of job (KB)
...
006 (2521876.151.000) 07/19 11:02:46 Image size of job updated: 793872
	270  -  MemoryUsage of job (MB)
	275860  -  ResidentSetSize of job (KB)
...
040 (2521876.151.000) 07/19 11:02:46 Started transferring output files
...
040 (2521876.151.000) 07/19 11:02:46 Finished transferring output files
...
005 (2521876.151.000) 07/19 11:02:46 Job terminated.
	(1) Normal termination (return value 0)
		Usr 0 00:11:36, Sys 0 00:00:02  -  Run Remote Usage
		Usr 0 00:00:00, Sys 0 00:00:00  -  Run Local Usage
		Usr 0 00:11:36, Sys 0 00:00:02  -  Total Remote Usage
		Usr 0 00:00:00, Sys 0 00:00:00  -  Total Local Usage
	52536  -  Run Bytes Sent By Job
	55262812  -  Run Bytes Received By Job
	52536  -  Total Bytes Sent By Job
	55262812  -  Total Bytes Received By Job
	Partitionable Resources :     Usage  Request Allocated 
	   Cpus                 :      1.00        3         3 
	   Disk (KB)            : 179931       75000   1275289 
	   Memory (MB)          :    270        6000      6000 

	Job terminated of its own accord at 2021-07-19T09:02:46Z.
...
