000 (2521876.174.000) 07/19 08:46:26 Job submitted from host: <188.185.70.244:9618?addrs=188.185.70.244-9618+[2001-1458-d00-7--100-2ee]-9618&alias=bigbird10.cern.ch&noUDP&sock=schedd_2037_ca81>
...
040 (2521876.174.000) 07/19 10:39:53 Started transferring input files
	Transferring to host: <128.142.58.45:9618?addrs=128.142.58.45-9618+[2001-1458-301-16--100-2c]-9618&alias=b7s03p3966.cern.ch&noUDP&sock=slot1_24_6658_e9c8_12682>
...
040 (2521876.174.000) 07/19 10:39:54 Finished transferring input files
...
001 (2521876.174.000) 07/19 10:39:54 Job executing on host: <128.142.58.45:9618?addrs=128.142.58.45-9618+[2001-1458-301-16--100-2c]-9618&alias=b7s03p3966.cern.ch&noUDP&sock=startd_6189_b7bb>
...
006 (2521876.174.000) 07/19 10:40:03 Image size of job updated: 489880
	190  -  MemoryUsage of job (MB)
	194172  -  ResidentSetSize of job (KB)
...
006 (2521876.174.000) 07/19 10:45:04 Image size of job updated: 631392
	205  -  MemoryUsage of job (MB)
	209640  -  ResidentSetSize of job (KB)
...
006 (2521876.174.000) 07/19 10:55:04 Image size of job updated: 814372
	295  -  MemoryUsage of job (MB)
	301084  -  ResidentSetSize of job (KB)
...
006 (2521876.174.000) 07/19 11:10:05 Image size of job updated: 815060
	295  -  MemoryUsage of job (MB)
	301760  -  ResidentSetSize of job (KB)
...
040 (2521876.174.000) 07/19 11:10:42 Started transferring output files
...
040 (2521876.174.000) 07/19 11:10:42 Finished transferring output files
...
005 (2521876.174.000) 07/19 11:10:42 Job terminated.
	(1) Normal termination (return value 0)
		Usr 0 00:16:26, Sys 0 00:00:02  -  Run Remote Usage
		Usr 0 00:00:00, Sys 0 00:00:00  -  Run Local Usage
		Usr 0 00:16:26, Sys 0 00:00:02  -  Total Remote Usage
		Usr 0 00:00:00, Sys 0 00:00:00  -  Total Local Usage
	49101  -  Run Bytes Sent By Job
	55262812  -  Run Bytes Received By Job
	49101  -  Total Bytes Sent By Job
	55262812  -  Total Bytes Received By Job
	Partitionable Resources :     Usage  Request Allocated 
	   Cpus                 :      1.00        3         3 
	   Disk (KB)            : 183655       75000   1214740 
	   Memory (MB)          :    295        6000      6000 

	Job terminated of its own accord at 2021-07-19T09:10:42Z.
...
