000 (2534572.007.000) 07/21 23:44:26 Job submitted from host: <188.185.70.244:9618?addrs=188.185.70.244-9618+[2001-1458-d00-7--100-2ee]-9618&alias=bigbird10.cern.ch&noUDP&sock=schedd_2037_ca81>
...
040 (2534572.007.000) 07/21 23:49:28 Started transferring input files
	Transferring to host: <188.184.132.168:9618?addrs=188.184.132.168-9618+[2001-1458-301-a0--100-b4]-9618&alias=b7g28n0857.cern.ch&noUDP&sock=slot1_5_16630_16dd_123184>
...
040 (2534572.007.000) 07/21 23:49:29 Finished transferring input files
...
001 (2534572.007.000) 07/21 23:49:29 Job executing on host: <188.184.132.168:9618?addrs=188.184.132.168-9618+[2001-1458-301-a0--100-b4]-9618&alias=b7g28n0857.cern.ch&noUDP&sock=startd_1987_7ec5>
...
006 (2534572.007.000) 07/21 23:49:37 Image size of job updated: 288720
	4  -  MemoryUsage of job (MB)
	3692  -  ResidentSetSize of job (KB)
...
006 (2534572.007.000) 07/21 23:54:37 Image size of job updated: 631932
	205  -  MemoryUsage of job (MB)
	209672  -  ResidentSetSize of job (KB)
...
006 (2534572.007.000) 07/22 00:14:40 Image size of job updated: 819968
	300  -  MemoryUsage of job (MB)
	306200  -  ResidentSetSize of job (KB)
...
006 (2534572.007.000) 07/22 00:34:42 Image size of job updated: 819968
	300  -  MemoryUsage of job (MB)
	306780  -  ResidentSetSize of job (KB)
...
006 (2534572.007.000) 07/22 00:39:43 Image size of job updated: 820456
	300  -  MemoryUsage of job (MB)
	306780  -  ResidentSetSize of job (KB)
...
040 (2534572.007.000) 07/22 00:39:59 Started transferring output files
...
040 (2534572.007.000) 07/22 00:39:59 Finished transferring output files
...
005 (2534572.007.000) 07/22 00:40:00 Job terminated.
	(1) Normal termination (return value 0)
		Usr 0 00:30:08, Sys 0 00:00:04  -  Run Remote Usage
		Usr 0 00:00:00, Sys 0 00:00:00  -  Run Local Usage
		Usr 0 00:30:08, Sys 0 00:00:04  -  Total Remote Usage
		Usr 0 00:00:00, Sys 0 00:00:00  -  Total Local Usage
	43532  -  Run Bytes Sent By Job
	55262812  -  Run Bytes Received By Job
	43532  -  Total Bytes Sent By Job
	55262812  -  Total Bytes Received By Job
	Partitionable Resources :     Usage  Request Allocated 
	   Cpus                 :      1.00        3         3 
	   Disk (KB)            : 184683       75000    196100 
	   Memory (MB)          :    300        6000      6000 

	Job terminated of its own accord at 2021-07-21T22:39:59Z.
...
