000 (2521842.040.000) 07/19 05:55:55 Job submitted from host: <188.185.70.244:9618?addrs=188.185.70.244-9618+[2001-1458-d00-7--100-2ee]-9618&alias=bigbird10.cern.ch&noUDP&sock=schedd_2037_ca81>
...
040 (2521842.040.000) 07/19 05:58:47 Started transferring input files
	Transferring to host: <128.142.57.147:9618?addrs=128.142.57.147-9618+[2001-1458-301-7--100-92]-9618&alias=b7s02p5602.cern.ch&noUDP&sock=slot1_2_6689_c169_14435>
...
040 (2521842.040.000) 07/19 05:58:48 Finished transferring input files
...
001 (2521842.040.000) 07/19 05:58:48 Job executing on host: <128.142.57.147:9618?addrs=128.142.57.147-9618+[2001-1458-301-7--100-92]-9618&alias=b7s02p5602.cern.ch&noUDP&sock=startd_6227_c854>
...
006 (2521842.040.000) 07/19 05:58:57 Image size of job updated: 257460
	179  -  MemoryUsage of job (MB)
	182448  -  ResidentSetSize of job (KB)
...
006 (2521842.040.000) 07/19 06:03:58 Image size of job updated: 636068
	209  -  MemoryUsage of job (MB)
	213592  -  ResidentSetSize of job (KB)
...
006 (2521842.040.000) 07/19 06:34:00 Image size of job updated: 823432
	303  -  MemoryUsage of job (MB)
	309796  -  ResidentSetSize of job (KB)
...
006 (2521842.040.000) 07/19 06:44:01 Image size of job updated: 823976
	304  -  MemoryUsage of job (MB)
	310436  -  ResidentSetSize of job (KB)
...
040 (2521842.040.000) 07/19 06:44:57 Started transferring output files
...
040 (2521842.040.000) 07/19 06:44:57 Finished transferring output files
...
005 (2521842.040.000) 07/19 06:44:57 Job terminated.
	(1) Normal termination (return value 0)
		Usr 0 00:15:29, Sys 0 00:00:03  -  Run Remote Usage
		Usr 0 00:00:00, Sys 0 00:00:00  -  Run Local Usage
		Usr 0 00:15:29, Sys 0 00:00:03  -  Total Remote Usage
		Usr 0 00:00:00, Sys 0 00:00:00  -  Total Local Usage
	49946  -  Run Bytes Sent By Job
	55262812  -  Run Bytes Received By Job
	49946  -  Total Bytes Sent By Job
	55262812  -  Total Bytes Received By Job
	Partitionable Resources :     Usage  Request Allocated 
	   Cpus                 :      1.00        3         3 
	   Disk (KB)            : 184526       75000   1242012 
	   Memory (MB)          :    304        6000      6000 

	Job terminated of its own accord at 2021-07-19T04:44:57Z.
...
