000 (2521675.178.000) 07/19 04:18:40 Job submitted from host: <188.185.70.244:9618?addrs=188.185.70.244-9618+[2001-1458-d00-7--100-2ee]-9618&alias=bigbird10.cern.ch&noUDP&sock=schedd_2037_ca81>
...
040 (2521675.178.000) 07/19 04:25:43 Started transferring input files
	Transferring to host: <128.142.56.169:9618?addrs=128.142.56.169-9618+[2001-1458-301-6--100-a8]-9618&alias=b7s01p4496.cern.ch&noUDP&sock=slot1_24_62872_c2f6_12644>
...
040 (2521675.178.000) 07/19 04:25:44 Finished transferring input files
...
001 (2521675.178.000) 07/19 04:25:44 Job executing on host: <128.142.56.169:9618?addrs=128.142.56.169-9618+[2001-1458-301-6--100-a8]-9618&alias=b7s01p4496.cern.ch&noUDP&sock=startd_62828_5c54>
...
006 (2521675.178.000) 07/19 04:25:53 Image size of job updated: 425500
	126  -  MemoryUsage of job (MB)
	128520  -  ResidentSetSize of job (KB)
...
006 (2521675.178.000) 07/19 04:30:54 Image size of job updated: 625704
	200  -  MemoryUsage of job (MB)
	204700  -  ResidentSetSize of job (KB)
...
006 (2521675.178.000) 07/19 04:32:50 Image size of job updated: 767360
	200  -  MemoryUsage of job (MB)
	204700  -  ResidentSetSize of job (KB)
...
040 (2521675.178.000) 07/19 04:32:50 Started transferring output files
...
040 (2521675.178.000) 07/19 04:32:50 Finished transferring output files
...
005 (2521675.178.000) 07/19 04:32:50 Job terminated.
	(1) Normal termination (return value 0)
		Usr 0 00:00:42, Sys 0 00:00:02  -  Run Remote Usage
		Usr 0 00:00:00, Sys 0 00:00:00  -  Run Local Usage
		Usr 0 00:00:42, Sys 0 00:00:02  -  Total Remote Usage
		Usr 0 00:00:00, Sys 0 00:00:00  -  Total Local Usage
	47971  -  Run Bytes Sent By Job
	55262812  -  Run Bytes Received By Job
	47971  -  Total Bytes Sent By Job
	55262812  -  Total Bytes Received By Job
	Partitionable Resources :     Usage  Request Allocated 
	   Cpus                 :      0.02        3         3 
	   Disk (KB)            : 183621       75000   1234572 
	   Memory (MB)          :    200        6000      6000 

	Job terminated of its own accord at 2021-07-19T02:32:50Z.
...
