000 (2536881.051.000) 07/22 03:18:13 Job submitted from host: <188.185.70.244:9618?addrs=188.185.70.244-9618+[2001-1458-d00-7--100-2ee]-9618&alias=bigbird10.cern.ch&noUDP&sock=schedd_2037_ca81>
...
040 (2536881.051.000) 07/22 03:25:03 Started transferring input files
	Transferring to host: <188.184.213.239:9618?addrs=188.184.213.239-9618+[2001-1458-301-10c--100-45f]-9618&alias=b7g24n4972.cern.ch&noUDP&sock=slot1_2_3605_cc6c_70702>
...
040 (2536881.051.000) 07/22 03:25:04 Finished transferring input files
...
001 (2536881.051.000) 07/22 03:25:04 Job executing on host: <188.184.213.239:9618?addrs=188.184.213.239-9618+[2001-1458-301-10c--100-45f]-9618&alias=b7g24n4972.cern.ch&noUDP&sock=startd_3047_9129>
...
006 (2536881.051.000) 07/22 03:25:13 Image size of job updated: 143284
	4  -  MemoryUsage of job (MB)
	3688  -  ResidentSetSize of job (KB)
...
006 (2536881.051.000) 07/22 03:30:15 Image size of job updated: 631772
	206  -  MemoryUsage of job (MB)
	210764  -  ResidentSetSize of job (KB)
...
006 (2536881.051.000) 07/22 03:35:15 Image size of job updated: 631772
	206  -  MemoryUsage of job (MB)
	210768  -  ResidentSetSize of job (KB)
...
006 (2536881.051.000) 07/22 05:20:26 Image size of job updated: 950212
	423  -  MemoryUsage of job (MB)
	433128  -  ResidentSetSize of job (KB)
...
006 (2536881.051.000) 07/22 07:05:37 Image size of job updated: 950748
	424  -  MemoryUsage of job (MB)
	433732  -  ResidentSetSize of job (KB)
...
040 (2536881.051.000) 07/22 07:15:10 Started transferring output files
...
040 (2536881.051.000) 07/22 07:15:11 Finished transferring output files
...
005 (2536881.051.000) 07/22 07:15:11 Job terminated.
	(1) Normal termination (return value 0)
		Usr 0 01:56:21, Sys 0 00:00:07  -  Run Remote Usage
		Usr 0 00:00:00, Sys 0 00:00:00  -  Run Local Usage
		Usr 0 01:56:21, Sys 0 00:00:07  -  Total Remote Usage
		Usr 0 00:00:00, Sys 0 00:00:00  -  Total Local Usage
	45024  -  Run Bytes Sent By Job
	55262812  -  Run Bytes Received By Job
	45024  -  Total Bytes Sent By Job
	55262812  -  Total Bytes Received By Job
	Partitionable Resources :     Usage  Request Allocated 
	   Cpus                 :      0.99        3         3 
	   Disk (KB)            : 206640       75000    348423 
	   Memory (MB)          :    424        6000      6000 

	Job terminated of its own accord at 2021-07-22T05:15:10Z.
...
