000 (2536881.019.000) 07/22 03:18:13 Job submitted from host: <188.185.70.244:9618?addrs=188.185.70.244-9618+[2001-1458-d00-7--100-2ee]-9618&alias=bigbird10.cern.ch&noUDP&sock=schedd_2037_ca81>
...
040 (2536881.019.000) 07/22 03:24:53 Started transferring input files
	Transferring to host: <188.184.198.94:9618?addrs=188.184.198.94-9618&alias=b7g52n6370.cern.ch&noUDP&sock=slot1_4_6032_d6ee_68265>
...
040 (2536881.019.000) 07/22 03:24:54 Finished transferring input files
...
001 (2536881.019.000) 07/22 03:24:54 Job executing on host: <188.184.198.94:9618?addrs=188.184.198.94-9618&alias=b7g52n6370.cern.ch&noUDP&sock=startd_4907_5f50>
...
006 (2536881.019.000) 07/22 03:25:03 Image size of job updated: 451712
	29  -  MemoryUsage of job (MB)
	28992  -  ResidentSetSize of job (KB)
...
006 (2536881.019.000) 07/22 03:30:04 Image size of job updated: 626820
	201  -  MemoryUsage of job (MB)
	205332  -  ResidentSetSize of job (KB)
...
006 (2536881.019.000) 07/22 03:35:04 Image size of job updated: 833828
	310  -  MemoryUsage of job (MB)
	316448  -  ResidentSetSize of job (KB)
...
006 (2536881.019.000) 07/22 04:00:07 Image size of job updated: 834304
	310  -  MemoryUsage of job (MB)
	317032  -  ResidentSetSize of job (KB)
...
040 (2536881.019.000) 07/22 04:03:51 Started transferring output files
...
040 (2536881.019.000) 07/22 04:03:51 Finished transferring output files
...
005 (2536881.019.000) 07/22 04:03:52 Job terminated.
	(1) Normal termination (return value 0)
		Usr 0 00:33:45, Sys 0 00:00:03  -  Run Remote Usage
		Usr 0 00:00:00, Sys 0 00:00:00  -  Run Local Usage
		Usr 0 00:33:45, Sys 0 00:00:03  -  Total Remote Usage
		Usr 0 00:00:00, Sys 0 00:00:00  -  Total Local Usage
	44666  -  Run Bytes Sent By Job
	55262812  -  Run Bytes Received By Job
	44666  -  Total Bytes Sent By Job
	55262812  -  Total Bytes Received By Job
	Partitionable Resources :     Usage  Request Allocated 
	   Cpus                 :      1.00        3         3 
	   Disk (KB)            : 187312       75000    231579 
	   Memory (MB)          :    310        6000      6000 

	Job terminated of its own accord at 2021-07-22T02:03:51Z.
...
