000 (2521867.068.000) 07/19 07:46:08 Job submitted from host: <188.185.70.244:9618?addrs=188.185.70.244-9618+[2001-1458-d00-7--100-2ee]-9618&alias=bigbird10.cern.ch&noUDP&sock=schedd_2037_ca81>
...
040 (2521867.068.000) 07/19 07:49:06 Started transferring input files
	Transferring to host: <128.142.58.113:9618?addrs=128.142.58.113-9618+[2001-1458-301-16--100-70]-9618&alias=b7s03p5182.cern.ch&noUDP&sock=slot1_13_6877_37f1_11041>
...
040 (2521867.068.000) 07/19 07:49:06 Finished transferring input files
...
001 (2521867.068.000) 07/19 07:49:06 Job executing on host: <128.142.58.113:9618?addrs=128.142.58.113-9618+[2001-1458-301-16--100-70]-9618&alias=b7s03p5182.cern.ch&noUDP&sock=startd_6419_7a83>
...
006 (2521867.068.000) 07/19 07:49:15 Image size of job updated: 269976
	191  -  MemoryUsage of job (MB)
	194752  -  ResidentSetSize of job (KB)
...
006 (2521867.068.000) 07/19 07:54:15 Image size of job updated: 817504
	297  -  MemoryUsage of job (MB)
	303668  -  ResidentSetSize of job (KB)
...
006 (2521867.068.000) 07/19 08:04:16 Image size of job updated: 817940
	298  -  MemoryUsage of job (MB)
	304252  -  ResidentSetSize of job (KB)
...
040 (2521867.068.000) 07/19 08:05:49 Started transferring output files
...
040 (2521867.068.000) 07/19 08:05:49 Finished transferring output files
...
005 (2521867.068.000) 07/19 08:05:49 Job terminated.
	(1) Normal termination (return value 0)
		Usr 0 00:12:46, Sys 0 00:00:02  -  Run Remote Usage
		Usr 0 00:00:00, Sys 0 00:00:00  -  Run Local Usage
		Usr 0 00:12:46, Sys 0 00:00:02  -  Total Remote Usage
		Usr 0 00:00:00, Sys 0 00:00:00  -  Total Local Usage
	49184  -  Run Bytes Sent By Job
	55262812  -  Run Bytes Received By Job
	49184  -  Total Bytes Sent By Job
	55262812  -  Total Bytes Received By Job
	Partitionable Resources :     Usage  Request Allocated 
	   Cpus                 :      1.00        3         3 
	   Disk (KB)            : 184197       75000   1353786 
	   Memory (MB)          :    298        6000      6000 

	Job terminated of its own accord at 2021-07-19T06:05:49Z.
...
