000 (2536881.113.000) 07/22 03:18:13 Job submitted from host: <188.185.70.244:9618?addrs=188.185.70.244-9618+[2001-1458-d00-7--100-2ee]-9618&alias=bigbird10.cern.ch&noUDP&sock=schedd_2037_ca81>
...
040 (2536881.113.000) 07/22 03:34:59 Started transferring input files
	Transferring to host: <128.142.73.11:9618?addrs=128.142.73.11-9618+[2001-1458-301-75--100-292]-9618&alias=b7s11n4664.cern.ch&noUDP&sock=slot1_2_5700_ea61_70734>
...
040 (2536881.113.000) 07/22 03:35:00 Finished transferring input files
...
001 (2536881.113.000) 07/22 03:35:00 Job executing on host: <128.142.73.11:9618?addrs=128.142.73.11-9618+[2001-1458-301-75--100-292]-9618&alias=b7s11n4664.cern.ch&noUDP&sock=startd_4593_fe94>
...
006 (2536881.113.000) 07/22 03:35:09 Image size of job updated: 176504
	34  -  MemoryUsage of job (MB)
	34100  -  ResidentSetSize of job (KB)
...
006 (2536881.113.000) 07/22 03:40:10 Image size of job updated: 630536
	204  -  MemoryUsage of job (MB)
	208868  -  ResidentSetSize of job (KB)
...
006 (2536881.113.000) 07/22 03:45:10 Image size of job updated: 630536
	204  -  MemoryUsage of job (MB)
	208872  -  ResidentSetSize of job (KB)
...
006 (2536881.113.000) 07/22 04:05:12 Image size of job updated: 904972
	378  -  MemoryUsage of job (MB)
	386904  -  ResidentSetSize of job (KB)
...
040 (2536881.113.000) 07/22 05:12:23 Started transferring output files
...
040 (2536881.113.000) 07/22 05:12:23 Finished transferring output files
...
005 (2536881.113.000) 07/22 05:12:23 Job terminated.
	(1) Normal termination (return value 0)
		Usr 0 01:11:24, Sys 0 00:00:04  -  Run Remote Usage
		Usr 0 00:00:00, Sys 0 00:00:00  -  Run Local Usage
		Usr 0 01:11:24, Sys 0 00:00:04  -  Total Remote Usage
		Usr 0 00:00:00, Sys 0 00:00:00  -  Total Local Usage
	44228  -  Run Bytes Sent By Job
	55262812  -  Run Bytes Received By Job
	44228  -  Total Bytes Sent By Job
	55262812  -  Total Bytes Received By Job
	Partitionable Resources :     Usage  Request Allocated 
	   Cpus                 :      1.00        3         3 
	   Disk (KB)            : 197282       75000    247479 
	   Memory (MB)          :    378        6000      6000 

	Job terminated of its own accord at 2021-07-22T03:12:23Z.
...
