000 (2521842.179.000) 07/19 05:55:56 Job submitted from host: <188.185.70.244:9618?addrs=188.185.70.244-9618+[2001-1458-d00-7--100-2ee]-9618&alias=bigbird10.cern.ch&noUDP&sock=schedd_2037_ca81>
...
040 (2521842.179.000) 07/19 06:03:51 Started transferring input files
	Transferring to host: <128.142.70.157:9618?addrs=128.142.70.157-9618+[2001-1458-301-52--100-4fe]-9618&alias=b7s10n3771.cern.ch&noUDP&sock=slot1_4_5863_c387_66489>
...
040 (2521842.179.000) 07/19 06:03:52 Finished transferring input files
...
001 (2521842.179.000) 07/19 06:03:52 Job executing on host: <128.142.70.157:9618?addrs=128.142.70.157-9618+[2001-1458-301-52--100-4fe]-9618&alias=b7s10n3771.cern.ch&noUDP&sock=startd_4598_6c8d>
...
006 (2521842.179.000) 07/19 06:04:00 Image size of job updated: 230984
	43  -  MemoryUsage of job (MB)
	43204  -  ResidentSetSize of job (KB)
...
006 (2521842.179.000) 07/19 06:09:00 Image size of job updated: 626176
	201  -  MemoryUsage of job (MB)
	205452  -  ResidentSetSize of job (KB)
...
006 (2521842.179.000) 07/19 06:34:02 Image size of job updated: 826304
	303  -  MemoryUsage of job (MB)
	309524  -  ResidentSetSize of job (KB)
...
006 (2521842.179.000) 07/19 06:49:03 Image size of job updated: 826964
	303  -  MemoryUsage of job (MB)
	310156  -  ResidentSetSize of job (KB)
...
040 (2521842.179.000) 07/19 06:50:24 Started transferring output files
...
040 (2521842.179.000) 07/19 06:50:24 Finished transferring output files
...
005 (2521842.179.000) 07/19 06:50:24 Job terminated.
	(1) Normal termination (return value 0)
		Usr 0 00:19:22, Sys 0 00:00:04  -  Run Remote Usage
		Usr 0 00:00:00, Sys 0 00:00:00  -  Run Local Usage
		Usr 0 00:19:22, Sys 0 00:00:04  -  Total Remote Usage
		Usr 0 00:00:00, Sys 0 00:00:00  -  Total Local Usage
	49338  -  Run Bytes Sent By Job
	55262812  -  Run Bytes Received By Job
	49338  -  Total Bytes Sent By Job
	55262812  -  Total Bytes Received By Job
	Partitionable Resources :     Usage  Request Allocated 
	   Cpus                 :      1.00        3         3 
	   Disk (KB)            : 185936       75000    287511 
	   Memory (MB)          :    303        6000      6000 

	Job terminated of its own accord at 2021-07-19T04:50:24Z.
...
