000 (2521867.164.000) 07/19 07:46:08 Job submitted from host: <188.185.70.244:9618?addrs=188.185.70.244-9618+[2001-1458-d00-7--100-2ee]-9618&alias=bigbird10.cern.ch&noUDP&sock=schedd_2037_ca81>
...
040 (2521867.164.000) 07/19 07:49:41 Started transferring input files
	Transferring to host: <128.142.56.73:9618?addrs=128.142.56.73-9618+[2001-1458-301-6--100-48]-9618&alias=b7s01p3383.cern.ch&noUDP&sock=slot1_12_11881_fd3c_16066>
...
040 (2521867.164.000) 07/19 07:49:42 Finished transferring input files
...
001 (2521867.164.000) 07/19 07:49:42 Job executing on host: <128.142.56.73:9618?addrs=128.142.56.73-9618+[2001-1458-301-6--100-48]-9618&alias=b7s01p3383.cern.ch&noUDP&sock=startd_8771_c143>
...
006 (2521867.164.000) 07/19 07:49:51 Image size of job updated: 269280
	191  -  MemoryUsage of job (MB)
	194836  -  ResidentSetSize of job (KB)
...
006 (2521867.164.000) 07/19 07:54:52 Image size of job updated: 817472
	297  -  MemoryUsage of job (MB)
	303608  -  ResidentSetSize of job (KB)
...
006 (2521867.164.000) 07/19 08:09:11 Image size of job updated: 817968
	297  -  MemoryUsage of job (MB)
	303608  -  ResidentSetSize of job (KB)
...
040 (2521867.164.000) 07/19 08:09:11 Started transferring output files
...
040 (2521867.164.000) 07/19 08:09:11 Finished transferring output files
...
005 (2521867.164.000) 07/19 08:09:11 Job terminated.
	(1) Normal termination (return value 0)
		Usr 0 00:15:46, Sys 0 00:00:02  -  Run Remote Usage
		Usr 0 00:00:00, Sys 0 00:00:00  -  Run Local Usage
		Usr 0 00:15:46, Sys 0 00:00:02  -  Total Remote Usage
		Usr 0 00:00:00, Sys 0 00:00:00  -  Total Local Usage
	49085  -  Run Bytes Sent By Job
	55262812  -  Run Bytes Received By Job
	49085  -  Total Bytes Sent By Job
	55262812  -  Total Bytes Received By Job
	Partitionable Resources :     Usage  Request Allocated 
	   Cpus                 :      1.00        3         3 
	   Disk (KB)            : 184197       75000   1243555 
	   Memory (MB)          :    297        6000      6000 

	Job terminated of its own accord at 2021-07-19T06:09:11Z.
...
