000 (2521842.209.000) 07/19 05:55:56 Job submitted from host: <188.185.70.244:9618?addrs=188.185.70.244-9618+[2001-1458-d00-7--100-2ee]-9618&alias=bigbird10.cern.ch&noUDP&sock=schedd_2037_ca81>
...
040 (2521842.209.000) 07/19 06:04:02 Started transferring input files
	Transferring to host: <188.184.183.49:9618?addrs=188.184.183.49-9618+[2001-1458-301-2b--100-343]-9618&alias=b7g41n7777.cern.ch&noUDP&sock=slot1_6_3252_13fd_74770>
...
040 (2521842.209.000) 07/19 06:04:03 Finished transferring input files
...
001 (2521842.209.000) 07/19 06:04:03 Job executing on host: <188.184.183.49:9618?addrs=188.184.183.49-9618+[2001-1458-301-2b--100-343]-9618&alias=b7g41n7777.cern.ch&noUDP&sock=startd_2911_4848>
...
006 (2521842.209.000) 07/19 06:04:11 Image size of job updated: 46956
	27  -  MemoryUsage of job (MB)
	27504  -  ResidentSetSize of job (KB)
...
006 (2521842.209.000) 07/19 06:09:11 Image size of job updated: 626272
	201  -  MemoryUsage of job (MB)
	205228  -  ResidentSetSize of job (KB)
...
006 (2521842.209.000) 07/19 06:34:13 Image size of job updated: 806748
	283  -  MemoryUsage of job (MB)
	289672  -  ResidentSetSize of job (KB)
...
006 (2521842.209.000) 07/19 06:44:15 Image size of job updated: 807228
	284  -  MemoryUsage of job (MB)
	290200  -  ResidentSetSize of job (KB)
...
040 (2521842.209.000) 07/19 06:48:40 Started transferring output files
...
040 (2521842.209.000) 07/19 06:48:40 Finished transferring output files
...
005 (2521842.209.000) 07/19 06:48:40 Job terminated.
	(1) Normal termination (return value 0)
		Usr 0 00:18:57, Sys 0 00:00:06  -  Run Remote Usage
		Usr 0 00:00:00, Sys 0 00:00:00  -  Run Local Usage
		Usr 0 00:18:57, Sys 0 00:00:06  -  Total Remote Usage
		Usr 0 00:00:00, Sys 0 00:00:00  -  Total Local Usage
	49049  -  Run Bytes Sent By Job
	55262812  -  Run Bytes Received By Job
	49049  -  Total Bytes Sent By Job
	55262812  -  Total Bytes Received By Job
	Partitionable Resources :     Usage  Request Allocated 
	   Cpus                 :      1.00        3         3 
	   Disk (KB)            : 182365       75000    354454 
	   Memory (MB)          :    284        6000      6000 

	Job terminated of its own accord at 2021-07-19T04:48:40Z.
...
