000 (2556074.007.000) 07/27 10:23:52 Job submitted from host: <188.185.70.244:9618?addrs=188.185.70.244-9618+[2001-1458-d00-7--100-2ee]-9618&alias=bigbird10.cern.ch&noUDP&sock=schedd_2037_ca81>
...
040 (2556074.007.000) 07/27 10:30:15 Started transferring input files
	Transferring to host: <128.142.57.148:9618?addrs=128.142.57.148-9618+[2001-1458-301-7--100-93]-9618&alias=b7s02p1405.cern.ch&noUDP&sock=slot1_14_7406_f266_20830>
...
040 (2556074.007.000) 07/27 10:30:16 Finished transferring input files
...
001 (2556074.007.000) 07/27 10:30:16 Job executing on host: <128.142.57.148:9618?addrs=128.142.57.148-9618+[2001-1458-301-7--100-93]-9618&alias=b7s02p1405.cern.ch&noUDP&sock=startd_6945_4554>
...
006 (2556074.007.000) 07/27 10:30:25 Image size of job updated: 234200
	157  -  MemoryUsage of job (MB)
	160080  -  ResidentSetSize of job (KB)
...
006 (2556074.007.000) 07/27 10:35:26 Image size of job updated: 631944
	205  -  MemoryUsage of job (MB)
	209568  -  ResidentSetSize of job (KB)
...
006 (2556074.007.000) 07/27 10:40:27 Image size of job updated: 785744
	266  -  MemoryUsage of job (MB)
	271888  -  ResidentSetSize of job (KB)
...
006 (2556074.007.000) 07/27 10:44:26 Image size of job updated: 786352
	266  -  MemoryUsage of job (MB)
	271888  -  ResidentSetSize of job (KB)
...
040 (2556074.007.000) 07/27 10:44:26 Started transferring output files
...
040 (2556074.007.000) 07/27 10:44:26 Finished transferring output files
...
005 (2556074.007.000) 07/27 10:44:26 Job terminated.
	(1) Normal termination (return value 0)
		Usr 0 00:06:03, Sys 0 00:00:02  -  Run Remote Usage
		Usr 0 00:00:00, Sys 0 00:00:00  -  Run Local Usage
		Usr 0 00:06:03, Sys 0 00:00:02  -  Total Remote Usage
		Usr 0 00:00:00, Sys 0 00:00:00  -  Total Local Usage
	51387  -  Run Bytes Sent By Job
	55262880  -  Run Bytes Received By Job
	51387  -  Total Bytes Sent By Job
	55262880  -  Total Bytes Received By Job
	Partitionable Resources :     Usage  Request Allocated 
	   Cpus                 :      0.04        3         3 
	   Disk (KB)            : 182114       75000   1254386 
	   Memory (MB)          :    266        6000      6000 

	Job terminated of its own accord at 2021-07-27T08:44:26Z.
...
