000 (2534572.084.000) 07/21 23:44:26 Job submitted from host: <188.185.70.244:9618?addrs=188.185.70.244-9618+[2001-1458-d00-7--100-2ee]-9618&alias=bigbird10.cern.ch&noUDP&sock=schedd_2037_ca81>
...
040 (2534572.084.000) 07/21 23:49:57 Started transferring input files
	Transferring to host: <128.142.59.91:9618?addrs=128.142.59.91-9618+[2001-1458-301-21--100-5a]-9618&alias=b7s04p0329.cern.ch&noUDP&sock=slot1_19_4273_7707_12711>
...
001 (2534572.084.000) 07/21 23:49:58 Job executing on host: <128.142.59.91:9618?addrs=128.142.59.91-9618+[2001-1458-301-21--100-5a]-9618&alias=b7s04p0329.cern.ch&noUDP&sock=startd_3821_7776>
...
040 (2534572.084.000) 07/21 23:49:58 Finished transferring input files
...
006 (2534572.084.000) 07/21 23:50:06 Image size of job updated: 325548
	109  -  MemoryUsage of job (MB)
	111508  -  ResidentSetSize of job (KB)
...
006 (2534572.084.000) 07/21 23:55:06 Image size of job updated: 626824
	201  -  MemoryUsage of job (MB)
	205320  -  ResidentSetSize of job (KB)
...
006 (2534572.084.000) 07/22 00:10:08 Image size of job updated: 849120
	325  -  MemoryUsage of job (MB)
	332168  -  ResidentSetSize of job (KB)
...
040 (2534572.084.000) 07/22 00:31:40 Started transferring output files
...
040 (2534572.084.000) 07/22 00:31:40 Finished transferring output files
...
005 (2534572.084.000) 07/22 00:31:40 Job terminated.
	(1) Normal termination (return value 0)
		Usr 0 00:25:47, Sys 0 00:00:03  -  Run Remote Usage
		Usr 0 00:00:00, Sys 0 00:00:00  -  Run Local Usage
		Usr 0 00:25:47, Sys 0 00:00:03  -  Total Remote Usage
		Usr 0 00:00:00, Sys 0 00:00:00  -  Total Local Usage
	44754  -  Run Bytes Sent By Job
	55262812  -  Run Bytes Received By Job
	44754  -  Total Bytes Sent By Job
	55262812  -  Total Bytes Received By Job
	Partitionable Resources :     Usage  Request Allocated 
	   Cpus                 :      1.00        3         3 
	   Disk (KB)            : 187870       75000   1164760 
	   Memory (MB)          :    325        6000      6000 

	Job terminated of its own accord at 2021-07-21T22:31:40Z.
...
