000 (2523366.065.000) 07/19 23:50:30 Job submitted from host: <188.185.70.244:9618?addrs=188.185.70.244-9618+[2001-1458-d00-7--100-2ee]-9618&alias=bigbird10.cern.ch&noUDP&sock=schedd_2037_ca81>
...
040 (2523366.065.000) 07/20 00:13:21 Started transferring input files
	Transferring to host: <188.184.169.97:9618?addrs=188.184.169.97-9618+[2001-1458-301-c0--100-523]-9618&alias=b7g52n9711.cern.ch&noUDP&sock=slot1_11_3853_8976_25249>
...
040 (2523366.065.000) 07/20 00:13:22 Finished transferring input files
...
001 (2523366.065.000) 07/20 00:13:22 Job executing on host: <188.184.169.97:9618?addrs=188.184.169.97-9618+[2001-1458-301-c0--100-523]-9618&alias=b7g52n9711.cern.ch&noUDP&sock=startd_3057_6d1b>
...
006 (2523366.065.000) 07/20 00:13:31 Image size of job updated: 505504
	175  -  MemoryUsage of job (MB)
	178732  -  ResidentSetSize of job (KB)
...
006 (2523366.065.000) 07/20 00:18:32 Image size of job updated: 804200
	284  -  MemoryUsage of job (MB)
	290384  -  ResidentSetSize of job (KB)
...
006 (2523366.065.000) 07/20 00:23:33 Image size of job updated: 804704
	285  -  MemoryUsage of job (MB)
	290972  -  ResidentSetSize of job (KB)
...
040 (2523366.065.000) 07/20 00:25:12 Started transferring output files
...
040 (2523366.065.000) 07/20 00:25:13 Finished transferring output files
...
005 (2523366.065.000) 07/20 00:25:13 Job terminated.
	(1) Normal termination (return value 0)
		Usr 0 00:11:41, Sys 0 00:00:02  -  Run Remote Usage
		Usr 0 00:00:00, Sys 0 00:00:00  -  Run Local Usage
		Usr 0 00:11:41, Sys 0 00:00:02  -  Total Remote Usage
		Usr 0 00:00:00, Sys 0 00:00:00  -  Total Local Usage
	52031  -  Run Bytes Sent By Job
	55262812  -  Run Bytes Received By Job
	52031  -  Total Bytes Sent By Job
	55262812  -  Total Bytes Received By Job
	Partitionable Resources :     Usage  Request Allocated 
	   Cpus                 :      1.00        3         3 
	   Disk (KB)            : 181736       75000    234373 
	   Memory (MB)          :    285        6000      6000 

	Job terminated of its own accord at 2021-07-19T22:25:12Z.
...
