000 (2521675.114.000) 07/19 04:18:40 Job submitted from host: <188.185.70.244:9618?addrs=188.185.70.244-9618+[2001-1458-d00-7--100-2ee]-9618&alias=bigbird10.cern.ch&noUDP&sock=schedd_2037_ca81>
...
040 (2521675.114.000) 07/19 04:24:33 Started transferring input files
	Transferring to host: <128.142.59.29:9618?addrs=128.142.59.29-9618+[2001-1458-301-21--100-1c]-9618&alias=b7s04p6263.cern.ch&noUDP&sock=slot1_11_6828_b18f_11101>
...
040 (2521675.114.000) 07/19 04:24:34 Finished transferring input files
...
001 (2521675.114.000) 07/19 04:24:34 Job executing on host: <128.142.59.29:9618?addrs=128.142.59.29-9618+[2001-1458-301-21--100-1c]-9618&alias=b7s04p6263.cern.ch&noUDP&sock=startd_6376_fbf0>
...
006 (2521675.114.000) 07/19 04:24:43 Image size of job updated: 595784
	192  -  MemoryUsage of job (MB)
	195840  -  ResidentSetSize of job (KB)
...
006 (2521675.114.000) 07/19 04:29:45 Image size of job updated: 631160
	205  -  MemoryUsage of job (MB)
	209456  -  ResidentSetSize of job (KB)
...
006 (2521675.114.000) 07/19 04:34:45 Image size of job updated: 631160
	205  -  MemoryUsage of job (MB)
	209460  -  ResidentSetSize of job (KB)
...
040 (2521675.114.000) 07/19 05:07:53 Started transferring output files
...
040 (2521675.114.000) 07/19 05:07:53 Finished transferring output files
...
005 (2521675.114.000) 07/19 05:07:54 Job terminated.
	(1) Normal termination (return value 0)
		Usr 0 00:01:36, Sys 0 00:00:02  -  Run Remote Usage
		Usr 0 00:00:00, Sys 0 00:00:00  -  Run Local Usage
		Usr 0 00:01:36, Sys 0 00:00:02  -  Total Remote Usage
		Usr 0 00:00:00, Sys 0 00:00:00  -  Total Local Usage
	49321  -  Run Bytes Sent By Job
	55262812  -  Run Bytes Received By Job
	49321  -  Total Bytes Sent By Job
	55262812  -  Total Bytes Received By Job
	Partitionable Resources :     Usage  Request Allocated 
	   Cpus                 :      0.07        3         3 
	   Disk (KB)            : 197984       75000   1285460 
	   Memory (MB)          :    205        6000      6000 

	Job terminated of its own accord at 2021-07-19T03:07:53Z.
...
