000 (2522101.154.000) 07/19 11:55:34 Job submitted from host: <188.185.70.244:9618?addrs=188.185.70.244-9618+[2001-1458-d00-7--100-2ee]-9618&alias=bigbird10.cern.ch&noUDP&sock=schedd_2037_ca81>
...
040 (2522101.154.000) 07/19 12:56:09 Started transferring input files
	Transferring to host: <128.142.58.110:9618?addrs=128.142.58.110-9618+[2001-1458-301-16--100-6d]-9618&alias=b7s03p3859.cern.ch&noUDP&sock=slot1_37_6716_c78a_10227>
...
040 (2522101.154.000) 07/19 12:56:10 Finished transferring input files
...
001 (2522101.154.000) 07/19 12:56:10 Job executing on host: <128.142.58.110:9618?addrs=128.142.58.110-9618+[2001-1458-301-16--100-6d]-9618&alias=b7s03p3859.cern.ch&noUDP&sock=startd_6258_0bc3>
...
006 (2522101.154.000) 07/19 12:56:18 Image size of job updated: 409136
	112  -  MemoryUsage of job (MB)
	114388  -  ResidentSetSize of job (KB)
...
006 (2522101.154.000) 07/19 13:01:18 Image size of job updated: 627276
	202  -  MemoryUsage of job (MB)
	206448  -  ResidentSetSize of job (KB)
...
006 (2522101.154.000) 07/19 13:06:19 Image size of job updated: 824416
	301  -  MemoryUsage of job (MB)
	307724  -  ResidentSetSize of job (KB)
...
006 (2522101.154.000) 07/19 13:11:20 Image size of job updated: 824912
	302  -  MemoryUsage of job (MB)
	308260  -  ResidentSetSize of job (KB)
...
040 (2522101.154.000) 07/19 13:16:15 Started transferring output files
...
040 (2522101.154.000) 07/19 13:16:15 Finished transferring output files
...
005 (2522101.154.000) 07/19 13:16:16 Job terminated.
	(1) Normal termination (return value 0)
		Usr 0 00:13:59, Sys 0 00:00:02  -  Run Remote Usage
		Usr 0 00:00:00, Sys 0 00:00:00  -  Run Local Usage
		Usr 0 00:13:59, Sys 0 00:00:02  -  Total Remote Usage
		Usr 0 00:00:00, Sys 0 00:00:00  -  Total Local Usage
	50520  -  Run Bytes Sent By Job
	55262812  -  Run Bytes Received By Job
	50520  -  Total Bytes Sent By Job
	55262812  -  Total Bytes Received By Job
	Partitionable Resources :     Usage  Request Allocated 
	   Cpus                 :      1.00        3         3 
	   Disk (KB)            : 185576       75000   1283171 
	   Memory (MB)          :    302        6000      6000 

	Job terminated of its own accord at 2021-07-19T11:16:15Z.
...
