000 (2526743.121.000) 07/20 13:19:14 Job submitted from host: <188.185.70.244:9618?addrs=188.185.70.244-9618+[2001-1458-d00-7--100-2ee]-9618&alias=bigbird10.cern.ch&noUDP&sock=schedd_2037_ca81>
...
040 (2526743.121.000) 07/20 13:24:59 Started transferring input files
	Transferring to host: <128.142.84.53:9618?addrs=128.142.84.53-9618+[2001-1458-301-f6--100-1cc]-9618&alias=b7s14n3660.cern.ch&noUDP&sock=slot1_9_1793_14a2_117253>
...
040 (2526743.121.000) 07/20 13:25:00 Finished transferring input files
...
001 (2526743.121.000) 07/20 13:25:00 Job executing on host: <128.142.84.53:9618?addrs=128.142.84.53-9618+[2001-1458-301-f6--100-1cc]-9618&alias=b7s14n3660.cern.ch&noUDP&sock=startd_16530_c898>
...
006 (2526743.121.000) 07/20 13:25:09 Image size of job updated: 13548
	5  -  MemoryUsage of job (MB)
	4260  -  ResidentSetSize of job (KB)
...
006 (2526743.121.000) 07/20 13:30:10 Image size of job updated: 630296
	204  -  MemoryUsage of job (MB)
	208604  -  ResidentSetSize of job (KB)
...
006 (2526743.121.000) 07/20 14:45:18 Image size of job updated: 949968
	422  -  MemoryUsage of job (MB)
	431888  -  ResidentSetSize of job (KB)
...
040 (2526743.121.000) 07/20 17:07:41 Started transferring output files
...
040 (2526743.121.000) 07/20 17:07:41 Finished transferring output files
...
005 (2526743.121.000) 07/20 17:07:41 Job terminated.
	(1) Normal termination (return value 0)
		Usr 0 02:28:04, Sys 0 00:00:05  -  Run Remote Usage
		Usr 0 00:00:00, Sys 0 00:00:00  -  Run Local Usage
		Usr 0 02:28:04, Sys 0 00:00:05  -  Total Remote Usage
		Usr 0 00:00:00, Sys 0 00:00:00  -  Total Local Usage
	48664  -  Run Bytes Sent By Job
	55262812  -  Run Bytes Received By Job
	48664  -  Total Bytes Sent By Job
	55262812  -  Total Bytes Received By Job
	Partitionable Resources :     Usage  Request Allocated 
	   Cpus                 :      1.00        3         3 
	   Disk (KB)            : 202332       75000    282852 
	   Memory (MB)          :    422        6000      6000 

	Job terminated of its own accord at 2021-07-20T15:07:41Z.
...
