000 (2556073.026.000) 07/27 10:23:23 Job submitted from host: <188.185.70.244:9618?addrs=188.185.70.244-9618+[2001-1458-d00-7--100-2ee]-9618&alias=bigbird10.cern.ch&noUDP&sock=schedd_2037_ca81>
...
040 (2556073.026.000) 07/27 10:30:11 Started transferring input files
	Transferring to host: <188.185.105.52:9618?addrs=188.185.105.52-9618+[2001-1458-d00-3e--100-2d6]-9618&alias=b7g50s4190.cern.ch&noUDP&sock=slot1_1_11672_bad4_122089>
...
040 (2556073.026.000) 07/27 10:30:12 Finished transferring input files
...
001 (2556073.026.000) 07/27 10:30:12 Job executing on host: <188.185.105.52:9618?addrs=188.185.105.52-9618+[2001-1458-d00-3e--100-2d6]-9618&alias=b7g50s4190.cern.ch&noUDP&sock=startd_18107_7972>
...
006 (2556073.026.000) 07/27 10:30:22 Image size of job updated: 173072
	107  -  MemoryUsage of job (MB)
	108960  -  ResidentSetSize of job (KB)
...
006 (2556073.026.000) 07/27 10:35:22 Image size of job updated: 626416
	201  -  MemoryUsage of job (MB)
	205608  -  ResidentSetSize of job (KB)
...
006 (2556073.026.000) 07/27 10:40:22 Image size of job updated: 790044
	267  -  MemoryUsage of job (MB)
	273280  -  ResidentSetSize of job (KB)
...
006 (2556073.026.000) 07/27 10:45:00 Image size of job updated: 790552
	267  -  MemoryUsage of job (MB)
	273280  -  ResidentSetSize of job (KB)
...
040 (2556073.026.000) 07/27 10:45:00 Started transferring output files
...
040 (2556073.026.000) 07/27 10:45:00 Finished transferring output files
...
005 (2556073.026.000) 07/27 10:45:01 Job terminated.
	(1) Normal termination (return value 0)
		Usr 0 00:09:12, Sys 0 00:00:02  -  Run Remote Usage
		Usr 0 00:00:00, Sys 0 00:00:00  -  Run Local Usage
		Usr 0 00:09:12, Sys 0 00:00:02  -  Total Remote Usage
		Usr 0 00:00:00, Sys 0 00:00:00  -  Total Local Usage
	48644  -  Run Bytes Sent By Job
	55262880  -  Run Bytes Received By Job
	48644  -  Total Bytes Sent By Job
	55262880  -  Total Bytes Received By Job
	Partitionable Resources :     Usage  Request Allocated 
	   Cpus                 :      1.00        3         3 
	   Disk (KB)            : 183537       75000    579594 
	   Memory (MB)          :    267        6000      6000 

	Job terminated of its own accord at 2021-07-27T08:45:00Z.
...
