000 (2521867.025.000) 07/19 07:46:08 Job submitted from host: <188.185.70.244:9618?addrs=188.185.70.244-9618+[2001-1458-d00-7--100-2ee]-9618&alias=bigbird10.cern.ch&noUDP&sock=schedd_2037_ca81>
...
040 (2521867.025.000) 07/19 07:48:52 Started transferring input files
	Transferring to host: <128.142.56.112:9618?addrs=128.142.56.112-9618+[2001-1458-301-6--100-6f]-9618&alias=b7s01p3738.cern.ch&noUDP&sock=slot1_10_54559_8044_15886>
...
040 (2521867.025.000) 07/19 07:48:52 Finished transferring input files
...
001 (2521867.025.000) 07/19 07:48:52 Job executing on host: <128.142.56.112:9618?addrs=128.142.56.112-9618+[2001-1458-301-6--100-6f]-9618&alias=b7s01p3738.cern.ch&noUDP&sock=startd_51470_b7a6>
...
006 (2521867.025.000) 07/19 07:49:01 Image size of job updated: 531084
	190  -  MemoryUsage of job (MB)
	193876  -  ResidentSetSize of job (KB)
...
006 (2521867.025.000) 07/19 07:54:02 Image size of job updated: 627384
	201  -  MemoryUsage of job (MB)
	205784  -  ResidentSetSize of job (KB)
...
006 (2521867.025.000) 07/19 08:04:03 Image size of job updated: 812148
	288  -  MemoryUsage of job (MB)
	294824  -  ResidentSetSize of job (KB)
...
006 (2521867.025.000) 07/19 08:14:04 Image size of job updated: 812816
	289  -  MemoryUsage of job (MB)
	295500  -  ResidentSetSize of job (KB)
...
040 (2521867.025.000) 07/19 08:14:29 Started transferring output files
...
040 (2521867.025.000) 07/19 08:14:29 Finished transferring output files
...
005 (2521867.025.000) 07/19 08:14:29 Job terminated.
	(1) Normal termination (return value 0)
		Usr 0 00:14:34, Sys 0 00:00:02  -  Run Remote Usage
		Usr 0 00:00:00, Sys 0 00:00:00  -  Run Local Usage
		Usr 0 00:14:34, Sys 0 00:00:02  -  Total Remote Usage
		Usr 0 00:00:00, Sys 0 00:00:00  -  Total Local Usage
	48919  -  Run Bytes Sent By Job
	55262812  -  Run Bytes Received By Job
	48919  -  Total Bytes Sent By Job
	55262812  -  Total Bytes Received By Job
	Partitionable Resources :     Usage  Request Allocated 
	   Cpus                 :      1.00        3         3 
	   Disk (KB)            : 183366       75000   1252274 
	   Memory (MB)          :    289        6000      6000 

	Job terminated of its own accord at 2021-07-19T06:14:29Z.
...
