000 (2524617.135.000) 07/20 01:52:27 Job submitted from host: <188.185.70.244:9618?addrs=188.185.70.244-9618+[2001-1458-d00-7--100-2ee]-9618&alias=bigbird10.cern.ch&noUDP&sock=schedd_2037_ca81>
...
040 (2524617.135.000) 07/20 02:00:57 Started transferring input files
	Transferring to host: <128.142.72.150:9618?addrs=128.142.72.150-9618+[2001-1458-301-75--100-4b2]-9618&alias=b7s11n5185.cern.ch&noUDP&sock=slot1_4_5470_dc18_70832>
...
040 (2524617.135.000) 07/20 02:00:59 Finished transferring input files
...
001 (2524617.135.000) 07/20 02:00:59 Job executing on host: <128.142.72.150:9618?addrs=128.142.72.150-9618+[2001-1458-301-75--100-4b2]-9618&alias=b7s11n5185.cern.ch&noUDP&sock=startd_4390_c0da>
...
006 (2524617.135.000) 07/20 02:01:08 Image size of job updated: 11572
	6  -  MemoryUsage of job (MB)
	5412  -  ResidentSetSize of job (KB)
...
006 (2524617.135.000) 07/20 02:06:09 Image size of job updated: 1058812
	206  -  MemoryUsage of job (MB)
	210188  -  ResidentSetSize of job (KB)
...
006 (2524617.135.000) 07/20 02:26:10 Image size of job updated: 1058812
	289  -  MemoryUsage of job (MB)
	295536  -  ResidentSetSize of job (KB)
...
006 (2524617.135.000) 07/20 02:36:12 Image size of job updated: 1058812
	290  -  MemoryUsage of job (MB)
	296164  -  ResidentSetSize of job (KB)
...
040 (2524617.135.000) 07/20 02:40:18 Started transferring output files
...
040 (2524617.135.000) 07/20 02:40:18 Finished transferring output files
...
005 (2524617.135.000) 07/20 02:40:19 Job terminated.
	(1) Normal termination (return value 0)
		Usr 0 00:18:33, Sys 0 00:00:02  -  Run Remote Usage
		Usr 0 00:00:00, Sys 0 00:00:00  -  Run Local Usage
		Usr 0 00:18:33, Sys 0 00:00:02  -  Total Remote Usage
		Usr 0 00:00:00, Sys 0 00:00:00  -  Total Local Usage
	53022  -  Run Bytes Sent By Job
	55262812  -  Run Bytes Received By Job
	53022  -  Total Bytes Sent By Job
	55262812  -  Total Bytes Received By Job
	Partitionable Resources :     Usage  Request Allocated 
	   Cpus                 :      1.00        3         3 
	   Disk (KB)            : 182678       75000    285667 
	   Memory (MB)          :    290        6000      6000 

	Job terminated of its own accord at 2021-07-20T00:40:18Z.
...
