000 (2522101.174.000) 07/19 11:55:34 Job submitted from host: <188.185.70.244:9618?addrs=188.185.70.244-9618+[2001-1458-d00-7--100-2ee]-9618&alias=bigbird10.cern.ch&noUDP&sock=schedd_2037_ca81>
...
040 (2522101.174.000) 07/19 13:08:02 Started transferring input files
	Transferring to host: <128.142.57.66:9618?addrs=128.142.57.66-9618+[2001-1458-301-7--100-41]-9618&alias=b7s02p2571.cern.ch&noUDP&sock=slot1_6_6616_5206_12909>
...
040 (2522101.174.000) 07/19 13:08:03 Finished transferring input files
...
001 (2522101.174.000) 07/19 13:08:03 Job executing on host: <128.142.57.66:9618?addrs=128.142.57.66-9618+[2001-1458-301-7--100-41]-9618&alias=b7s02p2571.cern.ch&noUDP&sock=startd_6148_9858>
...
006 (2522101.174.000) 07/19 13:08:12 Image size of job updated: 267056
	188  -  MemoryUsage of job (MB)
	191904  -  ResidentSetSize of job (KB)
...
006 (2522101.174.000) 07/19 13:13:13 Image size of job updated: 817100
	297  -  MemoryUsage of job (MB)
	303292  -  ResidentSetSize of job (KB)
...
006 (2522101.174.000) 07/19 13:23:13 Image size of job updated: 817628
	297  -  MemoryUsage of job (MB)
	303884  -  ResidentSetSize of job (KB)
...
040 (2522101.174.000) 07/19 13:43:40 Started transferring output files
...
040 (2522101.174.000) 07/19 13:43:40 Finished transferring output files
...
005 (2522101.174.000) 07/19 13:43:41 Job terminated.
	(1) Normal termination (return value 0)
		Usr 0 00:35:27, Sys 0 00:00:02  -  Run Remote Usage
		Usr 0 00:00:00, Sys 0 00:00:00  -  Run Local Usage
		Usr 0 00:35:27, Sys 0 00:00:02  -  Total Remote Usage
		Usr 0 00:00:00, Sys 0 00:00:00  -  Total Local Usage
	49664  -  Run Bytes Sent By Job
	55262812  -  Run Bytes Received By Job
	49664  -  Total Bytes Sent By Job
	55262812  -  Total Bytes Received By Job
	Partitionable Resources :     Usage  Request Allocated 
	   Cpus                 :      1.00        3         3 
	   Disk (KB)            : 184137       75000   1250188 
	   Memory (MB)          :    297        6000      6000 

	Job terminated of its own accord at 2021-07-19T11:43:40Z.
...
