000 (2521675.043.000) 07/19 04:18:38 Job submitted from host: <188.185.70.244:9618?addrs=188.185.70.244-9618+[2001-1458-d00-7--100-2ee]-9618&alias=bigbird10.cern.ch&noUDP&sock=schedd_2037_ca81>
...
040 (2521675.043.000) 07/19 04:24:53 Started transferring input files
	Transferring to host: <128.142.59.97:9618?addrs=128.142.59.97-9618+[2001-1458-301-21--100-60]-9618&alias=b7s04p7301.cern.ch&noUDP&sock=slot1_19_6794_bccd_11229>
...
001 (2521675.043.000) 07/19 04:24:54 Job executing on host: <128.142.59.97:9618?addrs=128.142.59.97-9618+[2001-1458-301-21--100-60]-9618&alias=b7s04p7301.cern.ch&noUDP&sock=startd_6335_dc8e>
...
040 (2521675.043.000) 07/19 04:24:54 Finished transferring input files
...
006 (2521675.043.000) 07/19 04:25:02 Image size of job updated: 623720
	193  -  MemoryUsage of job (MB)
	196720  -  ResidentSetSize of job (KB)
...
006 (2521675.043.000) 07/19 04:30:02 Image size of job updated: 636272
	209  -  MemoryUsage of job (MB)
	213756  -  ResidentSetSize of job (KB)
...
006 (2521675.043.000) 07/19 05:12:37 Image size of job updated: 732724
	209  -  MemoryUsage of job (MB)
	213756  -  ResidentSetSize of job (KB)
...
040 (2521675.043.000) 07/19 05:12:37 Started transferring output files
...
040 (2521675.043.000) 07/19 05:12:38 Finished transferring output files
...
005 (2521675.043.000) 07/19 05:12:38 Job terminated.
	(1) Normal termination (return value 0)
		Usr 0 00:01:55, Sys 0 00:00:03  -  Run Remote Usage
		Usr 0 00:00:00, Sys 0 00:00:00  -  Run Local Usage
		Usr 0 00:01:55, Sys 0 00:00:03  -  Total Remote Usage
		Usr 0 00:00:00, Sys 0 00:00:00  -  Total Local Usage
	50589  -  Run Bytes Sent By Job
	55262812  -  Run Bytes Received By Job
	50589  -  Total Bytes Sent By Job
	55262812  -  Total Bytes Received By Job
	Partitionable Resources :     Usage  Request Allocated 
	   Cpus                 :      0.04        3         3 
	   Disk (KB)            : 194549       75000   1288997 
	   Memory (MB)          :    209        6000      6000 

	Job terminated of its own accord at 2021-07-19T03:12:37Z.
...
