000 (2521867.141.000) 07/19 07:46:08 Job submitted from host: <188.185.70.244:9618?addrs=188.185.70.244-9618+[2001-1458-d00-7--100-2ee]-9618&alias=bigbird10.cern.ch&noUDP&sock=schedd_2037_ca81>
...
040 (2521867.141.000) 07/19 07:49:33 Started transferring input files
	Transferring to host: <128.142.57.80:9618?addrs=128.142.57.80-9618+[2001-1458-301-7--100-4f]-9618&alias=b7s02p4669.cern.ch&noUDP&sock=slot1_20_6666_8cc8_15106>
...
040 (2521867.141.000) 07/19 07:49:34 Finished transferring input files
...
001 (2521867.141.000) 07/19 07:49:34 Job executing on host: <128.142.57.80:9618?addrs=128.142.57.80-9618+[2001-1458-301-7--100-4f]-9618&alias=b7s02p4669.cern.ch&noUDP&sock=startd_6201_f2dd>
...
006 (2521867.141.000) 07/19 07:49:43 Image size of job updated: 631960
	191  -  MemoryUsage of job (MB)
	194824  -  ResidentSetSize of job (KB)
...
006 (2521867.141.000) 07/19 07:54:44 Image size of job updated: 817392
	297  -  MemoryUsage of job (MB)
	303576  -  ResidentSetSize of job (KB)
...
006 (2521867.141.000) 07/19 08:04:44 Image size of job updated: 817976
	298  -  MemoryUsage of job (MB)
	304216  -  ResidentSetSize of job (KB)
...
040 (2521867.141.000) 07/19 08:05:27 Started transferring output files
...
040 (2521867.141.000) 07/19 08:05:27 Finished transferring output files
...
005 (2521867.141.000) 07/19 08:05:27 Job terminated.
	(1) Normal termination (return value 0)
		Usr 0 00:12:50, Sys 0 00:00:03  -  Run Remote Usage
		Usr 0 00:00:00, Sys 0 00:00:00  -  Run Local Usage
		Usr 0 00:12:50, Sys 0 00:00:03  -  Total Remote Usage
		Usr 0 00:00:00, Sys 0 00:00:00  -  Total Local Usage
	49557  -  Run Bytes Sent By Job
	55262812  -  Run Bytes Received By Job
	49557  -  Total Bytes Sent By Job
	55262812  -  Total Bytes Received By Job
	Partitionable Resources :     Usage  Request Allocated 
	   Cpus                 :      1.00        3         3 
	   Disk (KB)            : 184185       75000   1237602 
	   Memory (MB)          :    298        6000      6000 

	Job terminated of its own accord at 2021-07-19T06:05:27Z.
...
