000 (2521668.223.000) 07/19 01:56:57 Job submitted from host: <188.185.70.244:9618?addrs=188.185.70.244-9618+[2001-1458-d00-7--100-2ee]-9618&alias=bigbird10.cern.ch&noUDP&sock=schedd_2037_ca81>
...
040 (2521668.223.000) 07/19 02:18:32 Started transferring input files
	Transferring to host: <188.184.133.244:9618?addrs=188.184.133.244-9618+[2001-1458-301-a0--100-385]-9618&alias=b7g28n1117.cern.ch&noUDP&sock=slot1_5_930_04df_124224>
...
040 (2521668.223.000) 07/19 02:18:33 Finished transferring input files
...
001 (2521668.223.000) 07/19 02:18:33 Job executing on host: <188.184.133.244:9618?addrs=188.184.133.244-9618+[2001-1458-301-a0--100-385]-9618&alias=b7g28n1117.cern.ch&noUDP&sock=startd_1834_8cc8>
...
006 (2521668.223.000) 07/19 02:18:41 Image size of job updated: 9412
	4  -  MemoryUsage of job (MB)
	3680  -  ResidentSetSize of job (KB)
...
006 (2521668.223.000) 07/19 02:23:41 Image size of job updated: 626808
	201  -  MemoryUsage of job (MB)
	205332  -  ResidentSetSize of job (KB)
...
006 (2521668.223.000) 07/19 02:48:01 Image size of job updated: 767132
	201  -  MemoryUsage of job (MB)
	205332  -  ResidentSetSize of job (KB)
...
040 (2521668.223.000) 07/19 02:48:01 Started transferring output files
...
040 (2521668.223.000) 07/19 02:48:01 Finished transferring output files
...
005 (2521668.223.000) 07/19 02:48:02 Job terminated.
	(1) Normal termination (return value 0)
		Usr 0 00:01:10, Sys 0 00:00:04  -  Run Remote Usage
		Usr 0 00:00:00, Sys 0 00:00:00  -  Run Local Usage
		Usr 0 00:01:10, Sys 0 00:00:04  -  Total Remote Usage
		Usr 0 00:00:00, Sys 0 00:00:00  -  Total Local Usage
	49218  -  Run Bytes Sent By Job
	55262812  -  Run Bytes Received By Job
	49218  -  Total Bytes Sent By Job
	55262812  -  Total Bytes Received By Job
	Partitionable Resources :     Usage  Request Allocated 
	   Cpus                 :      0.01        3         3 
	   Disk (KB)            : 179502       75000    212906 
	   Memory (MB)          :    201        6000      6000 

	Job terminated of its own accord at 2021-07-19T00:48:01Z.
...
