000 (2523366.157.000) 07/19 23:50:31 Job submitted from host: <188.185.70.244:9618?addrs=188.185.70.244-9618+[2001-1458-d00-7--100-2ee]-9618&alias=bigbird10.cern.ch&noUDP&sock=schedd_2037_ca81>
...
040 (2523366.157.000) 07/20 00:30:27 Started transferring input files
	Transferring to host: <188.184.168.75:9618?addrs=188.184.168.75-9618+[2001-1458-301-c0--100-253]-9618&alias=b7g52n8014.cern.ch&noUDP&sock=slot1_4_5774_0e24_65656>
...
001 (2523366.157.000) 07/20 00:30:28 Job executing on host: <188.184.168.75:9618?addrs=188.184.168.75-9618+[2001-1458-301-c0--100-253]-9618&alias=b7g52n8014.cern.ch&noUDP&sock=startd_4732_563e>
...
040 (2523366.157.000) 07/20 00:30:28 Finished transferring input files
...
006 (2523366.157.000) 07/20 00:30:36 Image size of job updated: 331024
	69  -  MemoryUsage of job (MB)
	70104  -  ResidentSetSize of job (KB)
...
006 (2523366.157.000) 07/20 00:35:36 Image size of job updated: 810368
	287  -  MemoryUsage of job (MB)
	292932  -  ResidentSetSize of job (KB)
...
006 (2523366.157.000) 07/20 00:45:37 Image size of job updated: 810828
	287  -  MemoryUsage of job (MB)
	293532  -  ResidentSetSize of job (KB)
...
040 (2523366.157.000) 07/20 00:52:02 Started transferring output files
...
040 (2523366.157.000) 07/20 00:52:03 Finished transferring output files
...
005 (2523366.157.000) 07/20 00:52:03 Job terminated.
	(1) Normal termination (return value 0)
		Usr 0 00:19:44, Sys 0 00:00:02  -  Run Remote Usage
		Usr 0 00:00:00, Sys 0 00:00:00  -  Run Local Usage
		Usr 0 00:19:44, Sys 0 00:00:02  -  Total Remote Usage
		Usr 0 00:00:00, Sys 0 00:00:00  -  Total Local Usage
	53302  -  Run Bytes Sent By Job
	55262812  -  Run Bytes Received By Job
	53302  -  Total Bytes Sent By Job
	55262812  -  Total Bytes Received By Job
	Partitionable Resources :     Usage  Request Allocated 
	   Cpus                 :      1.00        3         3 
	   Disk (KB)            : 182956       75000    266746 
	   Memory (MB)          :    287        6000      6000 

	Job terminated of its own accord at 2021-07-19T22:52:02Z.
...
