000 (2534572.021.000) 07/21 23:44:26 Job submitted from host: <188.185.70.244:9618?addrs=188.185.70.244-9618+[2001-1458-d00-7--100-2ee]-9618&alias=bigbird10.cern.ch&noUDP&sock=schedd_2037_ca81>
...
040 (2534572.021.000) 07/21 23:49:36 Started transferring input files
	Transferring to host: <128.142.81.33:9618?addrs=128.142.81.33-9618+[2001-1458-301-f5--100-9f]-9618&alias=b7s13n7068.cern.ch&noUDP&sock=slot1_1_5547_1cfb_62799>
...
040 (2534572.021.000) 07/21 23:49:37 Finished transferring input files
...
001 (2534572.021.000) 07/21 23:49:37 Job executing on host: <128.142.81.33:9618?addrs=128.142.81.33-9618+[2001-1458-301-f5--100-9f]-9618&alias=b7s13n7068.cern.ch&noUDP&sock=startd_4539_f476>
...
006 (2534572.021.000) 07/21 23:49:45 Image size of job updated: 29852
	11  -  MemoryUsage of job (MB)
	10940  -  ResidentSetSize of job (KB)
...
006 (2534572.021.000) 07/21 23:54:45 Image size of job updated: 627388
	202  -  MemoryUsage of job (MB)
	205892  -  ResidentSetSize of job (KB)
...
006 (2534572.021.000) 07/22 00:34:48 Image size of job updated: 827976
	304  -  MemoryUsage of job (MB)
	310680  -  ResidentSetSize of job (KB)
...
006 (2534572.021.000) 07/22 00:54:51 Image size of job updated: 827976
	304  -  MemoryUsage of job (MB)
	311240  -  ResidentSetSize of job (KB)
...
006 (2534572.021.000) 07/22 00:59:51 Image size of job updated: 828588
	304  -  MemoryUsage of job (MB)
	311240  -  ResidentSetSize of job (KB)
...
040 (2534572.021.000) 07/22 01:04:59 Started transferring output files
...
040 (2534572.021.000) 07/22 01:04:59 Finished transferring output files
...
005 (2534572.021.000) 07/22 01:05:00 Job terminated.
	(1) Normal termination (return value 0)
		Usr 0 00:33:46, Sys 0 00:00:03  -  Run Remote Usage
		Usr 0 00:00:00, Sys 0 00:00:00  -  Run Local Usage
		Usr 0 00:33:46, Sys 0 00:00:03  -  Total Remote Usage
		Usr 0 00:00:00, Sys 0 00:00:00  -  Total Local Usage
	44333  -  Run Bytes Sent By Job
	55262812  -  Run Bytes Received By Job
	44333  -  Total Bytes Sent By Job
	55262812  -  Total Bytes Received By Job
	Partitionable Resources :     Usage  Request Allocated 
	   Cpus                 :      1.00        3         3 
	   Disk (KB)            : 186269       75000    250109 
	   Memory (MB)          :    304        6000      6000 

	Job terminated of its own accord at 2021-07-21T23:04:59Z.
...
