000 (2534572.110.000) 07/21 23:44:26 Job submitted from host: <188.185.70.244:9618?addrs=188.185.70.244-9618+[2001-1458-d00-7--100-2ee]-9618&alias=bigbird10.cern.ch&noUDP&sock=schedd_2037_ca81>
...
040 (2534572.110.000) 07/21 23:50:27 Started transferring input files
	Transferring to host: <128.142.58.13:9618?addrs=128.142.58.13-9618+[2001-1458-301-16--100-c]-9618&alias=b7s03p1713.cern.ch&noUDP&sock=slot1_13_5128_e3ca_15591>
...
040 (2534572.110.000) 07/21 23:50:27 Finished transferring input files
...
001 (2534572.110.000) 07/21 23:50:27 Job executing on host: <128.142.58.13:9618?addrs=128.142.58.13-9618+[2001-1458-301-16--100-c]-9618&alias=b7s03p1713.cern.ch&noUDP&sock=startd_4660_f36c>
...
006 (2534572.110.000) 07/21 23:50:36 Image size of job updated: 465068
	192  -  MemoryUsage of job (MB)
	195996  -  ResidentSetSize of job (KB)
...
006 (2534572.110.000) 07/21 23:55:37 Image size of job updated: 636024
	209  -  MemoryUsage of job (MB)
	213504  -  ResidentSetSize of job (KB)
...
006 (2534572.110.000) 07/22 00:00:37 Image size of job updated: 636024
	209  -  MemoryUsage of job (MB)
	213508  -  ResidentSetSize of job (KB)
...
006 (2534572.110.000) 07/22 00:20:40 Image size of job updated: 636024
	209  -  MemoryUsage of job (MB)
	213512  -  ResidentSetSize of job (KB)
...
006 (2534572.110.000) 07/22 01:00:43 Image size of job updated: 975840
	452  -  MemoryUsage of job (MB)
	461940  -  ResidentSetSize of job (KB)
...
006 (2534572.110.000) 07/22 01:45:49 Image size of job updated: 976312
	452  -  MemoryUsage of job (MB)
	462540  -  ResidentSetSize of job (KB)
...
040 (2534572.110.000) 07/22 01:54:26 Started transferring output files
...
040 (2534572.110.000) 07/22 01:54:26 Finished transferring output files
...
005 (2534572.110.000) 07/22 01:54:26 Job terminated.
	(1) Normal termination (return value 0)
		Usr 0 00:56:28, Sys 0 00:00:07  -  Run Remote Usage
		Usr 0 00:00:00, Sys 0 00:00:00  -  Run Local Usage
		Usr 0 00:56:28, Sys 0 00:00:07  -  Total Remote Usage
		Usr 0 00:00:00, Sys 0 00:00:00  -  Total Local Usage
	46671  -  Run Bytes Sent By Job
	55262812  -  Run Bytes Received By Job
	46671  -  Total Bytes Sent By Job
	55262812  -  Total Bytes Received By Job
	Partitionable Resources :     Usage  Request Allocated 
	   Cpus                 :      1.00        3         3 
	   Disk (KB)            : 211236       75000   1240493 
	   Memory (MB)          :    452        6000      6000 

	Job terminated of its own accord at 2021-07-21T23:54:26Z.
...
