000 (2526743.037.000) 07/20 13:19:13 Job submitted from host: <188.185.70.244:9618?addrs=188.185.70.244-9618+[2001-1458-d00-7--100-2ee]-9618&alias=bigbird10.cern.ch&noUDP&sock=schedd_2037_ca81>
...
040 (2526743.037.000) 07/20 13:20:57 Started transferring input files
	Transferring to host: <128.142.161.114:9618?addrs=128.142.161.114-9618+[2001-1458-301-b8--100-30]-9618&alias=b7g03p7363.cern.ch&noUDP&sock=slot1_26_218110_f9de_149584>
...
040 (2526743.037.000) 07/20 13:20:58 Finished transferring input files
...
001 (2526743.037.000) 07/20 13:20:58 Job executing on host: <128.142.161.114:9618?addrs=128.142.161.114-9618+[2001-1458-301-b8--100-30]-9618&alias=b7g03p7363.cern.ch&noUDP&sock=startd_130976_3869>
...
006 (2526743.037.000) 07/20 13:21:07 Image size of job updated: 490320
	128  -  MemoryUsage of job (MB)
	130716  -  ResidentSetSize of job (KB)
...
006 (2526743.037.000) 07/20 13:26:08 Image size of job updated: 636036
	209  -  MemoryUsage of job (MB)
	213532  -  ResidentSetSize of job (KB)
...
006 (2526743.037.000) 07/20 13:31:08 Image size of job updated: 940428
	415  -  MemoryUsage of job (MB)
	424308  -  ResidentSetSize of job (KB)
...
006 (2526743.037.000) 07/20 14:01:11 Image size of job updated: 940796
	415  -  MemoryUsage of job (MB)
	424856  -  ResidentSetSize of job (KB)
...
040 (2526743.037.000) 07/20 14:12:11 Started transferring output files
...
040 (2526743.037.000) 07/20 14:12:11 Finished transferring output files
...
005 (2526743.037.000) 07/20 14:12:11 Job terminated.
	(1) Normal termination (return value 0)
		Usr 0 00:46:31, Sys 0 00:00:06  -  Run Remote Usage
		Usr 0 00:00:00, Sys 0 00:00:00  -  Run Local Usage
		Usr 0 00:46:31, Sys 0 00:00:06  -  Total Remote Usage
		Usr 0 00:00:00, Sys 0 00:00:00  -  Total Local Usage
	49468  -  Run Bytes Sent By Job
	55262812  -  Run Bytes Received By Job
	49468  -  Total Bytes Sent By Job
	55262812  -  Total Bytes Received By Job
	Partitionable Resources :     Usage  Request Allocated 
	   Cpus                 :      1.00        3         3 
	   Disk (KB)            : 204522       75000   1385615 
	   Memory (MB)          :    415        6000      6000 

	Job terminated of its own accord at 2021-07-20T12:12:10Z.
...
