000 (2522101.179.000) 07/19 11:55:34 Job submitted from host: <188.185.70.244:9618?addrs=188.185.70.244-9618+[2001-1458-d00-7--100-2ee]-9618&alias=bigbird10.cern.ch&noUDP&sock=schedd_2037_ca81>
...
040 (2522101.179.000) 07/19 13:12:04 Started transferring input files
	Transferring to host: <128.142.57.34:9618?addrs=128.142.57.34-9618+[2001-1458-301-7--100-21]-9618&alias=b7s02p9579.cern.ch&noUDP&sock=slot1_9_6722_01ca_13218>
...
040 (2522101.179.000) 07/19 13:12:05 Finished transferring input files
...
001 (2522101.179.000) 07/19 13:12:05 Job executing on host: <128.142.57.34:9618?addrs=128.142.57.34-9618+[2001-1458-301-7--100-21]-9618&alias=b7s02p9579.cern.ch&noUDP&sock=startd_6267_381e>
...
006 (2522101.179.000) 07/19 13:12:14 Image size of job updated: 562212
	190  -  MemoryUsage of job (MB)
	193896  -  ResidentSetSize of job (KB)
...
006 (2522101.179.000) 07/19 13:17:15 Image size of job updated: 833440
	309  -  MemoryUsage of job (MB)
	316280  -  ResidentSetSize of job (KB)
...
006 (2522101.179.000) 07/19 13:27:16 Image size of job updated: 833980
	310  -  MemoryUsage of job (MB)
	316956  -  ResidentSetSize of job (KB)
...
040 (2522101.179.000) 07/19 13:28:34 Started transferring output files
...
040 (2522101.179.000) 07/19 13:28:34 Finished transferring output files
...
005 (2522101.179.000) 07/19 13:28:34 Job terminated.
	(1) Normal termination (return value 0)
		Usr 0 00:15:53, Sys 0 00:00:02  -  Run Remote Usage
		Usr 0 00:00:00, Sys 0 00:00:00  -  Run Local Usage
		Usr 0 00:15:53, Sys 0 00:00:02  -  Total Remote Usage
		Usr 0 00:00:00, Sys 0 00:00:00  -  Total Local Usage
	48517  -  Run Bytes Sent By Job
	55262812  -  Run Bytes Received By Job
	48517  -  Total Bytes Sent By Job
	55262812  -  Total Bytes Received By Job
	Partitionable Resources :     Usage  Request Allocated 
	   Cpus                 :      1.00        3         3 
	   Disk (KB)            : 187210       75000   1251298 
	   Memory (MB)          :    310        6000      6000 

	Job terminated of its own accord at 2021-07-19T11:28:34Z.
...
