000 (2524871.208.000) 07/20 04:35:08 Job submitted from host: <188.185.70.244:9618?addrs=188.185.70.244-9618+[2001-1458-d00-7--100-2ee]-9618&alias=bigbird10.cern.ch&noUDP&sock=schedd_2037_ca81>
...
040 (2524871.208.000) 07/20 05:27:13 Started transferring input files
	Transferring to host: <128.142.58.35:9618?addrs=128.142.58.35-9618+[2001-1458-301-16--100-22]-9618&alias=b7s03p8339.cern.ch&noUDP&sock=slot1_9_2959_a211_13506>
...
040 (2524871.208.000) 07/20 05:27:14 Finished transferring input files
...
001 (2524871.208.000) 07/20 05:27:14 Job executing on host: <128.142.58.35:9618?addrs=128.142.58.35-9618+[2001-1458-301-16--100-22]-9618&alias=b7s03p8339.cern.ch&noUDP&sock=startd_2500_5edb>
...
006 (2524871.208.000) 07/20 05:27:22 Image size of job updated: 561092
	165  -  MemoryUsage of job (MB)
	168732  -  ResidentSetSize of job (KB)
...
006 (2524871.208.000) 07/20 05:32:22 Image size of job updated: 787900
	265  -  MemoryUsage of job (MB)
	271196  -  ResidentSetSize of job (KB)
...
006 (2524871.208.000) 07/20 05:37:23 Image size of job updated: 788372
	266  -  MemoryUsage of job (MB)
	271776  -  ResidentSetSize of job (KB)
...
040 (2524871.208.000) 07/20 05:38:01 Started transferring output files
...
040 (2524871.208.000) 07/20 05:38:02 Finished transferring output files
...
005 (2524871.208.000) 07/20 05:38:02 Job terminated.
	(1) Normal termination (return value 0)
		Usr 0 00:07:36, Sys 0 00:00:01  -  Run Remote Usage
		Usr 0 00:00:00, Sys 0 00:00:00  -  Run Local Usage
		Usr 0 00:07:36, Sys 0 00:00:01  -  Total Remote Usage
		Usr 0 00:00:00, Sys 0 00:00:00  -  Total Local Usage
	48848  -  Run Bytes Sent By Job
	55262812  -  Run Bytes Received By Job
	48848  -  Total Bytes Sent By Job
	55262812  -  Total Bytes Received By Job
	Partitionable Resources :     Usage  Request Allocated 
	   Cpus                 :      1.00        3         3 
	   Disk (KB)            : 178899       75000   1253474 
	   Memory (MB)          :    266        6000      6000 

	Job terminated of its own accord at 2021-07-20T03:38:01Z.
...
