000 (2521842.047.000) 07/19 05:55:55 Job submitted from host: <188.185.70.244:9618?addrs=188.185.70.244-9618+[2001-1458-d00-7--100-2ee]-9618&alias=bigbird10.cern.ch&noUDP&sock=schedd_2037_ca81>
...
040 (2521842.047.000) 07/19 05:58:50 Started transferring input files
	Transferring to host: <128.142.56.64:9618?addrs=128.142.56.64-9618+[2001-1458-301-6--100-3f]-9618&alias=b7s01p0584.cern.ch&noUDP&sock=slot1_19_56218_6aa7_15707>
...
040 (2521842.047.000) 07/19 05:58:51 Finished transferring input files
...
001 (2521842.047.000) 07/19 05:58:51 Job executing on host: <128.142.56.64:9618?addrs=128.142.56.64-9618+[2001-1458-301-6--100-3f]-9618&alias=b7s01p0584.cern.ch&noUDP&sock=startd_53120_7aea>
...
006 (2521842.047.000) 07/19 05:59:00 Image size of job updated: 271648
	192  -  MemoryUsage of job (MB)
	196444  -  ResidentSetSize of job (KB)
...
006 (2521842.047.000) 07/19 06:04:01 Image size of job updated: 636708
	210  -  MemoryUsage of job (MB)
	214032  -  ResidentSetSize of job (KB)
...
006 (2521842.047.000) 07/19 06:24:04 Image size of job updated: 636708
	210  -  MemoryUsage of job (MB)
	214036  -  ResidentSetSize of job (KB)
...
006 (2521842.047.000) 07/19 06:34:05 Image size of job updated: 822396
	302  -  MemoryUsage of job (MB)
	308612  -  ResidentSetSize of job (KB)
...
006 (2521842.047.000) 07/19 06:49:07 Image size of job updated: 823076
	302  -  MemoryUsage of job (MB)
	309232  -  ResidentSetSize of job (KB)
...
040 (2521842.047.000) 07/19 06:50:24 Started transferring output files
...
040 (2521842.047.000) 07/19 06:50:24 Finished transferring output files
...
005 (2521842.047.000) 07/19 06:50:24 Job terminated.
	(1) Normal termination (return value 0)
		Usr 0 00:19:39, Sys 0 00:00:03  -  Run Remote Usage
		Usr 0 00:00:00, Sys 0 00:00:00  -  Run Local Usage
		Usr 0 00:19:39, Sys 0 00:00:03  -  Total Remote Usage
		Usr 0 00:00:00, Sys 0 00:00:00  -  Total Local Usage
	50086  -  Run Bytes Sent By Job
	55262812  -  Run Bytes Received By Job
	50086  -  Total Bytes Sent By Job
	55262812  -  Total Bytes Received By Job
	Partitionable Resources :     Usage  Request Allocated 
	   Cpus                 :      1.00        3         3 
	   Disk (KB)            : 184354       75000   1302237 
	   Memory (MB)          :    302        6000      6000 

	Job terminated of its own accord at 2021-07-19T04:50:24Z.
...
