000 (2526743.022.000) 07/20 13:19:13 Job submitted from host: <188.185.70.244:9618?addrs=188.185.70.244-9618+[2001-1458-d00-7--100-2ee]-9618&alias=bigbird10.cern.ch&noUDP&sock=schedd_2037_ca81>
...
040 (2526743.022.000) 07/20 13:21:02 Started transferring input files
	Transferring to host: <128.142.76.151:9618?addrs=128.142.76.151-9618+[2001-1458-301-f4--100-595]-9618&alias=b7s12n6949.cern.ch&noUDP&sock=slot1_10_31128_3deb_119998>
...
040 (2526743.022.000) 07/20 13:21:03 Finished transferring input files
...
001 (2526743.022.000) 07/20 13:21:03 Job executing on host: <128.142.76.151:9618?addrs=128.142.76.151-9618+[2001-1458-301-f4--100-595]-9618&alias=b7s12n6949.cern.ch&noUDP&sock=startd_16697_54e8>
...
006 (2526743.022.000) 07/20 13:21:11 Image size of job updated: 418152
	28  -  MemoryUsage of job (MB)
	28292  -  ResidentSetSize of job (KB)
...
006 (2526743.022.000) 07/20 13:26:11 Image size of job updated: 626728
	201  -  MemoryUsage of job (MB)
	205796  -  ResidentSetSize of job (KB)
...
006 (2526743.022.000) 07/20 13:46:14 Image size of job updated: 804412
	282  -  MemoryUsage of job (MB)
	287844  -  ResidentSetSize of job (KB)
...
006 (2526743.022.000) 07/20 14:05:20 Image size of job updated: 805028
	282  -  MemoryUsage of job (MB)
	287844  -  ResidentSetSize of job (KB)
...
040 (2526743.022.000) 07/20 14:05:20 Started transferring output files
...
040 (2526743.022.000) 07/20 14:05:20 Finished transferring output files
...
005 (2526743.022.000) 07/20 14:05:21 Job terminated.
	(1) Normal termination (return value 0)
		Usr 0 00:21:17, Sys 0 00:00:02  -  Run Remote Usage
		Usr 0 00:00:00, Sys 0 00:00:00  -  Run Local Usage
		Usr 0 00:21:17, Sys 0 00:00:02  -  Total Remote Usage
		Usr 0 00:00:00, Sys 0 00:00:00  -  Total Local Usage
	51965  -  Run Bytes Sent By Job
	55262812  -  Run Bytes Received By Job
	51965  -  Total Bytes Sent By Job
	55262812  -  Total Bytes Received By Job
	Partitionable Resources :     Usage  Request Allocated 
	   Cpus                 :      1.00        3         3 
	   Disk (KB)            : 181905       75000    279423 
	   Memory (MB)          :    282        6000      6000 

	Job terminated of its own accord at 2021-07-20T12:05:20Z.
...
