000 (2521675.192.000) 07/19 04:18:40 Job submitted from host: <188.185.70.244:9618?addrs=188.185.70.244-9618+[2001-1458-d00-7--100-2ee]-9618&alias=bigbird10.cern.ch&noUDP&sock=schedd_2037_ca81>
...
040 (2521675.192.000) 07/19 04:25:50 Started transferring input files
	Transferring to host: <128.142.56.112:9618?addrs=128.142.56.112-9618+[2001-1458-301-6--100-6f]-9618&alias=b7s01p3738.cern.ch&noUDP&sock=slot1_12_54559_8044_15732>
...
040 (2521675.192.000) 07/19 04:25:50 Finished transferring input files
...
001 (2521675.192.000) 07/19 04:25:50 Job executing on host: <128.142.56.112:9618?addrs=128.142.56.112-9618+[2001-1458-301-6--100-6f]-9618&alias=b7s01p3738.cern.ch&noUDP&sock=startd_51470_b7a6>
...
006 (2521675.192.000) 07/19 04:25:59 Image size of job updated: 1052312
	191  -  MemoryUsage of job (MB)
	194796  -  ResidentSetSize of job (KB)
...
040 (2521675.192.000) 07/19 04:28:14 Started transferring output files
...
040 (2521675.192.000) 07/19 04:28:15 Finished transferring output files
...
005 (2521675.192.000) 07/19 04:28:15 Job terminated.
	(1) Normal termination (return value 0)
		Usr 0 00:00:59, Sys 0 00:00:02  -  Run Remote Usage
		Usr 0 00:00:00, Sys 0 00:00:00  -  Run Local Usage
		Usr 0 00:00:59, Sys 0 00:00:02  -  Total Remote Usage
		Usr 0 00:00:00, Sys 0 00:00:00  -  Total Local Usage
	53257  -  Run Bytes Sent By Job
	55262812  -  Run Bytes Received By Job
	53257  -  Total Bytes Sent By Job
	55262812  -  Total Bytes Received By Job
	Partitionable Resources :    Usage  Request Allocated 
	   Cpus                 :                 3         3 
	   Disk (KB)            :   182267    75000   1323482 
	   Memory (MB)          :      191     6000      6000 

	Job terminated of its own accord at 2021-07-19T02:28:14Z.
...
