000 (2521668.080.000) 07/19 01:56:57 Job submitted from host: <188.185.70.244:9618?addrs=188.185.70.244-9618+[2001-1458-d00-7--100-2ee]-9618&alias=bigbird10.cern.ch&noUDP&sock=schedd_2037_ca81>
...
040 (2521668.080.000) 07/19 02:04:32 Started transferring input files
	Transferring to host: <128.142.58.109:9618?addrs=128.142.58.109-9618+[2001-1458-301-16--100-6c]-9618&alias=b7s03p6566.cern.ch&noUDP&sock=slot1_10_6871_fdb0_10289>
...
040 (2521668.080.000) 07/19 02:04:32 Finished transferring input files
...
001 (2521668.080.000) 07/19 02:04:32 Job executing on host: <128.142.58.109:9618?addrs=128.142.58.109-9618+[2001-1458-301-16--100-6c]-9618&alias=b7s03p6566.cern.ch&noUDP&sock=startd_6420_2a1b>
...
006 (2521668.080.000) 07/19 02:04:41 Image size of job updated: 603752
	201  -  MemoryUsage of job (MB)
	205340  -  ResidentSetSize of job (KB)
...
006 (2521668.080.000) 07/19 02:05:57 Image size of job updated: 763176
	201  -  MemoryUsage of job (MB)
	205340  -  ResidentSetSize of job (KB)
...
040 (2521668.080.000) 07/19 02:05:57 Started transferring output files
...
040 (2521668.080.000) 07/19 02:05:57 Finished transferring output files
...
005 (2521668.080.000) 07/19 02:05:58 Job terminated.
	(1) Normal termination (return value 0)
		Usr 0 00:00:42, Sys 0 00:00:02  -  Run Remote Usage
		Usr 0 00:00:00, Sys 0 00:00:00  -  Run Local Usage
		Usr 0 00:00:42, Sys 0 00:00:02  -  Total Remote Usage
		Usr 0 00:00:00, Sys 0 00:00:00  -  Total Local Usage
	48913  -  Run Bytes Sent By Job
	55262812  -  Run Bytes Received By Job
	48913  -  Total Bytes Sent By Job
	55262812  -  Total Bytes Received By Job
	Partitionable Resources :    Usage  Request Allocated 
	   Cpus                 :                 3         3 
	   Disk (KB)            :   179257    75000   1315260 
	   Memory (MB)          :      201     6000      6000 

	Job terminated of its own accord at 2021-07-19T00:05:57Z.
...
