000 (2526743.024.000) 07/20 13:19:13 Job submitted from host: <188.185.70.244:9618?addrs=188.185.70.244-9618+[2001-1458-d00-7--100-2ee]-9618&alias=bigbird10.cern.ch&noUDP&sock=schedd_2037_ca81>
...
040 (2526743.024.000) 07/20 13:20:52 Started transferring input files
	Transferring to host: <128.142.56.125:9618?addrs=128.142.56.125-9618+[2001-1458-301-6--100-7c]-9618&alias=b7s01p8598.cern.ch&noUDP&sock=slot1_52_53376_f874_14221>
...
040 (2526743.024.000) 07/20 13:20:53 Finished transferring input files
...
001 (2526743.024.000) 07/20 13:20:53 Job executing on host: <128.142.56.125:9618?addrs=128.142.56.125-9618+[2001-1458-301-6--100-7c]-9618&alias=b7s01p8598.cern.ch&noUDP&sock=startd_53332_e4fe>
...
006 (2526743.024.000) 07/20 13:21:02 Image size of job updated: 587276
	202  -  MemoryUsage of job (MB)
	205848  -  ResidentSetSize of job (KB)
...
006 (2526743.024.000) 07/20 13:26:03 Image size of job updated: 791180
	268  -  MemoryUsage of job (MB)
	273796  -  ResidentSetSize of job (KB)
...
006 (2526743.024.000) 07/20 13:33:12 Image size of job updated: 791676
	268  -  MemoryUsage of job (MB)
	273796  -  ResidentSetSize of job (KB)
...
040 (2526743.024.000) 07/20 13:33:12 Started transferring output files
...
040 (2526743.024.000) 07/20 13:33:12 Finished transferring output files
...
005 (2526743.024.000) 07/20 13:33:12 Job terminated.
	(1) Normal termination (return value 0)
		Usr 0 00:10:27, Sys 0 00:00:02  -  Run Remote Usage
		Usr 0 00:00:00, Sys 0 00:00:00  -  Run Local Usage
		Usr 0 00:10:27, Sys 0 00:00:02  -  Total Remote Usage
		Usr 0 00:00:00, Sys 0 00:00:00  -  Total Local Usage
	49454  -  Run Bytes Sent By Job
	55262812  -  Run Bytes Received By Job
	49454  -  Total Bytes Sent By Job
	55262812  -  Total Bytes Received By Job
	Partitionable Resources :     Usage  Request Allocated 
	   Cpus                 :      0.02        3         3 
	   Disk (KB)            : 179496       75000   1279659 
	   Memory (MB)          :    268        6000      6000 

	Job terminated of its own accord at 2021-07-20T11:33:12Z.
...
