000 (2521668.114.000) 07/19 01:56:57 Job submitted from host: <188.185.70.244:9618?addrs=188.185.70.244-9618+[2001-1458-d00-7--100-2ee]-9618&alias=bigbird10.cern.ch&noUDP&sock=schedd_2037_ca81>
...
040 (2521668.114.000) 07/19 02:08:55 Started transferring input files
	Transferring to host: <128.142.74.51:9618?addrs=128.142.74.51-9618+[2001-1458-301-75--100-320]-9618&alias=b7s11n2944.cern.ch&noUDP&sock=slot1_12_30218_1086_119858>
...
001 (2521668.114.000) 07/19 02:08:56 Job executing on host: <128.142.74.51:9618?addrs=128.142.74.51-9618+[2001-1458-301-75--100-320]-9618&alias=b7s11n2944.cern.ch&noUDP&sock=startd_16884_991e>
...
040 (2521668.114.000) 07/19 02:08:56 Finished transferring input files
...
006 (2521668.114.000) 07/19 02:09:04 Image size of job updated: 200708
	146  -  MemoryUsage of job (MB)
	149420  -  ResidentSetSize of job (KB)
...
006 (2521668.114.000) 07/19 02:14:04 Image size of job updated: 630924
	205  -  MemoryUsage of job (MB)
	209216  -  ResidentSetSize of job (KB)
...
006 (2521668.114.000) 07/19 02:19:05 Image size of job updated: 634052
	208  -  MemoryUsage of job (MB)
	212404  -  ResidentSetSize of job (KB)
...
006 (2521668.114.000) 07/19 02:21:33 Image size of job updated: 806036
	208  -  MemoryUsage of job (MB)
	212404  -  ResidentSetSize of job (KB)
...
040 (2521668.114.000) 07/19 02:21:33 Started transferring output files
...
040 (2521668.114.000) 07/19 02:21:33 Finished transferring output files
...
005 (2521668.114.000) 07/19 02:21:33 Job terminated.
	(1) Normal termination (return value 0)
		Usr 0 00:03:22, Sys 0 00:00:04  -  Run Remote Usage
		Usr 0 00:00:00, Sys 0 00:00:00  -  Run Local Usage
		Usr 0 00:03:22, Sys 0 00:00:04  -  Total Remote Usage
		Usr 0 00:00:00, Sys 0 00:00:00  -  Total Local Usage
	50199  -  Run Bytes Sent By Job
	55262812  -  Run Bytes Received By Job
	50199  -  Total Bytes Sent By Job
	55262812  -  Total Bytes Received By Job
	Partitionable Resources :     Usage  Request Allocated 
	   Cpus                 :      0.27        3         3 
	   Disk (KB)            : 209146       75000    280056 
	   Memory (MB)          :    208        6000      6000 

	Job terminated of its own accord at 2021-07-19T00:21:33Z.
...
