000 (2524871.103.000) 07/20 04:35:08 Job submitted from host: <188.185.70.244:9618?addrs=188.185.70.244-9618+[2001-1458-d00-7--100-2ee]-9618&alias=bigbird10.cern.ch&noUDP&sock=schedd_2037_ca81>
...
040 (2524871.103.000) 07/20 05:09:45 Started transferring input files
	Transferring to host: <128.142.56.10:9618?addrs=128.142.56.10-9618+[2001-1458-301-6--100-9]-9618&alias=b7s01p5233.cern.ch&noUDP&sock=slot1_60_43046_8d10_13226>
...
040 (2524871.103.000) 07/20 05:09:46 Finished transferring input files
...
001 (2524871.103.000) 07/20 05:09:46 Job executing on host: <128.142.56.10:9618?addrs=128.142.56.10-9618+[2001-1458-301-6--100-9]-9618&alias=b7s01p5233.cern.ch&noUDP&sock=startd_39428_e830>
...
006 (2524871.103.000) 07/20 05:09:55 Image size of job updated: 596112
	192  -  MemoryUsage of job (MB)
	196488  -  ResidentSetSize of job (KB)
...
006 (2524871.103.000) 07/20 05:14:56 Image size of job updated: 636272
	209  -  MemoryUsage of job (MB)
	213760  -  ResidentSetSize of job (KB)
...
006 (2524871.103.000) 07/20 05:24:57 Image size of job updated: 636272
	209  -  MemoryUsage of job (MB)
	213764  -  ResidentSetSize of job (KB)
...
006 (2524871.103.000) 07/20 05:29:58 Image size of job updated: 636272
	209  -  MemoryUsage of job (MB)
	213768  -  ResidentSetSize of job (KB)
...
006 (2524871.103.000) 07/20 07:20:08 Image size of job updated: 891476
	370  -  MemoryUsage of job (MB)
	377876  -  ResidentSetSize of job (KB)
...
040 (2524871.103.000) 07/20 07:40:59 Started transferring output files
...
040 (2524871.103.000) 07/20 07:40:59 Finished transferring output files
...
005 (2524871.103.000) 07/20 07:40:59 Job terminated.
	(1) Normal termination (return value 0)
		Usr 0 00:26:58, Sys 0 00:00:04  -  Run Remote Usage
		Usr 0 00:00:00, Sys 0 00:00:00  -  Run Local Usage
		Usr 0 00:26:58, Sys 0 00:00:04  -  Total Remote Usage
		Usr 0 00:00:00, Sys 0 00:00:00  -  Total Local Usage
	51583  -  Run Bytes Sent By Job
	55262812  -  Run Bytes Received By Job
	51583  -  Total Bytes Sent By Job
	55262812  -  Total Bytes Received By Job
	Partitionable Resources :     Usage  Request Allocated 
	   Cpus                 :      1.00        3         3 
	   Disk (KB)            : 194519       75000   1277005 
	   Memory (MB)          :    370        6000      6000 

	Job terminated of its own accord at 2021-07-20T05:40:59Z.
...
