000 (2524617.134.000) 07/20 01:52:27 Job submitted from host: <188.185.70.244:9618?addrs=188.185.70.244-9618+[2001-1458-d00-7--100-2ee]-9618&alias=bigbird10.cern.ch&noUDP&sock=schedd_2037_ca81>
...
040 (2524617.134.000) 07/20 02:01:12 Started transferring input files
	Transferring to host: <128.142.240.144:9618?addrs=128.142.240.144-9618+[2001-1458-301-9--100-de]-9618&alias=b7g41n4948.cern.ch&noUDP&sock=slot1_1_420_ad8a_119453>
...
040 (2524617.134.000) 07/20 02:01:14 Finished transferring input files
...
001 (2524617.134.000) 07/20 02:01:14 Job executing on host: <128.142.240.144:9618?addrs=128.142.240.144-9618+[2001-1458-301-9--100-de]-9618&alias=b7g41n4948.cern.ch&noUDP&sock=startd_6587_b66c>
...
006 (2524617.134.000) 07/20 02:01:23 Image size of job updated: 9864
	5  -  MemoryUsage of job (MB)
	4228  -  ResidentSetSize of job (KB)
...
006 (2524617.134.000) 07/20 02:06:24 Image size of job updated: 631968
	205  -  MemoryUsage of job (MB)
	209768  -  ResidentSetSize of job (KB)
...
006 (2524617.134.000) 07/20 02:26:25 Image size of job updated: 809528
	289  -  MemoryUsage of job (MB)
	295852  -  ResidentSetSize of job (KB)
...
006 (2524617.134.000) 07/20 02:46:28 Image size of job updated: 810136
	290  -  MemoryUsage of job (MB)
	296452  -  ResidentSetSize of job (KB)
...
040 (2524617.134.000) 07/20 02:50:51 Started transferring output files
...
040 (2524617.134.000) 07/20 02:50:51 Finished transferring output files
...
005 (2524617.134.000) 07/20 02:50:51 Job terminated.
	(1) Normal termination (return value 0)
		Usr 0 00:28:56, Sys 0 00:00:07  -  Run Remote Usage
		Usr 0 00:00:00, Sys 0 00:00:00  -  Run Local Usage
		Usr 0 00:28:56, Sys 0 00:00:07  -  Total Remote Usage
		Usr 0 00:00:00, Sys 0 00:00:00  -  Total Local Usage
	53542  -  Run Bytes Sent By Job
	55262812  -  Run Bytes Received By Job
	53542  -  Total Bytes Sent By Job
	55262812  -  Total Bytes Received By Job
	Partitionable Resources :     Usage  Request Allocated 
	   Cpus                 :      0.99        3         3 
	   Disk (KB)            : 182717       75000    357349 
	   Memory (MB)          :    290        6000      6000 

	Job terminated of its own accord at 2021-07-20T00:50:50Z.
...
