000 (2524871.015.000) 07/20 04:35:08 Job submitted from host: <188.185.70.244:9618?addrs=188.185.70.244-9618+[2001-1458-d00-7--100-2ee]-9618&alias=bigbird10.cern.ch&noUDP&sock=schedd_2037_ca81>
...
040 (2524871.015.000) 07/20 04:55:37 Started transferring input files
	Transferring to host: <128.142.57.146:9618?addrs=128.142.57.146-9618+[2001-1458-301-7--100-91]-9618&alias=b7s02p6502.cern.ch&noUDP&sock=slot1_32_6540_c583_14619>
...
040 (2524871.015.000) 07/20 04:55:38 Finished transferring input files
...
001 (2524871.015.000) 07/20 04:55:38 Job executing on host: <128.142.57.146:9618?addrs=128.142.57.146-9618+[2001-1458-301-7--100-91]-9618&alias=b7s02p6502.cern.ch&noUDP&sock=startd_6074_d656>
...
006 (2524871.015.000) 07/20 04:55:46 Image size of job updated: 331420
	132  -  MemoryUsage of job (MB)
	134352  -  ResidentSetSize of job (KB)
...
006 (2524871.015.000) 07/20 05:00:46 Image size of job updated: 806576
	286  -  MemoryUsage of job (MB)
	292636  -  ResidentSetSize of job (KB)
...
006 (2524871.015.000) 07/20 05:08:58 Image size of job updated: 807072
	286  -  MemoryUsage of job (MB)
	292636  -  ResidentSetSize of job (KB)
...
040 (2524871.015.000) 07/20 05:08:58 Started transferring output files
...
040 (2524871.015.000) 07/20 05:08:58 Finished transferring output files
...
005 (2524871.015.000) 07/20 05:08:58 Job terminated.
	(1) Normal termination (return value 0)
		Usr 0 00:11:18, Sys 0 00:00:02  -  Run Remote Usage
		Usr 0 00:00:00, Sys 0 00:00:00  -  Run Local Usage
		Usr 0 00:11:18, Sys 0 00:00:02  -  Total Remote Usage
		Usr 0 00:00:00, Sys 0 00:00:00  -  Total Local Usage
	53438  -  Run Bytes Sent By Job
	55262812  -  Run Bytes Received By Job
	53438  -  Total Bytes Sent By Job
	55262812  -  Total Bytes Received By Job
	Partitionable Resources :     Usage  Request Allocated 
	   Cpus                 :      1.00        3         3 
	   Disk (KB)            : 182163       75000   1280657 
	   Memory (MB)          :    286        6000      6000 

	Job terminated of its own accord at 2021-07-20T03:08:58Z.
...
