000 (2556073.015.000) 07/27 10:23:23 Job submitted from host: <188.185.70.244:9618?addrs=188.185.70.244-9618+[2001-1458-d00-7--100-2ee]-9618&alias=bigbird10.cern.ch&noUDP&sock=schedd_2037_ca81>
...
040 (2556073.015.000) 07/27 10:25:42 Started transferring input files
	Transferring to host: <128.142.57.56:9618?addrs=128.142.57.56-9618+[2001-1458-301-7--100-37]-9618&alias=b7s02p6140.cern.ch&noUDP&sock=slot1_29_4189_4783_24681>
...
040 (2556073.015.000) 07/27 10:25:42 Finished transferring input files
...
001 (2556073.015.000) 07/27 10:25:42 Job executing on host: <128.142.57.56:9618?addrs=128.142.57.56-9618+[2001-1458-301-7--100-37]-9618&alias=b7s02p6140.cern.ch&noUDP&sock=startd_3736_29ea>
...
006 (2556073.015.000) 07/27 10:25:51 Image size of job updated: 631940
	205  -  MemoryUsage of job (MB)
	209660  -  ResidentSetSize of job (KB)
...
006 (2556073.015.000) 07/27 10:30:52 Image size of job updated: 785932
	266  -  MemoryUsage of job (MB)
	272144  -  ResidentSetSize of job (KB)
...
006 (2556073.015.000) 07/27 10:32:45 Image size of job updated: 786604
	266  -  MemoryUsage of job (MB)
	272144  -  ResidentSetSize of job (KB)
...
040 (2556073.015.000) 07/27 10:32:45 Started transferring output files
...
040 (2556073.015.000) 07/27 10:32:45 Finished transferring output files
...
005 (2556073.015.000) 07/27 10:32:45 Job terminated.
	(1) Normal termination (return value 0)
		Usr 0 00:06:41, Sys 0 00:00:02  -  Run Remote Usage
		Usr 0 00:00:00, Sys 0 00:00:00  -  Run Local Usage
		Usr 0 00:06:41, Sys 0 00:00:02  -  Total Remote Usage
		Usr 0 00:00:00, Sys 0 00:00:00  -  Total Local Usage
	52373  -  Run Bytes Sent By Job
	55262880  -  Run Bytes Received By Job
	52373  -  Total Bytes Sent By Job
	55262880  -  Total Bytes Received By Job
	Partitionable Resources :     Usage  Request Allocated 
	   Cpus                 :      1.00        3         3 
	   Disk (KB)            : 182162       75000   1261245 
	   Memory (MB)          :    266        6000      6000 

	Job terminated of its own accord at 2021-07-27T08:32:44Z.
...
