000 (2526743.117.000) 07/20 13:19:14 Job submitted from host: <188.185.70.244:9618?addrs=188.185.70.244-9618+[2001-1458-d00-7--100-2ee]-9618&alias=bigbird10.cern.ch&noUDP&sock=schedd_2037_ca81>
...
040 (2526743.117.000) 07/20 13:24:58 Started transferring input files
	Transferring to host: <128.142.73.200:9618?addrs=128.142.73.200-9618+[2001-1458-301-75--100-545]-9618&alias=b7s11n6281.cern.ch&noUDP&sock=slot1_1_14665_91ad_113589>
...
040 (2526743.117.000) 07/20 13:24:59 Finished transferring input files
...
001 (2526743.117.000) 07/20 13:24:59 Job executing on host: <128.142.73.200:9618?addrs=128.142.73.200-9618+[2001-1458-301-75--100-545]-9618&alias=b7s11n6281.cern.ch&noUDP&sock=startd_16586_31e5>
...
006 (2526743.117.000) 07/20 13:25:07 Image size of job updated: 401932
	4  -  MemoryUsage of job (MB)
	3676  -  ResidentSetSize of job (KB)
...
006 (2526743.117.000) 07/20 13:30:07 Image size of job updated: 630292
	204  -  MemoryUsage of job (MB)
	208644  -  ResidentSetSize of job (KB)
...
006 (2526743.117.000) 07/20 14:20:13 Image size of job updated: 964404
	436  -  MemoryUsage of job (MB)
	446100  -  ResidentSetSize of job (KB)
...
006 (2526743.117.000) 07/20 15:05:17 Image size of job updated: 965076
	437  -  MemoryUsage of job (MB)
	446740  -  ResidentSetSize of job (KB)
...
040 (2526743.117.000) 07/20 15:24:29 Started transferring output files
...
040 (2526743.117.000) 07/20 15:24:29 Finished transferring output files
...
005 (2526743.117.000) 07/20 15:24:29 Job terminated.
	(1) Normal termination (return value 0)
		Usr 0 01:09:12, Sys 0 00:00:05  -  Run Remote Usage
		Usr 0 00:00:00, Sys 0 00:00:00  -  Run Local Usage
		Usr 0 01:09:12, Sys 0 00:00:05  -  Total Remote Usage
		Usr 0 00:00:00, Sys 0 00:00:00  -  Total Local Usage
	50099  -  Run Bytes Sent By Job
	55262812  -  Run Bytes Received By Job
	50099  -  Total Bytes Sent By Job
	55262812  -  Total Bytes Received By Job
	Partitionable Resources :     Usage  Request Allocated 
	   Cpus                 :      1.00        3         3 
	   Disk (KB)            : 208972       75000    286669 
	   Memory (MB)          :    437        6000      6000 

	Job terminated of its own accord at 2021-07-20T13:24:29Z.
...
