000 (2534572.127.000) 07/21 23:44:26 Job submitted from host: <188.185.70.244:9618?addrs=188.185.70.244-9618+[2001-1458-d00-7--100-2ee]-9618&alias=bigbird10.cern.ch&noUDP&sock=schedd_2037_ca81>
...
040 (2534572.127.000) 07/21 23:50:35 Started transferring input files
	Transferring to host: <128.142.58.115:9618?addrs=128.142.58.115-9618+[2001-1458-301-16--100-72]-9618&alias=b7s03p6668.cern.ch&noUDP&sock=slot1_2_6811_b72e_14828>
...
040 (2534572.127.000) 07/21 23:50:36 Finished transferring input files
...
001 (2534572.127.000) 07/21 23:50:36 Job executing on host: <128.142.58.115:9618?addrs=128.142.58.115-9618+[2001-1458-301-16--100-72]-9618&alias=b7s03p6668.cern.ch&noUDP&sock=startd_6360_026c>
...
006 (2534572.127.000) 07/21 23:50:44 Image size of job updated: 414988
	110  -  MemoryUsage of job (MB)
	112288  -  ResidentSetSize of job (KB)
...
006 (2534572.127.000) 07/21 23:55:44 Image size of job updated: 630920
	205  -  MemoryUsage of job (MB)
	209128  -  ResidentSetSize of job (KB)
...
006 (2534572.127.000) 07/22 00:00:45 Image size of job updated: 630920
	205  -  MemoryUsage of job (MB)
	209132  -  ResidentSetSize of job (KB)
...
006 (2534572.127.000) 07/22 01:10:51 Image size of job updated: 913976
	388  -  MemoryUsage of job (MB)
	396488  -  ResidentSetSize of job (KB)
...
040 (2534572.127.000) 07/22 01:44:56 Started transferring output files
...
040 (2534572.127.000) 07/22 01:44:56 Finished transferring output files
...
005 (2534572.127.000) 07/22 01:44:56 Job terminated.
	(1) Normal termination (return value 0)
		Usr 0 00:40:13, Sys 0 00:00:04  -  Run Remote Usage
		Usr 0 00:00:00, Sys 0 00:00:00  -  Run Local Usage
		Usr 0 00:40:13, Sys 0 00:00:04  -  Total Remote Usage
		Usr 0 00:00:00, Sys 0 00:00:00  -  Total Local Usage
	45486  -  Run Bytes Sent By Job
	55262812  -  Run Bytes Received By Job
	45486  -  Total Bytes Sent By Job
	55262812  -  Total Bytes Received By Job
	Partitionable Resources :     Usage  Request Allocated 
	   Cpus                 :      1.00        3         3 
	   Disk (KB)            : 199010       75000   1204360 
	   Memory (MB)          :    388        6000      6000 

	Job terminated of its own accord at 2021-07-21T23:44:56Z.
...
