000 (2521876.176.000) 07/19 08:46:26 Job submitted from host: <188.185.70.244:9618?addrs=188.185.70.244-9618+[2001-1458-d00-7--100-2ee]-9618&alias=bigbird10.cern.ch&noUDP&sock=schedd_2037_ca81>
...
040 (2521876.176.000) 07/19 10:39:49 Started transferring input files
	Transferring to host: <128.142.58.106:9618?addrs=128.142.58.106-9618+[2001-1458-301-16--100-69]-9618&alias=b7s03p0316.cern.ch&noUDP&sock=slot1_5_9646_3ac1_2167>
...
040 (2521876.176.000) 07/19 10:39:50 Finished transferring input files
...
001 (2521876.176.000) 07/19 10:39:50 Job executing on host: <128.142.58.106:9618?addrs=128.142.58.106-9618+[2001-1458-301-16--100-69]-9618&alias=b7s03p0316.cern.ch&noUDP&sock=startd_8129_6576>
...
006 (2521876.176.000) 07/19 10:39:59 Image size of job updated: 266240
	187  -  MemoryUsage of job (MB)
	191096  -  ResidentSetSize of job (KB)
...
006 (2521876.176.000) 07/19 10:45:00 Image size of job updated: 626816
	201  -  MemoryUsage of job (MB)
	205300  -  ResidentSetSize of job (KB)
...
006 (2521876.176.000) 07/19 10:55:01 Image size of job updated: 793296
	270  -  MemoryUsage of job (MB)
	275932  -  ResidentSetSize of job (KB)
...
006 (2521876.176.000) 07/19 11:05:03 Image size of job updated: 793784
	270  -  MemoryUsage of job (MB)
	276476  -  ResidentSetSize of job (KB)
...
040 (2521876.176.000) 07/19 11:08:02 Started transferring output files
...
040 (2521876.176.000) 07/19 11:08:02 Finished transferring output files
...
005 (2521876.176.000) 07/19 11:08:03 Job terminated.
	(1) Normal termination (return value 0)
		Usr 0 00:18:20, Sys 0 00:00:02  -  Run Remote Usage
		Usr 0 00:00:00, Sys 0 00:00:00  -  Run Local Usage
		Usr 0 00:18:20, Sys 0 00:00:02  -  Total Remote Usage
		Usr 0 00:00:00, Sys 0 00:00:00  -  Total Local Usage
	52338  -  Run Bytes Sent By Job
	55262812  -  Run Bytes Received By Job
	52338  -  Total Bytes Sent By Job
	55262812  -  Total Bytes Received By Job
	Partitionable Resources :     Usage  Request Allocated 
	   Cpus                 :      1.00        3         3 
	   Disk (KB)            : 179924       75000   1236068 
	   Memory (MB)          :    270        6000      6000 

	Job terminated of its own accord at 2021-07-19T09:08:02Z.
...
