000 (2556072.004.000) 07/27 10:22:33 Job submitted from host: <188.185.70.244:9618?addrs=188.185.70.244-9618+[2001-1458-d00-7--100-2ee]-9618&alias=bigbird10.cern.ch&noUDP&sock=schedd_2037_ca81>
...
040 (2556072.004.000) 07/27 10:25:25 Started transferring input files
	Transferring to host: <128.142.59.66:9618?addrs=128.142.59.66-9618+[2001-1458-301-21--100-41]-9618&alias=b7s04p7188.cern.ch&noUDP&sock=slot1_1_8409_a6af_15477>
...
001 (2556072.004.000) 07/27 10:25:28 Job executing on host: <128.142.59.66:9618?addrs=128.142.59.66-9618+[2001-1458-301-21--100-41]-9618&alias=b7s04p7188.cern.ch&noUDP&sock=startd_6890_8b9e>
...
040 (2556072.004.000) 07/27 10:25:28 Finished transferring input files
...
006 (2556072.004.000) 07/27 10:25:38 Image size of job updated: 1067548
	191  -  MemoryUsage of job (MB)
	194848  -  ResidentSetSize of job (KB)
...
006 (2556072.004.000) 07/27 10:30:39 Image size of job updated: 1067548
	273  -  MemoryUsage of job (MB)
	278812  -  ResidentSetSize of job (KB)
...
040 (2556072.004.000) 07/27 10:34:19 Started transferring output files
...
040 (2556072.004.000) 07/27 10:34:20 Finished transferring output files
...
005 (2556072.004.000) 07/27 10:34:20 Job terminated.
	(1) Normal termination (return value 0)
		Usr 0 00:07:35, Sys 0 00:00:02  -  Run Remote Usage
		Usr 0 00:00:00, Sys 0 00:00:00  -  Run Local Usage
		Usr 0 00:07:35, Sys 0 00:00:02  -  Total Remote Usage
		Usr 0 00:00:00, Sys 0 00:00:00  -  Total Local Usage
	49002  -  Run Bytes Sent By Job
	55262880  -  Run Bytes Received By Job
	49002  -  Total Bytes Sent By Job
	55262880  -  Total Bytes Received By Job
	Partitionable Resources :    Usage  Request Allocated 
	   Cpus                 :                 3         3 
	   Disk (KB)            :   183655    75000   1277406 
	   Memory (MB)          :      273     6000      6000 

	Job terminated of its own accord at 2021-07-27T08:34:19Z.
...
