000 (2557146.022.000) 07/28 14:20:13 Job submitted from host: <188.185.70.244:9618?addrs=188.185.70.244-9618+[2001-1458-d00-7--100-2ee]-9618&alias=bigbird10.cern.ch&noUDP&sock=schedd_2037_ca81>
...
040 (2557146.022.000) 07/28 15:52:04 Started transferring input files
	Transferring to host: <188.184.169.210:9618?addrs=188.184.169.210-9618+[2001-1458-301-c0--100-165]-9618&alias=b7g52n9896.cern.ch&noUDP&sock=slot1_2_27995_c28b_123443>
...
001 (2557146.022.000) 07/28 15:52:05 Job executing on host: <188.184.169.210:9618?addrs=188.184.169.210-9618+[2001-1458-301-c0--100-165]-9618&alias=b7g52n9896.cern.ch&noUDP&sock=startd_17810_c1d1>
...
040 (2557146.022.000) 07/28 15:52:05 Finished transferring input files
...
006 (2557146.022.000) 07/28 15:52:14 Image size of job updated: 463704
	117  -  MemoryUsage of job (MB)
	119668  -  ResidentSetSize of job (KB)
...
006 (2557146.022.000) 07/28 15:57:15 Image size of job updated: 795204
	272  -  MemoryUsage of job (MB)
	277588  -  ResidentSetSize of job (KB)
...
006 (2557146.022.000) 07/28 16:06:57 Image size of job updated: 796448
	272  -  MemoryUsage of job (MB)
	277588  -  ResidentSetSize of job (KB)
...
040 (2557146.022.000) 07/28 16:06:57 Started transferring output files
...
040 (2557146.022.000) 07/28 16:06:57 Finished transferring output files
...
005 (2557146.022.000) 07/28 16:06:58 Job terminated.
	(1) Normal termination (return value 0)
		Usr 0 00:14:38, Sys 0 00:00:03  -  Run Remote Usage
		Usr 0 00:00:00, Sys 0 00:00:00  -  Run Local Usage
		Usr 0 00:14:38, Sys 0 00:00:03  -  Total Remote Usage
		Usr 0 00:00:00, Sys 0 00:00:00  -  Total Local Usage
	45135  -  Run Bytes Sent By Job
	55262880  -  Run Bytes Received By Job
	45135  -  Total Bytes Sent By Job
	55262880  -  Total Bytes Received By Job
	Partitionable Resources :     Usage  Request Allocated 
	   Cpus                 :      1.00        4         4 
	   Disk (KB)            : 183459       75000    276985 
	   Memory (MB)          :    272        8000      8000 

	Job terminated of its own accord at 2021-07-28T14:06:57Z.
...
