000 (2524871.169.000) 07/20 04:35:08 Job submitted from host: <188.185.70.244:9618?addrs=188.185.70.244-9618+[2001-1458-d00-7--100-2ee]-9618&alias=bigbird10.cern.ch&noUDP&sock=schedd_2037_ca81>
...
040 (2524871.169.000) 07/20 05:25:48 Started transferring input files
	Transferring to host: <188.184.213.91:9618?addrs=188.184.213.91-9618&alias=b7g24n0584.cern.ch&noUDP&sock=slot1_1_2590_a3a2_21893>
...
040 (2524871.169.000) 07/20 05:25:49 Finished transferring input files
...
001 (2524871.169.000) 07/20 05:25:49 Job executing on host: <188.184.213.91:9618?addrs=188.184.213.91-9618&alias=b7g24n0584.cern.ch&noUDP&sock=startd_1995_fb87>
...
006 (2524871.169.000) 07/20 05:25:58 Image size of job updated: 87736
	41  -  MemoryUsage of job (MB)
	41828  -  ResidentSetSize of job (KB)
...
006 (2524871.169.000) 07/20 05:30:58 Image size of job updated: 631948
	205  -  MemoryUsage of job (MB)
	209680  -  ResidentSetSize of job (KB)
...
006 (2524871.169.000) 07/20 05:35:58 Image size of job updated: 806992
	287  -  MemoryUsage of job (MB)
	293176  -  ResidentSetSize of job (KB)
...
006 (2524871.169.000) 07/20 05:45:59 Image size of job updated: 806992
	287  -  MemoryUsage of job (MB)
	293760  -  ResidentSetSize of job (KB)
...
006 (2524871.169.000) 07/20 05:50:59 Image size of job updated: 807472
	287  -  MemoryUsage of job (MB)
	293760  -  ResidentSetSize of job (KB)
...
040 (2524871.169.000) 07/20 05:52:49 Started transferring output files
...
040 (2524871.169.000) 07/20 05:52:49 Finished transferring output files
...
005 (2524871.169.000) 07/20 05:52:50 Job terminated.
	(1) Normal termination (return value 0)
		Usr 0 00:20:12, Sys 0 00:00:03  -  Run Remote Usage
		Usr 0 00:00:00, Sys 0 00:00:00  -  Run Local Usage
		Usr 0 00:20:12, Sys 0 00:00:03  -  Total Remote Usage
		Usr 0 00:00:00, Sys 0 00:00:00  -  Total Local Usage
	53008  -  Run Bytes Sent By Job
	55262812  -  Run Bytes Received By Job
	53008  -  Total Bytes Sent By Job
	55262812  -  Total Bytes Received By Job
	Partitionable Resources :     Usage  Request Allocated 
	   Cpus                 :      1.00        3         3 
	   Disk (KB)            : 182239       75000    289744 
	   Memory (MB)          :    287        6000      6000 

	Job terminated of its own accord at 2021-07-20T03:52:49Z.
...
