000 (2524617.165.000) 07/20 01:52:27 Job submitted from host: <188.185.70.244:9618?addrs=188.185.70.244-9618+[2001-1458-d00-7--100-2ee]-9618&alias=bigbird10.cern.ch&noUDP&sock=schedd_2037_ca81>
...
040 (2524617.165.000) 07/20 02:01:08 Started transferring input files
	Transferring to host: <188.184.213.46:9618?addrs=188.184.213.46-9618+[2001-1458-301-10c--100-111]-9618&alias=b7g24n0529.cern.ch&noUDP&sock=slot1_1_3825_cef5_24886>
...
040 (2524617.165.000) 07/20 02:01:09 Finished transferring input files
...
001 (2524617.165.000) 07/20 02:01:09 Job executing on host: <188.184.213.46:9618?addrs=188.184.213.46-9618+[2001-1458-301-10c--100-111]-9618&alias=b7g24n0529.cern.ch&noUDP&sock=startd_3251_7e7b>
...
006 (2524617.165.000) 07/20 02:01:18 Image size of job updated: 288736
	32  -  MemoryUsage of job (MB)
	32152  -  ResidentSetSize of job (KB)
...
006 (2524617.165.000) 07/20 02:06:19 Image size of job updated: 631944
	205  -  MemoryUsage of job (MB)
	209596  -  ResidentSetSize of job (KB)
...
006 (2524617.165.000) 07/20 02:11:19 Image size of job updated: 631944
	205  -  MemoryUsage of job (MB)
	209600  -  ResidentSetSize of job (KB)
...
006 (2524617.165.000) 07/20 02:21:20 Image size of job updated: 809520
	289  -  MemoryUsage of job (MB)
	295648  -  ResidentSetSize of job (KB)
...
006 (2524617.165.000) 07/20 02:46:23 Image size of job updated: 810040
	290  -  MemoryUsage of job (MB)
	296276  -  ResidentSetSize of job (KB)
...
040 (2524617.165.000) 07/20 02:51:36 Started transferring output files
...
040 (2524617.165.000) 07/20 02:51:36 Finished transferring output files
...
005 (2524617.165.000) 07/20 02:51:36 Job terminated.
	(1) Normal termination (return value 0)
		Usr 0 00:33:17, Sys 0 00:00:04  -  Run Remote Usage
		Usr 0 00:00:00, Sys 0 00:00:00  -  Run Local Usage
		Usr 0 00:33:17, Sys 0 00:00:04  -  Total Remote Usage
		Usr 0 00:00:00, Sys 0 00:00:00  -  Total Local Usage
	53800  -  Run Bytes Sent By Job
	55262812  -  Run Bytes Received By Job
	53800  -  Total Bytes Sent By Job
	55262812  -  Total Bytes Received By Job
	Partitionable Resources :     Usage  Request Allocated 
	   Cpus                 :      1.00        3         3 
	   Disk (KB)            : 182693       75000    337761 
	   Memory (MB)          :    290        6000      6000 

	Job terminated of its own accord at 2021-07-20T00:51:36Z.
...
