000 (2521668.182.000) 07/19 01:56:57 Job submitted from host: <188.185.70.244:9618?addrs=188.185.70.244-9618+[2001-1458-d00-7--100-2ee]-9618&alias=bigbird10.cern.ch&noUDP&sock=schedd_2037_ca81>
...
040 (2521668.182.000) 07/19 02:17:36 Started transferring input files
	Transferring to host: <128.142.57.119:9618?addrs=128.142.57.119-9618+[2001-1458-301-7--100-76]-9618&alias=b7s02p0906.cern.ch&noUDP&sock=slot1_4_6585_7a65_12887>
...
040 (2521668.182.000) 07/19 02:17:37 Finished transferring input files
...
001 (2521668.182.000) 07/19 02:17:37 Job executing on host: <128.142.57.119:9618?addrs=128.142.57.119-9618+[2001-1458-301-7--100-76]-9618&alias=b7s02p0906.cern.ch&noUDP&sock=startd_6104_6a2e>
...
006 (2521668.182.000) 07/19 02:17:46 Image size of job updated: 559444
	164  -  MemoryUsage of job (MB)
	167648  -  ResidentSetSize of job (KB)
...
006 (2521668.182.000) 07/19 02:22:47 Image size of job updated: 626836
	201  -  MemoryUsage of job (MB)
	205308  -  ResidentSetSize of job (KB)
...
006 (2521668.182.000) 07/19 02:48:50 Image size of job updated: 759860
	201  -  MemoryUsage of job (MB)
	205308  -  ResidentSetSize of job (KB)
...
040 (2521668.182.000) 07/19 02:48:50 Started transferring output files
...
040 (2521668.182.000) 07/19 02:48:50 Finished transferring output files
...
005 (2521668.182.000) 07/19 02:48:51 Job terminated.
	(1) Normal termination (return value 0)
		Usr 0 00:00:45, Sys 0 00:00:02  -  Run Remote Usage
		Usr 0 00:00:00, Sys 0 00:00:00  -  Run Local Usage
		Usr 0 00:00:45, Sys 0 00:00:02  -  Total Remote Usage
		Usr 0 00:00:00, Sys 0 00:00:00  -  Total Local Usage
	51165  -  Run Bytes Sent By Job
	55262812  -  Run Bytes Received By Job
	51165  -  Total Bytes Sent By Job
	55262812  -  Total Bytes Received By Job
	Partitionable Resources :     Usage  Request Allocated 
	   Cpus                 :      0.00        3         3 
	   Disk (KB)            : 181903       75000   1304738 
	   Memory (MB)          :    201        6000      6000 

	Job terminated of its own accord at 2021-07-19T00:48:50Z.
...
