000 (2536881.046.000) 07/22 03:18:13 Job submitted from host: <188.185.70.244:9618?addrs=188.185.70.244-9618+[2001-1458-d00-7--100-2ee]-9618&alias=bigbird10.cern.ch&noUDP&sock=schedd_2037_ca81>
...
040 (2536881.046.000) 07/22 03:25:00 Started transferring input files
	Transferring to host: <188.184.139.139:9618?addrs=188.184.139.139-9618+[2001-1458-301-45--100-182]-9618&alias=b7g42n0658.cern.ch&noUDP&sock=slot1_3_4950_7902_71614>
...
040 (2536881.046.000) 07/22 03:25:01 Finished transferring input files
...
001 (2536881.046.000) 07/22 03:25:01 Job executing on host: <188.184.139.139:9618?addrs=188.184.139.139-9618+[2001-1458-301-45--100-182]-9618&alias=b7g42n0658.cern.ch&noUDP&sock=startd_3747_b574>
...
006 (2536881.046.000) 07/22 03:25:10 Image size of job updated: 13592
	4  -  MemoryUsage of job (MB)
	3696  -  ResidentSetSize of job (KB)
...
006 (2536881.046.000) 07/22 03:30:10 Image size of job updated: 636276
	209  -  MemoryUsage of job (MB)
	213784  -  ResidentSetSize of job (KB)
...
006 (2536881.046.000) 07/22 03:40:11 Image size of job updated: 636276
	209  -  MemoryUsage of job (MB)
	213788  -  ResidentSetSize of job (KB)
...
006 (2536881.046.000) 07/22 05:25:23 Image size of job updated: 916812
	394  -  MemoryUsage of job (MB)
	403192  -  ResidentSetSize of job (KB)
...
040 (2536881.046.000) 07/22 06:28:11 Started transferring output files
...
040 (2536881.046.000) 07/22 06:28:11 Finished transferring output files
...
005 (2536881.046.000) 07/22 06:28:11 Job terminated.
	(1) Normal termination (return value 0)
		Usr 0 01:04:48, Sys 0 00:00:07  -  Run Remote Usage
		Usr 0 00:00:00, Sys 0 00:00:00  -  Run Local Usage
		Usr 0 01:04:48, Sys 0 00:00:07  -  Total Remote Usage
		Usr 0 00:00:00, Sys 0 00:00:00  -  Total Local Usage
	44535  -  Run Bytes Sent By Job
	55262812  -  Run Bytes Received By Job
	44535  -  Total Bytes Sent By Job
	55262812  -  Total Bytes Received By Job
	Partitionable Resources :     Usage  Request Allocated 
	   Cpus                 :      0.99        3         3 
	   Disk (KB)            : 199325       75000    284363 
	   Memory (MB)          :    394        6000      6000 

	Job terminated of its own accord at 2021-07-22T04:28:11Z.
...
