000 (2523366.125.000) 07/19 23:50:31 Job submitted from host: <188.185.70.244:9618?addrs=188.185.70.244-9618+[2001-1458-d00-7--100-2ee]-9618&alias=bigbird10.cern.ch&noUDP&sock=schedd_2037_ca81>
...
040 (2523366.125.000) 07/20 00:25:22 Started transferring input files
	Transferring to host: <128.142.56.23:9618?addrs=128.142.56.23-9618+[2001-1458-301-6--100-16]-9618&alias=b7s01p7843.cern.ch&noUDP&sock=slot1_21_51785_f793_13230>
...
040 (2523366.125.000) 07/20 00:25:23 Finished transferring input files
...
001 (2523366.125.000) 07/20 00:25:23 Job executing on host: <128.142.56.23:9618?addrs=128.142.56.23-9618+[2001-1458-301-6--100-16]-9618&alias=b7s01p7843.cern.ch&noUDP&sock=startd_51741_99d0>
...
006 (2523366.125.000) 07/20 00:25:32 Image size of job updated: 249368
	171  -  MemoryUsage of job (MB)
	174536  -  ResidentSetSize of job (KB)
...
006 (2523366.125.000) 07/20 00:30:33 Image size of job updated: 822328
	298  -  MemoryUsage of job (MB)
	304172  -  ResidentSetSize of job (KB)
...
006 (2523366.125.000) 07/20 00:40:34 Image size of job updated: 822840
	298  -  MemoryUsage of job (MB)
	304828  -  ResidentSetSize of job (KB)
...
040 (2523366.125.000) 07/20 00:43:12 Started transferring output files
...
040 (2523366.125.000) 07/20 00:43:12 Finished transferring output files
...
005 (2523366.125.000) 07/20 00:43:12 Job terminated.
	(1) Normal termination (return value 0)
		Usr 0 00:16:30, Sys 0 00:00:02  -  Run Remote Usage
		Usr 0 00:00:00, Sys 0 00:00:00  -  Run Local Usage
		Usr 0 00:16:30, Sys 0 00:00:02  -  Total Remote Usage
		Usr 0 00:00:00, Sys 0 00:00:00  -  Total Local Usage
	49591  -  Run Bytes Sent By Job
	55262812  -  Run Bytes Received By Job
	49591  -  Total Bytes Sent By Job
	55262812  -  Total Bytes Received By Job
	Partitionable Resources :     Usage  Request Allocated 
	   Cpus                 :      1.00        3         3 
	   Disk (KB)            : 184355       75000   1263792 
	   Memory (MB)          :    298        6000      6000 

	Job terminated of its own accord at 2021-07-19T22:43:12Z.
...
