000 (2526743.108.000) 07/20 13:19:14 Job submitted from host: <188.185.70.244:9618?addrs=188.185.70.244-9618+[2001-1458-d00-7--100-2ee]-9618&alias=bigbird10.cern.ch&noUDP&sock=schedd_2037_ca81>
...
040 (2526743.108.000) 07/20 13:21:39 Started transferring input files
	Transferring to host: <128.142.56.121:9618?addrs=128.142.56.121-9618+[2001-1458-301-6--100-78]-9618&alias=b7s01p1273.cern.ch&noUDP&sock=slot1_23_18636_7f6f_16809>
...
040 (2526743.108.000) 07/20 13:21:40 Finished transferring input files
...
001 (2526743.108.000) 07/20 13:21:40 Job executing on host: <128.142.56.121:9618?addrs=128.142.56.121-9618+[2001-1458-301-6--100-78]-9618&alias=b7s01p1273.cern.ch&noUDP&sock=startd_15535_4bdc>
...
006 (2526743.108.000) 07/20 13:21:49 Image size of job updated: 636660
	192  -  MemoryUsage of job (MB)
	196500  -  ResidentSetSize of job (KB)
...
006 (2526743.108.000) 07/20 13:26:50 Image size of job updated: 636660
	210  -  MemoryUsage of job (MB)
	214092  -  ResidentSetSize of job (KB)
...
006 (2526743.108.000) 07/20 14:06:53 Image size of job updated: 939448
	414  -  MemoryUsage of job (MB)
	423880  -  ResidentSetSize of job (KB)
...
006 (2526743.108.000) 07/20 14:51:59 Image size of job updated: 939940
	415  -  MemoryUsage of job (MB)
	424568  -  ResidentSetSize of job (KB)
...
040 (2526743.108.000) 07/20 14:59:01 Started transferring output files
...
040 (2526743.108.000) 07/20 14:59:02 Finished transferring output files
...
005 (2526743.108.000) 07/20 14:59:02 Job terminated.
	(1) Normal termination (return value 0)
		Usr 0 00:56:37, Sys 0 00:00:07  -  Run Remote Usage
		Usr 0 00:00:00, Sys 0 00:00:00  -  Run Local Usage
		Usr 0 00:56:37, Sys 0 00:00:07  -  Total Remote Usage
		Usr 0 00:00:00, Sys 0 00:00:00  -  Total Local Usage
	49966  -  Run Bytes Sent By Job
	55262812  -  Run Bytes Received By Job
	49966  -  Total Bytes Sent By Job
	55262812  -  Total Bytes Received By Job
	Partitionable Resources :     Usage  Request Allocated 
	   Cpus                 :      1.00        3         3 
	   Disk (KB)            : 204349       75000   1326834 
	   Memory (MB)          :    415        6000      6000 

	Job terminated of its own accord at 2021-07-20T12:59:01Z.
...
