000 (2534572.159.000) 07/21 23:44:26 Job submitted from host: <188.185.70.244:9618?addrs=188.185.70.244-9618+[2001-1458-d00-7--100-2ee]-9618&alias=bigbird10.cern.ch&noUDP&sock=schedd_2037_ca81>
...
040 (2534572.159.000) 07/21 23:50:45 Started transferring input files
	Transferring to host: <128.142.70.13:9618?addrs=128.142.70.13-9618+[2001-1458-301-52--100-510]-9618&alias=b7s10n1425.cern.ch&noUDP&sock=slot1_1_5752_8de3_26267>
...
040 (2534572.159.000) 07/21 23:50:46 Finished transferring input files
...
001 (2534572.159.000) 07/21 23:50:46 Job executing on host: <128.142.70.13:9618?addrs=128.142.70.13-9618+[2001-1458-301-52--100-510]-9618&alias=b7s10n1425.cern.ch&noUDP&sock=startd_4581_c371>
...
006 (2534572.159.000) 07/21 23:50:54 Image size of job updated: 27400
	10  -  MemoryUsage of job (MB)
	9524  -  ResidentSetSize of job (KB)
...
006 (2534572.159.000) 07/21 23:55:54 Image size of job updated: 626832
	201  -  MemoryUsage of job (MB)
	205304  -  ResidentSetSize of job (KB)
...
006 (2534572.159.000) 07/22 00:36:00 Image size of job updated: 799252
	276  -  MemoryUsage of job (MB)
	281860  -  ResidentSetSize of job (KB)
...
006 (2534572.159.000) 07/22 00:41:00 Image size of job updated: 799752
	276  -  MemoryUsage of job (MB)
	282456  -  ResidentSetSize of job (KB)
...
040 (2534572.159.000) 07/22 00:42:44 Started transferring output files
...
040 (2534572.159.000) 07/22 00:42:44 Finished transferring output files
...
005 (2534572.159.000) 07/22 00:42:44 Job terminated.
	(1) Normal termination (return value 0)
		Usr 0 00:10:19, Sys 0 00:00:03  -  Run Remote Usage
		Usr 0 00:00:00, Sys 0 00:00:00  -  Run Local Usage
		Usr 0 00:10:19, Sys 0 00:00:03  -  Total Remote Usage
		Usr 0 00:00:00, Sys 0 00:00:00  -  Total Local Usage
	44435  -  Run Bytes Sent By Job
	55262812  -  Run Bytes Received By Job
	44435  -  Total Bytes Sent By Job
	55262812  -  Total Bytes Received By Job
	Partitionable Resources :     Usage  Request Allocated 
	   Cpus                 :      1.00        3         3 
	   Disk (KB)            : 181022       75000    283327 
	   Memory (MB)          :    276        6000      6000 

	Job terminated of its own accord at 2021-07-21T22:42:44Z.
...
