000 (2524871.197.000) 07/20 04:35:08 Job submitted from host: <188.185.70.244:9618?addrs=188.185.70.244-9618+[2001-1458-d00-7--100-2ee]-9618&alias=bigbird10.cern.ch&noUDP&sock=schedd_2037_ca81>
...
040 (2524871.197.000) 07/20 05:25:58 Started transferring input files
	Transferring to host: <128.142.57.39:9618?addrs=128.142.57.39-9618+[2001-1458-301-7--100-26]-9618&alias=b7s02p5145.cern.ch&noUDP&sock=slot1_10_6631_e3a7_14417>
...
040 (2524871.197.000) 07/20 05:25:59 Finished transferring input files
...
001 (2524871.197.000) 07/20 05:25:59 Job executing on host: <128.142.57.39:9618?addrs=128.142.57.39-9618+[2001-1458-301-7--100-26]-9618&alias=b7s02p5145.cern.ch&noUDP&sock=startd_6171_5f06>
...
006 (2524871.197.000) 07/20 05:26:08 Image size of job updated: 284988
	205  -  MemoryUsage of job (MB)
	209644  -  ResidentSetSize of job (KB)
...
006 (2524871.197.000) 07/20 05:31:09 Image size of job updated: 806940
	287  -  MemoryUsage of job (MB)
	293184  -  ResidentSetSize of job (KB)
...
006 (2524871.197.000) 07/20 05:36:09 Image size of job updated: 807488
	287  -  MemoryUsage of job (MB)
	293856  -  ResidentSetSize of job (KB)
...
040 (2524871.197.000) 07/20 05:36:18 Started transferring output files
...
040 (2524871.197.000) 07/20 05:36:18 Finished transferring output files
...
005 (2524871.197.000) 07/20 05:36:18 Job terminated.
	(1) Normal termination (return value 0)
		Usr 0 00:10:14, Sys 0 00:00:01  -  Run Remote Usage
		Usr 0 00:00:00, Sys 0 00:00:00  -  Run Local Usage
		Usr 0 00:10:14, Sys 0 00:00:01  -  Total Remote Usage
		Usr 0 00:00:00, Sys 0 00:00:00  -  Total Local Usage
	51964  -  Run Bytes Sent By Job
	55262812  -  Run Bytes Received By Job
	51964  -  Total Bytes Sent By Job
	55262812  -  Total Bytes Received By Job
	Partitionable Resources :     Usage  Request Allocated 
	   Cpus                 :      1.00        3         3 
	   Disk (KB)            : 182238       75000   1241612 
	   Memory (MB)          :    287        6000      6000 

	Job terminated of its own accord at 2021-07-20T03:36:17Z.
...
