000 (2521842.043.000) 07/19 05:55:55 Job submitted from host: <188.185.70.244:9618?addrs=188.185.70.244-9618+[2001-1458-d00-7--100-2ee]-9618&alias=bigbird10.cern.ch&noUDP&sock=schedd_2037_ca81>
...
040 (2521842.043.000) 07/19 05:58:48 Started transferring input files
	Transferring to host: <128.142.59.17:9618?addrs=128.142.59.17-9618+[2001-1458-301-21--100-10]-9618&alias=b7s04p7897.cern.ch&noUDP&sock=slot1_8_6479_caa1_11866>
...
040 (2521842.043.000) 07/19 05:58:49 Finished transferring input files
...
001 (2521842.043.000) 07/19 05:58:49 Job executing on host: <128.142.59.17:9618?addrs=128.142.59.17-9618+[2001-1458-301-21--100-10]-9618&alias=b7s04p7897.cern.ch&noUDP&sock=startd_6237_a446>
...
006 (2521842.043.000) 07/19 05:58:58 Image size of job updated: 288712
	209  -  MemoryUsage of job (MB)
	213568  -  ResidentSetSize of job (KB)
...
006 (2521842.043.000) 07/19 06:03:59 Image size of job updated: 822984
	302  -  MemoryUsage of job (MB)
	308460  -  ResidentSetSize of job (KB)
...
006 (2521842.043.000) 07/19 06:08:59 Image size of job updated: 823560
	302  -  MemoryUsage of job (MB)
	309116  -  ResidentSetSize of job (KB)
...
040 (2521842.043.000) 07/19 06:19:28 Started transferring output files
...
040 (2521842.043.000) 07/19 06:19:28 Finished transferring output files
...
005 (2521842.043.000) 07/19 06:19:28 Job terminated.
	(1) Normal termination (return value 0)
		Usr 0 00:20:30, Sys 0 00:00:02  -  Run Remote Usage
		Usr 0 00:00:00, Sys 0 00:00:00  -  Run Local Usage
		Usr 0 00:20:30, Sys 0 00:00:02  -  Total Remote Usage
		Usr 0 00:00:00, Sys 0 00:00:00  -  Total Local Usage
	49034  -  Run Bytes Sent By Job
	55262812  -  Run Bytes Received By Job
	49034  -  Total Bytes Sent By Job
	55262812  -  Total Bytes Received By Job
	Partitionable Resources :     Usage  Request Allocated 
	   Cpus                 :      1.00        3         3 
	   Disk (KB)            : 184446       75000   1253558 
	   Memory (MB)          :    302        6000      6000 

	Job terminated of its own accord at 2021-07-19T04:19:27Z.
...
