000 (2552363.014.000) 07/26 17:25:58 Job submitted from host: <188.185.70.244:9618?addrs=188.185.70.244-9618+[2001-1458-d00-7--100-2ee]-9618&alias=bigbird10.cern.ch&noUDP&sock=schedd_2037_ca81>
...
040 (2552363.014.000) 07/26 17:30:25 Entered queue to transfer input files
	Transferring to host: <188.184.139.117:9618?addrs=188.184.139.117-9618+[2001-1458-301-45--100-184]-9618&alias=b7g42n0657.cern.ch&noUDP&sock=slot1_3_31393_f556_123367>
...
040 (2552363.014.000) 07/26 17:31:09 Started transferring input files
	Seconds spent in queue: 44
...
001 (2552363.014.000) 07/26 17:31:18 Job executing on host: <188.184.139.117:9618?addrs=188.184.139.117-9618+[2001-1458-301-45--100-184]-9618&alias=b7g42n0657.cern.ch&noUDP&sock=startd_5697_3f22>
...
040 (2552363.014.000) 07/26 17:31:18 Finished transferring input files
...
006 (2552363.014.000) 07/26 17:31:36 Image size of job updated: 174520
	11  -  MemoryUsage of job (MB)
	10768  -  ResidentSetSize of job (KB)
...
006 (2552363.014.000) 07/26 17:36:26 Image size of job updated: 631964
	205  -  MemoryUsage of job (MB)
	209668  -  ResidentSetSize of job (KB)
...
006 (2552363.014.000) 07/26 17:46:27 Image size of job updated: 807052
	287  -  MemoryUsage of job (MB)
	293172  -  ResidentSetSize of job (KB)
...
006 (2552363.014.000) 07/26 17:56:28 Image size of job updated: 807516
	287  -  MemoryUsage of job (MB)
	293788  -  ResidentSetSize of job (KB)
...
040 (2552363.014.000) 07/26 17:59:13 Started transferring output files
	Seconds spent in queue: 1728
...
040 (2552363.014.000) 07/26 17:59:13 Finished transferring output files
...
005 (2552363.014.000) 07/26 17:59:14 Job terminated.
	(1) Normal termination (return value 0)
		Usr 0 00:16:06, Sys 0 00:00:03  -  Run Remote Usage
		Usr 0 00:00:00, Sys 0 00:00:00  -  Run Local Usage
		Usr 0 00:16:06, Sys 0 00:00:03  -  Total Remote Usage
		Usr 0 00:00:00, Sys 0 00:00:00  -  Total Local Usage
	52698  -  Run Bytes Sent By Job
	55262876  -  Run Bytes Received By Job
	52698  -  Total Bytes Sent By Job
	55262876  -  Total Bytes Received By Job
	Partitionable Resources :     Usage  Request Allocated 
	   Cpus                 :      1.00        3         3 
	   Disk (KB)            : 182245       75000    289224 
	   Memory (MB)          :    287        6000      6000 

	Job terminated of its own accord at 2021-07-26T15:59:13Z.
...
