000 (2524871.104.000) 07/20 04:35:08 Job submitted from host: <188.185.70.244:9618?addrs=188.185.70.244-9618+[2001-1458-d00-7--100-2ee]-9618&alias=bigbird10.cern.ch&noUDP&sock=schedd_2037_ca81>
...
040 (2524871.104.000) 07/20 05:09:46 Started transferring input files
	Transferring to host: <128.142.56.46:9618?addrs=128.142.56.46-9618+[2001-1458-301-6--100-2d]-9618&alias=b7s01p6409.cern.ch&noUDP&sock=slot1_52_44121_fc5b_13326>
...
040 (2524871.104.000) 07/20 05:09:47 Finished transferring input files
...
001 (2524871.104.000) 07/20 05:09:47 Job executing on host: <128.142.56.46:9618?addrs=128.142.56.46-9618+[2001-1458-301-6--100-2d]-9618&alias=b7s01p6409.cern.ch&noUDP&sock=startd_44076_0c63>
...
006 (2524871.104.000) 07/20 05:09:55 Image size of job updated: 447176
	187  -  MemoryUsage of job (MB)
	190476  -  ResidentSetSize of job (KB)
...
006 (2524871.104.000) 07/20 05:14:55 Image size of job updated: 636268
	209  -  MemoryUsage of job (MB)
	213772  -  ResidentSetSize of job (KB)
...
006 (2524871.104.000) 07/20 05:24:57 Image size of job updated: 636268
	209  -  MemoryUsage of job (MB)
	213776  -  ResidentSetSize of job (KB)
...
006 (2524871.104.000) 07/20 07:10:11 Image size of job updated: 892292
	370  -  MemoryUsage of job (MB)
	378524  -  ResidentSetSize of job (KB)
...
040 (2524871.104.000) 07/20 07:28:21 Started transferring output files
...
040 (2524871.104.000) 07/20 07:28:21 Finished transferring output files
...
005 (2524871.104.000) 07/20 07:28:21 Job terminated.
	(1) Normal termination (return value 0)
		Usr 0 00:20:59, Sys 0 00:00:03  -  Run Remote Usage
		Usr 0 00:00:00, Sys 0 00:00:00  -  Run Local Usage
		Usr 0 00:20:59, Sys 0 00:00:03  -  Total Remote Usage
		Usr 0 00:00:00, Sys 0 00:00:00  -  Total Local Usage
	51355  -  Run Bytes Sent By Job
	55262812  -  Run Bytes Received By Job
	51355  -  Total Bytes Sent By Job
	55262812  -  Total Bytes Received By Job
	Partitionable Resources :     Usage  Request Allocated 
	   Cpus                 :      1.00        3         3 
	   Disk (KB)            : 194665       75000   1337160 
	   Memory (MB)          :    370        6000      6000 

	Job terminated of its own accord at 2021-07-20T05:28:21Z.
...
