000 (2523366.116.000) 07/19 23:50:31 Job submitted from host: <188.185.70.244:9618?addrs=188.185.70.244-9618+[2001-1458-d00-7--100-2ee]-9618&alias=bigbird10.cern.ch&noUDP&sock=schedd_2037_ca81>
...
040 (2523366.116.000) 07/20 00:22:49 Started transferring input files
	Transferring to host: <188.184.139.152:9618?addrs=188.184.139.152-9618+[2001-1458-301-45--100-193]-9618&alias=b7g42n0675.cern.ch&noUDP&sock=slot1_8_5441_6d36_69550>
...
040 (2523366.116.000) 07/20 00:22:50 Finished transferring input files
...
001 (2523366.116.000) 07/20 00:22:50 Job executing on host: <188.184.139.152:9618?addrs=188.184.139.152-9618+[2001-1458-301-45--100-193]-9618&alias=b7g42n0675.cern.ch&noUDP&sock=startd_4148_c2ef>
...
006 (2523366.116.000) 07/20 00:22:59 Image size of job updated: 143436
	87  -  MemoryUsage of job (MB)
	88120  -  ResidentSetSize of job (KB)
...
006 (2523366.116.000) 07/20 00:28:00 Image size of job updated: 630952
	205  -  MemoryUsage of job (MB)
	209284  -  ResidentSetSize of job (KB)
...
006 (2523366.116.000) 07/20 00:33:00 Image size of job updated: 829572
	305  -  MemoryUsage of job (MB)
	311856  -  ResidentSetSize of job (KB)
...
006 (2523366.116.000) 07/20 00:58:02 Image size of job updated: 830096
	306  -  MemoryUsage of job (MB)
	312468  -  ResidentSetSize of job (KB)
...
040 (2523366.116.000) 07/20 01:01:10 Started transferring output files
...
040 (2523366.116.000) 07/20 01:01:10 Finished transferring output files
...
005 (2523366.116.000) 07/20 01:01:10 Job terminated.
	(1) Normal termination (return value 0)
		Usr 0 00:32:37, Sys 0 00:00:05  -  Run Remote Usage
		Usr 0 00:00:00, Sys 0 00:00:00  -  Run Local Usage
		Usr 0 00:32:37, Sys 0 00:00:05  -  Total Remote Usage
		Usr 0 00:00:00, Sys 0 00:00:00  -  Total Local Usage
	48988  -  Run Bytes Sent By Job
	55262812  -  Run Bytes Received By Job
	48988  -  Total Bytes Sent By Job
	55262812  -  Total Bytes Received By Job
	Partitionable Resources :     Usage  Request Allocated 
	   Cpus                 :      0.99        3         3 
	   Disk (KB)            : 185681       75000    288323 
	   Memory (MB)          :    306        6000      6000 

	Job terminated of its own accord at 2021-07-19T23:01:10Z.
...
