000 (2521668.036.000) 07/19 01:56:56 Job submitted from host: <188.185.70.244:9618?addrs=188.185.70.244-9618+[2001-1458-d00-7--100-2ee]-9618&alias=bigbird10.cern.ch&noUDP&sock=schedd_2037_ca81>
...
040 (2521668.036.000) 07/19 01:58:32 Started transferring input files
	Transferring to host: <128.142.58.161:9618?addrs=128.142.58.161-9618+[2001-1458-301-16--100-a0]-9618&alias=b7s03p5281.cern.ch&noUDP&sock=slot1_34_6905_f272_11427>
...
040 (2521668.036.000) 07/19 01:58:33 Finished transferring input files
...
001 (2521668.036.000) 07/19 01:58:33 Job executing on host: <128.142.58.161:9618?addrs=128.142.58.161-9618+[2001-1458-301-16--100-a0]-9618&alias=b7s03p5281.cern.ch&noUDP&sock=startd_6449_0e5a>
...
006 (2521668.036.000) 07/19 01:58:41 Image size of job updated: 531088
	181  -  MemoryUsage of job (MB)
	184864  -  ResidentSetSize of job (KB)
...
006 (2521668.036.000) 07/19 02:02:49 Image size of job updated: 738960
	181  -  MemoryUsage of job (MB)
	185108  -  ResidentSetSize of job (KB)
...
040 (2521668.036.000) 07/19 02:02:49 Started transferring output files
...
040 (2521668.036.000) 07/19 02:02:50 Finished transferring output files
...
005 (2521668.036.000) 07/19 02:02:50 Job terminated.
	(1) Normal termination (return value 0)
		Usr 0 00:02:23, Sys 0 00:00:03  -  Run Remote Usage
		Usr 0 00:00:00, Sys 0 00:00:00  -  Run Local Usage
		Usr 0 00:02:23, Sys 0 00:00:03  -  Total Remote Usage
		Usr 0 00:00:00, Sys 0 00:00:00  -  Total Local Usage
	49914  -  Run Bytes Sent By Job
	55262812  -  Run Bytes Received By Job
	49914  -  Total Bytes Sent By Job
	55262812  -  Total Bytes Received By Job
	Partitionable Resources :    Usage  Request Allocated 
	   Cpus                 :                 3         3 
	   Disk (KB)            :   204413    75000   1338498 
	   Memory (MB)          :      181     6000      6000 

	Job terminated of its own accord at 2021-07-19T00:02:49Z.
...
