000 (2526743.059.000) 07/20 13:19:14 Job submitted from host: <188.185.70.244:9618?addrs=188.185.70.244-9618+[2001-1458-d00-7--100-2ee]-9618&alias=bigbird10.cern.ch&noUDP&sock=schedd_2037_ca81>
...
040 (2526743.059.000) 07/20 13:21:41 Started transferring input files
	Transferring to host: <188.184.196.23:9618?addrs=188.184.196.23-9618+[2001-1458-301-102--100-e]-9618&alias=b7g24n0032.cern.ch&noUDP&sock=slot1_8_352_c407_140142>
...
040 (2526743.059.000) 07/20 13:21:42 Finished transferring input files
...
001 (2526743.059.000) 07/20 13:21:42 Job executing on host: <188.184.196.23:9618?addrs=188.184.196.23-9618+[2001-1458-301-102--100-e]-9618&alias=b7g24n0032.cern.ch&noUDP&sock=startd_20298_5172>
...
006 (2526743.059.000) 07/20 13:21:51 Image size of job updated: 49348
	28  -  MemoryUsage of job (MB)
	28100  -  ResidentSetSize of job (KB)
...
006 (2526743.059.000) 07/20 13:26:52 Image size of job updated: 630940
	205  -  MemoryUsage of job (MB)
	209224  -  ResidentSetSize of job (KB)
...
006 (2526743.059.000) 07/20 14:21:58 Image size of job updated: 846476
	458  -  MemoryUsage of job (MB)
	468616  -  ResidentSetSize of job (KB)
...
006 (2526743.059.000) 07/20 14:26:58 Image size of job updated: 987072
	458  -  MemoryUsage of job (MB)
	468660  -  ResidentSetSize of job (KB)
...
006 (2526743.059.000) 07/20 15:42:08 Image size of job updated: 987576
	459  -  MemoryUsage of job (MB)
	469316  -  ResidentSetSize of job (KB)
...
040 (2526743.059.000) 07/20 15:54:23 Started transferring output files
...
040 (2526743.059.000) 07/20 15:54:23 Finished transferring output files
...
005 (2526743.059.000) 07/20 15:54:23 Job terminated.
	(1) Normal termination (return value 0)
		Usr 0 01:34:53, Sys 0 00:00:06  -  Run Remote Usage
		Usr 0 00:00:00, Sys 0 00:00:00  -  Run Local Usage
		Usr 0 01:34:53, Sys 0 00:00:06  -  Total Remote Usage
		Usr 0 00:00:00, Sys 0 00:00:00  -  Total Local Usage
	50683  -  Run Bytes Sent By Job
	55262812  -  Run Bytes Received By Job
	50683  -  Total Bytes Sent By Job
	55262812  -  Total Bytes Received By Job
	Partitionable Resources :     Usage  Request Allocated 
	   Cpus                 :      1.00        3         3 
	   Disk (KB)            : 213029       75000    281397 
	   Memory (MB)          :    459        6000      6000 

	Job terminated of its own accord at 2021-07-20T13:54:22Z.
...
