000 (2524871.156.000) 07/20 04:35:08 Job submitted from host: <188.185.70.244:9618?addrs=188.185.70.244-9618+[2001-1458-d00-7--100-2ee]-9618&alias=bigbird10.cern.ch&noUDP&sock=schedd_2037_ca81>
...
040 (2524871.156.000) 07/20 05:25:45 Started transferring input files
	Transferring to host: <188.184.210.106:9618?addrs=188.184.210.106-9618+[2001-1458-301-10b--100-2f]-9618&alias=b7g23n0614.cern.ch&noUDP&sock=slot1_7_4047_3a3e_78845>
...
040 (2524871.156.000) 07/20 05:25:46 Finished transferring input files
...
001 (2524871.156.000) 07/20 05:25:46 Job executing on host: <188.184.210.106:9618?addrs=188.184.210.106-9618+[2001-1458-301-10b--100-2f]-9618&alias=b7g23n0614.cern.ch&noUDP&sock=startd_3407_7f41>
...
006 (2524871.156.000) 07/20 05:25:55 Image size of job updated: 86008
	56  -  MemoryUsage of job (MB)
	57012  -  ResidentSetSize of job (KB)
...
006 (2524871.156.000) 07/20 05:30:56 Image size of job updated: 820208
	296  -  MemoryUsage of job (MB)
	302804  -  ResidentSetSize of job (KB)
...
006 (2524871.156.000) 07/20 05:45:12 Image size of job updated: 820792
	296  -  MemoryUsage of job (MB)
	302804  -  ResidentSetSize of job (KB)
...
040 (2524871.156.000) 07/20 05:45:12 Started transferring output files
...
040 (2524871.156.000) 07/20 05:45:13 Finished transferring output files
...
005 (2524871.156.000) 07/20 05:45:14 Job terminated.
	(1) Normal termination (return value 0)
		Usr 0 00:15:17, Sys 0 00:00:03  -  Run Remote Usage
		Usr 0 00:00:00, Sys 0 00:00:00  -  Run Local Usage
		Usr 0 00:15:17, Sys 0 00:00:03  -  Total Remote Usage
		Usr 0 00:00:00, Sys 0 00:00:00  -  Total Local Usage
	49419  -  Run Bytes Sent By Job
	55262812  -  Run Bytes Received By Job
	49419  -  Total Bytes Sent By Job
	55262812  -  Total Bytes Received By Job
	Partitionable Resources :     Usage  Request Allocated 
	   Cpus                 :      1.00        3         3 
	   Disk (KB)            : 184741       75000    351877 
	   Memory (MB)          :    296        6000      6000 

	Job terminated of its own accord at 2021-07-20T03:45:12Z.
...
