000 (2521675.221.000) 07/19 04:18:40 Job submitted from host: <188.185.70.244:9618?addrs=188.185.70.244-9618+[2001-1458-d00-7--100-2ee]-9618&alias=bigbird10.cern.ch&noUDP&sock=schedd_2037_ca81>
...
040 (2521675.221.000) 07/19 04:26:48 Started transferring input files
	Transferring to host: <128.142.56.137:9618?addrs=128.142.56.137-9618+[2001-1458-301-6--100-88]-9618&alias=b7s01p1856.cern.ch&noUDP&sock=slot1_11_44538_cccc_14726>
...
040 (2521675.221.000) 07/19 04:26:49 Finished transferring input files
...
001 (2521675.221.000) 07/19 04:26:49 Job executing on host: <128.142.56.137:9618?addrs=128.142.56.137-9618+[2001-1458-301-6--100-88]-9618&alias=b7s01p1856.cern.ch&noUDP&sock=startd_41423_4fa1>
...
006 (2521675.221.000) 07/19 04:26:58 Image size of job updated: 541768
	201  -  MemoryUsage of job (MB)
	205220  -  ResidentSetSize of job (KB)
...
006 (2521675.221.000) 07/19 04:27:33 Image size of job updated: 774816
	201  -  MemoryUsage of job (MB)
	205220  -  ResidentSetSize of job (KB)
...
040 (2521675.221.000) 07/19 04:27:33 Started transferring output files
...
040 (2521675.221.000) 07/19 04:27:44 Finished transferring output files
...
005 (2521675.221.000) 07/19 04:27:44 Job terminated.
	(1) Normal termination (return value 0)
		Usr 0 00:00:40, Sys 0 00:00:01  -  Run Remote Usage
		Usr 0 00:00:00, Sys 0 00:00:00  -  Run Local Usage
		Usr 0 00:00:40, Sys 0 00:00:01  -  Total Remote Usage
		Usr 0 00:00:00, Sys 0 00:00:00  -  Total Local Usage
	49430  -  Run Bytes Sent By Job
	55262812  -  Run Bytes Received By Job
	49430  -  Total Bytes Sent By Job
	55262812  -  Total Bytes Received By Job
	Partitionable Resources :    Usage  Request Allocated 
	   Cpus                 :                 3         3 
	   Disk (KB)            :   183468    75000   1318239 
	   Memory (MB)          :      201     6000      6000 

	Job terminated of its own accord at 2021-07-19T02:27:33Z.
...
