000 (2521842.017.000) 07/19 05:55:55 Job submitted from host: <188.185.70.244:9618?addrs=188.185.70.244-9618+[2001-1458-d00-7--100-2ee]-9618&alias=bigbird10.cern.ch&noUDP&sock=schedd_2037_ca81>
...
040 (2521842.017.000) 07/19 05:58:40 Started transferring input files
	Transferring to host: <188.184.197.179:9618?addrs=188.184.197.179-9618+[2001-1458-301-103--100-320]-9618&alias=b7g23n5076.cern.ch&noUDP&sock=slot1_2_5093_3aa8_63849>
...
040 (2521842.017.000) 07/19 05:58:41 Finished transferring input files
...
001 (2521842.017.000) 07/19 05:58:41 Job executing on host: <188.184.197.179:9618?addrs=188.184.197.179-9618+[2001-1458-301-103--100-320]-9618&alias=b7g23n5076.cern.ch&noUDP&sock=startd_4053_996f>
...
006 (2521842.017.000) 07/19 05:58:50 Image size of job updated: 419840
	46  -  MemoryUsage of job (MB)
	46092  -  ResidentSetSize of job (KB)
...
006 (2521842.017.000) 07/19 06:03:50 Image size of job updated: 626272
	201  -  MemoryUsage of job (MB)
	205124  -  ResidentSetSize of job (KB)
...
006 (2521842.017.000) 07/19 06:23:52 Image size of job updated: 806788
	283  -  MemoryUsage of job (MB)
	289072  -  ResidentSetSize of job (KB)
...
006 (2521842.017.000) 07/19 06:33:53 Image size of job updated: 807260
	283  -  MemoryUsage of job (MB)
	289672  -  ResidentSetSize of job (KB)
...
040 (2521842.017.000) 07/19 06:39:25 Started transferring output files
...
040 (2521842.017.000) 07/19 06:39:25 Finished transferring output files
...
005 (2521842.017.000) 07/19 06:39:25 Job terminated.
	(1) Normal termination (return value 0)
		Usr 0 00:18:29, Sys 0 00:00:04  -  Run Remote Usage
		Usr 0 00:00:00, Sys 0 00:00:00  -  Run Local Usage
		Usr 0 00:18:29, Sys 0 00:00:04  -  Total Remote Usage
		Usr 0 00:00:00, Sys 0 00:00:00  -  Total Local Usage
	48083  -  Run Bytes Sent By Job
	55262812  -  Run Bytes Received By Job
	48083  -  Total Bytes Sent By Job
	55262812  -  Total Bytes Received By Job
	Partitionable Resources :     Usage  Request Allocated 
	   Cpus                 :      1.00        3         3 
	   Disk (KB)            : 182364       75000    366951 
	   Memory (MB)          :    283        6000      6000 

	Job terminated of its own accord at 2021-07-19T04:39:25Z.
...
