000 (2523366.056.000) 07/19 23:50:30 Job submitted from host: <188.185.70.244:9618?addrs=188.185.70.244-9618+[2001-1458-d00-7--100-2ee]-9618&alias=bigbird10.cern.ch&noUDP&sock=schedd_2037_ca81>
...
040 (2523366.056.000) 07/20 00:09:22 Started transferring input files
	Transferring to host: <128.142.57.134:9618?addrs=128.142.57.134-9618+[2001-1458-301-7--100-85]-9618&alias=b7s02p3956.cern.ch&noUDP&sock=slot1_9_6650_46c7_14415>
...
040 (2523366.056.000) 07/20 00:09:23 Finished transferring input files
...
001 (2523366.056.000) 07/20 00:09:23 Job executing on host: <128.142.57.134:9618?addrs=128.142.57.134-9618+[2001-1458-301-7--100-85]-9618&alias=b7s02p3956.cern.ch&noUDP&sock=startd_6188_0822>
...
006 (2523366.056.000) 07/20 00:09:31 Image size of job updated: 248212
	171  -  MemoryUsage of job (MB)
	174352  -  ResidentSetSize of job (KB)
...
006 (2523366.056.000) 07/20 00:14:31 Image size of job updated: 630336
	204  -  MemoryUsage of job (MB)
	208732  -  ResidentSetSize of job (KB)
...
006 (2523366.056.000) 07/20 00:19:32 Image size of job updated: 794880
	271  -  MemoryUsage of job (MB)
	276488  -  ResidentSetSize of job (KB)
...
006 (2523366.056.000) 07/20 00:23:53 Image size of job updated: 795392
	271  -  MemoryUsage of job (MB)
	276488  -  ResidentSetSize of job (KB)
...
040 (2523366.056.000) 07/20 00:23:53 Started transferring output files
...
040 (2523366.056.000) 07/20 00:23:53 Finished transferring output files
...
005 (2523366.056.000) 07/20 00:23:53 Job terminated.
	(1) Normal termination (return value 0)
		Usr 0 00:09:28, Sys 0 00:00:02  -  Run Remote Usage
		Usr 0 00:00:00, Sys 0 00:00:00  -  Run Local Usage
		Usr 0 00:09:28, Sys 0 00:00:02  -  Total Remote Usage
		Usr 0 00:00:00, Sys 0 00:00:00  -  Total Local Usage
	48225  -  Run Bytes Sent By Job
	55262812  -  Run Bytes Received By Job
	48225  -  Total Bytes Sent By Job
	55262812  -  Total Bytes Received By Job
	Partitionable Resources :     Usage  Request Allocated 
	   Cpus                 :      0.05        3         3 
	   Disk (KB)            : 179407       75000   1297347 
	   Memory (MB)          :    271        6000      6000 

	Job terminated of its own accord at 2021-07-19T22:23:53Z.
...
