000 (2557077.024.000) 07/28 10:49:38 Job submitted from host: <188.185.70.244:9618?addrs=188.185.70.244-9618+[2001-1458-d00-7--100-2ee]-9618&alias=bigbird10.cern.ch&noUDP&sock=schedd_2037_ca81>
...
040 (2557077.024.000) 07/28 12:27:29 Started transferring input files
	Transferring to host: <128.142.74.44:9618?addrs=128.142.74.44-9618&alias=b7s11n2961.cern.ch&noUDP&sock=slot1_3_2285_bd36_25769>
...
040 (2557077.024.000) 07/28 12:27:30 Finished transferring input files
...
001 (2557077.024.000) 07/28 12:27:30 Job executing on host: <128.142.74.44:9618?addrs=128.142.74.44-9618&alias=b7s11n2961.cern.ch&noUDP&sock=startd_2137_61fa>
...
006 (2557077.024.000) 07/28 12:27:38 Image size of job updated: 186396
	115  -  MemoryUsage of job (MB)
	117592  -  ResidentSetSize of job (KB)
...
006 (2557077.024.000) 07/28 12:32:38 Image size of job updated: 775052
	253  -  MemoryUsage of job (MB)
	258300  -  ResidentSetSize of job (KB)
...
006 (2557077.024.000) 07/28 12:33:56 Image size of job updated: 775632
	253  -  MemoryUsage of job (MB)
	258300  -  ResidentSetSize of job (KB)
...
040 (2557077.024.000) 07/28 12:34:01 Entered queue to transfer output files
...
040 (2557077.024.000) 07/28 12:34:27 Started transferring output files
...
040 (2557077.024.000) 07/28 12:34:27 Finished transferring output files
...
005 (2557077.024.000) 07/28 12:34:28 Job terminated.
	(1) Normal termination (return value 0)
		Usr 0 00:06:15, Sys 0 00:00:02  -  Run Remote Usage
		Usr 0 00:00:00, Sys 0 00:00:00  -  Run Local Usage
		Usr 0 00:06:15, Sys 0 00:00:02  -  Total Remote Usage
		Usr 0 00:00:00, Sys 0 00:00:00  -  Total Local Usage
	47975  -  Run Bytes Sent By Job
	55262880  -  Run Bytes Received By Job
	47975  -  Total Bytes Sent By Job
	55262880  -  Total Bytes Received By Job
	Partitionable Resources :    Usage  Request Allocated 
	   Cpus                 :                 5         5 
	   Disk (KB)            :   179038    75000    280185 
	   Memory (MB)          :      253    10000     10000 

	Job terminated of its own accord at 2021-07-28T10:33:56Z.
...
