000 (2521876.131.000) 07/19 08:46:26 Job submitted from host: <188.185.70.244:9618?addrs=188.185.70.244-9618+[2001-1458-d00-7--100-2ee]-9618&alias=bigbird10.cern.ch&noUDP&sock=schedd_2037_ca81>
...
040 (2521876.131.000) 07/19 10:34:56 Started transferring input files
	Transferring to host: <128.142.58.110:9618?addrs=128.142.58.110-9618+[2001-1458-301-16--100-6d]-9618&alias=b7s03p3859.cern.ch&noUDP&sock=slot1_23_6716_c78a_10099>
...
040 (2521876.131.000) 07/19 10:34:56 Finished transferring input files
...
001 (2521876.131.000) 07/19 10:34:56 Job executing on host: <128.142.58.110:9618?addrs=128.142.58.110-9618+[2001-1458-301-16--100-6d]-9618&alias=b7s03p3859.cern.ch&noUDP&sock=startd_6258_0bc3>
...
006 (2521876.131.000) 07/19 10:35:05 Image size of job updated: 429152
	161  -  MemoryUsage of job (MB)
	163852  -  ResidentSetSize of job (KB)
...
006 (2521876.131.000) 07/19 10:40:06 Image size of job updated: 813952
	294  -  MemoryUsage of job (MB)
	300652  -  ResidentSetSize of job (KB)
...
006 (2521876.131.000) 07/19 10:48:28 Image size of job updated: 814408
	294  -  MemoryUsage of job (MB)
	300652  -  ResidentSetSize of job (KB)
...
040 (2521876.131.000) 07/19 10:48:28 Started transferring output files
...
040 (2521876.131.000) 07/19 10:48:28 Finished transferring output files
...
005 (2521876.131.000) 07/19 10:48:28 Job terminated.
	(1) Normal termination (return value 0)
		Usr 0 00:12:38, Sys 0 00:00:02  -  Run Remote Usage
		Usr 0 00:00:00, Sys 0 00:00:00  -  Run Local Usage
		Usr 0 00:12:38, Sys 0 00:00:02  -  Total Remote Usage
		Usr 0 00:00:00, Sys 0 00:00:00  -  Total Local Usage
	49198  -  Run Bytes Sent By Job
	55262812  -  Run Bytes Received By Job
	49198  -  Total Bytes Sent By Job
	55262812  -  Total Bytes Received By Job
	Partitionable Resources :     Usage  Request Allocated 
	   Cpus                 :      1.00        3         3 
	   Disk (KB)            : 183561       75000   1229869 
	   Memory (MB)          :    294        6000      6000 

	Job terminated of its own accord at 2021-07-19T08:48:28Z.
...
