000 (2557077.014.000) 07/28 10:49:38 Job submitted from host: <188.185.70.244:9618?addrs=188.185.70.244-9618+[2001-1458-d00-7--100-2ee]-9618&alias=bigbird10.cern.ch&noUDP&sock=schedd_2037_ca81>
...
040 (2557077.014.000) 07/28 12:23:35 Started transferring input files
	Transferring to host: <128.142.79.231:9618?addrs=128.142.79.231-9618+[2001-1458-301-f4--100-594]-9618&alias=b7s12n0529.cern.ch&noUDP&sock=slot1_1_7153_af7c_147005>
...
040 (2557077.014.000) 07/28 12:23:36 Finished transferring input files
...
001 (2557077.014.000) 07/28 12:23:36 Job executing on host: <128.142.79.231:9618?addrs=128.142.79.231-9618+[2001-1458-301-f4--100-594]-9618&alias=b7s12n0529.cern.ch&noUDP&sock=startd_16633_6ed9>
...
006 (2557077.014.000) 07/28 12:23:45 Image size of job updated: 288720
	135  -  MemoryUsage of job (MB)
	137296  -  ResidentSetSize of job (KB)
...
006 (2557077.014.000) 07/28 12:28:46 Image size of job updated: 786124
	266  -  MemoryUsage of job (MB)
	272384  -  ResidentSetSize of job (KB)
...
006 (2557077.014.000) 07/28 12:33:32 Image size of job updated: 786728
	266  -  MemoryUsage of job (MB)
	272384  -  ResidentSetSize of job (KB)
...
040 (2557077.014.000) 07/28 12:33:37 Entered queue to transfer output files
...
040 (2557077.014.000) 07/28 12:34:26 Started transferring output files
...
040 (2557077.014.000) 07/28 12:34:27 Finished transferring output files
...
005 (2557077.014.000) 07/28 12:34:28 Job terminated.
	(1) Normal termination (return value 0)
		Usr 0 00:09:40, Sys 0 00:00:02  -  Run Remote Usage
		Usr 0 00:00:00, Sys 0 00:00:00  -  Run Local Usage
		Usr 0 00:09:40, Sys 0 00:00:02  -  Total Remote Usage
		Usr 0 00:00:00, Sys 0 00:00:00  -  Total Local Usage
	51128  -  Run Bytes Sent By Job
	55262880  -  Run Bytes Received By Job
	51128  -  Total Bytes Sent By Job
	55262880  -  Total Bytes Received By Job
	Partitionable Resources :     Usage  Request Allocated 
	   Cpus                 :      1.00        5         5 
	   Disk (KB)            : 182222       75000    281284 
	   Memory (MB)          :    266       10000     10000 

	Job terminated of its own accord at 2021-07-28T10:33:32Z.
...
