000 (2552363.007.000) 07/26 17:25:58 Job submitted from host: <188.185.70.244:9618?addrs=188.185.70.244-9618+[2001-1458-d00-7--100-2ee]-9618&alias=bigbird10.cern.ch&noUDP&sock=schedd_2037_ca81>
...
040 (2552363.007.000) 07/26 17:30:05 Entered queue to transfer input files
	Transferring to host: <188.184.212.215:9618?addrs=188.184.212.215-9618+[2001-1458-301-10c--100-e9]-9618&alias=b7g24n0447.cern.ch&noUDP&sock=slot1_5_4737_651a_57823>
...
040 (2552363.007.000) 07/26 17:30:42 Started transferring input files
	Seconds spent in queue: 37
...
001 (2552363.007.000) 07/26 17:30:42 Job executing on host: <188.184.212.215:9618?addrs=188.184.212.215-9618+[2001-1458-301-10c--100-e9]-9618&alias=b7g24n0447.cern.ch&noUDP&sock=startd_3810_ebec>
...
006 (2552363.007.000) 07/26 17:31:10 Image size of job updated: 5408
	5  -  MemoryUsage of job (MB)
	4140  -  ResidentSetSize of job (KB)
...
040 (2552363.007.000) 07/26 17:31:10 Finished transferring input files
...
006 (2552363.007.000) 07/26 17:35:51 Image size of job updated: 632484
	206  -  MemoryUsage of job (MB)
	210236  -  ResidentSetSize of job (KB)
...
006 (2552363.007.000) 07/26 17:45:51 Image size of job updated: 806424
	286  -  MemoryUsage of job (MB)
	292552  -  ResidentSetSize of job (KB)
...
006 (2552363.007.000) 07/26 18:00:53 Image size of job updated: 806904
	287  -  MemoryUsage of job (MB)
	293160  -  ResidentSetSize of job (KB)
...
040 (2552363.007.000) 07/26 18:02:20 Started transferring output files
	Seconds spent in queue: 1935
...
040 (2552363.007.000) 07/26 18:02:20 Finished transferring output files
...
005 (2552363.007.000) 07/26 18:02:20 Job terminated.
	(1) Normal termination (return value 0)
		Usr 0 00:19:06, Sys 0 00:00:04  -  Run Remote Usage
		Usr 0 00:00:00, Sys 0 00:00:00  -  Run Local Usage
		Usr 0 00:19:06, Sys 0 00:00:04  -  Total Remote Usage
		Usr 0 00:00:00, Sys 0 00:00:00  -  Total Local Usage
	52463  -  Run Bytes Sent By Job
	55262876  -  Run Bytes Received By Job
	52463  -  Total Bytes Sent By Job
	55262876  -  Total Bytes Received By Job
	Partitionable Resources :     Usage  Request Allocated 
	   Cpus                 :      1.00        3         3 
	   Disk (KB)            : 182134       75000    295019 
	   Memory (MB)          :    287        6000      6000 

	Job terminated of its own accord at 2021-07-26T16:02:19Z.
...
