000 (2521867.073.000) 07/19 07:46:08 Job submitted from host: <188.185.70.244:9618?addrs=188.185.70.244-9618+[2001-1458-d00-7--100-2ee]-9618&alias=bigbird10.cern.ch&noUDP&sock=schedd_2037_ca81>
...
040 (2521867.073.000) 07/19 07:49:07 Started transferring input files
	Transferring to host: <128.142.59.26:9618?addrs=128.142.59.26-9618+[2001-1458-301-21--100-19]-9618&alias=b7s04p9552.cern.ch&noUDP&sock=slot1_7_6915_fe32_12049>
...
040 (2521867.073.000) 07/19 07:49:08 Finished transferring input files
...
001 (2521867.073.000) 07/19 07:49:08 Job executing on host: <128.142.59.26:9618?addrs=128.142.59.26-9618+[2001-1458-301-21--100-19]-9618&alias=b7s04p9552.cern.ch&noUDP&sock=startd_6461_497d>
...
006 (2521867.073.000) 07/19 07:49:17 Image size of job updated: 284300
	206  -  MemoryUsage of job (MB)
	210216  -  ResidentSetSize of job (KB)
...
006 (2521867.073.000) 07/19 07:54:18 Image size of job updated: 817568
	297  -  MemoryUsage of job (MB)
	303712  -  ResidentSetSize of job (KB)
...
006 (2521867.073.000) 07/19 07:59:19 Image size of job updated: 818040
	298  -  MemoryUsage of job (MB)
	304316  -  ResidentSetSize of job (KB)
...
040 (2521867.073.000) 07/19 08:08:33 Started transferring output files
...
040 (2521867.073.000) 07/19 08:08:33 Finished transferring output files
...
005 (2521867.073.000) 07/19 08:08:33 Job terminated.
	(1) Normal termination (return value 0)
		Usr 0 00:15:08, Sys 0 00:00:02  -  Run Remote Usage
		Usr 0 00:00:00, Sys 0 00:00:00  -  Run Local Usage
		Usr 0 00:15:08, Sys 0 00:00:02  -  Total Remote Usage
		Usr 0 00:00:00, Sys 0 00:00:00  -  Total Local Usage
	49319  -  Run Bytes Sent By Job
	55262812  -  Run Bytes Received By Job
	49319  -  Total Bytes Sent By Job
	55262812  -  Total Bytes Received By Job
	Partitionable Resources :     Usage  Request Allocated 
	   Cpus                 :      1.00        3         3 
	   Disk (KB)            : 184209       75000   1322903 
	   Memory (MB)          :    298        6000      6000 

	Job terminated of its own accord at 2021-07-19T06:08:33Z.
...
