000 (2534572.003.000) 07/21 23:44:26 Job submitted from host: <188.185.70.244:9618?addrs=188.185.70.244-9618+[2001-1458-d00-7--100-2ee]-9618&alias=bigbird10.cern.ch&noUDP&sock=schedd_2037_ca81>
...
040 (2534572.003.000) 07/21 23:49:26 Started transferring input files
	Transferring to host: <188.184.205.80:9618?addrs=188.184.205.80-9618+[2001-1458-301-7d--100-168]-9618&alias=b7g27n0464.cern.ch&noUDP&sock=slot1_1_4076_a91f_45586>
...
040 (2534572.003.000) 07/21 23:49:27 Finished transferring input files
...
001 (2534572.003.000) 07/21 23:49:27 Job executing on host: <188.184.205.80:9618?addrs=188.184.205.80-9618+[2001-1458-301-7d--100-168]-9618&alias=b7g27n0464.cern.ch&noUDP&sock=startd_3592_6446>
...
006 (2534572.003.000) 07/21 23:49:36 Image size of job updated: 174524
	4  -  MemoryUsage of job (MB)
	3696  -  ResidentSetSize of job (KB)
...
006 (2534572.003.000) 07/21 23:54:37 Image size of job updated: 631420
	205  -  MemoryUsage of job (MB)
	209616  -  ResidentSetSize of job (KB)
...
006 (2534572.003.000) 07/22 00:14:39 Image size of job updated: 819980
	300  -  MemoryUsage of job (MB)
	306240  -  ResidentSetSize of job (KB)
...
006 (2534572.003.000) 07/22 00:39:41 Image size of job updated: 820556
	300  -  MemoryUsage of job (MB)
	306840  -  ResidentSetSize of job (KB)
...
040 (2534572.003.000) 07/22 00:55:32 Started transferring output files
...
040 (2534572.003.000) 07/22 00:55:32 Finished transferring output files
...
005 (2534572.003.000) 07/22 00:55:32 Job terminated.
	(1) Normal termination (return value 0)
		Usr 0 00:43:04, Sys 0 00:00:04  -  Run Remote Usage
		Usr 0 00:00:00, Sys 0 00:00:00  -  Run Local Usage
		Usr 0 00:43:04, Sys 0 00:00:04  -  Total Remote Usage
		Usr 0 00:00:00, Sys 0 00:00:00  -  Total Local Usage
	43337  -  Run Bytes Sent By Job
	55262812  -  Run Bytes Received By Job
	43337  -  Total Bytes Sent By Job
	55262812  -  Total Bytes Received By Job
	Partitionable Resources :     Usage  Request Allocated 
	   Cpus                 :      1.00        3         3 
	   Disk (KB)            : 184693       75000    197080 
	   Memory (MB)          :    300        6000      6000 

	Job terminated of its own accord at 2021-07-21T22:55:32Z.
...
