000 (2521675.039.000) 07/19 04:18:38 Job submitted from host: <188.185.70.244:9618?addrs=188.185.70.244-9618+[2001-1458-d00-7--100-2ee]-9618&alias=bigbird10.cern.ch&noUDP&sock=schedd_2037_ca81>
...
040 (2521675.039.000) 07/19 04:24:53 Started transferring input files
	Transferring to host: <128.142.58.16:9618?addrs=128.142.58.16-9618+[2001-1458-301-16--100-f]-9618&alias=b7s03p1131.cern.ch&noUDP&sock=slot1_10_6656_8108_12015>
...
040 (2521675.039.000) 07/19 04:24:54 Finished transferring input files
...
001 (2521675.039.000) 07/19 04:24:54 Job executing on host: <128.142.58.16:9618?addrs=128.142.58.16-9618+[2001-1458-301-16--100-f]-9618&alias=b7s03p1131.cern.ch&noUDP&sock=startd_6192_c683>
...
006 (2521675.039.000) 07/19 04:25:02 Image size of job updated: 217316
	142  -  MemoryUsage of job (MB)
	144428  -  ResidentSetSize of job (KB)
...
006 (2521675.039.000) 07/19 04:30:02 Image size of job updated: 636900
	210  -  MemoryUsage of job (MB)
	214356  -  ResidentSetSize of job (KB)
...
006 (2521675.039.000) 07/19 04:35:03 Image size of job updated: 636900
	210  -  MemoryUsage of job (MB)
	214360  -  ResidentSetSize of job (KB)
...
006 (2521675.039.000) 07/19 05:48:11 Image size of job updated: 770532
	210  -  MemoryUsage of job (MB)
	214360  -  ResidentSetSize of job (KB)
...
040 (2521675.039.000) 07/19 05:48:11 Started transferring output files
...
040 (2521675.039.000) 07/19 05:48:11 Finished transferring output files
...
005 (2521675.039.000) 07/19 05:48:11 Job terminated.
	(1) Normal termination (return value 0)
		Usr 0 00:01:51, Sys 0 00:00:03  -  Run Remote Usage
		Usr 0 00:00:00, Sys 0 00:00:00  -  Run Local Usage
		Usr 0 00:01:51, Sys 0 00:00:03  -  Total Remote Usage
		Usr 0 00:00:00, Sys 0 00:00:00  -  Total Local Usage
	51242  -  Run Bytes Sent By Job
	55262812  -  Run Bytes Received By Job
	51242  -  Total Bytes Sent By Job
	55262812  -  Total Bytes Received By Job
	Partitionable Resources :     Usage  Request Allocated 
	   Cpus                 :      0.04        3         3 
	   Disk (KB)            : 194523       75000   1286101 
	   Memory (MB)          :    210        6000      6000 

	Job terminated of its own accord at 2021-07-19T03:48:11Z.
...
