000 (2523366.032.000) 07/19 23:50:30 Job submitted from host: <188.185.70.244:9618?addrs=188.185.70.244-9618+[2001-1458-d00-7--100-2ee]-9618&alias=bigbird10.cern.ch&noUDP&sock=schedd_2037_ca81>
...
040 (2523366.032.000) 07/19 23:55:10 Started transferring input files
	Transferring to host: <128.142.57.29:9618?addrs=128.142.57.29-9618+[2001-1458-301-7--100-1c]-9618&alias=b7s02p6381.cern.ch&noUDP&sock=slot1_16_6714_5eca_16330>
...
040 (2523366.032.000) 07/19 23:55:11 Finished transferring input files
...
001 (2523366.032.000) 07/19 23:55:11 Job executing on host: <128.142.57.29:9618?addrs=128.142.57.29-9618+[2001-1458-301-7--100-1c]-9618&alias=b7s02p6381.cern.ch&noUDP&sock=startd_6248_2fd1>
...
006 (2523366.032.000) 07/19 23:55:19 Image size of job updated: 561004
	210  -  MemoryUsage of job (MB)
	214128  -  ResidentSetSize of job (KB)
...
006 (2523366.032.000) 07/20 00:00:19 Image size of job updated: 815112
	295  -  MemoryUsage of job (MB)
	301376  -  ResidentSetSize of job (KB)
...
006 (2523366.032.000) 07/20 00:05:19 Image size of job updated: 815640
	295  -  MemoryUsage of job (MB)
	301884  -  ResidentSetSize of job (KB)
...
006 (2523366.032.000) 07/20 00:10:20 Image size of job updated: 815640
	295  -  MemoryUsage of job (MB)
	301896  -  ResidentSetSize of job (KB)
...
040 (2523366.032.000) 07/20 00:11:06 Started transferring output files
...
040 (2523366.032.000) 07/20 00:11:06 Finished transferring output files
...
005 (2523366.032.000) 07/20 00:11:06 Job terminated.
	(1) Normal termination (return value 0)
		Usr 0 00:15:39, Sys 0 00:00:02  -  Run Remote Usage
		Usr 0 00:00:00, Sys 0 00:00:00  -  Run Local Usage
		Usr 0 00:15:39, Sys 0 00:00:02  -  Total Remote Usage
		Usr 0 00:00:00, Sys 0 00:00:00  -  Total Local Usage
	58867  -  Run Bytes Sent By Job
	55262812  -  Run Bytes Received By Job
	58867  -  Total Bytes Sent By Job
	55262812  -  Total Bytes Received By Job
	Partitionable Resources :     Usage  Request Allocated 
	   Cpus                 :      1.00        3         3 
	   Disk (KB)            : 182956       75000   1278433 
	   Memory (MB)          :    295        6000      6000 

	Job terminated of its own accord at 2021-07-19T22:11:06Z.
...
