000 (2522101.203.000) 07/19 11:55:34 Job submitted from host: <188.185.70.244:9618?addrs=188.185.70.244-9618+[2001-1458-d00-7--100-2ee]-9618&alias=bigbird10.cern.ch&noUDP&sock=schedd_2037_ca81>
...
040 (2522101.203.000) 07/19 13:12:12 Started transferring input files
	Transferring to host: <128.142.58.136:9618?addrs=128.142.58.136-9618+[2001-1458-301-16--100-87]-9618&alias=b7s03p1133.cern.ch&noUDP&sock=slot1_11_6761_7c6c_10330>
...
040 (2522101.203.000) 07/19 13:12:12 Finished transferring input files
...
001 (2522101.203.000) 07/19 13:12:12 Job executing on host: <128.142.58.136:9618?addrs=128.142.58.136-9618+[2001-1458-301-16--100-87]-9618&alias=b7s03p1133.cern.ch&noUDP&sock=startd_6305_48b7>
...
006 (2522101.203.000) 07/19 13:12:21 Image size of job updated: 282976
	124  -  MemoryUsage of job (MB)
	126928  -  ResidentSetSize of job (KB)
...
006 (2522101.203.000) 07/19 13:17:21 Image size of job updated: 817332
	297  -  MemoryUsage of job (MB)
	303484  -  ResidentSetSize of job (KB)
...
006 (2522101.203.000) 07/19 13:26:56 Image size of job updated: 817832
	297  -  MemoryUsage of job (MB)
	303484  -  ResidentSetSize of job (KB)
...
040 (2522101.203.000) 07/19 13:26:56 Started transferring output files
...
040 (2522101.203.000) 07/19 13:26:56 Finished transferring output files
...
005 (2522101.203.000) 07/19 13:26:56 Job terminated.
	(1) Normal termination (return value 0)
		Usr 0 00:13:54, Sys 0 00:00:02  -  Run Remote Usage
		Usr 0 00:00:00, Sys 0 00:00:00  -  Run Local Usage
		Usr 0 00:13:54, Sys 0 00:00:02  -  Total Remote Usage
		Usr 0 00:00:00, Sys 0 00:00:00  -  Total Local Usage
	50374  -  Run Bytes Sent By Job
	55262812  -  Run Bytes Received By Job
	50374  -  Total Bytes Sent By Job
	55262812  -  Total Bytes Received By Job
	Partitionable Resources :     Usage  Request Allocated 
	   Cpus                 :      1.00        3         3 
	   Disk (KB)            : 184173       75000   1305979 
	   Memory (MB)          :    297        6000      6000 

	Job terminated of its own accord at 2021-07-19T11:26:56Z.
...
