000 (2522101.049.000) 07/19 11:55:34 Job submitted from host: <188.185.70.244:9618?addrs=188.185.70.244-9618+[2001-1458-d00-7--100-2ee]-9618&alias=bigbird10.cern.ch&noUDP&sock=schedd_2037_ca81>
...
040 (2522101.049.000) 07/19 12:26:32 Started transferring input files
	Transferring to host: <128.142.58.31:9618?addrs=128.142.58.31-9618+[2001-1458-301-16--100-1e]-9618&alias=b7s03p5163.cern.ch&noUDP&sock=slot1_4_6627_1227_12385>
...
040 (2522101.049.000) 07/19 12:26:32 Finished transferring input files
...
001 (2522101.049.000) 07/19 12:26:32 Job executing on host: <128.142.58.31:9618?addrs=128.142.58.31-9618+[2001-1458-301-16--100-1e]-9618&alias=b7s03p5163.cern.ch&noUDP&sock=startd_6160_d37b>
...
006 (2522101.049.000) 07/19 12:26:41 Image size of job updated: 522588
	185  -  MemoryUsage of job (MB)
	188960  -  ResidentSetSize of job (KB)
...
006 (2522101.049.000) 07/19 12:31:42 Image size of job updated: 630920
	205  -  MemoryUsage of job (MB)
	209252  -  ResidentSetSize of job (KB)
...
006 (2522101.049.000) 07/19 13:21:46 Image size of job updated: 637332
	211  -  MemoryUsage of job (MB)
	215724  -  ResidentSetSize of job (KB)
...
006 (2522101.049.000) 07/19 13:26:47 Image size of job updated: 951524
	424  -  MemoryUsage of job (MB)
	433772  -  ResidentSetSize of job (KB)
...
006 (2522101.049.000) 07/19 13:46:48 Image size of job updated: 952036
	425  -  MemoryUsage of job (MB)
	434332  -  ResidentSetSize of job (KB)
...
040 (2522101.049.000) 07/19 13:54:48 Started transferring output files
...
040 (2522101.049.000) 07/19 13:54:48 Finished transferring output files
...
005 (2522101.049.000) 07/19 13:54:48 Job terminated.
	(1) Normal termination (return value 0)
		Usr 0 00:34:51, Sys 0 00:00:04  -  Run Remote Usage
		Usr 0 00:00:00, Sys 0 00:00:00  -  Run Local Usage
		Usr 0 00:34:51, Sys 0 00:00:04  -  Total Remote Usage
		Usr 0 00:00:00, Sys 0 00:00:00  -  Total Local Usage
	48441  -  Run Bytes Sent By Job
	55262812  -  Run Bytes Received By Job
	48441  -  Total Bytes Sent By Job
	55262812  -  Total Bytes Received By Job
	Partitionable Resources :     Usage  Request Allocated 
	   Cpus                 :      1.00        3         3 
	   Disk (KB)            : 206873       75000   1208888 
	   Memory (MB)          :    425        6000      6000 

	Job terminated of its own accord at 2021-07-19T11:54:48Z.
...
