000 (2526743.004.000) 07/20 13:19:13 Job submitted from host: <188.185.70.244:9618?addrs=188.185.70.244-9618+[2001-1458-d00-7--100-2ee]-9618&alias=bigbird10.cern.ch&noUDP&sock=schedd_2037_ca81>
...
040 (2526743.004.000) 07/20 13:20:47 Started transferring input files
	Transferring to host: <128.142.56.153:9618?addrs=128.142.56.153-9618+[2001-1458-301-6--100-98]-9618&alias=b7s01p5892.cern.ch&noUDP&sock=slot1_50_45687_5fdb_14514>
...
040 (2526743.004.000) 07/20 13:20:47 Finished transferring input files
...
001 (2526743.004.000) 07/20 13:20:47 Job executing on host: <128.142.56.153:9618?addrs=128.142.56.153-9618+[2001-1458-301-6--100-98]-9618&alias=b7s01p5892.cern.ch&noUDP&sock=startd_41586_1d91>
...
006 (2526743.004.000) 07/20 13:20:56 Image size of job updated: 269388
	29  -  MemoryUsage of job (MB)
	29268  -  ResidentSetSize of job (KB)
...
006 (2526743.004.000) 07/20 13:25:56 Image size of job updated: 630848
	205  -  MemoryUsage of job (MB)
	209088  -  ResidentSetSize of job (KB)
...
006 (2526743.004.000) 07/20 13:30:56 Image size of job updated: 809220
	289  -  MemoryUsage of job (MB)
	295656  -  ResidentSetSize of job (KB)
...
006 (2526743.004.000) 07/20 13:35:57 Image size of job updated: 809724
	290  -  MemoryUsage of job (MB)
	296260  -  ResidentSetSize of job (KB)
...
040 (2526743.004.000) 07/20 13:36:45 Started transferring output files
...
040 (2526743.004.000) 07/20 13:36:46 Finished transferring output files
...
005 (2526743.004.000) 07/20 13:36:46 Job terminated.
	(1) Normal termination (return value 0)
		Usr 0 00:09:44, Sys 0 00:00:02  -  Run Remote Usage
		Usr 0 00:00:00, Sys 0 00:00:00  -  Run Local Usage
		Usr 0 00:09:44, Sys 0 00:00:02  -  Total Remote Usage
		Usr 0 00:00:00, Sys 0 00:00:00  -  Total Local Usage
	53181  -  Run Bytes Sent By Job
	55262812  -  Run Bytes Received By Job
	53181  -  Total Bytes Sent By Job
	55262812  -  Total Bytes Received By Job
	Partitionable Resources :     Usage  Request Allocated 
	   Cpus                 :      1.00        3         3 
	   Disk (KB)            : 182642       75000   1349715 
	   Memory (MB)          :    290        6000      6000 

	Job terminated of its own accord at 2021-07-20T11:36:45Z.
...
