000 (2556073.025.000) 07/27 10:23:23 Job submitted from host: <188.185.70.244:9618?addrs=188.185.70.244-9618+[2001-1458-d00-7--100-2ee]-9618&alias=bigbird10.cern.ch&noUDP&sock=schedd_2037_ca81>
...
040 (2556073.025.000) 07/27 10:29:57 Started transferring input files
	Transferring to host: <128.142.57.56:9618?addrs=128.142.57.56-9618+[2001-1458-301-7--100-37]-9618&alias=b7s02p6140.cern.ch&noUDP&sock=slot1_35_4189_4783_24684>
...
040 (2556073.025.000) 07/27 10:29:57 Finished transferring input files
...
001 (2556073.025.000) 07/27 10:29:57 Job executing on host: <128.142.57.56:9618?addrs=128.142.57.56-9618+[2001-1458-301-7--100-37]-9618&alias=b7s02p6140.cern.ch&noUDP&sock=startd_3736_29ea>
...
006 (2556073.025.000) 07/27 10:30:06 Image size of job updated: 280496
	201  -  MemoryUsage of job (MB)
	205208  -  ResidentSetSize of job (KB)
...
006 (2556073.025.000) 07/27 10:35:06 Image size of job updated: 783188
	260  -  MemoryUsage of job (MB)
	265756  -  ResidentSetSize of job (KB)
...
006 (2556073.025.000) 07/27 10:38:10 Image size of job updated: 783768
	260  -  MemoryUsage of job (MB)
	265756  -  ResidentSetSize of job (KB)
...
040 (2556073.025.000) 07/27 10:38:11 Started transferring output files
...
040 (2556073.025.000) 07/27 10:38:11 Finished transferring output files
...
005 (2556073.025.000) 07/27 10:38:11 Job terminated.
	(1) Normal termination (return value 0)
		Usr 0 00:08:09, Sys 0 00:00:02  -  Run Remote Usage
		Usr 0 00:00:00, Sys 0 00:00:00  -  Run Local Usage
		Usr 0 00:08:09, Sys 0 00:00:02  -  Total Remote Usage
		Usr 0 00:00:00, Sys 0 00:00:00  -  Total Local Usage
	49920  -  Run Bytes Sent By Job
	55262880  -  Run Bytes Received By Job
	49920  -  Total Bytes Sent By Job
	55262880  -  Total Bytes Received By Job
	Partitionable Resources :     Usage  Request Allocated 
	   Cpus                 :      0.74        3         3 
	   Disk (KB)            : 181500       75000   1269218 
	   Memory (MB)          :    260        6000      6000 

	Job terminated of its own accord at 2021-07-27T08:38:10Z.
...
