000 (2521842.148.000) 07/19 05:55:56 Job submitted from host: <188.185.70.244:9618?addrs=188.185.70.244-9618+[2001-1458-d00-7--100-2ee]-9618&alias=bigbird10.cern.ch&noUDP&sock=schedd_2037_ca81>
...
040 (2521842.148.000) 07/19 06:03:40 Started transferring input files
	Transferring to host: <128.142.75.204:9618?addrs=128.142.75.204-9618+[2001-1458-301-75--100-20c]-9618&alias=b7s11n6303.cern.ch&noUDP&sock=slot1_5_6074_6eb0_69873>
...
040 (2521842.148.000) 07/19 06:03:41 Finished transferring input files
...
001 (2521842.148.000) 07/19 06:03:41 Job executing on host: <128.142.75.204:9618?addrs=128.142.75.204-9618+[2001-1458-301-75--100-20c]-9618&alias=b7s11n6303.cern.ch&noUDP&sock=startd_4863_3126>
...
006 (2521842.148.000) 07/19 06:03:50 Image size of job updated: 446320
	71  -  MemoryUsage of job (MB)
	72156  -  ResidentSetSize of job (KB)
...
006 (2521842.148.000) 07/19 06:08:51 Image size of job updated: 626820
	201  -  MemoryUsage of job (MB)
	205288  -  ResidentSetSize of job (KB)
...
006 (2521842.148.000) 07/19 06:18:51 Image size of job updated: 826040
	302  -  MemoryUsage of job (MB)
	308704  -  ResidentSetSize of job (KB)
...
006 (2521842.148.000) 07/19 06:33:53 Image size of job updated: 826640
	303  -  MemoryUsage of job (MB)
	309288  -  ResidentSetSize of job (KB)
...
040 (2521842.148.000) 07/19 06:40:15 Started transferring output files
...
040 (2521842.148.000) 07/19 06:40:15 Finished transferring output files
...
005 (2521842.148.000) 07/19 06:40:15 Job terminated.
	(1) Normal termination (return value 0)
		Usr 0 00:26:31, Sys 0 00:00:03  -  Run Remote Usage
		Usr 0 00:00:00, Sys 0 00:00:00  -  Run Local Usage
		Usr 0 00:26:31, Sys 0 00:00:03  -  Total Remote Usage
		Usr 0 00:00:00, Sys 0 00:00:00  -  Total Local Usage
	50478  -  Run Bytes Sent By Job
	55262812  -  Run Bytes Received By Job
	50478  -  Total Bytes Sent By Job
	55262812  -  Total Bytes Received By Job
	Partitionable Resources :     Usage  Request Allocated 
	   Cpus                 :      1.00        3         3 
	   Disk (KB)            : 185889       75000    283169 
	   Memory (MB)          :    303        6000      6000 

	Job terminated of its own accord at 2021-07-19T04:40:15Z.
...
