000 (2523366.037.000) 07/19 23:50:30 Job submitted from host: <188.185.70.244:9618?addrs=188.185.70.244-9618+[2001-1458-d00-7--100-2ee]-9618&alias=bigbird10.cern.ch&noUDP&sock=schedd_2037_ca81>
...
040 (2523366.037.000) 07/20 00:03:17 Started transferring input files
	Transferring to host: <128.142.168.149:9618?addrs=128.142.168.149-9618+[2001-1458-301-be--100-e]-9618&alias=b7g00p1496.cern.ch&noUDP&sock=slot1_26_2654_bba5_16893>
...
040 (2523366.037.000) 07/20 00:03:18 Finished transferring input files
...
001 (2523366.037.000) 07/20 00:03:19 Job executing on host: <128.142.168.149:9618?addrs=128.142.168.149-9618+[2001-1458-301-be--100-e]-9618&alias=b7g00p1496.cern.ch&noUDP&sock=startd_2487_7420>
...
006 (2523366.037.000) 07/20 00:03:31 Image size of job updated: 419728
	10  -  MemoryUsage of job (MB)
	9440  -  ResidentSetSize of job (KB)
...
006 (2523366.037.000) 07/20 00:08:27 Image size of job updated: 636704
	210  -  MemoryUsage of job (MB)
	214132  -  ResidentSetSize of job (KB)
...
006 (2523366.037.000) 07/20 00:13:28 Image size of job updated: 636704
	210  -  MemoryUsage of job (MB)
	214136  -  ResidentSetSize of job (KB)
...
006 (2523366.037.000) 07/20 00:23:30 Image size of job updated: 730984
	294  -  MemoryUsage of job (MB)
	301048  -  ResidentSetSize of job (KB)
...
006 (2523366.037.000) 07/20 00:28:30 Image size of job updated: 814560
	294  -  MemoryUsage of job (MB)
	301048  -  ResidentSetSize of job (KB)
...
006 (2523366.037.000) 07/20 00:33:30 Image size of job updated: 815052
	295  -  MemoryUsage of job (MB)
	301628  -  ResidentSetSize of job (KB)
...
040 (2523366.037.000) 07/20 00:36:32 Started transferring output files
...
040 (2523366.037.000) 07/20 00:36:32 Finished transferring output files
...
005 (2523366.037.000) 07/20 00:36:32 Job terminated.
	(1) Normal termination (return value 0)
		Usr 0 00:14:25, Sys 0 00:00:05  -  Run Remote Usage
		Usr 0 00:00:00, Sys 0 00:00:00  -  Run Local Usage
		Usr 0 00:14:25, Sys 0 00:00:05  -  Total Remote Usage
		Usr 0 00:00:00, Sys 0 00:00:00  -  Total Local Usage
	52887  -  Run Bytes Sent By Job
	55262812  -  Run Bytes Received By Job
	52887  -  Total Bytes Sent By Job
	55262812  -  Total Bytes Received By Job
	Partitionable Resources :     Usage  Request Allocated 
	   Cpus                 :      1.00        3         3 
	   Disk (KB)            : 182828       75000   1577636 
	   Memory (MB)          :    295        6000      6000 

	Job terminated of its own accord at 2021-07-19T22:36:32Z.
...
