000 (2524617.159.000) 07/20 01:52:27 Job submitted from host: <188.185.70.244:9618?addrs=188.185.70.244-9618+[2001-1458-d00-7--100-2ee]-9618&alias=bigbird10.cern.ch&noUDP&sock=schedd_2037_ca81>
...
040 (2524617.159.000) 07/20 02:01:06 Started transferring input files
	Transferring to host: <188.184.138.15:9618?addrs=188.184.138.15-9618+[2001-1458-301-45--100-d]-9618&alias=b7g42n0040.cern.ch&noUDP&sock=slot1_1_16180_060b_124222>
...
040 (2524617.159.000) 07/20 02:01:07 Finished transferring input files
...
001 (2524617.159.000) 07/20 02:01:07 Job executing on host: <188.184.138.15:9618?addrs=188.184.138.15-9618+[2001-1458-301-45--100-d]-9618&alias=b7g42n0040.cern.ch&noUDP&sock=startd_1995_fb87>
...
006 (2524617.159.000) 07/20 02:01:16 Image size of job updated: 438188
	28  -  MemoryUsage of job (MB)
	28304  -  ResidentSetSize of job (KB)
...
006 (2524617.159.000) 07/20 02:06:17 Image size of job updated: 627400
	202  -  MemoryUsage of job (MB)
	205864  -  ResidentSetSize of job (KB)
...
006 (2524617.159.000) 07/20 02:26:19 Image size of job updated: 791280
	268  -  MemoryUsage of job (MB)
	273820  -  ResidentSetSize of job (KB)
...
006 (2524617.159.000) 07/20 02:36:20 Image size of job updated: 791744
	268  -  MemoryUsage of job (MB)
	274420  -  ResidentSetSize of job (KB)
...
040 (2524617.159.000) 07/20 02:45:20 Started transferring output files
...
040 (2524617.159.000) 07/20 02:45:20 Finished transferring output files
...
005 (2524617.159.000) 07/20 02:45:20 Job terminated.
	(1) Normal termination (return value 0)
		Usr 0 00:21:39, Sys 0 00:00:02  -  Run Remote Usage
		Usr 0 00:00:00, Sys 0 00:00:00  -  Run Local Usage
		Usr 0 00:21:39, Sys 0 00:00:02  -  Total Remote Usage
		Usr 0 00:00:00, Sys 0 00:00:00  -  Total Local Usage
	48374  -  Run Bytes Sent By Job
	55262812  -  Run Bytes Received By Job
	48374  -  Total Bytes Sent By Job
	55262812  -  Total Bytes Received By Job
	Partitionable Resources :     Usage  Request Allocated 
	   Cpus                 :      1.00        3         3 
	   Disk (KB)            : 179501       75000    285388 
	   Memory (MB)          :    268        6000      6000 

	Job terminated of its own accord at 2021-07-20T00:45:20Z.
...
