000 (2521876.023.000) 07/19 08:46:26 Job submitted from host: <188.185.70.244:9618?addrs=188.185.70.244-9618+[2001-1458-d00-7--100-2ee]-9618&alias=bigbird10.cern.ch&noUDP&sock=schedd_2037_ca81>
...
040 (2521876.023.000) 07/19 09:10:04 Started transferring input files
	Transferring to host: <128.142.161.124:9618?addrs=128.142.161.124-9618+[2001-1458-301-b8--100-3a]-9618&alias=b7g03p4977.cern.ch&noUDP&sock=slot1_4_80349_e39c_152806>
...
040 (2521876.023.000) 07/19 09:10:05 Finished transferring input files
...
001 (2521876.023.000) 07/19 09:10:05 Job executing on host: <128.142.161.124:9618?addrs=128.142.161.124-9618+[2001-1458-301-b8--100-3a]-9618&alias=b7g03p4977.cern.ch&noUDP&sock=startd_131192_60de>
...
006 (2521876.023.000) 07/19 09:10:14 Image size of job updated: 175848
	109  -  MemoryUsage of job (MB)
	111380  -  ResidentSetSize of job (KB)
...
006 (2521876.023.000) 07/19 09:15:15 Image size of job updated: 793232
	271  -  MemoryUsage of job (MB)
	276640  -  ResidentSetSize of job (KB)
...
006 (2521876.023.000) 07/19 09:24:49 Image size of job updated: 793836
	271  -  MemoryUsage of job (MB)
	276640  -  ResidentSetSize of job (KB)
...
040 (2521876.023.000) 07/19 09:24:49 Started transferring output files
...
040 (2521876.023.000) 07/19 09:24:49 Finished transferring output files
...
005 (2521876.023.000) 07/19 09:24:49 Job terminated.
	(1) Normal termination (return value 0)
		Usr 0 00:12:12, Sys 0 00:00:03  -  Run Remote Usage
		Usr 0 00:00:00, Sys 0 00:00:00  -  Run Local Usage
		Usr 0 00:12:12, Sys 0 00:00:03  -  Total Remote Usage
		Usr 0 00:00:00, Sys 0 00:00:00  -  Total Local Usage
	53053  -  Run Bytes Sent By Job
	55262812  -  Run Bytes Received By Job
	53053  -  Total Bytes Sent By Job
	55262812  -  Total Bytes Received By Job
	Partitionable Resources :     Usage  Request Allocated 
	   Cpus                 :      0.58        3         3 
	   Disk (KB)            : 179932       75000   1345310 
	   Memory (MB)          :    271        6000      6000 

	Job terminated of its own accord at 2021-07-19T07:24:49Z.
...
