000 (2526743.103.000) 07/20 13:19:14 Job submitted from host: <188.185.70.244:9618?addrs=188.185.70.244-9618+[2001-1458-d00-7--100-2ee]-9618&alias=bigbird10.cern.ch&noUDP&sock=schedd_2037_ca81>
...
040 (2526743.103.000) 07/20 13:21:38 Started transferring input files
	Transferring to host: <128.142.59.19:9618?addrs=128.142.59.19-9618+[2001-1458-301-21--100-12]-9618&alias=b7s04p6244.cern.ch&noUDP&sock=slot1_4_4048_ee9e_13394>
...
040 (2526743.103.000) 07/20 13:21:39 Finished transferring input files
...
001 (2526743.103.000) 07/20 13:21:39 Job executing on host: <128.142.59.19:9618?addrs=128.142.59.19-9618+[2001-1458-301-21--100-12]-9618&alias=b7s04p6244.cern.ch&noUDP&sock=startd_3596_22a7>
...
006 (2526743.103.000) 07/20 13:21:47 Image size of job updated: 533004
	198  -  MemoryUsage of job (MB)
	202256  -  ResidentSetSize of job (KB)
...
006 (2526743.103.000) 07/20 13:26:47 Image size of job updated: 636660
	210  -  MemoryUsage of job (MB)
	214084  -  ResidentSetSize of job (KB)
...
006 (2526743.103.000) 07/20 13:31:48 Image size of job updated: 636660
	210  -  MemoryUsage of job (MB)
	214088  -  ResidentSetSize of job (KB)
...
006 (2526743.103.000) 07/20 13:46:49 Image size of job updated: 636660
	210  -  MemoryUsage of job (MB)
	214092  -  ResidentSetSize of job (KB)
...
006 (2526743.103.000) 07/20 13:56:50 Image size of job updated: 639788
	213  -  MemoryUsage of job (MB)
	217288  -  ResidentSetSize of job (KB)
...
006 (2526743.103.000) 07/20 14:01:50 Image size of job updated: 941132
	417  -  MemoryUsage of job (MB)
	426240  -  ResidentSetSize of job (KB)
...
006 (2526743.103.000) 07/20 14:56:56 Image size of job updated: 941656
	417  -  MemoryUsage of job (MB)
	426844  -  ResidentSetSize of job (KB)
...
040 (2526743.103.000) 07/20 15:01:06 Started transferring output files
...
040 (2526743.103.000) 07/20 15:01:06 Finished transferring output files
...
005 (2526743.103.000) 07/20 15:01:07 Job terminated.
	(1) Normal termination (return value 0)
		Usr 0 01:05:46, Sys 0 00:00:07  -  Run Remote Usage
		Usr 0 00:00:00, Sys 0 00:00:00  -  Run Local Usage
		Usr 0 01:05:46, Sys 0 00:00:07  -  Total Remote Usage
		Usr 0 00:00:00, Sys 0 00:00:00  -  Total Local Usage
	48813  -  Run Bytes Sent By Job
	55262812  -  Run Bytes Received By Job
	48813  -  Total Bytes Sent By Job
	55262812  -  Total Bytes Received By Job
	Partitionable Resources :     Usage  Request Allocated 
	   Cpus                 :      1.00        3         3 
	   Disk (KB)            : 204654       75000   1307350 
	   Memory (MB)          :    417        6000      6000 

	Job terminated of its own accord at 2021-07-20T13:01:06Z.
...
