000 (2521675.171.000) 07/19 04:18:40 Job submitted from host: <188.185.70.244:9618?addrs=188.185.70.244-9618+[2001-1458-d00-7--100-2ee]-9618&alias=bigbird10.cern.ch&noUDP&sock=schedd_2037_ca81>
...
040 (2521675.171.000) 07/19 04:25:42 Started transferring input files
	Transferring to host: <128.142.77.27:9618?addrs=128.142.77.27-9618+[2001-1458-301-f4--100-3b]-9618&alias=b7s12n3716.cern.ch&noUDP&sock=slot1_2_5419_ecf5_66360>
...
040 (2521675.171.000) 07/19 04:25:43 Finished transferring input files
...
001 (2521675.171.000) 07/19 04:25:43 Job executing on host: <128.142.77.27:9618?addrs=128.142.77.27-9618+[2001-1458-301-f4--100-3b]-9618&alias=b7s12n3716.cern.ch&noUDP&sock=startd_4324_7b9a>
...
006 (2521675.171.000) 07/19 04:25:51 Image size of job updated: 91424
	45  -  MemoryUsage of job (MB)
	45524  -  ResidentSetSize of job (KB)
...
006 (2521675.171.000) 07/19 04:30:51 Image size of job updated: 630844
	205  -  MemoryUsage of job (MB)
	209064  -  ResidentSetSize of job (KB)
...
006 (2521675.171.000) 07/19 04:35:19 Image size of job updated: 766480
	205  -  MemoryUsage of job (MB)
	209064  -  ResidentSetSize of job (KB)
...
040 (2521675.171.000) 07/19 04:35:19 Started transferring output files
...
040 (2521675.171.000) 07/19 04:35:19 Finished transferring output files
...
005 (2521675.171.000) 07/19 04:35:19 Job terminated.
	(1) Normal termination (return value 0)
		Usr 0 00:01:12, Sys 0 00:00:02  -  Run Remote Usage
		Usr 0 00:00:00, Sys 0 00:00:00  -  Run Local Usage
		Usr 0 00:01:12, Sys 0 00:00:02  -  Total Remote Usage
		Usr 0 00:00:00, Sys 0 00:00:00  -  Total Local Usage
	52835  -  Run Bytes Sent By Job
	55262812  -  Run Bytes Received By Job
	52835  -  Total Bytes Sent By Job
	55262812  -  Total Bytes Received By Job
	Partitionable Resources :    Usage  Request Allocated 
	   Cpus                 :                 3         3 
	   Disk (KB)            :   182139    75000    281906 
	   Memory (MB)          :      205     6000      6000 

	Job terminated of its own accord at 2021-07-19T02:35:19Z.
...
