000 (2521675.141.000) 07/19 04:18:40 Job submitted from host: <188.185.70.244:9618?addrs=188.185.70.244-9618+[2001-1458-d00-7--100-2ee]-9618&alias=bigbird10.cern.ch&noUDP&sock=schedd_2037_ca81>
...
040 (2521675.141.000) 07/19 04:24:44 Started transferring input files
	Transferring to host: <128.142.57.123:9618?addrs=128.142.57.123-9618+[2001-1458-301-7--100-7a]-9618&alias=b7s02p6534.cern.ch&noUDP&sock=slot1_11_4237_1985_16350>
...
040 (2521675.141.000) 07/19 04:24:45 Finished transferring input files
...
001 (2521675.141.000) 07/19 04:24:45 Job executing on host: <128.142.57.123:9618?addrs=128.142.57.123-9618+[2001-1458-301-7--100-7a]-9618&alias=b7s02p6534.cern.ch&noUDP&sock=startd_3746_05dc>
...
006 (2521675.141.000) 07/19 04:24:53 Image size of job updated: 1067548
	205  -  MemoryUsage of job (MB)
	209580  -  ResidentSetSize of job (KB)
...
006 (2521675.141.000) 07/19 04:29:53 Image size of job updated: 1067548
	205  -  MemoryUsage of job (MB)
	209592  -  ResidentSetSize of job (KB)
...
040 (2521675.141.000) 07/19 04:31:16 Started transferring output files
...
040 (2521675.141.000) 07/19 04:31:17 Finished transferring output files
...
005 (2521675.141.000) 07/19 04:31:17 Job terminated.
	(1) Normal termination (return value 0)
		Usr 0 00:00:47, Sys 0 00:00:02  -  Run Remote Usage
		Usr 0 00:00:00, Sys 0 00:00:00  -  Run Local Usage
		Usr 0 00:00:47, Sys 0 00:00:02  -  Total Remote Usage
		Usr 0 00:00:00, Sys 0 00:00:00  -  Total Local Usage
	53033  -  Run Bytes Sent By Job
	55262812  -  Run Bytes Received By Job
	53033  -  Total Bytes Sent By Job
	55262812  -  Total Bytes Received By Job
	Partitionable Resources :     Usage  Request Allocated 
	   Cpus                 :      0.01        3         3 
	   Disk (KB)            : 182226       75000   1356508 
	   Memory (MB)          :    205        6000      6000 

	Job terminated of its own accord at 2021-07-19T02:31:16Z.
...
