000 (2524617.024.000) 07/20 01:52:26 Job submitted from host: <188.185.70.244:9618?addrs=188.185.70.244-9618+[2001-1458-d00-7--100-2ee]-9618&alias=bigbird10.cern.ch&noUDP&sock=schedd_2037_ca81>
...
040 (2524617.024.000) 07/20 01:55:35 Started transferring input files
	Transferring to host: <128.142.57.32:9618?addrs=128.142.57.32-9618+[2001-1458-301-7--100-1f]-9618&alias=b7s02p4476.cern.ch&noUDP&sock=slot1_5_6580_f485_17161>
...
040 (2524617.024.000) 07/20 01:55:36 Finished transferring input files
...
001 (2524617.024.000) 07/20 01:55:36 Job executing on host: <128.142.57.32:9618?addrs=128.142.57.32-9618+[2001-1458-301-7--100-1f]-9618&alias=b7s02p4476.cern.ch&noUDP&sock=startd_6118_0481>
...
006 (2524617.024.000) 07/20 01:55:45 Image size of job updated: 408608
	201  -  MemoryUsage of job (MB)
	205808  -  ResidentSetSize of job (KB)
...
006 (2524617.024.000) 07/20 02:00:46 Image size of job updated: 790988
	268  -  MemoryUsage of job (MB)
	274184  -  ResidentSetSize of job (KB)
...
006 (2524617.024.000) 07/20 02:08:32 Image size of job updated: 791960
	268  -  MemoryUsage of job (MB)
	274184  -  ResidentSetSize of job (KB)
...
040 (2524617.024.000) 07/20 02:08:32 Started transferring output files
...
040 (2524617.024.000) 07/20 02:08:32 Finished transferring output files
...
005 (2524617.024.000) 07/20 02:08:32 Job terminated.
	(1) Normal termination (return value 0)
		Usr 0 00:12:52, Sys 0 00:00:01  -  Run Remote Usage
		Usr 0 00:00:00, Sys 0 00:00:00  -  Run Local Usage
		Usr 0 00:12:52, Sys 0 00:00:01  -  Total Remote Usage
		Usr 0 00:00:00, Sys 0 00:00:00  -  Total Local Usage
	53172  -  Run Bytes Sent By Job
	55262812  -  Run Bytes Received By Job
	53172  -  Total Bytes Sent By Job
	55262812  -  Total Bytes Received By Job
	Partitionable Resources :     Usage  Request Allocated 
	   Cpus                 :      1.00        3         3 
	   Disk (KB)            : 179484       75000   1322527 
	   Memory (MB)          :    268        6000      6000 

	Job terminated of its own accord at 2021-07-20T00:08:32Z.
...
