000 (2521867.114.000) 07/19 07:46:08 Job submitted from host: <188.185.70.244:9618?addrs=188.185.70.244-9618+[2001-1458-d00-7--100-2ee]-9618&alias=bigbird10.cern.ch&noUDP&sock=schedd_2037_ca81>
...
040 (2521867.114.000) 07/19 07:49:23 Started transferring input files
	Transferring to host: <128.142.58.140:9618?addrs=128.142.58.140-9618+[2001-1458-301-16--100-8b]-9618&alias=b7s03p9013.cern.ch&noUDP&sock=slot1_2_6607_faa6_12178>
...
040 (2521867.114.000) 07/19 07:49:24 Finished transferring input files
...
001 (2521867.114.000) 07/19 07:49:24 Job executing on host: <128.142.58.140:9618?addrs=128.142.58.140-9618+[2001-1458-301-16--100-8b]-9618&alias=b7s03p9013.cern.ch&noUDP&sock=startd_6147_e8c0>
...
006 (2521867.114.000) 07/19 07:49:32 Image size of job updated: 254116
	175  -  MemoryUsage of job (MB)
	179100  -  ResidentSetSize of job (KB)
...
006 (2521867.114.000) 07/19 07:54:32 Image size of job updated: 750332
	297  -  MemoryUsage of job (MB)
	303628  -  ResidentSetSize of job (KB)
...
006 (2521867.114.000) 07/19 08:07:24 Image size of job updated: 750780
	297  -  MemoryUsage of job (MB)
	303628  -  ResidentSetSize of job (KB)
...
040 (2521867.114.000) 07/19 08:07:24 Started transferring output files
...
040 (2521867.114.000) 07/19 08:07:24 Finished transferring output files
...
005 (2521867.114.000) 07/19 08:07:25 Job terminated.
	(1) Normal termination (return value 0)
		Usr 0 00:14:06, Sys 0 00:00:02  -  Run Remote Usage
		Usr 0 00:00:00, Sys 0 00:00:00  -  Run Local Usage
		Usr 0 00:14:06, Sys 0 00:00:02  -  Total Remote Usage
		Usr 0 00:00:00, Sys 0 00:00:00  -  Total Local Usage
	48957  -  Run Bytes Sent By Job
	55262812  -  Run Bytes Received By Job
	48957  -  Total Bytes Sent By Job
	55262812  -  Total Bytes Received By Job
	Partitionable Resources :     Usage  Request Allocated 
	   Cpus                 :      1.00        3         3 
	   Disk (KB)            : 184740       75000   1320954 
	   Memory (MB)          :    297        6000      6000 

	Job terminated of its own accord at 2021-07-19T06:07:24Z.
...
