000 (2521675.057.000) 07/19 04:18:38 Job submitted from host: <188.185.70.244:9618?addrs=188.185.70.244-9618+[2001-1458-d00-7--100-2ee]-9618&alias=bigbird10.cern.ch&noUDP&sock=schedd_2037_ca81>
...
040 (2521675.057.000) 07/19 04:24:14 Started transferring input files
	Transferring to host: <188.184.183.35:9618?addrs=188.184.183.35-9618+[2001-1458-301-2b--100-2ca]-9618&alias=b7g41n4267.cern.ch&noUDP&sock=slot1_3_5595_eefd_64055>
...
040 (2521675.057.000) 07/19 04:24:15 Finished transferring input files
...
001 (2521675.057.000) 07/19 04:24:15 Job executing on host: <188.184.183.35:9618?addrs=188.184.183.35-9618+[2001-1458-301-2b--100-2ca]-9618&alias=b7g41n4267.cern.ch&noUDP&sock=startd_4294_e7c2>
...
006 (2521675.057.000) 07/19 04:24:24 Image size of job updated: 283288
	28  -  MemoryUsage of job (MB)
	28084  -  ResidentSetSize of job (KB)
...
006 (2521675.057.000) 07/19 04:29:26 Image size of job updated: 631168
	205  -  MemoryUsage of job (MB)
	209480  -  ResidentSetSize of job (KB)
...
006 (2521675.057.000) 07/19 04:34:26 Image size of job updated: 631168
	205  -  MemoryUsage of job (MB)
	209484  -  ResidentSetSize of job (KB)
...
006 (2521675.057.000) 07/19 05:47:59 Image size of job updated: 736836
	205  -  MemoryUsage of job (MB)
	209484  -  ResidentSetSize of job (KB)
...
040 (2521675.057.000) 07/19 05:48:00 Started transferring output files
...
040 (2521675.057.000) 07/19 05:48:00 Finished transferring output files
...
005 (2521675.057.000) 07/19 05:48:00 Job terminated.
	(1) Normal termination (return value 0)
		Usr 0 00:02:40, Sys 0 00:00:05  -  Run Remote Usage
		Usr 0 00:00:00, Sys 0 00:00:00  -  Run Local Usage
		Usr 0 00:02:40, Sys 0 00:00:05  -  Total Remote Usage
		Usr 0 00:00:00, Sys 0 00:00:00  -  Total Local Usage
	51157  -  Run Bytes Sent By Job
	55262812  -  Run Bytes Received By Job
	51157  -  Total Bytes Sent By Job
	55262812  -  Total Bytes Received By Job
	Partitionable Resources :     Usage  Request Allocated 
	   Cpus                 :      0.00        3         3 
	   Disk (KB)            : 193092       75000    359595 
	   Memory (MB)          :    205        6000      6000 

	Job terminated of its own accord at 2021-07-19T03:47:59Z.
...
