000 (2534572.152.000) 07/21 23:44:26 Job submitted from host: <188.185.70.244:9618?addrs=188.185.70.244-9618+[2001-1458-d00-7--100-2ee]-9618&alias=bigbird10.cern.ch&noUDP&sock=schedd_2037_ca81>
...
040 (2534572.152.000) 07/21 23:50:43 Started transferring input files
	Transferring to host: <128.142.58.170:9618?addrs=128.142.58.170-9618+[2001-1458-301-16--100-a9]-9618&alias=b7s03p6209.cern.ch&noUDP&sock=slot1_1_6951_5bb4_14262>
...
040 (2534572.152.000) 07/21 23:50:44 Finished transferring input files
...
001 (2534572.152.000) 07/21 23:50:44 Job executing on host: <128.142.58.170:9618?addrs=128.142.58.170-9618+[2001-1458-301-16--100-a9]-9618&alias=b7s03p6209.cern.ch&noUDP&sock=startd_6472_d508>
...
006 (2534572.152.000) 07/21 23:50:52 Image size of job updated: 278880
	199  -  MemoryUsage of job (MB)
	203536  -  ResidentSetSize of job (KB)
...
006 (2534572.152.000) 07/21 23:55:52 Image size of job updated: 799100
	276  -  MemoryUsage of job (MB)
	281784  -  ResidentSetSize of job (KB)
...
006 (2534572.152.000) 07/22 00:00:29 Image size of job updated: 799764
	276  -  MemoryUsage of job (MB)
	281784  -  ResidentSetSize of job (KB)
...
040 (2534572.152.000) 07/22 00:00:29 Started transferring output files
...
040 (2534572.152.000) 07/22 00:00:30 Finished transferring output files
...
005 (2534572.152.000) 07/22 00:00:30 Job terminated.
	(1) Normal termination (return value 0)
		Usr 0 00:06:54, Sys 0 00:00:02  -  Run Remote Usage
		Usr 0 00:00:00, Sys 0 00:00:00  -  Run Local Usage
		Usr 0 00:06:54, Sys 0 00:00:02  -  Total Remote Usage
		Usr 0 00:00:00, Sys 0 00:00:00  -  Total Local Usage
	44621  -  Run Bytes Sent By Job
	55262812  -  Run Bytes Received By Job
	44621  -  Total Bytes Sent By Job
	55262812  -  Total Bytes Received By Job
	Partitionable Resources :     Usage  Request Allocated 
	   Cpus                 :      1.00        3         3 
	   Disk (KB)            : 181011       75000   1233451 
	   Memory (MB)          :    276        6000      6000 

	Job terminated of its own accord at 2021-07-21T22:00:29Z.
...
