000 (2524871.162.000) 07/20 04:35:08 Job submitted from host: <188.185.70.244:9618?addrs=188.185.70.244-9618+[2001-1458-d00-7--100-2ee]-9618&alias=bigbird10.cern.ch&noUDP&sock=schedd_2037_ca81>
...
022 (2524871.162.000) 07/20 05:26:08 Job disconnected, attempting to reconnect
    Socket between submit and execute hosts closed unexpectedly
    Trying to reconnect to slot1_4@b7g24n0640.cern.ch <188.184.213.138:9618?addrs=188.184.213.138-9618+[2001-1458-301-10c--100-188]-9618&alias=b7g24n0640.cern.ch&noUDP&sock=startd_5687_6330>
...
024 (2524871.162.000) 07/20 05:26:08 Job reconnection failed
    Job not found at execution machine
    Can not reconnect to slot1_4@b7g24n0640.cern.ch, rescheduling job
...
040 (2524871.162.000) 07/20 05:26:55 Started transferring input files
	Transferring to host: <128.142.56.48:9618?addrs=128.142.56.48-9618+[2001-1458-301-6--100-2f]-9618&alias=b7s01p7062.cern.ch&noUDP&sock=slot1_26_56249_4248_13487>
...
040 (2524871.162.000) 07/20 05:26:56 Finished transferring input files
...
001 (2524871.162.000) 07/20 05:26:56 Job executing on host: <128.142.56.48:9618?addrs=128.142.56.48-9618+[2001-1458-301-6--100-2f]-9618&alias=b7s01p7062.cern.ch&noUDP&sock=startd_56205_8896>
...
006 (2524871.162.000) 07/20 05:27:04 Image size of job updated: 525360
	156  -  MemoryUsage of job (MB)
	159100  -  ResidentSetSize of job (KB)
...
006 (2524871.162.000) 07/20 05:32:04 Image size of job updated: 807068
	287  -  MemoryUsage of job (MB)
	293168  -  ResidentSetSize of job (KB)
...
006 (2524871.162.000) 07/20 05:37:05 Image size of job updated: 807532
	287  -  MemoryUsage of job (MB)
	293772  -  ResidentSetSize of job (KB)
...
040 (2524871.162.000) 07/20 05:38:28 Started transferring output files
...
040 (2524871.162.000) 07/20 05:38:28 Finished transferring output files
...
005 (2524871.162.000) 07/20 05:38:28 Job terminated.
	(1) Normal termination (return value 0)
		Usr 0 00:11:21, Sys 0 00:00:02  -  Run Remote Usage
		Usr 0 00:00:00, Sys 0 00:00:00  -  Run Local Usage
		Usr 0 00:11:21, Sys 0 00:00:02  -  Total Remote Usage
		Usr 0 00:00:00, Sys 0 00:00:00  -  Total Local Usage
	53464  -  Run Bytes Sent By Job
	55262812  -  Run Bytes Received By Job
	53464  -  Total Bytes Sent By Job
	55262812  -  Total Bytes Received By Job
	Partitionable Resources :     Usage  Request Allocated 
	   Cpus                 :      1.00        3         3 
	   Disk (KB)            : 182250       75000   1306225 
	   Memory (MB)          :    287        6000      6000 

	Job terminated of its own accord at 2021-07-20T03:38:28Z.
...
