000 (2521842.208.000) 07/19 05:55:56 Job submitted from host: <188.185.70.244:9618?addrs=188.185.70.244-9618+[2001-1458-d00-7--100-2ee]-9618&alias=bigbird10.cern.ch&noUDP&sock=schedd_2037_ca81>
...
040 (2521842.208.000) 07/19 06:04:18 Started transferring input files
	Transferring to host: <188.184.213.26:9618?addrs=188.184.213.26-9618+[2001-1458-301-10c--100-ff]-9618&alias=b7g24n0513.cern.ch&noUDP&sock=slot1_2_31474_07b9_121313>
...
040 (2521842.208.000) 07/19 06:04:19 Finished transferring input files
...
001 (2521842.208.000) 07/19 06:04:19 Job executing on host: <188.184.213.26:9618?addrs=188.184.213.26-9618+[2001-1458-301-10c--100-ff]-9618&alias=b7g24n0513.cern.ch&noUDP&sock=startd_20218_71df>
...
006 (2521842.208.000) 07/19 06:04:27 Image size of job updated: 28624
	11  -  MemoryUsage of job (MB)
	10792  -  ResidentSetSize of job (KB)
...
006 (2521842.208.000) 07/19 06:09:27 Image size of job updated: 626744
	201  -  MemoryUsage of job (MB)
	205808  -  ResidentSetSize of job (KB)
...
006 (2521842.208.000) 07/19 06:29:30 Image size of job updated: 791952
	269  -  MemoryUsage of job (MB)
	275120  -  ResidentSetSize of job (KB)
...
006 (2521842.208.000) 07/19 06:39:31 Image size of job updated: 792432
	270  -  MemoryUsage of job (MB)
	275720  -  ResidentSetSize of job (KB)
...
040 (2521842.208.000) 07/19 06:41:54 Started transferring output files
...
040 (2521842.208.000) 07/19 06:41:54 Finished transferring output files
...
005 (2521842.208.000) 07/19 06:41:55 Job terminated.
	(1) Normal termination (return value 0)
		Usr 0 00:17:16, Sys 0 00:00:03  -  Run Remote Usage
		Usr 0 00:00:00, Sys 0 00:00:00  -  Run Local Usage
		Usr 0 00:17:16, Sys 0 00:00:03  -  Total Remote Usage
		Usr 0 00:00:00, Sys 0 00:00:00  -  Total Local Usage
	52396  -  Run Bytes Sent By Job
	55262812  -  Run Bytes Received By Job
	52396  -  Total Bytes Sent By Job
	55262812  -  Total Bytes Received By Job
	Partitionable Resources :     Usage  Request Allocated 
	   Cpus                 :      1.00        3         3 
	   Disk (KB)            : 179675       75000    311255 
	   Memory (MB)          :    270        6000      6000 

	Job terminated of its own accord at 2021-07-19T04:41:54Z.
...
