000 (2524617.174.000) 07/20 01:52:27 Job submitted from host: <188.185.70.244:9618?addrs=188.185.70.244-9618+[2001-1458-d00-7--100-2ee]-9618&alias=bigbird10.cern.ch&noUDP&sock=schedd_2037_ca81>
...
040 (2524617.174.000) 07/20 02:01:11 Started transferring input files
	Transferring to host: <188.184.210.115:9618?addrs=188.184.210.115-9618+[2001-1458-301-10b--100-23d]-9618&alias=b7g23n4651.cern.ch&noUDP&sock=slot1_3_4508_0b30_64907>
...
040 (2524617.174.000) 07/20 02:01:12 Finished transferring input files
...
001 (2524617.174.000) 07/20 02:01:12 Job executing on host: <188.184.210.115:9618?addrs=188.184.210.115-9618+[2001-1458-301-10b--100-23d]-9618&alias=b7g23n4651.cern.ch&noUDP&sock=startd_3718_d135>
...
006 (2524617.174.000) 07/20 02:01:21 Image size of job updated: 160232
	28  -  MemoryUsage of job (MB)
	28080  -  ResidentSetSize of job (KB)
...
006 (2524617.174.000) 07/20 02:06:22 Image size of job updated: 631960
	205  -  MemoryUsage of job (MB)
	209644  -  ResidentSetSize of job (KB)
...
006 (2524617.174.000) 07/20 02:21:23 Image size of job updated: 809552
	289  -  MemoryUsage of job (MB)
	295688  -  ResidentSetSize of job (KB)
...
006 (2524617.174.000) 07/20 02:41:24 Image size of job updated: 810036
	290  -  MemoryUsage of job (MB)
	296280  -  ResidentSetSize of job (KB)
...
040 (2524617.174.000) 07/20 02:44:26 Started transferring output files
...
040 (2524617.174.000) 07/20 02:44:26 Finished transferring output files
...
005 (2524617.174.000) 07/20 02:44:26 Job terminated.
	(1) Normal termination (return value 0)
		Usr 0 00:24:35, Sys 0 00:00:04  -  Run Remote Usage
		Usr 0 00:00:00, Sys 0 00:00:00  -  Run Local Usage
		Usr 0 00:24:35, Sys 0 00:00:04  -  Total Remote Usage
		Usr 0 00:00:00, Sys 0 00:00:00  -  Total Local Usage
	53077  -  Run Bytes Sent By Job
	55262812  -  Run Bytes Received By Job
	53077  -  Total Bytes Sent By Job
	55262812  -  Total Bytes Received By Job
	Partitionable Resources :     Usage  Request Allocated 
	   Cpus                 :      1.00        3         3 
	   Disk (KB)            : 182698       75000    345932 
	   Memory (MB)          :    290        6000      6000 

	Job terminated of its own accord at 2021-07-20T00:44:26Z.
...
