000 (2552364.000.000) 07/26 17:27:33 Job submitted from host: <188.185.70.244:9618?addrs=188.185.70.244-9618+[2001-1458-d00-7--100-2ee]-9618&alias=bigbird10.cern.ch&noUDP&sock=schedd_2037_ca81>
...
040 (2552364.000.000) 07/26 17:30:48 Entered queue to transfer input files
	Transferring to host: <128.142.149.34:9618?addrs=128.142.149.34-9618+[2001-1458-301-b--100-1bd]-9618&alias=b7g41n1896.cern.ch&noUDP&sock=slot1_2_15390_65ab_142156>
...
040 (2552364.000.000) 07/26 17:31:13 Started transferring input files
	Seconds spent in queue: 25
...
001 (2552364.000.000) 07/26 17:31:13 Job executing on host: <128.142.149.34:9618?addrs=128.142.149.34-9618+[2001-1458-301-b--100-1bd]-9618&alias=b7g41n1896.cern.ch&noUDP&sock=startd_6531_4d1e>
...
006 (2552364.000.000) 07/26 17:31:24 Image size of job updated: 47128
	27  -  MemoryUsage of job (MB)
	27512  -  ResidentSetSize of job (KB)
...
040 (2552364.000.000) 07/26 17:31:24 Finished transferring input files
...
006 (2552364.000.000) 07/26 17:36:23 Image size of job updated: 630840
	205  -  MemoryUsage of job (MB)
	209040  -  ResidentSetSize of job (KB)
...
006 (2552364.000.000) 07/26 17:46:23 Image size of job updated: 806988
	287  -  MemoryUsage of job (MB)
	293628  -  ResidentSetSize of job (KB)
...
006 (2552364.000.000) 07/26 18:01:25 Image size of job updated: 807488
	288  -  MemoryUsage of job (MB)
	294200  -  ResidentSetSize of job (KB)
...
040 (2552364.000.000) 07/26 18:02:03 Started transferring output files
	Seconds spent in queue: 1875
...
040 (2552364.000.000) 07/26 18:02:04 Finished transferring output files
...
005 (2552364.000.000) 07/26 18:02:04 Job terminated.
	(1) Normal termination (return value 0)
		Usr 0 00:18:08, Sys 0 00:00:03  -  Run Remote Usage
		Usr 0 00:00:00, Sys 0 00:00:00  -  Run Local Usage
		Usr 0 00:18:08, Sys 0 00:00:03  -  Total Remote Usage
		Usr 0 00:00:00, Sys 0 00:00:00  -  Total Local Usage
	51761  -  Run Bytes Sent By Job
	55262876  -  Run Bytes Received By Job
	51761  -  Total Bytes Sent By Job
	55262876  -  Total Bytes Received By Job
	Partitionable Resources :     Usage  Request Allocated 
	   Cpus                 :      1.00        3         3 
	   Disk (KB)            : 182245       75000    348804 
	   Memory (MB)          :    288        6000      6000 

	Job terminated of its own accord at 2021-07-26T16:02:03Z.
...
