000 (2523366.115.000) 07/19 23:50:31 Job submitted from host: <188.185.70.244:9618?addrs=188.185.70.244-9618+[2001-1458-d00-7--100-2ee]-9618&alias=bigbird10.cern.ch&noUDP&sock=schedd_2037_ca81>
...
040 (2523366.115.000) 07/20 00:22:41 Started transferring input files
	Transferring to host: <188.184.197.59:9618?addrs=188.184.197.59-9618+[2001-1458-301-103--100-406]-9618&alias=b7g23n3474.cern.ch&noUDP&sock=slot1_2_24159_f36f_118326>
...
040 (2523366.115.000) 07/20 00:22:42 Finished transferring input files
...
001 (2523366.115.000) 07/20 00:22:42 Job executing on host: <188.184.197.59:9618?addrs=188.184.197.59-9618+[2001-1458-301-103--100-406]-9618&alias=b7g23n3474.cern.ch&noUDP&sock=startd_18733_dbbb>
...
006 (2523366.115.000) 07/20 00:22:51 Image size of job updated: 424176
	68  -  MemoryUsage of job (MB)
	69192  -  ResidentSetSize of job (KB)
...
006 (2523366.115.000) 07/20 00:27:52 Image size of job updated: 630968
	205  -  MemoryUsage of job (MB)
	209268  -  ResidentSetSize of job (KB)
...
006 (2523366.115.000) 07/20 00:32:53 Image size of job updated: 829068
	305  -  MemoryUsage of job (MB)
	311420  -  ResidentSetSize of job (KB)
...
006 (2523366.115.000) 07/20 01:02:56 Image size of job updated: 829600
	305  -  MemoryUsage of job (MB)
	312088  -  ResidentSetSize of job (KB)
...
040 (2523366.115.000) 07/20 01:07:32 Started transferring output files
...
040 (2523366.115.000) 07/20 01:07:32 Finished transferring output files
...
005 (2523366.115.000) 07/20 01:07:33 Job terminated.
	(1) Normal termination (return value 0)
		Usr 0 00:38:07, Sys 0 00:00:06  -  Run Remote Usage
		Usr 0 00:00:00, Sys 0 00:00:00  -  Run Local Usage
		Usr 0 00:38:07, Sys 0 00:00:06  -  Total Remote Usage
		Usr 0 00:00:00, Sys 0 00:00:00  -  Total Local Usage
	49653  -  Run Bytes Sent By Job
	55262812  -  Run Bytes Received By Job
	49653  -  Total Bytes Sent By Job
	55262812  -  Total Bytes Received By Job
	Partitionable Resources :     Usage  Request Allocated 
	   Cpus                 :      1.00        3         3 
	   Disk (KB)            : 185580       75000    331877 
	   Memory (MB)          :    305        6000      6000 

	Job terminated of its own accord at 2021-07-19T23:07:32Z.
...
