000 (2526743.076.000) 07/20 13:19:14 Job submitted from host: <188.185.70.244:9618?addrs=188.185.70.244-9618+[2001-1458-d00-7--100-2ee]-9618&alias=bigbird10.cern.ch&noUDP&sock=schedd_2037_ca81>
...
040 (2526743.076.000) 07/20 13:21:30 Started transferring input files
	Transferring to host: <128.142.58.122:9618?addrs=128.142.58.122-9618+[2001-1458-301-16--100-79]-9618&alias=b7s03p5500.cern.ch&noUDP&sock=slot1_14_7970_55fd_6517>
...
040 (2526743.076.000) 07/20 13:21:31 Finished transferring input files
...
001 (2526743.076.000) 07/20 13:21:31 Job executing on host: <128.142.58.122:9618?addrs=128.142.58.122-9618+[2001-1458-301-16--100-79]-9618&alias=b7s03p5500.cern.ch&noUDP&sock=startd_6077_e51f>
...
006 (2526743.076.000) 07/20 13:21:40 Image size of job updated: 270128
	191  -  MemoryUsage of job (MB)
	194804  -  ResidentSetSize of job (KB)
...
006 (2526743.076.000) 07/20 13:26:41 Image size of job updated: 631952
	205  -  MemoryUsage of job (MB)
	209684  -  ResidentSetSize of job (KB)
...
006 (2526743.076.000) 07/20 13:46:42 Image size of job updated: 809100
	289  -  MemoryUsage of job (MB)
	295348  -  ResidentSetSize of job (KB)
...
006 (2526743.076.000) 07/20 13:56:43 Image size of job updated: 809708
	290  -  MemoryUsage of job (MB)
	295948  -  ResidentSetSize of job (KB)
...
040 (2526743.076.000) 07/20 14:03:42 Started transferring output files
...
040 (2526743.076.000) 07/20 14:03:42 Finished transferring output files
...
005 (2526743.076.000) 07/20 14:03:42 Job terminated.
	(1) Normal termination (return value 0)
		Usr 0 00:18:27, Sys 0 00:00:02  -  Run Remote Usage
		Usr 0 00:00:00, Sys 0 00:00:00  -  Run Local Usage
		Usr 0 00:18:27, Sys 0 00:00:02  -  Total Remote Usage
		Usr 0 00:00:00, Sys 0 00:00:00  -  Total Local Usage
	53018  -  Run Bytes Sent By Job
	55262812  -  Run Bytes Received By Job
	53018  -  Total Bytes Sent By Job
	55262812  -  Total Bytes Received By Job
	Partitionable Resources :     Usage  Request Allocated 
	   Cpus                 :      1.00        3         3 
	   Disk (KB)            : 182639       75000   1297383 
	   Memory (MB)          :    290        6000      6000 

	Job terminated of its own accord at 2021-07-20T12:03:42Z.
...
