000 (2521867.135.000) 07/19 07:46:08 Job submitted from host: <188.185.70.244:9618?addrs=188.185.70.244-9618+[2001-1458-d00-7--100-2ee]-9618&alias=bigbird10.cern.ch&noUDP&sock=schedd_2037_ca81>
...
040 (2521867.135.000) 07/19 07:49:31 Started transferring input files
	Transferring to host: <128.142.57.113:9618?addrs=128.142.57.113-9618+[2001-1458-301-7--100-70]-9618&alias=b7s02p4192.cern.ch&noUDP&sock=slot1_17_6532_2283_14585>
...
040 (2521867.135.000) 07/19 07:49:31 Finished transferring input files
...
001 (2521867.135.000) 07/19 07:49:31 Job executing on host: <128.142.57.113:9618?addrs=128.142.57.113-9618+[2001-1458-301-7--100-70]-9618&alias=b7s02p4192.cern.ch&noUDP&sock=startd_6070_17f5>
...
006 (2521867.135.000) 07/19 07:49:41 Image size of job updated: 498176
	191  -  MemoryUsage of job (MB)
	194816  -  ResidentSetSize of job (KB)
...
006 (2521867.135.000) 07/19 07:54:41 Image size of job updated: 631960
	205  -  MemoryUsage of job (MB)
	209668  -  ResidentSetSize of job (KB)
...
006 (2521867.135.000) 07/19 08:04:43 Image size of job updated: 817388
	297  -  MemoryUsage of job (MB)
	303464  -  ResidentSetSize of job (KB)
...
006 (2521867.135.000) 07/19 08:09:43 Image size of job updated: 817904
	297  -  MemoryUsage of job (MB)
	304128  -  ResidentSetSize of job (KB)
...
040 (2521867.135.000) 07/19 08:11:34 Started transferring output files
...
040 (2521867.135.000) 07/19 08:11:34 Finished transferring output files
...
005 (2521867.135.000) 07/19 08:11:34 Job terminated.
	(1) Normal termination (return value 0)
		Usr 0 00:11:58, Sys 0 00:00:02  -  Run Remote Usage
		Usr 0 00:00:00, Sys 0 00:00:00  -  Run Local Usage
		Usr 0 00:11:58, Sys 0 00:00:02  -  Total Remote Usage
		Usr 0 00:00:00, Sys 0 00:00:00  -  Total Local Usage
	49983  -  Run Bytes Sent By Job
	55262812  -  Run Bytes Received By Job
	49983  -  Total Bytes Sent By Job
	55262812  -  Total Bytes Received By Job
	Partitionable Resources :     Usage  Request Allocated 
	   Cpus                 :      1.00        3         3 
	   Disk (KB)            : 184178       75000   1286192 
	   Memory (MB)          :    297        6000      6000 

	Job terminated of its own accord at 2021-07-19T06:11:34Z.
...
