000 (2521867.120.000) 07/19 07:46:08 Job submitted from host: <188.185.70.244:9618?addrs=188.185.70.244-9618+[2001-1458-d00-7--100-2ee]-9618&alias=bigbird10.cern.ch&noUDP&sock=schedd_2037_ca81>
...
040 (2521867.120.000) 07/19 07:49:25 Started transferring input files
	Transferring to host: <128.142.56.99:9618?addrs=128.142.56.99-9618+[2001-1458-301-6--100-62]-9618&alias=b7s01p2935.cern.ch&noUDP&sock=slot1_9_57580_119f_15801>
...
040 (2521867.120.000) 07/19 07:49:26 Finished transferring input files
...
001 (2521867.120.000) 07/19 07:49:26 Job executing on host: <128.142.56.99:9618?addrs=128.142.56.99-9618+[2001-1458-301-6--100-62]-9618&alias=b7s01p2935.cern.ch&noUDP&sock=startd_54485_c1b1>
...
006 (2521867.120.000) 07/19 07:49:34 Image size of job updated: 270764
	191  -  MemoryUsage of job (MB)
	195552  -  ResidentSetSize of job (KB)
...
006 (2521867.120.000) 07/19 07:54:34 Image size of job updated: 626824
	203  -  MemoryUsage of job (MB)
	207216  -  ResidentSetSize of job (KB)
...
006 (2521867.120.000) 07/19 08:04:36 Image size of job updated: 723980
	271  -  MemoryUsage of job (MB)
	277300  -  ResidentSetSize of job (KB)
...
006 (2521867.120.000) 07/19 08:09:36 Image size of job updated: 724572
	272  -  MemoryUsage of job (MB)
	277892  -  ResidentSetSize of job (KB)
...
040 (2521867.120.000) 07/19 08:10:17 Started transferring output files
...
040 (2521867.120.000) 07/19 08:10:17 Finished transferring output files
...
005 (2521867.120.000) 07/19 08:10:17 Job terminated.
	(1) Normal termination (return value 0)
		Usr 0 00:10:28, Sys 0 00:00:02  -  Run Remote Usage
		Usr 0 00:00:00, Sys 0 00:00:00  -  Run Local Usage
		Usr 0 00:10:28, Sys 0 00:00:02  -  Total Remote Usage
		Usr 0 00:00:00, Sys 0 00:00:00  -  Total Local Usage
	53198  -  Run Bytes Sent By Job
	55262812  -  Run Bytes Received By Job
	53198  -  Total Bytes Sent By Job
	55262812  -  Total Bytes Received By Job
	Partitionable Resources :     Usage  Request Allocated 
	   Cpus                 :      1.00        3         3 
	   Disk (KB)            : 179975       75000   1369187 
	   Memory (MB)          :    272        6000      6000 

	Job terminated of its own accord at 2021-07-19T06:10:17Z.
...
