000 (2526743.217.000) 07/20 13:19:14 Job submitted from host: <188.185.70.244:9618?addrs=188.185.70.244-9618+[2001-1458-d00-7--100-2ee]-9618&alias=bigbird10.cern.ch&noUDP&sock=schedd_2037_ca81>
...
040 (2526743.217.000) 07/20 13:36:30 Started transferring input files
	Transferring to host: <188.184.212.9:9618?addrs=188.184.212.9-9618+[2001-1458-301-10c--100-3]-9618&alias=b7g24n0048.cern.ch&noUDP&sock=slot1_7_4913_6721_77000>
...
001 (2526743.217.000) 07/20 13:36:33 Job executing on host: <188.184.212.9:9618?addrs=188.184.212.9-9618+[2001-1458-301-10c--100-3]-9618&alias=b7g24n0048.cern.ch&noUDP&sock=startd_3864_f609>
...
040 (2526743.217.000) 07/20 13:36:33 Finished transferring input files
...
006 (2526743.217.000) 07/20 13:36:42 Image size of job updated: 2812
	2  -  MemoryUsage of job (MB)
	2044  -  ResidentSetSize of job (KB)
...
006 (2526743.217.000) 07/20 13:41:43 Image size of job updated: 626848
	201  -  MemoryUsage of job (MB)
	205252  -  ResidentSetSize of job (KB)
...
006 (2526743.217.000) 07/20 13:56:44 Image size of job updated: 804756
	281  -  MemoryUsage of job (MB)
	287332  -  ResidentSetSize of job (KB)
...
006 (2526743.217.000) 07/20 14:10:24 Image size of job updated: 805272
	281  -  MemoryUsage of job (MB)
	287332  -  ResidentSetSize of job (KB)
...
040 (2526743.217.000) 07/20 14:10:24 Started transferring output files
...
040 (2526743.217.000) 07/20 14:10:24 Finished transferring output files
...
005 (2526743.217.000) 07/20 14:10:24 Job terminated.
	(1) Normal termination (return value 0)
		Usr 0 00:19:08, Sys 0 00:00:02  -  Run Remote Usage
		Usr 0 00:00:00, Sys 0 00:00:00  -  Run Local Usage
		Usr 0 00:19:08, Sys 0 00:00:02  -  Total Remote Usage
		Usr 0 00:00:00, Sys 0 00:00:00  -  Total Local Usage
	51762  -  Run Bytes Sent By Job
	55262812  -  Run Bytes Received By Job
	51762  -  Total Bytes Sent By Job
	55262812  -  Total Bytes Received By Job
	Partitionable Resources :     Usage  Request Allocated 
	   Cpus                 :      1.00        3         3 
	   Disk (KB)            : 181946       75000    290373 
	   Memory (MB)          :    281        6000      6000 

	Job terminated of its own accord at 2021-07-20T12:10:24Z.
...
