000 (2556074.005.000) 07/27 10:23:52 Job submitted from host: <188.185.70.244:9618?addrs=188.185.70.244-9618+[2001-1458-d00-7--100-2ee]-9618&alias=bigbird10.cern.ch&noUDP&sock=schedd_2037_ca81>
...
040 (2556074.005.000) 07/27 10:30:19 Started transferring input files
	Transferring to host: <128.142.56.76:9618?addrs=128.142.56.76-9618+[2001-1458-301-6--100-4b]-9618&alias=b7s01p2354.cern.ch&noUDP&sock=slot1_10_52930_b921_20768>
...
040 (2556074.005.000) 07/27 10:30:19 Finished transferring input files
...
001 (2556074.005.000) 07/27 10:30:20 Job executing on host: <128.142.56.76:9618?addrs=128.142.56.76-9618+[2001-1458-301-6--100-4b]-9618&alias=b7s01p2354.cern.ch&noUDP&sock=startd_52885_4a29>
...
006 (2556074.005.000) 07/27 10:30:29 Image size of job updated: 493928
	85  -  MemoryUsage of job (MB)
	86392  -  ResidentSetSize of job (KB)
...
006 (2556074.005.000) 07/27 10:35:30 Image size of job updated: 631940
	205  -  MemoryUsage of job (MB)
	209672  -  ResidentSetSize of job (KB)
...
006 (2556074.005.000) 07/27 10:40:31 Image size of job updated: 786108
	266  -  MemoryUsage of job (MB)
	272312  -  ResidentSetSize of job (KB)
...
006 (2556074.005.000) 07/27 10:44:24 Image size of job updated: 786788
	266  -  MemoryUsage of job (MB)
	272312  -  ResidentSetSize of job (KB)
...
040 (2556074.005.000) 07/27 10:44:24 Started transferring output files
...
040 (2556074.005.000) 07/27 10:44:24 Finished transferring output files
...
005 (2556074.005.000) 07/27 10:44:24 Job terminated.
	(1) Normal termination (return value 0)
		Usr 0 00:06:04, Sys 0 00:00:03  -  Run Remote Usage
		Usr 0 00:00:00, Sys 0 00:00:00  -  Run Local Usage
		Usr 0 00:06:04, Sys 0 00:00:03  -  Total Remote Usage
		Usr 0 00:00:00, Sys 0 00:00:00  -  Total Local Usage
	50549  -  Run Bytes Sent By Job
	55262880  -  Run Bytes Received By Job
	50549  -  Total Bytes Sent By Job
	55262880  -  Total Bytes Received By Job
	Partitionable Resources :     Usage  Request Allocated 
	   Cpus                 :      1.00        3         3 
	   Disk (KB)            : 182212       75000   1257079 
	   Memory (MB)          :    266        6000      6000 

	Job terminated of its own accord at 2021-07-27T08:44:24Z.
...
