000 (2524617.045.000) 07/20 01:52:26 Job submitted from host: <188.185.70.244:9618?addrs=188.185.70.244-9618+[2001-1458-d00-7--100-2ee]-9618&alias=bigbird10.cern.ch&noUDP&sock=schedd_2037_ca81>
...
040 (2524617.045.000) 07/20 01:55:42 Started transferring input files
	Transferring to host: <128.142.56.157:9618?addrs=128.142.56.157-9618+[2001-1458-301-6--100-9c]-9618&alias=b7s01p2071.cern.ch&noUDP&sock=slot1_1_4037_2e7d_15777>
...
040 (2524617.045.000) 07/20 01:55:43 Finished transferring input files
...
001 (2524617.045.000) 07/20 01:55:43 Job executing on host: <128.142.56.157:9618?addrs=128.142.56.157-9618+[2001-1458-301-6--100-9c]-9618&alias=b7s01p2071.cern.ch&noUDP&sock=startd_3994_2159>
...
006 (2524617.045.000) 07/20 01:55:52 Image size of job updated: 593044
	191  -  MemoryUsage of job (MB)
	194656  -  ResidentSetSize of job (KB)
...
006 (2524617.045.000) 07/20 02:00:53 Image size of job updated: 631860
	208  -  MemoryUsage of job (MB)
	212340  -  ResidentSetSize of job (KB)
...
006 (2524617.045.000) 07/20 02:05:54 Image size of job updated: 739388
	286  -  MemoryUsage of job (MB)
	292676  -  ResidentSetSize of job (KB)
...
006 (2524617.045.000) 07/20 02:12:57 Image size of job updated: 739908
	286  -  MemoryUsage of job (MB)
	292676  -  ResidentSetSize of job (KB)
...
040 (2524617.045.000) 07/20 02:12:57 Started transferring output files
...
040 (2524617.045.000) 07/20 02:12:57 Finished transferring output files
...
005 (2524617.045.000) 07/20 02:12:57 Job terminated.
	(1) Normal termination (return value 0)
		Usr 0 00:08:03, Sys 0 00:00:02  -  Run Remote Usage
		Usr 0 00:00:00, Sys 0 00:00:00  -  Run Local Usage
		Usr 0 00:08:03, Sys 0 00:00:02  -  Total Remote Usage
		Usr 0 00:00:00, Sys 0 00:00:00  -  Total Local Usage
	51813  -  Run Bytes Sent By Job
	55262812  -  Run Bytes Received By Job
	51813  -  Total Bytes Sent By Job
	55262812  -  Total Bytes Received By Job
	Partitionable Resources :     Usage  Request Allocated 
	   Cpus                 :      1.00        3         3 
	   Disk (KB)            : 181824       75000   1293010 
	   Memory (MB)          :    286        6000      6000 

	Job terminated of its own accord at 2021-07-20T00:12:57Z.
...
