000 (2534572.161.000) 07/21 23:44:26 Job submitted from host: <188.185.70.244:9618?addrs=188.185.70.244-9618+[2001-1458-d00-7--100-2ee]-9618&alias=bigbird10.cern.ch&noUDP&sock=schedd_2037_ca81>
...
040 (2534572.161.000) 07/21 23:50:45 Started transferring input files
	Transferring to host: <128.142.57.146:9618?addrs=128.142.57.146-9618+[2001-1458-301-7--100-91]-9618&alias=b7s02p6502.cern.ch&noUDP&sock=slot1_1_6540_c583_17374>
...
040 (2534572.161.000) 07/21 23:50:46 Finished transferring input files
...
001 (2534572.161.000) 07/21 23:50:46 Job executing on host: <128.142.57.146:9618?addrs=128.142.57.146-9618+[2001-1458-301-7--100-91]-9618&alias=b7s02p6502.cern.ch&noUDP&sock=startd_6074_d656>
...
006 (2534572.161.000) 07/21 23:50:55 Image size of job updated: 534336
	188  -  MemoryUsage of job (MB)
	191740  -  ResidentSetSize of job (KB)
...
006 (2534572.161.000) 07/21 23:55:56 Image size of job updated: 631960
	205  -  MemoryUsage of job (MB)
	209676  -  ResidentSetSize of job (KB)
...
006 (2534572.161.000) 07/22 00:51:03 Image size of job updated: 819808
	299  -  MemoryUsage of job (MB)
	305988  -  ResidentSetSize of job (KB)
...
006 (2534572.161.000) 07/22 01:01:03 Image size of job updated: 820224
	300  -  MemoryUsage of job (MB)
	306508  -  ResidentSetSize of job (KB)
...
040 (2534572.161.000) 07/22 01:04:30 Started transferring output files
...
040 (2534572.161.000) 07/22 01:04:30 Finished transferring output files
...
005 (2534572.161.000) 07/22 01:04:30 Job terminated.
	(1) Normal termination (return value 0)
		Usr 0 00:18:32, Sys 0 00:00:02  -  Run Remote Usage
		Usr 0 00:00:00, Sys 0 00:00:00  -  Run Local Usage
		Usr 0 00:18:32, Sys 0 00:00:02  -  Total Remote Usage
		Usr 0 00:00:00, Sys 0 00:00:00  -  Total Local Usage
	42666  -  Run Bytes Sent By Job
	55262812  -  Run Bytes Received By Job
	42666  -  Total Bytes Sent By Job
	55262812  -  Total Bytes Received By Job
	Partitionable Resources :     Usage  Request Allocated 
	   Cpus                 :      1.00        3         3 
	   Disk (KB)            : 184637       75000   1239021 
	   Memory (MB)          :    300        6000      6000 

	Job terminated of its own accord at 2021-07-21T23:04:30Z.
...
