000 (2526743.172.000) 07/20 13:19:14 Job submitted from host: <188.185.70.244:9618?addrs=188.185.70.244-9618+[2001-1458-d00-7--100-2ee]-9618&alias=bigbird10.cern.ch&noUDP&sock=schedd_2037_ca81>
...
040 (2526743.172.000) 07/20 13:28:09 Started transferring input files
	Transferring to host: <128.142.58.106:9618?addrs=128.142.58.106-9618+[2001-1458-301-16--100-69]-9618&alias=b7s03p0316.cern.ch&noUDP&sock=slot1_15_9646_3ac1_3406>
...
040 (2526743.172.000) 07/20 13:28:10 Finished transferring input files
...
001 (2526743.172.000) 07/20 13:28:10 Job executing on host: <128.142.58.106:9618?addrs=128.142.58.106-9618+[2001-1458-301-16--100-69]-9618&alias=b7s03p0316.cern.ch&noUDP&sock=startd_8129_6576>
...
006 (2526743.172.000) 07/20 13:28:19 Image size of job updated: 428184
	188  -  MemoryUsage of job (MB)
	191752  -  ResidentSetSize of job (KB)
...
006 (2526743.172.000) 07/20 13:33:20 Image size of job updated: 631960
	205  -  MemoryUsage of job (MB)
	209672  -  ResidentSetSize of job (KB)
...
006 (2526743.172.000) 07/20 14:13:22 Image size of job updated: 809196
	289  -  MemoryUsage of job (MB)
	295360  -  ResidentSetSize of job (KB)
...
006 (2526743.172.000) 07/20 14:18:23 Image size of job updated: 809776
	290  -  MemoryUsage of job (MB)
	296040  -  ResidentSetSize of job (KB)
...
040 (2526743.172.000) 07/20 14:21:09 Started transferring output files
...
040 (2526743.172.000) 07/20 14:21:09 Finished transferring output files
...
005 (2526743.172.000) 07/20 14:21:10 Job terminated.
	(1) Normal termination (return value 0)
		Usr 0 00:11:40, Sys 0 00:00:02  -  Run Remote Usage
		Usr 0 00:00:00, Sys 0 00:00:00  -  Run Local Usage
		Usr 0 00:11:40, Sys 0 00:00:02  -  Total Remote Usage
		Usr 0 00:00:00, Sys 0 00:00:00  -  Total Local Usage
	53139  -  Run Bytes Sent By Job
	55262812  -  Run Bytes Received By Job
	53139  -  Total Bytes Sent By Job
	55262812  -  Total Bytes Received By Job
	Partitionable Resources :     Usage  Request Allocated 
	   Cpus                 :      1.00        3         3 
	   Disk (KB)            : 182637       75000   1254287 
	   Memory (MB)          :    290        6000      6000 

	Job terminated of its own accord at 2021-07-20T12:21:09Z.
...
