000 (2523366.084.000) 07/19 23:50:30 Job submitted from host: <188.185.70.244:9618?addrs=188.185.70.244-9618+[2001-1458-d00-7--100-2ee]-9618&alias=bigbird10.cern.ch&noUDP&sock=schedd_2037_ca81>
...
040 (2523366.084.000) 07/20 00:13:56 Started transferring input files
	Transferring to host: <128.142.58.168:9618?addrs=128.142.58.168-9618+[2001-1458-301-16--100-a7]-9618&alias=b7s03p4036.cern.ch&noUDP&sock=slot1_24_6780_df8d_11130>
...
040 (2523366.084.000) 07/20 00:13:57 Finished transferring input files
...
001 (2523366.084.000) 07/20 00:13:57 Job executing on host: <128.142.58.168:9618?addrs=128.142.58.168-9618+[2001-1458-301-16--100-a7]-9618&alias=b7s03p4036.cern.ch&noUDP&sock=startd_6325_009c>
...
006 (2523366.084.000) 07/20 00:14:05 Image size of job updated: 288712
	134  -  MemoryUsage of job (MB)
	137184  -  ResidentSetSize of job (KB)
...
006 (2523366.084.000) 07/20 00:19:05 Image size of job updated: 817508
	294  -  MemoryUsage of job (MB)
	300828  -  ResidentSetSize of job (KB)
...
006 (2523366.084.000) 07/20 00:34:06 Image size of job updated: 818076
	295  -  MemoryUsage of job (MB)
	301432  -  ResidentSetSize of job (KB)
...
040 (2523366.084.000) 07/20 00:36:30 Started transferring output files
...
040 (2523366.084.000) 07/20 00:36:30 Finished transferring output files
...
005 (2523366.084.000) 07/20 00:36:30 Job terminated.
	(1) Normal termination (return value 0)
		Usr 0 00:20:28, Sys 0 00:00:02  -  Run Remote Usage
		Usr 0 00:00:00, Sys 0 00:00:00  -  Run Local Usage
		Usr 0 00:20:28, Sys 0 00:00:02  -  Total Remote Usage
		Usr 0 00:00:00, Sys 0 00:00:00  -  Total Local Usage
	49497  -  Run Bytes Sent By Job
	55262812  -  Run Bytes Received By Job
	49497  -  Total Bytes Sent By Job
	55262812  -  Total Bytes Received By Job
	Partitionable Resources :     Usage  Request Allocated 
	   Cpus                 :      1.00        3         3 
	   Disk (KB)            : 184253       75000   1213446 
	   Memory (MB)          :    295        6000      6000 

	Job terminated of its own accord at 2021-07-19T22:36:30Z.
...
