000 (2521668.159.000) 07/19 01:56:57 Job submitted from host: <188.185.70.244:9618?addrs=188.185.70.244-9618+[2001-1458-d00-7--100-2ee]-9618&alias=bigbird10.cern.ch&noUDP&sock=schedd_2037_ca81>
...
040 (2521668.159.000) 07/19 02:14:11 Started transferring input files
	Transferring to host: <128.142.57.43:9618?addrs=128.142.57.43-9618+[2001-1458-301-7--100-2a]-9618&alias=b7s02p5497.cern.ch&noUDP&sock=slot1_22_7101_0bfa_15635>
...
040 (2521668.159.000) 07/19 02:14:12 Finished transferring input files
...
001 (2521668.159.000) 07/19 02:14:12 Job executing on host: <128.142.57.43:9618?addrs=128.142.57.43-9618+[2001-1458-301-7--100-2a]-9618&alias=b7s02p5497.cern.ch&noUDP&sock=startd_6646_2e82>
...
006 (2521668.159.000) 07/19 02:14:21 Image size of job updated: 327924
	183  -  MemoryUsage of job (MB)
	187216  -  ResidentSetSize of job (KB)
...
006 (2521668.159.000) 07/19 02:19:22 Image size of job updated: 626828
	201  -  MemoryUsage of job (MB)
	205316  -  ResidentSetSize of job (KB)
...
040 (2521668.159.000) 07/19 02:37:19 Started transferring output files
...
040 (2521668.159.000) 07/19 02:37:20 Finished transferring output files
...
005 (2521668.159.000) 07/19 02:37:20 Job terminated.
	(1) Normal termination (return value 0)
		Usr 0 00:00:39, Sys 0 00:00:02  -  Run Remote Usage
		Usr 0 00:00:00, Sys 0 00:00:00  -  Run Local Usage
		Usr 0 00:00:39, Sys 0 00:00:02  -  Total Remote Usage
		Usr 0 00:00:00, Sys 0 00:00:00  -  Total Local Usage
	48374  -  Run Bytes Sent By Job
	55262812  -  Run Bytes Received By Job
	48374  -  Total Bytes Sent By Job
	55262812  -  Total Bytes Received By Job
	Partitionable Resources :     Usage  Request Allocated 
	   Cpus                 :      0.01        3         3 
	   Disk (KB)            : 179491       75000   1338558 
	   Memory (MB)          :    201        6000      6000 

	Job terminated of its own accord at 2021-07-19T00:37:19Z.
...
