000 (2524871.123.000) 07/20 04:35:08 Job submitted from host: <188.185.70.244:9618?addrs=188.185.70.244-9618+[2001-1458-d00-7--100-2ee]-9618&alias=bigbird10.cern.ch&noUDP&sock=schedd_2037_ca81>
...
040 (2524871.123.000) 07/20 05:11:32 Started transferring input files
	Transferring to host: <128.142.87.121:9618?addrs=128.142.87.121-9618+[2001-1458-301-f6--100-5a6]-9618&alias=b7s14n6811.cern.ch&noUDP&sock=slot1_9_5634_699e_74221>
...
040 (2524871.123.000) 07/20 05:11:33 Finished transferring input files
...
001 (2524871.123.000) 07/20 05:11:33 Job executing on host: <128.142.87.121:9618?addrs=128.142.87.121-9618+[2001-1458-301-f6--100-5a6]-9618&alias=b7s14n6811.cern.ch&noUDP&sock=startd_4561_0b8c>
...
006 (2524871.123.000) 07/20 05:11:42 Image size of job updated: 169476
	124  -  MemoryUsage of job (MB)
	126920  -  ResidentSetSize of job (KB)
...
006 (2524871.123.000) 07/20 05:16:43 Image size of job updated: 629908
	204  -  MemoryUsage of job (MB)
	208784  -  ResidentSetSize of job (KB)
...
006 (2524871.123.000) 07/20 05:26:43 Image size of job updated: 629908
	204  -  MemoryUsage of job (MB)
	208788  -  ResidentSetSize of job (KB)
...
006 (2524871.123.000) 07/20 07:16:54 Image size of job updated: 629908
	216  -  MemoryUsage of job (MB)
	220896  -  ResidentSetSize of job (KB)
...
006 (2524871.123.000) 07/20 07:21:54 Image size of job updated: 924860
	398  -  MemoryUsage of job (MB)
	406928  -  ResidentSetSize of job (KB)
...
040 (2524871.123.000) 07/20 08:49:44 Started transferring output files
...
040 (2524871.123.000) 07/20 08:49:45 Finished transferring output files
...
005 (2524871.123.000) 07/20 08:49:46 Job terminated.
	(1) Normal termination (return value 0)
		Usr 0 01:33:38, Sys 0 00:00:04  -  Run Remote Usage
		Usr 0 00:00:00, Sys 0 00:00:00  -  Run Local Usage
		Usr 0 01:33:38, Sys 0 00:00:04  -  Total Remote Usage
		Usr 0 00:00:00, Sys 0 00:00:00  -  Total Local Usage
	48632  -  Run Bytes Sent By Job
	55262812  -  Run Bytes Received By Job
	48632  -  Total Bytes Sent By Job
	55262812  -  Total Bytes Received By Job
	Partitionable Resources :     Usage  Request Allocated 
	   Cpus                 :      1.00        3         3 
	   Disk (KB)            : 200658       75000    268314 
	   Memory (MB)          :    398        6000      6000 

	Job terminated of its own accord at 2021-07-20T06:49:44Z.
...
