000 (2521842.074.000) 07/19 05:55:55 Job submitted from host: <188.185.70.244:9618?addrs=188.185.70.244-9618+[2001-1458-d00-7--100-2ee]-9618&alias=bigbird10.cern.ch&noUDP&sock=schedd_2037_ca81>
...
040 (2521842.074.000) 07/19 06:01:16 Started transferring input files
	Transferring to host: <128.142.58.166:9618?addrs=128.142.58.166-9618+[2001-1458-301-16--100-a5]-9618&alias=b7s03p2799.cern.ch&noUDP&sock=slot1_1_5929_444a_6473>
...
040 (2521842.074.000) 07/19 06:01:17 Finished transferring input files
...
001 (2521842.074.000) 07/19 06:01:17 Job executing on host: <128.142.58.166:9618?addrs=128.142.58.166-9618+[2001-1458-301-16--100-a5]-9618&alias=b7s03p2799.cern.ch&noUDP&sock=startd_4175_47fd>
...
006 (2521842.074.000) 07/19 06:01:26 Image size of job updated: 541444
	190  -  MemoryUsage of job (MB)
	194332  -  ResidentSetSize of job (KB)
...
006 (2521842.074.000) 07/19 06:06:28 Image size of job updated: 632492
	206  -  MemoryUsage of job (MB)
	210196  -  ResidentSetSize of job (KB)
...
006 (2521842.074.000) 07/19 06:31:30 Image size of job updated: 811508
	291  -  MemoryUsage of job (MB)
	297580  -  ResidentSetSize of job (KB)
...
006 (2521842.074.000) 07/19 06:44:15 Image size of job updated: 811944
	291  -  MemoryUsage of job (MB)
	297580  -  ResidentSetSize of job (KB)
...
040 (2521842.074.000) 07/19 06:44:15 Started transferring output files
...
040 (2521842.074.000) 07/19 06:44:15 Finished transferring output files
...
005 (2521842.074.000) 07/19 06:44:15 Job terminated.
	(1) Normal termination (return value 0)
		Usr 0 00:13:41, Sys 0 00:00:03  -  Run Remote Usage
		Usr 0 00:00:00, Sys 0 00:00:00  -  Run Local Usage
		Usr 0 00:13:41, Sys 0 00:00:03  -  Total Remote Usage
		Usr 0 00:00:00, Sys 0 00:00:00  -  Total Local Usage
	48699  -  Run Bytes Sent By Job
	55262812  -  Run Bytes Received By Job
	48699  -  Total Bytes Sent By Job
	55262812  -  Total Bytes Received By Job
	Partitionable Resources :     Usage  Request Allocated 
	   Cpus                 :      1.00        3         3 
	   Disk (KB)            : 183107       75000   1263552 
	   Memory (MB)          :    291        6000      6000 

	Job terminated of its own accord at 2021-07-19T04:44:15Z.
...
