000 (2521842.194.000) 07/19 05:55:56 Job submitted from host: <188.185.70.244:9618?addrs=188.185.70.244-9618+[2001-1458-d00-7--100-2ee]-9618&alias=bigbird10.cern.ch&noUDP&sock=schedd_2037_ca81>
...
040 (2521842.194.000) 07/19 06:03:56 Started transferring input files
	Transferring to host: <188.184.169.252:9618?addrs=188.184.169.252-9618&alias=b7g52n9545.cern.ch&noUDP&sock=slot1_3_6192_92f5_70047>
...
040 (2521842.194.000) 07/19 06:03:57 Finished transferring input files
...
001 (2521842.194.000) 07/19 06:03:57 Job executing on host: <188.184.169.252:9618?addrs=188.184.169.252-9618&alias=b7g52n9545.cern.ch&noUDP&sock=startd_5016_2323>
...
006 (2521842.194.000) 07/19 06:04:05 Image size of job updated: 288720
	109  -  MemoryUsage of job (MB)
	111504  -  ResidentSetSize of job (KB)
...
006 (2521842.194.000) 07/19 06:09:05 Image size of job updated: 631392
	205  -  MemoryUsage of job (MB)
	209612  -  ResidentSetSize of job (KB)
...
006 (2521842.194.000) 07/19 06:29:08 Image size of job updated: 811540
	292  -  MemoryUsage of job (MB)
	298088  -  ResidentSetSize of job (KB)
...
006 (2521842.194.000) 07/19 06:44:11 Image size of job updated: 812056
	292  -  MemoryUsage of job (MB)
	298744  -  ResidentSetSize of job (KB)
...
040 (2521842.194.000) 07/19 06:47:18 Started transferring output files
...
040 (2521842.194.000) 07/19 06:47:18 Finished transferring output files
...
005 (2521842.194.000) 07/19 06:47:18 Job terminated.
	(1) Normal termination (return value 0)
		Usr 0 00:22:02, Sys 0 00:00:02  -  Run Remote Usage
		Usr 0 00:00:00, Sys 0 00:00:00  -  Run Local Usage
		Usr 0 00:22:02, Sys 0 00:00:02  -  Total Remote Usage
		Usr 0 00:00:00, Sys 0 00:00:00  -  Total Local Usage
	48536  -  Run Bytes Sent By Job
	55262812  -  Run Bytes Received By Job
	48536  -  Total Bytes Sent By Job
	55262812  -  Total Bytes Received By Job
	Partitionable Resources :     Usage  Request Allocated 
	   Cpus                 :      1.00        3         3 
	   Disk (KB)            : 183112       75000    258737 
	   Memory (MB)          :    292        6000      6000 

	Job terminated of its own accord at 2021-07-19T04:47:18Z.
...
