000 (2526743.105.000) 07/20 13:19:14 Job submitted from host: <188.185.70.244:9618?addrs=188.185.70.244-9618+[2001-1458-d00-7--100-2ee]-9618&alias=bigbird10.cern.ch&noUDP&sock=schedd_2037_ca81>
...
040 (2526743.105.000) 07/20 13:21:38 Started transferring input files
	Transferring to host: <128.142.56.107:9618?addrs=128.142.56.107-9618+[2001-1458-301-6--100-6a]-9618&alias=b7s01p1962.cern.ch&noUDP&sock=slot1_15_45487_74d3_16457>
...
040 (2526743.105.000) 07/20 13:21:39 Finished transferring input files
...
001 (2526743.105.000) 07/20 13:21:39 Job executing on host: <128.142.56.107:9618?addrs=128.142.56.107-9618+[2001-1458-301-6--100-6a]-9618&alias=b7s01p1962.cern.ch&noUDP&sock=startd_42374_9e32>
...
006 (2526743.105.000) 07/20 13:21:47 Image size of job updated: 266916
	192  -  MemoryUsage of job (MB)
	195872  -  ResidentSetSize of job (KB)
...
006 (2526743.105.000) 07/20 13:26:47 Image size of job updated: 635404
	209  -  MemoryUsage of job (MB)
	213396  -  ResidentSetSize of job (KB)
...
006 (2526743.105.000) 07/20 13:36:48 Image size of job updated: 635404
	209  -  MemoryUsage of job (MB)
	213400  -  ResidentSetSize of job (KB)
...
006 (2526743.105.000) 07/20 14:31:52 Image size of job updated: 940488
	415  -  MemoryUsage of job (MB)
	424616  -  ResidentSetSize of job (KB)
...
006 (2526743.105.000) 07/20 15:06:56 Image size of job updated: 940964
	416  -  MemoryUsage of job (MB)
	425212  -  ResidentSetSize of job (KB)
...
040 (2526743.105.000) 07/20 15:12:28 Started transferring output files
...
040 (2526743.105.000) 07/20 15:12:28 Finished transferring output files
...
005 (2526743.105.000) 07/20 15:12:28 Job terminated.
	(1) Normal termination (return value 0)
		Usr 0 00:44:31, Sys 0 00:00:04  -  Run Remote Usage
		Usr 0 00:00:00, Sys 0 00:00:00  -  Run Local Usage
		Usr 0 00:44:31, Sys 0 00:00:04  -  Total Remote Usage
		Usr 0 00:00:00, Sys 0 00:00:00  -  Total Local Usage
	49248  -  Run Bytes Sent By Job
	55262812  -  Run Bytes Received By Job
	49248  -  Total Bytes Sent By Job
	55262812  -  Total Bytes Received By Job
	Partitionable Resources :     Usage  Request Allocated 
	   Cpus                 :      1.00        3         3 
	   Disk (KB)            : 204530       75000   1296871 
	   Memory (MB)          :    416        6000      6000 

	Job terminated of its own accord at 2021-07-20T13:12:28Z.
...
