000 (2521867.193.000) 07/19 07:46:08 Job submitted from host: <188.185.70.244:9618?addrs=188.185.70.244-9618+[2001-1458-d00-7--100-2ee]-9618&alias=bigbird10.cern.ch&noUDP&sock=schedd_2037_ca81>
...
040 (2521867.193.000) 07/19 07:49:53 Started transferring input files
	Transferring to host: <128.142.56.60:9618?addrs=128.142.56.60-9618+[2001-1458-301-6--100-3b]-9618&alias=b7s01p3067.cern.ch&noUDP&sock=slot1_13_56577_5d56_16005>
...
040 (2521867.193.000) 07/19 07:49:54 Finished transferring input files
...
001 (2521867.193.000) 07/19 07:49:54 Job executing on host: <128.142.56.60:9618?addrs=128.142.56.60-9618+[2001-1458-301-6--100-3b]-9618&alias=b7s01p3067.cern.ch&noUDP&sock=startd_56534_333e>
...
006 (2521867.193.000) 07/19 07:50:03 Image size of job updated: 632508
	191  -  MemoryUsage of job (MB)
	194864  -  ResidentSetSize of job (KB)
...
006 (2521867.193.000) 07/19 07:55:04 Image size of job updated: 632508
	297  -  MemoryUsage of job (MB)
	303596  -  ResidentSetSize of job (KB)
...
006 (2521867.193.000) 07/19 08:00:04 Image size of job updated: 817296
	297  -  MemoryUsage of job (MB)
	303596  -  ResidentSetSize of job (KB)
...
006 (2521867.193.000) 07/19 08:05:04 Image size of job updated: 817988
	298  -  MemoryUsage of job (MB)
	304264  -  ResidentSetSize of job (KB)
...
040 (2521867.193.000) 07/19 08:41:12 Started transferring output files
...
040 (2521867.193.000) 07/19 08:41:12 Finished transferring output files
...
005 (2521867.193.000) 07/19 08:41:13 Job terminated.
	(1) Normal termination (return value 0)
		Usr 0 00:46:51, Sys 0 00:00:02  -  Run Remote Usage
		Usr 0 00:00:00, Sys 0 00:00:00  -  Run Local Usage
		Usr 0 00:46:51, Sys 0 00:00:02  -  Total Remote Usage
		Usr 0 00:00:00, Sys 0 00:00:00  -  Total Local Usage
	49818  -  Run Bytes Sent By Job
	55262812  -  Run Bytes Received By Job
	49818  -  Total Bytes Sent By Job
	55262812  -  Total Bytes Received By Job
	Partitionable Resources :     Usage  Request Allocated 
	   Cpus                 :      1.00        3         3 
	   Disk (KB)            : 184192       75000   1313991 
	   Memory (MB)          :    298        6000      6000 

	Job terminated of its own accord at 2021-07-19T06:41:12Z.
...
