000 (2522101.093.000) 07/19 11:55:34 Job submitted from host: <188.185.70.244:9618?addrs=188.185.70.244-9618+[2001-1458-d00-7--100-2ee]-9618&alias=bigbird10.cern.ch&noUDP&sock=schedd_2037_ca81>
...
040 (2522101.093.000) 07/19 12:47:10 Started transferring input files
	Transferring to host: <128.142.59.49:9618?addrs=128.142.59.49-9618+[2001-1458-301-21--100-30]-9618&alias=b7s04p4032.cern.ch&noUDP&sock=slot1_35_7091_0039_10115>
...
040 (2522101.093.000) 07/19 12:47:11 Finished transferring input files
...
001 (2522101.093.000) 07/19 12:47:11 Job executing on host: <128.142.59.49:9618?addrs=128.142.59.49-9618+[2001-1458-301-21--100-30]-9618&alias=b7s04p4032.cern.ch&noUDP&sock=startd_6496_4b4e>
...
006 (2522101.093.000) 07/19 12:47:19 Image size of job updated: 557948
	165  -  MemoryUsage of job (MB)
	168804  -  ResidentSetSize of job (KB)
...
006 (2522101.093.000) 07/19 12:52:19 Image size of job updated: 824208
	300  -  MemoryUsage of job (MB)
	306876  -  ResidentSetSize of job (KB)
...
006 (2522101.093.000) 07/19 13:02:20 Image size of job updated: 824804
	301  -  MemoryUsage of job (MB)
	307508  -  ResidentSetSize of job (KB)
...
040 (2522101.093.000) 07/19 13:03:57 Started transferring output files
...
040 (2522101.093.000) 07/19 13:03:57 Finished transferring output files
...
005 (2522101.093.000) 07/19 13:03:57 Job terminated.
	(1) Normal termination (return value 0)
		Usr 0 00:16:40, Sys 0 00:00:02  -  Run Remote Usage
		Usr 0 00:00:00, Sys 0 00:00:00  -  Run Local Usage
		Usr 0 00:16:40, Sys 0 00:00:02  -  Total Remote Usage
		Usr 0 00:00:00, Sys 0 00:00:00  -  Total Local Usage
	50770  -  Run Bytes Sent By Job
	55262812  -  Run Bytes Received By Job
	50770  -  Total Bytes Sent By Job
	55262812  -  Total Bytes Received By Job
	Partitionable Resources :     Usage  Request Allocated 
	   Cpus                 :      1.00        3         3 
	   Disk (KB)            : 185541       75000   1312339 
	   Memory (MB)          :    301        6000      6000 

	Job terminated of its own accord at 2021-07-19T11:03:57Z.
...
