000 (2522101.122.000) 07/19 11:55:34 Job submitted from host: <188.185.70.244:9618?addrs=188.185.70.244-9618+[2001-1458-d00-7--100-2ee]-9618&alias=bigbird10.cern.ch&noUDP&sock=schedd_2037_ca81>
...
040 (2522101.122.000) 07/19 12:55:58 Started transferring input files
	Transferring to host: <128.142.59.34:9618?addrs=128.142.59.34-9618+[2001-1458-301-21--100-21]-9618&alias=b7s04p1611.cern.ch&noUDP&sock=slot1_42_6741_64eb_9942>
...
040 (2522101.122.000) 07/19 12:55:59 Finished transferring input files
...
001 (2522101.122.000) 07/19 12:55:59 Job executing on host: <128.142.59.34:9618?addrs=128.142.59.34-9618+[2001-1458-301-21--100-21]-9618&alias=b7s04p1611.cern.ch&noUDP&sock=startd_6291_ae63>
...
006 (2522101.122.000) 07/19 12:56:08 Image size of job updated: 237032
	160  -  MemoryUsage of job (MB)
	162940  -  ResidentSetSize of job (KB)
...
006 (2522101.122.000) 07/19 13:01:09 Image size of job updated: 629664
	204  -  MemoryUsage of job (MB)
	208440  -  ResidentSetSize of job (KB)
...
006 (2522101.122.000) 07/19 13:56:14 Image size of job updated: 993240
	464  -  MemoryUsage of job (MB)
	474876  -  ResidentSetSize of job (KB)
...
006 (2522101.122.000) 07/19 15:11:22 Image size of job updated: 993768
	465  -  MemoryUsage of job (MB)
	475564  -  ResidentSetSize of job (KB)
...
040 (2522101.122.000) 07/19 15:18:52 Started transferring output files
...
040 (2522101.122.000) 07/19 15:18:52 Finished transferring output files
...
005 (2522101.122.000) 07/19 15:18:52 Job terminated.
	(1) Normal termination (return value 0)
		Usr 0 01:28:38, Sys 0 00:00:08  -  Run Remote Usage
		Usr 0 00:00:00, Sys 0 00:00:00  -  Run Local Usage
		Usr 0 01:28:38, Sys 0 00:00:08  -  Total Remote Usage
		Usr 0 00:00:00, Sys 0 00:00:00  -  Total Local Usage
	49038  -  Run Bytes Sent By Job
	55262812  -  Run Bytes Received By Job
	49038  -  Total Bytes Sent By Job
	55262812  -  Total Bytes Received By Job
	Partitionable Resources :     Usage  Request Allocated 
	   Cpus                 :      1.00        3         3 
	   Disk (KB)            : 214400       75000   1222618 
	   Memory (MB)          :    465        6000      6000 

	Job terminated of its own accord at 2021-07-19T13:18:52Z.
...
