000 (2524871.175.000) 07/20 04:35:08 Job submitted from host: <188.185.70.244:9618?addrs=188.185.70.244-9618+[2001-1458-d00-7--100-2ee]-9618&alias=bigbird10.cern.ch&noUDP&sock=schedd_2037_ca81>
...
040 (2524871.175.000) 07/20 05:26:07 Started transferring input files
	Transferring to host: <188.184.133.144:9618?addrs=188.184.133.144-9618+[2001-1458-301-a0--100-13c]-9618&alias=b7g28n0558.cern.ch&noUDP&sock=slot1_8_4553_c012_75324>
...
040 (2524871.175.000) 07/20 05:26:08 Finished transferring input files
...
001 (2524871.175.000) 07/20 05:26:08 Job executing on host: <188.184.133.144:9618?addrs=188.184.133.144-9618+[2001-1458-301-a0--100-13c]-9618&alias=b7g28n0558.cern.ch&noUDP&sock=startd_3759_f097>
...
006 (2524871.175.000) 07/20 05:26:17 Image size of job updated: 399988
	68  -  MemoryUsage of job (MB)
	69384  -  ResidentSetSize of job (KB)
...
006 (2524871.175.000) 07/20 05:31:18 Image size of job updated: 631916
	205  -  MemoryUsage of job (MB)
	209608  -  ResidentSetSize of job (KB)
...
006 (2524871.175.000) 07/20 05:36:19 Image size of job updated: 806520
	286  -  MemoryUsage of job (MB)
	292692  -  ResidentSetSize of job (KB)
...
006 (2524871.175.000) 07/20 05:51:21 Image size of job updated: 807024
	287  -  MemoryUsage of job (MB)
	293288  -  ResidentSetSize of job (KB)
...
040 (2524871.175.000) 07/20 05:52:02 Started transferring output files
...
040 (2524871.175.000) 07/20 05:52:03 Finished transferring output files
...
005 (2524871.175.000) 07/20 05:52:03 Job terminated.
	(1) Normal termination (return value 0)
		Usr 0 00:19:31, Sys 0 00:00:04  -  Run Remote Usage
		Usr 0 00:00:00, Sys 0 00:00:00  -  Run Local Usage
		Usr 0 00:19:31, Sys 0 00:00:04  -  Total Remote Usage
		Usr 0 00:00:00, Sys 0 00:00:00  -  Total Local Usage
	53341  -  Run Bytes Sent By Job
	55262812  -  Run Bytes Received By Job
	53341  -  Total Bytes Sent By Job
	55262812  -  Total Bytes Received By Job
	Partitionable Resources :     Usage  Request Allocated 
	   Cpus                 :      1.00        3         3 
	   Disk (KB)            : 182162       75000    196733 
	   Memory (MB)          :    287        6000      6000 

	Job terminated of its own accord at 2021-07-20T03:52:02Z.
...
