000 (2521668.195.000) 07/19 01:56:57 Job submitted from host: <188.185.70.244:9618?addrs=188.185.70.244-9618+[2001-1458-d00-7--100-2ee]-9618&alias=bigbird10.cern.ch&noUDP&sock=schedd_2037_ca81>
...
040 (2521668.195.000) 07/19 02:17:40 Started transferring input files
	Transferring to host: <128.142.57.92:9618?addrs=128.142.57.92-9618+[2001-1458-301-7--100-5b]-9618&alias=b7s02p0471.cern.ch&noUDP&sock=slot1_10_6503_b3a2_12393>
...
040 (2521668.195.000) 07/19 02:17:41 Finished transferring input files
...
001 (2521668.195.000) 07/19 02:17:41 Job executing on host: <128.142.57.92:9618?addrs=128.142.57.92-9618+[2001-1458-301-7--100-5b]-9618&alias=b7s02p0471.cern.ch&noUDP&sock=startd_6038_24ee>
...
006 (2521668.195.000) 07/19 02:17:50 Image size of job updated: 224092
	147  -  MemoryUsage of job (MB)
	150256  -  ResidentSetSize of job (KB)
...
006 (2521668.195.000) 07/19 02:22:52 Image size of job updated: 632512
	206  -  MemoryUsage of job (MB)
	210244  -  ResidentSetSize of job (KB)
...
006 (2521668.195.000) 07/19 02:29:00 Image size of job updated: 773432
	206  -  MemoryUsage of job (MB)
	210244  -  ResidentSetSize of job (KB)
...
040 (2521668.195.000) 07/19 02:29:00 Started transferring output files
...
040 (2521668.195.000) 07/19 02:29:00 Finished transferring output files
...
005 (2521668.195.000) 07/19 02:29:01 Job terminated.
	(1) Normal termination (return value 0)
		Usr 0 00:00:50, Sys 0 00:00:02  -  Run Remote Usage
		Usr 0 00:00:00, Sys 0 00:00:00  -  Run Local Usage
		Usr 0 00:00:50, Sys 0 00:00:02  -  Total Remote Usage
		Usr 0 00:00:00, Sys 0 00:00:00  -  Total Local Usage
	52641  -  Run Bytes Sent By Job
	55262812  -  Run Bytes Received By Job
	52641  -  Total Bytes Sent By Job
	55262812  -  Total Bytes Received By Job
	Partitionable Resources :     Usage  Request Allocated 
	   Cpus                 :      0.00        3         3 
	   Disk (KB)            : 182676       75000   1335620 
	   Memory (MB)          :    206        6000      6000 

	Job terminated of its own accord at 2021-07-19T00:29:00Z.
...
