000 (2521876.070.000) 07/19 08:46:26 Job submitted from host: <188.185.70.244:9618?addrs=188.185.70.244-9618+[2001-1458-d00-7--100-2ee]-9618&alias=bigbird10.cern.ch&noUDP&sock=schedd_2037_ca81>
...
040 (2521876.070.000) 07/19 09:40:55 Started transferring input files
	Transferring to host: <128.142.75.61:9618?addrs=128.142.75.61-9618+[2001-1458-301-75--100-2a9]-9618&alias=b7s11n5216.cern.ch&noUDP&sock=slot1_1_513_346e_115177>
...
040 (2521876.070.000) 07/19 09:40:56 Finished transferring input files
...
001 (2521876.070.000) 07/19 09:40:56 Job executing on host: <128.142.75.61:9618?addrs=128.142.75.61-9618+[2001-1458-301-75--100-2a9]-9618&alias=b7s11n5216.cern.ch&noUDP&sock=startd_16457_b62e>
...
006 (2521876.070.000) 07/19 09:41:04 Image size of job updated: 111484
	68  -  MemoryUsage of job (MB)
	69576  -  ResidentSetSize of job (KB)
...
006 (2521876.070.000) 07/19 09:46:04 Image size of job updated: 814264
	294  -  MemoryUsage of job (MB)
	300572  -  ResidentSetSize of job (KB)
...
006 (2521876.070.000) 07/19 09:56:05 Image size of job updated: 814880
	295  -  MemoryUsage of job (MB)
	301124  -  ResidentSetSize of job (KB)
...
040 (2521876.070.000) 07/19 10:04:48 Started transferring output files
...
040 (2521876.070.000) 07/19 10:04:48 Finished transferring output files
...
005 (2521876.070.000) 07/19 10:04:48 Job terminated.
	(1) Normal termination (return value 0)
		Usr 0 00:23:20, Sys 0 00:00:03  -  Run Remote Usage
		Usr 0 00:00:00, Sys 0 00:00:00  -  Run Local Usage
		Usr 0 00:23:20, Sys 0 00:00:03  -  Total Remote Usage
		Usr 0 00:00:00, Sys 0 00:00:00  -  Total Local Usage
	49848  -  Run Bytes Sent By Job
	55262812  -  Run Bytes Received By Job
	49848  -  Total Bytes Sent By Job
	55262812  -  Total Bytes Received By Job
	Partitionable Resources :     Usage  Request Allocated 
	   Cpus                 :      1.00        3         3 
	   Disk (KB)            : 183642       75000    258557 
	   Memory (MB)          :    295        6000      6000 

	Job terminated of its own accord at 2021-07-19T08:04:48Z.
...
