000 (2526743.148.000) 07/20 13:19:14 Job submitted from host: <188.185.70.244:9618?addrs=188.185.70.244-9618+[2001-1458-d00-7--100-2ee]-9618&alias=bigbird10.cern.ch&noUDP&sock=schedd_2037_ca81>
...
040 (2526743.148.000) 07/20 13:25:13 Started transferring input files
	Transferring to host: <128.142.87.141:9618?addrs=128.142.87.141-9618+[2001-1458-301-f6--100-2a6]-9618&alias=b7s14n6234.cern.ch&noUDP&sock=slot1_4_12285_a4cd_112833>
...
040 (2526743.148.000) 07/20 13:25:14 Finished transferring input files
...
001 (2526743.148.000) 07/20 13:25:14 Job executing on host: <128.142.87.141:9618?addrs=128.142.87.141-9618+[2001-1458-301-f6--100-2a6]-9618&alias=b7s14n6234.cern.ch&noUDP&sock=startd_16847_381d>
...
006 (2526743.148.000) 07/20 13:25:22 Image size of job updated: 126248
	1  -  MemoryUsage of job (MB)
	684  -  ResidentSetSize of job (KB)
...
006 (2526743.148.000) 07/20 13:30:22 Image size of job updated: 627388
	201  -  MemoryUsage of job (MB)
	205808  -  ResidentSetSize of job (KB)
...
006 (2526743.148.000) 07/20 13:55:26 Image size of job updated: 823864
	300  -  MemoryUsage of job (MB)
	306544  -  ResidentSetSize of job (KB)
...
006 (2526743.148.000) 07/20 14:15:27 Image size of job updated: 824392
	300  -  MemoryUsage of job (MB)
	307116  -  ResidentSetSize of job (KB)
...
040 (2526743.148.000) 07/20 14:15:56 Entered queue to transfer output files
...
040 (2526743.148.000) 07/20 14:15:57 Started transferring output files
...
040 (2526743.148.000) 07/20 14:15:57 Finished transferring output files
...
005 (2526743.148.000) 07/20 14:15:57 Job terminated.
	(1) Normal termination (return value 0)
		Usr 0 00:22:10, Sys 0 00:00:03  -  Run Remote Usage
		Usr 0 00:00:00, Sys 0 00:00:00  -  Run Local Usage
		Usr 0 00:22:10, Sys 0 00:00:03  -  Total Remote Usage
		Usr 0 00:00:00, Sys 0 00:00:00  -  Total Local Usage
	49678  -  Run Bytes Sent By Job
	55262812  -  Run Bytes Received By Job
	49678  -  Total Bytes Sent By Job
	55262812  -  Total Bytes Received By Job
	Partitionable Resources :     Usage  Request Allocated 
	   Cpus                 :      1.00        3         3 
	   Disk (KB)            : 185402       75000    283431 
	   Memory (MB)          :    300        6000      6000 

	Job terminated of its own accord at 2021-07-20T12:15:51Z.
...
