000 (2521876.059.000) 07/19 08:46:26 Job submitted from host: <188.185.70.244:9618?addrs=188.185.70.244-9618+[2001-1458-d00-7--100-2ee]-9618&alias=bigbird10.cern.ch&noUDP&sock=schedd_2037_ca81>
...
040 (2521876.059.000) 07/19 09:31:05 Started transferring input files
	Transferring to host: <128.142.81.213:9618?addrs=128.142.81.213-9618+[2001-1458-301-f5--100-5c9]-9618&alias=b7s13n6079.cern.ch&noUDP&sock=slot1_1_4754_5f7a_66057>
...
001 (2521876.059.000) 07/19 09:31:06 Job executing on host: <128.142.81.213:9618?addrs=128.142.81.213-9618+[2001-1458-301-f5--100-5c9]-9618&alias=b7s13n6079.cern.ch&noUDP&sock=startd_3889_1be7>
...
040 (2521876.059.000) 07/19 09:31:06 Finished transferring input files
...
006 (2521876.059.000) 07/19 09:31:15 Image size of job updated: 175620
	109  -  MemoryUsage of job (MB)
	111504  -  ResidentSetSize of job (KB)
...
006 (2521876.059.000) 07/19 09:36:16 Image size of job updated: 631552
	206  -  MemoryUsage of job (MB)
	210600  -  ResidentSetSize of job (KB)
...
006 (2521876.059.000) 07/19 09:41:16 Image size of job updated: 631552
	206  -  MemoryUsage of job (MB)
	210604  -  ResidentSetSize of job (KB)
...
006 (2521876.059.000) 07/19 09:46:16 Image size of job updated: 940480
	413  -  MemoryUsage of job (MB)
	422308  -  ResidentSetSize of job (KB)
...
006 (2521876.059.000) 07/19 10:31:20 Image size of job updated: 940960
	413  -  MemoryUsage of job (MB)
	422884  -  ResidentSetSize of job (KB)
...
040 (2521876.059.000) 07/19 10:44:56 Started transferring output files
...
040 (2521876.059.000) 07/19 10:44:56 Finished transferring output files
...
005 (2521876.059.000) 07/19 10:44:56 Job terminated.
	(1) Normal termination (return value 0)
		Usr 0 01:04:32, Sys 0 00:00:04  -  Run Remote Usage
		Usr 0 00:00:00, Sys 0 00:00:00  -  Run Local Usage
		Usr 0 01:04:32, Sys 0 00:00:04  -  Total Remote Usage
		Usr 0 00:00:00, Sys 0 00:00:00  -  Total Local Usage
	48033  -  Run Bytes Sent By Job
	55262812  -  Run Bytes Received By Job
	48033  -  Total Bytes Sent By Job
	55262812  -  Total Bytes Received By Job
	Partitionable Resources :     Usage  Request Allocated 
	   Cpus                 :      1.00        3         3 
	   Disk (KB)            : 204770       75000    270918 
	   Memory (MB)          :    413        6000      6000 

	Job terminated of its own accord at 2021-07-19T08:44:56Z.
...
