000 (2557077.009.000) 07/28 10:49:38 Job submitted from host: <188.185.70.244:9618?addrs=188.185.70.244-9618+[2001-1458-d00-7--100-2ee]-9618&alias=bigbird10.cern.ch&noUDP&sock=schedd_2037_ca81>
...
040 (2557077.009.000) 07/28 12:22:48 Started transferring input files
	Transferring to host: <128.142.59.35:9618?addrs=128.142.59.35-9618+[2001-1458-301-21--100-22]-9618&alias=b7s04p8034.cern.ch&noUDP&sock=slot1_1_6883_7231_22414>
...
040 (2557077.009.000) 07/28 12:22:49 Finished transferring input files
...
001 (2557077.009.000) 07/28 12:22:49 Job executing on host: <128.142.59.35:9618?addrs=128.142.59.35-9618+[2001-1458-301-21--100-22]-9618&alias=b7s04p8034.cern.ch&noUDP&sock=startd_6425_9814>
...
006 (2557077.009.000) 07/28 12:22:58 Image size of job updated: 173080
	107  -  MemoryUsage of job (MB)
	108968  -  ResidentSetSize of job (KB)
...
006 (2557077.009.000) 07/28 12:27:59 Image size of job updated: 786104
	267  -  MemoryUsage of job (MB)
	273128  -  ResidentSetSize of job (KB)
...
006 (2557077.009.000) 07/28 12:29:48 Image size of job updated: 786700
	267  -  MemoryUsage of job (MB)
	273128  -  ResidentSetSize of job (KB)
...
040 (2557077.009.000) 07/28 12:29:48 Started transferring output files
...
040 (2557077.009.000) 07/28 12:29:48 Finished transferring output files
...
005 (2557077.009.000) 07/28 12:29:49 Job terminated.
	(1) Normal termination (return value 0)
		Usr 0 00:05:59, Sys 0 00:00:02  -  Run Remote Usage
		Usr 0 00:00:00, Sys 0 00:00:00  -  Run Local Usage
		Usr 0 00:05:59, Sys 0 00:00:02  -  Total Remote Usage
		Usr 0 00:00:00, Sys 0 00:00:00  -  Total Local Usage
	51399  -  Run Bytes Sent By Job
	55262880  -  Run Bytes Received By Job
	51399  -  Total Bytes Sent By Job
	55262880  -  Total Bytes Received By Job
	Partitionable Resources :    Usage  Request Allocated 
	   Cpus                 :                 5         5 
	   Disk (KB)            :   182207    75000   1312186 
	   Memory (MB)          :      267    10000     10000 

	Job terminated of its own accord at 2021-07-28T10:29:48Z.
...
