000 (2523366.165.000) 07/19 23:50:31 Job submitted from host: <188.185.70.244:9618?addrs=188.185.70.244-9618+[2001-1458-d00-7--100-2ee]-9618&alias=bigbird10.cern.ch&noUDP&sock=schedd_2037_ca81>
...
040 (2523366.165.000) 07/20 00:30:31 Started transferring input files
	Transferring to host: <128.142.70.157:9618?addrs=128.142.70.157-9618+[2001-1458-301-52--100-4fe]-9618&alias=b7s10n3771.cern.ch&noUDP&sock=slot1_5_5863_c387_67052>
...
040 (2523366.165.000) 07/20 00:30:32 Finished transferring input files
...
001 (2523366.165.000) 07/20 00:30:32 Job executing on host: <128.142.70.157:9618?addrs=128.142.70.157-9618+[2001-1458-301-52--100-4fe]-9618&alias=b7s10n3771.cern.ch&noUDP&sock=startd_4598_6c8d>
...
006 (2523366.165.000) 07/20 00:30:41 Image size of job updated: 224636
	148  -  MemoryUsage of job (MB)
	150768  -  ResidentSetSize of job (KB)
...
006 (2523366.165.000) 07/20 00:35:42 Image size of job updated: 804128
	284  -  MemoryUsage of job (MB)
	290752  -  ResidentSetSize of job (KB)
...
006 (2523366.165.000) 07/20 00:40:42 Image size of job updated: 804708
	285  -  MemoryUsage of job (MB)
	291436  -  ResidentSetSize of job (KB)
...
040 (2523366.165.000) 07/20 00:42:56 Started transferring output files
...
040 (2523366.165.000) 07/20 00:42:56 Finished transferring output files
...
005 (2523366.165.000) 07/20 00:42:56 Job terminated.
	(1) Normal termination (return value 0)
		Usr 0 00:10:16, Sys 0 00:00:03  -  Run Remote Usage
		Usr 0 00:00:00, Sys 0 00:00:00  -  Run Local Usage
		Usr 0 00:10:16, Sys 0 00:00:03  -  Total Remote Usage
		Usr 0 00:00:00, Sys 0 00:00:00  -  Total Local Usage
	51798  -  Run Bytes Sent By Job
	55262812  -  Run Bytes Received By Job
	51798  -  Total Bytes Sent By Job
	55262812  -  Total Bytes Received By Job
	Partitionable Resources :     Usage  Request Allocated 
	   Cpus                 :      0.75        3         3 
	   Disk (KB)            : 181726       75000    278752 
	   Memory (MB)          :    285        6000      6000 

	Job terminated of its own accord at 2021-07-19T22:42:56Z.
...
