000 (2556073.030.000) 07/27 10:23:23 Job submitted from host: <188.185.70.244:9618?addrs=188.185.70.244-9618+[2001-1458-d00-7--100-2ee]-9618&alias=bigbird10.cern.ch&noUDP&sock=schedd_2037_ca81>
...
040 (2556073.030.000) 07/27 10:30:13 Started transferring input files
	Transferring to host: <128.142.57.128:9618?addrs=128.142.57.128-9618+[2001-1458-301-7--100-7f]-9618&alias=b7s02p6962.cern.ch&noUDP&sock=slot1_9_6564_ae84_21587>
...
040 (2556073.030.000) 07/27 10:30:14 Finished transferring input files
...
001 (2556073.030.000) 07/27 10:30:14 Job executing on host: <128.142.57.128:9618?addrs=128.142.57.128-9618+[2001-1458-301-7--100-7f]-9618&alias=b7s02p6962.cern.ch&noUDP&sock=startd_6096_ed6c>
...
006 (2556073.030.000) 07/27 10:30:22 Image size of job updated: 176248
	109  -  MemoryUsage of job (MB)
	111508  -  ResidentSetSize of job (KB)
...
006 (2556073.030.000) 07/27 10:35:22 Image size of job updated: 626736
	202  -  MemoryUsage of job (MB)
	205920  -  ResidentSetSize of job (KB)
...
006 (2556073.030.000) 07/27 10:40:23 Image size of job updated: 783192
	261  -  MemoryUsage of job (MB)
	266440  -  ResidentSetSize of job (KB)
...
006 (2556073.030.000) 07/27 10:43:48 Image size of job updated: 783776
	261  -  MemoryUsage of job (MB)
	266440  -  ResidentSetSize of job (KB)
...
040 (2556073.030.000) 07/27 10:43:48 Started transferring output files
...
040 (2556073.030.000) 07/27 10:43:48 Finished transferring output files
...
005 (2556073.030.000) 07/27 10:43:48 Job terminated.
	(1) Normal termination (return value 0)
		Usr 0 00:06:43, Sys 0 00:00:02  -  Run Remote Usage
		Usr 0 00:00:00, Sys 0 00:00:00  -  Run Local Usage
		Usr 0 00:06:43, Sys 0 00:00:02  -  Total Remote Usage
		Usr 0 00:00:00, Sys 0 00:00:00  -  Total Local Usage
	50668  -  Run Bytes Sent By Job
	55262880  -  Run Bytes Received By Job
	50668  -  Total Bytes Sent By Job
	55262880  -  Total Bytes Received By Job
	Partitionable Resources :     Usage  Request Allocated 
	   Cpus                 :      0.00        3         3 
	   Disk (KB)            : 181498       75000   1275291 
	   Memory (MB)          :    261        6000      6000 

	Job terminated of its own accord at 2021-07-27T08:43:48Z.
...
