000 (2521867.039.000) 07/19 07:46:08 Job submitted from host: <188.185.70.244:9618?addrs=188.185.70.244-9618+[2001-1458-d00-7--100-2ee]-9618&alias=bigbird10.cern.ch&noUDP&sock=schedd_2037_ca81>
...
040 (2521867.039.000) 07/19 07:48:58 Started transferring input files
	Transferring to host: <128.142.58.123:9618?addrs=128.142.58.123-9618+[2001-1458-301-16--100-7a]-9618&alias=b7s03p6926.cern.ch&noUDP&sock=slot1_2_6821_c2ee_10640>
...
040 (2521867.039.000) 07/19 07:48:59 Finished transferring input files
...
001 (2521867.039.000) 07/19 07:48:59 Job executing on host: <128.142.58.123:9618?addrs=128.142.58.123-9618+[2001-1458-301-16--100-7a]-9618&alias=b7s03p6926.cern.ch&noUDP&sock=startd_6371_8df7>
...
006 (2521867.039.000) 07/19 07:49:08 Image size of job updated: 288712
	191  -  MemoryUsage of job (MB)
	194668  -  ResidentSetSize of job (KB)
...
006 (2521867.039.000) 07/19 07:54:09 Image size of job updated: 747012
	294  -  MemoryUsage of job (MB)
	300308  -  ResidentSetSize of job (KB)
...
006 (2521867.039.000) 07/19 08:04:10 Image size of job updated: 747460
	294  -  MemoryUsage of job (MB)
	300896  -  ResidentSetSize of job (KB)
...
040 (2521867.039.000) 07/19 08:07:02 Started transferring output files
...
040 (2521867.039.000) 07/19 08:07:02 Finished transferring output files
...
005 (2521867.039.000) 07/19 08:07:02 Job terminated.
	(1) Normal termination (return value 0)
		Usr 0 00:14:13, Sys 0 00:00:02  -  Run Remote Usage
		Usr 0 00:00:00, Sys 0 00:00:00  -  Run Local Usage
		Usr 0 00:14:13, Sys 0 00:00:02  -  Total Remote Usage
		Usr 0 00:00:00, Sys 0 00:00:00  -  Total Local Usage
	48552  -  Run Bytes Sent By Job
	55262812  -  Run Bytes Received By Job
	48552  -  Total Bytes Sent By Job
	55262812  -  Total Bytes Received By Job
	Partitionable Resources :     Usage  Request Allocated 
	   Cpus                 :      1.00        3         3 
	   Disk (KB)            : 183264       75000   1313072 
	   Memory (MB)          :    294        6000      6000 

	Job terminated of its own accord at 2021-07-19T06:07:02Z.
...
