000 (2557077.019.000) 07/28 10:49:38 Job submitted from host: <188.185.70.244:9618?addrs=188.185.70.244-9618+[2001-1458-d00-7--100-2ee]-9618&alias=bigbird10.cern.ch&noUDP&sock=schedd_2037_ca81>
...
040 (2557077.019.000) 07/28 12:24:46 Started transferring input files
	Transferring to host: <188.184.198.207:9618?addrs=188.184.198.207-9618+[2001-1458-301-c1--100-406]-9618&alias=b7g52n0870.cern.ch&noUDP&sock=slot1_1_21909_9f54_148393>
...
040 (2557077.019.000) 07/28 12:24:47 Finished transferring input files
...
001 (2557077.019.000) 07/28 12:24:47 Job executing on host: <188.184.198.207:9618?addrs=188.184.198.207-9618+[2001-1458-301-c1--100-406]-9618&alias=b7g52n0870.cern.ch&noUDP&sock=startd_17430_1bd4>
...
006 (2557077.019.000) 07/28 12:24:55 Image size of job updated: 531032
	151  -  MemoryUsage of job (MB)
	153980  -  ResidentSetSize of job (KB)
...
006 (2557077.019.000) 07/28 12:29:55 Image size of job updated: 794492
	271  -  MemoryUsage of job (MB)
	277104  -  ResidentSetSize of job (KB)
...
006 (2557077.019.000) 07/28 12:38:41 Image size of job updated: 795104
	271  -  MemoryUsage of job (MB)
	277104  -  ResidentSetSize of job (KB)
...
040 (2557077.019.000) 07/28 12:38:41 Started transferring output files
...
040 (2557077.019.000) 07/28 12:38:41 Finished transferring output files
...
005 (2557077.019.000) 07/28 12:38:41 Job terminated.
	(1) Normal termination (return value 0)
		Usr 0 00:13:48, Sys 0 00:00:02  -  Run Remote Usage
		Usr 0 00:00:00, Sys 0 00:00:00  -  Run Local Usage
		Usr 0 00:13:48, Sys 0 00:00:02  -  Total Remote Usage
		Usr 0 00:00:00, Sys 0 00:00:00  -  Total Local Usage
	48589  -  Run Bytes Sent By Job
	55262880  -  Run Bytes Received By Job
	48589  -  Total Bytes Sent By Job
	55262880  -  Total Bytes Received By Job
	Partitionable Resources :     Usage  Request Allocated 
	   Cpus                 :      1.00        5         5 
	   Disk (KB)            : 184937       75000    285940 
	   Memory (MB)          :    271       10000     10000 

	Job terminated of its own accord at 2021-07-28T10:38:41Z.
...
