000 (2521668.130.000) 07/19 01:56:57 Job submitted from host: <188.185.70.244:9618?addrs=188.185.70.244-9618+[2001-1458-d00-7--100-2ee]-9618&alias=bigbird10.cern.ch&noUDP&sock=schedd_2037_ca81>
...
040 (2521668.130.000) 07/19 02:13:39 Started transferring input files
	Transferring to host: <128.142.58.74:9618?addrs=128.142.58.74-9618+[2001-1458-301-16--100-49]-9618&alias=b7s03p2021.cern.ch&noUDP&sock=slot1_39_6851_e630_9998>
...
040 (2521668.130.000) 07/19 02:13:40 Finished transferring input files
...
001 (2521668.130.000) 07/19 02:13:40 Job executing on host: <128.142.58.74:9618?addrs=128.142.58.74-9618+[2001-1458-301-16--100-49]-9618&alias=b7s03p2021.cern.ch&noUDP&sock=startd_6390_9644>
...
006 (2521668.130.000) 07/19 02:13:49 Image size of job updated: 443636
	109  -  MemoryUsage of job (MB)
	111504  -  ResidentSetSize of job (KB)
...
006 (2521668.130.000) 07/19 02:18:50 Image size of job updated: 631960
	205  -  MemoryUsage of job (MB)
	209684  -  ResidentSetSize of job (KB)
...
006 (2521668.130.000) 07/19 02:23:51 Image size of job updated: 631960
	205  -  MemoryUsage of job (MB)
	209688  -  ResidentSetSize of job (KB)
...
006 (2521668.130.000) 07/19 02:55:51 Image size of job updated: 766932
	205  -  MemoryUsage of job (MB)
	209688  -  ResidentSetSize of job (KB)
...
040 (2521668.130.000) 07/19 02:55:51 Started transferring output files
...
040 (2521668.130.000) 07/19 02:55:51 Finished transferring output files
...
005 (2521668.130.000) 07/19 02:55:51 Job terminated.
	(1) Normal termination (return value 0)
		Usr 0 00:00:53, Sys 0 00:00:02  -  Run Remote Usage
		Usr 0 00:00:00, Sys 0 00:00:00  -  Run Local Usage
		Usr 0 00:00:53, Sys 0 00:00:02  -  Total Remote Usage
		Usr 0 00:00:00, Sys 0 00:00:00  -  Total Local Usage
	53279  -  Run Bytes Sent By Job
	55262812  -  Run Bytes Received By Job
	53279  -  Total Bytes Sent By Job
	55262812  -  Total Bytes Received By Job
	Partitionable Resources :     Usage  Request Allocated 
	   Cpus                 :      0.04        3         3 
	   Disk (KB)            : 182664       75000   1296498 
	   Memory (MB)          :    205        6000      6000 

	Job terminated of its own accord at 2021-07-19T00:55:51Z.
...
