000 (2556074.029.000) 07/27 10:23:52 Job submitted from host: <188.185.70.244:9618?addrs=188.185.70.244-9618+[2001-1458-d00-7--100-2ee]-9618&alias=bigbird10.cern.ch&noUDP&sock=schedd_2037_ca81>
...
040 (2556074.029.000) 07/27 10:30:25 Started transferring input files
	Transferring to host: <128.142.57.143:9618?addrs=128.142.57.143-9618+[2001-1458-301-7--100-8e]-9618&alias=b7s02p2715.cern.ch&noUDP&sock=slot1_38_6813_1fee_21190>
...
001 (2556074.029.000) 07/27 10:30:26 Job executing on host: <128.142.57.143:9618?addrs=128.142.57.143-9618+[2001-1458-301-7--100-8e]-9618&alias=b7s02p2715.cern.ch&noUDP&sock=startd_6358_a33c>
...
040 (2556074.029.000) 07/27 10:30:26 Finished transferring input files
...
006 (2556074.029.000) 07/27 10:30:34 Image size of job updated: 467436
	113  -  MemoryUsage of job (MB)
	115384  -  ResidentSetSize of job (KB)
...
006 (2556074.029.000) 07/27 10:35:34 Image size of job updated: 626316
	201  -  MemoryUsage of job (MB)
	205408  -  ResidentSetSize of job (KB)
...
006 (2556074.029.000) 07/27 10:40:36 Image size of job updated: 789584
	267  -  MemoryUsage of job (MB)
	272508  -  ResidentSetSize of job (KB)
...
006 (2556074.029.000) 07/27 10:45:09 Image size of job updated: 790200
	267  -  MemoryUsage of job (MB)
	272508  -  ResidentSetSize of job (KB)
...
040 (2556074.029.000) 07/27 10:45:09 Started transferring output files
...
040 (2556074.029.000) 07/27 10:45:09 Finished transferring output files
...
005 (2556074.029.000) 07/27 10:45:10 Job terminated.
	(1) Normal termination (return value 0)
		Usr 0 00:07:44, Sys 0 00:00:02  -  Run Remote Usage
		Usr 0 00:00:00, Sys 0 00:00:00  -  Run Local Usage
		Usr 0 00:07:44, Sys 0 00:00:02  -  Total Remote Usage
		Usr 0 00:00:00, Sys 0 00:00:00  -  Total Local Usage
	47457  -  Run Bytes Sent By Job
	55262880  -  Run Bytes Received By Job
	47457  -  Total Bytes Sent By Job
	55262880  -  Total Bytes Received By Job
	Partitionable Resources :     Usage  Request Allocated 
	   Cpus                 :      1.00        3         3 
	   Disk (KB)            : 183457       75000   1281991 
	   Memory (MB)          :    267        6000      6000 

	Job terminated of its own accord at 2021-07-27T08:45:09Z.
...
