000 (2536881.021.000) 07/22 03:18:13 Job submitted from host: <188.185.70.244:9618?addrs=188.185.70.244-9618+[2001-1458-d00-7--100-2ee]-9618&alias=bigbird10.cern.ch&noUDP&sock=schedd_2037_ca81>
...
040 (2536881.021.000) 07/22 03:24:53 Started transferring input files
	Transferring to host: <188.184.169.158:9618?addrs=188.184.169.158-9618+[2001-1458-301-c0--100-2cc]-9618&alias=b7g52n2812.cern.ch&noUDP&sock=slot1_10_6669_a9e8_73011>
...
040 (2536881.021.000) 07/22 03:24:54 Finished transferring input files
...
001 (2536881.021.000) 07/22 03:24:54 Job executing on host: <188.184.169.158:9618?addrs=188.184.169.158-9618+[2001-1458-301-c0--100-2cc]-9618&alias=b7g52n2812.cern.ch&noUDP&sock=startd_5219_60dd>
...
006 (2536881.021.000) 07/22 03:25:03 Image size of job updated: 327020
	4  -  MemoryUsage of job (MB)
	3684  -  ResidentSetSize of job (KB)
...
006 (2536881.021.000) 07/22 03:30:04 Image size of job updated: 627368
	202  -  MemoryUsage of job (MB)
	205864  -  ResidentSetSize of job (KB)
...
006 (2536881.021.000) 07/22 03:35:04 Image size of job updated: 825108
	301  -  MemoryUsage of job (MB)
	307656  -  ResidentSetSize of job (KB)
...
006 (2536881.021.000) 07/22 04:00:08 Image size of job updated: 825564
	302  -  MemoryUsage of job (MB)
	308244  -  ResidentSetSize of job (KB)
...
040 (2536881.021.000) 07/22 04:05:54 Started transferring output files
...
040 (2536881.021.000) 07/22 04:05:54 Finished transferring output files
...
005 (2536881.021.000) 07/22 04:05:55 Job terminated.
	(1) Normal termination (return value 0)
		Usr 0 00:36:13, Sys 0 00:00:03  -  Run Remote Usage
		Usr 0 00:00:00, Sys 0 00:00:00  -  Run Local Usage
		Usr 0 00:36:13, Sys 0 00:00:03  -  Total Remote Usage
		Usr 0 00:00:00, Sys 0 00:00:00  -  Total Local Usage
	44326  -  Run Bytes Sent By Job
	55262812  -  Run Bytes Received By Job
	44326  -  Total Bytes Sent By Job
	55262812  -  Total Bytes Received By Job
	Partitionable Resources :     Usage  Request Allocated 
	   Cpus                 :      1.00        3         3 
	   Disk (KB)            : 185725       75000    240880 
	   Memory (MB)          :    302        6000      6000 

	Job terminated of its own accord at 2021-07-22T02:05:54Z.
...
