000 (2521842.115.000) 07/19 05:55:55 Job submitted from host: <188.185.70.244:9618?addrs=188.185.70.244-9618+[2001-1458-d00-7--100-2ee]-9618&alias=bigbird10.cern.ch&noUDP&sock=schedd_2037_ca81>
...
040 (2521842.115.000) 07/19 06:01:36 Started transferring input files
	Transferring to host: <128.142.57.93:9618?addrs=128.142.57.93-9618+[2001-1458-301-7--100-5c]-9618&alias=b7s02p3426.cern.ch&noUDP&sock=slot1_9_3941_8a79_12689>
...
040 (2521842.115.000) 07/19 06:01:37 Finished transferring input files
...
001 (2521842.115.000) 07/19 06:01:37 Job executing on host: <128.142.57.93:9618?addrs=128.142.57.93-9618+[2001-1458-301-7--100-5c]-9618&alias=b7s02p3426.cern.ch&noUDP&sock=startd_3490_6d9d>
...
006 (2521842.115.000) 07/19 06:01:45 Image size of job updated: 221596
	145  -  MemoryUsage of job (MB)
	147968  -  ResidentSetSize of job (KB)
...
006 (2521842.115.000) 07/19 06:06:45 Image size of job updated: 630332
	204  -  MemoryUsage of job (MB)
	208596  -  ResidentSetSize of job (KB)
...
006 (2521842.115.000) 07/19 06:11:46 Image size of job updated: 630332
	204  -  MemoryUsage of job (MB)
	208600  -  ResidentSetSize of job (KB)
...
006 (2521842.115.000) 07/19 06:36:47 Image size of job updated: 838948
	313  -  MemoryUsage of job (MB)
	320376  -  ResidentSetSize of job (KB)
...
006 (2521842.115.000) 07/19 06:51:48 Image size of job updated: 839540
	314  -  MemoryUsage of job (MB)
	321052  -  ResidentSetSize of job (KB)
...
040 (2521842.115.000) 07/19 06:52:23 Started transferring output files
...
040 (2521842.115.000) 07/19 06:52:23 Finished transferring output files
...
005 (2521842.115.000) 07/19 06:52:24 Job terminated.
	(1) Normal termination (return value 0)
		Usr 0 00:16:50, Sys 0 00:00:03  -  Run Remote Usage
		Usr 0 00:00:00, Sys 0 00:00:00  -  Run Local Usage
		Usr 0 00:16:50, Sys 0 00:00:03  -  Total Remote Usage
		Usr 0 00:00:00, Sys 0 00:00:00  -  Total Local Usage
	48103  -  Run Bytes Sent By Job
	55262812  -  Run Bytes Received By Job
	48103  -  Total Bytes Sent By Job
	55262812  -  Total Bytes Received By Job
	Partitionable Resources :     Usage  Request Allocated 
	   Cpus                 :      1.00        3         3 
	   Disk (KB)            : 187458       75000   1214413 
	   Memory (MB)          :    314        6000      6000 

	Job terminated of its own accord at 2021-07-19T04:52:23Z.
...
