000 (2521876.009.000) 07/19 08:46:26 Job submitted from host: <188.185.70.244:9618?addrs=188.185.70.244-9618+[2001-1458-d00-7--100-2ee]-9618&alias=bigbird10.cern.ch&noUDP&sock=schedd_2037_ca81>
...
040 (2521876.009.000) 07/19 09:09:56 Started transferring input files
	Transferring to host: <128.142.75.152:9618?addrs=128.142.75.152-9618+[2001-1458-301-75--100-498]-9618&alias=b7s11n3153.cern.ch&noUDP&sock=slot1_6_5785_ce44_66680>
...
040 (2521876.009.000) 07/19 09:09:57 Finished transferring input files
...
001 (2521876.009.000) 07/19 09:09:57 Job executing on host: <128.142.75.152:9618?addrs=128.142.75.152-9618+[2001-1458-301-75--100-498]-9618&alias=b7s11n3153.cern.ch&noUDP&sock=startd_4692_e674>
...
006 (2521876.009.000) 07/19 09:10:06 Image size of job updated: 348204
	4  -  MemoryUsage of job (MB)
	3680  -  ResidentSetSize of job (KB)
...
006 (2521876.009.000) 07/19 09:15:07 Image size of job updated: 814392
	294  -  MemoryUsage of job (MB)
	300548  -  ResidentSetSize of job (KB)
...
006 (2521876.009.000) 07/19 09:40:09 Image size of job updated: 814900
	295  -  MemoryUsage of job (MB)
	301152  -  ResidentSetSize of job (KB)
...
040 (2521876.009.000) 07/19 09:43:33 Started transferring output files
...
040 (2521876.009.000) 07/19 09:43:33 Finished transferring output files
...
005 (2521876.009.000) 07/19 09:43:33 Job terminated.
	(1) Normal termination (return value 0)
		Usr 0 00:29:08, Sys 0 00:00:03  -  Run Remote Usage
		Usr 0 00:00:00, Sys 0 00:00:00  -  Run Local Usage
		Usr 0 00:29:08, Sys 0 00:00:03  -  Total Remote Usage
		Usr 0 00:00:00, Sys 0 00:00:00  -  Total Local Usage
	49099  -  Run Bytes Sent By Job
	55262812  -  Run Bytes Received By Job
	49099  -  Total Bytes Sent By Job
	55262812  -  Total Bytes Received By Job
	Partitionable Resources :     Usage  Request Allocated 
	   Cpus                 :      0.99        3         3 
	   Disk (KB)            : 183640       75000    271600 
	   Memory (MB)          :    295        6000      6000 

	Job terminated of its own accord at 2021-07-19T07:43:33Z.
...
