000 (2536881.184.000) 07/22 03:18:13 Job submitted from host: <188.185.70.244:9618?addrs=188.185.70.244-9618+[2001-1458-d00-7--100-2ee]-9618&alias=bigbird10.cern.ch&noUDP&sock=schedd_2037_ca81>
...
040 (2536881.184.000) 07/22 03:57:52 Started transferring input files
	Transferring to host: <128.142.193.216:9618?addrs=128.142.193.216-9618+[2001-1458-301-cc--100-30d]-9618&alias=b7g52n0175.cern.ch&noUDP&sock=slot1_7_17048_9bae_138681>
...
040 (2536881.184.000) 07/22 03:57:53 Finished transferring input files
...
001 (2536881.184.000) 07/22 03:57:53 Job executing on host: <128.142.193.216:9618?addrs=128.142.193.216-9618+[2001-1458-301-cc--100-30d]-9618&alias=b7g52n0175.cern.ch&noUDP&sock=startd_18801_802c>
...
006 (2536881.184.000) 07/22 03:58:01 Image size of job updated: 99800
	62  -  MemoryUsage of job (MB)
	62676  -  ResidentSetSize of job (KB)
...
006 (2536881.184.000) 07/22 04:03:01 Image size of job updated: 796384
	273  -  MemoryUsage of job (MB)
	279016  -  ResidentSetSize of job (KB)
...
006 (2536881.184.000) 07/22 04:08:02 Image size of job updated: 796840
	274  -  MemoryUsage of job (MB)
	279608  -  ResidentSetSize of job (KB)
...
040 (2536881.184.000) 07/22 04:14:53 Started transferring output files
...
040 (2536881.184.000) 07/22 04:14:53 Finished transferring output files
...
005 (2536881.184.000) 07/22 04:14:54 Job terminated.
	(1) Normal termination (return value 0)
		Usr 0 00:16:34, Sys 0 00:00:02  -  Run Remote Usage
		Usr 0 00:00:00, Sys 0 00:00:00  -  Run Local Usage
		Usr 0 00:16:34, Sys 0 00:00:02  -  Total Remote Usage
		Usr 0 00:00:00, Sys 0 00:00:00  -  Total Local Usage
	45095  -  Run Bytes Sent By Job
	55262812  -  Run Bytes Received By Job
	45095  -  Total Bytes Sent By Job
	55262812  -  Total Bytes Received By Job
	Partitionable Resources :     Usage  Request Allocated 
	   Cpus                 :      1.00        3         3 
	   Disk (KB)            : 180502       75000    260390 
	   Memory (MB)          :    274        6000      6000 

	Job terminated of its own accord at 2021-07-22T02:14:53Z.
...
