000 (2521876.158.000) 07/19 08:46:26 Job submitted from host: <188.185.70.244:9618?addrs=188.185.70.244-9618+[2001-1458-d00-7--100-2ee]-9618&alias=bigbird10.cern.ch&noUDP&sock=schedd_2037_ca81>
...
040 (2521876.158.000) 07/19 10:39:40 Started transferring input files
	Transferring to host: <128.142.84.232:9618?addrs=128.142.84.232-9618+[2001-1458-301-f6--100-367]-9618&alias=b7s14n4605.cern.ch&noUDP&sock=slot1_2_10033_e7f1_119987>
...
040 (2521876.158.000) 07/19 10:39:40 Finished transferring input files
...
001 (2521876.158.000) 07/19 10:39:40 Job executing on host: <128.142.84.232:9618?addrs=128.142.84.232-9618+[2001-1458-301-f6--100-367]-9618&alias=b7s14n4605.cern.ch&noUDP&sock=startd_16672_2f0a>
...
006 (2521876.158.000) 07/19 10:39:50 Image size of job updated: 437912
	28  -  MemoryUsage of job (MB)
	28372  -  ResidentSetSize of job (KB)
...
006 (2521876.158.000) 07/19 10:44:50 Image size of job updated: 626828
	201  -  MemoryUsage of job (MB)
	205204  -  ResidentSetSize of job (KB)
...
006 (2521876.158.000) 07/19 10:59:52 Image size of job updated: 809300
	285  -  MemoryUsage of job (MB)
	291820  -  ResidentSetSize of job (KB)
...
006 (2521876.158.000) 07/19 11:04:52 Image size of job updated: 809636
	286  -  MemoryUsage of job (MB)
	292336  -  ResidentSetSize of job (KB)
...
040 (2521876.158.000) 07/19 11:08:24 Started transferring output files
...
040 (2521876.158.000) 07/19 11:08:24 Finished transferring output files
...
005 (2521876.158.000) 07/19 11:08:24 Job terminated.
	(1) Normal termination (return value 0)
		Usr 0 00:14:04, Sys 0 00:00:02  -  Run Remote Usage
		Usr 0 00:00:00, Sys 0 00:00:00  -  Run Local Usage
		Usr 0 00:14:04, Sys 0 00:00:02  -  Total Remote Usage
		Usr 0 00:00:00, Sys 0 00:00:00  -  Total Local Usage
	48810  -  Run Bytes Sent By Job
	55262812  -  Run Bytes Received By Job
	48810  -  Total Bytes Sent By Job
	55262812  -  Total Bytes Received By Job
	Partitionable Resources :     Usage  Request Allocated 
	   Cpus                 :      1.00        3         3 
	   Disk (KB)            : 182806       75000    285429 
	   Memory (MB)          :    286        6000      6000 

	Job terminated of its own accord at 2021-07-19T09:08:24Z.
...
