000 (2521675.143.000) 07/19 04:18:40 Job submitted from host: <188.185.70.244:9618?addrs=188.185.70.244-9618+[2001-1458-d00-7--100-2ee]-9618&alias=bigbird10.cern.ch&noUDP&sock=schedd_2037_ca81>
...
040 (2521675.143.000) 07/19 04:24:45 Started transferring input files
	Transferring to host: <128.142.59.92:9618?addrs=128.142.59.92-9618+[2001-1458-301-21--100-5b]-9618&alias=b7s04p7580.cern.ch&noUDP&sock=slot1_4_3210_7c3c_10410>
...
040 (2521675.143.000) 07/19 04:24:45 Finished transferring input files
...
001 (2521675.143.000) 07/19 04:24:45 Job executing on host: <128.142.59.92:9618?addrs=128.142.59.92-9618+[2001-1458-301-21--100-5b]-9618&alias=b7s04p7580.cern.ch&noUDP&sock=startd_2746_1b27>
...
006 (2521675.143.000) 07/19 04:24:54 Image size of job updated: 1068092
	190  -  MemoryUsage of job (MB)
	194136  -  ResidentSetSize of job (KB)
...
006 (2521675.143.000) 07/19 04:29:54 Image size of job updated: 1068092
	205  -  MemoryUsage of job (MB)
	209576  -  ResidentSetSize of job (KB)
...
040 (2521675.143.000) 07/19 04:34:04 Started transferring output files
...
040 (2521675.143.000) 07/19 04:34:05 Finished transferring output files
...
005 (2521675.143.000) 07/19 04:34:05 Job terminated.
	(1) Normal termination (return value 0)
		Usr 0 00:00:52, Sys 0 00:00:02  -  Run Remote Usage
		Usr 0 00:00:00, Sys 0 00:00:00  -  Run Local Usage
		Usr 0 00:00:52, Sys 0 00:00:02  -  Total Remote Usage
		Usr 0 00:00:00, Sys 0 00:00:00  -  Total Local Usage
	56716  -  Run Bytes Sent By Job
	55262812  -  Run Bytes Received By Job
	56716  -  Total Bytes Sent By Job
	55262812  -  Total Bytes Received By Job
	Partitionable Resources :     Usage  Request Allocated 
	   Cpus                 :      0.07        3         3 
	   Disk (KB)            : 182157       75000   1315304 
	   Memory (MB)          :    205        6000      6000 

	Job terminated of its own accord at 2021-07-19T02:34:04Z.
...
