000 (2552364.006.000) 07/26 17:27:33 Job submitted from host: <188.185.70.244:9618?addrs=188.185.70.244-9618+[2001-1458-d00-7--100-2ee]-9618&alias=bigbird10.cern.ch&noUDP&sock=schedd_2037_ca81>
...
040 (2552364.006.000) 07/26 17:31:15 Entered queue to transfer input files
	Transferring to host: <188.184.190.35:9618?addrs=188.184.190.35-9618+[2001-1458-301-4b--100-11]-9618&alias=b7g42n0120.cern.ch&noUDP&sock=slot1_4_3248_427d_74409>
...
040 (2552364.006.000) 07/26 17:31:25 Started transferring input files
	Seconds spent in queue: 10
...
001 (2552364.006.000) 07/26 17:31:25 Job executing on host: <188.184.190.35:9618?addrs=188.184.190.35-9618+[2001-1458-301-4b--100-11]-9618&alias=b7g42n0120.cern.ch&noUDP&sock=startd_2818_7df9>
...
006 (2552364.006.000) 07/26 17:31:41 Image size of job updated: 428516
	27  -  MemoryUsage of job (MB)
	27512  -  ResidentSetSize of job (KB)
...
040 (2552364.006.000) 07/26 17:31:41 Finished transferring input files
...
006 (2552364.006.000) 07/26 17:36:35 Image size of job updated: 806776
	287  -  MemoryUsage of job (MB)
	293464  -  ResidentSetSize of job (KB)
...
006 (2552364.006.000) 07/26 17:51:36 Image size of job updated: 807292
	288  -  MemoryUsage of job (MB)
	294060  -  ResidentSetSize of job (KB)
...
040 (2552364.006.000) 07/26 17:51:53 Started transferring output files
	Seconds spent in queue: 1238
...
040 (2552364.006.000) 07/26 17:51:53 Finished transferring output files
...
005 (2552364.006.000) 07/26 17:51:53 Job terminated.
	(1) Normal termination (return value 0)
		Usr 0 00:16:55, Sys 0 00:00:03  -  Run Remote Usage
		Usr 0 00:00:00, Sys 0 00:00:00  -  Run Local Usage
		Usr 0 00:16:55, Sys 0 00:00:03  -  Total Remote Usage
		Usr 0 00:00:00, Sys 0 00:00:00  -  Total Local Usage
	52410  -  Run Bytes Sent By Job
	55262876  -  Run Bytes Received By Job
	52410  -  Total Bytes Sent By Job
	55262876  -  Total Bytes Received By Job
	Partitionable Resources :     Usage  Request Allocated 
	   Cpus                 :      1.00        3         3 
	   Disk (KB)            : 182209       75000    290972 
	   Memory (MB)          :    288        6000      6000 

	Job terminated of its own accord at 2021-07-26T15:51:52Z.
...
