000 (2524617.192.000) 07/20 01:52:27 Job submitted from host: <188.185.70.244:9618?addrs=188.185.70.244-9618+[2001-1458-d00-7--100-2ee]-9618&alias=bigbird10.cern.ch&noUDP&sock=schedd_2037_ca81>
...
040 (2524617.192.000) 07/20 02:01:16 Started transferring input files
	Transferring to host: <128.142.57.113:9618?addrs=128.142.57.113-9618+[2001-1458-301-7--100-70]-9618&alias=b7s02p4192.cern.ch&noUDP&sock=slot1_11_6532_2283_15578>
...
040 (2524617.192.000) 07/20 02:01:17 Finished transferring input files
...
001 (2524617.192.000) 07/20 02:01:17 Job executing on host: <128.142.57.113:9618?addrs=128.142.57.113-9618+[2001-1458-301-7--100-70]-9618&alias=b7s02p4192.cern.ch&noUDP&sock=startd_6070_17f5>
...
006 (2524617.192.000) 07/20 02:01:26 Image size of job updated: 284984
	205  -  MemoryUsage of job (MB)
	209640  -  ResidentSetSize of job (KB)
...
006 (2524617.192.000) 07/20 02:06:27 Image size of job updated: 809472
	289  -  MemoryUsage of job (MB)
	295528  -  ResidentSetSize of job (KB)
...
006 (2524617.192.000) 07/20 02:11:28 Image size of job updated: 809984
	290  -  MemoryUsage of job (MB)
	296116  -  ResidentSetSize of job (KB)
...
040 (2524617.192.000) 07/20 02:13:36 Started transferring output files
...
040 (2524617.192.000) 07/20 02:13:36 Finished transferring output files
...
005 (2524617.192.000) 07/20 02:13:36 Job terminated.
	(1) Normal termination (return value 0)
		Usr 0 00:12:11, Sys 0 00:00:02  -  Run Remote Usage
		Usr 0 00:00:00, Sys 0 00:00:00  -  Run Local Usage
		Usr 0 00:12:11, Sys 0 00:00:02  -  Total Remote Usage
		Usr 0 00:00:00, Sys 0 00:00:00  -  Total Local Usage
	53385  -  Run Bytes Sent By Job
	55262812  -  Run Bytes Received By Job
	53385  -  Total Bytes Sent By Job
	55262812  -  Total Bytes Received By Job
	Partitionable Resources :     Usage  Request Allocated 
	   Cpus                 :      1.00        3         3 
	   Disk (KB)            : 182698       75000   1295569 
	   Memory (MB)          :    290        6000      6000 

	Job terminated of its own accord at 2021-07-20T00:13:36Z.
...
