000 (2522101.013.000) 07/19 11:55:34 Job submitted from host: <188.185.70.244:9618?addrs=188.185.70.244-9618+[2001-1458-d00-7--100-2ee]-9618&alias=bigbird10.cern.ch&noUDP&sock=schedd_2037_ca81>
...
040 (2522101.013.000) 07/19 12:24:36 Started transferring input files
	Transferring to host: <128.142.58.37:9618?addrs=128.142.58.37-9618+[2001-1458-301-16--100-24]-9618&alias=b7s03p3926.cern.ch&noUDP&sock=slot1_7_3538_9749_4973>
...
040 (2522101.013.000) 07/19 12:24:37 Finished transferring input files
...
001 (2522101.013.000) 07/19 12:24:37 Job executing on host: <128.142.58.37:9618?addrs=128.142.58.37-9618+[2001-1458-301-16--100-24]-9618&alias=b7s03p3926.cern.ch&noUDP&sock=startd_2772_f09e>
...
006 (2522101.013.000) 07/19 12:24:46 Image size of job updated: 1046304
	169  -  MemoryUsage of job (MB)
	172696  -  ResidentSetSize of job (KB)
...
006 (2522101.013.000) 07/19 12:29:47 Image size of job updated: 1046304
	297  -  MemoryUsage of job (MB)
	303224  -  ResidentSetSize of job (KB)
...
006 (2522101.013.000) 07/19 12:34:48 Image size of job updated: 1046304
	297  -  MemoryUsage of job (MB)
	303796  -  ResidentSetSize of job (KB)
...
040 (2522101.013.000) 07/19 12:40:36 Started transferring output files
...
040 (2522101.013.000) 07/19 12:40:36 Finished transferring output files
...
005 (2522101.013.000) 07/19 12:40:37 Job terminated.
	(1) Normal termination (return value 0)
		Usr 0 00:15:51, Sys 0 00:00:02  -  Run Remote Usage
		Usr 0 00:00:00, Sys 0 00:00:00  -  Run Local Usage
		Usr 0 00:15:51, Sys 0 00:00:02  -  Total Remote Usage
		Usr 0 00:00:00, Sys 0 00:00:00  -  Total Local Usage
	50134  -  Run Bytes Sent By Job
	55262812  -  Run Bytes Received By Job
	50134  -  Total Bytes Sent By Job
	55262812  -  Total Bytes Received By Job
	Partitionable Resources :     Usage  Request Allocated 
	   Cpus                 :      1.00        3         3 
	   Disk (KB)            : 184116       75000   1339574 
	   Memory (MB)          :    297        6000      6000 

	Job terminated of its own accord at 2021-07-19T10:40:36Z.
...
