000 (2552365.025.000) 07/26 17:28:17 Job submitted from host: <188.185.70.244:9618?addrs=188.185.70.244-9618+[2001-1458-d00-7--100-2ee]-9618&alias=bigbird10.cern.ch&noUDP&sock=schedd_2037_ca81>
...
040 (2552365.025.000) 07/26 17:58:06 Started transferring input files
	Transferring to host: <188.184.190.152:9618?addrs=188.184.190.152-9618+[2001-1458-301-4b--100-8d]-9618&alias=b7g42n0342.cern.ch&noUDP&sock=slot1_1_12803_9f22_129368>
...
040 (2552365.025.000) 07/26 17:58:07 Finished transferring input files
...
001 (2552365.025.000) 07/26 17:58:07 Job executing on host: <188.184.190.152:9618?addrs=188.184.190.152-9618+[2001-1458-301-4b--100-8d]-9618&alias=b7g42n0342.cern.ch&noUDP&sock=startd_5692_d129>
...
006 (2552365.025.000) 07/26 17:58:16 Image size of job updated: 104852
	54  -  MemoryUsage of job (MB)
	55160  -  ResidentSetSize of job (KB)
...
006 (2552365.025.000) 07/26 18:03:17 Image size of job updated: 811504
	287  -  MemoryUsage of job (MB)
	293884  -  ResidentSetSize of job (KB)
...
006 (2552365.025.000) 07/26 18:18:19 Image size of job updated: 812192
	288  -  MemoryUsage of job (MB)
	294728  -  ResidentSetSize of job (KB)
...
040 (2552365.025.000) 07/26 18:23:04 Started transferring output files
...
040 (2552365.025.000) 07/26 18:23:04 Finished transferring output files
...
005 (2552365.025.000) 07/26 18:23:04 Job terminated.
	(1) Normal termination (return value 0)
		Usr 0 00:24:33, Sys 0 00:00:02  -  Run Remote Usage
		Usr 0 00:00:00, Sys 0 00:00:00  -  Run Local Usage
		Usr 0 00:24:33, Sys 0 00:00:02  -  Total Remote Usage
		Usr 0 00:00:00, Sys 0 00:00:00  -  Total Local Usage
	49891  -  Run Bytes Sent By Job
	55262876  -  Run Bytes Received By Job
	49891  -  Total Bytes Sent By Job
	55262876  -  Total Bytes Received By Job
	Partitionable Resources :     Usage  Request Allocated 
	   Cpus                 :      1.00        3         3 
	   Disk (KB)            : 182812       75000    302526 
	   Memory (MB)          :    288        6000      6000 

	Job terminated of its own accord at 2021-07-26T16:23:04Z.
...
