000 (2557145.021.000) 07/28 14:19:40 Job submitted from host: <188.185.70.244:9618?addrs=188.185.70.244-9618+[2001-1458-d00-7--100-2ee]-9618&alias=bigbird10.cern.ch&noUDP&sock=schedd_2037_ca81>
...
040 (2557145.021.000) 07/28 15:07:09 Started transferring input files
	Transferring to host: <128.142.57.76:9618?addrs=128.142.57.76-9618+[2001-1458-301-7--100-4b]-9618&alias=b7s02p8471.cern.ch&noUDP&sock=slot1_15_6925_09f3_22391>
...
040 (2557145.021.000) 07/28 15:07:10 Finished transferring input files
...
001 (2557145.021.000) 07/28 15:07:10 Job executing on host: <128.142.57.76:9618?addrs=128.142.57.76-9618+[2001-1458-301-7--100-4b]-9618&alias=b7s02p8471.cern.ch&noUDP&sock=startd_6473_84a0>
...
006 (2557145.021.000) 07/28 15:07:18 Image size of job updated: 280940
	202  -  MemoryUsage of job (MB)
	205892  -  ResidentSetSize of job (KB)
...
006 (2557145.021.000) 07/28 15:12:18 Image size of job updated: 797976
	275  -  MemoryUsage of job (MB)
	281328  -  ResidentSetSize of job (KB)
...
040 (2557145.021.000) 07/28 15:18:01 Started transferring output files
...
040 (2557145.021.000) 07/28 15:18:01 Finished transferring output files
...
005 (2557145.021.000) 07/28 15:18:02 Job terminated.
	(1) Normal termination (return value 0)
		Usr 0 00:10:47, Sys 0 00:00:01  -  Run Remote Usage
		Usr 0 00:00:00, Sys 0 00:00:00  -  Run Local Usage
		Usr 0 00:10:47, Sys 0 00:00:01  -  Total Remote Usage
		Usr 0 00:00:00, Sys 0 00:00:00  -  Total Local Usage
	49609  -  Run Bytes Sent By Job
	55262880  -  Run Bytes Received By Job
	49609  -  Total Bytes Sent By Job
	55262880  -  Total Bytes Received By Job
	Partitionable Resources :     Usage  Request Allocated 
	   Cpus                 :      1.00        4         4 
	   Disk (KB)            : 185153       75000   1327399 
	   Memory (MB)          :    275        8000      8000 

	Job terminated of its own accord at 2021-07-28T13:18:01Z.
...
