000 (2522101.170.000) 07/19 11:55:34 Job submitted from host: <188.185.70.244:9618?addrs=188.185.70.244-9618+[2001-1458-d00-7--100-2ee]-9618&alias=bigbird10.cern.ch&noUDP&sock=schedd_2037_ca81>
...
040 (2522101.170.000) 07/19 13:00:49 Started transferring input files
	Transferring to host: <128.142.56.91:9618?addrs=128.142.56.91-9618+[2001-1458-301-6--100-5a]-9618&alias=b7s01p5298.cern.ch&noUDP&sock=slot1_10_53951_1c2b_12790>
...
040 (2522101.170.000) 07/19 13:00:50 Finished transferring input files
...
001 (2522101.170.000) 07/19 13:00:50 Job executing on host: <128.142.56.91:9618?addrs=128.142.56.91-9618+[2001-1458-301-6--100-5a]-9618&alias=b7s01p5298.cern.ch&noUDP&sock=startd_50853_81b7>
...
006 (2522101.170.000) 07/19 13:00:58 Image size of job updated: 242856
	165  -  MemoryUsage of job (MB)
	168752  -  ResidentSetSize of job (KB)
...
006 (2522101.170.000) 07/19 13:05:58 Image size of job updated: 631408
	205  -  MemoryUsage of job (MB)
	209652  -  ResidentSetSize of job (KB)
...
006 (2522101.170.000) 07/19 13:26:00 Image size of job updated: 817052
	297  -  MemoryUsage of job (MB)
	303288  -  ResidentSetSize of job (KB)
...
006 (2522101.170.000) 07/19 13:35:58 Image size of job updated: 817536
	297  -  MemoryUsage of job (MB)
	303288  -  ResidentSetSize of job (KB)
...
040 (2522101.170.000) 07/19 13:35:58 Started transferring output files
...
040 (2522101.170.000) 07/19 13:35:58 Finished transferring output files
...
005 (2522101.170.000) 07/19 13:35:59 Job terminated.
	(1) Normal termination (return value 0)
		Usr 0 00:13:11, Sys 0 00:00:02  -  Run Remote Usage
		Usr 0 00:00:00, Sys 0 00:00:00  -  Run Local Usage
		Usr 0 00:13:11, Sys 0 00:00:02  -  Total Remote Usage
		Usr 0 00:00:00, Sys 0 00:00:00  -  Total Local Usage
	49992  -  Run Bytes Sent By Job
	55262812  -  Run Bytes Received By Job
	49992  -  Total Bytes Sent By Job
	55262812  -  Total Bytes Received By Job
	Partitionable Resources :     Usage  Request Allocated 
	   Cpus                 :      1.00        3         3 
	   Disk (KB)            : 184119       75000   1290793 
	   Memory (MB)          :    297        6000      6000 

	Job terminated of its own accord at 2021-07-19T11:35:58Z.
...
