000 (2556073.002.000) 07/27 10:23:22 Job submitted from host: <188.185.70.244:9618?addrs=188.185.70.244-9618+[2001-1458-d00-7--100-2ee]-9618&alias=bigbird10.cern.ch&noUDP&sock=schedd_2037_ca81>
...
040 (2556073.002.000) 07/27 10:25:36 Started transferring input files
	Transferring to host: <128.142.59.66:9618?addrs=128.142.59.66-9618+[2001-1458-301-21--100-41]-9618&alias=b7s04p7188.cern.ch&noUDP&sock=slot1_16_8409_a6af_15481>
...
040 (2556073.002.000) 07/27 10:25:36 Finished transferring input files
...
001 (2556073.002.000) 07/27 10:25:36 Job executing on host: <128.142.59.66:9618?addrs=128.142.59.66-9618+[2001-1458-301-21--100-41]-9618&alias=b7s04p7188.cern.ch&noUDP&sock=startd_6890_8b9e>
...
006 (2556073.002.000) 07/27 10:25:46 Image size of job updated: 611564
	205  -  MemoryUsage of job (MB)
	209600  -  ResidentSetSize of job (KB)
...
006 (2556073.002.000) 07/27 10:30:47 Image size of job updated: 786196
	267  -  MemoryUsage of job (MB)
	272948  -  ResidentSetSize of job (KB)
...
006 (2556073.002.000) 07/27 10:34:16 Image size of job updated: 786872
	267  -  MemoryUsage of job (MB)
	272948  -  ResidentSetSize of job (KB)
...
040 (2556073.002.000) 07/27 10:34:16 Started transferring output files
...
040 (2556073.002.000) 07/27 10:34:16 Finished transferring output files
...
005 (2556073.002.000) 07/27 10:34:17 Job terminated.
	(1) Normal termination (return value 0)
		Usr 0 00:07:31, Sys 0 00:00:01  -  Run Remote Usage
		Usr 0 00:00:00, Sys 0 00:00:00  -  Run Local Usage
		Usr 0 00:07:31, Sys 0 00:00:01  -  Total Remote Usage
		Usr 0 00:00:00, Sys 0 00:00:00  -  Total Local Usage
	52076  -  Run Bytes Sent By Job
	55262880  -  Run Bytes Received By Job
	52076  -  Total Bytes Sent By Job
	55262880  -  Total Bytes Received By Job
	Partitionable Resources :    Usage  Request Allocated 
	   Cpus                 :                 3         3 
	   Disk (KB)            :   182243    75000   1276663 
	   Memory (MB)          :      267     6000      6000 

	Job terminated of its own accord at 2021-07-27T08:34:16Z.
...
