000 (2524617.172.000) 07/20 01:52:27 Job submitted from host: <188.185.70.244:9618?addrs=188.185.70.244-9618+[2001-1458-d00-7--100-2ee]-9618&alias=bigbird10.cern.ch&noUDP&sock=schedd_2037_ca81>
...
040 (2524617.172.000) 07/20 02:01:11 Started transferring input files
	Transferring to host: <188.184.210.220:9618?addrs=188.184.210.220-9618+[2001-1458-301-10b--100-cf]-9618&alias=b7g23n3970.cern.ch&noUDP&sock=slot1_1_3867_66b6_69134>
...
040 (2524617.172.000) 07/20 02:01:12 Finished transferring input files
...
001 (2524617.172.000) 07/20 02:01:12 Job executing on host: <188.184.210.220:9618?addrs=188.184.210.220-9618+[2001-1458-301-10b--100-cf]-9618&alias=b7g23n3970.cern.ch&noUDP&sock=startd_3245_60e9>
...
006 (2524617.172.000) 07/20 02:01:21 Image size of job updated: 44172
	25  -  MemoryUsage of job (MB)
	25132  -  ResidentSetSize of job (KB)
...
006 (2524617.172.000) 07/20 02:06:22 Image size of job updated: 631968
	205  -  MemoryUsage of job (MB)
	209644  -  ResidentSetSize of job (KB)
...
006 (2524617.172.000) 07/20 02:21:23 Image size of job updated: 809452
	289  -  MemoryUsage of job (MB)
	295624  -  ResidentSetSize of job (KB)
...
006 (2524617.172.000) 07/20 02:36:24 Image size of job updated: 810036
	290  -  MemoryUsage of job (MB)
	296240  -  ResidentSetSize of job (KB)
...
040 (2524617.172.000) 07/20 02:39:15 Started transferring output files
...
040 (2524617.172.000) 07/20 02:39:15 Finished transferring output files
...
005 (2524617.172.000) 07/20 02:39:15 Job terminated.
	(1) Normal termination (return value 0)
		Usr 0 00:18:58, Sys 0 00:00:03  -  Run Remote Usage
		Usr 0 00:00:00, Sys 0 00:00:00  -  Run Local Usage
		Usr 0 00:18:58, Sys 0 00:00:03  -  Total Remote Usage
		Usr 0 00:00:00, Sys 0 00:00:00  -  Total Local Usage
	53427  -  Run Bytes Sent By Job
	55262812  -  Run Bytes Received By Job
	53427  -  Total Bytes Sent By Job
	55262812  -  Total Bytes Received By Job
	Partitionable Resources :     Usage  Request Allocated 
	   Cpus                 :      1.00        3         3 
	   Disk (KB)            : 182688       75000    351666 
	   Memory (MB)          :    290        6000      6000 

	Job terminated of its own accord at 2021-07-20T00:39:15Z.
...
