000 (2521842.198.000) 07/19 05:55:56 Job submitted from host: <188.185.70.244:9618?addrs=188.185.70.244-9618+[2001-1458-d00-7--100-2ee]-9618&alias=bigbird10.cern.ch&noUDP&sock=schedd_2037_ca81>
...
040 (2521842.198.000) 07/19 06:03:58 Started transferring input files
	Transferring to host: <188.184.168.75:9618?addrs=188.184.168.75-9618+[2001-1458-301-c0--100-253]-9618&alias=b7g52n8014.cern.ch&noUDP&sock=slot1_5_5774_0e24_65041>
...
040 (2521842.198.000) 07/19 06:03:59 Finished transferring input files
...
001 (2521842.198.000) 07/19 06:03:59 Job executing on host: <188.184.168.75:9618?addrs=188.184.168.75-9618+[2001-1458-301-c0--100-253]-9618&alias=b7g52n8014.cern.ch&noUDP&sock=startd_4732_563e>
...
006 (2521842.198.000) 07/19 06:04:08 Image size of job updated: 1066316
	52  -  MemoryUsage of job (MB)
	52312  -  ResidentSetSize of job (KB)
...
006 (2521842.198.000) 07/19 06:09:09 Image size of job updated: 1066316
	205  -  MemoryUsage of job (MB)
	209668  -  ResidentSetSize of job (KB)
...
006 (2521842.198.000) 07/19 06:14:10 Image size of job updated: 1066316
	205  -  MemoryUsage of job (MB)
	209672  -  ResidentSetSize of job (KB)
...
006 (2521842.198.000) 07/19 06:29:11 Image size of job updated: 1066316
	291  -  MemoryUsage of job (MB)
	297660  -  ResidentSetSize of job (KB)
...
006 (2521842.198.000) 07/19 06:59:14 Image size of job updated: 1066316
	292  -  MemoryUsage of job (MB)
	298328  -  ResidentSetSize of job (KB)
...
040 (2521842.198.000) 07/19 07:02:22 Started transferring output files
...
040 (2521842.198.000) 07/19 07:02:22 Finished transferring output files
...
005 (2521842.198.000) 07/19 07:02:22 Job terminated.
	(1) Normal termination (return value 0)
		Usr 0 00:33:43, Sys 0 00:00:03  -  Run Remote Usage
		Usr 0 00:00:00, Sys 0 00:00:00  -  Run Local Usage
		Usr 0 00:33:43, Sys 0 00:00:03  -  Total Remote Usage
		Usr 0 00:00:00, Sys 0 00:00:00  -  Total Local Usage
	48791  -  Run Bytes Sent By Job
	55262812  -  Run Bytes Received By Job
	48791  -  Total Bytes Sent By Job
	55262812  -  Total Bytes Received By Job
	Partitionable Resources :     Usage  Request Allocated 
	   Cpus                 :      0.99        3         3 
	   Disk (KB)            : 183120       75000    248217 
	   Memory (MB)          :    292        6000      6000 

	Job terminated of its own accord at 2021-07-19T05:02:21Z.
...
