000 (2521876.105.000) 07/19 08:46:26 Job submitted from host: <188.185.70.244:9618?addrs=188.185.70.244-9618+[2001-1458-d00-7--100-2ee]-9618&alias=bigbird10.cern.ch&noUDP&sock=schedd_2037_ca81>
...
040 (2521876.105.000) 07/19 10:13:05 Started transferring input files
	Transferring to host: <128.142.56.21:9618?addrs=128.142.56.21-9618+[2001-1458-301-6--100-14]-9618&alias=b7s01p6166.cern.ch&noUDP&sock=slot1_53_50910_734f_13323>
...
040 (2521876.105.000) 07/19 10:13:06 Finished transferring input files
...
001 (2521876.105.000) 07/19 10:13:06 Job executing on host: <128.142.56.21:9618?addrs=128.142.56.21-9618+[2001-1458-301-6--100-14]-9618&alias=b7s01p6166.cern.ch&noUDP&sock=startd_47824_dd59>
...
006 (2521876.105.000) 07/19 10:13:15 Image size of job updated: 184920
	115  -  MemoryUsage of job (MB)
	116904  -  ResidentSetSize of job (KB)
...
006 (2521876.105.000) 07/19 10:18:16 Image size of job updated: 909744
	387  -  MemoryUsage of job (MB)
	396252  -  ResidentSetSize of job (KB)
...
040 (2521876.105.000) 07/19 10:49:37 Started transferring output files
...
040 (2521876.105.000) 07/19 10:49:37 Finished transferring output files
...
005 (2521876.105.000) 07/19 10:49:37 Job terminated.
	(1) Normal termination (return value 0)
		Usr 0 00:36:12, Sys 0 00:00:03  -  Run Remote Usage
		Usr 0 00:00:00, Sys 0 00:00:00  -  Run Local Usage
		Usr 0 00:36:12, Sys 0 00:00:03  -  Total Remote Usage
		Usr 0 00:00:00, Sys 0 00:00:00  -  Total Local Usage
	48972  -  Run Bytes Sent By Job
	55262812  -  Run Bytes Received By Job
	48972  -  Total Bytes Sent By Job
	55262812  -  Total Bytes Received By Job
	Partitionable Resources :     Usage  Request Allocated 
	   Cpus                 :      1.00        3         3 
	   Disk (KB)            : 197972       75000   1257660 
	   Memory (MB)          :    387        6000      6000 

	Job terminated of its own accord at 2021-07-19T08:49:37Z.
...
