000 (2526743.066.000) 07/20 13:19:14 Job submitted from host: <188.185.70.244:9618?addrs=188.185.70.244-9618+[2001-1458-d00-7--100-2ee]-9618&alias=bigbird10.cern.ch&noUDP&sock=schedd_2037_ca81>
...
040 (2526743.066.000) 07/20 13:21:27 Started transferring input files
	Transferring to host: <128.142.72.36:9618?addrs=128.142.72.36-9618+[2001-1458-301-75--100-3d6]-9618&alias=b7s11n7288.cern.ch&noUDP&sock=slot1_1_5267_d3ef_32665>
...
040 (2526743.066.000) 07/20 13:21:28 Finished transferring input files
...
001 (2526743.066.000) 07/20 13:21:28 Job executing on host: <128.142.72.36:9618?addrs=128.142.72.36-9618+[2001-1458-301-75--100-3d6]-9618&alias=b7s11n7288.cern.ch&noUDP&sock=startd_4007_0c14>
...
006 (2526743.066.000) 07/20 13:21:37 Image size of job updated: 30132
	11  -  MemoryUsage of job (MB)
	11104  -  ResidentSetSize of job (KB)
...
006 (2526743.066.000) 07/20 13:26:38 Image size of job updated: 631408
	205  -  MemoryUsage of job (MB)
	209620  -  ResidentSetSize of job (KB)
...
006 (2526743.066.000) 07/20 14:06:43 Image size of job updated: 809396
	290  -  MemoryUsage of job (MB)
	296052  -  ResidentSetSize of job (KB)
...
006 (2526743.066.000) 07/20 14:16:44 Image size of job updated: 809852
	290  -  MemoryUsage of job (MB)
	296640  -  ResidentSetSize of job (KB)
...
040 (2526743.066.000) 07/20 14:21:19 Started transferring output files
...
040 (2526743.066.000) 07/20 14:21:19 Finished transferring output files
...
005 (2526743.066.000) 07/20 14:21:19 Job terminated.
	(1) Normal termination (return value 0)
		Usr 0 00:18:48, Sys 0 00:00:02  -  Run Remote Usage
		Usr 0 00:00:00, Sys 0 00:00:00  -  Run Local Usage
		Usr 0 00:18:48, Sys 0 00:00:02  -  Total Remote Usage
		Usr 0 00:00:00, Sys 0 00:00:00  -  Total Local Usage
	53090  -  Run Bytes Sent By Job
	55262812  -  Run Bytes Received By Job
	53090  -  Total Bytes Sent By Job
	55262812  -  Total Bytes Received By Job
	Partitionable Resources :     Usage  Request Allocated 
	   Cpus                 :      1.00        3         3 
	   Disk (KB)            : 182673       75000    289468 
	   Memory (MB)          :    290        6000      6000 

	Job terminated of its own accord at 2021-07-20T12:21:19Z.
...
