000 (2524617.075.000) 07/20 01:52:27 Job submitted from host: <188.185.70.244:9618?addrs=188.185.70.244-9618+[2001-1458-d00-7--100-2ee]-9618&alias=bigbird10.cern.ch&noUDP&sock=schedd_2037_ca81>
...
040 (2524617.075.000) 07/20 01:55:51 Started transferring input files
	Transferring to host: <128.142.59.99:9618?addrs=128.142.59.99-9618+[2001-1458-301-21--100-62]-9618&alias=b7s04p5560.cern.ch&noUDP&sock=slot1_13_6634_00c7_12165>
...
040 (2524617.075.000) 07/20 01:55:52 Finished transferring input files
...
001 (2524617.075.000) 07/20 01:55:52 Job executing on host: <128.142.59.99:9618?addrs=128.142.59.99-9618+[2001-1458-301-21--100-62]-9618&alias=b7s04p5560.cern.ch&noUDP&sock=startd_6178_2c30>
...
006 (2524617.075.000) 07/20 01:56:00 Image size of job updated: 282944
	191  -  MemoryUsage of job (MB)
	194788  -  ResidentSetSize of job (KB)
...
006 (2524617.075.000) 07/20 02:01:00 Image size of job updated: 809452
	289  -  MemoryUsage of job (MB)
	295660  -  ResidentSetSize of job (KB)
...
006 (2524617.075.000) 07/20 02:26:02 Image size of job updated: 810028
	290  -  MemoryUsage of job (MB)
	296196  -  ResidentSetSize of job (KB)
...
040 (2524617.075.000) 07/20 02:26:28 Started transferring output files
...
040 (2524617.075.000) 07/20 02:26:28 Finished transferring output files
...
005 (2524617.075.000) 07/20 02:26:28 Job terminated.
	(1) Normal termination (return value 0)
		Usr 0 00:27:21, Sys 0 00:00:02  -  Run Remote Usage
		Usr 0 00:00:00, Sys 0 00:00:00  -  Run Local Usage
		Usr 0 00:27:21, Sys 0 00:00:02  -  Total Remote Usage
		Usr 0 00:00:00, Sys 0 00:00:00  -  Total Local Usage
	53201  -  Run Bytes Sent By Job
	55262812  -  Run Bytes Received By Job
	53201  -  Total Bytes Sent By Job
	55262812  -  Total Bytes Received By Job
	Partitionable Resources :     Usage  Request Allocated 
	   Cpus                 :      1.00        3         3 
	   Disk (KB)            : 182705       75000   1327219 
	   Memory (MB)          :    290        6000      6000 

	Job terminated of its own accord at 2021-07-20T00:26:28Z.
...
