000 (2521876.138.000) 07/19 08:46:26 Job submitted from host: <188.185.70.244:9618?addrs=188.185.70.244-9618+[2001-1458-d00-7--100-2ee]-9618&alias=bigbird10.cern.ch&noUDP&sock=schedd_2037_ca81>
...
040 (2521876.138.000) 07/19 10:34:59 Started transferring input files
	Transferring to host: <128.142.56.74:9618?addrs=128.142.56.74-9618+[2001-1458-301-6--100-49]-9618&alias=b7s01p7693.cern.ch&noUDP&sock=slot1_17_55093_c099_12985>
...
001 (2521876.138.000) 07/19 10:35:00 Job executing on host: <128.142.56.74:9618?addrs=128.142.56.74-9618+[2001-1458-301-6--100-49]-9618&alias=b7s01p7693.cern.ch&noUDP&sock=startd_51998_e1a7>
...
040 (2521876.138.000) 07/19 10:35:00 Finished transferring input files
...
006 (2521876.138.000) 07/19 10:35:09 Image size of job updated: 604940
	191  -  MemoryUsage of job (MB)
	194800  -  ResidentSetSize of job (KB)
...
006 (2521876.138.000) 07/19 10:40:10 Image size of job updated: 814476
	294  -  MemoryUsage of job (MB)
	300648  -  ResidentSetSize of job (KB)
...
006 (2521876.138.000) 07/19 10:48:52 Image size of job updated: 814952
	294  -  MemoryUsage of job (MB)
	300648  -  ResidentSetSize of job (KB)
...
040 (2521876.138.000) 07/19 10:48:53 Started transferring output files
...
040 (2521876.138.000) 07/19 10:48:54 Finished transferring output files
...
005 (2521876.138.000) 07/19 10:48:54 Job terminated.
	(1) Normal termination (return value 0)
		Usr 0 00:12:57, Sys 0 00:00:02  -  Run Remote Usage
		Usr 0 00:00:00, Sys 0 00:00:00  -  Run Local Usage
		Usr 0 00:12:57, Sys 0 00:00:02  -  Total Remote Usage
		Usr 0 00:00:00, Sys 0 00:00:00  -  Total Local Usage
	48910  -  Run Bytes Sent By Job
	55262812  -  Run Bytes Received By Job
	48910  -  Total Bytes Sent By Job
	55262812  -  Total Bytes Received By Job
	Partitionable Resources :     Usage  Request Allocated 
	   Cpus                 :      1.00        3         3 
	   Disk (KB)            : 183648       75000   1186571 
	   Memory (MB)          :    294        6000      6000 

	Job terminated of its own accord at 2021-07-19T08:48:52Z.
...
