000 (2521867.006.000) 07/19 07:46:08 Job submitted from host: <188.185.70.244:9618?addrs=188.185.70.244-9618+[2001-1458-d00-7--100-2ee]-9618&alias=bigbird10.cern.ch&noUDP&sock=schedd_2037_ca81>
...
040 (2521867.006.000) 07/19 07:48:46 Started transferring input files
	Transferring to host: <128.142.57.14:9618?addrs=128.142.57.14-9618+[2001-1458-301-7--100-d]-9618&alias=b7s02p6617.cern.ch&noUDP&sock=slot1_9_4232_93a5_15701>
...
040 (2521867.006.000) 07/19 07:48:46 Finished transferring input files
...
001 (2521867.006.000) 07/19 07:48:46 Job executing on host: <128.142.57.14:9618?addrs=128.142.57.14-9618+[2001-1458-301-7--100-d]-9618&alias=b7s02p6617.cern.ch&noUDP&sock=startd_3777_494c>
...
006 (2521867.006.000) 07/19 07:48:55 Image size of job updated: 264128
	185  -  MemoryUsage of job (MB)
	189092  -  ResidentSetSize of job (KB)
...
006 (2521867.006.000) 07/19 07:53:55 Image size of job updated: 631964
	205  -  MemoryUsage of job (MB)
	209680  -  ResidentSetSize of job (KB)
...
006 (2521867.006.000) 07/19 07:58:55 Image size of job updated: 817596
	297  -  MemoryUsage of job (MB)
	303700  -  ResidentSetSize of job (KB)
...
006 (2521867.006.000) 07/19 08:08:56 Image size of job updated: 818056
	298  -  MemoryUsage of job (MB)
	304304  -  ResidentSetSize of job (KB)
...
040 (2521867.006.000) 07/19 08:10:16 Started transferring output files
...
040 (2521867.006.000) 07/19 08:10:17 Finished transferring output files
...
005 (2521867.006.000) 07/19 08:10:17 Job terminated.
	(1) Normal termination (return value 0)
		Usr 0 00:16:17, Sys 0 00:00:02  -  Run Remote Usage
		Usr 0 00:00:00, Sys 0 00:00:00  -  Run Local Usage
		Usr 0 00:16:17, Sys 0 00:00:02  -  Total Remote Usage
		Usr 0 00:00:00, Sys 0 00:00:00  -  Total Local Usage
	48782  -  Run Bytes Sent By Job
	55262812  -  Run Bytes Received By Job
	48782  -  Total Bytes Sent By Job
	55262812  -  Total Bytes Received By Job
	Partitionable Resources :     Usage  Request Allocated 
	   Cpus                 :      1.00        3         3 
	   Disk (KB)            : 184216       75000   1292441 
	   Memory (MB)          :    298        6000      6000 

	Job terminated of its own accord at 2021-07-19T06:10:16Z.
...
