000 (2552363.025.000) 07/26 17:25:58 Job submitted from host: <188.185.70.244:9618?addrs=188.185.70.244-9618+[2001-1458-d00-7--100-2ee]-9618&alias=bigbird10.cern.ch&noUDP&sock=schedd_2037_ca81>
...
040 (2552363.025.000) 07/26 17:30:14 Entered queue to transfer input files
	Transferring to host: <188.184.213.164:9618?addrs=188.184.213.164-9618+[2001-1458-301-10c--100-1a1]-9618&alias=b7g24n0659.cern.ch&noUDP&sock=slot1_1_5240_cdce_58326>
...
040 (2552363.025.000) 07/26 17:31:09 Started transferring input files
	Seconds spent in queue: 55
...
001 (2552363.025.000) 07/26 17:31:18 Job executing on host: <188.184.213.164:9618?addrs=188.184.213.164-9618+[2001-1458-301-10c--100-1a1]-9618&alias=b7g24n0659.cern.ch&noUDP&sock=startd_4167_cb3b>
...
040 (2552363.025.000) 07/26 17:31:18 Finished transferring input files
...
006 (2552363.025.000) 07/26 17:31:33 Image size of job updated: 27420
	10  -  MemoryUsage of job (MB)
	9540  -  ResidentSetSize of job (KB)
...
006 (2552363.025.000) 07/26 17:36:26 Image size of job updated: 802260
	279  -  MemoryUsage of job (MB)
	284924  -  ResidentSetSize of job (KB)
...
006 (2552363.025.000) 07/26 17:51:27 Image size of job updated: 802764
	279  -  MemoryUsage of job (MB)
	285536  -  ResidentSetSize of job (KB)
...
040 (2552363.025.000) 07/26 17:53:45 Started transferring output files
	Seconds spent in queue: 1411
...
040 (2552363.025.000) 07/26 17:53:45 Finished transferring output files
...
005 (2552363.025.000) 07/26 17:53:45 Job terminated.
	(1) Normal termination (return value 0)
		Usr 0 00:19:39, Sys 0 00:00:02  -  Run Remote Usage
		Usr 0 00:00:00, Sys 0 00:00:00  -  Run Local Usage
		Usr 0 00:19:39, Sys 0 00:00:02  -  Total Remote Usage
		Usr 0 00:00:00, Sys 0 00:00:00  -  Total Local Usage
	51402  -  Run Bytes Sent By Job
	55262876  -  Run Bytes Received By Job
	51402  -  Total Bytes Sent By Job
	55262876  -  Total Bytes Received By Job
	Partitionable Resources :     Usage  Request Allocated 
	   Cpus                 :      1.00        3         3 
	   Disk (KB)            : 181501       75000    291578 
	   Memory (MB)          :    279        6000      6000 

	Job terminated of its own accord at 2021-07-26T15:53:44Z.
...
