000 (2523366.212.000) 07/19 23:50:31 Job submitted from host: <188.185.70.244:9618?addrs=188.185.70.244-9618+[2001-1458-d00-7--100-2ee]-9618&alias=bigbird10.cern.ch&noUDP&sock=schedd_2037_ca81>
...
040 (2523366.212.000) 07/20 00:34:37 Started transferring input files
	Transferring to host: <128.142.59.102:9618?addrs=128.142.59.102-9618+[2001-1458-301-21--100-65]-9618&alias=b7s04p2572.cern.ch&noUDP&sock=slot1_15_6877_37f1_9943>
...
040 (2523366.212.000) 07/20 00:34:38 Finished transferring input files
...
001 (2523366.212.000) 07/20 00:34:38 Job executing on host: <128.142.59.102:9618?addrs=128.142.59.102-9618+[2001-1458-301-21--100-65]-9618&alias=b7s04p2572.cern.ch&noUDP&sock=startd_6420_2a1b>
...
006 (2523366.212.000) 07/20 00:34:46 Image size of job updated: 280596
	201  -  MemoryUsage of job (MB)
	205252  -  ResidentSetSize of job (KB)
...
006 (2523366.212.000) 07/20 00:39:46 Image size of job updated: 817528
	294  -  MemoryUsage of job (MB)
	300636  -  ResidentSetSize of job (KB)
...
006 (2523366.212.000) 07/20 00:49:47 Image size of job updated: 818032
	295  -  MemoryUsage of job (MB)
	301200  -  ResidentSetSize of job (KB)
...
040 (2523366.212.000) 07/20 00:55:32 Started transferring output files
...
040 (2523366.212.000) 07/20 00:55:33 Finished transferring output files
...
005 (2523366.212.000) 07/20 00:55:34 Job terminated.
	(1) Normal termination (return value 0)
		Usr 0 00:20:49, Sys 0 00:00:02  -  Run Remote Usage
		Usr 0 00:00:00, Sys 0 00:00:00  -  Run Local Usage
		Usr 0 00:20:49, Sys 0 00:00:02  -  Total Remote Usage
		Usr 0 00:00:00, Sys 0 00:00:00  -  Total Local Usage
	49463  -  Run Bytes Sent By Job
	55262812  -  Run Bytes Received By Job
	49463  -  Total Bytes Sent By Job
	55262812  -  Total Bytes Received By Job
	Partitionable Resources :     Usage  Request Allocated 
	   Cpus                 :      1.00        3         3 
	   Disk (KB)            : 184254       75000   1324990 
	   Memory (MB)          :    295        6000      6000 

	Job terminated of its own accord at 2021-07-19T22:55:32Z.
...
