000 (2521668.178.000) 07/19 01:56:57 Job submitted from host: <188.185.70.244:9618?addrs=188.185.70.244-9618+[2001-1458-d00-7--100-2ee]-9618&alias=bigbird10.cern.ch&noUDP&sock=schedd_2037_ca81>
...
040 (2521668.178.000) 07/19 02:17:35 Started transferring input files
	Transferring to host: <128.142.77.80:9618?addrs=128.142.77.80-9618+[2001-1458-301-f4--100-f3]-9618&alias=b7s12n7649.cern.ch&noUDP&sock=slot1_2_5842_f7a7_74656>
...
040 (2521668.178.000) 07/19 02:17:36 Finished transferring input files
...
001 (2521668.178.000) 07/19 02:17:36 Job executing on host: <128.142.77.80:9618?addrs=128.142.77.80-9618+[2001-1458-301-f4--100-f3]-9618&alias=b7s12n7649.cern.ch&noUDP&sock=startd_4707_305f>
...
006 (2521668.178.000) 07/19 02:17:45 Image size of job updated: 401280
	11  -  MemoryUsage of job (MB)
	11100  -  ResidentSetSize of job (KB)
...
006 (2521668.178.000) 07/19 02:22:46 Image size of job updated: 626840
	201  -  MemoryUsage of job (MB)
	205240  -  ResidentSetSize of job (KB)
...
006 (2521668.178.000) 07/19 02:37:47 Image size of job updated: 767956
	245  -  MemoryUsage of job (MB)
	250568  -  ResidentSetSize of job (KB)
...
006 (2521668.178.000) 07/19 02:37:51 Image size of job updated: 768444
	245  -  MemoryUsage of job (MB)
	250568  -  ResidentSetSize of job (KB)
...
040 (2521668.178.000) 07/19 02:37:51 Started transferring output files
...
040 (2521668.178.000) 07/19 02:37:52 Finished transferring output files
...
005 (2521668.178.000) 07/19 02:37:52 Job terminated.
	(1) Normal termination (return value 0)
		Usr 0 00:01:09, Sys 0 00:00:02  -  Run Remote Usage
		Usr 0 00:00:00, Sys 0 00:00:00  -  Run Local Usage
		Usr 0 00:01:09, Sys 0 00:00:02  -  Total Remote Usage
		Usr 0 00:00:00, Sys 0 00:00:00  -  Total Local Usage
	49587  -  Run Bytes Sent By Job
	55262812  -  Run Bytes Received By Job
	49587  -  Total Bytes Sent By Job
	55262812  -  Total Bytes Received By Job
	Partitionable Resources :    Usage  Request Allocated 
	   Cpus                 :        0        3         3 
	   Disk (KB)            :   184042    75000    286089 
	   Memory (MB)          :      245     6000      6000 

	Job terminated of its own accord at 2021-07-19T00:37:51Z.
...
