000 (2522101.117.000) 07/19 11:55:34 Job submitted from host: <188.185.70.244:9618?addrs=188.185.70.244-9618+[2001-1458-d00-7--100-2ee]-9618&alias=bigbird10.cern.ch&noUDP&sock=schedd_2037_ca81>
...
040 (2522101.117.000) 07/19 12:55:56 Started transferring input files
	Transferring to host: <128.142.161.112:9618?addrs=128.142.161.112-9618&alias=b7g03p8889.cern.ch&noUDP&sock=slot1_23_3702_24d0_28408>
...
040 (2522101.117.000) 07/19 12:55:56 Finished transferring input files
...
001 (2522101.117.000) 07/19 12:55:56 Job executing on host: <128.142.161.112:9618?addrs=128.142.161.112-9618&alias=b7g03p8889.cern.ch&noUDP&sock=startd_2816_1ec8>
...
006 (2522101.117.000) 07/19 12:56:05 Image size of job updated: 420312
	134  -  MemoryUsage of job (MB)
	136208  -  ResidentSetSize of job (KB)
...
006 (2522101.117.000) 07/19 13:01:05 Image size of job updated: 630292
	204  -  MemoryUsage of job (MB)
	208676  -  ResidentSetSize of job (KB)
...
006 (2522101.117.000) 07/19 13:41:10 Image size of job updated: 993512
	465  -  MemoryUsage of job (MB)
	475372  -  ResidentSetSize of job (KB)
...
006 (2522101.117.000) 07/19 14:31:14 Image size of job updated: 993968
	465  -  MemoryUsage of job (MB)
	475964  -  ResidentSetSize of job (KB)
...
006 (2522101.117.000) 07/19 14:36:15 Image size of job updated: 994364
	466  -  MemoryUsage of job (MB)
	476292  -  ResidentSetSize of job (KB)
...
040 (2522101.117.000) 07/19 14:45:32 Started transferring output files
...
040 (2522101.117.000) 07/19 14:45:32 Finished transferring output files
...
005 (2522101.117.000) 07/19 14:45:32 Job terminated.
	(1) Normal termination (return value 0)
		Usr 0 01:08:02, Sys 0 00:00:06  -  Run Remote Usage
		Usr 0 00:00:00, Sys 0 00:00:00  -  Run Local Usage
		Usr 0 01:08:02, Sys 0 00:00:06  -  Total Remote Usage
		Usr 0 00:00:00, Sys 0 00:00:00  -  Total Local Usage
	53264  -  Run Bytes Sent By Job
	55262812  -  Run Bytes Received By Job
	53264  -  Total Bytes Sent By Job
	55262812  -  Total Bytes Received By Job
	Partitionable Resources :     Usage  Request Allocated 
	   Cpus                 :      1.00        3         3 
	   Disk (KB)            : 214449       75000   1369414 
	   Memory (MB)          :    466        6000      6000 

	Job terminated of its own accord at 2021-07-19T12:45:32Z.
...
