000 (2524617.062.000) 07/20 01:52:26 Job submitted from host: <188.185.70.244:9618?addrs=188.185.70.244-9618+[2001-1458-d00-7--100-2ee]-9618&alias=bigbird10.cern.ch&noUDP&sock=schedd_2037_ca81>
...
040 (2524617.062.000) 07/20 01:55:47 Started transferring input files
	Transferring to host: <128.142.58.72:9618?addrs=128.142.58.72-9618+[2001-1458-301-16--100-47]-9618&alias=b7s03p5575.cern.ch&noUDP&sock=slot1_12_6778_76cd_11701>
...
040 (2524617.062.000) 07/20 01:55:48 Finished transferring input files
...
001 (2524617.062.000) 07/20 01:55:48 Job executing on host: <128.142.58.72:9618?addrs=128.142.58.72-9618+[2001-1458-301-16--100-47]-9618&alias=b7s03p5575.cern.ch&noUDP&sock=startd_6322_f1d3>
...
006 (2524617.062.000) 07/20 01:55:56 Image size of job updated: 608212
	190  -  MemoryUsage of job (MB)
	193884  -  ResidentSetSize of job (KB)
...
006 (2524617.062.000) 07/20 02:00:56 Image size of job updated: 731392
	278  -  MemoryUsage of job (MB)
	284576  -  ResidentSetSize of job (KB)
...
006 (2524617.062.000) 07/20 02:08:26 Image size of job updated: 731916
	278  -  MemoryUsage of job (MB)
	284576  -  ResidentSetSize of job (KB)
...
040 (2524617.062.000) 07/20 02:08:26 Started transferring output files
...
040 (2524617.062.000) 07/20 02:08:26 Finished transferring output files
...
005 (2524617.062.000) 07/20 02:08:26 Job terminated.
	(1) Normal termination (return value 0)
		Usr 0 00:11:13, Sys 0 00:00:02  -  Run Remote Usage
		Usr 0 00:00:00, Sys 0 00:00:00  -  Run Local Usage
		Usr 0 00:11:13, Sys 0 00:00:02  -  Total Remote Usage
		Usr 0 00:00:00, Sys 0 00:00:00  -  Total Local Usage
	51597  -  Run Bytes Sent By Job
	55262812  -  Run Bytes Received By Job
	51597  -  Total Bytes Sent By Job
	55262812  -  Total Bytes Received By Job
	Partitionable Resources :     Usage  Request Allocated 
	   Cpus                 :      1.00        3         3 
	   Disk (KB)            : 181243       75000   1319039 
	   Memory (MB)          :    278        6000      6000 

	Job terminated of its own accord at 2021-07-20T00:08:26Z.
...
