000 (2521675.053.000) 07/19 04:18:38 Job submitted from host: <188.185.70.244:9618?addrs=188.185.70.244-9618+[2001-1458-d00-7--100-2ee]-9618&alias=bigbird10.cern.ch&noUDP&sock=schedd_2037_ca81>
...
040 (2521675.053.000) 07/19 04:24:12 Started transferring input files
	Transferring to host: <188.184.138.28:9618?addrs=188.184.138.28-9618+[2001-1458-301-45--100-1e]-9618&alias=b7g42n0100.cern.ch&noUDP&sock=slot1_3_5264_b6cf_75260>
...
040 (2521675.053.000) 07/19 04:24:13 Finished transferring input files
...
001 (2521675.053.000) 07/19 04:24:13 Job executing on host: <188.184.138.28:9618?addrs=188.184.138.28-9618+[2001-1458-301-45--100-1e]-9618&alias=b7g42n0100.cern.ch&noUDP&sock=startd_4102_3593>
...
006 (2521675.053.000) 07/19 04:24:22 Image size of job updated: 324500
	10  -  MemoryUsage of job (MB)
	10200  -  ResidentSetSize of job (KB)
...
006 (2521675.053.000) 07/19 04:29:22 Image size of job updated: 630540
	204  -  MemoryUsage of job (MB)
	208896  -  ResidentSetSize of job (KB)
...
006 (2521675.053.000) 07/19 04:34:22 Image size of job updated: 630540
	205  -  MemoryUsage of job (MB)
	208904  -  ResidentSetSize of job (KB)
...
006 (2521675.053.000) 07/19 05:10:37 Image size of job updated: 799620
	205  -  MemoryUsage of job (MB)
	208904  -  ResidentSetSize of job (KB)
...
040 (2521675.053.000) 07/19 05:10:37 Started transferring output files
...
040 (2521675.053.000) 07/19 05:10:38 Finished transferring output files
...
005 (2521675.053.000) 07/19 05:10:38 Job terminated.
	(1) Normal termination (return value 0)
		Usr 0 00:02:53, Sys 0 00:00:04  -  Run Remote Usage
		Usr 0 00:00:00, Sys 0 00:00:00  -  Run Local Usage
		Usr 0 00:02:53, Sys 0 00:00:04  -  Total Remote Usage
		Usr 0 00:00:00, Sys 0 00:00:00  -  Total Local Usage
	53423  -  Run Bytes Sent By Job
	55262812  -  Run Bytes Received By Job
	53423  -  Total Bytes Sent By Job
	55262812  -  Total Bytes Received By Job
	Partitionable Resources :     Usage  Request Allocated 
	   Cpus                 :      0.01        3         3 
	   Disk (KB)            : 197832       75000    293102 
	   Memory (MB)          :    205        6000      6000 

	Job terminated of its own accord at 2021-07-19T03:10:37Z.
...
