000 (2534572.184.000) 07/21 23:44:26 Job submitted from host: <188.185.70.244:9618?addrs=188.185.70.244-9618+[2001-1458-d00-7--100-2ee]-9618&alias=bigbird10.cern.ch&noUDP&sock=schedd_2037_ca81>
...
040 (2534572.184.000) 07/21 23:50:53 Started transferring input files
	Transferring to host: <128.142.57.10:9618?addrs=128.142.57.10-9618+[2001-1458-301-7--100-9]-9618&alias=b7s02p4145.cern.ch&noUDP&sock=slot1_1_6661_06e8_19694>
...
040 (2534572.184.000) 07/21 23:50:54 Finished transferring input files
...
001 (2534572.184.000) 07/21 23:50:54 Job executing on host: <128.142.57.10:9618?addrs=128.142.57.10-9618+[2001-1458-301-7--100-9]-9618&alias=b7s02p4145.cern.ch&noUDP&sock=startd_6193_761b>
...
006 (2534572.184.000) 07/21 23:51:03 Image size of job updated: 598084
	190  -  MemoryUsage of job (MB)
	193940  -  ResidentSetSize of job (KB)
...
006 (2534572.184.000) 07/21 23:56:04 Image size of job updated: 626840
	201  -  MemoryUsage of job (MB)
	205344  -  ResidentSetSize of job (KB)
...
006 (2534572.184.000) 07/22 00:01:05 Image size of job updated: 626840
	201  -  MemoryUsage of job (MB)
	205348  -  ResidentSetSize of job (KB)
...
006 (2534572.184.000) 07/22 00:16:06 Image size of job updated: 799236
	276  -  MemoryUsage of job (MB)
	281868  -  ResidentSetSize of job (KB)
...
006 (2534572.184.000) 07/22 00:20:30 Image size of job updated: 799696
	276  -  MemoryUsage of job (MB)
	281868  -  ResidentSetSize of job (KB)
...
040 (2534572.184.000) 07/22 00:20:30 Started transferring output files
...
040 (2534572.184.000) 07/22 00:20:30 Finished transferring output files
...
005 (2534572.184.000) 07/22 00:20:30 Job terminated.
	(1) Normal termination (return value 0)
		Usr 0 00:08:03, Sys 0 00:00:02  -  Run Remote Usage
		Usr 0 00:00:00, Sys 0 00:00:00  -  Run Local Usage
		Usr 0 00:08:03, Sys 0 00:00:02  -  Total Remote Usage
		Usr 0 00:00:00, Sys 0 00:00:00  -  Total Local Usage
	45434  -  Run Bytes Sent By Job
	55262812  -  Run Bytes Received By Job
	45434  -  Total Bytes Sent By Job
	55262812  -  Total Bytes Received By Job
	Partitionable Resources :     Usage  Request Allocated 
	   Cpus                 :      1.00        3         3 
	   Disk (KB)            : 181011       75000   1243500 
	   Memory (MB)          :    276        6000      6000 

	Job terminated of its own accord at 2021-07-21T22:20:30Z.
...
