000 (2521842.007.000) 07/19 05:55:55 Job submitted from host: <188.185.70.244:9618?addrs=188.185.70.244-9618+[2001-1458-d00-7--100-2ee]-9618&alias=bigbird10.cern.ch&noUDP&sock=schedd_2037_ca81>
...
040 (2521842.007.000) 07/19 05:58:37 Started transferring input files
	Transferring to host: <128.142.193.197:9618?addrs=128.142.193.197-9618+[2001-1458-301-cc--100-1d]-9618&alias=b7g52n4408.cern.ch&noUDP&sock=slot1_3_5396_b855_66275>
...
040 (2521842.007.000) 07/19 05:58:38 Finished transferring input files
...
001 (2521842.007.000) 07/19 05:58:38 Job executing on host: <128.142.193.197:9618?addrs=128.142.193.197-9618+[2001-1458-301-cc--100-1d]-9618&alias=b7g52n4408.cern.ch&noUDP&sock=startd_4228_a282>
...
006 (2521842.007.000) 07/19 05:58:47 Image size of job updated: 415304
	27  -  MemoryUsage of job (MB)
	27496  -  ResidentSetSize of job (KB)
...
006 (2521842.007.000) 07/19 06:03:47 Image size of job updated: 631944
	205  -  MemoryUsage of job (MB)
	209680  -  ResidentSetSize of job (KB)
...
006 (2521842.007.000) 07/19 06:23:49 Image size of job updated: 811636
	291  -  MemoryUsage of job (MB)
	297748  -  ResidentSetSize of job (KB)
...
006 (2521842.007.000) 07/19 06:33:51 Image size of job updated: 812140
	292  -  MemoryUsage of job (MB)
	298308  -  ResidentSetSize of job (KB)
...
040 (2521842.007.000) 07/19 06:44:42 Started transferring output files
...
040 (2521842.007.000) 07/19 06:44:42 Finished transferring output files
...
005 (2521842.007.000) 07/19 06:44:42 Job terminated.
	(1) Normal termination (return value 0)
		Usr 0 00:22:19, Sys 0 00:00:03  -  Run Remote Usage
		Usr 0 00:00:00, Sys 0 00:00:00  -  Run Local Usage
		Usr 0 00:22:19, Sys 0 00:00:03  -  Total Remote Usage
		Usr 0 00:00:00, Sys 0 00:00:00  -  Total Local Usage
	48530  -  Run Bytes Sent By Job
	55262812  -  Run Bytes Received By Job
	48530  -  Total Bytes Sent By Job
	55262812  -  Total Bytes Received By Job
	Partitionable Resources :     Usage  Request Allocated 
	   Cpus                 :      1.00        3         3 
	   Disk (KB)            : 183139       75000    265223 
	   Memory (MB)          :    292        6000      6000 

	Job terminated of its own accord at 2021-07-19T04:44:42Z.
...
