000 (2523366.189.000) 07/19 23:50:31 Job submitted from host: <188.185.70.244:9618?addrs=188.185.70.244-9618+[2001-1458-d00-7--100-2ee]-9618&alias=bigbird10.cern.ch&noUDP&sock=schedd_2037_ca81>
...
040 (2523366.189.000) 07/20 00:31:01 Started transferring input files
	Transferring to host: <128.142.57.127:9618?addrs=128.142.57.127-9618+[2001-1458-301-7--100-7e]-9618&alias=b7s02p6294.cern.ch&noUDP&sock=slot1_31_6752_250c_16172>
...
040 (2523366.189.000) 07/20 00:31:02 Finished transferring input files
...
001 (2523366.189.000) 07/20 00:31:02 Job executing on host: <128.142.57.127:9618?addrs=128.142.57.127-9618+[2001-1458-301-7--100-7e]-9618&alias=b7s02p6294.cern.ch&noUDP&sock=startd_6261_1a8c>
...
006 (2523366.189.000) 07/20 00:31:10 Image size of job updated: 604280
	201  -  MemoryUsage of job (MB)
	205268  -  ResidentSetSize of job (KB)
...
006 (2523366.189.000) 07/20 00:36:10 Image size of job updated: 810392
	287  -  MemoryUsage of job (MB)
	292980  -  ResidentSetSize of job (KB)
...
006 (2523366.189.000) 07/20 00:56:13 Image size of job updated: 810844
	287  -  MemoryUsage of job (MB)
	293572  -  ResidentSetSize of job (KB)
...
040 (2523366.189.000) 07/20 00:58:41 Started transferring output files
...
040 (2523366.189.000) 07/20 00:58:42 Finished transferring output files
...
005 (2523366.189.000) 07/20 00:58:42 Job terminated.
	(1) Normal termination (return value 0)
		Usr 0 00:27:36, Sys 0 00:00:01  -  Run Remote Usage
		Usr 0 00:00:00, Sys 0 00:00:00  -  Run Local Usage
		Usr 0 00:27:36, Sys 0 00:00:01  -  Total Remote Usage
		Usr 0 00:00:00, Sys 0 00:00:00  -  Total Local Usage
	52606  -  Run Bytes Sent By Job
	55262812  -  Run Bytes Received By Job
	52606  -  Total Bytes Sent By Job
	55262812  -  Total Bytes Received By Job
	Partitionable Resources :     Usage  Request Allocated 
	   Cpus                 :      1.00        3         3 
	   Disk (KB)            : 182962       75000   1367077 
	   Memory (MB)          :    287        6000      6000 

	Job terminated of its own accord at 2021-07-19T22:58:41Z.
...
