000 (2556080.020.000) 07/27 11:07:01 Job submitted from host: <188.185.70.244:9618?addrs=188.185.70.244-9618+[2001-1458-d00-7--100-2ee]-9618&alias=bigbird10.cern.ch&noUDP&sock=schedd_2037_ca81>
...
040 (2556080.020.000) 07/27 11:36:41 Started transferring input files
	Transferring to host: <128.142.56.48:9618?addrs=128.142.56.48-9618+[2001-1458-301-6--100-2f]-9618&alias=b7s01p7062.cern.ch&noUDP&sock=slot1_1_56249_4248_20720>
...
040 (2556080.020.000) 07/27 11:36:42 Finished transferring input files
...
001 (2556080.020.000) 07/27 11:36:42 Job executing on host: <128.142.56.48:9618?addrs=128.142.56.48-9618+[2001-1458-301-6--100-2f]-9618&alias=b7s01p7062.cern.ch&noUDP&sock=startd_56205_8896>
...
006 (2556080.020.000) 07/27 11:36:51 Image size of job updated: 238280
	161  -  MemoryUsage of job (MB)
	164156  -  ResidentSetSize of job (KB)
...
006 (2556080.020.000) 07/27 11:41:52 Image size of job updated: 627368
	202  -  MemoryUsage of job (MB)
	205856  -  ResidentSetSize of job (KB)
...
006 (2556080.020.000) 07/27 11:51:52 Image size of job updated: 815340
	292  -  MemoryUsage of job (MB)
	298396  -  ResidentSetSize of job (KB)
...
040 (2556080.020.000) 07/27 11:58:48 Started transferring output files
...
040 (2556080.020.000) 07/27 11:58:48 Finished transferring output files
...
005 (2556080.020.000) 07/27 11:58:49 Job terminated.
	(1) Normal termination (return value 0)
		Usr 0 00:11:18, Sys 0 00:00:02  -  Run Remote Usage
		Usr 0 00:00:00, Sys 0 00:00:00  -  Run Local Usage
		Usr 0 00:11:18, Sys 0 00:00:02  -  Total Remote Usage
		Usr 0 00:00:00, Sys 0 00:00:00  -  Total Local Usage
	44117  -  Run Bytes Sent By Job
	55262880  -  Run Bytes Received By Job
	44117  -  Total Bytes Sent By Job
	55262880  -  Total Bytes Received By Job
	Partitionable Resources :     Usage  Request Allocated 
	   Cpus                 :      1.00        3         3 
	   Disk (KB)            : 187657       75000   1293363 
	   Memory (MB)          :    292        6000      6000 

	Job terminated of its own accord at 2021-07-27T09:58:48Z.
...
