000 (2523366.005.000) 07/19 23:50:30 Job submitted from host: <188.185.70.244:9618?addrs=188.185.70.244-9618+[2001-1458-d00-7--100-2ee]-9618&alias=bigbird10.cern.ch&noUDP&sock=schedd_2037_ca81>
...
040 (2523366.005.000) 07/19 23:52:36 Started transferring input files
	Transferring to host: <128.142.56.90:9618?addrs=128.142.56.90-9618+[2001-1458-301-6--100-59]-9618&alias=b7s01p9716.cern.ch&noUDP&sock=slot1_16_7275_a541_5521>
...
040 (2523366.005.000) 07/19 23:52:39 Finished transferring input files
...
001 (2523366.005.000) 07/19 23:52:39 Job executing on host: <128.142.56.90:9618?addrs=128.142.56.90-9618+[2001-1458-301-6--100-59]-9618&alias=b7s01p9716.cern.ch&noUDP&sock=startd_5496_6099>
...
006 (2523366.005.000) 07/19 23:52:48 Image size of job updated: 225548
	148  -  MemoryUsage of job (MB)
	151524  -  ResidentSetSize of job (KB)
...
006 (2523366.005.000) 07/19 23:57:49 Image size of job updated: 804196
	284  -  MemoryUsage of job (MB)
	290380  -  ResidentSetSize of job (KB)
...
006 (2523366.005.000) 07/20 00:07:49 Image size of job updated: 804676
	285  -  MemoryUsage of job (MB)
	290968  -  ResidentSetSize of job (KB)
...
040 (2523366.005.000) 07/20 00:09:22 Started transferring output files
...
040 (2523366.005.000) 07/20 00:09:22 Finished transferring output files
...
005 (2523366.005.000) 07/20 00:09:23 Job terminated.
	(1) Normal termination (return value 0)
		Usr 0 00:15:22, Sys 0 00:00:02  -  Run Remote Usage
		Usr 0 00:00:00, Sys 0 00:00:00  -  Run Local Usage
		Usr 0 00:15:22, Sys 0 00:00:02  -  Total Remote Usage
		Usr 0 00:00:00, Sys 0 00:00:00  -  Total Local Usage
	52323  -  Run Bytes Sent By Job
	55262812  -  Run Bytes Received By Job
	52323  -  Total Bytes Sent By Job
	55262812  -  Total Bytes Received By Job
	Partitionable Resources :     Usage  Request Allocated 
	   Cpus                 :      1.00        3         3 
	   Disk (KB)            : 181729       75000   1286544 
	   Memory (MB)          :    285        6000      6000 

	Job terminated of its own accord at 2021-07-19T22:09:22Z.
...
