000 (2526743.088.000) 07/20 13:19:14 Job submitted from host: <188.185.70.244:9618?addrs=188.185.70.244-9618+[2001-1458-d00-7--100-2ee]-9618&alias=bigbird10.cern.ch&noUDP&sock=schedd_2037_ca81>
...
040 (2526743.088.000) 07/20 13:21:34 Started transferring input files
	Transferring to host: <128.142.59.55:9618?addrs=128.142.59.55-9618+[2001-1458-301-21--100-36]-9618&alias=b7s04p9106.cern.ch&noUDP&sock=slot1_18_17911_ab71_11351>
...
040 (2526743.088.000) 07/20 13:21:35 Finished transferring input files
...
001 (2526743.088.000) 07/20 13:21:35 Job executing on host: <128.142.59.55:9618?addrs=128.142.59.55-9618+[2001-1458-301-21--100-36]-9618&alias=b7s04p9106.cern.ch&noUDP&sock=startd_16144_0509>
...
006 (2526743.088.000) 07/20 13:21:44 Image size of job updated: 584344
	196  -  MemoryUsage of job (MB)
	199968  -  ResidentSetSize of job (KB)
...
006 (2526743.088.000) 07/20 13:26:45 Image size of job updated: 626172
	201  -  MemoryUsage of job (MB)
	205336  -  ResidentSetSize of job (KB)
...
006 (2526743.088.000) 07/20 13:41:48 Image size of job updated: 791196
	269  -  MemoryUsage of job (MB)
	274524  -  ResidentSetSize of job (KB)
...
006 (2526743.088.000) 07/20 13:44:54 Image size of job updated: 791684
	269  -  MemoryUsage of job (MB)
	274524  -  ResidentSetSize of job (KB)
...
040 (2526743.088.000) 07/20 13:44:55 Started transferring output files
...
040 (2526743.088.000) 07/20 13:44:55 Finished transferring output files
...
005 (2526743.088.000) 07/20 13:44:55 Job terminated.
	(1) Normal termination (return value 0)
		Usr 0 00:07:43, Sys 0 00:00:03  -  Run Remote Usage
		Usr 0 00:00:00, Sys 0 00:00:00  -  Run Local Usage
		Usr 0 00:07:43, Sys 0 00:00:03  -  Total Remote Usage
		Usr 0 00:00:00, Sys 0 00:00:00  -  Total Local Usage
	49361  -  Run Bytes Sent By Job
	55262812  -  Run Bytes Received By Job
	49361  -  Total Bytes Sent By Job
	55262812  -  Total Bytes Received By Job
	Partitionable Resources :     Usage  Request Allocated 
	   Cpus                 :      1.00        3         3 
	   Disk (KB)            : 179496       75000   1265875 
	   Memory (MB)          :    269        6000      6000 

	Job terminated of its own accord at 2021-07-20T11:44:54Z.
...
