000 (2526743.156.000) 07/20 13:19:14 Job submitted from host: <188.185.70.244:9618?addrs=188.185.70.244-9618+[2001-1458-d00-7--100-2ee]-9618&alias=bigbird10.cern.ch&noUDP&sock=schedd_2037_ca81>
...
040 (2526743.156.000) 07/20 13:28:03 Started transferring input files
	Transferring to host: <128.142.86.55:9618?addrs=128.142.86.55-9618+[2001-1458-301-f6--100-32e]-9618&alias=b7s14n8523.cern.ch&noUDP&sock=slot1_10_19826_f5df_115753>
...
040 (2526743.156.000) 07/20 13:28:04 Finished transferring input files
...
001 (2526743.156.000) 07/20 13:28:04 Job executing on host: <128.142.86.55:9618?addrs=128.142.86.55-9618+[2001-1458-301-f6--100-32e]-9618&alias=b7s14n8523.cern.ch&noUDP&sock=startd_16602_2b69>
...
006 (2526743.156.000) 07/20 13:28:13 Image size of job updated: 27404
	10  -  MemoryUsage of job (MB)
	9528  -  ResidentSetSize of job (KB)
...
006 (2526743.156.000) 07/20 13:33:14 Image size of job updated: 626836
	201  -  MemoryUsage of job (MB)
	205188  -  ResidentSetSize of job (KB)
...
006 (2526743.156.000) 07/20 13:58:16 Image size of job updated: 822692
	299  -  MemoryUsage of job (MB)
	305360  -  ResidentSetSize of job (KB)
...
006 (2526743.156.000) 07/20 14:13:18 Image size of job updated: 823348
	299  -  MemoryUsage of job (MB)
	306032  -  ResidentSetSize of job (KB)
...
040 (2526743.156.000) 07/20 14:15:44 Started transferring output files
...
040 (2526743.156.000) 07/20 14:15:44 Finished transferring output files
...
005 (2526743.156.000) 07/20 14:15:45 Job terminated.
	(1) Normal termination (return value 0)
		Usr 0 00:22:39, Sys 0 00:00:03  -  Run Remote Usage
		Usr 0 00:00:00, Sys 0 00:00:00  -  Run Local Usage
		Usr 0 00:22:39, Sys 0 00:00:03  -  Total Remote Usage
		Usr 0 00:00:00, Sys 0 00:00:00  -  Total Local Usage
	49260  -  Run Bytes Sent By Job
	55262812  -  Run Bytes Received By Job
	49260  -  Total Bytes Sent By Job
	55262812  -  Total Bytes Received By Job
	Partitionable Resources :     Usage  Request Allocated 
	   Cpus                 :      1.00        3         3 
	   Disk (KB)            : 185205       75000    288788 
	   Memory (MB)          :    299        6000      6000 

	Job terminated of its own accord at 2021-07-20T12:15:44Z.
...
