000 (2534572.106.000) 07/21 23:44:26 Job submitted from host: <188.185.70.244:9618?addrs=188.185.70.244-9618+[2001-1458-d00-7--100-2ee]-9618&alias=bigbird10.cern.ch&noUDP&sock=schedd_2037_ca81>
...
040 (2534572.106.000) 07/21 23:50:02 Started transferring input files
	Transferring to host: <128.142.75.87:9618?addrs=128.142.75.87-9618+[2001-1458-301-75--100-451]-9618&alias=b7s11n7978.cern.ch&noUDP&sock=slot1_4_4626_2f75_7170>
...
040 (2534572.106.000) 07/21 23:50:03 Finished transferring input files
...
001 (2534572.106.000) 07/21 23:50:03 Job executing on host: <128.142.75.87:9618?addrs=128.142.75.87-9618+[2001-1458-301-75--100-451]-9618&alias=b7s11n7978.cern.ch&noUDP&sock=startd_3813_fab5>
...
006 (2534572.106.000) 07/21 23:50:12 Image size of job updated: 253548
	176  -  MemoryUsage of job (MB)
	179480  -  ResidentSetSize of job (KB)
...
006 (2534572.106.000) 07/21 23:55:13 Image size of job updated: 636028
	209  -  MemoryUsage of job (MB)
	213544  -  ResidentSetSize of job (KB)
...
006 (2534572.106.000) 07/22 00:35:17 Image size of job updated: 976408
	451  -  MemoryUsage of job (MB)
	461724  -  ResidentSetSize of job (KB)
...
006 (2534572.106.000) 07/22 01:40:22 Image size of job updated: 976888
	452  -  MemoryUsage of job (MB)
	462312  -  ResidentSetSize of job (KB)
...
040 (2534572.106.000) 07/22 01:46:22 Started transferring output files
...
040 (2534572.106.000) 07/22 01:46:22 Finished transferring output files
...
005 (2534572.106.000) 07/22 01:46:22 Job terminated.
	(1) Normal termination (return value 0)
		Usr 0 01:16:48, Sys 0 00:00:05  -  Run Remote Usage
		Usr 0 00:00:00, Sys 0 00:00:00  -  Run Local Usage
		Usr 0 01:16:48, Sys 0 00:00:05  -  Total Remote Usage
		Usr 0 00:00:00, Sys 0 00:00:00  -  Total Local Usage
	46382  -  Run Bytes Sent By Job
	55262812  -  Run Bytes Received By Job
	46382  -  Total Bytes Sent By Job
	55262812  -  Total Bytes Received By Job
	Partitionable Resources :     Usage  Request Allocated 
	   Cpus                 :      1.00        3         3 
	   Disk (KB)            : 211342       75000    284372 
	   Memory (MB)          :    452        6000      6000 

	Job terminated of its own accord at 2021-07-21T23:46:22Z.
...
