000 (2534572.107.000) 07/21 23:44:26 Job submitted from host: <188.185.70.244:9618?addrs=188.185.70.244-9618+[2001-1458-d00-7--100-2ee]-9618&alias=bigbird10.cern.ch&noUDP&sock=schedd_2037_ca81>
...
040 (2534572.107.000) 07/21 23:50:16 Started transferring input files
	Transferring to host: <128.142.72.76:9618?addrs=128.142.72.76-9618+[2001-1458-301-75--100-2c6]-9618&alias=b7s11n3004.cern.ch&noUDP&sock=slot1_3_5242_368e_63338>
...
040 (2534572.107.000) 07/21 23:50:17 Finished transferring input files
...
001 (2534572.107.000) 07/21 23:50:17 Job executing on host: <128.142.72.76:9618?addrs=128.142.72.76-9618+[2001-1458-301-75--100-2c6]-9618&alias=b7s11n3004.cern.ch&noUDP&sock=startd_4169_2a6c>
...
006 (2534572.107.000) 07/21 23:50:26 Image size of job updated: 276996
	198  -  MemoryUsage of job (MB)
	202260  -  ResidentSetSize of job (KB)
...
006 (2534572.107.000) 07/21 23:55:27 Image size of job updated: 636032
	209  -  MemoryUsage of job (MB)
	213520  -  ResidentSetSize of job (KB)
...
006 (2534572.107.000) 07/22 00:35:31 Image size of job updated: 977504
	452  -  MemoryUsage of job (MB)
	462736  -  ResidentSetSize of job (KB)
...
006 (2534572.107.000) 07/22 01:30:36 Image size of job updated: 978136
	453  -  MemoryUsage of job (MB)
	463432  -  ResidentSetSize of job (KB)
...
040 (2534572.107.000) 07/22 01:45:00 Started transferring output files
...
040 (2534572.107.000) 07/22 01:45:00 Finished transferring output files
...
005 (2534572.107.000) 07/22 01:45:00 Job terminated.
	(1) Normal termination (return value 0)
		Usr 0 01:15:13, Sys 0 00:00:04  -  Run Remote Usage
		Usr 0 00:00:00, Sys 0 00:00:00  -  Run Local Usage
		Usr 0 01:15:13, Sys 0 00:00:04  -  Total Remote Usage
		Usr 0 00:00:00, Sys 0 00:00:00  -  Total Local Usage
	45273  -  Run Bytes Sent By Job
	55262812  -  Run Bytes Received By Job
	45273  -  Total Bytes Sent By Job
	55262812  -  Total Bytes Received By Job
	Partitionable Resources :     Usage  Request Allocated 
	   Cpus                 :      1.00        3         3 
	   Disk (KB)            : 211551       75000    292326 
	   Memory (MB)          :    453        6000      6000 

	Job terminated of its own accord at 2021-07-21T23:44:59Z.
...
