000 (2534572.109.000) 07/21 23:44:26 Job submitted from host: <188.185.70.244:9618?addrs=188.185.70.244-9618+[2001-1458-d00-7--100-2ee]-9618&alias=bigbird10.cern.ch&noUDP&sock=schedd_2037_ca81>
...
040 (2534572.109.000) 07/21 23:50:27 Started transferring input files
	Transferring to host: <128.142.74.19:9618?addrs=128.142.74.19-9618+[2001-1458-301-75--100-282]-9618&alias=b7s11n3326.cern.ch&noUDP&sock=slot1_6_850_a6dc_122068>
...
040 (2534572.109.000) 07/21 23:50:27 Finished transferring input files
...
001 (2534572.109.000) 07/21 23:50:27 Job executing on host: <128.142.74.19:9618?addrs=128.142.74.19-9618+[2001-1458-301-75--100-282]-9618&alias=b7s11n3326.cern.ch&noUDP&sock=startd_15403_c15b>
...
006 (2534572.109.000) 07/21 23:50:36 Image size of job updated: 259936
	181  -  MemoryUsage of job (MB)
	185128  -  ResidentSetSize of job (KB)
...
006 (2534572.109.000) 07/21 23:55:37 Image size of job updated: 636660
	210  -  MemoryUsage of job (MB)
	214104  -  ResidentSetSize of job (KB)
...
006 (2534572.109.000) 07/22 01:00:43 Image size of job updated: 976160
	452  -  MemoryUsage of job (MB)
	462380  -  ResidentSetSize of job (KB)
...
006 (2534572.109.000) 07/22 01:25:45 Image size of job updated: 976852
	453  -  MemoryUsage of job (MB)
	463056  -  ResidentSetSize of job (KB)
...
040 (2534572.109.000) 07/22 01:58:56 Started transferring output files
...
040 (2534572.109.000) 07/22 01:58:56 Finished transferring output files
...
005 (2534572.109.000) 07/22 01:58:56 Job terminated.
	(1) Normal termination (return value 0)
		Usr 0 01:01:57, Sys 0 00:00:05  -  Run Remote Usage
		Usr 0 00:00:00, Sys 0 00:00:00  -  Run Local Usage
		Usr 0 01:01:57, Sys 0 00:00:05  -  Total Remote Usage
		Usr 0 00:00:00, Sys 0 00:00:00  -  Total Local Usage
	45979  -  Run Bytes Sent By Job
	55262812  -  Run Bytes Received By Job
	45979  -  Total Bytes Sent By Job
	55262812  -  Total Bytes Received By Job
	Partitionable Resources :     Usage  Request Allocated 
	   Cpus                 :      1.00        3         3 
	   Disk (KB)            : 211317       75000    282110 
	   Memory (MB)          :    453        6000      6000 

	Job terminated of its own accord at 2021-07-21T23:58:55Z.
...
