000 (2556080.019.000) 07/27 11:07:01 Job submitted from host: <188.185.70.244:9618?addrs=188.185.70.244-9618+[2001-1458-d00-7--100-2ee]-9618&alias=bigbird10.cern.ch&noUDP&sock=schedd_2037_ca81>
...
040 (2556080.019.000) 07/27 11:36:41 Started transferring input files
	Transferring to host: <128.142.56.108:9618?addrs=128.142.56.108-9618+[2001-1458-301-6--100-6b]-9618&alias=b7s01p9025.cern.ch&noUDP&sock=slot1_29_62557_d0c9_20650>
...
040 (2556080.019.000) 07/27 11:36:42 Finished transferring input files
...
001 (2556080.019.000) 07/27 11:36:42 Job executing on host: <128.142.56.108:9618?addrs=128.142.56.108-9618+[2001-1458-301-6--100-6b]-9618&alias=b7s01p9025.cern.ch&noUDP&sock=startd_62513_4bff>
...
006 (2556080.019.000) 07/27 11:36:51 Image size of job updated: 1067068
	187  -  MemoryUsage of job (MB)
	190944  -  ResidentSetSize of job (KB)
...
006 (2556080.019.000) 07/27 11:41:52 Image size of job updated: 1067068
	201  -  MemoryUsage of job (MB)
	205264  -  ResidentSetSize of job (KB)
...
006 (2556080.019.000) 07/27 11:46:52 Image size of job updated: 1067068
	201  -  MemoryUsage of job (MB)
	205268  -  ResidentSetSize of job (KB)
...
006 (2556080.019.000) 07/27 11:51:52 Image size of job updated: 1067068
	292  -  MemoryUsage of job (MB)
	298896  -  ResidentSetSize of job (KB)
...
040 (2556080.019.000) 07/27 11:58:12 Started transferring output files
...
040 (2556080.019.000) 07/27 11:58:12 Finished transferring output files
...
005 (2556080.019.000) 07/27 11:58:12 Job terminated.
	(1) Normal termination (return value 0)
		Usr 0 00:11:11, Sys 0 00:00:02  -  Run Remote Usage
		Usr 0 00:00:00, Sys 0 00:00:00  -  Run Local Usage
		Usr 0 00:11:11, Sys 0 00:00:02  -  Total Remote Usage
		Usr 0 00:00:00, Sys 0 00:00:00  -  Total Local Usage
	43698  -  Run Bytes Sent By Job
	55262880  -  Run Bytes Received By Job
	43698  -  Total Bytes Sent By Job
	55262880  -  Total Bytes Received By Job
	Partitionable Resources :     Usage  Request Allocated 
	   Cpus                 :      1.00        3         3 
	   Disk (KB)            : 187666       75000   1275090 
	   Memory (MB)          :    292        6000      6000 

	Job terminated of its own accord at 2021-07-27T09:58:12Z.
...
