000 (2536881.134.000) 07/22 03:18:13 Job submitted from host: <188.185.70.244:9618?addrs=188.185.70.244-9618+[2001-1458-d00-7--100-2ee]-9618&alias=bigbird10.cern.ch&noUDP&sock=schedd_2037_ca81>
...
040 (2536881.134.000) 07/22 03:35:07 Started transferring input files
	Transferring to host: <188.184.213.114:9618?addrs=188.184.213.114-9618+[2001-1458-301-10c--100-17e]-9618&alias=b7g24n0624.cern.ch&noUDP&sock=slot1_5_3447_7925_71383>
...
040 (2536881.134.000) 07/22 03:35:08 Finished transferring input files
...
001 (2536881.134.000) 07/22 03:35:08 Job executing on host: <188.184.213.114:9618?addrs=188.184.213.114-9618+[2001-1458-301-10c--100-17e]-9618&alias=b7g24n0624.cern.ch&noUDP&sock=startd_2891_9063>
...
006 (2536881.134.000) 07/22 03:35:16 Image size of job updated: 288736
	37  -  MemoryUsage of job (MB)
	37464  -  ResidentSetSize of job (KB)
...
006 (2536881.134.000) 07/22 03:40:16 Image size of job updated: 817164
	297  -  MemoryUsage of job (MB)
	303884  -  ResidentSetSize of job (KB)
...
006 (2536881.134.000) 07/22 04:00:19 Image size of job updated: 817648
	298  -  MemoryUsage of job (MB)
	304464  -  ResidentSetSize of job (KB)
...
040 (2536881.134.000) 07/22 04:07:59 Started transferring output files
...
040 (2536881.134.000) 07/22 04:07:59 Finished transferring output files
...
005 (2536881.134.000) 07/22 04:08:00 Job terminated.
	(1) Normal termination (return value 0)
		Usr 0 00:30:23, Sys 0 00:00:04  -  Run Remote Usage
		Usr 0 00:00:00, Sys 0 00:00:00  -  Run Local Usage
		Usr 0 00:30:23, Sys 0 00:00:04  -  Total Remote Usage
		Usr 0 00:00:00, Sys 0 00:00:00  -  Total Local Usage
	43902  -  Run Bytes Sent By Job
	55262812  -  Run Bytes Received By Job
	43902  -  Total Bytes Sent By Job
	55262812  -  Total Bytes Received By Job
	Partitionable Resources :     Usage  Request Allocated 
	   Cpus                 :      1.00        3         3 
	   Disk (KB)            : 184155       75000    290721 
	   Memory (MB)          :    298        6000      6000 

	Job terminated of its own accord at 2021-07-22T02:07:59Z.
...
