000 (2524617.114.000) 07/20 01:52:27 Job submitted from host: <188.185.70.244:9618?addrs=188.185.70.244-9618+[2001-1458-d00-7--100-2ee]-9618&alias=bigbird10.cern.ch&noUDP&sock=schedd_2037_ca81>
...
040 (2524617.114.000) 07/20 02:00:48 Started transferring input files
	Transferring to host: <128.142.75.115:9618?addrs=128.142.75.115-9618+[2001-1458-301-75--100-48c]-9618&alias=b7s11n3234.cern.ch&noUDP&sock=slot1_4_9223_3010_77921>
...
001 (2524617.114.000) 07/20 02:00:48 Job executing on host: <128.142.75.115:9618?addrs=128.142.75.115-9618+[2001-1458-301-75--100-48c]-9618&alias=b7s11n3234.cern.ch&noUDP&sock=startd_4603_da86>
...
040 (2524617.114.000) 07/20 02:00:48 Finished transferring input files
...
006 (2524617.114.000) 07/20 02:00:57 Image size of job updated: 437912
	5  -  MemoryUsage of job (MB)
	4188  -  ResidentSetSize of job (KB)
...
006 (2524617.114.000) 07/20 02:05:57 Image size of job updated: 626828
	203  -  MemoryUsage of job (MB)
	207200  -  ResidentSetSize of job (KB)
...
006 (2524617.114.000) 07/20 02:25:59 Image size of job updated: 742096
	289  -  MemoryUsage of job (MB)
	295352  -  ResidentSetSize of job (KB)
...
006 (2524617.114.000) 07/20 02:31:00 Image size of job updated: 742664
	290  -  MemoryUsage of job (MB)
	295996  -  ResidentSetSize of job (KB)
...
006 (2524617.114.000) 07/20 02:36:01 Image size of job updated: 742928
	290  -  MemoryUsage of job (MB)
	296300  -  ResidentSetSize of job (KB)
...
040 (2524617.114.000) 07/20 02:38:02 Started transferring output files
...
040 (2524617.114.000) 07/20 02:38:02 Finished transferring output files
...
005 (2524617.114.000) 07/20 02:38:02 Job terminated.
	(1) Normal termination (return value 0)
		Usr 0 00:15:15, Sys 0 00:00:03  -  Run Remote Usage
		Usr 0 00:00:00, Sys 0 00:00:00  -  Run Local Usage
		Usr 0 00:15:15, Sys 0 00:00:03  -  Total Remote Usage
		Usr 0 00:00:00, Sys 0 00:00:00  -  Total Local Usage
	52447  -  Run Bytes Sent By Job
	55262812  -  Run Bytes Received By Job
	52447  -  Total Bytes Sent By Job
	55262812  -  Total Bytes Received By Job
	Partitionable Resources :     Usage  Request Allocated 
	   Cpus                 :      0.99        3         3 
	   Disk (KB)            : 183186       75000    286488 
	   Memory (MB)          :    290        6000      6000 

	Job terminated of its own accord at 2021-07-20T00:38:01Z.
...
