000 (2523366.121.000) 07/19 23:50:31 Job submitted from host: <188.185.70.244:9618?addrs=188.185.70.244-9618+[2001-1458-d00-7--100-2ee]-9618&alias=bigbird10.cern.ch&noUDP&sock=schedd_2037_ca81>
...
040 (2523366.121.000) 07/20 00:23:57 Started transferring input files
	Transferring to host: <128.142.56.35:9618?addrs=128.142.56.35-9618+[2001-1458-301-6--100-22]-9618&alias=b7s01p7818.cern.ch&noUDP&sock=slot1_27_45678_087b_13457>
...
040 (2523366.121.000) 07/20 00:23:58 Finished transferring input files
...
001 (2523366.121.000) 07/20 00:23:58 Job executing on host: <128.142.56.35:9618?addrs=128.142.56.35-9618+[2001-1458-301-6--100-22]-9618&alias=b7s01p7818.cern.ch&noUDP&sock=startd_45634_b4f1>
...
006 (2523366.121.000) 07/20 00:24:06 Image size of job updated: 282980
	176  -  MemoryUsage of job (MB)
	179240  -  ResidentSetSize of job (KB)
...
006 (2523366.121.000) 07/20 00:29:06 Image size of job updated: 810440
	286  -  MemoryUsage of job (MB)
	292056  -  ResidentSetSize of job (KB)
...
006 (2523366.121.000) 07/20 00:39:08 Image size of job updated: 810968
	286  -  MemoryUsage of job (MB)
	292724  -  ResidentSetSize of job (KB)
...
040 (2523366.121.000) 07/20 00:39:19 Started transferring output files
...
040 (2523366.121.000) 07/20 00:39:19 Finished transferring output files
...
005 (2523366.121.000) 07/20 00:39:19 Job terminated.
	(1) Normal termination (return value 0)
		Usr 0 00:11:17, Sys 0 00:00:02  -  Run Remote Usage
		Usr 0 00:00:00, Sys 0 00:00:00  -  Run Local Usage
		Usr 0 00:11:17, Sys 0 00:00:02  -  Total Remote Usage
		Usr 0 00:00:00, Sys 0 00:00:00  -  Total Local Usage
	51774  -  Run Bytes Sent By Job
	55262812  -  Run Bytes Received By Job
	51774  -  Total Bytes Sent By Job
	55262812  -  Total Bytes Received By Job
	Partitionable Resources :     Usage  Request Allocated 
	   Cpus                 :      1.00        3         3 
	   Disk (KB)            : 182216       75000   1340038 
	   Memory (MB)          :    286        6000      6000 

	Job terminated of its own accord at 2021-07-19T22:39:19Z.
...
