000 (2521876.046.000) 07/19 08:46:26 Job submitted from host: <188.185.70.244:9618?addrs=188.185.70.244-9618+[2001-1458-d00-7--100-2ee]-9618&alias=bigbird10.cern.ch&noUDP&sock=schedd_2037_ca81>
...
040 (2521876.046.000) 07/19 09:18:31 Started transferring input files
	Transferring to host: <128.142.82.218:9618?addrs=128.142.82.218-9618+[2001-1458-301-f5--100-44b]-9618&alias=b7s13n2570.cern.ch&noUDP&sock=slot1_5_5857_8947_76570>
...
040 (2521876.046.000) 07/19 09:18:33 Finished transferring input files
...
001 (2521876.046.000) 07/19 09:18:33 Job executing on host: <128.142.82.218:9618?addrs=128.142.82.218-9618+[2001-1458-301-f5--100-44b]-9618&alias=b7s13n2570.cern.ch&noUDP&sock=startd_4821_622b>
...
006 (2521876.046.000) 07/19 09:18:42 Image size of job updated: 207664
	134  -  MemoryUsage of job (MB)
	136424  -  ResidentSetSize of job (KB)
...
006 (2521876.046.000) 07/19 09:23:43 Image size of job updated: 636272
	209  -  MemoryUsage of job (MB)
	213772  -  ResidentSetSize of job (KB)
...
006 (2521876.046.000) 07/19 09:53:47 Image size of job updated: 636272
	209  -  MemoryUsage of job (MB)
	213776  -  ResidentSetSize of job (KB)
...
006 (2521876.046.000) 07/19 09:58:47 Image size of job updated: 910284
	388  -  MemoryUsage of job (MB)
	397064  -  ResidentSetSize of job (KB)
...
040 (2521876.046.000) 07/19 10:36:56 Started transferring output files
...
040 (2521876.046.000) 07/19 10:36:56 Finished transferring output files
...
005 (2521876.046.000) 07/19 10:36:56 Job terminated.
	(1) Normal termination (return value 0)
		Usr 0 00:42:09, Sys 0 00:00:04  -  Run Remote Usage
		Usr 0 00:00:00, Sys 0 00:00:00  -  Run Local Usage
		Usr 0 00:42:09, Sys 0 00:00:04  -  Total Remote Usage
		Usr 0 00:00:00, Sys 0 00:00:00  -  Total Local Usage
	49921  -  Run Bytes Sent By Job
	55262812  -  Run Bytes Received By Job
	49921  -  Total Bytes Sent By Job
	55262812  -  Total Bytes Received By Job
	Partitionable Resources :     Usage  Request Allocated 
	   Cpus                 :      1.00        3         3 
	   Disk (KB)            : 198072       75000    227568 
	   Memory (MB)          :    388        6000      6000 

	Job terminated of its own accord at 2021-07-19T08:36:56Z.
...
