000 (2521867.144.000) 07/19 07:46:08 Job submitted from host: <188.185.70.244:9618?addrs=188.185.70.244-9618+[2001-1458-d00-7--100-2ee]-9618&alias=bigbird10.cern.ch&noUDP&sock=schedd_2037_ca81>
...
040 (2521867.144.000) 07/19 07:49:34 Started transferring input files
	Transferring to host: <128.142.59.71:9618?addrs=128.142.59.71-9618+[2001-1458-301-21--100-46]-9618&alias=b7s04p9413.cern.ch&noUDP&sock=slot1_14_6726_d34b_11204>
...
040 (2521867.144.000) 07/19 07:49:35 Finished transferring input files
...
001 (2521867.144.000) 07/19 07:49:35 Job executing on host: <128.142.59.71:9618?addrs=128.142.59.71-9618+[2001-1458-301-21--100-46]-9618&alias=b7s04p9413.cern.ch&noUDP&sock=startd_6258_0bc3>
...
006 (2521867.144.000) 07/19 07:49:43 Image size of job updated: 529072
	182  -  MemoryUsage of job (MB)
	185432  -  ResidentSetSize of job (KB)
...
006 (2521867.144.000) 07/19 07:54:43 Image size of job updated: 795760
	273  -  MemoryUsage of job (MB)
	278592  -  ResidentSetSize of job (KB)
...
006 (2521867.144.000) 07/19 08:03:31 Image size of job updated: 796268
	273  -  MemoryUsage of job (MB)
	278592  -  ResidentSetSize of job (KB)
...
040 (2521867.144.000) 07/19 08:03:31 Started transferring output files
...
040 (2521867.144.000) 07/19 08:03:31 Finished transferring output files
...
005 (2521867.144.000) 07/19 08:03:31 Job terminated.
	(1) Normal termination (return value 0)
		Usr 0 00:10:21, Sys 0 00:00:01  -  Run Remote Usage
		Usr 0 00:00:00, Sys 0 00:00:00  -  Run Local Usage
		Usr 0 00:10:21, Sys 0 00:00:01  -  Total Remote Usage
		Usr 0 00:00:00, Sys 0 00:00:00  -  Total Local Usage
	49082  -  Run Bytes Sent By Job
	55262812  -  Run Bytes Received By Job
	49082  -  Total Bytes Sent By Job
	55262812  -  Total Bytes Received By Job
	Partitionable Resources :     Usage  Request Allocated 
	   Cpus                 :      0.02        3         3 
	   Disk (KB)            : 180371       75000   1291700 
	   Memory (MB)          :    273        6000      6000 

	Job terminated of its own accord at 2021-07-19T06:03:31Z.
...
