000 (2524617.198.000) 07/20 01:52:27 Job submitted from host: <188.185.70.244:9618?addrs=188.185.70.244-9618+[2001-1458-d00-7--100-2ee]-9618&alias=bigbird10.cern.ch&noUDP&sock=schedd_2037_ca81>
...
040 (2524617.198.000) 07/20 02:01:20 Started transferring input files
	Transferring to host: <128.142.59.51:9618?addrs=128.142.59.51-9618+[2001-1458-301-21--100-32]-9618&alias=b7s04p5809.cern.ch&noUDP&sock=slot1_14_6840_260f_11789>
...
040 (2524617.198.000) 07/20 02:01:21 Finished transferring input files
...
001 (2524617.198.000) 07/20 02:01:21 Job executing on host: <128.142.59.51:9618?addrs=128.142.59.51-9618+[2001-1458-301-21--100-32]-9618&alias=b7s04p5809.cern.ch&noUDP&sock=startd_6383_c91a>
...
006 (2524617.198.000) 07/20 02:01:29 Image size of job updated: 288712
	135  -  MemoryUsage of job (MB)
	137748  -  ResidentSetSize of job (KB)
...
006 (2524617.198.000) 07/20 02:06:29 Image size of job updated: 631956
	205  -  MemoryUsage of job (MB)
	209676  -  ResidentSetSize of job (KB)
...
006 (2524617.198.000) 07/20 02:21:30 Image size of job updated: 809688
	289  -  MemoryUsage of job (MB)
	295812  -  ResidentSetSize of job (KB)
...
006 (2524617.198.000) 07/20 02:45:36 Image size of job updated: 810156
	289  -  MemoryUsage of job (MB)
	295812  -  ResidentSetSize of job (KB)
...
040 (2524617.198.000) 07/20 02:45:37 Started transferring output files
...
040 (2524617.198.000) 07/20 02:45:37 Finished transferring output files
...
005 (2524617.198.000) 07/20 02:45:37 Job terminated.
	(1) Normal termination (return value 0)
		Usr 0 00:29:08, Sys 0 00:00:02  -  Run Remote Usage
		Usr 0 00:00:00, Sys 0 00:00:00  -  Run Local Usage
		Usr 0 00:29:08, Sys 0 00:00:02  -  Total Remote Usage
		Usr 0 00:00:00, Sys 0 00:00:00  -  Total Local Usage
	53701  -  Run Bytes Sent By Job
	55262812  -  Run Bytes Received By Job
	53701  -  Total Bytes Sent By Job
	55262812  -  Total Bytes Received By Job
	Partitionable Resources :     Usage  Request Allocated 
	   Cpus                 :      1.00        3         3 
	   Disk (KB)            : 182726       75000   1342318 
	   Memory (MB)          :    289        6000      6000 

	Job terminated of its own accord at 2021-07-20T00:45:36Z.
...
