000 (2552363.022.000) 07/26 17:25:58 Job submitted from host: <188.185.70.244:9618?addrs=188.185.70.244-9618+[2001-1458-d00-7--100-2ee]-9618&alias=bigbird10.cern.ch&noUDP&sock=schedd_2037_ca81>
...
040 (2552363.022.000) 07/26 17:30:12 Entered queue to transfer input files
	Transferring to host: <188.184.213.173:9618?addrs=188.184.213.173-9618+[2001-1458-301-10c--100-1af]-9618&alias=b7g24n0685.cern.ch&noUDP&sock=slot1_7_3102_63b7_69694>
...
040 (2552363.022.000) 07/26 17:31:09 Started transferring input files
	Seconds spent in queue: 57
...
001 (2552363.022.000) 07/26 17:31:09 Job executing on host: <188.184.213.173:9618?addrs=188.184.213.173-9618+[2001-1458-301-10c--100-1af]-9618&alias=b7g24n0685.cern.ch&noUDP&sock=startd_2672_5925>
...
006 (2552363.022.000) 07/26 17:31:18 Image size of job updated: 812868
	10  -  MemoryUsage of job (MB)
	9764  -  ResidentSetSize of job (KB)
...
040 (2552363.022.000) 07/26 17:31:18 Finished transferring input files
...
006 (2552363.022.000) 07/26 17:36:17 Image size of job updated: 812868
	201  -  MemoryUsage of job (MB)
	205276  -  ResidentSetSize of job (KB)
...
006 (2552363.022.000) 07/26 17:41:17 Image size of job updated: 812868
	279  -  MemoryUsage of job (MB)
	284704  -  ResidentSetSize of job (KB)
...
006 (2552363.022.000) 07/26 18:01:19 Image size of job updated: 812868
	279  -  MemoryUsage of job (MB)
	285272  -  ResidentSetSize of job (KB)
...
040 (2552363.022.000) 07/26 18:03:23 Started transferring output files
	Seconds spent in queue: 1991
...
040 (2552363.022.000) 07/26 18:03:23 Finished transferring output files
...
005 (2552363.022.000) 07/26 18:03:24 Job terminated.
	(1) Normal termination (return value 0)
		Usr 0 00:23:10, Sys 0 00:00:03  -  Run Remote Usage
		Usr 0 00:00:00, Sys 0 00:00:00  -  Run Local Usage
		Usr 0 00:23:10, Sys 0 00:00:03  -  Total Remote Usage
		Usr 0 00:00:00, Sys 0 00:00:00  -  Total Local Usage
	50349  -  Run Bytes Sent By Job
	55262876  -  Run Bytes Received By Job
	50349  -  Total Bytes Sent By Job
	55262876  -  Total Bytes Received By Job
	Partitionable Resources :     Usage  Request Allocated 
	   Cpus                 :      1.00        3         3 
	   Disk (KB)            : 181433       75000    289516 
	   Memory (MB)          :    279        6000      6000 

	Job terminated of its own accord at 2021-07-26T16:03:23Z.
...
