000 (2534572.166.000) 07/21 23:44:26 Job submitted from host: <188.185.70.244:9618?addrs=188.185.70.244-9618+[2001-1458-d00-7--100-2ee]-9618&alias=bigbird10.cern.ch&noUDP&sock=schedd_2037_ca81>
...
040 (2534572.166.000) 07/21 23:50:47 Started transferring input files
	Transferring to host: <128.142.57.123:9618?addrs=128.142.57.123-9618+[2001-1458-301-7--100-7a]-9618&alias=b7s02p6534.cern.ch&noUDP&sock=slot1_5_4237_1985_19683>
...
040 (2534572.166.000) 07/21 23:50:48 Finished transferring input files
...
001 (2534572.166.000) 07/21 23:50:48 Job executing on host: <128.142.57.123:9618?addrs=128.142.57.123-9618+[2001-1458-301-7--100-7a]-9618&alias=b7s02p6534.cern.ch&noUDP&sock=startd_3746_05dc>
...
006 (2534572.166.000) 07/21 23:50:56 Image size of job updated: 288712
	112  -  MemoryUsage of job (MB)
	114272  -  ResidentSetSize of job (KB)
...
006 (2534572.166.000) 07/21 23:55:56 Image size of job updated: 632512
	206  -  MemoryUsage of job (MB)
	210264  -  ResidentSetSize of job (KB)
...
006 (2534572.166.000) 07/22 00:15:59 Image size of job updated: 819952
	299  -  MemoryUsage of job (MB)
	306156  -  ResidentSetSize of job (KB)
...
006 (2534572.166.000) 07/22 00:25:38 Image size of job updated: 820412
	299  -  MemoryUsage of job (MB)
	306156  -  ResidentSetSize of job (KB)
...
040 (2534572.166.000) 07/22 00:25:38 Started transferring output files
...
040 (2534572.166.000) 07/22 00:25:38 Finished transferring output files
...
005 (2534572.166.000) 07/22 00:25:38 Job terminated.
	(1) Normal termination (return value 0)
		Usr 0 00:13:58, Sys 0 00:00:03  -  Run Remote Usage
		Usr 0 00:00:00, Sys 0 00:00:00  -  Run Local Usage
		Usr 0 00:13:58, Sys 0 00:00:03  -  Total Remote Usage
		Usr 0 00:00:00, Sys 0 00:00:00  -  Total Local Usage
	43783  -  Run Bytes Sent By Job
	55262812  -  Run Bytes Received By Job
	43783  -  Total Bytes Sent By Job
	55262812  -  Total Bytes Received By Job
	Partitionable Resources :     Usage  Request Allocated 
	   Cpus                 :      1.00        3         3 
	   Disk (KB)            : 184667       75000   1281478 
	   Memory (MB)          :    299        6000      6000 

	Job terminated of its own accord at 2021-07-21T22:25:38Z.
...
