000 (2521675.062.000) 07/19 04:18:38 Job submitted from host: <188.185.70.244:9618?addrs=188.185.70.244-9618+[2001-1458-d00-7--100-2ee]-9618&alias=bigbird10.cern.ch&noUDP&sock=schedd_2037_ca81>
...
040 (2521675.062.000) 07/19 04:24:15 Started transferring input files
	Transferring to host: <128.142.58.129:9618?addrs=128.142.58.129-9618+[2001-1458-301-16--100-80]-9618&alias=b7s03p5124.cern.ch&noUDP&sock=slot1_1_7585_118e_10945>
...
040 (2521675.062.000) 07/19 04:24:16 Finished transferring input files
...
001 (2521675.062.000) 07/19 04:24:16 Job executing on host: <128.142.58.129:9618?addrs=128.142.58.129-9618+[2001-1458-301-16--100-80]-9618&alias=b7s03p5124.cern.ch&noUDP&sock=startd_7129_7ac1>
...
006 (2521675.062.000) 07/19 04:24:25 Image size of job updated: 264020
	185  -  MemoryUsage of job (MB)
	189192  -  ResidentSetSize of job (KB)
...
006 (2521675.062.000) 07/19 04:29:26 Image size of job updated: 631128
	205  -  MemoryUsage of job (MB)
	209484  -  ResidentSetSize of job (KB)
...
006 (2521675.062.000) 07/19 05:35:18 Image size of job updated: 734024
	205  -  MemoryUsage of job (MB)
	209484  -  ResidentSetSize of job (KB)
...
040 (2521675.062.000) 07/19 05:35:18 Started transferring output files
...
040 (2521675.062.000) 07/19 05:35:18 Finished transferring output files
...
005 (2521675.062.000) 07/19 05:35:18 Job terminated.
	(1) Normal termination (return value 0)
		Usr 0 00:01:38, Sys 0 00:00:03  -  Run Remote Usage
		Usr 0 00:00:00, Sys 0 00:00:00  -  Run Local Usage
		Usr 0 00:01:38, Sys 0 00:00:03  -  Total Remote Usage
		Usr 0 00:00:00, Sys 0 00:00:00  -  Total Local Usage
	50420  -  Run Bytes Sent By Job
	55262812  -  Run Bytes Received By Job
	50420  -  Total Bytes Sent By Job
	55262812  -  Total Bytes Received By Job
	Partitionable Resources :     Usage  Request Allocated 
	   Cpus                 :      0.00        3         3 
	   Disk (KB)            : 192932       75000   1302714 
	   Memory (MB)          :    205        6000      6000 

	Job terminated of its own accord at 2021-07-19T03:35:18Z.
...
