000 (2521668.138.000) 07/19 01:56:57 Job submitted from host: <188.185.70.244:9618?addrs=188.185.70.244-9618+[2001-1458-d00-7--100-2ee]-9618&alias=bigbird10.cern.ch&noUDP&sock=schedd_2037_ca81>
...
040 (2521668.138.000) 07/19 02:13:38 Started transferring input files
	Transferring to host: <128.142.56.102:9618?addrs=128.142.56.102-9618+[2001-1458-301-6--100-65]-9618&alias=b7s01p6520.cern.ch&noUDP&sock=slot1_14_41481_ddf0_12995>
...
040 (2521668.138.000) 07/19 02:13:39 Finished transferring input files
...
001 (2521668.138.000) 07/19 02:13:39 Job executing on host: <128.142.56.102:9618?addrs=128.142.56.102-9618+[2001-1458-301-6--100-65]-9618&alias=b7s01p6520.cern.ch&noUDP&sock=startd_38363_67d4>
...
006 (2521668.138.000) 07/19 02:13:48 Image size of job updated: 4796
	4  -  MemoryUsage of job (MB)
	3684  -  ResidentSetSize of job (KB)
...
006 (2521668.138.000) 07/19 02:18:49 Image size of job updated: 631404
	205  -  MemoryUsage of job (MB)
	209652  -  ResidentSetSize of job (KB)
...
006 (2521668.138.000) 07/19 02:45:26 Image size of job updated: 766920
	205  -  MemoryUsage of job (MB)
	209652  -  ResidentSetSize of job (KB)
...
040 (2521668.138.000) 07/19 02:45:26 Started transferring output files
...
040 (2521668.138.000) 07/19 02:45:26 Finished transferring output files
...
005 (2521668.138.000) 07/19 02:45:26 Job terminated.
	(1) Normal termination (return value 0)
		Usr 0 00:00:51, Sys 0 00:00:02  -  Run Remote Usage
		Usr 0 00:00:00, Sys 0 00:00:00  -  Run Local Usage
		Usr 0 00:00:51, Sys 0 00:00:02  -  Total Remote Usage
		Usr 0 00:00:00, Sys 0 00:00:00  -  Total Local Usage
	53112  -  Run Bytes Sent By Job
	55262812  -  Run Bytes Received By Job
	53112  -  Total Bytes Sent By Job
	55262812  -  Total Bytes Received By Job
	Partitionable Resources :     Usage  Request Allocated 
	   Cpus                 :      0.25        3         3 
	   Disk (KB)            : 182635       75000   1319904 
	   Memory (MB)          :    205        6000      6000 

	Job terminated of its own accord at 2021-07-19T00:45:26Z.
...
