000 (2524617.048.000) 07/20 01:52:26 Job submitted from host: <188.185.70.244:9618?addrs=188.185.70.244-9618+[2001-1458-d00-7--100-2ee]-9618&alias=bigbird10.cern.ch&noUDP&sock=schedd_2037_ca81>
...
040 (2524617.048.000) 07/20 01:55:42 Started transferring input files
	Transferring to host: <128.142.58.134:9618?addrs=128.142.58.134-9618+[2001-1458-301-16--100-85]-9618&alias=b7s03p7532.cern.ch&noUDP&sock=slot1_8_6885_daf1_12587>
...
040 (2524617.048.000) 07/20 01:55:43 Finished transferring input files
...
001 (2524617.048.000) 07/20 01:55:43 Job executing on host: <128.142.58.134:9618?addrs=128.142.58.134-9618+[2001-1458-301-16--100-85]-9618&alias=b7s03p7532.cern.ch&noUDP&sock=startd_6427_f745>
...
006 (2524617.048.000) 07/20 01:55:52 Image size of job updated: 608376
	190  -  MemoryUsage of job (MB)
	193868  -  ResidentSetSize of job (KB)
...
006 (2524617.048.000) 07/20 02:00:53 Image size of job updated: 627240
	203  -  MemoryUsage of job (MB)
	207636  -  ResidentSetSize of job (KB)
...
006 (2524617.048.000) 07/20 02:05:54 Image size of job updated: 717484
	265  -  MemoryUsage of job (MB)
	270680  -  ResidentSetSize of job (KB)
...
006 (2524617.048.000) 07/20 02:08:26 Image size of job updated: 717952
	265  -  MemoryUsage of job (MB)
	270680  -  ResidentSetSize of job (KB)
...
040 (2524617.048.000) 07/20 02:08:26 Started transferring output files
...
040 (2524617.048.000) 07/20 02:08:26 Finished transferring output files
...
005 (2524617.048.000) 07/20 02:08:27 Job terminated.
	(1) Normal termination (return value 0)
		Usr 0 00:05:19, Sys 0 00:00:02  -  Run Remote Usage
		Usr 0 00:00:00, Sys 0 00:00:00  -  Run Local Usage
		Usr 0 00:05:19, Sys 0 00:00:02  -  Total Remote Usage
		Usr 0 00:00:00, Sys 0 00:00:00  -  Total Local Usage
	52554  -  Run Bytes Sent By Job
	55262812  -  Run Bytes Received By Job
	52554  -  Total Bytes Sent By Job
	55262812  -  Total Bytes Received By Job
	Partitionable Resources :     Usage  Request Allocated 
	   Cpus                 :      0.10        3         3 
	   Disk (KB)            : 178730       75000   1273366 
	   Memory (MB)          :    265        6000      6000 

	Job terminated of its own accord at 2021-07-20T00:08:26Z.
...
