000 (2524871.091.000) 07/20 04:35:08 Job submitted from host: <188.185.70.244:9618?addrs=188.185.70.244-9618+[2001-1458-d00-7--100-2ee]-9618&alias=bigbird10.cern.ch&noUDP&sock=schedd_2037_ca81>
...
040 (2524871.091.000) 07/20 05:09:39 Started transferring input files
	Transferring to host: <128.142.56.44:9618?addrs=128.142.56.44-9618+[2001-1458-301-6--100-2b]-9618&alias=b7s01p7499.cern.ch&noUDP&sock=slot1_47_57811_d448_13474>
...
040 (2524871.091.000) 07/20 05:09:40 Finished transferring input files
...
001 (2524871.091.000) 07/20 05:09:40 Job executing on host: <128.142.56.44:9618?addrs=128.142.56.44-9618+[2001-1458-301-6--100-2b]-9618&alias=b7s01p7499.cern.ch&noUDP&sock=startd_57765_9054>
...
006 (2524871.091.000) 07/20 05:09:49 Image size of job updated: 551356
	175  -  MemoryUsage of job (MB)
	178612  -  ResidentSetSize of job (KB)
...
006 (2524871.091.000) 07/20 05:14:50 Image size of job updated: 820524
	296  -  MemoryUsage of job (MB)
	303068  -  ResidentSetSize of job (KB)
...
006 (2524871.091.000) 07/20 05:29:52 Image size of job updated: 820956
	297  -  MemoryUsage of job (MB)
	303648  -  ResidentSetSize of job (KB)
...
040 (2524871.091.000) 07/20 05:29:59 Started transferring output files
...
040 (2524871.091.000) 07/20 05:30:00 Finished transferring output files
...
005 (2524871.091.000) 07/20 05:30:00 Job terminated.
	(1) Normal termination (return value 0)
		Usr 0 00:18:18, Sys 0 00:00:02  -  Run Remote Usage
		Usr 0 00:00:00, Sys 0 00:00:00  -  Run Local Usage
		Usr 0 00:18:18, Sys 0 00:00:02  -  Total Remote Usage
		Usr 0 00:00:00, Sys 0 00:00:00  -  Total Local Usage
	49538  -  Run Bytes Sent By Job
	55262812  -  Run Bytes Received By Job
	49538  -  Total Bytes Sent By Job
	55262812  -  Total Bytes Received By Job
	Partitionable Resources :     Usage  Request Allocated 
	   Cpus                 :      1.00        3         3 
	   Disk (KB)            : 184787       75000   1339056 
	   Memory (MB)          :    297        6000      6000 

	Job terminated of its own accord at 2021-07-20T03:29:59Z.
...
