000 (2521675.024.000) 07/19 04:18:38 Job submitted from host: <188.185.70.244:9618?addrs=188.185.70.244-9618+[2001-1458-d00-7--100-2ee]-9618&alias=bigbird10.cern.ch&noUDP&sock=schedd_2037_ca81>
...
040 (2521675.024.000) 07/19 04:24:48 Started transferring input files
	Transferring to host: <128.142.86.79:9618?addrs=128.142.86.79-9618+[2001-1458-301-f6--100-594]-9618&alias=b7s14n2886.cern.ch&noUDP&sock=slot1_12_6377_ec5c_72882>
...
040 (2521675.024.000) 07/19 04:24:49 Finished transferring input files
...
001 (2521675.024.000) 07/19 04:24:49 Job executing on host: <128.142.86.79:9618?addrs=128.142.86.79-9618+[2001-1458-301-f6--100-594]-9618&alias=b7s14n2886.cern.ch&noUDP&sock=startd_5197_49c8>
...
006 (2521675.024.000) 07/19 04:24:58 Image size of job updated: 417660
	69  -  MemoryUsage of job (MB)
	70104  -  ResidentSetSize of job (KB)
...
006 (2521675.024.000) 07/19 04:29:59 Image size of job updated: 627376
	202  -  MemoryUsage of job (MB)
	205836  -  ResidentSetSize of job (KB)
...
006 (2521675.024.000) 07/19 04:33:08 Image size of job updated: 734044
	202  -  MemoryUsage of job (MB)
	205836  -  ResidentSetSize of job (KB)
...
040 (2521675.024.000) 07/19 04:33:08 Started transferring output files
...
040 (2521675.024.000) 07/19 04:33:09 Finished transferring output files
...
005 (2521675.024.000) 07/19 04:33:09 Job terminated.
	(1) Normal termination (return value 0)
		Usr 0 00:00:59, Sys 0 00:00:02  -  Run Remote Usage
		Usr 0 00:00:00, Sys 0 00:00:00  -  Run Local Usage
		Usr 0 00:00:59, Sys 0 00:00:02  -  Total Remote Usage
		Usr 0 00:00:00, Sys 0 00:00:00  -  Total Local Usage
	48307  -  Run Bytes Sent By Job
	55262812  -  Run Bytes Received By Job
	48307  -  Total Bytes Sent By Job
	55262812  -  Total Bytes Received By Job
	Partitionable Resources :     Usage  Request Allocated 
	   Cpus                 :      0.00        3         3 
	   Disk (KB)            : 179096       75000    278571 
	   Memory (MB)          :    202        6000      6000 

	Job terminated of its own accord at 2021-07-19T02:33:08Z.
...
