000 (2524617.130.000) 07/20 01:52:27 Job submitted from host: <188.185.70.244:9618?addrs=188.185.70.244-9618+[2001-1458-d00-7--100-2ee]-9618&alias=bigbird10.cern.ch&noUDP&sock=schedd_2037_ca81>
...
040 (2524617.130.000) 07/20 02:00:55 Started transferring input files
	Transferring to host: <188.184.138.196:9618?addrs=188.184.138.196-9618+[2001-1458-301-45--100-d4]-9618&alias=b7g42n0436.cern.ch&noUDP&sock=slot1_5_5382_db14_77423>
...
001 (2524617.130.000) 07/20 02:00:56 Job executing on host: <188.184.138.196:9618?addrs=188.184.138.196-9618+[2001-1458-301-45--100-d4]-9618&alias=b7g42n0436.cern.ch&noUDP&sock=startd_4198_0eab>
...
040 (2524617.130.000) 07/20 02:00:56 Finished transferring input files
...
006 (2524617.130.000) 07/20 02:01:05 Image size of job updated: 324764
	43  -  MemoryUsage of job (MB)
	43736  -  ResidentSetSize of job (KB)
...
006 (2524617.130.000) 07/20 02:06:06 Image size of job updated: 809564
	289  -  MemoryUsage of job (MB)
	295712  -  ResidentSetSize of job (KB)
...
006 (2524617.130.000) 07/20 02:26:07 Image size of job updated: 809976
	290  -  MemoryUsage of job (MB)
	296296  -  ResidentSetSize of job (KB)
...
040 (2524617.130.000) 07/20 02:30:19 Started transferring output files
...
040 (2524617.130.000) 07/20 02:30:19 Finished transferring output files
...
005 (2524617.130.000) 07/20 02:30:19 Job terminated.
	(1) Normal termination (return value 0)
		Usr 0 00:26:14, Sys 0 00:00:03  -  Run Remote Usage
		Usr 0 00:00:00, Sys 0 00:00:00  -  Run Local Usage
		Usr 0 00:26:14, Sys 0 00:00:03  -  Total Remote Usage
		Usr 0 00:00:00, Sys 0 00:00:00  -  Total Local Usage
	52267  -  Run Bytes Sent By Job
	55262812  -  Run Bytes Received By Job
	52267  -  Total Bytes Sent By Job
	55262812  -  Total Bytes Received By Job
	Partitionable Resources :     Usage  Request Allocated 
	   Cpus                 :      1.00        3         3 
	   Disk (KB)            : 182693       75000    304618 
	   Memory (MB)          :    290        6000      6000 

	Job terminated of its own accord at 2021-07-20T00:30:19Z.
...
