000 (2526743.214.000) 07/20 13:19:14 Job submitted from host: <188.185.70.244:9618?addrs=188.185.70.244-9618+[2001-1458-d00-7--100-2ee]-9618&alias=bigbird10.cern.ch&noUDP&sock=schedd_2037_ca81>
...
040 (2526743.214.000) 07/20 13:36:29 Started transferring input files
	Transferring to host: <188.184.213.27:9618?addrs=188.184.213.27-9618+[2001-1458-301-10c--100-fc]-9618&alias=b7g24n0522.cern.ch&noUDP&sock=slot1_4_16418_b755_124275>
...
001 (2526743.214.000) 07/20 13:36:31 Job executing on host: <188.184.213.27:9618?addrs=188.184.213.27-9618+[2001-1458-301-10c--100-fc]-9618&alias=b7g24n0522.cern.ch&noUDP&sock=startd_5684_5467>
...
040 (2526743.214.000) 07/20 13:36:31 Finished transferring input files
...
006 (2526743.214.000) 07/20 13:36:40 Image size of job updated: 23772
	3  -  MemoryUsage of job (MB)
	2584  -  ResidentSetSize of job (KB)
...
006 (2526743.214.000) 07/20 13:41:40 Image size of job updated: 626816
	201  -  MemoryUsage of job (MB)
	205332  -  ResidentSetSize of job (KB)
...
006 (2526743.214.000) 07/20 13:56:41 Image size of job updated: 804416
	281  -  MemoryUsage of job (MB)
	287084  -  ResidentSetSize of job (KB)
...
006 (2526743.214.000) 07/20 14:06:42 Image size of job updated: 805068
	282  -  MemoryUsage of job (MB)
	287748  -  ResidentSetSize of job (KB)
...
040 (2526743.214.000) 07/20 14:07:02 Started transferring output files
...
040 (2526743.214.000) 07/20 14:07:02 Finished transferring output files
...
005 (2526743.214.000) 07/20 14:07:03 Job terminated.
	(1) Normal termination (return value 0)
		Usr 0 00:14:48, Sys 0 00:00:02  -  Run Remote Usage
		Usr 0 00:00:00, Sys 0 00:00:00  -  Run Local Usage
		Usr 0 00:14:48, Sys 0 00:00:02  -  Total Remote Usage
		Usr 0 00:00:00, Sys 0 00:00:00  -  Total Local Usage
	51145  -  Run Bytes Sent By Job
	55262812  -  Run Bytes Received By Job
	51145  -  Total Bytes Sent By Job
	55262812  -  Total Bytes Received By Job
	Partitionable Resources :     Usage  Request Allocated 
	   Cpus                 :      1.00        3         3 
	   Disk (KB)            : 181905       75000    299266 
	   Memory (MB)          :    282        6000      6000 

	Job terminated of its own accord at 2021-07-20T12:07:02Z.
...
