000 (2524871.018.000) 07/20 04:35:08 Job submitted from host: <188.185.70.244:9618?addrs=188.185.70.244-9618+[2001-1458-d00-7--100-2ee]-9618&alias=bigbird10.cern.ch&noUDP&sock=schedd_2037_ca81>
...
040 (2524871.018.000) 07/20 04:55:37 Started transferring input files
	Transferring to host: <128.142.56.120:9618?addrs=128.142.56.120-9618+[2001-1458-301-6--100-77]-9618&alias=b7s01p3781.cern.ch&noUDP&sock=slot1_14_45290_a6eb_15407>
...
040 (2524871.018.000) 07/20 04:55:37 Finished transferring input files
...
001 (2524871.018.000) 07/20 04:55:37 Job executing on host: <128.142.56.120:9618?addrs=128.142.56.120-9618+[2001-1458-301-6--100-77]-9618&alias=b7s01p3781.cern.ch&noUDP&sock=startd_42179_dd3a>
...
006 (2524871.018.000) 07/20 04:55:46 Image size of job updated: 261372
	182  -  MemoryUsage of job (MB)
	186340  -  ResidentSetSize of job (KB)
...
006 (2524871.018.000) 07/20 05:00:47 Image size of job updated: 814168
	290  -  MemoryUsage of job (MB)
	296740  -  ResidentSetSize of job (KB)
...
006 (2524871.018.000) 07/20 05:08:21 Image size of job updated: 814484
	290  -  MemoryUsage of job (MB)
	296740  -  ResidentSetSize of job (KB)
...
040 (2524871.018.000) 07/20 05:08:21 Started transferring output files
...
040 (2524871.018.000) 07/20 05:08:21 Finished transferring output files
...
005 (2524871.018.000) 07/20 05:08:21 Job terminated.
	(1) Normal termination (return value 0)
		Usr 0 00:11:08, Sys 0 00:00:02  -  Run Remote Usage
		Usr 0 00:00:00, Sys 0 00:00:00  -  Run Local Usage
		Usr 0 00:11:08, Sys 0 00:00:02  -  Total Remote Usage
		Usr 0 00:00:00, Sys 0 00:00:00  -  Total Local Usage
	48316  -  Run Bytes Sent By Job
	55262812  -  Run Bytes Received By Job
	48316  -  Total Bytes Sent By Job
	55262812  -  Total Bytes Received By Job
	Partitionable Resources :     Usage  Request Allocated 
	   Cpus                 :      1.00        3         3 
	   Disk (KB)            : 183623       75000   1307053 
	   Memory (MB)          :    290        6000      6000 

	Job terminated of its own accord at 2021-07-20T03:08:21Z.
...
