000 (2522101.051.000) 07/19 11:55:34 Job submitted from host: <188.185.70.244:9618?addrs=188.185.70.244-9618+[2001-1458-d00-7--100-2ee]-9618&alias=bigbird10.cern.ch&noUDP&sock=schedd_2037_ca81>
...
040 (2522101.051.000) 07/19 12:26:32 Started transferring input files
	Transferring to host: <128.142.57.49:9618?addrs=128.142.57.49-9618+[2001-1458-301-7--100-30]-9618&alias=b7s02p0101.cern.ch&noUDP&sock=slot1_12_6498_2dc1_12840>
...
040 (2522101.051.000) 07/19 12:26:33 Finished transferring input files
...
001 (2522101.051.000) 07/19 12:26:33 Job executing on host: <128.142.57.49:9618?addrs=128.142.57.49-9618+[2001-1458-301-7--100-30]-9618&alias=b7s02p0101.cern.ch&noUDP&sock=startd_6012_4f77>
...
006 (2522101.051.000) 07/19 12:26:42 Image size of job updated: 380516
	192  -  MemoryUsage of job (MB)
	195608  -  ResidentSetSize of job (KB)
...
006 (2522101.051.000) 07/19 12:31:43 Image size of job updated: 630924
	205  -  MemoryUsage of job (MB)
	209212  -  ResidentSetSize of job (KB)
...
006 (2522101.051.000) 07/19 13:01:47 Image size of job updated: 634052
	208  -  MemoryUsage of job (MB)
	212404  -  ResidentSetSize of job (KB)
...
006 (2522101.051.000) 07/19 13:06:48 Image size of job updated: 637336
	211  -  MemoryUsage of job (MB)
	215688  -  ResidentSetSize of job (KB)
...
006 (2522101.051.000) 07/19 13:26:50 Image size of job updated: 637336
	351  -  MemoryUsage of job (MB)
	358564  -  ResidentSetSize of job (KB)
...
006 (2522101.051.000) 07/19 13:31:50 Image size of job updated: 1020832
	492  -  MemoryUsage of job (MB)
	502908  -  ResidentSetSize of job (KB)
...
006 (2522101.051.000) 07/19 14:31:54 Image size of job updated: 1021308
	492  -  MemoryUsage of job (MB)
	503508  -  ResidentSetSize of job (KB)
...
040 (2522101.051.000) 07/19 14:41:15 Started transferring output files
...
040 (2522101.051.000) 07/19 14:41:15 Finished transferring output files
...
005 (2522101.051.000) 07/19 14:41:16 Job terminated.
	(1) Normal termination (return value 0)
		Usr 0 01:16:29, Sys 0 00:00:06  -  Run Remote Usage
		Usr 0 00:00:00, Sys 0 00:00:00  -  Run Local Usage
		Usr 0 01:16:29, Sys 0 00:00:06  -  Total Remote Usage
		Usr 0 00:00:00, Sys 0 00:00:00  -  Total Local Usage
	49933  -  Run Bytes Sent By Job
	55262812  -  Run Bytes Received By Job
	49933  -  Total Bytes Sent By Job
	55262812  -  Total Bytes Received By Job
	Partitionable Resources :     Usage  Request Allocated 
	   Cpus                 :      1.00        3         3 
	   Disk (KB)            : 219379       75000   1313027 
	   Memory (MB)          :    492        6000      6000 

	Job terminated of its own accord at 2021-07-19T12:41:14Z.
...
