000 (2521876.182.000) 07/19 08:46:26 Job submitted from host: <188.185.70.244:9618?addrs=188.185.70.244-9618+[2001-1458-d00-7--100-2ee]-9618&alias=bigbird10.cern.ch&noUDP&sock=schedd_2037_ca81>
...
040 (2521876.182.000) 07/19 10:39:50 Started transferring input files
	Transferring to host: <128.142.64.235:9618?addrs=128.142.64.235-9618+[2001-1458-301-4c--100-16]-9618&alias=b7s09n9953.cern.ch&noUDP&sock=slot1_1_5763_4e03_31652>
...
040 (2521876.182.000) 07/19 10:39:51 Finished transferring input files
...
001 (2521876.182.000) 07/19 10:39:51 Job executing on host: <128.142.64.235:9618?addrs=128.142.64.235-9618+[2001-1458-301-4c--100-16]-9618&alias=b7s09n9953.cern.ch&noUDP&sock=startd_4455_5682>
...
006 (2521876.182.000) 07/19 10:39:59 Image size of job updated: 230836
	115  -  MemoryUsage of job (MB)
	116748  -  ResidentSetSize of job (KB)
...
006 (2521876.182.000) 07/19 10:44:59 Image size of job updated: 808788
	285  -  MemoryUsage of job (MB)
	291392  -  ResidentSetSize of job (KB)
...
006 (2521876.182.000) 07/19 10:54:45 Image size of job updated: 809376
	285  -  MemoryUsage of job (MB)
	291392  -  ResidentSetSize of job (KB)
...
040 (2521876.182.000) 07/19 10:54:47 Started transferring output files
...
040 (2521876.182.000) 07/19 10:54:49 Finished transferring output files
...
005 (2521876.182.000) 07/19 10:55:00 Job terminated.
	(1) Normal termination (return value 0)
		Usr 0 00:12:47, Sys 0 00:00:02  -  Run Remote Usage
		Usr 0 00:00:00, Sys 0 00:00:00  -  Run Local Usage
		Usr 0 00:12:47, Sys 0 00:00:02  -  Total Remote Usage
		Usr 0 00:00:00, Sys 0 00:00:00  -  Total Local Usage
	49344  -  Run Bytes Sent By Job
	55262812  -  Run Bytes Received By Job
	49344  -  Total Bytes Sent By Job
	55262812  -  Total Bytes Received By Job
	Partitionable Resources :     Usage  Request Allocated 
	   Cpus                 :      1.00        3         3 
	   Disk (KB)            : 182735       75000    283759 
	   Memory (MB)          :    285        6000      6000 

	Job terminated of its own accord at 2021-07-19T08:54:45Z.
...
