000 (2522101.001.000) 07/19 11:55:34 Job submitted from host: <188.185.70.244:9618?addrs=188.185.70.244-9618+[2001-1458-d00-7--100-2ee]-9618&alias=bigbird10.cern.ch&noUDP&sock=schedd_2037_ca81>
...
040 (2522101.001.000) 07/19 12:24:13 Started transferring input files
	Transferring to host: <188.184.168.124:9618?addrs=188.184.168.124-9618+[2001-1458-301-c0--100-458]-9618&alias=b7g52n4712.cern.ch&noUDP&sock=slot1_8_5636_d25e_70242>
...
040 (2522101.001.000) 07/19 12:24:14 Finished transferring input files
...
001 (2522101.001.000) 07/19 12:24:14 Job executing on host: <188.184.168.124:9618?addrs=188.184.168.124-9618+[2001-1458-301-c0--100-458]-9618&alias=b7g52n4712.cern.ch&noUDP&sock=startd_4509_609f>
...
006 (2522101.001.000) 07/19 12:24:23 Image size of job updated: 10332
	5  -  MemoryUsage of job (MB)
	4232  -  ResidentSetSize of job (KB)
...
006 (2522101.001.000) 07/19 12:29:23 Image size of job updated: 632512
	206  -  MemoryUsage of job (MB)
	210228  -  ResidentSetSize of job (KB)
...
006 (2522101.001.000) 07/19 12:34:23 Image size of job updated: 816992
	297  -  MemoryUsage of job (MB)
	303164  -  ResidentSetSize of job (KB)
...
006 (2522101.001.000) 07/19 12:44:24 Image size of job updated: 817536
	297  -  MemoryUsage of job (MB)
	303816  -  ResidentSetSize of job (KB)
...
040 (2522101.001.000) 07/19 12:55:52 Started transferring output files
...
040 (2522101.001.000) 07/19 12:55:53 Finished transferring output files
...
005 (2522101.001.000) 07/19 12:55:53 Job terminated.
	(1) Normal termination (return value 0)
		Usr 0 00:24:28, Sys 0 00:00:03  -  Run Remote Usage
		Usr 0 00:00:00, Sys 0 00:00:00  -  Run Local Usage
		Usr 0 00:24:28, Sys 0 00:00:03  -  Total Remote Usage
		Usr 0 00:00:00, Sys 0 00:00:00  -  Total Local Usage
	49901  -  Run Bytes Sent By Job
	55262812  -  Run Bytes Received By Job
	49901  -  Total Bytes Sent By Job
	55262812  -  Total Bytes Received By Job
	Partitionable Resources :     Usage  Request Allocated 
	   Cpus                 :      1.00        3         3 
	   Disk (KB)            : 184109       75000    237863 
	   Memory (MB)          :    297        6000      6000 

	Job terminated of its own accord at 2021-07-19T10:55:52Z.
...
