000 (2524617.182.000) 07/20 01:52:27 Job submitted from host: <188.185.70.244:9618?addrs=188.185.70.244-9618+[2001-1458-d00-7--100-2ee]-9618&alias=bigbird10.cern.ch&noUDP&sock=schedd_2037_ca81>
...
040 (2524617.182.000) 07/20 02:01:15 Started transferring input files
	Transferring to host: <128.142.81.117:9618?addrs=128.142.81.117-9618+[2001-1458-301-f5--100-375]-9618&alias=b7s13n9677.cern.ch&noUDP&sock=slot1_5_13746_0ce8_124452>
...
040 (2524617.182.000) 07/20 02:01:16 Finished transferring input files
...
001 (2524617.182.000) 07/20 02:01:16 Job executing on host: <128.142.81.117:9618?addrs=128.142.81.117-9618+[2001-1458-301-f5--100-375]-9618&alias=b7s13n9677.cern.ch&noUDP&sock=startd_16376_2702>
...
006 (2524617.182.000) 07/20 02:01:24 Image size of job updated: 5556
	5  -  MemoryUsage of job (MB)
	4204  -  ResidentSetSize of job (KB)
...
006 (2524617.182.000) 07/20 02:06:24 Image size of job updated: 804700
	281  -  MemoryUsage of job (MB)
	287252  -  ResidentSetSize of job (KB)
...
006 (2524617.182.000) 07/20 02:21:19 Image size of job updated: 805200
	281  -  MemoryUsage of job (MB)
	287252  -  ResidentSetSize of job (KB)
...
040 (2524617.182.000) 07/20 02:21:19 Started transferring output files
...
040 (2524617.182.000) 07/20 02:21:19 Finished transferring output files
...
005 (2524617.182.000) 07/20 02:21:19 Job terminated.
	(1) Normal termination (return value 0)
		Usr 0 00:16:31, Sys 0 00:00:03  -  Run Remote Usage
		Usr 0 00:00:00, Sys 0 00:00:00  -  Run Local Usage
		Usr 0 00:16:31, Sys 0 00:00:03  -  Total Remote Usage
		Usr 0 00:00:00, Sys 0 00:00:00  -  Total Local Usage
	51833  -  Run Bytes Sent By Job
	55262812  -  Run Bytes Received By Job
	51833  -  Total Bytes Sent By Job
	55262812  -  Total Bytes Received By Job
	Partitionable Resources :     Usage  Request Allocated 
	   Cpus                 :      1.00        3         3 
	   Disk (KB)            : 181937       75000    283537 
	   Memory (MB)          :    281        6000      6000 

	Job terminated of its own accord at 2021-07-20T00:21:19Z.
...
