000 (2522101.035.000) 07/19 11:55:34 Job submitted from host: <188.185.70.244:9618?addrs=188.185.70.244-9618+[2001-1458-d00-7--100-2ee]-9618&alias=bigbird10.cern.ch&noUDP&sock=schedd_2037_ca81>
...
040 (2522101.035.000) 07/19 12:26:27 Started transferring input files
	Transferring to host: <128.142.57.142:9618?addrs=128.142.57.142-9618+[2001-1458-301-7--100-8d]-9618&alias=b7s02p9100.cern.ch&noUDP&sock=slot1_4_3974_cadb_4986>
...
040 (2522101.035.000) 07/19 12:26:28 Finished transferring input files
...
001 (2522101.035.000) 07/19 12:26:28 Job executing on host: <128.142.57.142:9618?addrs=128.142.57.142-9618+[2001-1458-301-7--100-8d]-9618&alias=b7s02p9100.cern.ch&noUDP&sock=startd_2923_836b>
...
006 (2522101.035.000) 07/19 12:26:37 Image size of job updated: 241200
	163  -  MemoryUsage of job (MB)
	166488  -  ResidentSetSize of job (KB)
...
006 (2522101.035.000) 07/19 12:31:38 Image size of job updated: 635404
	209  -  MemoryUsage of job (MB)
	213408  -  ResidentSetSize of job (KB)
...
006 (2522101.035.000) 07/19 12:36:39 Image size of job updated: 967012
	443  -  MemoryUsage of job (MB)
	452960  -  ResidentSetSize of job (KB)
...
006 (2522101.035.000) 07/19 13:06:43 Image size of job updated: 967504
	443  -  MemoryUsage of job (MB)
	453564  -  ResidentSetSize of job (KB)
...
040 (2522101.035.000) 07/19 13:24:44 Started transferring output files
...
040 (2522101.035.000) 07/19 13:24:45 Finished transferring output files
...
005 (2522101.035.000) 07/19 13:24:45 Job terminated.
	(1) Normal termination (return value 0)
		Usr 0 00:53:51, Sys 0 00:00:06  -  Run Remote Usage
		Usr 0 00:00:00, Sys 0 00:00:00  -  Run Local Usage
		Usr 0 00:53:51, Sys 0 00:00:06  -  Total Remote Usage
		Usr 0 00:00:00, Sys 0 00:00:00  -  Total Local Usage
	47561  -  Run Bytes Sent By Job
	55262812  -  Run Bytes Received By Job
	47561  -  Total Bytes Sent By Job
	55262812  -  Total Bytes Received By Job
	Partitionable Resources :     Usage  Request Allocated 
	   Cpus                 :      1.00        3         3 
	   Disk (KB)            : 209534       75000   1324115 
	   Memory (MB)          :    443        6000      6000 

	Job terminated of its own accord at 2021-07-19T11:24:44Z.
...
