000 (2536881.183.000) 07/22 03:18:13 Job submitted from host: <188.185.70.244:9618?addrs=188.185.70.244-9618+[2001-1458-d00-7--100-2ee]-9618&alias=bigbird10.cern.ch&noUDP&sock=schedd_2037_ca81>
...
040 (2536881.183.000) 07/22 03:57:51 Started transferring input files
	Transferring to host: <128.142.59.28:9618?addrs=128.142.59.28-9618+[2001-1458-301-21--100-1b]-9618&alias=b7s04p6229.cern.ch&noUDP&sock=slot1_15_5438_5016_15032>
...
040 (2536881.183.000) 07/22 03:57:51 Finished transferring input files
...
001 (2536881.183.000) 07/22 03:57:51 Job executing on host: <128.142.59.28:9618?addrs=128.142.59.28-9618+[2001-1458-301-21--100-1b]-9618&alias=b7s04p6229.cern.ch&noUDP&sock=startd_4983_8083>
...
006 (2536881.183.000) 07/22 03:58:00 Image size of job updated: 426524
	201  -  MemoryUsage of job (MB)
	205240  -  ResidentSetSize of job (KB)
...
006 (2536881.183.000) 07/22 04:03:00 Image size of job updated: 795160
	272  -  MemoryUsage of job (MB)
	278056  -  ResidentSetSize of job (KB)
...
006 (2536881.183.000) 07/22 04:06:56 Image size of job updated: 795648
	272  -  MemoryUsage of job (MB)
	278056  -  ResidentSetSize of job (KB)
...
040 (2536881.183.000) 07/22 04:06:56 Started transferring output files
...
040 (2536881.183.000) 07/22 04:06:56 Finished transferring output files
...
005 (2536881.183.000) 07/22 04:06:57 Job terminated.
	(1) Normal termination (return value 0)
		Usr 0 00:08:59, Sys 0 00:00:01  -  Run Remote Usage
		Usr 0 00:00:00, Sys 0 00:00:00  -  Run Local Usage
		Usr 0 00:08:59, Sys 0 00:00:01  -  Total Remote Usage
		Usr 0 00:00:00, Sys 0 00:00:00  -  Total Local Usage
	45361  -  Run Bytes Sent By Job
	55262812  -  Run Bytes Received By Job
	45361  -  Total Bytes Sent By Job
	55262812  -  Total Bytes Received By Job
	Partitionable Resources :     Usage  Request Allocated 
	   Cpus                 :      1.00        3         3 
	   Disk (KB)            : 180277       75000   1255992 
	   Memory (MB)          :    272        6000      6000 

	Job terminated of its own accord at 2021-07-22T02:06:56Z.
...
