000 (2521867.218.000) 07/19 07:46:08 Job submitted from host: <188.185.70.244:9618?addrs=188.185.70.244-9618+[2001-1458-d00-7--100-2ee]-9618&alias=bigbird10.cern.ch&noUDP&sock=schedd_2037_ca81>
...
040 (2521867.218.000) 07/19 07:50:03 Started transferring input files
	Transferring to host: <128.142.56.45:9618?addrs=128.142.56.45-9618+[2001-1458-301-6--100-2c]-9618&alias=b7s01p0385.cern.ch&noUDP&sock=slot1_10_56975_caa6_15879>
...
040 (2521867.218.000) 07/19 07:50:04 Finished transferring input files
...
001 (2521867.218.000) 07/19 07:50:04 Job executing on host: <128.142.56.45:9618?addrs=128.142.56.45-9618+[2001-1458-301-6--100-2c]-9618&alias=b7s01p0385.cern.ch&noUDP&sock=startd_53886_e476>
...
006 (2521867.218.000) 07/19 07:50:13 Image size of job updated: 606008
	202  -  MemoryUsage of job (MB)
	205880  -  ResidentSetSize of job (KB)
...
006 (2521867.218.000) 07/19 07:55:14 Image size of job updated: 626724
	202  -  MemoryUsage of job (MB)
	205880  -  ResidentSetSize of job (KB)
...
006 (2521867.218.000) 07/19 08:00:15 Image size of job updated: 824828
	301  -  MemoryUsage of job (MB)
	308164  -  ResidentSetSize of job (KB)
...
006 (2521867.218.000) 07/19 08:15:17 Image size of job updated: 825408
	302  -  MemoryUsage of job (MB)
	308756  -  ResidentSetSize of job (KB)
...
040 (2521867.218.000) 07/19 08:16:34 Started transferring output files
...
040 (2521867.218.000) 07/19 08:16:34 Finished transferring output files
...
005 (2521867.218.000) 07/19 08:16:34 Job terminated.
	(1) Normal termination (return value 0)
		Usr 0 00:18:41, Sys 0 00:00:02  -  Run Remote Usage
		Usr 0 00:00:00, Sys 0 00:00:00  -  Run Local Usage
		Usr 0 00:18:41, Sys 0 00:00:02  -  Total Remote Usage
		Usr 0 00:00:00, Sys 0 00:00:00  -  Total Local Usage
	50352  -  Run Bytes Sent By Job
	55262812  -  Run Bytes Received By Job
	50352  -  Total Bytes Sent By Job
	55262812  -  Total Bytes Received By Job
	Partitionable Resources :     Usage  Request Allocated 
	   Cpus                 :      1.00        3         3 
	   Disk (KB)            : 185670       75000   1263992 
	   Memory (MB)          :    302        6000      6000 

	Job terminated of its own accord at 2021-07-19T06:16:34Z.
...
