000 (2522101.175.000) 07/19 11:55:34 Job submitted from host: <188.185.70.244:9618?addrs=188.185.70.244-9618+[2001-1458-d00-7--100-2ee]-9618&alias=bigbird10.cern.ch&noUDP&sock=schedd_2037_ca81>
...
040 (2522101.175.000) 07/19 13:08:14 Started transferring input files
	Transferring to host: <128.142.75.12:9618?addrs=128.142.75.12-9618+[2001-1458-301-75--100-a6]-9618&alias=b7s11n7820.cern.ch&noUDP&sock=slot1_5_5376_a0d4_78609>
...
040 (2522101.175.000) 07/19 13:08:15 Finished transferring input files
...
001 (2522101.175.000) 07/19 13:08:15 Job executing on host: <128.142.75.12:9618?addrs=128.142.75.12-9618+[2001-1458-301-75--100-a6]-9618&alias=b7s11n7820.cern.ch&noUDP&sock=startd_4311_90de>
...
006 (2522101.175.000) 07/19 13:08:24 Image size of job updated: 288720
	4  -  MemoryUsage of job (MB)
	3688  -  ResidentSetSize of job (KB)
...
006 (2522101.175.000) 07/19 13:13:26 Image size of job updated: 631960
	205  -  MemoryUsage of job (MB)
	209632  -  ResidentSetSize of job (KB)
...
006 (2522101.175.000) 07/19 13:18:26 Image size of job updated: 631960
	205  -  MemoryUsage of job (MB)
	209636  -  ResidentSetSize of job (KB)
...
006 (2522101.175.000) 07/19 13:23:26 Image size of job updated: 817352
	297  -  MemoryUsage of job (MB)
	303504  -  ResidentSetSize of job (KB)
...
006 (2522101.175.000) 07/19 13:43:28 Image size of job updated: 817804
	297  -  MemoryUsage of job (MB)
	304100  -  ResidentSetSize of job (KB)
...
040 (2522101.175.000) 07/19 13:45:14 Started transferring output files
...
040 (2522101.175.000) 07/19 13:45:14 Finished transferring output files
...
005 (2522101.175.000) 07/19 13:45:15 Job terminated.
	(1) Normal termination (return value 0)
		Usr 0 00:26:56, Sys 0 00:00:04  -  Run Remote Usage
		Usr 0 00:00:00, Sys 0 00:00:00  -  Run Local Usage
		Usr 0 00:26:56, Sys 0 00:00:04  -  Total Remote Usage
		Usr 0 00:00:00, Sys 0 00:00:00  -  Total Local Usage
	49105  -  Run Bytes Sent By Job
	55262812  -  Run Bytes Received By Job
	49105  -  Total Bytes Sent By Job
	55262812  -  Total Bytes Received By Job
	Partitionable Resources :     Usage  Request Allocated 
	   Cpus                 :      1.00        3         3 
	   Disk (KB)            : 184173       75000    272828 
	   Memory (MB)          :    297        6000      6000 

	Job terminated of its own accord at 2021-07-19T11:45:14Z.
...
