000 (2524617.210.000) 07/20 01:52:27 Job submitted from host: <188.185.70.244:9618?addrs=188.185.70.244-9618+[2001-1458-d00-7--100-2ee]-9618&alias=bigbird10.cern.ch&noUDP&sock=schedd_2037_ca81>
...
040 (2524617.210.000) 07/20 02:01:25 Started transferring input files
	Transferring to host: <188.184.196.151:9618?addrs=188.184.196.151-9618+[2001-1458-301-102--100-8a]-9618&alias=b7g24n0263.cern.ch&noUDP&sock=slot1_2_15093_223f_120772>
...
040 (2524617.210.000) 07/20 02:01:26 Finished transferring input files
...
001 (2524617.210.000) 07/20 02:01:27 Job executing on host: <188.184.196.151:9618?addrs=188.184.196.151-9618+[2001-1458-301-102--100-8a]-9618&alias=b7g24n0263.cern.ch&noUDP&sock=startd_19491_c885>
...
006 (2524617.210.000) 07/20 02:01:35 Image size of job updated: 419732
	68  -  MemoryUsage of job (MB)
	69252  -  ResidentSetSize of job (KB)
...
006 (2524617.210.000) 07/20 02:06:35 Image size of job updated: 626724
	202  -  MemoryUsage of job (MB)
	205856  -  ResidentSetSize of job (KB)
...
006 (2524617.210.000) 07/20 02:16:36 Image size of job updated: 816832
	293  -  MemoryUsage of job (MB)
	299956  -  ResidentSetSize of job (KB)
...
006 (2524617.210.000) 07/20 02:21:36 Image size of job updated: 817336
	294  -  MemoryUsage of job (MB)
	300564  -  ResidentSetSize of job (KB)
...
040 (2524617.210.000) 07/20 02:39:34 Started transferring output files
...
040 (2524617.210.000) 07/20 02:39:34 Finished transferring output files
...
005 (2524617.210.000) 07/20 02:39:34 Job terminated.
	(1) Normal termination (return value 0)
		Usr 0 00:27:27, Sys 0 00:00:03  -  Run Remote Usage
		Usr 0 00:00:00, Sys 0 00:00:00  -  Run Local Usage
		Usr 0 00:27:27, Sys 0 00:00:03  -  Total Remote Usage
		Usr 0 00:00:00, Sys 0 00:00:00  -  Total Local Usage
	49243  -  Run Bytes Sent By Job
	55262812  -  Run Bytes Received By Job
	49243  -  Total Bytes Sent By Job
	55262812  -  Total Bytes Received By Job
	Partitionable Resources :     Usage  Request Allocated 
	   Cpus                 :      1.00        3         3 
	   Disk (KB)            : 184125       75000    298247 
	   Memory (MB)          :    294        6000      6000 

	Job terminated of its own accord at 2021-07-20T00:39:34Z.
...
