000 (2526743.030.000) 07/20 13:19:13 Job submitted from host: <188.185.70.244:9618?addrs=188.185.70.244-9618+[2001-1458-d00-7--100-2ee]-9618&alias=bigbird10.cern.ch&noUDP&sock=schedd_2037_ca81>
...
040 (2526743.030.000) 07/20 13:20:54 Started transferring input files
	Transferring to host: <128.142.56.49:9618?addrs=128.142.56.49-9618+[2001-1458-301-6--100-30]-9618&alias=b7s01p1778.cern.ch&noUDP&sock=slot1_55_50130_deb0_13727>
...
001 (2526743.030.000) 07/20 13:20:55 Job executing on host: <128.142.56.49:9618?addrs=128.142.56.49-9618+[2001-1458-301-6--100-30]-9618&alias=b7s01p1778.cern.ch&noUDP&sock=startd_50085_b8fb>
...
040 (2526743.030.000) 07/20 13:20:55 Finished transferring input files
...
006 (2526743.030.000) 07/20 13:21:03 Image size of job updated: 423348
	38  -  MemoryUsage of job (MB)
	38128  -  ResidentSetSize of job (KB)
...
006 (2526743.030.000) 07/20 13:26:03 Image size of job updated: 626832
	201  -  MemoryUsage of job (MB)
	205240  -  ResidentSetSize of job (KB)
...
006 (2526743.030.000) 07/20 13:31:04 Image size of job updated: 804912
	281  -  MemoryUsage of job (MB)
	287496  -  ResidentSetSize of job (KB)
...
006 (2526743.030.000) 07/20 13:41:04 Image size of job updated: 805332
	282  -  MemoryUsage of job (MB)
	288084  -  ResidentSetSize of job (KB)
...
040 (2526743.030.000) 07/20 13:44:56 Started transferring output files
...
040 (2526743.030.000) 07/20 13:44:56 Finished transferring output files
...
005 (2526743.030.000) 07/20 13:44:56 Job terminated.
	(1) Normal termination (return value 0)
		Usr 0 00:19:23, Sys 0 00:00:02  -  Run Remote Usage
		Usr 0 00:00:00, Sys 0 00:00:00  -  Run Local Usage
		Usr 0 00:19:23, Sys 0 00:00:02  -  Total Remote Usage
		Usr 0 00:00:00, Sys 0 00:00:00  -  Total Local Usage
	51631  -  Run Bytes Sent By Job
	55262812  -  Run Bytes Received By Job
	51631  -  Total Bytes Sent By Job
	55262812  -  Total Bytes Received By Job
	Partitionable Resources :     Usage  Request Allocated 
	   Cpus                 :      1.00        3         3 
	   Disk (KB)            : 181969       75000   1313002 
	   Memory (MB)          :    282        6000      6000 

	Job terminated of its own accord at 2021-07-20T11:44:56Z.
...
