000 (2536881.158.000) 07/22 03:18:13 Job submitted from host: <188.185.70.244:9618?addrs=188.185.70.244-9618+[2001-1458-d00-7--100-2ee]-9618&alias=bigbird10.cern.ch&noUDP&sock=schedd_2037_ca81>
...
040 (2536881.158.000) 07/22 03:51:37 Started transferring input files
	Transferring to host: <128.142.77.49:9618?addrs=128.142.77.49-9618+[2001-1458-301-f4--100-d9]-9618&alias=b7s12n6022.cern.ch&noUDP&sock=slot1_2_5024_9cc5_85150>
...
040 (2536881.158.000) 07/22 03:51:38 Finished transferring input files
...
001 (2536881.158.000) 07/22 03:51:38 Job executing on host: <128.142.77.49:9618?addrs=128.142.77.49-9618+[2001-1458-301-f4--100-d9]-9618&alias=b7s12n6022.cern.ch&noUDP&sock=startd_3945_8535>
...
006 (2536881.158.000) 07/22 03:51:47 Image size of job updated: 418932
	131  -  MemoryUsage of job (MB)
	133380  -  ResidentSetSize of job (KB)
...
006 (2536881.158.000) 07/22 03:56:48 Image size of job updated: 811556
	288  -  MemoryUsage of job (MB)
	294248  -  ResidentSetSize of job (KB)
...
006 (2536881.158.000) 07/22 04:16:51 Image size of job updated: 812200
	288  -  MemoryUsage of job (MB)
	294904  -  ResidentSetSize of job (KB)
...
040 (2536881.158.000) 07/22 04:16:59 Started transferring output files
...
040 (2536881.158.000) 07/22 04:17:00 Finished transferring output files
...
005 (2536881.158.000) 07/22 04:17:00 Job terminated.
	(1) Normal termination (return value 0)
		Usr 0 00:24:43, Sys 0 00:00:03  -  Run Remote Usage
		Usr 0 00:00:00, Sys 0 00:00:00  -  Run Local Usage
		Usr 0 00:24:43, Sys 0 00:00:03  -  Total Remote Usage
		Usr 0 00:00:00, Sys 0 00:00:00  -  Total Local Usage
	47217  -  Run Bytes Sent By Job
	55262812  -  Run Bytes Received By Job
	47217  -  Total Bytes Sent By Job
	55262812  -  Total Bytes Received By Job
	Partitionable Resources :     Usage  Request Allocated 
	   Cpus                 :      0.99        3         3 
	   Disk (KB)            : 183282       75000    275764 
	   Memory (MB)          :    288        6000      6000 

	Job terminated of its own accord at 2021-07-22T02:16:59Z.
...
