000 (2552363.029.000) 07/26 17:25:58 Job submitted from host: <188.185.70.244:9618?addrs=188.185.70.244-9618+[2001-1458-d00-7--100-2ee]-9618&alias=bigbird10.cern.ch&noUDP&sock=schedd_2037_ca81>
...
040 (2552363.029.000) 07/26 17:30:45 Entered queue to transfer input files
	Transferring to host: <188.184.213.129:9618?addrs=188.184.213.129-9618+[2001-1458-301-10c--100-1be]-9618&alias=b7g24n0684.cern.ch&noUDP&sock=slot1_2_4803_e5dc_75055>
...
040 (2552363.029.000) 07/26 17:31:25 Started transferring input files
	Seconds spent in queue: 40
...
001 (2552363.029.000) 07/26 17:31:25 Job executing on host: <188.184.213.129:9618?addrs=188.184.213.129-9618+[2001-1458-301-10c--100-1be]-9618&alias=b7g24n0684.cern.ch&noUDP&sock=startd_3693_ab57>
...
006 (2552363.029.000) 07/26 17:31:41 Image size of job updated: 282988
	46  -  MemoryUsage of job (MB)
	46592  -  ResidentSetSize of job (KB)
...
040 (2552363.029.000) 07/26 17:31:41 Finished transferring input files
...
006 (2552363.029.000) 07/26 17:36:35 Image size of job updated: 813256
	290  -  MemoryUsage of job (MB)
	296492  -  ResidentSetSize of job (KB)
...
006 (2552363.029.000) 07/26 17:51:37 Image size of job updated: 813708
	291  -  MemoryUsage of job (MB)
	297088  -  ResidentSetSize of job (KB)
...
040 (2552363.029.000) 07/26 17:54:01 Started transferring output files
	Seconds spent in queue: 1396
...
040 (2552363.029.000) 07/26 17:54:01 Finished transferring output files
...
005 (2552363.029.000) 07/26 17:54:01 Job terminated.
	(1) Normal termination (return value 0)
		Usr 0 00:19:37, Sys 0 00:00:03  -  Run Remote Usage
		Usr 0 00:00:00, Sys 0 00:00:00  -  Run Local Usage
		Usr 0 00:19:37, Sys 0 00:00:03  -  Total Remote Usage
		Usr 0 00:00:00, Sys 0 00:00:00  -  Total Local Usage
	48873  -  Run Bytes Sent By Job
	55262876  -  Run Bytes Received By Job
	48873  -  Total Bytes Sent By Job
	55262876  -  Total Bytes Received By Job
	Partitionable Resources :     Usage  Request Allocated 
	   Cpus                 :      1.00        3         3 
	   Disk (KB)            : 183475       75000    296921 
	   Memory (MB)          :    291        6000      6000 

	Job terminated of its own accord at 2021-07-26T15:54:01Z.
...
