000 (2524617.107.000) 07/20 01:52:27 Job submitted from host: <188.185.70.244:9618?addrs=188.185.70.244-9618+[2001-1458-d00-7--100-2ee]-9618&alias=bigbird10.cern.ch&noUDP&sock=schedd_2037_ca81>
...
040 (2524617.107.000) 07/20 02:00:44 Started transferring input files
	Transferring to host: <128.142.76.171:9618?addrs=128.142.76.171-9618+[2001-1458-301-f4--100-1ce]-9618&alias=b7s12n8282.cern.ch&noUDP&sock=slot1_7_6363_0f1c_70380>
...
040 (2524617.107.000) 07/20 02:00:45 Finished transferring input files
...
001 (2524617.107.000) 07/20 02:00:45 Job executing on host: <128.142.76.171:9618?addrs=128.142.76.171-9618+[2001-1458-301-f4--100-1ce]-9618&alias=b7s12n8282.cern.ch&noUDP&sock=startd_5017_d2bb>
...
006 (2524617.107.000) 07/20 02:00:54 Image size of job updated: 4796
	4  -  MemoryUsage of job (MB)
	3684  -  ResidentSetSize of job (KB)
...
006 (2524617.107.000) 07/20 02:05:54 Image size of job updated: 631808
	208  -  MemoryUsage of job (MB)
	212288  -  ResidentSetSize of job (KB)
...
006 (2524617.107.000) 07/20 02:15:55 Image size of job updated: 739800
	287  -  MemoryUsage of job (MB)
	293112  -  ResidentSetSize of job (KB)
...
006 (2524617.107.000) 07/20 02:35:56 Image size of job updated: 740280
	287  -  MemoryUsage of job (MB)
	293708  -  ResidentSetSize of job (KB)
...
040 (2524617.107.000) 07/20 02:43:48 Started transferring output files
...
040 (2524617.107.000) 07/20 02:43:48 Finished transferring output files
...
005 (2524617.107.000) 07/20 02:43:49 Job terminated.
	(1) Normal termination (return value 0)
		Usr 0 00:32:58, Sys 0 00:00:03  -  Run Remote Usage
		Usr 0 00:00:00, Sys 0 00:00:00  -  Run Local Usage
		Usr 0 00:32:58, Sys 0 00:00:03  -  Total Remote Usage
		Usr 0 00:00:00, Sys 0 00:00:00  -  Total Local Usage
	52002  -  Run Bytes Sent By Job
	55262812  -  Run Bytes Received By Job
	52002  -  Total Bytes Sent By Job
	55262812  -  Total Bytes Received By Job
	Partitionable Resources :     Usage  Request Allocated 
	   Cpus                 :      1.00        3         3 
	   Disk (KB)            : 181899       75000    275000 
	   Memory (MB)          :    287        6000      6000 

	Job terminated of its own accord at 2021-07-20T00:43:48Z.
...
