000 (2523366.166.000) 07/19 23:50:31 Job submitted from host: <188.185.70.244:9618?addrs=188.185.70.244-9618+[2001-1458-d00-7--100-2ee]-9618&alias=bigbird10.cern.ch&noUDP&sock=schedd_2037_ca81>
...
040 (2523366.166.000) 07/20 00:30:34 Started transferring input files
	Transferring to host: <128.142.58.78:9618?addrs=128.142.58.78-9618+[2001-1458-301-16--100-4d]-9618&alias=b7s03p4846.cern.ch&noUDP&sock=slot1_18_6938_32d3_11450>
...
040 (2523366.166.000) 07/20 00:30:35 Finished transferring input files
...
001 (2523366.166.000) 07/20 00:30:35 Job executing on host: <128.142.58.78:9618?addrs=128.142.58.78-9618+[2001-1458-301-16--100-4d]-9618&alias=b7s03p4846.cern.ch&noUDP&sock=startd_6485_bfc3>
...
006 (2523366.166.000) 07/20 00:30:45 Image size of job updated: 270156
	191  -  MemoryUsage of job (MB)
	194808  -  ResidentSetSize of job (KB)
...
006 (2523366.166.000) 07/20 00:35:45 Image size of job updated: 804252
	284  -  MemoryUsage of job (MB)
	290520  -  ResidentSetSize of job (KB)
...
006 (2523366.166.000) 07/20 00:40:45 Image size of job updated: 804252
	285  -  MemoryUsage of job (MB)
	291128  -  ResidentSetSize of job (KB)
...
006 (2523366.166.000) 07/20 00:42:40 Image size of job updated: 804864
	285  -  MemoryUsage of job (MB)
	291128  -  ResidentSetSize of job (KB)
...
040 (2523366.166.000) 07/20 00:42:40 Started transferring output files
...
040 (2523366.166.000) 07/20 00:42:41 Finished transferring output files
...
005 (2523366.166.000) 07/20 00:42:41 Job terminated.
	(1) Normal termination (return value 0)
		Usr 0 00:08:37, Sys 0 00:00:02  -  Run Remote Usage
		Usr 0 00:00:00, Sys 0 00:00:00  -  Run Local Usage
		Usr 0 00:08:37, Sys 0 00:00:02  -  Total Remote Usage
		Usr 0 00:00:00, Sys 0 00:00:00  -  Total Local Usage
	52352  -  Run Bytes Sent By Job
	55262812  -  Run Bytes Received By Job
	52352  -  Total Bytes Sent By Job
	55262812  -  Total Bytes Received By Job
	Partitionable Resources :     Usage  Request Allocated 
	   Cpus                 :      1.00        3         3 
	   Disk (KB)            : 181764       75000   1247380 
	   Memory (MB)          :    285        6000      6000 

	Job terminated of its own accord at 2021-07-19T22:42:40Z.
...
