000 (2556074.028.000) 07/27 10:23:52 Job submitted from host: <188.185.70.244:9618?addrs=188.185.70.244-9618+[2001-1458-d00-7--100-2ee]-9618&alias=bigbird10.cern.ch&noUDP&sock=schedd_2037_ca81>
...
040 (2556074.028.000) 07/27 10:30:25 Started transferring input files
	Transferring to host: <128.142.81.248:9618?addrs=128.142.81.248-9618+[2001-1458-301-f5--100-478]-9618&alias=b7s13n8658.cern.ch&noUDP&sock=slot1_11_16261_186e_126740>
...
001 (2556074.028.000) 07/27 10:30:26 Job executing on host: <128.142.81.248:9618?addrs=128.142.81.248-9618+[2001-1458-301-f5--100-478]-9618&alias=b7s13n8658.cern.ch&noUDP&sock=startd_16615_1624>
...
040 (2556074.028.000) 07/27 10:30:26 Finished transferring input files
...
006 (2556074.028.000) 07/27 10:30:35 Image size of job updated: 48900
	28  -  MemoryUsage of job (MB)
	28072  -  ResidentSetSize of job (KB)
...
006 (2556074.028.000) 07/27 10:35:36 Image size of job updated: 626640
	201  -  MemoryUsage of job (MB)
	205516  -  ResidentSetSize of job (KB)
...
006 (2556074.028.000) 07/27 10:40:36 Image size of job updated: 793952
	271  -  MemoryUsage of job (MB)
	276912  -  ResidentSetSize of job (KB)
...
006 (2556074.028.000) 07/27 11:00:10 Image size of job updated: 794540
	271  -  MemoryUsage of job (MB)
	276912  -  ResidentSetSize of job (KB)
...
040 (2556074.028.000) 07/27 11:00:10 Started transferring output files
...
040 (2556074.028.000) 07/27 11:00:10 Finished transferring output files
...
005 (2556074.028.000) 07/27 11:00:10 Job terminated.
	(1) Normal termination (return value 0)
		Usr 0 00:22:21, Sys 0 00:00:03  -  Run Remote Usage
		Usr 0 00:00:00, Sys 0 00:00:00  -  Run Local Usage
		Usr 0 00:22:21, Sys 0 00:00:03  -  Total Remote Usage
		Usr 0 00:00:00, Sys 0 00:00:00  -  Total Local Usage
	47393  -  Run Bytes Sent By Job
	55262880  -  Run Bytes Received By Job
	47393  -  Total Bytes Sent By Job
	55262880  -  Total Bytes Received By Job
	Partitionable Resources :     Usage  Request Allocated 
	   Cpus                 :      1.00        3         3 
	   Disk (KB)            : 184745       75000    265282 
	   Memory (MB)          :    271        6000      6000 

	Job terminated of its own accord at 2021-07-27T09:00:10Z.
...
