000 (2536881.207.000) 07/22 03:18:13 Job submitted from host: <188.185.70.244:9618?addrs=188.185.70.244-9618+[2001-1458-d00-7--100-2ee]-9618&alias=bigbird10.cern.ch&noUDP&sock=schedd_2037_ca81>
...
040 (2536881.207.000) 07/22 04:03:42 Started transferring input files
	Transferring to host: <188.184.210.129:9618?addrs=188.184.210.129-9618+[2001-1458-301-10b--100-2f1]-9618&alias=b7g23n4395.cern.ch&noUDP&sock=slot1_2_11002_a778_119769>
...
040 (2536881.207.000) 07/22 04:03:43 Finished transferring input files
...
001 (2536881.207.000) 07/22 04:03:43 Job executing on host: <188.184.210.129:9618?addrs=188.184.210.129-9618+[2001-1458-301-10b--100-2f1]-9618&alias=b7g23n4395.cern.ch&noUDP&sock=startd_20000_ea3a>
...
006 (2536881.207.000) 07/22 04:03:52 Image size of job updated: 114860
	71  -  MemoryUsage of job (MB)
	72160  -  ResidentSetSize of job (KB)
...
006 (2536881.207.000) 07/22 04:08:53 Image size of job updated: 816580
	296  -  MemoryUsage of job (MB)
	302764  -  ResidentSetSize of job (KB)
...
006 (2536881.207.000) 07/22 04:28:56 Image size of job updated: 817064
	297  -  MemoryUsage of job (MB)
	303352  -  ResidentSetSize of job (KB)
...
040 (2536881.207.000) 07/22 04:29:55 Started transferring output files
...
040 (2536881.207.000) 07/22 04:29:55 Finished transferring output files
...
005 (2536881.207.000) 07/22 04:29:56 Job terminated.
	(1) Normal termination (return value 0)
		Usr 0 00:25:30, Sys 0 00:00:05  -  Run Remote Usage
		Usr 0 00:00:00, Sys 0 00:00:00  -  Run Local Usage
		Usr 0 00:25:30, Sys 0 00:00:05  -  Total Remote Usage
		Usr 0 00:00:00, Sys 0 00:00:00  -  Total Local Usage
	43676  -  Run Bytes Sent By Job
	55262812  -  Run Bytes Received By Job
	43676  -  Total Bytes Sent By Job
	55262812  -  Total Bytes Received By Job
	Partitionable Resources :     Usage  Request Allocated 
	   Cpus                 :      1.00        3         3 
	   Disk (KB)            : 184056       75000    346130 
	   Memory (MB)          :    297        6000      6000 

	Job terminated of its own accord at 2021-07-22T02:29:55Z.
...
