000 (2556082.005.000) 07/27 11:07:46 Job submitted from host: <188.185.70.244:9618?addrs=188.185.70.244-9618+[2001-1458-d00-7--100-2ee]-9618&alias=bigbird10.cern.ch&noUDP&sock=schedd_2037_ca81>
...
040 (2556082.005.000) 07/27 11:36:46 Started transferring input files
	Transferring to host: <128.142.56.122:9618?addrs=128.142.56.122-9618+[2001-1458-301-6--100-79]-9618&alias=b7s01p5731.cern.ch&noUDP&sock=slot1_2_2396_f2db_21359>
...
040 (2556082.005.000) 07/27 11:36:47 Finished transferring input files
...
001 (2556082.005.000) 07/27 11:36:47 Job executing on host: <128.142.56.122:9618?addrs=128.142.56.122-9618+[2001-1458-301-6--100-79]-9618&alias=b7s01p5731.cern.ch&noUDP&sock=startd_2351_2b3e>
...
006 (2556082.005.000) 07/27 11:36:56 Image size of job updated: 574780
	191  -  MemoryUsage of job (MB)
	194784  -  ResidentSetSize of job (KB)
...
006 (2556082.005.000) 07/27 11:41:58 Image size of job updated: 631948
	205  -  MemoryUsage of job (MB)
	209660  -  ResidentSetSize of job (KB)
...
006 (2556082.005.000) 07/27 11:46:58 Image size of job updated: 803620
	284  -  MemoryUsage of job (MB)
	289944  -  ResidentSetSize of job (KB)
...
006 (2556082.005.000) 07/27 11:51:58 Image size of job updated: 806048
	286  -  MemoryUsage of job (MB)
	292440  -  ResidentSetSize of job (KB)
...
006 (2556082.005.000) 07/27 11:52:17 Image size of job updated: 806056
	286  -  MemoryUsage of job (MB)
	292440  -  ResidentSetSize of job (KB)
...
040 (2556082.005.000) 07/27 11:52:17 Started transferring output files
...
040 (2556082.005.000) 07/27 11:52:17 Finished transferring output files
...
005 (2556082.005.000) 07/27 11:52:17 Job terminated.
	(1) Normal termination (return value 0)
		Usr 0 00:10:22, Sys 0 00:00:02  -  Run Remote Usage
		Usr 0 00:00:00, Sys 0 00:00:00  -  Run Local Usage
		Usr 0 00:10:22, Sys 0 00:00:02  -  Total Remote Usage
		Usr 0 00:00:00, Sys 0 00:00:00  -  Total Local Usage
	41158  -  Run Bytes Sent By Job
	55262880  -  Run Bytes Received By Job
	41158  -  Total Bytes Sent By Job
	55262880  -  Total Bytes Received By Job
	Partitionable Resources :     Usage  Request Allocated 
	   Cpus                 :      0.22        3         3 
	   Disk (KB)            : 184764       75000   1297176 
	   Memory (MB)          :    286        6000      6000 

	Job terminated of its own accord at 2021-07-27T09:52:17Z.
...
