000 (2556080.008.000) 07/27 11:07:01 Job submitted from host: <188.185.70.244:9618?addrs=188.185.70.244-9618+[2001-1458-d00-7--100-2ee]-9618&alias=bigbird10.cern.ch&noUDP&sock=schedd_2037_ca81>
...
040 (2556080.008.000) 07/27 11:36:38 Started transferring input files
	Transferring to host: <128.142.78.20:9618?addrs=128.142.78.20-9618+[2001-1458-301-f4--100-587]-9618&alias=b7s12n1357.cern.ch&noUDP&sock=slot1_4_5877_a0c8_78737>
...
040 (2556080.008.000) 07/27 11:36:39 Finished transferring input files
...
001 (2556080.008.000) 07/27 11:36:39 Job executing on host: <128.142.78.20:9618?addrs=128.142.78.20-9618+[2001-1458-301-f4--100-587]-9618&alias=b7s12n1357.cern.ch&noUDP&sock=startd_4663_0235>
...
006 (2556080.008.000) 07/27 11:36:47 Image size of job updated: 419724
	2  -  MemoryUsage of job (MB)
	1060  -  ResidentSetSize of job (KB)
...
006 (2556080.008.000) 07/27 11:41:47 Image size of job updated: 631940
	205  -  MemoryUsage of job (MB)
	209660  -  ResidentSetSize of job (KB)
...
006 (2556080.008.000) 07/27 11:46:48 Image size of job updated: 800720
	281  -  MemoryUsage of job (MB)
	286924  -  ResidentSetSize of job (KB)
...
040 (2556080.008.000) 07/27 12:02:12 Started transferring output files
...
040 (2556080.008.000) 07/27 12:02:12 Finished transferring output files
...
005 (2556080.008.000) 07/27 12:02:12 Job terminated.
	(1) Normal termination (return value 0)
		Usr 0 00:19:22, Sys 0 00:00:03  -  Run Remote Usage
		Usr 0 00:00:00, Sys 0 00:00:00  -  Run Local Usage
		Usr 0 00:19:22, Sys 0 00:00:03  -  Total Remote Usage
		Usr 0 00:00:00, Sys 0 00:00:00  -  Total Local Usage
	45011  -  Run Bytes Sent By Job
	55262880  -  Run Bytes Received By Job
	45011  -  Total Bytes Sent By Job
	55262880  -  Total Bytes Received By Job
	Partitionable Resources :     Usage  Request Allocated 
	   Cpus                 :      1.00        3         3 
	   Disk (KB)            : 184472       75000    284274 
	   Memory (MB)          :    281        6000      6000 

	Job terminated of its own accord at 2021-07-27T10:02:12Z.
...
