000 (2536881.169.000) 07/22 03:18:13 Job submitted from host: <188.185.70.244:9618?addrs=188.185.70.244-9618+[2001-1458-d00-7--100-2ee]-9618&alias=bigbird10.cern.ch&noUDP&sock=schedd_2037_ca81>
...
040 (2536881.169.000) 07/22 03:53:34 Started transferring input files
	Transferring to host: <128.142.78.38:9618?addrs=128.142.78.38-9618+[2001-1458-301-f4--100-576]-9618&alias=b7s12n2685.cern.ch&noUDP&sock=slot1_4_4486_8aef_37878>
...
040 (2536881.169.000) 07/22 03:53:35 Finished transferring input files
...
001 (2536881.169.000) 07/22 03:53:35 Job executing on host: <128.142.78.38:9618?addrs=128.142.78.38-9618+[2001-1458-301-f4--100-576]-9618&alias=b7s12n2685.cern.ch&noUDP&sock=startd_4448_8958>
...
006 (2536881.169.000) 07/22 03:53:44 Image size of job updated: 163416
	102  -  MemoryUsage of job (MB)
	103444  -  ResidentSetSize of job (KB)
...
006 (2536881.169.000) 07/22 03:58:45 Image size of job updated: 817080
	297  -  MemoryUsage of job (MB)
	303200  -  ResidentSetSize of job (KB)
...
006 (2536881.169.000) 07/22 04:18:45 Image size of job updated: 817632
	297  -  MemoryUsage of job (MB)
	303200  -  ResidentSetSize of job (KB)
...
040 (2536881.169.000) 07/22 04:18:45 Started transferring output files
...
040 (2536881.169.000) 07/22 04:18:45 Finished transferring output files
...
005 (2536881.169.000) 07/22 04:18:45 Job terminated.
	(1) Normal termination (return value 0)
		Usr 0 00:24:34, Sys 0 00:00:03  -  Run Remote Usage
		Usr 0 00:00:00, Sys 0 00:00:00  -  Run Local Usage
		Usr 0 00:24:34, Sys 0 00:00:03  -  Total Remote Usage
		Usr 0 00:00:00, Sys 0 00:00:00  -  Total Local Usage
	44084  -  Run Bytes Sent By Job
	55262812  -  Run Bytes Received By Job
	44084  -  Total Bytes Sent By Job
	55262812  -  Total Bytes Received By Job
	Partitionable Resources :     Usage  Request Allocated 
	   Cpus                 :      1.00        3         3 
	   Disk (KB)            : 184147       75000    260494 
	   Memory (MB)          :    297        6000      6000 

	Job terminated of its own accord at 2021-07-22T02:18:45Z.
...
