000 (2534572.050.000) 07/21 23:44:26 Job submitted from host: <188.185.70.244:9618?addrs=188.185.70.244-9618+[2001-1458-d00-7--100-2ee]-9618&alias=bigbird10.cern.ch&noUDP&sock=schedd_2037_ca81>
...
040 (2534572.050.000) 07/21 23:49:45 Started transferring input files
	Transferring to host: <128.142.57.117:9618?addrs=128.142.57.117-9618+[2001-1458-301-7--100-74]-9618&alias=b7s02p2206.cern.ch&noUDP&sock=slot1_5_6612_8086_15645>
...
040 (2534572.050.000) 07/21 23:49:46 Finished transferring input files
...
001 (2534572.050.000) 07/21 23:49:46 Job executing on host: <128.142.57.117:9618?addrs=128.142.57.117-9618+[2001-1458-301-7--100-74]-9618&alias=b7s02p2206.cern.ch&noUDP&sock=startd_6145_8990>
...
006 (2534572.050.000) 07/21 23:49:55 Image size of job updated: 436760
	171  -  MemoryUsage of job (MB)
	174484  -  ResidentSetSize of job (KB)
...
006 (2534572.050.000) 07/21 23:54:56 Image size of job updated: 630924
	205  -  MemoryUsage of job (MB)
	209140  -  ResidentSetSize of job (KB)
...
006 (2534572.050.000) 07/21 23:59:56 Image size of job updated: 630924
	205  -  MemoryUsage of job (MB)
	209144  -  ResidentSetSize of job (KB)
...
006 (2534572.050.000) 07/22 00:40:00 Image size of job updated: 637336
	211  -  MemoryUsage of job (MB)
	215616  -  ResidentSetSize of job (KB)
...
006 (2534572.050.000) 07/22 00:45:00 Image size of job updated: 1005204
	476  -  MemoryUsage of job (MB)
	486656  -  ResidentSetSize of job (KB)
...
006 (2534572.050.000) 07/22 01:45:08 Image size of job updated: 1005876
	476  -  MemoryUsage of job (MB)
	487328  -  ResidentSetSize of job (KB)
...
040 (2534572.050.000) 07/22 01:52:23 Started transferring output files
...
040 (2534572.050.000) 07/22 01:52:24 Finished transferring output files
...
005 (2534572.050.000) 07/22 01:52:24 Job terminated.
	(1) Normal termination (return value 0)
		Usr 0 01:13:52, Sys 0 00:00:07  -  Run Remote Usage
		Usr 0 00:00:00, Sys 0 00:00:00  -  Run Local Usage
		Usr 0 01:13:52, Sys 0 00:00:07  -  Total Remote Usage
		Usr 0 00:00:00, Sys 0 00:00:00  -  Total Local Usage
	45421  -  Run Bytes Sent By Job
	55262812  -  Run Bytes Received By Job
	45421  -  Total Bytes Sent By Job
	55262812  -  Total Bytes Received By Job
	Partitionable Resources :     Usage  Request Allocated 
	   Cpus                 :      1.00        3         3 
	   Disk (KB)            : 216702       75000   1246973 
	   Memory (MB)          :    476        6000      6000 

	Job terminated of its own accord at 2021-07-21T23:52:23Z.
...
