000 (2521876.184.000) 07/19 08:46:26 Job submitted from host: <188.185.70.244:9618?addrs=188.185.70.244-9618+[2001-1458-d00-7--100-2ee]-9618&alias=bigbird10.cern.ch&noUDP&sock=schedd_2037_ca81>
...
040 (2521876.184.000) 07/19 10:39:52 Started transferring input files
	Transferring to host: <128.142.69.105:9618?addrs=128.142.69.105-9618+[2001-1458-301-52--100-118]-9618&alias=b7s10n0809.cern.ch&noUDP&sock=slot1_2_2533_7a40_135634>
...
040 (2521876.184.000) 07/19 10:39:53 Finished transferring input files
...
001 (2521876.184.000) 07/19 10:39:53 Job executing on host: <128.142.69.105:9618?addrs=128.142.69.105-9618+[2001-1458-301-52--100-118]-9618&alias=b7s10n0809.cern.ch&noUDP&sock=startd_2328_6491>
...
006 (2521876.184.000) 07/19 10:40:02 Image size of job updated: 419728
	4  -  MemoryUsage of job (MB)
	3692  -  ResidentSetSize of job (KB)
...
006 (2521876.184.000) 07/19 10:45:03 Image size of job updated: 626268
	201  -  MemoryUsage of job (MB)
	205232  -  ResidentSetSize of job (KB)
...
006 (2521876.184.000) 07/19 10:55:04 Image size of job updated: 794512
	271  -  MemoryUsage of job (MB)
	277476  -  ResidentSetSize of job (KB)
...
006 (2521876.184.000) 07/19 11:05:05 Image size of job updated: 795000
	272  -  MemoryUsage of job (MB)
	278060  -  ResidentSetSize of job (KB)
...
040 (2521876.184.000) 07/19 11:05:53 Entered queue to transfer output files
...
040 (2521876.184.000) 07/19 11:06:17 Started transferring output files
...
040 (2521876.184.000) 07/19 11:06:18 Finished transferring output files
...
005 (2521876.184.000) 07/19 11:06:19 Job terminated.
	(1) Normal termination (return value 0)
		Usr 0 00:12:30, Sys 0 00:00:03  -  Run Remote Usage
		Usr 0 00:00:00, Sys 0 00:00:00  -  Run Local Usage
		Usr 0 00:12:30, Sys 0 00:00:03  -  Total Remote Usage
		Usr 0 00:00:00, Sys 0 00:00:00  -  Total Local Usage
	48173  -  Run Bytes Sent By Job
	55262812  -  Run Bytes Received By Job
	48173  -  Total Bytes Sent By Job
	55262812  -  Total Bytes Received By Job
	Partitionable Resources :     Usage  Request Allocated 
	   Cpus                 :      1.00        3         3 
	   Disk (KB)            : 180144       75000    286238 
	   Memory (MB)          :    272        6000      6000 

	Job terminated of its own accord at 2021-07-19T09:05:48Z.
...
