000 (2524617.143.000) 07/20 01:52:27 Job submitted from host: <188.185.70.244:9618?addrs=188.185.70.244-9618+[2001-1458-d00-7--100-2ee]-9618&alias=bigbird10.cern.ch&noUDP&sock=schedd_2037_ca81>
...
040 (2524617.143.000) 07/20 02:00:58 Started transferring input files
	Transferring to host: <128.142.193.197:9618?addrs=128.142.193.197-9618+[2001-1458-301-cc--100-1d]-9618&alias=b7g52n4408.cern.ch&noUDP&sock=slot1_8_5396_b855_66915>
...
040 (2524617.143.000) 07/20 02:00:59 Finished transferring input files
...
001 (2524617.143.000) 07/20 02:01:00 Job executing on host: <128.142.193.197:9618?addrs=128.142.193.197-9618+[2001-1458-301-cc--100-1d]-9618&alias=b7g52n4408.cern.ch&noUDP&sock=startd_4228_a282>
...
006 (2524617.143.000) 07/20 02:01:09 Image size of job updated: 426680
	49  -  MemoryUsage of job (MB)
	49788  -  ResidentSetSize of job (KB)
...
006 (2524617.143.000) 07/20 02:06:10 Image size of job updated: 631968
	205  -  MemoryUsage of job (MB)
	209672  -  ResidentSetSize of job (KB)
...
006 (2524617.143.000) 07/20 02:21:12 Image size of job updated: 809396
	289  -  MemoryUsage of job (MB)
	295516  -  ResidentSetSize of job (KB)
...
006 (2524617.143.000) 07/20 02:51:15 Image size of job updated: 809912
	290  -  MemoryUsage of job (MB)
	296116  -  ResidentSetSize of job (KB)
...
040 (2524617.143.000) 07/20 02:51:46 Started transferring output files
...
040 (2524617.143.000) 07/20 02:51:46 Finished transferring output files
...
005 (2524617.143.000) 07/20 02:51:46 Job terminated.
	(1) Normal termination (return value 0)
		Usr 0 00:34:18, Sys 0 00:00:02  -  Run Remote Usage
		Usr 0 00:00:00, Sys 0 00:00:00  -  Run Local Usage
		Usr 0 00:34:18, Sys 0 00:00:02  -  Total Remote Usage
		Usr 0 00:00:00, Sys 0 00:00:00  -  Total Local Usage
	52495  -  Run Bytes Sent By Job
	55262812  -  Run Bytes Received By Job
	52495  -  Total Bytes Sent By Job
	55262812  -  Total Bytes Received By Job
	Partitionable Resources :     Usage  Request Allocated 
	   Cpus                 :      1.00        3         3 
	   Disk (KB)            : 182674       75000    283692 
	   Memory (MB)          :    290        6000      6000 

	Job terminated of its own accord at 2021-07-20T00:51:46Z.
...
