000 (2536881.102.000) 07/22 03:18:13 Job submitted from host: <188.185.70.244:9618?addrs=188.185.70.244-9618+[2001-1458-d00-7--100-2ee]-9618&alias=bigbird10.cern.ch&noUDP&sock=schedd_2037_ca81>
...
040 (2536881.102.000) 07/22 03:34:54 Started transferring input files
	Transferring to host: <128.142.83.124:9618?addrs=128.142.83.124-9618+[2001-1458-301-f5--100-be]-9618&alias=b7s13n5399.cern.ch&noUDP&sock=slot1_8_32618_14e7_123065>
...
040 (2536881.102.000) 07/22 03:34:55 Finished transferring input files
...
001 (2536881.102.000) 07/22 03:34:55 Job executing on host: <128.142.83.124:9618?addrs=128.142.83.124-9618+[2001-1458-301-f5--100-be]-9618&alias=b7s13n5399.cern.ch&noUDP&sock=startd_16517_dddc>
...
006 (2536881.102.000) 07/22 03:35:04 Image size of job updated: 114920
	71  -  MemoryUsage of job (MB)
	72212  -  ResidentSetSize of job (KB)
...
006 (2536881.102.000) 07/22 03:40:05 Image size of job updated: 636276
	209  -  MemoryUsage of job (MB)
	213752  -  ResidentSetSize of job (KB)
...
006 (2536881.102.000) 07/22 05:20:12 Image size of job updated: 916692
	394  -  MemoryUsage of job (MB)
	403348  -  ResidentSetSize of job (KB)
...
040 (2536881.102.000) 07/22 06:01:00 Started transferring output files
...
040 (2536881.102.000) 07/22 06:01:00 Finished transferring output files
...
005 (2536881.102.000) 07/22 06:01:00 Job terminated.
	(1) Normal termination (return value 0)
		Usr 0 00:46:36, Sys 0 00:00:04  -  Run Remote Usage
		Usr 0 00:00:00, Sys 0 00:00:00  -  Run Local Usage
		Usr 0 00:46:36, Sys 0 00:00:04  -  Total Remote Usage
		Usr 0 00:00:00, Sys 0 00:00:00  -  Total Local Usage
	44948  -  Run Bytes Sent By Job
	55262812  -  Run Bytes Received By Job
	44948  -  Total Bytes Sent By Job
	55262812  -  Total Bytes Received By Job
	Partitionable Resources :     Usage  Request Allocated 
	   Cpus                 :      1.00        3         3 
	   Disk (KB)            : 199303       75000    274473 
	   Memory (MB)          :    394        6000      6000 

	Job terminated of its own accord at 2021-07-22T04:01:00Z.
...
