000 (2521867.075.000) 07/19 07:46:08 Job submitted from host: <188.185.70.244:9618?addrs=188.185.70.244-9618+[2001-1458-d00-7--100-2ee]-9618&alias=bigbird10.cern.ch&noUDP&sock=schedd_2037_ca81>
...
040 (2521867.075.000) 07/19 07:49:08 Started transferring input files
	Transferring to host: <128.142.58.160:9618?addrs=128.142.58.160-9618+[2001-1458-301-16--100-9f]-9618&alias=b7s03p4729.cern.ch&noUDP&sock=slot1_14_6684_3b89_11579>
...
040 (2521867.075.000) 07/19 07:49:09 Finished transferring input files
...
001 (2521867.075.000) 07/19 07:49:09 Job executing on host: <128.142.58.160:9618?addrs=128.142.58.160-9618+[2001-1458-301-16--100-9f]-9618&alias=b7s03p4729.cern.ch&noUDP&sock=startd_6218_9bfa>
...
006 (2521867.075.000) 07/19 07:49:17 Image size of job updated: 526296
	191  -  MemoryUsage of job (MB)
	194772  -  ResidentSetSize of job (KB)
...
006 (2521867.075.000) 07/19 07:54:17 Image size of job updated: 817512
	297  -  MemoryUsage of job (MB)
	303720  -  ResidentSetSize of job (KB)
...
006 (2521867.075.000) 07/19 07:59:18 Image size of job updated: 817948
	298  -  MemoryUsage of job (MB)
	304304  -  ResidentSetSize of job (KB)
...
040 (2521867.075.000) 07/19 08:07:35 Started transferring output files
...
040 (2521867.075.000) 07/19 08:07:35 Finished transferring output files
...
005 (2521867.075.000) 07/19 08:07:35 Job terminated.
	(1) Normal termination (return value 0)
		Usr 0 00:15:52, Sys 0 00:00:02  -  Run Remote Usage
		Usr 0 00:00:00, Sys 0 00:00:00  -  Run Local Usage
		Usr 0 00:15:52, Sys 0 00:00:02  -  Total Remote Usage
		Usr 0 00:00:00, Sys 0 00:00:00  -  Total Local Usage
	50528  -  Run Bytes Sent By Job
	55262812  -  Run Bytes Received By Job
	50528  -  Total Bytes Sent By Job
	55262812  -  Total Bytes Received By Job
	Partitionable Resources :     Usage  Request Allocated 
	   Cpus                 :      1.00        3         3 
	   Disk (KB)            : 184198       75000   1271022 
	   Memory (MB)          :    298        6000      6000 

	Job terminated of its own accord at 2021-07-19T06:07:35Z.
...
