000 (2523366.036.000) 07/19 23:50:30 Job submitted from host: <188.185.70.244:9618?addrs=188.185.70.244-9618+[2001-1458-d00-7--100-2ee]-9618&alias=bigbird10.cern.ch&noUDP&sock=schedd_2037_ca81>
...
040 (2523366.036.000) 07/20 00:02:30 Started transferring input files
	Transferring to host: <128.142.84.12:9618?addrs=128.142.84.12-9618+[2001-1458-301-f6--100-159]-9618&alias=b7s14n8427.cern.ch&noUDP&sock=slot1_7_5974_f92c_72407>
...
040 (2523366.036.000) 07/20 00:02:31 Finished transferring input files
...
001 (2523366.036.000) 07/20 00:02:31 Job executing on host: <128.142.84.12:9618?addrs=128.142.84.12-9618+[2001-1458-301-f6--100-159]-9618&alias=b7s14n8427.cern.ch&noUDP&sock=startd_4775_d4d0>
...
006 (2523366.036.000) 07/20 00:02:40 Image size of job updated: 49180
	28  -  MemoryUsage of job (MB)
	28084  -  ResidentSetSize of job (KB)
...
006 (2523366.036.000) 07/20 00:07:40 Image size of job updated: 636076
	209  -  MemoryUsage of job (MB)
	213568  -  ResidentSetSize of job (KB)
...
006 (2523366.036.000) 07/20 00:12:40 Image size of job updated: 814920
	294  -  MemoryUsage of job (MB)
	300832  -  ResidentSetSize of job (KB)
...
006 (2523366.036.000) 07/20 00:27:41 Image size of job updated: 815404
	295  -  MemoryUsage of job (MB)
	301360  -  ResidentSetSize of job (KB)
...
040 (2523366.036.000) 07/20 00:32:02 Started transferring output files
...
040 (2523366.036.000) 07/20 00:32:02 Finished transferring output files
...
005 (2523366.036.000) 07/20 00:32:03 Job terminated.
	(1) Normal termination (return value 0)
		Usr 0 00:24:59, Sys 0 00:00:03  -  Run Remote Usage
		Usr 0 00:00:00, Sys 0 00:00:00  -  Run Local Usage
		Usr 0 00:24:59, Sys 0 00:00:03  -  Total Remote Usage
		Usr 0 00:00:00, Sys 0 00:00:00  -  Total Local Usage
	53504  -  Run Bytes Sent By Job
	55262812  -  Run Bytes Received By Job
	53504  -  Total Bytes Sent By Job
	55262812  -  Total Bytes Received By Job
	Partitionable Resources :     Usage  Request Allocated 
	   Cpus                 :      0.99        3         3 
	   Disk (KB)            : 182917       75000    278735 
	   Memory (MB)          :    295        6000      6000 

	Job terminated of its own accord at 2021-07-19T22:32:02Z.
...
