000 (2524617.149.000) 07/20 01:52:27 Job submitted from host: <188.185.70.244:9618?addrs=188.185.70.244-9618+[2001-1458-d00-7--100-2ee]-9618&alias=bigbird10.cern.ch&noUDP&sock=schedd_2037_ca81>
...
040 (2524617.149.000) 07/20 02:01:02 Started transferring input files
	Transferring to host: <128.142.72.40:9618?addrs=128.142.72.40-9618+[2001-1458-301-75--100-22]-9618&alias=b7s11n1312.cern.ch&noUDP&sock=slot1_2_23140_f926_24545>
...
040 (2524617.149.000) 07/20 02:01:03 Finished transferring input files
...
001 (2524617.149.000) 07/20 02:01:03 Job executing on host: <128.142.72.40:9618?addrs=128.142.72.40-9618+[2001-1458-301-75--100-22]-9618&alias=b7s11n1312.cern.ch&noUDP&sock=startd_3829_f438>
...
006 (2524617.149.000) 07/20 02:01:12 Image size of job updated: 12916
	4  -  MemoryUsage of job (MB)
	3684  -  ResidentSetSize of job (KB)
...
006 (2524617.149.000) 07/20 02:06:13 Image size of job updated: 816680
	293  -  MemoryUsage of job (MB)
	299260  -  ResidentSetSize of job (KB)
...
006 (2524617.149.000) 07/20 02:21:14 Image size of job updated: 817172
	293  -  MemoryUsage of job (MB)
	299864  -  ResidentSetSize of job (KB)
...
040 (2524617.149.000) 07/20 02:24:41 Started transferring output files
...
040 (2524617.149.000) 07/20 02:24:41 Finished transferring output files
...
005 (2524617.149.000) 07/20 02:24:42 Job terminated.
	(1) Normal termination (return value 0)
		Usr 0 00:20:02, Sys 0 00:00:03  -  Run Remote Usage
		Usr 0 00:00:00, Sys 0 00:00:00  -  Run Local Usage
		Usr 0 00:20:02, Sys 0 00:00:03  -  Total Remote Usage
		Usr 0 00:00:00, Sys 0 00:00:00  -  Total Local Usage
	49311  -  Run Bytes Sent By Job
	55262812  -  Run Bytes Received By Job
	49311  -  Total Bytes Sent By Job
	55262812  -  Total Bytes Received By Job
	Partitionable Resources :     Usage  Request Allocated 
	   Cpus                 :      1.00        3         3 
	   Disk (KB)            : 184100       75000    283653 
	   Memory (MB)          :    293        6000      6000 

	Job terminated of its own accord at 2021-07-20T00:24:41Z.
...
