000 (2524871.088.000) 07/20 04:35:08 Job submitted from host: <188.185.70.244:9618?addrs=188.185.70.244-9618+[2001-1458-d00-7--100-2ee]-9618&alias=bigbird10.cern.ch&noUDP&sock=schedd_2037_ca81>
...
040 (2524871.088.000) 07/20 05:11:29 Started transferring input files
	Transferring to host: <128.142.59.59:9618?addrs=128.142.59.59-9618+[2001-1458-301-21--100-3a]-9618&alias=b7s04p1125.cern.ch&noUDP&sock=slot1_11_6756_f68c_10606>
...
040 (2524871.088.000) 07/20 05:11:29 Finished transferring input files
...
001 (2524871.088.000) 07/20 05:11:29 Job executing on host: <128.142.59.59:9618?addrs=128.142.59.59-9618+[2001-1458-301-21--100-3a]-9618&alias=b7s04p1125.cern.ch&noUDP&sock=startd_6300_dabe>
...
006 (2524871.088.000) 07/20 05:11:39 Image size of job updated: 228268
	151  -  MemoryUsage of job (MB)
	154168  -  ResidentSetSize of job (KB)
...
006 (2524871.088.000) 07/20 05:16:39 Image size of job updated: 625712
	200  -  MemoryUsage of job (MB)
	204708  -  ResidentSetSize of job (KB)
...
006 (2524871.088.000) 07/20 05:21:39 Image size of job updated: 789440
	267  -  MemoryUsage of job (MB)
	272508  -  ResidentSetSize of job (KB)
...
040 (2524871.088.000) 07/20 05:23:36 Started transferring output files
...
040 (2524871.088.000) 07/20 05:23:36 Finished transferring output files
...
005 (2524871.088.000) 07/20 05:23:36 Job terminated.
	(1) Normal termination (return value 0)
		Usr 0 00:06:57, Sys 0 00:00:02  -  Run Remote Usage
		Usr 0 00:00:00, Sys 0 00:00:00  -  Run Local Usage
		Usr 0 00:06:57, Sys 0 00:00:02  -  Total Remote Usage
		Usr 0 00:00:00, Sys 0 00:00:00  -  Total Local Usage
	48449  -  Run Bytes Sent By Job
	55262812  -  Run Bytes Received By Job
	48449  -  Total Bytes Sent By Job
	55262812  -  Total Bytes Received By Job
	Partitionable Resources :     Usage  Request Allocated 
	   Cpus                 :      0.11        3         3 
	   Disk (KB)            : 179096       75000   1235381 
	   Memory (MB)          :    267        6000      6000 

	Job terminated of its own accord at 2021-07-20T03:23:36Z.
...
