000 (2536881.210.000) 07/22 03:18:13 Job submitted from host: <188.185.70.244:9618?addrs=188.185.70.244-9618+[2001-1458-d00-7--100-2ee]-9618&alias=bigbird10.cern.ch&noUDP&sock=schedd_2037_ca81>
...
040 (2536881.210.000) 07/22 04:05:33 Started transferring input files
	Transferring to host: <128.142.57.147:9618?addrs=128.142.57.147-9618+[2001-1458-301-7--100-92]-9618&alias=b7s02p5602.cern.ch&noUDP&sock=slot1_9_6689_c169_18013>
...
040 (2536881.210.000) 07/22 04:05:33 Finished transferring input files
...
001 (2536881.210.000) 07/22 04:05:34 Job executing on host: <128.142.57.147:9618?addrs=128.142.57.147-9618+[2001-1458-301-7--100-92]-9618&alias=b7s02p5602.cern.ch&noUDP&sock=startd_6227_c854>
...
006 (2536881.210.000) 07/22 04:05:42 Image size of job updated: 283284
	165  -  MemoryUsage of job (MB)
	168960  -  ResidentSetSize of job (KB)
...
006 (2536881.210.000) 07/22 04:10:42 Image size of job updated: 825324
	302  -  MemoryUsage of job (MB)
	308632  -  ResidentSetSize of job (KB)
...
006 (2536881.210.000) 07/22 04:24:21 Image size of job updated: 825820
	302  -  MemoryUsage of job (MB)
	308632  -  ResidentSetSize of job (KB)
...
040 (2536881.210.000) 07/22 04:24:21 Started transferring output files
...
040 (2536881.210.000) 07/22 04:24:21 Finished transferring output files
...
005 (2536881.210.000) 07/22 04:24:21 Job terminated.
	(1) Normal termination (return value 0)
		Usr 0 00:18:26, Sys 0 00:00:02  -  Run Remote Usage
		Usr 0 00:00:00, Sys 0 00:00:00  -  Run Local Usage
		Usr 0 00:18:26, Sys 0 00:00:02  -  Total Remote Usage
		Usr 0 00:00:00, Sys 0 00:00:00  -  Total Local Usage
	44928  -  Run Bytes Sent By Job
	55262812  -  Run Bytes Received By Job
	44928  -  Total Bytes Sent By Job
	55262812  -  Total Bytes Received By Job
	Partitionable Resources :     Usage  Request Allocated 
	   Cpus                 :      1.00        3         3 
	   Disk (KB)            : 185769       75000   1316452 
	   Memory (MB)          :    302        6000      6000 

	Job terminated of its own accord at 2021-07-22T02:24:21Z.
...
