000 (2534572.194.000) 07/21 23:44:26 Job submitted from host: <188.185.70.244:9618?addrs=188.185.70.244-9618+[2001-1458-d00-7--100-2ee]-9618&alias=bigbird10.cern.ch&noUDP&sock=schedd_2037_ca81>
...
040 (2534572.194.000) 07/21 23:50:56 Started transferring input files
	Transferring to host: <128.142.57.41:9618?addrs=128.142.57.41-9618+[2001-1458-301-7--100-28]-9618&alias=b7s02p5399.cern.ch&noUDP&sock=slot1_1_6733_c1eb_18241>
...
040 (2534572.194.000) 07/21 23:50:57 Finished transferring input files
...
001 (2534572.194.000) 07/21 23:50:57 Job executing on host: <128.142.57.41:9618?addrs=128.142.57.41-9618+[2001-1458-301-7--100-28]-9618&alias=b7s02p5399.cern.ch&noUDP&sock=startd_6266_8885>
...
006 (2534572.194.000) 07/21 23:51:06 Image size of job updated: 213736
	138  -  MemoryUsage of job (MB)
	140836  -  ResidentSetSize of job (KB)
...
006 (2534572.194.000) 07/21 23:56:07 Image size of job updated: 632516
	206  -  MemoryUsage of job (MB)
	210188  -  ResidentSetSize of job (KB)
...
006 (2534572.194.000) 07/22 00:51:12 Image size of job updated: 820052
	300  -  MemoryUsage of job (MB)
	306184  -  ResidentSetSize of job (KB)
...
006 (2534572.194.000) 07/22 01:06:10 Image size of job updated: 820488
	300  -  MemoryUsage of job (MB)
	306184  -  ResidentSetSize of job (KB)
...
040 (2534572.194.000) 07/22 01:06:10 Started transferring output files
...
040 (2534572.194.000) 07/22 01:06:10 Finished transferring output files
...
005 (2534572.194.000) 07/22 01:06:10 Job terminated.
	(1) Normal termination (return value 0)
		Usr 0 00:17:09, Sys 0 00:00:02  -  Run Remote Usage
		Usr 0 00:00:00, Sys 0 00:00:00  -  Run Local Usage
		Usr 0 00:17:09, Sys 0 00:00:02  -  Total Remote Usage
		Usr 0 00:00:00, Sys 0 00:00:00  -  Total Local Usage
	43483  -  Run Bytes Sent By Job
	55262812  -  Run Bytes Received By Job
	43483  -  Total Bytes Sent By Job
	55262812  -  Total Bytes Received By Job
	Partitionable Resources :     Usage  Request Allocated 
	   Cpus                 :      1.00        3         3 
	   Disk (KB)            : 184683       75000   1285484 
	   Memory (MB)          :    300        6000      6000 

	Job terminated of its own accord at 2021-07-21T23:06:10Z.
...
