000 (2521876.129.000) 07/19 08:46:26 Job submitted from host: <188.185.70.244:9618?addrs=188.185.70.244-9618+[2001-1458-d00-7--100-2ee]-9618&alias=bigbird10.cern.ch&noUDP&sock=schedd_2037_ca81>
...
040 (2521876.129.000) 07/19 10:33:26 Started transferring input files
	Transferring to host: <128.142.75.61:9618?addrs=128.142.75.61-9618+[2001-1458-301-75--100-2a9]-9618&alias=b7s11n5216.cern.ch&noUDP&sock=slot1_1_513_346e_115208>
...
040 (2521876.129.000) 07/19 10:33:27 Finished transferring input files
...
001 (2521876.129.000) 07/19 10:33:27 Job executing on host: <128.142.75.61:9618?addrs=128.142.75.61-9618+[2001-1458-301-75--100-2a9]-9618&alias=b7s11n5216.cern.ch&noUDP&sock=startd_16457_b62e>
...
006 (2521876.129.000) 07/19 10:33:35 Image size of job updated: 1062344
	118  -  MemoryUsage of job (MB)
	120616  -  ResidentSetSize of job (KB)
...
006 (2521876.129.000) 07/19 10:38:35 Image size of job updated: 1062344
	294  -  MemoryUsage of job (MB)
	300696  -  ResidentSetSize of job (KB)
...
006 (2521876.129.000) 07/19 10:53:37 Image size of job updated: 1062344
	295  -  MemoryUsage of job (MB)
	301372  -  ResidentSetSize of job (KB)
...
040 (2521876.129.000) 07/19 10:56:03 Started transferring output files
...
040 (2521876.129.000) 07/19 10:56:03 Finished transferring output files
...
005 (2521876.129.000) 07/19 10:56:03 Job terminated.
	(1) Normal termination (return value 0)
		Usr 0 00:22:07, Sys 0 00:00:03  -  Run Remote Usage
		Usr 0 00:00:00, Sys 0 00:00:00  -  Run Local Usage
		Usr 0 00:22:07, Sys 0 00:00:03  -  Total Remote Usage
		Usr 0 00:00:00, Sys 0 00:00:00  -  Total Local Usage
	48918  -  Run Bytes Sent By Job
	55262812  -  Run Bytes Received By Job
	48918  -  Total Bytes Sent By Job
	55262812  -  Total Bytes Received By Job
	Partitionable Resources :     Usage  Request Allocated 
	   Cpus                 :      1.00        3         3 
	   Disk (KB)            : 183632       75000    266544 
	   Memory (MB)          :    295        6000      6000 

	Job terminated of its own accord at 2021-07-19T08:56:03Z.
...
