000 (2521842.211.000) 07/19 05:55:56 Job submitted from host: <188.185.70.244:9618?addrs=188.185.70.244-9618+[2001-1458-d00-7--100-2ee]-9618&alias=bigbird10.cern.ch&noUDP&sock=schedd_2037_ca81>
...
040 (2521842.211.000) 07/19 06:04:02 Started transferring input files
	Transferring to host: <188.184.196.134:9618?addrs=188.184.196.134-9618+[2001-1458-301-102--100-6e]-9618&alias=b7g24n0231.cern.ch&noUDP&sock=slot1_5_3092_57f7_75000>
...
040 (2521842.211.000) 07/19 06:04:03 Finished transferring input files
...
001 (2521842.211.000) 07/19 06:04:03 Job executing on host: <188.184.196.134:9618?addrs=188.184.196.134-9618+[2001-1458-301-102--100-6e]-9618&alias=b7g24n0231.cern.ch&noUDP&sock=startd_2814_bf98>
...
006 (2521842.211.000) 07/19 06:04:12 Image size of job updated: 288736
	63  -  MemoryUsage of job (MB)
	64024  -  ResidentSetSize of job (KB)
...
006 (2521842.211.000) 07/19 06:09:14 Image size of job updated: 626940
	202  -  MemoryUsage of job (MB)
	206116  -  ResidentSetSize of job (KB)
...
006 (2521842.211.000) 07/19 06:29:16 Image size of job updated: 826300
	303  -  MemoryUsage of job (MB)
	309620  -  ResidentSetSize of job (KB)
...
006 (2521842.211.000) 07/19 06:44:17 Image size of job updated: 826968
	304  -  MemoryUsage of job (MB)
	310292  -  ResidentSetSize of job (KB)
...
040 (2521842.211.000) 07/19 06:55:08 Started transferring output files
...
040 (2521842.211.000) 07/19 06:55:08 Finished transferring output files
...
005 (2521842.211.000) 07/19 06:55:08 Job terminated.
	(1) Normal termination (return value 0)
		Usr 0 00:26:48, Sys 0 00:00:04  -  Run Remote Usage
		Usr 0 00:00:00, Sys 0 00:00:00  -  Run Local Usage
		Usr 0 00:26:48, Sys 0 00:00:04  -  Total Remote Usage
		Usr 0 00:00:00, Sys 0 00:00:00  -  Total Local Usage
	50301  -  Run Bytes Sent By Job
	55262812  -  Run Bytes Received By Job
	50301  -  Total Bytes Sent By Job
	55262812  -  Total Bytes Received By Job
	Partitionable Resources :     Usage  Request Allocated 
	   Cpus                 :      0.99        3         3 
	   Disk (KB)            : 185936       75000    307301 
	   Memory (MB)          :    304        6000      6000 

	Job terminated of its own accord at 2021-07-19T04:55:08Z.
...
