000 (2524871.219.000) 07/20 04:35:08 Job submitted from host: <188.185.70.244:9618?addrs=188.185.70.244-9618+[2001-1458-d00-7--100-2ee]-9618&alias=bigbird10.cern.ch&noUDP&sock=schedd_2037_ca81>
...
040 (2524871.219.000) 07/20 05:31:01 Started transferring input files
	Transferring to host: <128.142.57.114:9618?addrs=128.142.57.114-9618+[2001-1458-301-7--100-71]-9618&alias=b7s02p1424.cern.ch&noUDP&sock=slot1_37_6375_839c_13192>
...
040 (2524871.219.000) 07/20 05:31:02 Finished transferring input files
...
001 (2524871.219.000) 07/20 05:31:02 Job executing on host: <128.142.57.114:9618?addrs=128.142.57.114-9618+[2001-1458-301-7--100-71]-9618&alias=b7s02p1424.cern.ch&noUDP&sock=startd_6140_1b97>
...
006 (2524871.219.000) 07/20 05:31:11 Image size of job updated: 612936
	201  -  MemoryUsage of job (MB)
	205248  -  ResidentSetSize of job (KB)
...
006 (2524871.219.000) 07/20 05:36:12 Image size of job updated: 820376
	297  -  MemoryUsage of job (MB)
	303328  -  ResidentSetSize of job (KB)
...
006 (2524871.219.000) 07/20 05:41:13 Image size of job updated: 821064
	297  -  MemoryUsage of job (MB)
	303988  -  ResidentSetSize of job (KB)
...
040 (2524871.219.000) 07/20 05:49:59 Started transferring output files
...
040 (2524871.219.000) 07/20 05:49:59 Finished transferring output files
...
005 (2524871.219.000) 07/20 05:49:59 Job terminated.
	(1) Normal termination (return value 0)
		Usr 0 00:18:39, Sys 0 00:00:02  -  Run Remote Usage
		Usr 0 00:00:00, Sys 0 00:00:00  -  Run Local Usage
		Usr 0 00:18:39, Sys 0 00:00:02  -  Total Remote Usage
		Usr 0 00:00:00, Sys 0 00:00:00  -  Total Local Usage
	49223  -  Run Bytes Sent By Job
	55262812  -  Run Bytes Received By Job
	49223  -  Total Bytes Sent By Job
	55262812  -  Total Bytes Received By Job
	Partitionable Resources :     Usage  Request Allocated 
	   Cpus                 :      1.00        3         3 
	   Disk (KB)            : 184788       75000   1188074 
	   Memory (MB)          :    297        6000      6000 

	Job terminated of its own accord at 2021-07-20T03:49:59Z.
...
