000 (2521842.055.000) 07/19 05:55:55 Job submitted from host: <188.185.70.244:9618?addrs=188.185.70.244-9618+[2001-1458-d00-7--100-2ee]-9618&alias=bigbird10.cern.ch&noUDP&sock=schedd_2037_ca81>
...
040 (2521842.055.000) 07/19 06:01:10 Started transferring input files
	Transferring to host: <188.184.183.249:9618?addrs=188.184.183.249-9618&alias=b7g41n9931.cern.ch&noUDP&sock=slot1_6_5760_30e3_64969>
...
040 (2521842.055.000) 07/19 06:01:11 Finished transferring input files
...
001 (2521842.055.000) 07/19 06:01:11 Job executing on host: <188.184.183.249:9618?addrs=188.184.183.249-9618&alias=b7g41n9931.cern.ch&noUDP&sock=startd_4486_99f1>
...
006 (2521842.055.000) 07/19 06:01:20 Image size of job updated: 174476
	11  -  MemoryUsage of job (MB)
	10396  -  ResidentSetSize of job (KB)
...
006 (2521842.055.000) 07/19 06:06:21 Image size of job updated: 630940
	205  -  MemoryUsage of job (MB)
	209248  -  ResidentSetSize of job (KB)
...
006 (2521842.055.000) 07/19 06:11:21 Image size of job updated: 630940
	205  -  MemoryUsage of job (MB)
	209252  -  ResidentSetSize of job (KB)
...
006 (2521842.055.000) 07/19 06:41:23 Image size of job updated: 800308
	276  -  MemoryUsage of job (MB)
	281900  -  ResidentSetSize of job (KB)
...
006 (2521842.055.000) 07/19 06:51:25 Image size of job updated: 800804
	276  -  MemoryUsage of job (MB)
	282508  -  ResidentSetSize of job (KB)
...
040 (2521842.055.000) 07/19 06:52:04 Started transferring output files
...
040 (2521842.055.000) 07/19 06:52:04 Finished transferring output files
...
005 (2521842.055.000) 07/19 06:52:04 Job terminated.
	(1) Normal termination (return value 0)
		Usr 0 00:15:39, Sys 0 00:00:04  -  Run Remote Usage
		Usr 0 00:00:00, Sys 0 00:00:00  -  Run Local Usage
		Usr 0 00:15:39, Sys 0 00:00:04  -  Total Remote Usage
		Usr 0 00:00:00, Sys 0 00:00:00  -  Total Local Usage
	49373  -  Run Bytes Sent By Job
	55262812  -  Run Bytes Received By Job
	49373  -  Total Bytes Sent By Job
	55262812  -  Total Bytes Received By Job
	Partitionable Resources :     Usage  Request Allocated 
	   Cpus                 :      1.00        3         3 
	   Disk (KB)            : 180445       75000    343877 
	   Memory (MB)          :    276        6000      6000 

	Job terminated of its own accord at 2021-07-19T04:52:04Z.
...
