000 (2522101.085.000) 07/19 11:55:34 Job submitted from host: <188.185.70.244:9618?addrs=188.185.70.244-9618+[2001-1458-d00-7--100-2ee]-9618&alias=bigbird10.cern.ch&noUDP&sock=schedd_2037_ca81>
...
040 (2522101.085.000) 07/19 12:46:41 Started transferring input files
	Transferring to host: <128.142.65.228:9618?addrs=128.142.65.228-9618+[2001-1458-301-4c--100-99]-9618&alias=b7s09n2237.cern.ch&noUDP&sock=slot1_4_16870_30e7_52936>
...
040 (2522101.085.000) 07/19 12:46:42 Finished transferring input files
...
001 (2522101.085.000) 07/19 12:46:42 Job executing on host: <128.142.65.228:9618?addrs=128.142.65.228-9618+[2001-1458-301-4c--100-99]-9618&alias=b7s09n2237.cern.ch&noUDP&sock=startd_16727_e8c0>
...
006 (2522101.085.000) 07/19 12:46:50 Image size of job updated: 47468
	27  -  MemoryUsage of job (MB)
	27640  -  ResidentSetSize of job (KB)
...
006 (2522101.085.000) 07/19 12:51:50 Image size of job updated: 626836
	201  -  MemoryUsage of job (MB)
	205224  -  ResidentSetSize of job (KB)
...
006 (2522101.085.000) 07/19 13:11:53 Image size of job updated: 824860
	301  -  MemoryUsage of job (MB)
	307540  -  ResidentSetSize of job (KB)
...
006 (2522101.085.000) 07/19 13:26:54 Image size of job updated: 825448
	301  -  MemoryUsage of job (MB)
	308104  -  ResidentSetSize of job (KB)
...
040 (2522101.085.000) 07/19 13:34:22 Started transferring output files
...
040 (2522101.085.000) 07/19 13:34:22 Finished transferring output files
...
005 (2522101.085.000) 07/19 13:34:22 Job terminated.
	(1) Normal termination (return value 0)
		Usr 0 00:24:22, Sys 0 00:00:04  -  Run Remote Usage
		Usr 0 00:00:00, Sys 0 00:00:00  -  Run Local Usage
		Usr 0 00:24:22, Sys 0 00:00:04  -  Total Remote Usage
		Usr 0 00:00:00, Sys 0 00:00:00  -  Total Local Usage
	50012  -  Run Bytes Sent By Job
	55262812  -  Run Bytes Received By Job
	50012  -  Total Bytes Sent By Job
	55262812  -  Total Bytes Received By Job
	Partitionable Resources :     Usage  Request Allocated 
	   Cpus                 :      1.00        3         3 
	   Disk (KB)            : 185673       75000   1538391 
	   Memory (MB)          :    301        6000      6000 

	Job terminated of its own accord at 2021-07-19T11:34:22Z.
...
