000 (2522101.011.000) 07/19 11:55:34 Job submitted from host: <188.185.70.244:9618?addrs=188.185.70.244-9618+[2001-1458-d00-7--100-2ee]-9618&alias=bigbird10.cern.ch&noUDP&sock=schedd_2037_ca81>
...
040 (2522101.011.000) 07/19 12:24:36 Started transferring input files
	Transferring to host: <128.142.56.30:9618?addrs=128.142.56.30-9618+[2001-1458-301-6--100-1d]-9618&alias=b7s01p7773.cern.ch&noUDP&sock=slot1_4_6811_b72e_10254>
...
040 (2522101.011.000) 07/19 12:24:37 Finished transferring input files
...
001 (2522101.011.000) 07/19 12:24:37 Job executing on host: <128.142.56.30:9618?addrs=128.142.56.30-9618+[2001-1458-301-6--100-1d]-9618&alias=b7s01p7773.cern.ch&noUDP&sock=startd_6359_52d4>
...
006 (2522101.011.000) 07/19 12:24:46 Image size of job updated: 1067140
	191  -  MemoryUsage of job (MB)
	194796  -  ResidentSetSize of job (KB)
...
006 (2522101.011.000) 07/19 12:29:48 Image size of job updated: 1067140
	297  -  MemoryUsage of job (MB)
	303512  -  ResidentSetSize of job (KB)
...
006 (2522101.011.000) 07/19 12:39:48 Image size of job updated: 1067140
	297  -  MemoryUsage of job (MB)
	304120  -  ResidentSetSize of job (KB)
...
040 (2522101.011.000) 07/19 12:40:29 Started transferring output files
...
040 (2522101.011.000) 07/19 12:40:29 Finished transferring output files
...
005 (2522101.011.000) 07/19 12:40:30 Job terminated.
	(1) Normal termination (return value 0)
		Usr 0 00:15:24, Sys 0 00:00:02  -  Run Remote Usage
		Usr 0 00:00:00, Sys 0 00:00:00  -  Run Local Usage
		Usr 0 00:15:24, Sys 0 00:00:02  -  Total Remote Usage
		Usr 0 00:00:00, Sys 0 00:00:00  -  Total Local Usage
	50084  -  Run Bytes Sent By Job
	55262812  -  Run Bytes Received By Job
	50084  -  Total Bytes Sent By Job
	55262812  -  Total Bytes Received By Job
	Partitionable Resources :     Usage  Request Allocated 
	   Cpus                 :      1.00        3         3 
	   Disk (KB)            : 184172       75000   1290601 
	   Memory (MB)          :    297        6000      6000 

	Job terminated of its own accord at 2021-07-19T10:40:29Z.
...
