000 (2556082.006.000) 07/27 11:07:46 Job submitted from host: <188.185.70.244:9618?addrs=188.185.70.244-9618+[2001-1458-d00-7--100-2ee]-9618&alias=bigbird10.cern.ch&noUDP&sock=schedd_2037_ca81>
...
040 (2556082.006.000) 07/27 11:38:30 Started transferring input files
	Transferring to host: <188.184.186.129:9618?addrs=188.184.186.129-9618+[2001-1458-301-f8--100-69]-9618&alias=b7g28n0294.cern.ch&noUDP&sock=slot1_4_5258_7c8f_69549>
...
040 (2556082.006.000) 07/27 11:38:31 Finished transferring input files
...
001 (2556082.006.000) 07/27 11:38:31 Job executing on host: <188.184.186.129:9618?addrs=188.184.186.129-9618+[2001-1458-301-f8--100-69]-9618&alias=b7g28n0294.cern.ch&noUDP&sock=startd_4087_eba8>
...
006 (2556082.006.000) 07/27 11:38:41 Image size of job updated: 19368
	4  -  MemoryUsage of job (MB)
	3680  -  ResidentSetSize of job (KB)
...
006 (2556082.006.000) 07/27 11:43:41 Image size of job updated: 632504
	206  -  MemoryUsage of job (MB)
	210212  -  ResidentSetSize of job (KB)
...
006 (2556082.006.000) 07/27 11:53:42 Image size of job updated: 803636
	284  -  MemoryUsage of job (MB)
	289960  -  ResidentSetSize of job (KB)
...
006 (2556082.006.000) 07/27 12:13:16 Image size of job updated: 806068
	284  -  MemoryUsage of job (MB)
	289960  -  ResidentSetSize of job (KB)
...
040 (2556082.006.000) 07/27 12:13:16 Started transferring output files
...
040 (2556082.006.000) 07/27 12:13:16 Finished transferring output files
...
005 (2556082.006.000) 07/27 12:13:17 Job terminated.
	(1) Normal termination (return value 0)
		Usr 0 00:23:48, Sys 0 00:00:05  -  Run Remote Usage
		Usr 0 00:00:00, Sys 0 00:00:00  -  Run Local Usage
		Usr 0 00:23:48, Sys 0 00:00:05  -  Total Remote Usage
		Usr 0 00:00:00, Sys 0 00:00:00  -  Total Local Usage
	40717  -  Run Bytes Sent By Job
	55262880  -  Run Bytes Received By Job
	40717  -  Total Bytes Sent By Job
	55262880  -  Total Bytes Received By Job
	Partitionable Resources :     Usage  Request Allocated 
	   Cpus                 :      0.99        3         3 
	   Disk (KB)            : 184774       75000    208225 
	   Memory (MB)          :    284        6000      6000 

	Job terminated of its own accord at 2021-07-27T10:13:16Z.
...
