000 (2556080.009.000) 07/27 11:07:01 Job submitted from host: <188.185.70.244:9618?addrs=188.185.70.244-9618+[2001-1458-d00-7--100-2ee]-9618&alias=bigbird10.cern.ch&noUDP&sock=schedd_2037_ca81>
...
040 (2556080.009.000) 07/27 11:36:38 Started transferring input files
	Transferring to host: <128.142.56.153:9618?addrs=128.142.56.153-9618+[2001-1458-301-6--100-98]-9618&alias=b7s01p5892.cern.ch&noUDP&sock=slot1_6_45687_5fdb_21472>
...
040 (2556080.009.000) 07/27 11:36:39 Finished transferring input files
...
001 (2556080.009.000) 07/27 11:36:39 Job executing on host: <128.142.56.153:9618?addrs=128.142.56.153-9618+[2001-1458-301-6--100-98]-9618&alias=b7s01p5892.cern.ch&noUDP&sock=startd_41586_1d91>
...
006 (2556080.009.000) 07/27 11:36:48 Image size of job updated: 558388
	188  -  MemoryUsage of job (MB)
	191816  -  ResidentSetSize of job (KB)
...
006 (2556080.009.000) 07/27 11:41:49 Image size of job updated: 631392
	205  -  MemoryUsage of job (MB)
	209620  -  ResidentSetSize of job (KB)
...
006 (2556080.009.000) 07/27 11:51:49 Image size of job updated: 798984
	279  -  MemoryUsage of job (MB)
	285476  -  ResidentSetSize of job (KB)
...
006 (2556080.009.000) 07/27 11:56:50 Image size of job updated: 800608
	281  -  MemoryUsage of job (MB)
	287344  -  ResidentSetSize of job (KB)
...
040 (2556080.009.000) 07/27 11:57:50 Started transferring output files
...
040 (2556080.009.000) 07/27 11:57:50 Finished transferring output files
...
005 (2556080.009.000) 07/27 11:57:50 Job terminated.
	(1) Normal termination (return value 0)
		Usr 0 00:10:28, Sys 0 00:00:02  -  Run Remote Usage
		Usr 0 00:00:00, Sys 0 00:00:00  -  Run Local Usage
		Usr 0 00:10:28, Sys 0 00:00:02  -  Total Remote Usage
		Usr 0 00:00:00, Sys 0 00:00:00  -  Total Local Usage
	44888  -  Run Bytes Sent By Job
	55262880  -  Run Bytes Received By Job
	44888  -  Total Bytes Sent By Job
	55262880  -  Total Bytes Received By Job
	Partitionable Resources :     Usage  Request Allocated 
	   Cpus                 :      1.00        3         3 
	   Disk (KB)            : 184423       75000   1193721 
	   Memory (MB)          :    281        6000      6000 

	Job terminated of its own accord at 2021-07-27T09:57:50Z.
...
