000 (2521876.112.000) 07/19 08:46:26 Job submitted from host: <188.185.70.244:9618?addrs=188.185.70.244-9618+[2001-1458-d00-7--100-2ee]-9618&alias=bigbird10.cern.ch&noUDP&sock=schedd_2037_ca81>
...
040 (2521876.112.000) 07/19 10:17:34 Started transferring input files
	Transferring to host: <128.142.57.16:9618?addrs=128.142.57.16-9618+[2001-1458-301-7--100-f]-9618&alias=b7s02p1761.cern.ch&noUDP&sock=slot1_10_6527_9ca2_12654>
...
040 (2521876.112.000) 07/19 10:17:35 Finished transferring input files
...
001 (2521876.112.000) 07/19 10:17:35 Job executing on host: <128.142.57.16:9618?addrs=128.142.57.16-9618+[2001-1458-301-7--100-f]-9618&alias=b7s02p1761.cern.ch&noUDP&sock=startd_6062_9b33>
...
006 (2521876.112.000) 07/19 10:17:44 Image size of job updated: 400432
	70  -  MemoryUsage of job (MB)
	70832  -  ResidentSetSize of job (KB)
...
006 (2521876.112.000) 07/19 10:22:46 Image size of job updated: 860792
	336  -  MemoryUsage of job (MB)
	343420  -  ResidentSetSize of job (KB)
...
040 (2521876.112.000) 07/19 10:48:20 Started transferring output files
...
040 (2521876.112.000) 07/19 10:48:20 Finished transferring output files
...
005 (2521876.112.000) 07/19 10:48:21 Job terminated.
	(1) Normal termination (return value 0)
		Usr 0 00:29:28, Sys 0 00:00:04  -  Run Remote Usage
		Usr 0 00:00:00, Sys 0 00:00:00  -  Run Local Usage
		Usr 0 00:29:28, Sys 0 00:00:04  -  Total Remote Usage
		Usr 0 00:00:00, Sys 0 00:00:00  -  Total Local Usage
	51989  -  Run Bytes Sent By Job
	55262812  -  Run Bytes Received By Job
	51989  -  Total Bytes Sent By Job
	55262812  -  Total Bytes Received By Job
	Partitionable Resources :     Usage  Request Allocated 
	   Cpus                 :      1.00        3         3 
	   Disk (KB)            : 189200       75000   1219430 
	   Memory (MB)          :    336        6000      6000 

	Job terminated of its own accord at 2021-07-19T08:48:20Z.
...
