000 (2557146.017.000) 07/28 14:20:13 Job submitted from host: <188.185.70.244:9618?addrs=188.185.70.244-9618+[2001-1458-d00-7--100-2ee]-9618&alias=bigbird10.cern.ch&noUDP&sock=schedd_2037_ca81>
...
040 (2557146.017.000) 07/28 15:40:12 Started transferring input files
	Transferring to host: <128.142.83.226:9618?addrs=128.142.83.226-9618+[2001-1458-301-f5--100-2f9]-9618&alias=b7s13n5175.cern.ch&noUDP&sock=slot1_8_4476_7f2f_74001>
...
040 (2557146.017.000) 07/28 15:40:13 Finished transferring input files
...
001 (2557146.017.000) 07/28 15:40:13 Job executing on host: <128.142.83.226:9618?addrs=128.142.83.226-9618+[2001-1458-301-f5--100-2f9]-9618&alias=b7s13n5175.cern.ch&noUDP&sock=startd_3721_dffe>
...
006 (2557146.017.000) 07/28 15:40:23 Image size of job updated: 419148
	137  -  MemoryUsage of job (MB)
	139584  -  ResidentSetSize of job (KB)
...
006 (2557146.017.000) 07/28 15:45:23 Image size of job updated: 795132
	271  -  MemoryUsage of job (MB)
	277472  -  ResidentSetSize of job (KB)
...
006 (2557146.017.000) 07/28 15:53:02 Image size of job updated: 796756
	271  -  MemoryUsage of job (MB)
	277472  -  ResidentSetSize of job (KB)
...
040 (2557146.017.000) 07/28 15:53:02 Started transferring output files
...
040 (2557146.017.000) 07/28 15:53:02 Finished transferring output files
...
005 (2557146.017.000) 07/28 15:53:02 Job terminated.
	(1) Normal termination (return value 0)
		Usr 0 00:12:40, Sys 0 00:00:02  -  Run Remote Usage
		Usr 0 00:00:00, Sys 0 00:00:00  -  Run Local Usage
		Usr 0 00:12:40, Sys 0 00:00:02  -  Total Remote Usage
		Usr 0 00:00:00, Sys 0 00:00:00  -  Total Local Usage
	44994  -  Run Bytes Sent By Job
	55262880  -  Run Bytes Received By Job
	44994  -  Total Bytes Sent By Job
	55262880  -  Total Bytes Received By Job
	Partitionable Resources :     Usage  Request Allocated 
	   Cpus                 :      1.00        4         4 
	   Disk (KB)            : 183458       75000    266527 
	   Memory (MB)          :    271        8000      8000 

	Job terminated of its own accord at 2021-07-28T13:53:02Z.
...
