000 (2557146.026.000) 07/28 14:20:13 Job submitted from host: <188.185.70.244:9618?addrs=188.185.70.244-9618+[2001-1458-d00-7--100-2ee]-9618&alias=bigbird10.cern.ch&noUDP&sock=schedd_2037_ca81>
...
040 (2557146.026.000) 07/28 16:15:31 Started transferring input files
	Transferring to host: <128.142.80.75:9618?addrs=128.142.80.75-9618+[2001-1458-301-f5--100-300]-9618&alias=b7s13n8053.cern.ch&noUDP&sock=slot1_1_4704_24b8_68533>
...
040 (2557146.026.000) 07/28 16:15:32 Finished transferring input files
...
001 (2557146.026.000) 07/28 16:15:32 Job executing on host: <128.142.80.75:9618?addrs=128.142.80.75-9618+[2001-1458-301-f5--100-300]-9618&alias=b7s13n8053.cern.ch&noUDP&sock=startd_3861_e740>
...
006 (2557146.026.000) 07/28 16:15:41 Image size of job updated: 127460
	28  -  MemoryUsage of job (MB)
	27748  -  ResidentSetSize of job (KB)
...
006 (2557146.026.000) 07/28 16:20:42 Image size of job updated: 803484
	280  -  MemoryUsage of job (MB)
	286396  -  ResidentSetSize of job (KB)
...
006 (2557146.026.000) 07/28 16:30:42 Image size of job updated: 805104
	282  -  MemoryUsage of job (MB)
	288260  -  ResidentSetSize of job (KB)
...
040 (2557146.026.000) 07/28 16:33:04 Started transferring output files
...
040 (2557146.026.000) 07/28 16:33:04 Finished transferring output files
...
005 (2557146.026.000) 07/28 16:33:04 Job terminated.
	(1) Normal termination (return value 0)
		Usr 0 00:16:51, Sys 0 00:00:02  -  Run Remote Usage
		Usr 0 00:00:00, Sys 0 00:00:00  -  Run Local Usage
		Usr 0 00:16:51, Sys 0 00:00:02  -  Total Remote Usage
		Usr 0 00:00:00, Sys 0 00:00:00  -  Total Local Usage
	44963  -  Run Bytes Sent By Job
	55262880  -  Run Bytes Received By Job
	44963  -  Total Bytes Sent By Job
	55262880  -  Total Bytes Received By Job
	Partitionable Resources :     Usage  Request Allocated 
	   Cpus                 :      1.00        4         4 
	   Disk (KB)            : 185994       75000    277590 
	   Memory (MB)          :    282        8000      8000 

	Job terminated of its own accord at 2021-07-28T14:33:03Z.
...
