000 (2536881.059.000) 07/22 03:18:13 Job submitted from host: <188.185.70.244:9618?addrs=188.185.70.244-9618+[2001-1458-d00-7--100-2ee]-9618&alias=bigbird10.cern.ch&noUDP&sock=schedd_2037_ca81>
...
040 (2536881.059.000) 07/22 03:25:04 Started transferring input files
	Transferring to host: <188.184.212.206:9618?addrs=188.184.212.206-9618+[2001-1458-301-10c--100-d8]-9618&alias=b7g24n0439.cern.ch&noUDP&sock=slot1_2_5538_c59a_65555>
...
040 (2536881.059.000) 07/22 03:25:05 Finished transferring input files
...
001 (2536881.059.000) 07/22 03:25:05 Job executing on host: <188.184.212.206:9618?addrs=188.184.212.206-9618+[2001-1458-301-10c--100-d8]-9618&alias=b7g24n0439.cern.ch&noUDP&sock=startd_4341_24b6>
...
006 (2536881.059.000) 07/22 03:25:14 Image size of job updated: 378304
	9  -  MemoryUsage of job (MB)
	9208  -  ResidentSetSize of job (KB)
...
006 (2536881.059.000) 07/22 03:30:15 Image size of job updated: 630552
	204  -  MemoryUsage of job (MB)
	208876  -  ResidentSetSize of job (KB)
...
006 (2536881.059.000) 07/22 03:35:15 Image size of job updated: 630552
	204  -  MemoryUsage of job (MB)
	208880  -  ResidentSetSize of job (KB)
...
006 (2536881.059.000) 07/22 04:00:19 Image size of job updated: 948472
	421  -  MemoryUsage of job (MB)
	430124  -  ResidentSetSize of job (KB)
...
006 (2536881.059.000) 07/22 05:00:25 Image size of job updated: 949008
	421  -  MemoryUsage of job (MB)
	430720  -  ResidentSetSize of job (KB)
...
040 (2536881.059.000) 07/22 05:10:30 Started transferring output files
...
040 (2536881.059.000) 07/22 05:10:30 Finished transferring output files
...
005 (2536881.059.000) 07/22 05:10:31 Job terminated.
	(1) Normal termination (return value 0)
		Usr 0 01:12:08, Sys 0 00:00:05  -  Run Remote Usage
		Usr 0 00:00:00, Sys 0 00:00:00  -  Run Local Usage
		Usr 0 01:12:08, Sys 0 00:00:05  -  Total Remote Usage
		Usr 0 00:00:00, Sys 0 00:00:00  -  Total Local Usage
	46238  -  Run Bytes Sent By Job
	55262812  -  Run Bytes Received By Job
	46238  -  Total Bytes Sent By Job
	55262812  -  Total Bytes Received By Job
	Partitionable Resources :     Usage  Request Allocated 
	   Cpus                 :      1.00        3         3 
	   Disk (KB)            : 206313       75000    279262 
	   Memory (MB)          :    421        6000      6000 

	Job terminated of its own accord at 2021-07-22T03:10:30Z.
...
