000 (2521867.158.000) 07/19 07:46:08 Job submitted from host: <188.185.70.244:9618?addrs=188.185.70.244-9618+[2001-1458-d00-7--100-2ee]-9618&alias=bigbird10.cern.ch&noUDP&sock=schedd_2037_ca81>
...
040 (2521867.158.000) 07/19 07:49:39 Started transferring input files
	Transferring to host: <128.142.58.82:9618?addrs=128.142.58.82-9618+[2001-1458-301-16--100-51]-9618&alias=b7s03p6442.cern.ch&noUDP&sock=slot1_9_6644_0c87_10776>
...
040 (2521867.158.000) 07/19 07:49:39 Finished transferring input files
...
001 (2521867.158.000) 07/19 07:49:39 Job executing on host: <128.142.58.82:9618?addrs=128.142.58.82-9618+[2001-1458-301-16--100-51]-9618&alias=b7s03p6442.cern.ch&noUDP&sock=startd_6188_0822>
...
006 (2521867.158.000) 07/19 07:49:48 Image size of job updated: 627388
	190  -  MemoryUsage of job (MB)
	193952  -  ResidentSetSize of job (KB)
...
006 (2521867.158.000) 07/19 07:54:48 Image size of job updated: 812404
	289  -  MemoryUsage of job (MB)
	294936  -  ResidentSetSize of job (KB)
...
006 (2521867.158.000) 07/19 08:04:49 Image size of job updated: 812936
	289  -  MemoryUsage of job (MB)
	295604  -  ResidentSetSize of job (KB)
...
040 (2521867.158.000) 07/19 08:05:41 Started transferring output files
...
040 (2521867.158.000) 07/19 08:05:41 Finished transferring output files
...
005 (2521867.158.000) 07/19 08:05:42 Job terminated.
	(1) Normal termination (return value 0)
		Usr 0 00:12:07, Sys 0 00:00:02  -  Run Remote Usage
		Usr 0 00:00:00, Sys 0 00:00:00  -  Run Local Usage
		Usr 0 00:12:07, Sys 0 00:00:02  -  Total Remote Usage
		Usr 0 00:00:00, Sys 0 00:00:00  -  Total Local Usage
	48734  -  Run Bytes Sent By Job
	55262812  -  Run Bytes Received By Job
	48734  -  Total Bytes Sent By Job
	55262812  -  Total Bytes Received By Job
	Partitionable Resources :     Usage  Request Allocated 
	   Cpus                 :      1.00        3         3 
	   Disk (KB)            : 183383       75000   1299826 
	   Memory (MB)          :    289        6000      6000 

	Job terminated of its own accord at 2021-07-19T06:05:41Z.
...
