000 (2521867.157.000) 07/19 07:46:08 Job submitted from host: <188.185.70.244:9618?addrs=188.185.70.244-9618+[2001-1458-d00-7--100-2ee]-9618&alias=bigbird10.cern.ch&noUDP&sock=schedd_2037_ca81>
...
040 (2521867.157.000) 07/19 07:49:38 Started transferring input files
	Transferring to host: <128.142.56.60:9618?addrs=128.142.56.60-9618+[2001-1458-301-6--100-3b]-9618&alias=b7s01p3067.cern.ch&noUDP&sock=slot1_11_56577_5d56_16004>
...
040 (2521867.157.000) 07/19 07:49:39 Finished transferring input files
...
001 (2521867.157.000) 07/19 07:49:39 Job executing on host: <128.142.56.60:9618?addrs=128.142.56.60-9618+[2001-1458-301-6--100-3b]-9618&alias=b7s01p3067.cern.ch&noUDP&sock=startd_56534_333e>
...
006 (2521867.157.000) 07/19 07:49:47 Image size of job updated: 269024
	190  -  MemoryUsage of job (MB)
	193908  -  ResidentSetSize of job (KB)
...
006 (2521867.157.000) 07/19 07:54:47 Image size of job updated: 626840
	201  -  MemoryUsage of job (MB)
	205300  -  ResidentSetSize of job (KB)
...
006 (2521867.157.000) 07/19 07:59:48 Image size of job updated: 824876
	301  -  MemoryUsage of job (MB)
	307384  -  ResidentSetSize of job (KB)
...
006 (2521867.157.000) 07/19 08:09:49 Image size of job updated: 825412
	301  -  MemoryUsage of job (MB)
	308048  -  ResidentSetSize of job (KB)
...
040 (2521867.157.000) 07/19 08:10:52 Started transferring output files
...
040 (2521867.157.000) 07/19 08:10:52 Finished transferring output files
...
005 (2521867.157.000) 07/19 08:10:52 Job terminated.
	(1) Normal termination (return value 0)
		Usr 0 00:16:28, Sys 0 00:00:02  -  Run Remote Usage
		Usr 0 00:00:00, Sys 0 00:00:00  -  Run Local Usage
		Usr 0 00:16:28, Sys 0 00:00:02  -  Total Remote Usage
		Usr 0 00:00:00, Sys 0 00:00:00  -  Total Local Usage
	49540  -  Run Bytes Sent By Job
	55262812  -  Run Bytes Received By Job
	49540  -  Total Bytes Sent By Job
	55262812  -  Total Bytes Received By Job
	Partitionable Resources :     Usage  Request Allocated 
	   Cpus                 :      1.00        3         3 
	   Disk (KB)            : 185655       75000   1314186 
	   Memory (MB)          :    301        6000      6000 

	Job terminated of its own accord at 2021-07-19T06:10:52Z.
...
