000 (2534572.065.000) 07/21 23:44:26 Job submitted from host: <188.185.70.244:9618?addrs=188.185.70.244-9618+[2001-1458-d00-7--100-2ee]-9618&alias=bigbird10.cern.ch&noUDP&sock=schedd_2037_ca81>
...
040 (2534572.065.000) 07/21 23:49:50 Started transferring input files
	Transferring to host: <128.142.56.67:9618?addrs=128.142.56.67-9618&alias=b7s01p2130.cern.ch&noUDP&sock=slot1_12_3462_0ac6_15180>
...
040 (2534572.065.000) 07/21 23:49:51 Finished transferring input files
...
001 (2534572.065.000) 07/21 23:49:51 Job executing on host: <128.142.56.67:9618?addrs=128.142.56.67-9618&alias=b7s01p2130.cern.ch&noUDP&sock=startd_2629_da92>
...
006 (2534572.065.000) 07/21 23:50:00 Image size of job updated: 202812
	129  -  MemoryUsage of job (MB)
	131640  -  ResidentSetSize of job (KB)
...
006 (2534572.065.000) 07/21 23:55:01 Image size of job updated: 631960
	205  -  MemoryUsage of job (MB)
	209688  -  ResidentSetSize of job (KB)
...
006 (2534572.065.000) 07/22 00:10:02 Image size of job updated: 819620
	299  -  MemoryUsage of job (MB)
	305944  -  ResidentSetSize of job (KB)
...
006 (2534572.065.000) 07/22 00:23:21 Image size of job updated: 820224
	299  -  MemoryUsage of job (MB)
	305944  -  ResidentSetSize of job (KB)
...
040 (2534572.065.000) 07/22 00:23:21 Started transferring output files
...
040 (2534572.065.000) 07/22 00:23:21 Finished transferring output files
...
005 (2534572.065.000) 07/22 00:23:21 Job terminated.
	(1) Normal termination (return value 0)
		Usr 0 00:15:32, Sys 0 00:00:03  -  Run Remote Usage
		Usr 0 00:00:00, Sys 0 00:00:00  -  Run Local Usage
		Usr 0 00:15:32, Sys 0 00:00:03  -  Total Remote Usage
		Usr 0 00:00:00, Sys 0 00:00:00  -  Total Local Usage
	43201  -  Run Bytes Sent By Job
	55262812  -  Run Bytes Received By Job
	43201  -  Total Bytes Sent By Job
	55262812  -  Total Bytes Received By Job
	Partitionable Resources :     Usage  Request Allocated 
	   Cpus                 :      1.00        3         3 
	   Disk (KB)            : 184635       75000   1242633 
	   Memory (MB)          :    299        6000      6000 

	Job terminated of its own accord at 2021-07-21T22:23:21Z.
...
