000 (2521876.076.000) 07/19 08:46:26 Job submitted from host: <188.185.70.244:9618?addrs=188.185.70.244-9618+[2001-1458-d00-7--100-2ee]-9618&alias=bigbird10.cern.ch&noUDP&sock=schedd_2037_ca81>
...
040 (2521876.076.000) 07/19 09:52:00 Started transferring input files
	Transferring to host: <128.142.56.125:9618?addrs=128.142.56.125-9618+[2001-1458-301-6--100-7c]-9618&alias=b7s01p8598.cern.ch&noUDP&sock=slot1_9_53376_f874_13060>
...
040 (2521876.076.000) 07/19 09:52:01 Finished transferring input files
...
001 (2521876.076.000) 07/19 09:52:01 Job executing on host: <128.142.56.125:9618?addrs=128.142.56.125-9618+[2001-1458-301-6--100-7c]-9618&alias=b7s01p8598.cern.ch&noUDP&sock=startd_53332_e4fe>
...
006 (2521876.076.000) 07/19 09:52:10 Image size of job updated: 174504
	56  -  MemoryUsage of job (MB)
	57008  -  ResidentSetSize of job (KB)
...
006 (2521876.076.000) 07/19 09:57:11 Image size of job updated: 814344
	294  -  MemoryUsage of job (MB)
	300636  -  ResidentSetSize of job (KB)
...
006 (2521876.076.000) 07/19 10:15:55 Image size of job updated: 814992
	294  -  MemoryUsage of job (MB)
	300636  -  ResidentSetSize of job (KB)
...
040 (2521876.076.000) 07/19 10:15:55 Started transferring output files
...
040 (2521876.076.000) 07/19 10:15:55 Finished transferring output files
...
005 (2521876.076.000) 07/19 10:15:55 Job terminated.
	(1) Normal termination (return value 0)
		Usr 0 00:23:42, Sys 0 00:00:02  -  Run Remote Usage
		Usr 0 00:00:00, Sys 0 00:00:00  -  Run Local Usage
		Usr 0 00:23:42, Sys 0 00:00:02  -  Total Remote Usage
		Usr 0 00:00:00, Sys 0 00:00:00  -  Total Local Usage
	48454  -  Run Bytes Sent By Job
	55262812  -  Run Bytes Received By Job
	48454  -  Total Bytes Sent By Job
	55262812  -  Total Bytes Received By Job
	Partitionable Resources :     Usage  Request Allocated 
	   Cpus                 :      1.00        3         3 
	   Disk (KB)            : 183647       75000   1238129 
	   Memory (MB)          :    294        6000      6000 

	Job terminated of its own accord at 2021-07-19T08:15:55Z.
...
