000 (2556072.005.000) 07/27 10:22:33 Job submitted from host: <188.185.70.244:9618?addrs=188.185.70.244-9618+[2001-1458-d00-7--100-2ee]-9618&alias=bigbird10.cern.ch&noUDP&sock=schedd_2037_ca81>
...
040 (2556072.005.000) 07/27 10:25:25 Started transferring input files
	Transferring to host: <128.142.56.157:9618?addrs=128.142.56.157-9618+[2001-1458-301-6--100-9c]-9618&alias=b7s01p2071.cern.ch&noUDP&sock=slot1_7_4037_2e7d_24929>
...
001 (2556072.005.000) 07/27 10:25:28 Job executing on host: <128.142.56.157:9618?addrs=128.142.56.157-9618+[2001-1458-301-6--100-9c]-9618&alias=b7s01p2071.cern.ch&noUDP&sock=startd_3994_2159>
...
040 (2556072.005.000) 07/27 10:25:28 Finished transferring input files
...
006 (2556072.005.000) 07/27 10:25:37 Image size of job updated: 572548
	179  -  MemoryUsage of job (MB)
	182920  -  ResidentSetSize of job (KB)
...
006 (2556072.005.000) 07/27 10:30:39 Image size of job updated: 792652
	273  -  MemoryUsage of job (MB)
	279244  -  ResidentSetSize of job (KB)
...
006 (2556072.005.000) 07/27 10:35:39 Image size of job updated: 793488
	274  -  MemoryUsage of job (MB)
	280224  -  ResidentSetSize of job (KB)
...
040 (2556072.005.000) 07/27 10:36:43 Started transferring output files
...
040 (2556072.005.000) 07/27 10:36:43 Finished transferring output files
...
005 (2556072.005.000) 07/27 10:36:44 Job terminated.
	(1) Normal termination (return value 0)
		Usr 0 00:10:43, Sys 0 00:00:02  -  Run Remote Usage
		Usr 0 00:00:00, Sys 0 00:00:00  -  Run Local Usage
		Usr 0 00:10:43, Sys 0 00:00:02  -  Total Remote Usage
		Usr 0 00:00:00, Sys 0 00:00:00  -  Total Local Usage
	48557  -  Run Bytes Sent By Job
	55262880  -  Run Bytes Received By Job
	48557  -  Total Bytes Sent By Job
	55262880  -  Total Bytes Received By Job
	Partitionable Resources :     Usage  Request Allocated 
	   Cpus                 :      1.00        3         3 
	   Disk (KB)            : 183640       75000   1255674 
	   Memory (MB)          :    274        6000      6000 

	Job terminated of its own accord at 2021-07-27T08:36:42Z.
...
