000 (2524617.025.000) 07/20 01:52:26 Job submitted from host: <188.185.70.244:9618?addrs=188.185.70.244-9618+[2001-1458-d00-7--100-2ee]-9618&alias=bigbird10.cern.ch&noUDP&sock=schedd_2037_ca81>
...
040 (2524617.025.000) 07/20 01:55:35 Started transferring input files
	Transferring to host: <128.142.58.152:9618?addrs=128.142.58.152-9618+[2001-1458-301-16--100-97]-9618&alias=b7s03p4688.cern.ch&noUDP&sock=slot1_9_6831_ceaf_12132>
...
040 (2524617.025.000) 07/20 01:55:36 Finished transferring input files
...
001 (2524617.025.000) 07/20 01:55:36 Job executing on host: <128.142.58.152:9618?addrs=128.142.58.152-9618+[2001-1458-301-16--100-97]-9618&alias=b7s03p4688.cern.ch&noUDP&sock=startd_6378_5b21>
...
006 (2524617.025.000) 07/20 01:55:45 Image size of job updated: 269048
	190  -  MemoryUsage of job (MB)
	193920  -  ResidentSetSize of job (KB)
...
006 (2524617.025.000) 07/20 02:00:46 Image size of job updated: 626828
	201  -  MemoryUsage of job (MB)
	205304  -  ResidentSetSize of job (KB)
...
006 (2524617.025.000) 07/20 02:05:46 Image size of job updated: 804952
	281  -  MemoryUsage of job (MB)
	287504  -  ResidentSetSize of job (KB)
...
006 (2524617.025.000) 07/20 02:10:46 Image size of job updated: 805392
	282  -  MemoryUsage of job (MB)
	288092  -  ResidentSetSize of job (KB)
...
040 (2524617.025.000) 07/20 02:15:05 Started transferring output files
...
040 (2524617.025.000) 07/20 02:15:05 Finished transferring output files
...
005 (2524617.025.000) 07/20 02:15:05 Job terminated.
	(1) Normal termination (return value 0)
		Usr 0 00:14:19, Sys 0 00:00:02  -  Run Remote Usage
		Usr 0 00:00:00, Sys 0 00:00:00  -  Run Local Usage
		Usr 0 00:14:19, Sys 0 00:00:02  -  Total Remote Usage
		Usr 0 00:00:00, Sys 0 00:00:00  -  Total Local Usage
	51690  -  Run Bytes Sent By Job
	55262812  -  Run Bytes Received By Job
	51690  -  Total Bytes Sent By Job
	55262812  -  Total Bytes Received By Job
	Partitionable Resources :     Usage  Request Allocated 
	   Cpus                 :      1.00        3         3 
	   Disk (KB)            : 181977       75000   1345245 
	   Memory (MB)          :    282        6000      6000 

	Job terminated of its own accord at 2021-07-20T00:15:04Z.
...
