000 (2521668.064.000) 07/19 01:56:56 Job submitted from host: <188.185.70.244:9618?addrs=188.185.70.244-9618+[2001-1458-d00-7--100-2ee]-9618&alias=bigbird10.cern.ch&noUDP&sock=schedd_2037_ca81>
...
040 (2521668.064.000) 07/19 02:02:52 Started transferring input files
	Transferring to host: <128.142.56.68:9618?addrs=128.142.56.68-9618&alias=b7s01p2709.cern.ch&noUDP&sock=slot1_2_3788_bd13_4767>
...
040 (2521668.064.000) 07/19 02:02:52 Finished transferring input files
...
001 (2521668.064.000) 07/19 02:02:52 Job executing on host: <128.142.56.68:9618?addrs=128.142.56.68-9618&alias=b7s01p2709.cern.ch&noUDP&sock=startd_2736_3f35>
...
006 (2521668.064.000) 07/19 02:03:01 Image size of job updated: 555140
	177  -  MemoryUsage of job (MB)
	180972  -  ResidentSetSize of job (KB)
...
006 (2521668.064.000) 07/19 02:08:01 Image size of job updated: 631956
	205  -  MemoryUsage of job (MB)
	209672  -  ResidentSetSize of job (KB)
...
006 (2521668.064.000) 07/19 02:28:02 Image size of job updated: 631956
	205  -  MemoryUsage of job (MB)
	209676  -  ResidentSetSize of job (KB)
...
006 (2521668.064.000) 07/19 02:31:38 Image size of job updated: 767456
	205  -  MemoryUsage of job (MB)
	209676  -  ResidentSetSize of job (KB)
...
040 (2521668.064.000) 07/19 02:31:38 Started transferring output files
...
040 (2521668.064.000) 07/19 02:31:38 Finished transferring output files
...
005 (2521668.064.000) 07/19 02:31:38 Job terminated.
	(1) Normal termination (return value 0)
		Usr 0 00:00:49, Sys 0 00:00:02  -  Run Remote Usage
		Usr 0 00:00:00, Sys 0 00:00:00  -  Run Local Usage
		Usr 0 00:00:49, Sys 0 00:00:02  -  Total Remote Usage
		Usr 0 00:00:00, Sys 0 00:00:00  -  Total Local Usage
	53036  -  Run Bytes Sent By Job
	55262812  -  Run Bytes Received By Job
	53036  -  Total Bytes Sent By Job
	55262812  -  Total Bytes Received By Job
	Partitionable Resources :    Usage  Request Allocated 
	   Cpus                 :        0        3         3 
	   Disk (KB)            :   182658    75000   1274626 
	   Memory (MB)          :      205     6000      6000 

	Job terminated of its own accord at 2021-07-19T00:31:38Z.
...
