000 (2524871.095.000) 07/20 04:35:08 Job submitted from host: <188.185.70.244:9618?addrs=188.185.70.244-9618+[2001-1458-d00-7--100-2ee]-9618&alias=bigbird10.cern.ch&noUDP&sock=schedd_2037_ca81>
...
040 (2524871.095.000) 07/20 05:11:30 Started transferring input files
	Transferring to host: <128.142.56.92:9618?addrs=128.142.56.92-9618+[2001-1458-301-6--100-5b]-9618&alias=b7s01p5391.cern.ch&noUDP&sock=slot1_52_46444_bfda_13865>
...
040 (2524871.095.000) 07/20 05:11:31 Finished transferring input files
...
001 (2524871.095.000) 07/20 05:11:31 Job executing on host: <128.142.56.92:9618?addrs=128.142.56.92-9618+[2001-1458-301-6--100-5b]-9618&alias=b7s01p5391.cern.ch&noUDP&sock=startd_43337_27e6>
...
006 (2524871.095.000) 07/20 05:11:40 Image size of job updated: 465208
	183  -  MemoryUsage of job (MB)
	187388  -  ResidentSetSize of job (KB)
...
006 (2524871.095.000) 07/20 05:16:41 Image size of job updated: 789080
	266  -  MemoryUsage of job (MB)
	271996  -  ResidentSetSize of job (KB)
...
006 (2524871.095.000) 07/20 05:20:22 Image size of job updated: 789576
	266  -  MemoryUsage of job (MB)
	271996  -  ResidentSetSize of job (KB)
...
040 (2524871.095.000) 07/20 05:20:22 Started transferring output files
...
040 (2524871.095.000) 07/20 05:20:22 Finished transferring output files
...
005 (2524871.095.000) 07/20 05:20:22 Job terminated.
	(1) Normal termination (return value 0)
		Usr 0 00:06:26, Sys 0 00:00:02  -  Run Remote Usage
		Usr 0 00:00:00, Sys 0 00:00:00  -  Run Local Usage
		Usr 0 00:06:26, Sys 0 00:00:02  -  Total Remote Usage
		Usr 0 00:00:00, Sys 0 00:00:00  -  Total Local Usage
	48957  -  Run Bytes Sent By Job
	55262812  -  Run Bytes Received By Job
	48957  -  Total Bytes Sent By Job
	55262812  -  Total Bytes Received By Job
	Partitionable Resources :     Usage  Request Allocated 
	   Cpus                 :      1.00        3         3 
	   Disk (KB)            : 179104       75000   1251803 
	   Memory (MB)          :    266        6000      6000 

	Job terminated of its own accord at 2021-07-20T03:20:22Z.
...
