000 (2557077.029.000) 07/28 10:49:38 Job submitted from host: <188.185.70.244:9618?addrs=188.185.70.244-9618+[2001-1458-d00-7--100-2ee]-9618&alias=bigbird10.cern.ch&noUDP&sock=schedd_2037_ca81>
...
040 (2557077.029.000) 07/28 12:28:59 Started transferring input files
	Transferring to host: <128.142.87.150:9618?addrs=128.142.87.150-9618+[2001-1458-301-f6--100-50c]-9618&alias=b7s14n7352.cern.ch&noUDP&sock=slot1_7_20007_7dc7_121645>
...
040 (2557077.029.000) 07/28 12:28:59 Finished transferring input files
...
001 (2557077.029.000) 07/28 12:28:59 Job executing on host: <128.142.87.150:9618?addrs=128.142.87.150-9618+[2001-1458-301-f6--100-50c]-9618&alias=b7s14n7352.cern.ch&noUDP&sock=startd_16641_eb9b>
...
006 (2557077.029.000) 07/28 12:29:08 Image size of job updated: 288720
	5  -  MemoryUsage of job (MB)
	4240  -  ResidentSetSize of job (KB)
...
006 (2557077.029.000) 07/28 12:34:08 Image size of job updated: 789700
	266  -  MemoryUsage of job (MB)
	272256  -  ResidentSetSize of job (KB)
...
006 (2557077.029.000) 07/28 12:39:08 Image size of job updated: 790288
	266  -  MemoryUsage of job (MB)
	272256  -  ResidentSetSize of job (KB)
...
040 (2557077.029.000) 07/28 12:39:08 Started transferring output files
...
040 (2557077.029.000) 07/28 12:39:08 Finished transferring output files
...
005 (2557077.029.000) 07/28 12:39:08 Job terminated.
	(1) Normal termination (return value 0)
		Usr 0 00:09:21, Sys 0 00:00:02  -  Run Remote Usage
		Usr 0 00:00:00, Sys 0 00:00:00  -  Run Local Usage
		Usr 0 00:09:21, Sys 0 00:00:02  -  Total Remote Usage
		Usr 0 00:00:00, Sys 0 00:00:00  -  Total Local Usage
	47455  -  Run Bytes Sent By Job
	55262880  -  Run Bytes Received By Job
	47455  -  Total Bytes Sent By Job
	55262880  -  Total Bytes Received By Job
	Partitionable Resources :    Usage  Request Allocated 
	   Cpus                 :                 5         5 
	   Disk (KB)            :   183450    75000    269282 
	   Memory (MB)          :      266    10000     10000 

	Job terminated of its own accord at 2021-07-28T10:39:08Z.
...
