000 (2557145.015.000) 07/28 14:19:39 Job submitted from host: <188.185.70.244:9618?addrs=188.185.70.244-9618+[2001-1458-d00-7--100-2ee]-9618&alias=bigbird10.cern.ch&noUDP&sock=schedd_2037_ca81>
...
040 (2557145.015.000) 07/28 15:01:47 Started transferring input files
	Transferring to host: <188.184.198.112:9618?addrs=188.184.198.112-9618+[2001-1458-301-c1--100-37e]-9618&alias=b7g52n2480.cern.ch&noUDP&sock=slot1_6_22334_12c5_122851>
...
040 (2557145.015.000) 07/28 15:01:48 Finished transferring input files
...
001 (2557145.015.000) 07/28 15:01:48 Job executing on host: <188.184.198.112:9618?addrs=188.184.198.112-9618+[2001-1458-301-c1--100-37e]-9618&alias=b7g52n2480.cern.ch&noUDP&sock=startd_17834_3817>
...
006 (2557145.015.000) 07/28 15:01:56 Image size of job updated: 451712
	131  -  MemoryUsage of job (MB)
	133992  -  ResidentSetSize of job (KB)
...
006 (2557145.015.000) 07/28 15:06:56 Image size of job updated: 792364
	274  -  MemoryUsage of job (MB)
	279912  -  ResidentSetSize of job (KB)
...
006 (2557145.015.000) 07/28 15:11:57 Image size of job updated: 793196
	274  -  MemoryUsage of job (MB)
	279912  -  ResidentSetSize of job (KB)
...
040 (2557145.015.000) 07/28 15:14:02 Started transferring output files
...
040 (2557145.015.000) 07/28 15:14:02 Finished transferring output files
...
005 (2557145.015.000) 07/28 15:14:02 Job terminated.
	(1) Normal termination (return value 0)
		Usr 0 00:12:03, Sys 0 00:00:02  -  Run Remote Usage
		Usr 0 00:00:00, Sys 0 00:00:00  -  Run Local Usage
		Usr 0 00:12:03, Sys 0 00:00:02  -  Total Remote Usage
		Usr 0 00:00:00, Sys 0 00:00:00  -  Total Local Usage
	48110  -  Run Bytes Sent By Job
	55262880  -  Run Bytes Received By Job
	48110  -  Total Bytes Sent By Job
	55262880  -  Total Bytes Received By Job
	Partitionable Resources :     Usage  Request Allocated 
	   Cpus                 :      1.00        4         4 
	   Disk (KB)            : 183553       75000    270131 
	   Memory (MB)          :    274        8000      8000 

	Job terminated of its own accord at 2021-07-28T13:14:02Z.
...
