000 (2523366.120.000) 07/19 23:50:31 Job submitted from host: <188.185.70.244:9618?addrs=188.185.70.244-9618+[2001-1458-d00-7--100-2ee]-9618&alias=bigbird10.cern.ch&noUDP&sock=schedd_2037_ca81>
...
040 (2523366.120.000) 07/20 00:23:56 Started transferring input files
	Transferring to host: <128.142.56.53:9618?addrs=128.142.56.53-9618+[2001-1458-301-6--100-34]-9618&alias=b7s01p5821.cern.ch&noUDP&sock=slot1_1_46631_8201_13811>
...
040 (2523366.120.000) 07/20 00:23:57 Finished transferring input files
...
001 (2523366.120.000) 07/20 00:23:57 Job executing on host: <128.142.56.53:9618?addrs=128.142.56.53-9618+[2001-1458-301-6--100-34]-9618&alias=b7s01p5821.cern.ch&noUDP&sock=startd_43523_bc83>
...
006 (2523366.120.000) 07/20 00:24:06 Image size of job updated: 284560
	205  -  MemoryUsage of job (MB)
	209236  -  ResidentSetSize of job (KB)
...
006 (2523366.120.000) 07/20 00:29:07 Image size of job updated: 794876
	271  -  MemoryUsage of job (MB)
	276700  -  ResidentSetSize of job (KB)
...
006 (2523366.120.000) 07/20 00:34:08 Image size of job updated: 795368
	271  -  MemoryUsage of job (MB)
	277300  -  ResidentSetSize of job (KB)
...
040 (2523366.120.000) 07/20 00:38:38 Started transferring output files
...
040 (2523366.120.000) 07/20 00:38:39 Finished transferring output files
...
005 (2523366.120.000) 07/20 00:38:39 Job terminated.
	(1) Normal termination (return value 0)
		Usr 0 00:12:54, Sys 0 00:00:02  -  Run Remote Usage
		Usr 0 00:00:00, Sys 0 00:00:00  -  Run Local Usage
		Usr 0 00:12:54, Sys 0 00:00:02  -  Total Remote Usage
		Usr 0 00:00:00, Sys 0 00:00:00  -  Total Local Usage
	49024  -  Run Bytes Sent By Job
	55262812  -  Run Bytes Received By Job
	49024  -  Total Bytes Sent By Job
	55262812  -  Total Bytes Received By Job
	Partitionable Resources :     Usage  Request Allocated 
	   Cpus                 :      1.00        3         3 
	   Disk (KB)            : 179407       75000   1266519 
	   Memory (MB)          :    271        6000      6000 

	Job terminated of its own accord at 2021-07-19T22:38:38Z.
...
