000 (2526743.032.000) 07/20 13:19:13 Job submitted from host: <188.185.70.244:9618?addrs=188.185.70.244-9618+[2001-1458-d00-7--100-2ee]-9618&alias=bigbird10.cern.ch&noUDP&sock=schedd_2037_ca81>
...
040 (2526743.032.000) 07/20 13:20:55 Started transferring input files
	Transferring to host: <128.142.59.74:9618?addrs=128.142.59.74-9618+[2001-1458-301-21--100-49]-9618&alias=b7s04p2240.cern.ch&noUDP&sock=slot1_45_6808_9a0e_10863>
...
040 (2526743.032.000) 07/20 13:20:56 Finished transferring input files
...
001 (2526743.032.000) 07/20 13:20:56 Job executing on host: <128.142.59.74:9618?addrs=128.142.59.74-9618+[2001-1458-301-21--100-49]-9618&alias=b7s04p2240.cern.ch&noUDP&sock=startd_6354_e4db>
...
006 (2526743.032.000) 07/20 13:21:05 Image size of job updated: 270492
	192  -  MemoryUsage of job (MB)
	196504  -  ResidentSetSize of job (KB)
...
006 (2526743.032.000) 07/20 13:26:06 Image size of job updated: 636032
	209  -  MemoryUsage of job (MB)
	213524  -  ResidentSetSize of job (KB)
...
006 (2526743.032.000) 07/20 13:31:07 Image size of job updated: 636032
	209  -  MemoryUsage of job (MB)
	213528  -  ResidentSetSize of job (KB)
...
006 (2526743.032.000) 07/20 13:51:08 Image size of job updated: 940312
	415  -  MemoryUsage of job (MB)
	424636  -  ResidentSetSize of job (KB)
...
006 (2526743.032.000) 07/20 14:36:12 Image size of job updated: 940840
	416  -  MemoryUsage of job (MB)
	425248  -  ResidentSetSize of job (KB)
...
040 (2526743.032.000) 07/20 14:44:44 Started transferring output files
...
040 (2526743.032.000) 07/20 14:44:44 Finished transferring output files
...
005 (2526743.032.000) 07/20 14:44:44 Job terminated.
	(1) Normal termination (return value 0)
		Usr 0 00:58:51, Sys 0 00:00:05  -  Run Remote Usage
		Usr 0 00:00:00, Sys 0 00:00:00  -  Run Local Usage
		Usr 0 00:58:51, Sys 0 00:00:05  -  Total Remote Usage
		Usr 0 00:00:00, Sys 0 00:00:00  -  Total Local Usage
	49346  -  Run Bytes Sent By Job
	55262812  -  Run Bytes Received By Job
	49346  -  Total Bytes Sent By Job
	55262812  -  Total Bytes Received By Job
	Partitionable Resources :     Usage  Request Allocated 
	   Cpus                 :      1.00        3         3 
	   Disk (KB)            : 204509       75000   1287135 
	   Memory (MB)          :    416        6000      6000 

	Job terminated of its own accord at 2021-07-20T12:44:43Z.
...
