000 (2521668.081.000) 07/19 01:56:57 Job submitted from host: <188.185.70.244:9618?addrs=188.185.70.244-9618+[2001-1458-d00-7--100-2ee]-9618&alias=bigbird10.cern.ch&noUDP&sock=schedd_2037_ca81>
...
040 (2521668.081.000) 07/19 02:04:45 Started transferring input files
	Transferring to host: <128.142.57.56:9618?addrs=128.142.57.56-9618+[2001-1458-301-7--100-37]-9618&alias=b7s02p6140.cern.ch&noUDP&sock=slot1_3_4189_4783_15000>
...
040 (2521668.081.000) 07/19 02:04:46 Finished transferring input files
...
001 (2521668.081.000) 07/19 02:04:46 Job executing on host: <128.142.57.56:9618?addrs=128.142.57.56-9618+[2001-1458-301-7--100-37]-9618&alias=b7s02p6140.cern.ch&noUDP&sock=startd_3736_29ea>
...
006 (2521668.081.000) 07/19 02:04:54 Image size of job updated: 535980
	190  -  MemoryUsage of job (MB)
	193856  -  ResidentSetSize of job (KB)
...
006 (2521668.081.000) 07/19 02:05:33 Image size of job updated: 626828
	193  -  MemoryUsage of job (MB)
	197200  -  ResidentSetSize of job (KB)
...
040 (2521668.081.000) 07/19 02:05:33 Started transferring output files
...
040 (2521668.081.000) 07/19 02:05:34 Finished transferring output files
...
005 (2521668.081.000) 07/19 02:05:34 Job terminated.
	(1) Normal termination (return value 0)
		Usr 0 00:00:44, Sys 0 00:00:01  -  Run Remote Usage
		Usr 0 00:00:00, Sys 0 00:00:00  -  Run Local Usage
		Usr 0 00:00:44, Sys 0 00:00:01  -  Total Remote Usage
		Usr 0 00:00:00, Sys 0 00:00:00  -  Total Local Usage
	51037  -  Run Bytes Sent By Job
	55262812  -  Run Bytes Received By Job
	51037  -  Total Bytes Sent By Job
	55262812  -  Total Bytes Received By Job
	Partitionable Resources :    Usage  Request Allocated 
	   Cpus                 :                 3         3 
	   Disk (KB)            :   181881    75000   1331049 
	   Memory (MB)          :      193     6000      6000 

	Job terminated of its own accord at 2021-07-19T00:05:33Z.
...
