000 (2521867.105.000) 07/19 07:46:08 Job submitted from host: <188.185.70.244:9618?addrs=188.185.70.244-9618+[2001-1458-d00-7--100-2ee]-9618&alias=bigbird10.cern.ch&noUDP&sock=schedd_2037_ca81>
...
040 (2521867.105.000) 07/19 07:49:20 Started transferring input files
	Transferring to host: <128.142.57.91:9618?addrs=128.142.57.91-9618+[2001-1458-301-7--100-5a]-9618&alias=b7s02p5034.cern.ch&noUDP&sock=slot1_6_6551_85a3_13847>
...
040 (2521867.105.000) 07/19 07:49:21 Finished transferring input files
...
001 (2521867.105.000) 07/19 07:49:21 Job executing on host: <128.142.57.91:9618?addrs=128.142.57.91-9618+[2001-1458-301-7--100-5a]-9618&alias=b7s02p5034.cern.ch&noUDP&sock=startd_6089_2042>
...
006 (2521867.105.000) 07/19 07:49:29 Image size of job updated: 614124
	191  -  MemoryUsage of job (MB)
	194624  -  ResidentSetSize of job (KB)
...
006 (2521867.105.000) 07/19 07:54:29 Image size of job updated: 631800
	208  -  MemoryUsage of job (MB)
	212244  -  ResidentSetSize of job (KB)
...
006 (2521867.105.000) 07/19 07:59:30 Image size of job updated: 746592
	293  -  MemoryUsage of job (MB)
	300012  -  ResidentSetSize of job (KB)
...
006 (2521867.105.000) 07/19 08:08:13 Image size of job updated: 747200
	293  -  MemoryUsage of job (MB)
	300012  -  ResidentSetSize of job (KB)
...
040 (2521867.105.000) 07/19 08:08:13 Started transferring output files
...
040 (2521867.105.000) 07/19 08:08:13 Finished transferring output files
...
005 (2521867.105.000) 07/19 08:08:13 Job terminated.
	(1) Normal termination (return value 0)
		Usr 0 00:12:47, Sys 0 00:00:02  -  Run Remote Usage
		Usr 0 00:00:00, Sys 0 00:00:00  -  Run Local Usage
		Usr 0 00:12:47, Sys 0 00:00:02  -  Total Remote Usage
		Usr 0 00:00:00, Sys 0 00:00:00  -  Total Local Usage
	49391  -  Run Bytes Sent By Job
	55262812  -  Run Bytes Received By Job
	49391  -  Total Bytes Sent By Job
	55262812  -  Total Bytes Received By Job
	Partitionable Resources :     Usage  Request Allocated 
	   Cpus                 :      1.00        3         3 
	   Disk (KB)            : 183212       75000   1311111 
	   Memory (MB)          :    293        6000      6000 

	Job terminated of its own accord at 2021-07-19T06:08:13Z.
...
