000 (2524871.028.000) 07/20 04:35:08 Job submitted from host: <188.185.70.244:9618?addrs=188.185.70.244-9618+[2001-1458-d00-7--100-2ee]-9618&alias=bigbird10.cern.ch&noUDP&sock=schedd_2037_ca81>
...
040 (2524871.028.000) 07/20 05:00:57 Started transferring input files
	Transferring to host: <128.142.161.74:9618?addrs=128.142.161.74-9618&alias=b7g03p8942.cern.ch&noUDP&sock=slot1_10_3950_e1da_86960>
...
040 (2524871.028.000) 07/20 05:00:58 Finished transferring input files
...
001 (2524871.028.000) 07/20 05:00:58 Job executing on host: <128.142.161.74:9618?addrs=128.142.161.74-9618&alias=b7g03p8942.cern.ch&noUDP&sock=startd_3002_b366>
...
006 (2524871.028.000) 07/20 05:01:07 Image size of job updated: 429192
	160  -  MemoryUsage of job (MB)
	163804  -  ResidentSetSize of job (KB)
...
006 (2524871.028.000) 07/20 05:06:08 Image size of job updated: 820248
	296  -  MemoryUsage of job (MB)
	302972  -  ResidentSetSize of job (KB)
...
006 (2524871.028.000) 07/20 05:21:10 Image size of job updated: 820772
	297  -  MemoryUsage of job (MB)
	303540  -  ResidentSetSize of job (KB)
...
040 (2524871.028.000) 07/20 05:21:16 Started transferring output files
...
040 (2524871.028.000) 07/20 05:21:16 Finished transferring output files
...
005 (2524871.028.000) 07/20 05:21:16 Job terminated.
	(1) Normal termination (return value 0)
		Usr 0 00:19:51, Sys 0 00:00:02  -  Run Remote Usage
		Usr 0 00:00:00, Sys 0 00:00:00  -  Run Local Usage
		Usr 0 00:19:51, Sys 0 00:00:02  -  Total Remote Usage
		Usr 0 00:00:00, Sys 0 00:00:00  -  Total Local Usage
	48589  -  Run Bytes Sent By Job
	55262812  -  Run Bytes Received By Job
	48589  -  Total Bytes Sent By Job
	55262812  -  Total Bytes Received By Job
	Partitionable Resources :     Usage  Request Allocated 
	   Cpus                 :      1.00        3         3 
	   Disk (KB)            : 184747       75000   1347747 
	   Memory (MB)          :    297        6000      6000 

	Job terminated of its own accord at 2021-07-20T03:21:15Z.
...
