000 (2534572.164.000) 07/21 23:44:26 Job submitted from host: <188.185.70.244:9618?addrs=188.185.70.244-9618+[2001-1458-d00-7--100-2ee]-9618&alias=bigbird10.cern.ch&noUDP&sock=schedd_2037_ca81>
...
040 (2534572.164.000) 07/21 23:50:46 Started transferring input files
	Transferring to host: <128.142.57.130:9618?addrs=128.142.57.130-9618+[2001-1458-301-7--100-81]-9618&alias=b7s02p5977.cern.ch&noUDP&sock=slot1_8_6555_5724_18358>
...
040 (2534572.164.000) 07/21 23:50:47 Finished transferring input files
...
001 (2534572.164.000) 07/21 23:50:47 Job executing on host: <128.142.57.130:9618?addrs=128.142.57.130-9618+[2001-1458-301-7--100-81]-9618&alias=b7s02p5977.cern.ch&noUDP&sock=startd_6071_c78e>
...
006 (2534572.164.000) 07/21 23:50:56 Image size of job updated: 587476
	191  -  MemoryUsage of job (MB)
	194632  -  ResidentSetSize of job (KB)
...
006 (2534572.164.000) 07/21 23:55:57 Image size of job updated: 631964
	205  -  MemoryUsage of job (MB)
	209688  -  ResidentSetSize of job (KB)
...
006 (2534572.164.000) 07/22 00:51:00 Image size of job updated: 819732
	299  -  MemoryUsage of job (MB)
	306072  -  ResidentSetSize of job (KB)
...
006 (2534572.164.000) 07/22 01:01:01 Image size of job updated: 820316
	300  -  MemoryUsage of job (MB)
	306660  -  ResidentSetSize of job (KB)
...
040 (2534572.164.000) 07/22 01:03:54 Started transferring output files
...
040 (2534572.164.000) 07/22 01:03:55 Finished transferring output files
...
005 (2534572.164.000) 07/22 01:03:55 Job terminated.
	(1) Normal termination (return value 0)
		Usr 0 00:15:28, Sys 0 00:00:02  -  Run Remote Usage
		Usr 0 00:00:00, Sys 0 00:00:00  -  Run Local Usage
		Usr 0 00:15:28, Sys 0 00:00:02  -  Total Remote Usage
		Usr 0 00:00:00, Sys 0 00:00:00  -  Total Local Usage
	44670  -  Run Bytes Sent By Job
	55262812  -  Run Bytes Received By Job
	44670  -  Total Bytes Sent By Job
	55262812  -  Total Bytes Received By Job
	Partitionable Resources :     Usage  Request Allocated 
	   Cpus                 :      1.00        3         3 
	   Disk (KB)            : 184654       75000   1203644 
	   Memory (MB)          :    300        6000      6000 

	Job terminated of its own accord at 2021-07-21T23:03:54Z.
...
