000 (2557077.020.000) 07/28 10:49:38 Job submitted from host: <188.185.70.244:9618?addrs=188.185.70.244-9618+[2001-1458-d00-7--100-2ee]-9618&alias=bigbird10.cern.ch&noUDP&sock=schedd_2037_ca81>
...
040 (2557077.020.000) 07/28 12:25:11 Started transferring input files
	Transferring to host: <188.184.168.251:9618?addrs=188.184.168.251-9618+[2001-1458-301-c0--100-474]-9618&alias=b7g52n5242.cern.ch&noUDP&sock=slot1_4_6198_cd35_72281>
...
040 (2557077.020.000) 07/28 12:25:12 Finished transferring input files
...
001 (2557077.020.000) 07/28 12:25:12 Job executing on host: <188.184.168.251:9618?addrs=188.184.168.251-9618+[2001-1458-301-c0--100-474]-9618&alias=b7g52n5242.cern.ch&noUDP&sock=startd_4945_6fea>
...
006 (2557077.020.000) 07/28 12:25:21 Image size of job updated: 545500
	173  -  MemoryUsage of job (MB)
	176320  -  ResidentSetSize of job (KB)
...
006 (2557077.020.000) 07/28 12:30:22 Image size of job updated: 794504
	271  -  MemoryUsage of job (MB)
	277128  -  ResidentSetSize of job (KB)
...
006 (2557077.020.000) 07/28 12:35:23 Image size of job updated: 795108
	272  -  MemoryUsage of job (MB)
	277704  -  ResidentSetSize of job (KB)
...
040 (2557077.020.000) 07/28 12:37:17 Started transferring output files
...
040 (2557077.020.000) 07/28 12:37:17 Finished transferring output files
...
005 (2557077.020.000) 07/28 12:37:17 Job terminated.
	(1) Normal termination (return value 0)
		Usr 0 00:12:01, Sys 0 00:00:02  -  Run Remote Usage
		Usr 0 00:00:00, Sys 0 00:00:00  -  Run Local Usage
		Usr 0 00:12:01, Sys 0 00:00:02  -  Total Remote Usage
		Usr 0 00:00:00, Sys 0 00:00:00  -  Total Local Usage
	48484  -  Run Bytes Sent By Job
	55262880  -  Run Bytes Received By Job
	48484  -  Total Bytes Sent By Job
	55262880  -  Total Bytes Received By Job
	Partitionable Resources :     Usage  Request Allocated 
	   Cpus                 :      1.00        5         5 
	   Disk (KB)            : 184935       75000    256399 
	   Memory (MB)          :    272       10000     10000 

	Job terminated of its own accord at 2021-07-28T10:37:17Z.
...
