000 (2521842.124.000) 07/19 05:55:56 Job submitted from host: <188.185.70.244:9618?addrs=188.185.70.244-9618+[2001-1458-d00-7--100-2ee]-9618&alias=bigbird10.cern.ch&noUDP&sock=schedd_2037_ca81>
...
040 (2521842.124.000) 07/19 06:01:40 Started transferring input files
	Transferring to host: <128.142.56.76:9618?addrs=128.142.56.76-9618+[2001-1458-301-6--100-4b]-9618&alias=b7s01p2354.cern.ch&noUDP&sock=slot1_7_52930_b921_12419>
...
040 (2521842.124.000) 07/19 06:01:41 Finished transferring input files
...
001 (2521842.124.000) 07/19 06:01:41 Job executing on host: <128.142.56.76:9618?addrs=128.142.56.76-9618+[2001-1458-301-6--100-4b]-9618&alias=b7s01p2354.cern.ch&noUDP&sock=startd_52885_4a29>
...
006 (2521842.124.000) 07/19 06:01:49 Image size of job updated: 251100
	173  -  MemoryUsage of job (MB)
	176220  -  ResidentSetSize of job (KB)
...
006 (2521842.124.000) 07/19 06:06:49 Image size of job updated: 630332
	204  -  MemoryUsage of job (MB)
	208700  -  ResidentSetSize of job (KB)
...
006 (2521842.124.000) 07/19 06:11:50 Image size of job updated: 630332
	204  -  MemoryUsage of job (MB)
	208704  -  ResidentSetSize of job (KB)
...
006 (2521842.124.000) 07/19 06:36:53 Image size of job updated: 838784
	313  -  MemoryUsage of job (MB)
	320464  -  ResidentSetSize of job (KB)
...
006 (2521842.124.000) 07/19 06:46:55 Image size of job updated: 839308
	314  -  MemoryUsage of job (MB)
	321028  -  ResidentSetSize of job (KB)
...
040 (2521842.124.000) 07/19 06:48:34 Started transferring output files
...
040 (2521842.124.000) 07/19 06:48:34 Finished transferring output files
...
005 (2521842.124.000) 07/19 06:48:34 Job terminated.
	(1) Normal termination (return value 0)
		Usr 0 00:15:11, Sys 0 00:00:03  -  Run Remote Usage
		Usr 0 00:00:00, Sys 0 00:00:00  -  Run Local Usage
		Usr 0 00:15:11, Sys 0 00:00:03  -  Total Remote Usage
		Usr 0 00:00:00, Sys 0 00:00:00  -  Total Local Usage
	48477  -  Run Bytes Sent By Job
	55262812  -  Run Bytes Received By Job
	48477  -  Total Bytes Sent By Job
	55262812  -  Total Bytes Received By Job
	Partitionable Resources :     Usage  Request Allocated 
	   Cpus                 :      1.00        3         3 
	   Disk (KB)            : 187430       75000   1240497 
	   Memory (MB)          :    314        6000      6000 

	Job terminated of its own accord at 2021-07-19T04:48:34Z.
...
