000 (2526743.211.000) 07/20 13:19:14 Job submitted from host: <188.185.70.244:9618?addrs=188.185.70.244-9618+[2001-1458-d00-7--100-2ee]-9618&alias=bigbird10.cern.ch&noUDP&sock=schedd_2037_ca81>
...
040 (2526743.211.000) 07/20 13:36:25 Started transferring input files
	Transferring to host: <128.142.58.170:9618?addrs=128.142.58.170-9618+[2001-1458-301-16--100-a9]-9618&alias=b7s03p6209.cern.ch&noUDP&sock=slot1_10_6951_5bb4_12055>
...
040 (2526743.211.000) 07/20 13:36:26 Finished transferring input files
...
001 (2526743.211.000) 07/20 13:36:26 Job executing on host: <128.142.58.170:9618?addrs=128.142.58.170-9618+[2001-1458-301-16--100-a9]-9618&alias=b7s03p6209.cern.ch&noUDP&sock=startd_6472_d508>
...
006 (2526743.211.000) 07/20 13:36:35 Image size of job updated: 423980
	128  -  MemoryUsage of job (MB)
	130960  -  ResidentSetSize of job (KB)
...
006 (2526743.211.000) 07/20 13:41:36 Image size of job updated: 823844
	300  -  MemoryUsage of job (MB)
	306572  -  ResidentSetSize of job (KB)
...
006 (2526743.211.000) 07/20 13:51:36 Image size of job updated: 824528
	301  -  MemoryUsage of job (MB)
	307248  -  ResidentSetSize of job (KB)
...
040 (2526743.211.000) 07/20 13:54:45 Started transferring output files
...
040 (2526743.211.000) 07/20 13:54:45 Finished transferring output files
...
005 (2526743.211.000) 07/20 13:54:45 Job terminated.
	(1) Normal termination (return value 0)
		Usr 0 00:15:43, Sys 0 00:00:02  -  Run Remote Usage
		Usr 0 00:00:00, Sys 0 00:00:00  -  Run Local Usage
		Usr 0 00:15:43, Sys 0 00:00:02  -  Total Remote Usage
		Usr 0 00:00:00, Sys 0 00:00:00  -  Total Local Usage
	49495  -  Run Bytes Sent By Job
	55262812  -  Run Bytes Received By Job
	49495  -  Total Bytes Sent By Job
	55262812  -  Total Bytes Received By Job
	Partitionable Resources :     Usage  Request Allocated 
	   Cpus                 :      1.00        3         3 
	   Disk (KB)            : 185413       75000   1345183 
	   Memory (MB)          :    301        6000      6000 

	Job terminated of its own accord at 2021-07-20T11:54:45Z.
...
