000 (2556074.004.000) 07/27 10:23:52 Job submitted from host: <188.185.70.244:9618?addrs=188.185.70.244-9618+[2001-1458-d00-7--100-2ee]-9618&alias=bigbird10.cern.ch&noUDP&sock=schedd_2037_ca81>
...
040 (2556074.004.000) 07/27 10:30:15 Started transferring input files
	Transferring to host: <128.142.58.145:9618?addrs=128.142.58.145-9618+[2001-1458-301-16--100-90]-9618&alias=b7s03p1993.cern.ch&noUDP&sock=slot1_17_20469_0319_18298>
...
040 (2556074.004.000) 07/27 10:30:16 Finished transferring input files
...
001 (2556074.004.000) 07/27 10:30:16 Job executing on host: <128.142.58.145:9618?addrs=128.142.58.145-9618+[2001-1458-301-16--100-90]-9618&alias=b7s03p1993.cern.ch&noUDP&sock=startd_20016_e3bd>
...
006 (2556074.004.000) 07/27 10:30:25 Image size of job updated: 230988
	154  -  MemoryUsage of job (MB)
	156888  -  ResidentSetSize of job (KB)
...
006 (2556074.004.000) 07/27 10:35:26 Image size of job updated: 631392
	205  -  MemoryUsage of job (MB)
	209632  -  ResidentSetSize of job (KB)
...
006 (2556074.004.000) 07/27 10:40:27 Image size of job updated: 786136
	267  -  MemoryUsage of job (MB)
	272876  -  ResidentSetSize of job (KB)
...
006 (2556074.004.000) 07/27 10:45:08 Image size of job updated: 786816
	267  -  MemoryUsage of job (MB)
	272876  -  ResidentSetSize of job (KB)
...
040 (2556074.004.000) 07/27 10:45:08 Started transferring output files
...
040 (2556074.004.000) 07/27 10:45:08 Finished transferring output files
...
005 (2556074.004.000) 07/27 10:45:09 Job terminated.
	(1) Normal termination (return value 0)
		Usr 0 00:06:35, Sys 0 00:00:02  -  Run Remote Usage
		Usr 0 00:00:00, Sys 0 00:00:00  -  Run Local Usage
		Usr 0 00:06:35, Sys 0 00:00:02  -  Total Remote Usage
		Usr 0 00:00:00, Sys 0 00:00:00  -  Total Local Usage
	51107  -  Run Bytes Sent By Job
	55262880  -  Run Bytes Received By Job
	51107  -  Total Bytes Sent By Job
	55262880  -  Total Bytes Received By Job
	Partitionable Resources :     Usage  Request Allocated 
	   Cpus                 :      0.01        3         3 
	   Disk (KB)            : 182225       75000   1264246 
	   Memory (MB)          :    267        6000      6000 

	Job terminated of its own accord at 2021-07-27T08:45:08Z.
...
