000 (2523366.198.000) 07/19 23:50:31 Job submitted from host: <188.185.70.244:9618?addrs=188.185.70.244-9618+[2001-1458-d00-7--100-2ee]-9618&alias=bigbird10.cern.ch&noUDP&sock=schedd_2037_ca81>
...
040 (2523366.198.000) 07/20 00:31:05 Started transferring input files
	Transferring to host: <128.142.57.22:9618?addrs=128.142.57.22-9618+[2001-1458-301-7--100-15]-9618&alias=b7s02p4264.cern.ch&noUDP&sock=slot1_29_6653_63e8_15644>
...
040 (2523366.198.000) 07/20 00:31:06 Finished transferring input files
...
001 (2523366.198.000) 07/20 00:31:07 Job executing on host: <128.142.57.22:9618?addrs=128.142.57.22-9618+[2001-1458-301-7--100-15]-9618&alias=b7s02p4264.cern.ch&noUDP&sock=startd_6190_6753>
...
006 (2523366.198.000) 07/20 00:31:15 Image size of job updated: 321396
	205  -  MemoryUsage of job (MB)
	209644  -  ResidentSetSize of job (KB)
...
006 (2523366.198.000) 07/20 00:36:15 Image size of job updated: 804340
	284  -  MemoryUsage of job (MB)
	290520  -  ResidentSetSize of job (KB)
...
006 (2523366.198.000) 07/20 00:40:38 Image size of job updated: 804868
	284  -  MemoryUsage of job (MB)
	290520  -  ResidentSetSize of job (KB)
...
040 (2523366.198.000) 07/20 00:40:39 Started transferring output files
...
040 (2523366.198.000) 07/20 00:40:39 Finished transferring output files
...
005 (2523366.198.000) 07/20 00:40:39 Job terminated.
	(1) Normal termination (return value 0)
		Usr 0 00:09:05, Sys 0 00:00:01  -  Run Remote Usage
		Usr 0 00:00:00, Sys 0 00:00:00  -  Run Local Usage
		Usr 0 00:09:05, Sys 0 00:00:01  -  Total Remote Usage
		Usr 0 00:00:00, Sys 0 00:00:00  -  Total Local Usage
	51967  -  Run Bytes Sent By Job
	55262812  -  Run Bytes Received By Job
	51967  -  Total Bytes Sent By Job
	55262812  -  Total Bytes Received By Job
	Partitionable Resources :     Usage  Request Allocated 
	   Cpus                 :      1.00        3         3 
	   Disk (KB)            : 181765       75000   1297773 
	   Memory (MB)          :    284        6000      6000 

	Job terminated of its own accord at 2021-07-19T22:40:38Z.
...
