000 (2534572.024.000) 07/21 23:44:26 Job submitted from host: <188.185.70.244:9618?addrs=188.185.70.244-9618+[2001-1458-d00-7--100-2ee]-9618&alias=bigbird10.cern.ch&noUDP&sock=schedd_2037_ca81>
...
040 (2534572.024.000) 07/21 23:49:37 Started transferring input files
	Transferring to host: <128.142.81.248:9618?addrs=128.142.81.248-9618+[2001-1458-301-f5--100-478]-9618&alias=b7s13n8658.cern.ch&noUDP&sock=slot1_9_16261_186e_122953>
...
040 (2534572.024.000) 07/21 23:49:38 Finished transferring input files
...
001 (2534572.024.000) 07/21 23:49:38 Job executing on host: <128.142.81.248:9618?addrs=128.142.81.248-9618+[2001-1458-301-f5--100-478]-9618&alias=b7s13n8658.cern.ch&noUDP&sock=startd_16615_1624>
...
006 (2534572.024.000) 07/21 23:49:47 Image size of job updated: 153484
	93  -  MemoryUsage of job (MB)
	94536  -  ResidentSetSize of job (KB)
...
006 (2534572.024.000) 07/21 23:54:48 Image size of job updated: 626832
	201  -  MemoryUsage of job (MB)
	205328  -  ResidentSetSize of job (KB)
...
006 (2534572.024.000) 07/22 00:09:49 Image size of job updated: 626832
	214  -  MemoryUsage of job (MB)
	218300  -  ResidentSetSize of job (KB)
...
006 (2534572.024.000) 07/22 00:14:49 Image size of job updated: 799216
	276  -  MemoryUsage of job (MB)
	281764  -  ResidentSetSize of job (KB)
...
006 (2534572.024.000) 07/22 00:24:50 Image size of job updated: 799692
	276  -  MemoryUsage of job (MB)
	282356  -  ResidentSetSize of job (KB)
...
040 (2534572.024.000) 07/22 00:26:27 Started transferring output files
...
040 (2534572.024.000) 07/22 00:26:27 Finished transferring output files
...
005 (2534572.024.000) 07/22 00:26:27 Job terminated.
	(1) Normal termination (return value 0)
		Usr 0 00:17:20, Sys 0 00:00:03  -  Run Remote Usage
		Usr 0 00:00:00, Sys 0 00:00:00  -  Run Local Usage
		Usr 0 00:17:20, Sys 0 00:00:03  -  Total Remote Usage
		Usr 0 00:00:00, Sys 0 00:00:00  -  Total Local Usage
	44747  -  Run Bytes Sent By Job
	55262812  -  Run Bytes Received By Job
	44747  -  Total Bytes Sent By Job
	55262812  -  Total Bytes Received By Job
	Partitionable Resources :     Usage  Request Allocated 
	   Cpus                 :      1.00        3         3 
	   Disk (KB)            : 181010       75000    267044 
	   Memory (MB)          :    276        6000      6000 

	Job terminated of its own accord at 2021-07-21T22:26:27Z.
...
