000 (2552365.009.000) 07/26 17:28:17 Job submitted from host: <188.185.70.244:9618?addrs=188.185.70.244-9618+[2001-1458-d00-7--100-2ee]-9618&alias=bigbird10.cern.ch&noUDP&sock=schedd_2037_ca81>
...
040 (2552365.009.000) 07/26 17:48:51 Started transferring input files
	Transferring to host: <128.142.149.26:9618?addrs=128.142.149.26-9618+[2001-1458-301-b--100-18e]-9618&alias=b7g41n8372.cern.ch&noUDP&sock=slot1_5_10602_d168_125979>
...
001 (2552365.009.000) 07/26 17:48:52 Job executing on host: <128.142.149.26:9618?addrs=128.142.149.26-9618+[2001-1458-301-b--100-18e]-9618&alias=b7g41n8372.cern.ch&noUDP&sock=startd_6524_7ff5>
...
040 (2552365.009.000) 07/26 17:48:52 Finished transferring input files
...
006 (2552365.009.000) 07/26 17:49:01 Image size of job updated: 83860
	56  -  MemoryUsage of job (MB)
	56376  -  ResidentSetSize of job (KB)
...
006 (2552365.009.000) 07/26 17:54:02 Image size of job updated: 816776
	296  -  MemoryUsage of job (MB)
	302812  -  ResidentSetSize of job (KB)
...
006 (2552365.009.000) 07/26 18:14:03 Image size of job updated: 817388
	297  -  MemoryUsage of job (MB)
	303604  -  ResidentSetSize of job (KB)
...
040 (2552365.009.000) 07/26 18:15:14 Started transferring output files
...
040 (2552365.009.000) 07/26 18:15:14 Finished transferring output files
...
005 (2552365.009.000) 07/26 18:15:14 Job terminated.
	(1) Normal termination (return value 0)
		Usr 0 00:25:53, Sys 0 00:00:03  -  Run Remote Usage
		Usr 0 00:00:00, Sys 0 00:00:00  -  Run Local Usage
		Usr 0 00:25:53, Sys 0 00:00:03  -  Total Remote Usage
		Usr 0 00:00:00, Sys 0 00:00:00  -  Total Local Usage
	50372  -  Run Bytes Sent By Job
	55262876  -  Run Bytes Received By Job
	50372  -  Total Bytes Sent By Job
	55262876  -  Total Bytes Received By Job
	Partitionable Resources :     Usage  Request Allocated 
	   Cpus                 :      1.00        3         3 
	   Disk (KB)            : 183642       75000    344093 
	   Memory (MB)          :    297        6000      6000 

	Job terminated of its own accord at 2021-07-26T16:15:14Z.
...
