000 (2557076.016.000) 07/28 10:47:43 Job submitted from host: <188.185.70.244:9618?addrs=188.185.70.244-9618+[2001-1458-d00-7--100-2ee]-9618&alias=bigbird10.cern.ch&noUDP&sock=schedd_2037_ca81>
...
040 (2557076.016.000) 07/28 12:12:46 Started transferring input files
	Transferring to host: <128.142.73.176:9618?addrs=128.142.73.176-9618+[2001-1458-301-75--100-484]-9618&alias=b7s11n1072.cern.ch&noUDP&sock=slot1_2_10918_77f5_130940>
...
040 (2557076.016.000) 07/28 12:12:47 Finished transferring input files
...
001 (2557076.016.000) 07/28 12:12:47 Job executing on host: <128.142.73.176:9618?addrs=128.142.73.176-9618+[2001-1458-301-75--100-484]-9618&alias=b7s11n1072.cern.ch&noUDP&sock=startd_16682_0afd>
...
006 (2557076.016.000) 07/28 12:12:56 Image size of job updated: 113108
	69  -  MemoryUsage of job (MB)
	70644  -  ResidentSetSize of job (KB)
...
006 (2557076.016.000) 07/28 12:17:57 Image size of job updated: 774480
	252  -  MemoryUsage of job (MB)
	257260  -  ResidentSetSize of job (KB)
...
006 (2557076.016.000) 07/28 12:19:55 Image size of job updated: 775080
	252  -  MemoryUsage of job (MB)
	257260  -  ResidentSetSize of job (KB)
...
040 (2557076.016.000) 07/28 12:19:55 Started transferring output files
...
040 (2557076.016.000) 07/28 12:19:55 Finished transferring output files
...
005 (2557076.016.000) 07/28 12:19:56 Job terminated.
	(1) Normal termination (return value 0)
		Usr 0 00:05:37, Sys 0 00:00:02  -  Run Remote Usage
		Usr 0 00:00:00, Sys 0 00:00:00  -  Run Local Usage
		Usr 0 00:05:37, Sys 0 00:00:02  -  Total Remote Usage
		Usr 0 00:00:00, Sys 0 00:00:00  -  Total Local Usage
	48526  -  Run Bytes Sent By Job
	55262880  -  Run Bytes Received By Job
	48526  -  Total Bytes Sent By Job
	55262880  -  Total Bytes Received By Job
	Partitionable Resources :    Usage  Request Allocated 
	   Cpus                 :                 5         5 
	   Disk (KB)            :   178890    75000    279951 
	   Memory (MB)          :      252    10000     10000 

	Job terminated of its own accord at 2021-07-28T10:19:55Z.
...
