000 (2523366.217.000) 07/19 23:50:31 Job submitted from host: <188.185.70.244:9618?addrs=188.185.70.244-9618+[2001-1458-d00-7--100-2ee]-9618&alias=bigbird10.cern.ch&noUDP&sock=schedd_2037_ca81>
...
040 (2523366.217.000) 07/20 00:35:47 Started transferring input files
	Transferring to host: <128.142.58.64:9618?addrs=128.142.58.64-9618+[2001-1458-301-16--100-3f]-9618&alias=b7s03p5972.cern.ch&noUDP&sock=slot1_17_6666_8cc8_11321>
...
040 (2523366.217.000) 07/20 00:35:48 Finished transferring input files
...
001 (2523366.217.000) 07/20 00:35:48 Job executing on host: <128.142.58.64:9618?addrs=128.142.58.64-9618+[2001-1458-301-16--100-3f]-9618&alias=b7s03p5972.cern.ch&noUDP&sock=startd_6205_b13e>
...
006 (2523366.217.000) 07/20 00:35:57 Image size of job updated: 280880
	201  -  MemoryUsage of job (MB)
	205532  -  ResidentSetSize of job (KB)
...
006 (2523366.217.000) 07/20 00:40:58 Image size of job updated: 800300
	277  -  MemoryUsage of job (MB)
	283044  -  ResidentSetSize of job (KB)
...
006 (2523366.217.000) 07/20 00:45:45 Image size of job updated: 800936
	277  -  MemoryUsage of job (MB)
	283044  -  ResidentSetSize of job (KB)
...
040 (2523366.217.000) 07/20 00:45:45 Started transferring output files
...
040 (2523366.217.000) 07/20 00:45:45 Finished transferring output files
...
005 (2523366.217.000) 07/20 00:45:45 Job terminated.
	(1) Normal termination (return value 0)
		Usr 0 00:09:51, Sys 0 00:00:01  -  Run Remote Usage
		Usr 0 00:00:00, Sys 0 00:00:00  -  Run Local Usage
		Usr 0 00:09:51, Sys 0 00:00:01  -  Total Remote Usage
		Usr 0 00:00:00, Sys 0 00:00:00  -  Total Local Usage
	50591  -  Run Bytes Sent By Job
	55262812  -  Run Bytes Received By Job
	50591  -  Total Bytes Sent By Job
	55262812  -  Total Bytes Received By Job
	Partitionable Resources :     Usage  Request Allocated 
	   Cpus                 :      1.00        3         3 
	   Disk (KB)            : 181159       75000   1264299 
	   Memory (MB)          :    277        6000      6000 

	Job terminated of its own accord at 2021-07-19T22:45:45Z.
...
