000 (2556073.029.000) 07/27 10:23:23 Job submitted from host: <188.185.70.244:9618?addrs=188.185.70.244-9618+[2001-1458-d00-7--100-2ee]-9618&alias=bigbird10.cern.ch&noUDP&sock=schedd_2037_ca81>
...
040 (2556073.029.000) 07/27 10:30:13 Started transferring input files
	Transferring to host: <128.142.58.118:9618?addrs=128.142.58.118-9618+[2001-1458-301-16--100-75]-9618&alias=b7s03p2192.cern.ch&noUDP&sock=slot1_22_6667_4128_17842>
...
040 (2556073.029.000) 07/27 10:30:14 Finished transferring input files
...
001 (2556073.029.000) 07/27 10:30:14 Job executing on host: <128.142.58.118:9618?addrs=128.142.58.118-9618+[2001-1458-301-16--100-75]-9618&alias=b7s03p2192.cern.ch&noUDP&sock=startd_6211_ced0>
...
006 (2556073.029.000) 07/27 10:30:23 Image size of job updated: 531084
	109  -  MemoryUsage of job (MB)
	111512  -  ResidentSetSize of job (KB)
...
006 (2556073.029.000) 07/27 10:35:24 Image size of job updated: 626812
	201  -  MemoryUsage of job (MB)
	205336  -  ResidentSetSize of job (KB)
...
006 (2556073.029.000) 07/27 10:40:24 Image size of job updated: 789756
	266  -  MemoryUsage of job (MB)
	272340  -  ResidentSetSize of job (KB)
...
006 (2556073.029.000) 07/27 10:45:26 Image size of job updated: 790344
	267  -  MemoryUsage of job (MB)
	272996  -  ResidentSetSize of job (KB)
...
040 (2556073.029.000) 07/27 10:46:34 Started transferring output files
...
040 (2556073.029.000) 07/27 10:46:34 Finished transferring output files
...
005 (2556073.029.000) 07/27 10:46:34 Job terminated.
	(1) Normal termination (return value 0)
		Usr 0 00:09:27, Sys 0 00:00:02  -  Run Remote Usage
		Usr 0 00:00:00, Sys 0 00:00:00  -  Run Local Usage
		Usr 0 00:09:27, Sys 0 00:00:02  -  Total Remote Usage
		Usr 0 00:00:00, Sys 0 00:00:00  -  Total Local Usage
	48322  -  Run Bytes Sent By Job
	55262880  -  Run Bytes Received By Job
	48322  -  Total Bytes Sent By Job
	55262880  -  Total Bytes Received By Job
	Partitionable Resources :     Usage  Request Allocated 
	   Cpus                 :      0.00        3         3 
	   Disk (KB)            : 183474       75000   1312467 
	   Memory (MB)          :    267        6000      6000 

	Job terminated of its own accord at 2021-07-27T08:46:34Z.
...
