000 (2523366.126.000) 07/19 23:50:31 Job submitted from host: <188.185.70.244:9618?addrs=188.185.70.244-9618+[2001-1458-d00-7--100-2ee]-9618&alias=bigbird10.cern.ch&noUDP&sock=schedd_2037_ca81>
...
040 (2523366.126.000) 07/20 00:25:16 Started transferring input files
	Transferring to host: <188.184.169.97:9618?addrs=188.184.169.97-9618+[2001-1458-301-c0--100-523]-9618&alias=b7g52n9711.cern.ch&noUDP&sock=slot1_11_3853_8976_25254>
...
040 (2523366.126.000) 07/20 00:25:17 Finished transferring input files
...
001 (2523366.126.000) 07/20 00:25:17 Job executing on host: <188.184.169.97:9618?addrs=188.184.169.97-9618+[2001-1458-301-c0--100-523]-9618&alias=b7g52n9711.cern.ch&noUDP&sock=startd_3057_6d1b>
...
006 (2523366.126.000) 07/20 00:25:26 Image size of job updated: 244324
	166  -  MemoryUsage of job (MB)
	169532  -  ResidentSetSize of job (KB)
...
006 (2523366.126.000) 07/20 00:30:27 Image size of job updated: 810044
	286  -  MemoryUsage of job (MB)
	291980  -  ResidentSetSize of job (KB)
...
006 (2523366.126.000) 07/20 00:40:27 Image size of job updated: 810572
	286  -  MemoryUsage of job (MB)
	292532  -  ResidentSetSize of job (KB)
...
040 (2523366.126.000) 07/20 00:45:04 Started transferring output files
...
040 (2523366.126.000) 07/20 00:45:04 Finished transferring output files
...
005 (2523366.126.000) 07/20 00:45:04 Job terminated.
	(1) Normal termination (return value 0)
		Usr 0 00:16:36, Sys 0 00:00:02  -  Run Remote Usage
		Usr 0 00:00:00, Sys 0 00:00:00  -  Run Local Usage
		Usr 0 00:16:36, Sys 0 00:00:02  -  Total Remote Usage
		Usr 0 00:00:00, Sys 0 00:00:00  -  Total Local Usage
	55127  -  Run Bytes Sent By Job
	55262812  -  Run Bytes Received By Job
	55127  -  Total Bytes Sent By Job
	55262812  -  Total Bytes Received By Job
	Partitionable Resources :     Usage  Request Allocated 
	   Cpus                 :      1.00        3         3 
	   Disk (KB)            : 182153       75000    234237 
	   Memory (MB)          :    286        6000      6000 

	Job terminated of its own accord at 2021-07-19T22:45:04Z.
...
