000 (2524871.131.000) 07/20 04:35:08 Job submitted from host: <188.185.70.244:9618?addrs=188.185.70.244-9618+[2001-1458-d00-7--100-2ee]-9618&alias=bigbird10.cern.ch&noUDP&sock=schedd_2037_ca81>
...
040 (2524871.131.000) 07/20 05:11:35 Started transferring input files
	Transferring to host: <128.142.57.149:9618?addrs=128.142.57.149-9618+[2001-1458-301-7--100-94]-9618&alias=b7s02p6948.cern.ch&noUDP&sock=slot1_27_6708_248a_14209>
...
040 (2524871.131.000) 07/20 05:11:36 Finished transferring input files
...
001 (2524871.131.000) 07/20 05:11:36 Job executing on host: <128.142.57.149:9618?addrs=128.142.57.149-9618+[2001-1458-301-7--100-94]-9618&alias=b7s02p6948.cern.ch&noUDP&sock=startd_6240_b30f>
...
006 (2524871.131.000) 07/20 05:11:44 Image size of job updated: 538060
	175  -  MemoryUsage of job (MB)
	178184  -  ResidentSetSize of job (KB)
...
006 (2524871.131.000) 07/20 05:16:44 Image size of job updated: 806556
	286  -  MemoryUsage of job (MB)
	292776  -  ResidentSetSize of job (KB)
...
006 (2524871.131.000) 07/20 05:31:45 Image size of job updated: 807056
	287  -  MemoryUsage of job (MB)
	293376  -  ResidentSetSize of job (KB)
...
040 (2524871.131.000) 07/20 05:34:07 Started transferring output files
...
040 (2524871.131.000) 07/20 05:34:07 Finished transferring output files
...
005 (2524871.131.000) 07/20 05:34:07 Job terminated.
	(1) Normal termination (return value 0)
		Usr 0 00:19:44, Sys 0 00:00:02  -  Run Remote Usage
		Usr 0 00:00:00, Sys 0 00:00:00  -  Run Local Usage
		Usr 0 00:19:44, Sys 0 00:00:02  -  Total Remote Usage
		Usr 0 00:00:00, Sys 0 00:00:00  -  Total Local Usage
	52907  -  Run Bytes Sent By Job
	55262812  -  Run Bytes Received By Job
	52907  -  Total Bytes Sent By Job
	55262812  -  Total Bytes Received By Job
	Partitionable Resources :     Usage  Request Allocated 
	   Cpus                 :      1.00        3         3 
	   Disk (KB)            : 182160       75000   1262025 
	   Memory (MB)          :    287        6000      6000 

	Job terminated of its own accord at 2021-07-20T03:34:07Z.
...
