000 (2524617.000.000) 07/20 01:52:26 Job submitted from host: <188.185.70.244:9618?addrs=188.185.70.244-9618+[2001-1458-d00-7--100-2ee]-9618&alias=bigbird10.cern.ch&noUDP&sock=schedd_2037_ca81>
...
040 (2524617.000.000) 07/20 01:55:22 Started transferring input files
	Transferring to host: <128.142.56.61:9618?addrs=128.142.56.61-9618+[2001-1458-301-6--100-3c]-9618&alias=b7s01p2423.cern.ch&noUDP&sock=slot1_3_43494_3522_16760>
...
040 (2524617.000.000) 07/20 01:55:23 Finished transferring input files
...
001 (2524617.000.000) 07/20 01:55:23 Job executing on host: <128.142.56.61:9618?addrs=128.142.56.61-9618+[2001-1458-301-6--100-3c]-9618&alias=b7s01p2423.cern.ch&noUDP&sock=startd_40391_71e4>
...
006 (2524617.000.000) 07/20 01:55:32 Image size of job updated: 288712
	190  -  MemoryUsage of job (MB)
	194540  -  ResidentSetSize of job (KB)
...
006 (2524617.000.000) 07/20 02:00:33 Image size of job updated: 809552
	290  -  MemoryUsage of job (MB)
	296008  -  ResidentSetSize of job (KB)
...
006 (2524617.000.000) 07/20 02:20:34 Image size of job updated: 810036
	290  -  MemoryUsage of job (MB)
	296612  -  ResidentSetSize of job (KB)
...
040 (2524617.000.000) 07/20 02:23:17 Started transferring output files
...
040 (2524617.000.000) 07/20 02:23:17 Finished transferring output files
...
005 (2524617.000.000) 07/20 02:23:17 Job terminated.
	(1) Normal termination (return value 0)
		Usr 0 00:24:53, Sys 0 00:00:02  -  Run Remote Usage
		Usr 0 00:00:00, Sys 0 00:00:00  -  Run Local Usage
		Usr 0 00:24:53, Sys 0 00:00:02  -  Total Remote Usage
		Usr 0 00:00:00, Sys 0 00:00:00  -  Total Local Usage
	53459  -  Run Bytes Sent By Job
	55262812  -  Run Bytes Received By Job
	53459  -  Total Bytes Sent By Job
	55262812  -  Total Bytes Received By Job
	Partitionable Resources :     Usage  Request Allocated 
	   Cpus                 :      1.00        3         3 
	   Disk (KB)            : 182698       75000   1296466 
	   Memory (MB)          :    290        6000      6000 

	Job terminated of its own accord at 2021-07-20T00:23:17Z.
...
