000 (2524871.045.000) 07/20 04:35:08 Job submitted from host: <188.185.70.244:9618?addrs=188.185.70.244-9618+[2001-1458-d00-7--100-2ee]-9618&alias=bigbird10.cern.ch&noUDP&sock=schedd_2037_ca81>
...
040 (2524871.045.000) 07/20 05:09:29 Started transferring input files
	Transferring to host: <128.142.73.235:9618?addrs=128.142.73.235-9618+[2001-1458-301-75--100-50b]-9618&alias=b7s11n3703.cern.ch&noUDP&sock=slot1_11_2580_97e2_19407>
...
040 (2524871.045.000) 07/20 05:09:32 Finished transferring input files
...
001 (2524871.045.000) 07/20 05:09:32 Job executing on host: <128.142.73.235:9618?addrs=128.142.73.235-9618+[2001-1458-301-75--100-50b]-9618&alias=b7s11n3703.cern.ch&noUDP&sock=startd_2007_36aa>
...
006 (2524871.045.000) 07/20 05:09:40 Image size of job updated: 29496
	11  -  MemoryUsage of job (MB)
	11016  -  ResidentSetSize of job (KB)
...
006 (2524871.045.000) 07/20 05:14:40 Image size of job updated: 636272
	209  -  MemoryUsage of job (MB)
	213764  -  ResidentSetSize of job (KB)
...
006 (2524871.045.000) 07/20 05:24:42 Image size of job updated: 636272
	209  -  MemoryUsage of job (MB)
	213772  -  ResidentSetSize of job (KB)
...
006 (2524871.045.000) 07/20 07:19:55 Image size of job updated: 892196
	370  -  MemoryUsage of job (MB)
	378316  -  ResidentSetSize of job (KB)
...
040 (2524871.045.000) 07/20 07:42:18 Started transferring output files
...
040 (2524871.045.000) 07/20 07:42:18 Finished transferring output files
...
005 (2524871.045.000) 07/20 07:42:18 Job terminated.
	(1) Normal termination (return value 0)
		Usr 0 00:27:46, Sys 0 00:00:04  -  Run Remote Usage
		Usr 0 00:00:00, Sys 0 00:00:00  -  Run Local Usage
		Usr 0 00:27:46, Sys 0 00:00:04  -  Total Remote Usage
		Usr 0 00:00:00, Sys 0 00:00:00  -  Total Local Usage
	51269  -  Run Bytes Sent By Job
	55262812  -  Run Bytes Received By Job
	51269  -  Total Bytes Sent By Job
	55262812  -  Total Bytes Received By Job
	Partitionable Resources :     Usage  Request Allocated 
	   Cpus                 :      1.00        3         3 
	   Disk (KB)            : 194648       75000    281806 
	   Memory (MB)          :    370        6000      6000 

	Job terminated of its own accord at 2021-07-20T05:42:18Z.
...
