000 (2534572.111.000) 07/21 23:44:26 Job submitted from host: <188.185.70.244:9618?addrs=188.185.70.244-9618+[2001-1458-d00-7--100-2ee]-9618&alias=bigbird10.cern.ch&noUDP&sock=schedd_2037_ca81>
...
040 (2534572.111.000) 07/21 23:50:27 Started transferring input files
	Transferring to host: <128.142.56.62:9618?addrs=128.142.56.62-9618+[2001-1458-301-6--100-3d]-9618&alias=b7s01p6047.cern.ch&noUDP&sock=slot1_22_47626_934a_15833>
...
040 (2534572.111.000) 07/21 23:50:28 Finished transferring input files
...
001 (2534572.111.000) 07/21 23:50:28 Job executing on host: <128.142.56.62:9618?addrs=128.142.56.62-9618+[2001-1458-301-6--100-3d]-9618&alias=b7s01p6047.cern.ch&noUDP&sock=startd_44533_832b>
...
006 (2534572.111.000) 07/21 23:50:36 Image size of job updated: 271736
	192  -  MemoryUsage of job (MB)
	196508  -  ResidentSetSize of job (KB)
...
006 (2534572.111.000) 07/21 23:55:36 Image size of job updated: 636664
	210  -  MemoryUsage of job (MB)
	214100  -  ResidentSetSize of job (KB)
...
006 (2534572.111.000) 07/22 01:00:43 Image size of job updated: 976528
	452  -  MemoryUsage of job (MB)
	462324  -  ResidentSetSize of job (KB)
...
006 (2534572.111.000) 07/22 01:55:51 Image size of job updated: 977016
	453  -  MemoryUsage of job (MB)
	462996  -  ResidentSetSize of job (KB)
...
040 (2534572.111.000) 07/22 02:08:24 Started transferring output files
...
040 (2534572.111.000) 07/22 02:08:24 Finished transferring output files
...
005 (2534572.111.000) 07/22 02:08:24 Job terminated.
	(1) Normal termination (return value 0)
		Usr 0 01:10:28, Sys 0 00:00:06  -  Run Remote Usage
		Usr 0 00:00:00, Sys 0 00:00:00  -  Run Local Usage
		Usr 0 01:10:28, Sys 0 00:00:06  -  Total Remote Usage
		Usr 0 00:00:00, Sys 0 00:00:00  -  Total Local Usage
	46124  -  Run Bytes Sent By Job
	55262812  -  Run Bytes Received By Job
	46124  -  Total Bytes Sent By Job
	55262812  -  Total Bytes Received By Job
	Partitionable Resources :     Usage  Request Allocated 
	   Cpus                 :      1.00        3         3 
	   Disk (KB)            : 211364       75000   1202653 
	   Memory (MB)          :    453        6000      6000 

	Job terminated of its own accord at 2021-07-22T00:08:24Z.
...
