000 (2524617.125.000) 07/20 01:52:27 Job submitted from host: <188.185.70.244:9618?addrs=188.185.70.244-9618+[2001-1458-d00-7--100-2ee]-9618&alias=bigbird10.cern.ch&noUDP&sock=schedd_2037_ca81>
...
040 (2524617.125.000) 07/20 02:00:53 Started transferring input files
	Transferring to host: <188.184.197.137:9618?addrs=188.184.197.137-9618+[2001-1458-301-103--100-2eb]-9618&alias=b7g23n9211.cern.ch&noUDP&sock=slot1_7_5004_8545_69068>
...
040 (2524617.125.000) 07/20 02:00:54 Finished transferring input files
...
001 (2524617.125.000) 07/20 02:00:54 Job executing on host: <188.184.197.137:9618?addrs=188.184.197.137-9618+[2001-1458-301-103--100-2eb]-9618&alias=b7g23n9211.cern.ch&noUDP&sock=startd_4031_825a>
...
006 (2524617.125.000) 07/20 02:01:03 Image size of job updated: 22480
	22  -  MemoryUsage of job (MB)
	22480  -  ResidentSetSize of job (KB)
...
006 (2524617.125.000) 07/20 02:06:03 Image size of job updated: 626892
	203  -  MemoryUsage of job (MB)
	207292  -  ResidentSetSize of job (KB)
...
006 (2524617.125.000) 07/20 02:16:04 Image size of job updated: 741540
	288  -  MemoryUsage of job (MB)
	294808  -  ResidentSetSize of job (KB)
...
006 (2524617.125.000) 07/20 02:31:05 Image size of job updated: 742156
	289  -  MemoryUsage of job (MB)
	295480  -  ResidentSetSize of job (KB)
...
040 (2524617.125.000) 07/20 02:35:05 Started transferring output files
...
040 (2524617.125.000) 07/20 02:35:06 Finished transferring output files
...
005 (2524617.125.000) 07/20 02:35:06 Job terminated.
	(1) Normal termination (return value 0)
		Usr 0 00:23:09, Sys 0 00:00:04  -  Run Remote Usage
		Usr 0 00:00:00, Sys 0 00:00:00  -  Run Local Usage
		Usr 0 00:23:09, Sys 0 00:00:04  -  Total Remote Usage
		Usr 0 00:00:00, Sys 0 00:00:00  -  Total Local Usage
	49091  -  Run Bytes Sent By Job
	55262812  -  Run Bytes Received By Job
	49091  -  Total Bytes Sent By Job
	55262812  -  Total Bytes Received By Job
	Partitionable Resources :     Usage  Request Allocated 
	   Cpus                 :      1.00        3         3 
	   Disk (KB)            : 183085       75000    338888 
	   Memory (MB)          :    289        6000      6000 

	Job terminated of its own accord at 2021-07-20T00:35:04Z.
...
