000 (2557077.005.000) 07/28 10:49:38 Job submitted from host: <188.185.70.244:9618?addrs=188.185.70.244-9618+[2001-1458-d00-7--100-2ee]-9618&alias=bigbird10.cern.ch&noUDP&sock=schedd_2037_ca81>
...
040 (2557077.005.000) 07/28 12:21:38 Started transferring input files
	Transferring to host: <128.142.77.63:9618?addrs=128.142.77.63-9618+[2001-1458-301-f4--100-15d]-9618&alias=b7s12n3682.cern.ch&noUDP&sock=slot1_2_6012_bf6e_126300>
...
040 (2557077.005.000) 07/28 12:21:38 Finished transferring input files
...
001 (2557077.005.000) 07/28 12:21:38 Job executing on host: <128.142.77.63:9618?addrs=128.142.77.63-9618+[2001-1458-301-f4--100-15d]-9618&alias=b7s12n3682.cern.ch&noUDP&sock=startd_16530_c898>
...
006 (2557077.005.000) 07/28 12:21:48 Image size of job updated: 80372
	36  -  MemoryUsage of job (MB)
	36384  -  ResidentSetSize of job (KB)
...
006 (2557077.005.000) 07/28 12:26:48 Image size of job updated: 786096
	267  -  MemoryUsage of job (MB)
	272816  -  ResidentSetSize of job (KB)
...
006 (2557077.005.000) 07/28 12:30:56 Image size of job updated: 786696
	267  -  MemoryUsage of job (MB)
	272816  -  ResidentSetSize of job (KB)
...
040 (2557077.005.000) 07/28 12:30:57 Started transferring output files
...
040 (2557077.005.000) 07/28 12:30:57 Finished transferring output files
...
005 (2557077.005.000) 07/28 12:30:57 Job terminated.
	(1) Normal termination (return value 0)
		Usr 0 00:08:03, Sys 0 00:00:03  -  Run Remote Usage
		Usr 0 00:00:00, Sys 0 00:00:00  -  Run Local Usage
		Usr 0 00:08:03, Sys 0 00:00:03  -  Total Remote Usage
		Usr 0 00:00:00, Sys 0 00:00:00  -  Total Local Usage
	50549  -  Run Bytes Sent By Job
	55262880  -  Run Bytes Received By Job
	50549  -  Total Bytes Sent By Job
	55262880  -  Total Bytes Received By Job
	Partitionable Resources :     Usage  Request Allocated 
	   Cpus                 :      0.47        5         5 
	   Disk (KB)            : 182211       75000    280901 
	   Memory (MB)          :    267       10000     10000 

	Job terminated of its own accord at 2021-07-28T10:30:56Z.
...
