000 (2521842.202.000) 07/19 05:55:56 Job submitted from host: <188.185.70.244:9618?addrs=188.185.70.244-9618+[2001-1458-d00-7--100-2ee]-9618&alias=bigbird10.cern.ch&noUDP&sock=schedd_2037_ca81>
...
040 (2521842.202.000) 07/19 06:03:59 Started transferring input files
	Transferring to host: <188.184.196.195:9618?addrs=188.184.196.195-9618+[2001-1458-301-102--100-cf]-9618&alias=b7g24n0377.cern.ch&noUDP&sock=slot1_10_4834_bd7e_63627>
...
040 (2521842.202.000) 07/19 06:04:00 Finished transferring input files
...
001 (2521842.202.000) 07/19 06:04:00 Job executing on host: <188.184.196.195:9618?addrs=188.184.196.195-9618+[2001-1458-301-102--100-cf]-9618&alias=b7g24n0377.cern.ch&noUDP&sock=startd_3856_7947>
...
006 (2521842.202.000) 07/19 06:04:09 Image size of job updated: 439332
	69  -  MemoryUsage of job (MB)
	70120  -  ResidentSetSize of job (KB)
...
006 (2521842.202.000) 07/19 06:09:10 Image size of job updated: 631960
	205  -  MemoryUsage of job (MB)
	209668  -  ResidentSetSize of job (KB)
...
006 (2521842.202.000) 07/19 06:24:11 Image size of job updated: 811488
	291  -  MemoryUsage of job (MB)
	297724  -  ResidentSetSize of job (KB)
...
006 (2521842.202.000) 07/19 06:44:12 Image size of job updated: 811964
	292  -  MemoryUsage of job (MB)
	298204  -  ResidentSetSize of job (KB)
...
040 (2521842.202.000) 07/19 06:47:53 Started transferring output files
...
040 (2521842.202.000) 07/19 06:47:53 Finished transferring output files
...
005 (2521842.202.000) 07/19 06:47:53 Job terminated.
	(1) Normal termination (return value 0)
		Usr 0 00:24:55, Sys 0 00:00:03  -  Run Remote Usage
		Usr 0 00:00:00, Sys 0 00:00:00  -  Run Local Usage
		Usr 0 00:24:55, Sys 0 00:00:03  -  Total Remote Usage
		Usr 0 00:00:00, Sys 0 00:00:00  -  Total Local Usage
	48208  -  Run Bytes Sent By Job
	55262812  -  Run Bytes Received By Job
	48208  -  Total Bytes Sent By Job
	55262812  -  Total Bytes Received By Job
	Partitionable Resources :     Usage  Request Allocated 
	   Cpus                 :      1.00        3         3 
	   Disk (KB)            : 183107       75000    319554 
	   Memory (MB)          :    292        6000      6000 

	Job terminated of its own accord at 2021-07-19T04:47:53Z.
...
