000 (2534572.124.000) 07/21 23:44:26 Job submitted from host: <188.185.70.244:9618?addrs=188.185.70.244-9618+[2001-1458-d00-7--100-2ee]-9618&alias=bigbird10.cern.ch&noUDP&sock=schedd_2037_ca81>
...
040 (2534572.124.000) 07/21 23:50:33 Started transferring input files
	Transferring to host: <128.142.57.25:9618?addrs=128.142.57.25-9618+[2001-1458-301-7--100-18]-9618&alias=b7s02p5905.cern.ch&noUDP&sock=slot1_5_6608_af06_18399>
...
040 (2534572.124.000) 07/21 23:50:34 Finished transferring input files
...
001 (2534572.124.000) 07/21 23:50:34 Job executing on host: <128.142.57.25:9618?addrs=128.142.57.25-9618+[2001-1458-301-7--100-18]-9618&alias=b7s02p5905.cern.ch&noUDP&sock=startd_6143_2a5f>
...
006 (2534572.124.000) 07/21 23:50:43 Image size of job updated: 291808
	170  -  MemoryUsage of job (MB)
	174016  -  ResidentSetSize of job (KB)
...
006 (2534572.124.000) 07/21 23:55:44 Image size of job updated: 630296
	204  -  MemoryUsage of job (MB)
	208676  -  ResidentSetSize of job (KB)
...
006 (2534572.124.000) 07/22 00:35:49 Image size of job updated: 1029396
	500  -  MemoryUsage of job (MB)
	511108  -  ResidentSetSize of job (KB)
...
006 (2534572.124.000) 07/22 01:10:54 Image size of job updated: 1029900
	500  -  MemoryUsage of job (MB)
	511692  -  ResidentSetSize of job (KB)
...
040 (2534572.124.000) 07/22 01:19:23 Started transferring output files
...
040 (2534572.124.000) 07/22 01:19:23 Finished transferring output files
...
005 (2534572.124.000) 07/22 01:19:24 Job terminated.
	(1) Normal termination (return value 0)
		Usr 0 00:46:02, Sys 0 00:00:06  -  Run Remote Usage
		Usr 0 00:00:00, Sys 0 00:00:00  -  Run Local Usage
		Usr 0 00:46:02, Sys 0 00:00:06  -  Total Remote Usage
		Usr 0 00:00:00, Sys 0 00:00:00  -  Total Local Usage
	44915  -  Run Bytes Sent By Job
	55262812  -  Run Bytes Received By Job
	44915  -  Total Bytes Sent By Job
	55262812  -  Total Bytes Received By Job
	Partitionable Resources :     Usage  Request Allocated 
	   Cpus                 :      1.00        3         3 
	   Disk (KB)            : 221066       75000   1292997 
	   Memory (MB)          :    500        6000      6000 

	Job terminated of its own accord at 2021-07-21T23:19:23Z.
...
