000 (2521876.011.000) 07/19 08:46:26 Job submitted from host: <188.185.70.244:9618?addrs=188.185.70.244-9618+[2001-1458-d00-7--100-2ee]-9618&alias=bigbird10.cern.ch&noUDP&sock=schedd_2037_ca81>
...
040 (2521876.011.000) 07/19 09:09:58 Started transferring input files
	Transferring to host: <128.142.32.13:9618?addrs=128.142.32.13-9618+[2001-1458-301-7f--100-9]-9618&alias=b7g00p0743.cern.ch&noUDP&sock=slot1_12_17843_c1ef_83707>
...
040 (2521876.011.000) 07/19 09:09:59 Finished transferring input files
...
001 (2521876.011.000) 07/19 09:09:59 Job executing on host: <128.142.32.13:9618?addrs=128.142.32.13-9618+[2001-1458-301-7f--100-9]-9618&alias=b7g00p0743.cern.ch&noUDP&sock=startd_17804_a440>
...
006 (2521876.011.000) 07/19 09:10:07 Image size of job updated: 437908
	132  -  MemoryUsage of job (MB)
	134284  -  ResidentSetSize of job (KB)
...
006 (2521876.011.000) 07/19 09:15:07 Image size of job updated: 813860
	294  -  MemoryUsage of job (MB)
	300128  -  ResidentSetSize of job (KB)
...
006 (2521876.011.000) 07/19 09:25:08 Image size of job updated: 814360
	294  -  MemoryUsage of job (MB)
	300672  -  ResidentSetSize of job (KB)
...
040 (2521876.011.000) 07/19 09:28:32 Started transferring output files
...
040 (2521876.011.000) 07/19 09:28:32 Finished transferring output files
...
005 (2521876.011.000) 07/19 09:28:32 Job terminated.
	(1) Normal termination (return value 0)
		Usr 0 00:15:13, Sys 0 00:00:11  -  Run Remote Usage
		Usr 0 00:00:00, Sys 0 00:00:00  -  Run Local Usage
		Usr 0 00:15:13, Sys 0 00:00:11  -  Total Remote Usage
		Usr 0 00:00:00, Sys 0 00:00:00  -  Total Local Usage
	49683  -  Run Bytes Sent By Job
	55262812  -  Run Bytes Received By Job
	49683  -  Total Bytes Sent By Job
	55262812  -  Total Bytes Received By Job
	Partitionable Resources :     Usage  Request Allocated 
	   Cpus                 :      1.00        3         3 
	   Disk (KB)            : 183543       75000    714824 
	   Memory (MB)          :    294        6000      6000 

	Job terminated of its own accord at 2021-07-19T07:28:32Z.
...
