000 (2536881.117.000) 07/22 03:18:13 Job submitted from host: <188.185.70.244:9618?addrs=188.185.70.244-9618+[2001-1458-d00-7--100-2ee]-9618&alias=bigbird10.cern.ch&noUDP&sock=schedd_2037_ca81>
...
040 (2536881.117.000) 07/22 03:35:15 Started transferring input files
	Transferring to host: <188.184.197.207:9618?addrs=188.184.197.207-9618+[2001-1458-301-103--100-dd]-9618&alias=b7g23n4187.cern.ch&noUDP&sock=slot1_8_9083_8b8a_119632>
...
040 (2536881.117.000) 07/22 03:35:16 Finished transferring input files
...
001 (2536881.117.000) 07/22 03:35:16 Job executing on host: <188.184.197.207:9618?addrs=188.184.197.207-9618+[2001-1458-301-103--100-dd]-9618&alias=b7g23n4187.cern.ch&noUDP&sock=startd_18752_e408>
...
006 (2536881.117.000) 07/22 03:35:26 Image size of job updated: 437912
	4  -  MemoryUsage of job (MB)
	3508  -  ResidentSetSize of job (KB)
...
006 (2536881.117.000) 07/22 03:40:26 Image size of job updated: 630528
	205  -  MemoryUsage of job (MB)
	208912  -  ResidentSetSize of job (KB)
...
006 (2536881.117.000) 07/22 05:05:33 Image size of job updated: 630528
	205  -  MemoryUsage of job (MB)
	208916  -  ResidentSetSize of job (KB)
...
006 (2536881.117.000) 07/22 05:30:34 Image size of job updated: 930272
	398  -  MemoryUsage of job (MB)
	406940  -  ResidentSetSize of job (KB)
...
006 (2536881.117.000) 07/22 07:05:45 Image size of job updated: 930788
	399  -  MemoryUsage of job (MB)
	407556  -  ResidentSetSize of job (KB)
...
040 (2536881.117.000) 07/22 07:18:44 Started transferring output files
...
040 (2536881.117.000) 07/22 07:18:44 Finished transferring output files
...
005 (2536881.117.000) 07/22 07:18:44 Job terminated.
	(1) Normal termination (return value 0)
		Usr 0 01:49:23, Sys 0 00:00:07  -  Run Remote Usage
		Usr 0 00:00:00, Sys 0 00:00:00  -  Run Local Usage
		Usr 0 01:49:23, Sys 0 00:00:07  -  Total Remote Usage
		Usr 0 00:00:00, Sys 0 00:00:00  -  Total Local Usage
	44977  -  Run Bytes Sent By Job
	55262812  -  Run Bytes Received By Job
	44977  -  Total Bytes Sent By Job
	55262812  -  Total Bytes Received By Job
	Partitionable Resources :     Usage  Request Allocated 
	   Cpus                 :      0.99        3         3 
	   Disk (KB)            : 203004       75000    345408 
	   Memory (MB)          :    399        6000      6000 

	Job terminated of its own accord at 2021-07-22T05:18:44Z.
...
