000 (2556073.028.000) 07/27 10:23:23 Job submitted from host: <188.185.70.244:9618?addrs=188.185.70.244-9618+[2001-1458-d00-7--100-2ee]-9618&alias=bigbird10.cern.ch&noUDP&sock=schedd_2037_ca81>
...
040 (2556073.028.000) 07/27 10:30:12 Started transferring input files
	Transferring to host: <188.184.204.169:9618?addrs=188.184.204.169-9618+[2001-1458-301-7d--100-a7]-9618&alias=b7g27n0177.cern.ch&noUDP&sock=slot1_1_19322_d8cb_121403>
...
040 (2556073.028.000) 07/27 10:30:13 Finished transferring input files
...
001 (2556073.028.000) 07/27 10:30:13 Job executing on host: <188.184.204.169:9618?addrs=188.184.204.169-9618+[2001-1458-301-7d--100-a7]-9618&alias=b7g27n0177.cern.ch&noUDP&sock=startd_1886_37b4>
...
006 (2556073.028.000) 07/27 10:30:22 Image size of job updated: 6848
	4  -  MemoryUsage of job (MB)
	3692  -  ResidentSetSize of job (KB)
...
006 (2556073.028.000) 07/27 10:35:23 Image size of job updated: 626828
	201  -  MemoryUsage of job (MB)
	205320  -  ResidentSetSize of job (KB)
...
006 (2556073.028.000) 07/27 10:40:23 Image size of job updated: 793888
	271  -  MemoryUsage of job (MB)
	276508  -  ResidentSetSize of job (KB)
...
006 (2556073.028.000) 07/27 10:50:25 Image size of job updated: 794548
	271  -  MemoryUsage of job (MB)
	277076  -  ResidentSetSize of job (KB)
...
040 (2556073.028.000) 07/27 10:53:18 Started transferring output files
...
040 (2556073.028.000) 07/27 10:53:18 Finished transferring output files
...
005 (2556073.028.000) 07/27 10:53:18 Job terminated.
	(1) Normal termination (return value 0)
		Usr 0 00:16:03, Sys 0 00:00:03  -  Run Remote Usage
		Usr 0 00:00:00, Sys 0 00:00:00  -  Run Local Usage
		Usr 0 00:16:03, Sys 0 00:00:03  -  Total Remote Usage
		Usr 0 00:00:00, Sys 0 00:00:00  -  Total Local Usage
	51282  -  Run Bytes Sent By Job
	55262880  -  Run Bytes Received By Job
	51282  -  Total Bytes Sent By Job
	55262880  -  Total Bytes Received By Job
	Partitionable Resources :     Usage  Request Allocated 
	   Cpus                 :      1.00        3         3 
	   Disk (KB)            : 184749       75000    204524 
	   Memory (MB)          :    271        6000      6000 

	Job terminated of its own accord at 2021-07-27T08:53:18Z.
...
