000 (2524871.041.000) 07/20 04:35:08 Job submitted from host: <188.185.70.244:9618?addrs=188.185.70.244-9618+[2001-1458-d00-7--100-2ee]-9618&alias=bigbird10.cern.ch&noUDP&sock=schedd_2037_ca81>
...
040 (2524871.041.000) 07/20 05:08:29 Started transferring input files
	Transferring to host: <128.142.59.103:9618?addrs=128.142.59.103-9618+[2001-1458-301-21--100-66]-9618&alias=b7s04p5872.cern.ch&noUDP&sock=slot1_21_6682_d2c9_12634>
...
040 (2524871.041.000) 07/20 05:08:30 Finished transferring input files
...
001 (2524871.041.000) 07/20 05:08:30 Job executing on host: <128.142.59.103:9618?addrs=128.142.59.103-9618+[2001-1458-301-21--100-66]-9618&alias=b7s04p5872.cern.ch&noUDP&sock=startd_6226_18bc>
...
006 (2524871.041.000) 07/20 05:08:39 Image size of job updated: 271364
	192  -  MemoryUsage of job (MB)
	196116  -  ResidentSetSize of job (KB)
...
006 (2524871.041.000) 07/20 05:13:41 Image size of job updated: 635640
	209  -  MemoryUsage of job (MB)
	213644  -  ResidentSetSize of job (KB)
...
006 (2524871.041.000) 07/20 05:18:41 Image size of job updated: 635640
	209  -  MemoryUsage of job (MB)
	213648  -  ResidentSetSize of job (KB)
...
006 (2524871.041.000) 07/20 05:43:43 Image size of job updated: 635640
	220  -  MemoryUsage of job (MB)
	224396  -  ResidentSetSize of job (KB)
...
006 (2524871.041.000) 07/20 05:48:43 Image size of job updated: 891916
	369  -  MemoryUsage of job (MB)
	377828  -  ResidentSetSize of job (KB)
...
040 (2524871.041.000) 07/20 06:05:32 Started transferring output files
...
040 (2524871.041.000) 07/20 06:05:33 Finished transferring output files
...
005 (2524871.041.000) 07/20 06:05:33 Job terminated.
	(1) Normal termination (return value 0)
		Usr 0 00:23:29, Sys 0 00:00:05  -  Run Remote Usage
		Usr 0 00:00:00, Sys 0 00:00:00  -  Run Local Usage
		Usr 0 00:23:29, Sys 0 00:00:05  -  Total Remote Usage
		Usr 0 00:00:00, Sys 0 00:00:00  -  Total Local Usage
	55939  -  Run Bytes Sent By Job
	55262812  -  Run Bytes Received By Job
	55939  -  Total Bytes Sent By Job
	55262812  -  Total Bytes Received By Job
	Partitionable Resources :     Usage  Request Allocated 
	   Cpus                 :      1.00        3         3 
	   Disk (KB)            : 194604       75000   1286371 
	   Memory (MB)          :    369        6000      6000 

	Job terminated of its own accord at 2021-07-20T04:05:32Z.
...
