000 (2524617.118.000) 07/20 01:52:27 Job submitted from host: <188.185.70.244:9618?addrs=188.185.70.244-9618+[2001-1458-d00-7--100-2ee]-9618&alias=bigbird10.cern.ch&noUDP&sock=schedd_2037_ca81>
...
040 (2524617.118.000) 07/20 02:00:50 Started transferring input files
	Transferring to host: <188.184.168.28:9618?addrs=188.184.168.28-9618+[2001-1458-301-c0--100-3c1]-9618&alias=b7g52n5593.cern.ch&noUDP&sock=slot1_12_5871_6688_77314>
...
001 (2524617.118.000) 07/20 02:00:51 Job executing on host: <188.184.168.28:9618?addrs=188.184.168.28-9618+[2001-1458-301-c0--100-3c1]-9618&alias=b7g52n5593.cern.ch&noUDP&sock=startd_4606_e94f>
...
040 (2524617.118.000) 07/20 02:00:51 Finished transferring input files
...
006 (2524617.118.000) 07/20 02:01:00 Image size of job updated: 101580
	52  -  MemoryUsage of job (MB)
	52728  -  ResidentSetSize of job (KB)
...
006 (2524617.118.000) 07/20 02:06:01 Image size of job updated: 627476
	203  -  MemoryUsage of job (MB)
	207872  -  ResidentSetSize of job (KB)
...
006 (2524617.118.000) 07/20 02:11:02 Image size of job updated: 731272
	278  -  MemoryUsage of job (MB)
	284520  -  ResidentSetSize of job (KB)
...
006 (2524617.118.000) 07/20 02:26:04 Image size of job updated: 731872
	279  -  MemoryUsage of job (MB)
	285196  -  ResidentSetSize of job (KB)
...
040 (2524617.118.000) 07/20 02:28:57 Started transferring output files
...
040 (2524617.118.000) 07/20 02:28:57 Finished transferring output files
...
005 (2524617.118.000) 07/20 02:28:57 Job terminated.
	(1) Normal termination (return value 0)
		Usr 0 00:19:49, Sys 0 00:00:02  -  Run Remote Usage
		Usr 0 00:00:00, Sys 0 00:00:00  -  Run Local Usage
		Usr 0 00:19:49, Sys 0 00:00:02  -  Total Remote Usage
		Usr 0 00:00:00, Sys 0 00:00:00  -  Total Local Usage
	51115  -  Run Bytes Sent By Job
	55262812  -  Run Bytes Received By Job
	51115  -  Total Bytes Sent By Job
	55262812  -  Total Bytes Received By Job
	Partitionable Resources :     Usage  Request Allocated 
	   Cpus                 :      0.99        3         3 
	   Disk (KB)            : 181230       75000    260302 
	   Memory (MB)          :    279        6000      6000 

	Job terminated of its own accord at 2021-07-20T00:28:57Z.
...
