000 (2521876.096.000) 07/19 08:46:26 Job submitted from host: <188.185.70.244:9618?addrs=188.185.70.244-9618+[2001-1458-d00-7--100-2ee]-9618&alias=bigbird10.cern.ch&noUDP&sock=schedd_2037_ca81>
...
040 (2521876.096.000) 07/19 10:06:25 Started transferring input files
	Transferring to host: <128.142.76.163:9618?addrs=128.142.76.163-9618+[2001-1458-301-f4--100-4ff]-9618&alias=b7s12n9658.cern.ch&noUDP&sock=slot1_2_5651_63ff_62220>
...
040 (2521876.096.000) 07/19 10:06:26 Finished transferring input files
...
001 (2521876.096.000) 07/19 10:06:26 Job executing on host: <128.142.76.163:9618?addrs=128.142.76.163-9618+[2001-1458-301-f4--100-4ff]-9618&alias=b7s12n9658.cern.ch&noUDP&sock=startd_4469_f0d5>
...
006 (2521876.096.000) 07/19 10:06:34 Image size of job updated: 248648
	171  -  MemoryUsage of job (MB)
	174556  -  ResidentSetSize of job (KB)
...
006 (2521876.096.000) 07/19 10:11:35 Image size of job updated: 910688
	388  -  MemoryUsage of job (MB)
	396892  -  ResidentSetSize of job (KB)
...
040 (2521876.096.000) 07/19 10:45:00 Started transferring output files
...
040 (2521876.096.000) 07/19 10:45:00 Finished transferring output files
...
005 (2521876.096.000) 07/19 10:45:00 Job terminated.
	(1) Normal termination (return value 0)
		Usr 0 00:38:17, Sys 0 00:00:04  -  Run Remote Usage
		Usr 0 00:00:00, Sys 0 00:00:00  -  Run Local Usage
		Usr 0 00:38:17, Sys 0 00:00:04  -  Total Remote Usage
		Usr 0 00:00:00, Sys 0 00:00:00  -  Total Local Usage
	49164  -  Run Bytes Sent By Job
	55262812  -  Run Bytes Received By Job
	49164  -  Total Bytes Sent By Job
	55262812  -  Total Bytes Received By Job
	Partitionable Resources :     Usage  Request Allocated 
	   Cpus                 :      1.00        3         3 
	   Disk (KB)            : 198142       75000    276661 
	   Memory (MB)          :    388        6000      6000 

	Job terminated of its own accord at 2021-07-19T08:45:00Z.
...
