000 (2522101.218.000) 07/19 11:55:34 Job submitted from host: <188.185.70.244:9618?addrs=188.185.70.244-9618+[2001-1458-d00-7--100-2ee]-9618&alias=bigbird10.cern.ch&noUDP&sock=schedd_2037_ca81>
...
040 (2522101.218.000) 07/19 13:14:31 Started transferring input files
	Transferring to host: <188.184.212.126:9618?addrs=188.184.212.126-9618+[2001-1458-301-10c--100-81]-9618&alias=b7g24n0268.cern.ch&noUDP&sock=slot1_1_3240_9f7d_63870>
...
040 (2522101.218.000) 07/19 13:14:32 Finished transferring input files
...
001 (2522101.218.000) 07/19 13:14:32 Job executing on host: <188.184.212.126:9618?addrs=188.184.212.126-9618+[2001-1458-301-10c--100-81]-9618&alias=b7g24n0268.cern.ch&noUDP&sock=startd_2838_35de>
...
006 (2522101.218.000) 07/19 13:14:41 Image size of job updated: 29004
	11  -  MemoryUsage of job (MB)
	10308  -  ResidentSetSize of job (KB)
...
006 (2522101.218.000) 07/19 13:19:41 Image size of job updated: 626816
	201  -  MemoryUsage of job (MB)
	205332  -  ResidentSetSize of job (KB)
...
006 (2522101.218.000) 07/19 13:34:42 Image size of job updated: 824388
	300  -  MemoryUsage of job (MB)
	307044  -  ResidentSetSize of job (KB)
...
006 (2522101.218.000) 07/19 13:49:43 Image size of job updated: 824956
	301  -  MemoryUsage of job (MB)
	307660  -  ResidentSetSize of job (KB)
...
040 (2522101.218.000) 07/19 14:06:15 Started transferring output files
...
040 (2522101.218.000) 07/19 14:06:15 Finished transferring output files
...
005 (2522101.218.000) 07/19 14:06:15 Job terminated.
	(1) Normal termination (return value 0)
		Usr 0 00:32:17, Sys 0 00:00:03  -  Run Remote Usage
		Usr 0 00:00:00, Sys 0 00:00:00  -  Run Local Usage
		Usr 0 00:32:17, Sys 0 00:00:03  -  Total Remote Usage
		Usr 0 00:00:00, Sys 0 00:00:00  -  Total Local Usage
	50350  -  Run Bytes Sent By Job
	55262812  -  Run Bytes Received By Job
	50350  -  Total Bytes Sent By Job
	55262812  -  Total Bytes Received By Job
	Partitionable Resources :     Usage  Request Allocated 
	   Cpus                 :      1.00        3         3 
	   Disk (KB)            : 185575       75000    292072 
	   Memory (MB)          :    301        6000      6000 

	Job terminated of its own accord at 2021-07-19T12:06:15Z.
...
