000 (2524871.112.000) 07/20 04:35:08 Job submitted from host: <188.185.70.244:9618?addrs=188.185.70.244-9618+[2001-1458-d00-7--100-2ee]-9618&alias=bigbird10.cern.ch&noUDP&sock=schedd_2037_ca81>
...
040 (2524871.112.000) 07/20 05:17:34 Started transferring input files
	Transferring to host: <188.184.169.230:9618?addrs=188.184.169.230-9618+[2001-1458-301-c0--100-45c]-9618&alias=b7g52n2065.cern.ch&noUDP&sock=slot1_5_5995_c50d_71495>
...
040 (2524871.112.000) 07/20 05:17:35 Finished transferring input files
...
001 (2524871.112.000) 07/20 05:17:35 Job executing on host: <188.184.169.230:9618?addrs=188.184.169.230-9618+[2001-1458-301-c0--100-45c]-9618&alias=b7g52n2065.cern.ch&noUDP&sock=startd_4849_96d2>
...
006 (2524871.112.000) 07/20 05:17:44 Image size of job updated: 168580
	104  -  MemoryUsage of job (MB)
	105800  -  ResidentSetSize of job (KB)
...
006 (2524871.112.000) 07/20 05:22:45 Image size of job updated: 631168
	205  -  MemoryUsage of job (MB)
	209472  -  ResidentSetSize of job (KB)
...
006 (2524871.112.000) 07/20 05:27:46 Image size of job updated: 631168
	205  -  MemoryUsage of job (MB)
	209476  -  ResidentSetSize of job (KB)
...
006 (2524871.112.000) 07/20 07:12:59 Image size of job updated: 835476
	311  -  MemoryUsage of job (MB)
	317584  -  ResidentSetSize of job (KB)
...
006 (2524871.112.000) 07/20 07:28:00 Image size of job updated: 836020
	311  -  MemoryUsage of job (MB)
	318228  -  ResidentSetSize of job (KB)
...
040 (2524871.112.000) 07/20 07:32:41 Started transferring output files
...
040 (2524871.112.000) 07/20 07:32:41 Finished transferring output files
...
005 (2524871.112.000) 07/20 07:32:41 Job terminated.
	(1) Normal termination (return value 0)
		Usr 0 00:22:59, Sys 0 00:00:04  -  Run Remote Usage
		Usr 0 00:00:00, Sys 0 00:00:00  -  Run Local Usage
		Usr 0 00:22:59, Sys 0 00:00:04  -  Total Remote Usage
		Usr 0 00:00:00, Sys 0 00:00:00  -  Total Local Usage
	47904  -  Run Bytes Sent By Job
	55262812  -  Run Bytes Received By Job
	47904  -  Total Bytes Sent By Job
	55262812  -  Total Bytes Received By Job
	Partitionable Resources :     Usage  Request Allocated 
	   Cpus                 :      0.99        3         3 
	   Disk (KB)            : 186717       75000    214591 
	   Memory (MB)          :    311        6000      6000 

	Job terminated of its own accord at 2021-07-20T05:32:41Z.
...
