000 (2524617.021.000) 07/20 01:52:26 Job submitted from host: <188.185.70.244:9618?addrs=188.185.70.244-9618+[2001-1458-d00-7--100-2ee]-9618&alias=bigbird10.cern.ch&noUDP&sock=schedd_2037_ca81>
...
040 (2524617.021.000) 07/20 01:55:34 Started transferring input files
	Transferring to host: <128.142.56.139:9618?addrs=128.142.56.139-9618+[2001-1458-301-6--100-8a]-9618&alias=b7s01p4087.cern.ch&noUDP&sock=slot1_9_42649_d41f_15502>
...
040 (2524617.021.000) 07/20 01:55:35 Finished transferring input files
...
001 (2524617.021.000) 07/20 01:55:35 Job executing on host: <128.142.56.139:9618?addrs=128.142.56.139-9618+[2001-1458-301-6--100-8a]-9618&alias=b7s01p4087.cern.ch&noUDP&sock=startd_39530_ded9>
...
006 (2524617.021.000) 07/20 01:55:44 Image size of job updated: 269212
	190  -  MemoryUsage of job (MB)
	193892  -  ResidentSetSize of job (KB)
...
006 (2524617.021.000) 07/20 02:00:45 Image size of job updated: 626832
	201  -  MemoryUsage of job (MB)
	205284  -  ResidentSetSize of job (KB)
...
006 (2524617.021.000) 07/20 02:05:45 Image size of job updated: 816756
	293  -  MemoryUsage of job (MB)
	299296  -  ResidentSetSize of job (KB)
...
006 (2524617.021.000) 07/20 02:15:34 Image size of job updated: 817232
	293  -  MemoryUsage of job (MB)
	299296  -  ResidentSetSize of job (KB)
...
040 (2524617.021.000) 07/20 02:15:34 Started transferring output files
...
040 (2524617.021.000) 07/20 02:15:35 Finished transferring output files
...
005 (2524617.021.000) 07/20 02:15:35 Job terminated.
	(1) Normal termination (return value 0)
		Usr 0 00:14:53, Sys 0 00:00:02  -  Run Remote Usage
		Usr 0 00:00:00, Sys 0 00:00:00  -  Run Local Usage
		Usr 0 00:14:53, Sys 0 00:00:02  -  Total Remote Usage
		Usr 0 00:00:00, Sys 0 00:00:00  -  Total Local Usage
	48741  -  Run Bytes Sent By Job
	55262812  -  Run Bytes Received By Job
	48741  -  Total Bytes Sent By Job
	55262812  -  Total Bytes Received By Job
	Partitionable Resources :     Usage  Request Allocated 
	   Cpus                 :      1.00        3         3 
	   Disk (KB)            : 184108       75000   1351696 
	   Memory (MB)          :    293        6000      6000 

	Job terminated of its own accord at 2021-07-20T00:15:34Z.
...
