000 (2521867.134.000) 07/19 07:46:08 Job submitted from host: <188.185.70.244:9618?addrs=188.185.70.244-9618+[2001-1458-d00-7--100-2ee]-9618&alias=bigbird10.cern.ch&noUDP&sock=schedd_2037_ca81>
...
040 (2521867.134.000) 07/19 07:49:31 Started transferring input files
	Transferring to host: <128.142.58.124:9618?addrs=128.142.58.124-9618+[2001-1458-301-16--100-7b]-9618&alias=b7s03p8509.cern.ch&noUDP&sock=slot1_15_797_4ef9_11169>
...
040 (2521867.134.000) 07/19 07:49:31 Finished transferring input files
...
001 (2521867.134.000) 07/19 07:49:31 Job executing on host: <128.142.58.124:9618?addrs=128.142.58.124-9618+[2001-1458-301-16--100-7b]-9618&alias=b7s03p8509.cern.ch&noUDP&sock=startd_65372_5543>
...
006 (2521867.134.000) 07/19 07:49:40 Image size of job updated: 584020
	179  -  MemoryUsage of job (MB)
	182828  -  ResidentSetSize of job (KB)
...
006 (2521867.134.000) 07/19 07:54:41 Image size of job updated: 631400
	205  -  MemoryUsage of job (MB)
	209584  -  ResidentSetSize of job (KB)
...
006 (2521867.134.000) 07/19 07:59:41 Image size of job updated: 817460
	298  -  MemoryUsage of job (MB)
	304172  -  ResidentSetSize of job (KB)
...
006 (2521867.134.000) 07/19 08:09:43 Image size of job updated: 818036
	298  -  MemoryUsage of job (MB)
	304760  -  ResidentSetSize of job (KB)
...
040 (2521867.134.000) 07/19 08:10:22 Started transferring output files
...
040 (2521867.134.000) 07/19 08:10:22 Finished transferring output files
...
005 (2521867.134.000) 07/19 08:10:22 Job terminated.
	(1) Normal termination (return value 0)
		Usr 0 00:16:07, Sys 0 00:00:02  -  Run Remote Usage
		Usr 0 00:00:00, Sys 0 00:00:00  -  Run Local Usage
		Usr 0 00:16:07, Sys 0 00:00:02  -  Total Remote Usage
		Usr 0 00:00:00, Sys 0 00:00:00  -  Total Local Usage
	49428  -  Run Bytes Sent By Job
	55262812  -  Run Bytes Received By Job
	49428  -  Total Bytes Sent By Job
	55262812  -  Total Bytes Received By Job
	Partitionable Resources :     Usage  Request Allocated 
	   Cpus                 :      1.00        3         3 
	   Disk (KB)            : 184216       75000   1280682 
	   Memory (MB)          :    298        6000      6000 

	Job terminated of its own accord at 2021-07-19T06:10:21Z.
...
