000 (2536881.098.000) 07/22 03:18:13 Job submitted from host: <188.185.70.244:9618?addrs=188.185.70.244-9618+[2001-1458-d00-7--100-2ee]-9618&alias=bigbird10.cern.ch&noUDP&sock=schedd_2037_ca81>
...
040 (2536881.098.000) 07/22 03:25:30 Started transferring input files
	Transferring to host: <128.142.58.118:9618?addrs=128.142.58.118-9618+[2001-1458-301-16--100-75]-9618&alias=b7s03p2192.cern.ch&noUDP&sock=slot1_39_6667_4128_12895>
...
040 (2536881.098.000) 07/22 03:25:30 Finished transferring input files
...
001 (2536881.098.000) 07/22 03:25:30 Job executing on host: <128.142.58.118:9618?addrs=128.142.58.118-9618+[2001-1458-301-16--100-75]-9618&alias=b7s03p2192.cern.ch&noUDP&sock=startd_6211_ced0>
...
006 (2536881.098.000) 07/22 03:25:39 Image size of job updated: 225912
	149  -  MemoryUsage of job (MB)
	151920  -  ResidentSetSize of job (KB)
...
006 (2536881.098.000) 07/22 03:30:39 Image size of job updated: 636272
	209  -  MemoryUsage of job (MB)
	213776  -  ResidentSetSize of job (KB)
...
006 (2536881.098.000) 07/22 05:10:46 Image size of job updated: 636272
	209  -  MemoryUsage of job (MB)
	213780  -  ResidentSetSize of job (KB)
...
006 (2536881.098.000) 07/22 05:15:46 Image size of job updated: 917484
	395  -  MemoryUsage of job (MB)
	403612  -  ResidentSetSize of job (KB)
...
040 (2536881.098.000) 07/22 06:02:37 Started transferring output files
...
040 (2536881.098.000) 07/22 06:02:37 Finished transferring output files
...
005 (2536881.098.000) 07/22 06:02:37 Job terminated.
	(1) Normal termination (return value 0)
		Usr 0 00:49:00, Sys 0 00:00:05  -  Run Remote Usage
		Usr 0 00:00:00, Sys 0 00:00:00  -  Run Local Usage
		Usr 0 00:49:00, Sys 0 00:00:05  -  Total Remote Usage
		Usr 0 00:00:00, Sys 0 00:00:00  -  Total Local Usage
	44839  -  Run Bytes Sent By Job
	55262812  -  Run Bytes Received By Job
	44839  -  Total Bytes Sent By Job
	55262812  -  Total Bytes Received By Job
	Partitionable Resources :     Usage  Request Allocated 
	   Cpus                 :      1.00        3         3 
	   Disk (KB)            : 199450       75000   1218421 
	   Memory (MB)          :    395        6000      6000 

	Job terminated of its own accord at 2021-07-22T04:02:37Z.
...
