000 (2522101.190.000) 07/19 11:55:34 Job submitted from host: <188.185.70.244:9618?addrs=188.185.70.244-9618+[2001-1458-d00-7--100-2ee]-9618&alias=bigbird10.cern.ch&noUDP&sock=schedd_2037_ca81>
...
040 (2522101.190.000) 07/19 13:12:09 Started transferring input files
	Transferring to host: <128.142.72.78:9618?addrs=128.142.72.78-9618&alias=b7s11n8829.cern.ch&noUDP&sock=slot1_3_2928_ca70_61816>
...
040 (2522101.190.000) 07/19 13:12:10 Finished transferring input files
...
001 (2522101.190.000) 07/19 13:12:10 Job executing on host: <128.142.72.78:9618?addrs=128.142.72.78-9618&alias=b7s11n8829.cern.ch&noUDP&sock=startd_2120_b8de>
...
006 (2522101.190.000) 07/19 13:12:19 Image size of job updated: 75284
	34  -  MemoryUsage of job (MB)
	34256  -  ResidentSetSize of job (KB)
...
006 (2522101.190.000) 07/19 13:17:20 Image size of job updated: 812220
	288  -  MemoryUsage of job (MB)
	294828  -  ResidentSetSize of job (KB)
...
006 (2522101.190.000) 07/19 13:32:22 Image size of job updated: 812724
	289  -  MemoryUsage of job (MB)
	295432  -  ResidentSetSize of job (KB)
...
040 (2522101.190.000) 07/19 13:35:36 Started transferring output files
...
040 (2522101.190.000) 07/19 13:35:37 Finished transferring output files
...
005 (2522101.190.000) 07/19 13:35:37 Job terminated.
	(1) Normal termination (return value 0)
		Usr 0 00:21:16, Sys 0 00:00:02  -  Run Remote Usage
		Usr 0 00:00:00, Sys 0 00:00:00  -  Run Local Usage
		Usr 0 00:21:16, Sys 0 00:00:02  -  Total Remote Usage
		Usr 0 00:00:00, Sys 0 00:00:00  -  Total Local Usage
	49180  -  Run Bytes Sent By Job
	55262812  -  Run Bytes Received By Job
	49180  -  Total Bytes Sent By Job
	55262812  -  Total Bytes Received By Job
	Partitionable Resources :     Usage  Request Allocated 
	   Cpus                 :      0.99        3         3 
	   Disk (KB)            : 183358       75000    273058 
	   Memory (MB)          :    289        6000      6000 

	Job terminated of its own accord at 2021-07-19T11:35:36Z.
...
