000 (2556078.027.000) 07/27 10:51:07 Job submitted from host: <188.185.70.244:9618?addrs=188.185.70.244-9618+[2001-1458-d00-7--100-2ee]-9618&alias=bigbird10.cern.ch&noUDP&sock=schedd_2037_ca81>
...
040 (2556078.027.000) 07/27 11:36:33 Started transferring input files
	Transferring to host: <128.142.56.40:9618?addrs=128.142.56.40-9618+[2001-1458-301-6--100-27]-9618&alias=b7s01p4299.cern.ch&noUDP&sock=slot1_24_47297_c3dc_21195>
...
040 (2556078.027.000) 07/27 11:36:34 Finished transferring input files
...
001 (2556078.027.000) 07/27 11:36:34 Job executing on host: <128.142.56.40:9618?addrs=128.142.56.40-9618+[2001-1458-301-6--100-27]-9618&alias=b7s01p4299.cern.ch&noUDP&sock=startd_44189_8e97>
...
006 (2556078.027.000) 07/27 11:36:42 Image size of job updated: 450168
	160  -  MemoryUsage of job (MB)
	163772  -  ResidentSetSize of job (KB)
...
006 (2556078.027.000) 07/27 11:41:42 Image size of job updated: 626820
	201  -  MemoryUsage of job (MB)
	205232  -  ResidentSetSize of job (KB)
...
006 (2556078.027.000) 07/27 11:51:44 Image size of job updated: 801432
	278  -  MemoryUsage of job (MB)
	283960  -  ResidentSetSize of job (KB)
...
006 (2556078.027.000) 07/27 11:56:44 Image size of job updated: 802264
	279  -  MemoryUsage of job (MB)
	284936  -  ResidentSetSize of job (KB)
...
040 (2556078.027.000) 07/27 12:01:12 Started transferring output files
...
040 (2556078.027.000) 07/27 12:01:13 Finished transferring output files
...
005 (2556078.027.000) 07/27 12:01:13 Job terminated.
	(1) Normal termination (return value 0)
		Usr 0 00:12:25, Sys 0 00:00:02  -  Run Remote Usage
		Usr 0 00:00:00, Sys 0 00:00:00  -  Run Local Usage
		Usr 0 00:12:25, Sys 0 00:00:02  -  Total Remote Usage
		Usr 0 00:00:00, Sys 0 00:00:00  -  Total Local Usage
	47587  -  Run Bytes Sent By Job
	55262880  -  Run Bytes Received By Job
	47587  -  Total Bytes Sent By Job
	55262880  -  Total Bytes Received By Job
	Partitionable Resources :     Usage  Request Allocated 
	   Cpus                 :      1.00        3         3 
	   Disk (KB)            : 186486       75000   1296800 
	   Memory (MB)          :    279        6000      6000 

	Job terminated of its own accord at 2021-07-27T10:01:12Z.
...
