000 (2524871.191.000) 07/20 04:35:08 Job submitted from host: <188.185.70.244:9618?addrs=188.185.70.244-9618+[2001-1458-d00-7--100-2ee]-9618&alias=bigbird10.cern.ch&noUDP&sock=schedd_2037_ca81>
...
040 (2524871.191.000) 07/20 05:25:56 Started transferring input files
	Transferring to host: <128.142.58.113:9618?addrs=128.142.58.113-9618+[2001-1458-301-16--100-70]-9618&alias=b7s03p5182.cern.ch&noUDP&sock=slot1_11_6877_37f1_12106>
...
040 (2524871.191.000) 07/20 05:25:57 Finished transferring input files
...
001 (2524871.191.000) 07/20 05:25:57 Job executing on host: <128.142.58.113:9618?addrs=128.142.58.113-9618+[2001-1458-301-16--100-70]-9618&alias=b7s03p5182.cern.ch&noUDP&sock=startd_6419_7a83>
...
006 (2524871.191.000) 07/20 05:26:05 Image size of job updated: 261612
	183  -  MemoryUsage of job (MB)
	186572  -  ResidentSetSize of job (KB)
...
006 (2524871.191.000) 07/20 05:31:05 Image size of job updated: 789476
	266  -  MemoryUsage of job (MB)
	272132  -  ResidentSetSize of job (KB)
...
040 (2524871.191.000) 07/20 05:35:10 Started transferring output files
...
040 (2524871.191.000) 07/20 05:35:10 Finished transferring output files
...
005 (2524871.191.000) 07/20 05:35:11 Job terminated.
	(1) Normal termination (return value 0)
		Usr 0 00:08:49, Sys 0 00:00:02  -  Run Remote Usage
		Usr 0 00:00:00, Sys 0 00:00:00  -  Run Local Usage
		Usr 0 00:08:49, Sys 0 00:00:02  -  Total Remote Usage
		Usr 0 00:00:00, Sys 0 00:00:00  -  Total Local Usage
	48652  -  Run Bytes Sent By Job
	55262812  -  Run Bytes Received By Job
	48652  -  Total Bytes Sent By Job
	55262812  -  Total Bytes Received By Job
	Partitionable Resources :     Usage  Request Allocated 
	   Cpus                 :      1.00        3         3 
	   Disk (KB)            : 179098       75000   1260893 
	   Memory (MB)          :    266        6000      6000 

	Job terminated of its own accord at 2021-07-20T03:35:10Z.
...
