000 (2524617.124.000) 07/20 01:52:27 Job submitted from host: <188.185.70.244:9618?addrs=188.185.70.244-9618+[2001-1458-d00-7--100-2ee]-9618&alias=bigbird10.cern.ch&noUDP&sock=schedd_2037_ca81>
...
040 (2524617.124.000) 07/20 02:00:53 Started transferring input files
	Transferring to host: <188.184.210.126:9618?addrs=188.184.210.126-9618+[2001-1458-301-10b--100-49e]-9618&alias=b7g23n9660.cern.ch&noUDP&sock=slot1_4_5052_5747_69837>
...
040 (2524617.124.000) 07/20 02:00:54 Finished transferring input files
...
001 (2524617.124.000) 07/20 02:00:54 Job executing on host: <188.184.210.126:9618?addrs=188.184.210.126-9618+[2001-1458-301-10b--100-49e]-9618&alias=b7g23n9660.cern.ch&noUDP&sock=startd_3994_2159>
...
006 (2524617.124.000) 07/20 02:01:03 Image size of job updated: 174512
	4  -  MemoryUsage of job (MB)
	3692  -  ResidentSetSize of job (KB)
...
006 (2524617.124.000) 07/20 02:06:04 Image size of job updated: 626752
	203  -  MemoryUsage of job (MB)
	207168  -  ResidentSetSize of job (KB)
...
006 (2524617.124.000) 07/20 02:16:05 Image size of job updated: 747560
	294  -  MemoryUsage of job (MB)
	300796  -  ResidentSetSize of job (KB)
...
006 (2524617.124.000) 07/20 02:46:09 Image size of job updated: 748120
	295  -  MemoryUsage of job (MB)
	301452  -  ResidentSetSize of job (KB)
...
040 (2524617.124.000) 07/20 02:49:17 Started transferring output files
...
040 (2524617.124.000) 07/20 02:49:17 Finished transferring output files
...
005 (2524617.124.000) 07/20 02:49:17 Job terminated.
	(1) Normal termination (return value 0)
		Usr 0 00:37:34, Sys 0 00:00:03  -  Run Remote Usage
		Usr 0 00:00:00, Sys 0 00:00:00  -  Run Local Usage
		Usr 0 00:37:34, Sys 0 00:00:03  -  Total Remote Usage
		Usr 0 00:00:00, Sys 0 00:00:00  -  Total Local Usage
	48709  -  Run Bytes Sent By Job
	55262812  -  Run Bytes Received By Job
	48709  -  Total Bytes Sent By Job
	55262812  -  Total Bytes Received By Job
	Partitionable Resources :     Usage  Request Allocated 
	   Cpus                 :      1.00        3         3 
	   Disk (KB)            : 184168       75000    307542 
	   Memory (MB)          :    295        6000      6000 

	Job terminated of its own accord at 2021-07-20T00:49:17Z.
...
