000 (2524871.168.000) 07/20 04:35:08 Job submitted from host: <188.185.70.244:9618?addrs=188.185.70.244-9618+[2001-1458-d00-7--100-2ee]-9618&alias=bigbird10.cern.ch&noUDP&sock=schedd_2037_ca81>
...
040 (2524871.168.000) 07/20 05:25:49 Started transferring input files
	Transferring to host: <188.184.212.91:9618?addrs=188.184.212.91-9618+[2001-1458-301-10c--100-5a]-9618&alias=b7g24n0168.cern.ch&noUDP&sock=slot1_10_4878_bdff_64221>
...
040 (2524871.168.000) 07/20 05:25:50 Finished transferring input files
...
001 (2524871.168.000) 07/20 05:25:50 Job executing on host: <188.184.212.91:9618?addrs=188.184.212.91-9618+[2001-1458-301-10c--100-5a]-9618&alias=b7g24n0168.cern.ch&noUDP&sock=startd_3745_5644>
...
006 (2524871.168.000) 07/20 05:25:59 Image size of job updated: 417640
	28  -  MemoryUsage of job (MB)
	28092  -  ResidentSetSize of job (KB)
...
006 (2524871.168.000) 07/20 05:31:00 Image size of job updated: 631932
	205  -  MemoryUsage of job (MB)
	209636  -  ResidentSetSize of job (KB)
...
006 (2524871.168.000) 07/20 05:36:00 Image size of job updated: 807140
	287  -  MemoryUsage of job (MB)
	293316  -  ResidentSetSize of job (KB)
...
006 (2524871.168.000) 07/20 05:51:01 Image size of job updated: 807660
	287  -  MemoryUsage of job (MB)
	293316  -  ResidentSetSize of job (KB)
...
040 (2524871.168.000) 07/20 05:51:02 Started transferring output files
...
040 (2524871.168.000) 07/20 05:51:03 Finished transferring output files
...
005 (2524871.168.000) 07/20 05:51:03 Job terminated.
	(1) Normal termination (return value 0)
		Usr 0 00:18:23, Sys 0 00:00:04  -  Run Remote Usage
		Usr 0 00:00:00, Sys 0 00:00:00  -  Run Local Usage
		Usr 0 00:18:23, Sys 0 00:00:04  -  Total Remote Usage
		Usr 0 00:00:00, Sys 0 00:00:00  -  Total Local Usage
	51822  -  Run Bytes Sent By Job
	55262812  -  Run Bytes Received By Job
	51822  -  Total Bytes Sent By Job
	55262812  -  Total Bytes Received By Job
	Partitionable Resources :     Usage  Request Allocated 
	   Cpus                 :      1.00        3         3 
	   Disk (KB)            : 182262       75000    293543 
	   Memory (MB)          :    287        6000      6000 

	Job terminated of its own accord at 2021-07-20T03:51:02Z.
...
