000 (2524871.090.000) 07/20 04:35:08 Job submitted from host: <188.185.70.244:9618?addrs=188.185.70.244-9618+[2001-1458-d00-7--100-2ee]-9618&alias=bigbird10.cern.ch&noUDP&sock=schedd_2037_ca81>
...
040 (2524871.090.000) 07/20 05:11:29 Started transferring input files
	Transferring to host: <128.142.56.130:9618?addrs=128.142.56.130-9618+[2001-1458-301-6--100-81]-9618&alias=b7s01p5277.cern.ch&noUDP&sock=slot1_2_42597_309d_13976>
...
040 (2524871.090.000) 07/20 05:11:30 Finished transferring input files
...
001 (2524871.090.000) 07/20 05:11:30 Job executing on host: <128.142.56.130:9618?addrs=128.142.56.130-9618+[2001-1458-301-6--100-81]-9618&alias=b7s01p5277.cern.ch&noUDP&sock=startd_39506_6893>
...
006 (2524871.090.000) 07/20 05:11:38 Image size of job updated: 424040
	144  -  MemoryUsage of job (MB)
	146440  -  ResidentSetSize of job (KB)
...
006 (2524871.090.000) 07/20 05:16:39 Image size of job updated: 627372
	201  -  MemoryUsage of job (MB)
	205772  -  ResidentSetSize of job (KB)
...
006 (2524871.090.000) 07/20 05:21:40 Image size of job updated: 813600
	290  -  MemoryUsage of job (MB)
	296160  -  ResidentSetSize of job (KB)
...
006 (2524871.090.000) 07/20 05:31:41 Image size of job updated: 814084
	290  -  MemoryUsage of job (MB)
	296740  -  ResidentSetSize of job (KB)
...
040 (2524871.090.000) 07/20 05:32:57 Started transferring output files
...
040 (2524871.090.000) 07/20 05:32:58 Finished transferring output files
...
005 (2524871.090.000) 07/20 05:32:58 Job terminated.
	(1) Normal termination (return value 0)
		Usr 0 00:16:03, Sys 0 00:00:03  -  Run Remote Usage
		Usr 0 00:00:00, Sys 0 00:00:00  -  Run Local Usage
		Usr 0 00:16:03, Sys 0 00:00:03  -  Total Remote Usage
		Usr 0 00:00:00, Sys 0 00:00:00  -  Total Local Usage
	49364  -  Run Bytes Sent By Job
	55262812  -  Run Bytes Received By Job
	49364  -  Total Bytes Sent By Job
	55262812  -  Total Bytes Received By Job
	Partitionable Resources :     Usage  Request Allocated 
	   Cpus                 :      1.00        3         3 
	   Disk (KB)            : 183545       75000   1298602 
	   Memory (MB)          :    290        6000      6000 

	Job terminated of its own accord at 2021-07-20T03:32:57Z.
...
