000 (2534572.138.000) 07/21 23:44:26 Job submitted from host: <188.185.70.244:9618?addrs=188.185.70.244-9618+[2001-1458-d00-7--100-2ee]-9618&alias=bigbird10.cern.ch&noUDP&sock=schedd_2037_ca81>
...
040 (2534572.138.000) 07/21 23:50:36 Started transferring input files
	Transferring to host: <128.142.58.115:9618?addrs=128.142.58.115-9618+[2001-1458-301-16--100-72]-9618&alias=b7s03p6668.cern.ch&noUDP&sock=slot1_6_6811_b72e_14829>
...
040 (2534572.138.000) 07/21 23:50:37 Finished transferring input files
...
001 (2534572.138.000) 07/21 23:50:37 Job executing on host: <128.142.58.115:9618?addrs=128.142.58.115-9618+[2001-1458-301-16--100-72]-9618&alias=b7s03p6668.cern.ch&noUDP&sock=startd_6360_026c>
...
006 (2534572.138.000) 07/21 23:50:46 Image size of job updated: 321400
	164  -  MemoryUsage of job (MB)
	167368  -  ResidentSetSize of job (KB)
...
006 (2534572.138.000) 07/21 23:55:47 Image size of job updated: 631960
	205  -  MemoryUsage of job (MB)
	209680  -  ResidentSetSize of job (KB)
...
006 (2534572.138.000) 07/22 00:00:48 Image size of job updated: 631960
	205  -  MemoryUsage of job (MB)
	209684  -  ResidentSetSize of job (KB)
...
006 (2534572.138.000) 07/22 00:50:54 Image size of job updated: 819860
	299  -  MemoryUsage of job (MB)
	306028  -  ResidentSetSize of job (KB)
...
006 (2534572.138.000) 07/22 01:04:36 Image size of job updated: 820388
	299  -  MemoryUsage of job (MB)
	306028  -  ResidentSetSize of job (KB)
...
040 (2534572.138.000) 07/22 01:04:36 Started transferring output files
...
040 (2534572.138.000) 07/22 01:04:36 Finished transferring output files
...
005 (2534572.138.000) 07/22 01:04:36 Job terminated.
	(1) Normal termination (return value 0)
		Usr 0 00:15:28, Sys 0 00:00:05  -  Run Remote Usage
		Usr 0 00:00:00, Sys 0 00:00:00  -  Run Local Usage
		Usr 0 00:15:28, Sys 0 00:00:05  -  Total Remote Usage
		Usr 0 00:00:00, Sys 0 00:00:00  -  Total Local Usage
	44545  -  Run Bytes Sent By Job
	55262812  -  Run Bytes Received By Job
	44545  -  Total Bytes Sent By Job
	55262812  -  Total Bytes Received By Job
	Partitionable Resources :     Usage  Request Allocated 
	   Cpus                 :      1.00        3         3 
	   Disk (KB)            : 184655       75000   1204285 
	   Memory (MB)          :    299        6000      6000 

	Job terminated of its own accord at 2021-07-21T23:04:36Z.
...
