000 (2521675.033.000) 07/19 04:18:38 Job submitted from host: <188.185.70.244:9618?addrs=188.185.70.244-9618+[2001-1458-d00-7--100-2ee]-9618&alias=bigbird10.cern.ch&noUDP&sock=schedd_2037_ca81>
...
040 (2521675.033.000) 07/19 04:24:52 Started transferring input files
	Transferring to host: <128.142.57.94:9618?addrs=128.142.57.94-9618+[2001-1458-301-7--100-5d]-9618&alias=b7s02p3547.cern.ch&noUDP&sock=slot1_21_6633_4c67_12358>
...
040 (2521675.033.000) 07/19 04:24:53 Finished transferring input files
...
001 (2521675.033.000) 07/19 04:24:53 Job executing on host: <128.142.57.94:9618?addrs=128.142.57.94-9618+[2001-1458-301-7--100-5d]-9618&alias=b7s02p3547.cern.ch&noUDP&sock=startd_6174_6dcf>
...
006 (2521675.033.000) 07/19 04:25:01 Image size of job updated: 288712
	101  -  MemoryUsage of job (MB)
	102744  -  ResidentSetSize of job (KB)
...
006 (2521675.033.000) 07/19 04:30:01 Image size of job updated: 636264
	209  -  MemoryUsage of job (MB)
	213776  -  ResidentSetSize of job (KB)
...
006 (2521675.033.000) 07/19 04:45:03 Image size of job updated: 636264
	209  -  MemoryUsage of job (MB)
	213780  -  ResidentSetSize of job (KB)
...
006 (2521675.033.000) 07/19 05:48:27 Image size of job updated: 796636
	209  -  MemoryUsage of job (MB)
	213780  -  ResidentSetSize of job (KB)
...
040 (2521675.033.000) 07/19 05:48:27 Started transferring output files
...
040 (2521675.033.000) 07/19 05:48:27 Finished transferring output files
...
005 (2521675.033.000) 07/19 05:48:27 Job terminated.
	(1) Normal termination (return value 0)
		Usr 0 00:01:55, Sys 0 00:00:03  -  Run Remote Usage
		Usr 0 00:00:00, Sys 0 00:00:00  -  Run Local Usage
		Usr 0 00:01:55, Sys 0 00:00:03  -  Total Remote Usage
		Usr 0 00:00:00, Sys 0 00:00:00  -  Total Local Usage
	50945  -  Run Bytes Sent By Job
	55262812  -  Run Bytes Received By Job
	50945  -  Total Bytes Sent By Job
	55262812  -  Total Bytes Received By Job
	Partitionable Resources :     Usage  Request Allocated 
	   Cpus                 :      0.02        3         3 
	   Disk (KB)            : 194582       75000   1263542 
	   Memory (MB)          :    209        6000      6000 

	Job terminated of its own accord at 2021-07-19T03:48:27Z.
...
