000 (2521842.038.000) 07/19 05:55:55 Job submitted from host: <188.185.70.244:9618?addrs=188.185.70.244-9618+[2001-1458-d00-7--100-2ee]-9618&alias=bigbird10.cern.ch&noUDP&sock=schedd_2037_ca81>
...
040 (2521842.038.000) 07/19 05:58:46 Started transferring input files
	Transferring to host: <128.142.57.56:9618?addrs=128.142.57.56-9618+[2001-1458-301-7--100-37]-9618&alias=b7s02p6140.cern.ch&noUDP&sock=slot1_4_4189_4783_15178>
...
040 (2521842.038.000) 07/19 05:58:47 Finished transferring input files
...
001 (2521842.038.000) 07/19 05:58:47 Job executing on host: <128.142.57.56:9618?addrs=128.142.57.56-9618+[2001-1458-301-7--100-37]-9618&alias=b7s02p6140.cern.ch&noUDP&sock=startd_3736_29ea>
...
006 (2521842.038.000) 07/19 05:58:56 Image size of job updated: 523372
	192  -  MemoryUsage of job (MB)
	196564  -  ResidentSetSize of job (KB)
...
006 (2521842.038.000) 07/19 06:03:57 Image size of job updated: 636080
	209  -  MemoryUsage of job (MB)
	213596  -  ResidentSetSize of job (KB)
...
006 (2521842.038.000) 07/19 06:29:00 Image size of job updated: 822896
	302  -  MemoryUsage of job (MB)
	308300  -  ResidentSetSize of job (KB)
...
006 (2521842.038.000) 07/19 06:34:01 Image size of job updated: 823492
	302  -  MemoryUsage of job (MB)
	308868  -  ResidentSetSize of job (KB)
...
040 (2521842.038.000) 07/19 06:42:48 Started transferring output files
...
040 (2521842.038.000) 07/19 06:42:48 Finished transferring output files
...
005 (2521842.038.000) 07/19 06:42:49 Job terminated.
	(1) Normal termination (return value 0)
		Usr 0 00:17:04, Sys 0 00:00:02  -  Run Remote Usage
		Usr 0 00:00:00, Sys 0 00:00:00  -  Run Local Usage
		Usr 0 00:17:04, Sys 0 00:00:02  -  Total Remote Usage
		Usr 0 00:00:00, Sys 0 00:00:00  -  Total Local Usage
	48696  -  Run Bytes Sent By Job
	55262812  -  Run Bytes Received By Job
	48696  -  Total Bytes Sent By Job
	55262812  -  Total Bytes Received By Job
	Partitionable Resources :     Usage  Request Allocated 
	   Cpus                 :      1.00        3         3 
	   Disk (KB)            : 184444       75000   1327472 
	   Memory (MB)          :    302        6000      6000 

	Job terminated of its own accord at 2021-07-19T04:42:48Z.
...
