000 (2556072.025.000) 07/27 10:22:33 Job submitted from host: <188.185.70.244:9618?addrs=188.185.70.244-9618+[2001-1458-d00-7--100-2ee]-9618&alias=bigbird10.cern.ch&noUDP&sock=schedd_2037_ca81>
...
040 (2556072.025.000) 07/27 10:25:32 Started transferring input files
	Transferring to host: <128.142.58.85:9618?addrs=128.142.58.85-9618+[2001-1458-301-16--100-54]-9618&alias=b7s03p6399.cern.ch&noUDP&sock=slot1_14_3265_3cde_21602>
...
040 (2556072.025.000) 07/27 10:25:33 Finished transferring input files
...
001 (2556072.025.000) 07/27 10:25:33 Job executing on host: <128.142.58.85:9618?addrs=128.142.58.85-9618+[2001-1458-301-16--100-54]-9618&alias=b7s03p6399.cern.ch&noUDP&sock=startd_2794_07b3>
...
006 (2556072.025.000) 07/27 10:25:41 Image size of job updated: 531080
	138  -  MemoryUsage of job (MB)
	140416  -  ResidentSetSize of job (KB)
...
006 (2556072.025.000) 07/27 10:30:41 Image size of job updated: 790080
	267  -  MemoryUsage of job (MB)
	272752  -  ResidentSetSize of job (KB)
...
040 (2556072.025.000) 07/27 10:32:33 Started transferring output files
...
040 (2556072.025.000) 07/27 10:32:34 Finished transferring output files
...
005 (2556072.025.000) 07/27 10:32:34 Job terminated.
	(1) Normal termination (return value 0)
		Usr 0 00:06:15, Sys 0 00:00:02  -  Run Remote Usage
		Usr 0 00:00:00, Sys 0 00:00:00  -  Run Local Usage
		Usr 0 00:06:15, Sys 0 00:00:02  -  Total Remote Usage
		Usr 0 00:00:00, Sys 0 00:00:00  -  Total Local Usage
	48741  -  Run Bytes Sent By Job
	55262880  -  Run Bytes Received By Job
	48741  -  Total Bytes Sent By Job
	55262880  -  Total Bytes Received By Job
	Partitionable Resources :    Usage  Request Allocated 
	   Cpus                 :                 3         3 
	   Disk (KB)            :   182802    75000   1323323 
	   Memory (MB)          :      267     6000      6000 

	Job terminated of its own accord at 2021-07-27T08:32:32Z.
...
