000 (2524871.128.000) 07/20 04:35:08 Job submitted from host: <188.185.70.244:9618?addrs=188.185.70.244-9618+[2001-1458-d00-7--100-2ee]-9618&alias=bigbird10.cern.ch&noUDP&sock=schedd_2037_ca81>
...
040 (2524871.128.000) 07/20 05:11:34 Started transferring input files
	Transferring to host: <128.142.56.48:9618?addrs=128.142.56.48-9618+[2001-1458-301-6--100-2f]-9618&alias=b7s01p7062.cern.ch&noUDP&sock=slot1_27_56249_4248_13477>
...
040 (2524871.128.000) 07/20 05:11:34 Finished transferring input files
...
001 (2524871.128.000) 07/20 05:11:34 Job executing on host: <128.142.56.48:9618?addrs=128.142.56.48-9618+[2001-1458-301-6--100-2f]-9618&alias=b7s01p7062.cern.ch&noUDP&sock=startd_56205_8896>
...
006 (2524871.128.000) 07/20 05:11:43 Image size of job updated: 195704
	145  -  MemoryUsage of job (MB)
	147916  -  ResidentSetSize of job (KB)
...
006 (2524871.128.000) 07/20 05:16:43 Image size of job updated: 807008
	287  -  MemoryUsage of job (MB)
	293624  -  ResidentSetSize of job (KB)
...
006 (2524871.128.000) 07/20 05:36:44 Image size of job updated: 807608
	288  -  MemoryUsage of job (MB)
	294240  -  ResidentSetSize of job (KB)
...
040 (2524871.128.000) 07/20 05:37:36 Started transferring output files
...
040 (2524871.128.000) 07/20 05:37:36 Finished transferring output files
...
005 (2524871.128.000) 07/20 05:37:36 Job terminated.
	(1) Normal termination (return value 0)
		Usr 0 00:24:43, Sys 0 00:00:02  -  Run Remote Usage
		Usr 0 00:00:00, Sys 0 00:00:00  -  Run Local Usage
		Usr 0 00:24:43, Sys 0 00:00:02  -  Total Remote Usage
		Usr 0 00:00:00, Sys 0 00:00:00  -  Total Local Usage
	52941  -  Run Bytes Sent By Job
	55262812  -  Run Bytes Received By Job
	52941  -  Total Bytes Sent By Job
	55262812  -  Total Bytes Received By Job
	Partitionable Resources :     Usage  Request Allocated 
	   Cpus                 :      1.00        3         3 
	   Disk (KB)            : 182264       75000   1306126 
	   Memory (MB)          :    288        6000      6000 

	Job terminated of its own accord at 2021-07-20T03:37:36Z.
...
