000 (2521867.196.000) 07/19 07:46:08 Job submitted from host: <188.185.70.244:9618?addrs=188.185.70.244-9618+[2001-1458-d00-7--100-2ee]-9618&alias=bigbird10.cern.ch&noUDP&sock=schedd_2037_ca81>
...
040 (2521867.196.000) 07/19 07:49:54 Started transferring input files
	Transferring to host: <128.142.57.91:9618?addrs=128.142.57.91-9618+[2001-1458-301-7--100-5a]-9618&alias=b7s02p5034.cern.ch&noUDP&sock=slot1_13_6551_85a3_13851>
...
040 (2521867.196.000) 07/19 07:49:55 Finished transferring input files
...
001 (2521867.196.000) 07/19 07:49:55 Job executing on host: <128.142.57.91:9618?addrs=128.142.57.91-9618+[2001-1458-301-7--100-5a]-9618&alias=b7s02p5034.cern.ch&noUDP&sock=startd_6089_2042>
...
006 (2521867.196.000) 07/19 07:50:04 Image size of job updated: 598580
	191  -  MemoryUsage of job (MB)
	194792  -  ResidentSetSize of job (KB)
...
006 (2521867.196.000) 07/19 07:55:05 Image size of job updated: 817472
	297  -  MemoryUsage of job (MB)
	303680  -  ResidentSetSize of job (KB)
...
006 (2521867.196.000) 07/19 08:05:05 Image size of job updated: 817944
	298  -  MemoryUsage of job (MB)
	304160  -  ResidentSetSize of job (KB)
...
040 (2521867.196.000) 07/19 08:06:35 Started transferring output files
...
040 (2521867.196.000) 07/19 08:06:35 Finished transferring output files
...
005 (2521867.196.000) 07/19 08:06:35 Job terminated.
	(1) Normal termination (return value 0)
		Usr 0 00:12:52, Sys 0 00:00:02  -  Run Remote Usage
		Usr 0 00:00:00, Sys 0 00:00:00  -  Run Local Usage
		Usr 0 00:12:52, Sys 0 00:00:02  -  Total Remote Usage
		Usr 0 00:00:00, Sys 0 00:00:00  -  Total Local Usage
	49160  -  Run Bytes Sent By Job
	55262812  -  Run Bytes Received By Job
	49160  -  Total Bytes Sent By Job
	55262812  -  Total Bytes Received By Job
	Partitionable Resources :     Usage  Request Allocated 
	   Cpus                 :      1.00        3         3 
	   Disk (KB)            : 184197       75000   1311669 
	   Memory (MB)          :    298        6000      6000 

	Job terminated of its own accord at 2021-07-19T06:06:35Z.
...
