000 (2521876.071.000) 07/19 08:46:26 Job submitted from host: <188.185.70.244:9618?addrs=188.185.70.244-9618+[2001-1458-d00-7--100-2ee]-9618&alias=bigbird10.cern.ch&noUDP&sock=schedd_2037_ca81>
...
040 (2521876.071.000) 07/19 09:41:29 Started transferring input files
	Transferring to host: <188.184.132.168:9618?addrs=188.184.132.168-9618+[2001-1458-301-a0--100-b4]-9618&alias=b7g28n0857.cern.ch&noUDP&sock=slot1_1_16630_16dd_121294>
...
040 (2521876.071.000) 07/19 09:41:30 Finished transferring input files
...
001 (2521876.071.000) 07/19 09:41:30 Job executing on host: <188.184.132.168:9618?addrs=188.184.132.168-9618+[2001-1458-301-a0--100-b4]-9618&alias=b7g28n0857.cern.ch&noUDP&sock=startd_1987_7ec5>
...
006 (2521876.071.000) 07/19 09:41:38 Image size of job updated: 86508
	40  -  MemoryUsage of job (MB)
	40920  -  ResidentSetSize of job (KB)
...
006 (2521876.071.000) 07/19 09:46:38 Image size of job updated: 813808
	293  -  MemoryUsage of job (MB)
	299972  -  ResidentSetSize of job (KB)
...
006 (2521876.071.000) 07/19 09:56:39 Image size of job updated: 814288
	294  -  MemoryUsage of job (MB)
	300564  -  ResidentSetSize of job (KB)
...
040 (2521876.071.000) 07/19 10:08:05 Started transferring output files
...
040 (2521876.071.000) 07/19 10:08:05 Finished transferring output files
...
005 (2521876.071.000) 07/19 10:08:05 Job terminated.
	(1) Normal termination (return value 0)
		Usr 0 00:26:10, Sys 0 00:00:04  -  Run Remote Usage
		Usr 0 00:00:00, Sys 0 00:00:00  -  Run Local Usage
		Usr 0 00:26:10, Sys 0 00:00:04  -  Total Remote Usage
		Usr 0 00:00:00, Sys 0 00:00:00  -  Total Local Usage
	49627  -  Run Bytes Sent By Job
	55262812  -  Run Bytes Received By Job
	49627  -  Total Bytes Sent By Job
	55262812  -  Total Bytes Received By Job
	Partitionable Resources :     Usage  Request Allocated 
	   Cpus                 :      1.00        3         3 
	   Disk (KB)            : 183527       75000    207815 
	   Memory (MB)          :    294        6000      6000 

	Job terminated of its own accord at 2021-07-19T08:08:05Z.
...
