000 (2521668.209.000) 07/19 01:56:57 Job submitted from host: <188.185.70.244:9618?addrs=188.185.70.244-9618+[2001-1458-d00-7--100-2ee]-9618&alias=bigbird10.cern.ch&noUDP&sock=schedd_2037_ca81>
...
040 (2521668.209.000) 07/19 02:17:45 Started transferring input files
	Transferring to host: <128.142.56.75:9618?addrs=128.142.56.75-9618+[2001-1458-301-6--100-4a]-9618&alias=b7s01p4222.cern.ch&noUDP&sock=slot1_8_55599_466e_12539>
...
040 (2521668.209.000) 07/19 02:17:46 Finished transferring input files
...
001 (2521668.209.000) 07/19 02:17:46 Job executing on host: <128.142.56.75:9618?addrs=128.142.56.75-9618+[2001-1458-301-6--100-4a]-9618&alias=b7s01p4222.cern.ch&noUDP&sock=startd_52500_3632>
...
006 (2521668.209.000) 07/19 02:17:55 Image size of job updated: 324344
	109  -  MemoryUsage of job (MB)
	111496  -  ResidentSetSize of job (KB)
...
006 (2521668.209.000) 07/19 02:22:56 Image size of job updated: 626284
	201  -  MemoryUsage of job (MB)
	205264  -  ResidentSetSize of job (KB)
...
006 (2521668.209.000) 07/19 02:45:01 Image size of job updated: 790896
	201  -  MemoryUsage of job (MB)
	205264  -  ResidentSetSize of job (KB)
...
040 (2521668.209.000) 07/19 02:45:01 Started transferring output files
...
040 (2521668.209.000) 07/19 02:45:01 Finished transferring output files
...
005 (2521668.209.000) 07/19 02:45:02 Job terminated.
	(1) Normal termination (return value 0)
		Usr 0 00:00:49, Sys 0 00:00:02  -  Run Remote Usage
		Usr 0 00:00:00, Sys 0 00:00:00  -  Run Local Usage
		Usr 0 00:00:49, Sys 0 00:00:02  -  Total Remote Usage
		Usr 0 00:00:00, Sys 0 00:00:00  -  Total Local Usage
	51366  -  Run Bytes Sent By Job
	55262812  -  Run Bytes Received By Job
	51366  -  Total Bytes Sent By Job
	55262812  -  Total Bytes Received By Job
	Partitionable Resources :     Usage  Request Allocated 
	   Cpus                 :      0.01        3         3 
	   Disk (KB)            : 181887       75000   1288508 
	   Memory (MB)          :    201        6000      6000 

	Job terminated of its own accord at 2021-07-19T00:45:01Z.
...
