000 (2521842.143.000) 07/19 05:55:56 Job submitted from host: <188.185.70.244:9618?addrs=188.185.70.244-9618+[2001-1458-d00-7--100-2ee]-9618&alias=bigbird10.cern.ch&noUDP&sock=schedd_2037_ca81>
...
040 (2521842.143.000) 07/19 06:03:39 Started transferring input files
	Transferring to host: <188.184.133.210:9618?addrs=188.184.133.210-9618+[2001-1458-301-a0--100-1db]-9618&alias=b7g28n8871.cern.ch&noUDP&sock=slot1_3_3771_c2b2_114014>
...
040 (2521842.143.000) 07/19 06:03:40 Finished transferring input files
...
001 (2521842.143.000) 07/19 06:03:40 Job executing on host: <188.184.133.210:9618?addrs=188.184.133.210-9618+[2001-1458-301-a0--100-1db]-9618&alias=b7g28n8871.cern.ch&noUDP&sock=startd_3928_dc19>
...
006 (2521842.143.000) 07/19 06:03:49 Image size of job updated: 403136
	30  -  MemoryUsage of job (MB)
	30156  -  ResidentSetSize of job (KB)
...
006 (2521842.143.000) 07/19 06:08:50 Image size of job updated: 631392
	205  -  MemoryUsage of job (MB)
	209604  -  ResidentSetSize of job (KB)
...
006 (2521842.143.000) 07/19 06:28:52 Image size of job updated: 811640
	292  -  MemoryUsage of job (MB)
	298204  -  ResidentSetSize of job (KB)
...
006 (2521842.143.000) 07/19 06:43:54 Image size of job updated: 812120
	292  -  MemoryUsage of job (MB)
	298788  -  ResidentSetSize of job (KB)
...
040 (2521842.143.000) 07/19 06:46:29 Started transferring output files
...
040 (2521842.143.000) 07/19 06:46:29 Finished transferring output files
...
005 (2521842.143.000) 07/19 06:46:29 Job terminated.
	(1) Normal termination (return value 0)
		Usr 0 00:22:08, Sys 0 00:00:03  -  Run Remote Usage
		Usr 0 00:00:00, Sys 0 00:00:00  -  Run Local Usage
		Usr 0 00:22:08, Sys 0 00:00:03  -  Total Remote Usage
		Usr 0 00:00:00, Sys 0 00:00:00  -  Total Local Usage
	48400  -  Run Bytes Sent By Job
	55262812  -  Run Bytes Received By Job
	48400  -  Total Bytes Sent By Job
	55262812  -  Total Bytes Received By Job
	Partitionable Resources :     Usage  Request Allocated 
	   Cpus                 :      1.00        3         3 
	   Disk (KB)            : 183140       75000    190789 
	   Memory (MB)          :    292        6000      6000 

	Job terminated of its own accord at 2021-07-19T04:46:29Z.
...
