000 (2521876.074.000) 07/19 08:46:26 Job submitted from host: <188.185.70.244:9618?addrs=188.185.70.244-9618+[2001-1458-d00-7--100-2ee]-9618&alias=bigbird10.cern.ch&noUDP&sock=schedd_2037_ca81>
...
040 (2521876.074.000) 07/19 09:51:02 Started transferring input files
	Transferring to host: <128.142.56.21:9618?addrs=128.142.56.21-9618+[2001-1458-301-6--100-14]-9618&alias=b7s01p6166.cern.ch&noUDP&sock=slot1_52_50910_734f_13311>
...
040 (2521876.074.000) 07/19 09:51:03 Finished transferring input files
...
001 (2521876.074.000) 07/19 09:51:03 Job executing on host: <128.142.56.21:9618?addrs=128.142.56.21-9618+[2001-1458-301-6--100-14]-9618&alias=b7s01p6166.cern.ch&noUDP&sock=startd_47824_dd59>
...
006 (2521876.074.000) 07/19 09:51:11 Image size of job updated: 174500
	78  -  MemoryUsage of job (MB)
	78912  -  ResidentSetSize of job (KB)
...
006 (2521876.074.000) 07/19 09:56:11 Image size of job updated: 814440
	294  -  MemoryUsage of job (MB)
	300764  -  ResidentSetSize of job (KB)
...
006 (2521876.074.000) 07/19 10:06:12 Image size of job updated: 814948
	295  -  MemoryUsage of job (MB)
	301368  -  ResidentSetSize of job (KB)
...
040 (2521876.074.000) 07/19 10:06:31 Started transferring output files
...
040 (2521876.074.000) 07/19 10:06:31 Finished transferring output files
...
005 (2521876.074.000) 07/19 10:06:32 Job terminated.
	(1) Normal termination (return value 0)
		Usr 0 00:14:31, Sys 0 00:00:02  -  Run Remote Usage
		Usr 0 00:00:00, Sys 0 00:00:00  -  Run Local Usage
		Usr 0 00:14:31, Sys 0 00:00:02  -  Total Remote Usage
		Usr 0 00:00:00, Sys 0 00:00:00  -  Total Local Usage
	49600  -  Run Bytes Sent By Job
	55262812  -  Run Bytes Received By Job
	49600  -  Total Bytes Sent By Job
	55262812  -  Total Bytes Received By Job
	Partitionable Resources :     Usage  Request Allocated 
	   Cpus                 :      1.00        3         3 
	   Disk (KB)            : 183650       75000   1277532 
	   Memory (MB)          :    295        6000      6000 

	Job terminated of its own accord at 2021-07-19T08:06:31Z.
...
