000 (2534572.022.000) 07/21 23:44:26 Job submitted from host: <188.185.70.244:9618?addrs=188.185.70.244-9618+[2001-1458-d00-7--100-2ee]-9618&alias=bigbird10.cern.ch&noUDP&sock=schedd_2037_ca81>
...
040 (2534572.022.000) 07/21 23:49:37 Started transferring input files
	Transferring to host: <128.142.73.161:9618?addrs=128.142.73.161-9618+[2001-1458-301-75--100-462]-9618&alias=b7s11n5267.cern.ch&noUDP&sock=slot1_13_5879_0988_75305>
...
040 (2534572.022.000) 07/21 23:49:38 Finished transferring input files
...
001 (2534572.022.000) 07/21 23:49:38 Job executing on host: <128.142.73.161:9618?addrs=128.142.73.161-9618+[2001-1458-301-75--100-462]-9618&alias=b7s11n5267.cern.ch&noUDP&sock=startd_4704_2197>
...
006 (2534572.022.000) 07/21 23:49:47 Image size of job updated: 67408
	32  -  MemoryUsage of job (MB)
	32144  -  ResidentSetSize of job (KB)
...
006 (2534572.022.000) 07/21 23:54:48 Image size of job updated: 625728
	200  -  MemoryUsage of job (MB)
	204732  -  ResidentSetSize of job (KB)
...
006 (2534572.022.000) 07/22 00:49:54 Image size of job updated: 814436
	291  -  MemoryUsage of job (MB)
	297080  -  ResidentSetSize of job (KB)
...
006 (2534572.022.000) 07/22 00:59:55 Image size of job updated: 814936
	291  -  MemoryUsage of job (MB)
	297692  -  ResidentSetSize of job (KB)
...
040 (2534572.022.000) 07/22 01:07:47 Started transferring output files
...
040 (2534572.022.000) 07/22 01:07:47 Finished transferring output files
...
005 (2534572.022.000) 07/22 01:07:47 Job terminated.
	(1) Normal termination (return value 0)
		Usr 0 00:21:50, Sys 0 00:00:03  -  Run Remote Usage
		Usr 0 00:00:00, Sys 0 00:00:00  -  Run Local Usage
		Usr 0 00:21:50, Sys 0 00:00:03  -  Total Remote Usage
		Usr 0 00:00:00, Sys 0 00:00:00  -  Total Local Usage
	44586  -  Run Bytes Sent By Job
	55262812  -  Run Bytes Received By Job
	44586  -  Total Bytes Sent By Job
	55262812  -  Total Bytes Received By Job
	Partitionable Resources :     Usage  Request Allocated 
	   Cpus                 :      0.99        3         3 
	   Disk (KB)            : 183786       75000    251610 
	   Memory (MB)          :    291        6000      6000 

	Job terminated of its own accord at 2021-07-21T23:07:46Z.
...
