000 (2526743.013.000) 07/20 13:19:13 Job submitted from host: <188.185.70.244:9618?addrs=188.185.70.244-9618+[2001-1458-d00-7--100-2ee]-9618&alias=bigbird10.cern.ch&noUDP&sock=schedd_2037_ca81>
...
040 (2526743.013.000) 07/20 13:20:48 Started transferring input files
	Transferring to host: <128.142.58.111:9618?addrs=128.142.58.111-9618+[2001-1458-301-16--100-6e]-9618&alias=b7s03p0160.cern.ch&noUDP&sock=slot1_35_6736_df0b_11315>
...
040 (2526743.013.000) 07/20 13:20:49 Finished transferring input files
...
001 (2526743.013.000) 07/20 13:20:49 Job executing on host: <128.142.58.111:9618?addrs=128.142.58.111-9618+[2001-1458-301-16--100-6e]-9618&alias=b7s03p0160.cern.ch&noUDP&sock=startd_6271_f67f>
...
006 (2526743.013.000) 07/20 13:20:57 Image size of job updated: 573900
	163  -  MemoryUsage of job (MB)
	166536  -  ResidentSetSize of job (KB)
...
006 (2526743.013.000) 07/20 13:25:57 Image size of job updated: 631964
	205  -  MemoryUsage of job (MB)
	209676  -  ResidentSetSize of job (KB)
...
006 (2526743.013.000) 07/20 13:55:59 Image size of job updated: 809252
	289  -  MemoryUsage of job (MB)
	295336  -  ResidentSetSize of job (KB)
...
006 (2526743.013.000) 07/20 14:05:49 Image size of job updated: 809712
	289  -  MemoryUsage of job (MB)
	295336  -  ResidentSetSize of job (KB)
...
040 (2526743.013.000) 07/20 14:05:49 Started transferring output files
...
040 (2526743.013.000) 07/20 14:05:49 Finished transferring output files
...
005 (2526743.013.000) 07/20 14:05:49 Job terminated.
	(1) Normal termination (return value 0)
		Usr 0 00:13:35, Sys 0 00:00:02  -  Run Remote Usage
		Usr 0 00:00:00, Sys 0 00:00:00  -  Run Local Usage
		Usr 0 00:13:35, Sys 0 00:00:02  -  Total Remote Usage
		Usr 0 00:00:00, Sys 0 00:00:00  -  Total Local Usage
	53383  -  Run Bytes Sent By Job
	55262812  -  Run Bytes Received By Job
	53383  -  Total Bytes Sent By Job
	55262812  -  Total Bytes Received By Job
	Partitionable Resources :     Usage  Request Allocated 
	   Cpus                 :      1.00        3         3 
	   Disk (KB)            : 182637       75000   1239176 
	   Memory (MB)          :    289        6000      6000 

	Job terminated of its own accord at 2021-07-20T12:05:49Z.
...
