000 (2521842.060.000) 07/19 05:55:55 Job submitted from host: <188.185.70.244:9618?addrs=188.185.70.244-9618+[2001-1458-d00-7--100-2ee]-9618&alias=bigbird10.cern.ch&noUDP&sock=schedd_2037_ca81>
...
040 (2521842.060.000) 07/19 06:01:12 Started transferring input files
	Transferring to host: <128.142.161.97:9618?addrs=128.142.161.97-9618+[2001-1458-301-b8--100-1f]-9618&alias=b7g03p8238.cern.ch&noUDP&sock=slot1_5_45867_3362_46166>
...
040 (2521842.060.000) 07/19 06:01:13 Finished transferring input files
...
001 (2521842.060.000) 07/19 06:01:13 Job executing on host: <128.142.161.97:9618?addrs=128.142.161.97-9618+[2001-1458-301-b8--100-1f]-9618&alias=b7g03p8238.cern.ch&noUDP&sock=startd_70615_9850>
...
006 (2521842.060.000) 07/19 06:01:22 Image size of job updated: 176276
	109  -  MemoryUsage of job (MB)
	111516  -  ResidentSetSize of job (KB)
...
006 (2521842.060.000) 07/19 06:06:23 Image size of job updated: 630340
	204  -  MemoryUsage of job (MB)
	208712  -  ResidentSetSize of job (KB)
...
006 (2521842.060.000) 07/19 06:21:25 Image size of job updated: 838716
	314  -  MemoryUsage of job (MB)
	320752  -  ResidentSetSize of job (KB)
...
006 (2521842.060.000) 07/19 06:31:26 Image size of job updated: 839396
	314  -  MemoryUsage of job (MB)
	321392  -  ResidentSetSize of job (KB)
...
040 (2521842.060.000) 07/19 06:34:56 Started transferring output files
...
040 (2521842.060.000) 07/19 06:34:56 Finished transferring output files
...
005 (2521842.060.000) 07/19 06:34:57 Job terminated.
	(1) Normal termination (return value 0)
		Usr 0 00:16:10, Sys 0 00:00:08  -  Run Remote Usage
		Usr 0 00:00:00, Sys 0 00:00:00  -  Run Local Usage
		Usr 0 00:16:10, Sys 0 00:00:08  -  Total Remote Usage
		Usr 0 00:00:00, Sys 0 00:00:00  -  Total Local Usage
	47894  -  Run Bytes Sent By Job
	55262812  -  Run Bytes Received By Job
	47894  -  Total Bytes Sent By Job
	55262812  -  Total Bytes Received By Job
	Partitionable Resources :     Usage  Request Allocated 
	   Cpus                 :      1.00        3         3 
	   Disk (KB)            : 187431       75000   1153614 
	   Memory (MB)          :    314        6000      6000 

	Job terminated of its own accord at 2021-07-19T04:34:56Z.
...
