000 (2522101.164.000) 07/19 11:55:34 Job submitted from host: <188.185.70.244:9618?addrs=188.185.70.244-9618+[2001-1458-d00-7--100-2ee]-9618&alias=bigbird10.cern.ch&noUDP&sock=schedd_2037_ca81>
...
040 (2522101.164.000) 07/19 12:56:12 Started transferring input files
	Transferring to host: <128.142.59.73:9618?addrs=128.142.59.73-9618+[2001-1458-301-21--100-48]-9618&alias=b7s04p0096.cern.ch&noUDP&sock=slot1_26_4518_16f1_10001>
...
040 (2522101.164.000) 07/19 12:56:13 Finished transferring input files
...
001 (2522101.164.000) 07/19 12:56:13 Job executing on host: <128.142.59.73:9618?addrs=128.142.59.73-9618+[2001-1458-301-21--100-48]-9618&alias=b7s04p0096.cern.ch&noUDP&sock=startd_3934_f9aa>
...
006 (2522101.164.000) 07/19 12:56:22 Image size of job updated: 249216
	191  -  MemoryUsage of job (MB)
	194828  -  ResidentSetSize of job (KB)
...
006 (2522101.164.000) 07/19 13:01:24 Image size of job updated: 631412
	205  -  MemoryUsage of job (MB)
	209616  -  ResidentSetSize of job (KB)
...
006 (2522101.164.000) 07/19 13:26:26 Image size of job updated: 817056
	297  -  MemoryUsage of job (MB)
	303728  -  ResidentSetSize of job (KB)
...
006 (2522101.164.000) 07/19 13:34:51 Image size of job updated: 817560
	297  -  MemoryUsage of job (MB)
	303728  -  ResidentSetSize of job (KB)
...
040 (2522101.164.000) 07/19 13:34:51 Started transferring output files
...
040 (2522101.164.000) 07/19 13:34:51 Finished transferring output files
...
005 (2522101.164.000) 07/19 13:34:51 Job terminated.
	(1) Normal termination (return value 0)
		Usr 0 00:13:21, Sys 0 00:00:02  -  Run Remote Usage
		Usr 0 00:00:00, Sys 0 00:00:00  -  Run Local Usage
		Usr 0 00:13:21, Sys 0 00:00:02  -  Total Remote Usage
		Usr 0 00:00:00, Sys 0 00:00:00  -  Total Local Usage
	49651  -  Run Bytes Sent By Job
	55262812  -  Run Bytes Received By Job
	49651  -  Total Bytes Sent By Job
	55262812  -  Total Bytes Received By Job
	Partitionable Resources :     Usage  Request Allocated 
	   Cpus                 :      1.00        3         3 
	   Disk (KB)            : 184123       75000   1266204 
	   Memory (MB)          :    297        6000      6000 

	Job terminated of its own accord at 2021-07-19T11:34:51Z.
...
