000 (2524617.218.000) 07/20 01:52:27 Job submitted from host: <188.185.70.244:9618?addrs=188.185.70.244-9618+[2001-1458-d00-7--100-2ee]-9618&alias=bigbird10.cern.ch&noUDP&sock=schedd_2037_ca81>
...
040 (2524617.218.000) 07/20 02:01:29 Started transferring input files
	Transferring to host: <188.184.138.79:9618?addrs=188.184.138.79-9618+[2001-1458-301-45--100-34]-9618&alias=b7g42n0152.cern.ch&noUDP&sock=slot1_2_3133_3b58_70135>
...
040 (2524617.218.000) 07/20 02:01:30 Finished transferring input files
...
001 (2524617.218.000) 07/20 02:01:30 Job executing on host: <188.184.138.79:9618?addrs=188.184.138.79-9618+[2001-1458-301-45--100-34]-9618&alias=b7g42n0152.cern.ch&noUDP&sock=startd_2854_2f62>
...
006 (2524617.218.000) 07/20 02:01:39 Image size of job updated: 48216
	28  -  MemoryUsage of job (MB)
	28100  -  ResidentSetSize of job (KB)
...
006 (2524617.218.000) 07/20 02:06:39 Image size of job updated: 816308
	292  -  MemoryUsage of job (MB)
	298852  -  ResidentSetSize of job (KB)
...
006 (2524617.218.000) 07/20 02:51:43 Image size of job updated: 816776
	293  -  MemoryUsage of job (MB)
	299456  -  ResidentSetSize of job (KB)
...
040 (2524617.218.000) 07/20 02:55:50 Started transferring output files
...
040 (2524617.218.000) 07/20 02:55:51 Finished transferring output files
...
005 (2524617.218.000) 07/20 02:55:51 Job terminated.
	(1) Normal termination (return value 0)
		Usr 0 00:51:27, Sys 0 00:00:03  -  Run Remote Usage
		Usr 0 00:00:00, Sys 0 00:00:00  -  Run Local Usage
		Usr 0 00:51:27, Sys 0 00:00:03  -  Total Remote Usage
		Usr 0 00:00:00, Sys 0 00:00:00  -  Total Local Usage
	49687  -  Run Bytes Sent By Job
	55262812  -  Run Bytes Received By Job
	49687  -  Total Bytes Sent By Job
	55262812  -  Total Bytes Received By Job
	Partitionable Resources :     Usage  Request Allocated 
	   Cpus                 :      0.99        3         3 
	   Disk (KB)            : 184025       75000    289344 
	   Memory (MB)          :    293        6000      6000 

	Job terminated of its own accord at 2021-07-20T00:55:50Z.
...
