000 (2522101.043.000) 07/19 11:55:34 Job submitted from host: <188.185.70.244:9618?addrs=188.185.70.244-9618+[2001-1458-d00-7--100-2ee]-9618&alias=bigbird10.cern.ch&noUDP&sock=schedd_2037_ca81>
...
040 (2522101.043.000) 07/19 12:26:28 Started transferring input files
	Transferring to host: <128.142.57.87:9618?addrs=128.142.57.87-9618+[2001-1458-301-7--100-56]-9618&alias=b7s02p3502.cern.ch&noUDP&sock=slot1_36_6384_dafd_12677>
...
040 (2522101.043.000) 07/19 12:26:29 Finished transferring input files
...
001 (2522101.043.000) 07/19 12:26:29 Job executing on host: <128.142.57.87:9618?addrs=128.142.57.87-9618+[2001-1458-301-7--100-56]-9618&alias=b7s02p3502.cern.ch&noUDP&sock=startd_6148_9858>
...
006 (2522101.043.000) 07/19 12:26:38 Image size of job updated: 271832
	192  -  MemoryUsage of job (MB)
	196528  -  ResidentSetSize of job (KB)
...
006 (2522101.043.000) 07/19 12:31:39 Image size of job updated: 636664
	210  -  MemoryUsage of job (MB)
	214108  -  ResidentSetSize of job (KB)
...
006 (2522101.043.000) 07/19 12:36:39 Image size of job updated: 968004
	443  -  MemoryUsage of job (MB)
	453464  -  ResidentSetSize of job (KB)
...
006 (2522101.043.000) 07/19 13:06:43 Image size of job updated: 968372
	444  -  MemoryUsage of job (MB)
	454056  -  ResidentSetSize of job (KB)
...
040 (2522101.043.000) 07/19 13:16:27 Started transferring output files
...
040 (2522101.043.000) 07/19 13:16:27 Finished transferring output files
...
005 (2522101.043.000) 07/19 13:16:27 Job terminated.
	(1) Normal termination (return value 0)
		Usr 0 00:45:36, Sys 0 00:00:05  -  Run Remote Usage
		Usr 0 00:00:00, Sys 0 00:00:00  -  Run Local Usage
		Usr 0 00:45:36, Sys 0 00:00:05  -  Total Remote Usage
		Usr 0 00:00:00, Sys 0 00:00:00  -  Total Local Usage
	49197  -  Run Bytes Sent By Job
	55262812  -  Run Bytes Received By Job
	49197  -  Total Bytes Sent By Job
	55262812  -  Total Bytes Received By Job
	Partitionable Resources :     Usage  Request Allocated 
	   Cpus                 :      1.00        3         3 
	   Disk (KB)            : 209714       75000   1287590 
	   Memory (MB)          :    444        6000      6000 

	Job terminated of its own accord at 2021-07-19T11:16:27Z.
...
