000 (2557077.008.000) 07/28 10:49:38 Job submitted from host: <188.185.70.244:9618?addrs=188.185.70.244-9618+[2001-1458-d00-7--100-2ee]-9618&alias=bigbird10.cern.ch&noUDP&sock=schedd_2037_ca81>
...
040 (2557077.008.000) 07/28 12:22:38 Started transferring input files
	Transferring to host: <188.184.169.89:9618?addrs=188.184.169.89-9618+[2001-1458-301-c0--100-47f]-9618&alias=b7g52n8361.cern.ch&noUDP&sock=slot1_10_5836_bd66_83542>
...
040 (2557077.008.000) 07/28 12:22:38 Finished transferring input files
...
001 (2557077.008.000) 07/28 12:22:38 Job executing on host: <188.184.169.89:9618?addrs=188.184.169.89-9618+[2001-1458-301-c0--100-47f]-9618&alias=b7g52n8361.cern.ch&noUDP&sock=startd_4615_15a9>
...
006 (2557077.008.000) 07/28 12:22:47 Image size of job updated: 23252
	6  -  MemoryUsage of job (MB)
	5276  -  ResidentSetSize of job (KB)
...
006 (2557077.008.000) 07/28 12:27:48 Image size of job updated: 786184
	266  -  MemoryUsage of job (MB)
	272348  -  ResidentSetSize of job (KB)
...
006 (2557077.008.000) 07/28 12:32:37 Image size of job updated: 786788
	266  -  MemoryUsage of job (MB)
	272348  -  ResidentSetSize of job (KB)
...
040 (2557077.008.000) 07/28 12:32:37 Started transferring output files
...
040 (2557077.008.000) 07/28 12:32:37 Finished transferring output files
...
005 (2557077.008.000) 07/28 12:32:37 Job terminated.
	(1) Normal termination (return value 0)
		Usr 0 00:08:43, Sys 0 00:00:03  -  Run Remote Usage
		Usr 0 00:00:00, Sys 0 00:00:00  -  Run Local Usage
		Usr 0 00:08:43, Sys 0 00:00:03  -  Total Remote Usage
		Usr 0 00:00:00, Sys 0 00:00:00  -  Total Local Usage
	49842  -  Run Bytes Sent By Job
	55262880  -  Run Bytes Received By Job
	49842  -  Total Bytes Sent By Job
	55262880  -  Total Bytes Received By Job
	Partitionable Resources :    Usage  Request Allocated 
	   Cpus                 :                 5         5 
	   Disk (KB)            :   182230    75000    260523 
	   Memory (MB)          :      266    10000     10000 

	Job terminated of its own accord at 2021-07-28T10:32:37Z.
...
