000 (2526743.093.000) 07/20 13:19:14 Job submitted from host: <188.185.70.244:9618?addrs=188.185.70.244-9618+[2001-1458-d00-7--100-2ee]-9618&alias=bigbird10.cern.ch&noUDP&sock=schedd_2037_ca81>
...
040 (2526743.093.000) 07/20 13:21:35 Started transferring input files
	Transferring to host: <128.142.56.156:9618?addrs=128.142.56.156-9618+[2001-1458-301-6--100-9b]-9618&alias=b7s01p3504.cern.ch&noUDP&sock=slot1_5_44820_7e98_17308>
...
040 (2526743.093.000) 07/20 13:21:36 Finished transferring input files
...
001 (2526743.093.000) 07/20 13:21:36 Job executing on host: <128.142.56.156:9618?addrs=128.142.56.156-9618+[2001-1458-301-6--100-9b]-9618&alias=b7s01p3504.cern.ch&noUDP&sock=startd_41731_92cc>
...
006 (2526743.093.000) 07/20 13:21:45 Image size of job updated: 420112
	11  -  MemoryUsage of job (MB)
	10724  -  ResidentSetSize of job (KB)
...
006 (2526743.093.000) 07/20 13:26:46 Image size of job updated: 626280
	201  -  MemoryUsage of job (MB)
	205280  -  ResidentSetSize of job (KB)
...
006 (2526743.093.000) 07/20 13:36:47 Image size of job updated: 815628
	292  -  MemoryUsage of job (MB)
	298604  -  ResidentSetSize of job (KB)
...
006 (2526743.093.000) 07/20 13:50:11 Image size of job updated: 816220
	292  -  MemoryUsage of job (MB)
	298604  -  ResidentSetSize of job (KB)
...
040 (2526743.093.000) 07/20 13:50:11 Started transferring output files
...
040 (2526743.093.000) 07/20 13:50:11 Finished transferring output files
...
005 (2526743.093.000) 07/20 13:50:11 Job terminated.
	(1) Normal termination (return value 0)
		Usr 0 00:14:26, Sys 0 00:00:03  -  Run Remote Usage
		Usr 0 00:00:00, Sys 0 00:00:00  -  Run Local Usage
		Usr 0 00:14:26, Sys 0 00:00:03  -  Total Remote Usage
		Usr 0 00:00:00, Sys 0 00:00:00  -  Total Local Usage
	48980  -  Run Bytes Sent By Job
	55262812  -  Run Bytes Received By Job
	48980  -  Total Bytes Sent By Job
	55262812  -  Total Bytes Received By Job
	Partitionable Resources :     Usage  Request Allocated 
	   Cpus                 :      1.00        3         3 
	   Disk (KB)            : 183912       75000   1262042 
	   Memory (MB)          :    292        6000      6000 

	Job terminated of its own accord at 2021-07-20T11:50:11Z.
...
