000 (2523366.004.000) 07/19 23:50:30 Job submitted from host: <188.185.70.244:9618?addrs=188.185.70.244-9618+[2001-1458-d00-7--100-2ee]-9618&alias=bigbird10.cern.ch&noUDP&sock=schedd_2037_ca81>
...
040 (2523366.004.000) 07/19 23:52:35 Started transferring input files
	Transferring to host: <128.142.57.72:9618?addrs=128.142.57.72-9618+[2001-1458-301-7--100-47]-9618&alias=b7s02p9503.cern.ch&noUDP&sock=slot1_7_6636_6987_12758>
...
040 (2523366.004.000) 07/19 23:52:39 Finished transferring input files
...
001 (2523366.004.000) 07/19 23:52:39 Job executing on host: <128.142.57.72:9618?addrs=128.142.57.72-9618+[2001-1458-301-7--100-47]-9618&alias=b7s02p9503.cern.ch&noUDP&sock=startd_6146_3928>
...
006 (2523366.004.000) 07/19 23:52:48 Image size of job updated: 65828
	32  -  MemoryUsage of job (MB)
	32128  -  ResidentSetSize of job (KB)
...
006 (2523366.004.000) 07/19 23:57:49 Image size of job updated: 804548
	285  -  MemoryUsage of job (MB)
	291204  -  ResidentSetSize of job (KB)
...
006 (2523366.004.000) 07/20 00:07:49 Image size of job updated: 805028
	285  -  MemoryUsage of job (MB)
	291800  -  ResidentSetSize of job (KB)
...
040 (2523366.004.000) 07/20 00:08:49 Started transferring output files
...
040 (2523366.004.000) 07/20 00:08:49 Finished transferring output files
...
005 (2523366.004.000) 07/20 00:08:49 Job terminated.
	(1) Normal termination (return value 0)
		Usr 0 00:13:55, Sys 0 00:00:02  -  Run Remote Usage
		Usr 0 00:00:00, Sys 0 00:00:00  -  Run Local Usage
		Usr 0 00:13:55, Sys 0 00:00:02  -  Total Remote Usage
		Usr 0 00:00:00, Sys 0 00:00:00  -  Total Local Usage
	52061  -  Run Bytes Sent By Job
	55262812  -  Run Bytes Received By Job
	52061  -  Total Bytes Sent By Job
	55262812  -  Total Bytes Received By Job
	Partitionable Resources :     Usage  Request Allocated 
	   Cpus                 :      1.00        3         3 
	   Disk (KB)            : 181794       75000   1247687 
	   Memory (MB)          :    285        6000      6000 

	Job terminated of its own accord at 2021-07-19T22:08:49Z.
...
