000 (2534572.209.000) 07/21 23:44:26 Job submitted from host: <188.185.70.244:9618?addrs=188.185.70.244-9618+[2001-1458-d00-7--100-2ee]-9618&alias=bigbird10.cern.ch&noUDP&sock=schedd_2037_ca81>
...
040 (2534572.209.000) 07/21 23:51:01 Started transferring input files
	Transferring to host: <128.142.56.66:9618?addrs=128.142.56.66-9618&alias=b7s01p1980.cern.ch&noUDP&sock=slot1_2_3257_99de_17009>
...
040 (2534572.209.000) 07/21 23:51:02 Finished transferring input files
...
001 (2534572.209.000) 07/21 23:51:02 Job executing on host: <128.142.56.66:9618?addrs=128.142.56.66-9618&alias=b7s01p1980.cern.ch&noUDP&sock=startd_2721_f549>
...
006 (2534572.209.000) 07/21 23:51:11 Image size of job updated: 249556
	171  -  MemoryUsage of job (MB)
	174656  -  ResidentSetSize of job (KB)
...
006 (2534572.209.000) 07/21 23:56:12 Image size of job updated: 626832
	201  -  MemoryUsage of job (MB)
	205308  -  ResidentSetSize of job (KB)
...
006 (2534572.209.000) 07/22 00:46:18 Image size of job updated: 814212
	290  -  MemoryUsage of job (MB)
	296916  -  ResidentSetSize of job (KB)
...
006 (2534572.209.000) 07/22 00:51:19 Image size of job updated: 814212
	291  -  MemoryUsage of job (MB)
	297584  -  ResidentSetSize of job (KB)
...
006 (2534572.209.000) 07/22 00:53:49 Image size of job updated: 814896
	291  -  MemoryUsage of job (MB)
	297584  -  ResidentSetSize of job (KB)
...
040 (2534572.209.000) 07/22 00:53:49 Started transferring output files
...
040 (2534572.209.000) 07/22 00:53:49 Finished transferring output files
...
005 (2534572.209.000) 07/22 00:53:49 Job terminated.
	(1) Normal termination (return value 0)
		Usr 0 00:13:01, Sys 0 00:00:02  -  Run Remote Usage
		Usr 0 00:00:00, Sys 0 00:00:00  -  Run Local Usage
		Usr 0 00:13:01, Sys 0 00:00:02  -  Total Remote Usage
		Usr 0 00:00:00, Sys 0 00:00:00  -  Total Local Usage
	43363  -  Run Bytes Sent By Job
	55262812  -  Run Bytes Received By Job
	43363  -  Total Bytes Sent By Job
	55262812  -  Total Bytes Received By Job
	Partitionable Resources :     Usage  Request Allocated 
	   Cpus                 :      1.00        3         3 
	   Disk (KB)            : 183761       75000   1249868 
	   Memory (MB)          :    291        6000      6000 

	Job terminated of its own accord at 2021-07-21T22:53:49Z.
...
