000 (2556074.000.000) 07/27 10:23:52 Job submitted from host: <188.185.70.244:9618?addrs=188.185.70.244-9618+[2001-1458-d00-7--100-2ee]-9618&alias=bigbird10.cern.ch&noUDP&sock=schedd_2037_ca81>
...
040 (2556074.000.000) 07/27 10:30:14 Started transferring input files
	Transferring to host: <128.142.58.105:9618?addrs=128.142.58.105-9618+[2001-1458-301-16--100-68]-9618&alias=b7s03p1998.cern.ch&noUDP&sock=slot1_51_6686_a449_18510>
...
040 (2556074.000.000) 07/27 10:30:15 Finished transferring input files
...
001 (2556074.000.000) 07/27 10:30:15 Job executing on host: <128.142.58.105:9618?addrs=128.142.58.105-9618+[2001-1458-301-16--100-68]-9618&alias=b7s03p1998.cern.ch&noUDP&sock=startd_6227_c854>
...
006 (2556074.000.000) 07/27 10:30:23 Image size of job updated: 147608
	89  -  MemoryUsage of job (MB)
	90420  -  ResidentSetSize of job (KB)
...
006 (2556074.000.000) 07/27 10:35:23 Image size of job updated: 630836
	205  -  MemoryUsage of job (MB)
	209076  -  ResidentSetSize of job (KB)
...
006 (2556074.000.000) 07/27 10:40:24 Image size of job updated: 786292
	267  -  MemoryUsage of job (MB)
	272944  -  ResidentSetSize of job (KB)
...
006 (2556074.000.000) 07/27 10:44:21 Image size of job updated: 786796
	267  -  MemoryUsage of job (MB)
	272944  -  ResidentSetSize of job (KB)
...
040 (2556074.000.000) 07/27 10:44:21 Started transferring output files
...
040 (2556074.000.000) 07/27 10:44:21 Finished transferring output files
...
005 (2556074.000.000) 07/27 10:44:22 Job terminated.
	(1) Normal termination (return value 0)
		Usr 0 00:06:07, Sys 0 00:00:02  -  Run Remote Usage
		Usr 0 00:00:00, Sys 0 00:00:00  -  Run Local Usage
		Usr 0 00:06:07, Sys 0 00:00:02  -  Total Remote Usage
		Usr 0 00:00:00, Sys 0 00:00:00  -  Total Local Usage
	50928  -  Run Bytes Sent By Job
	55262880  -  Run Bytes Received By Job
	50928  -  Total Bytes Sent By Job
	55262880  -  Total Bytes Received By Job
	Partitionable Resources :     Usage  Request Allocated 
	   Cpus                 :      0.69        3         3 
	   Disk (KB)            : 182245       75000   1267563 
	   Memory (MB)          :    267        6000      6000 

	Job terminated of its own accord at 2021-07-27T08:44:21Z.
...
