000 (2521668.061.000) 07/19 01:56:56 Job submitted from host: <188.185.70.244:9618?addrs=188.185.70.244-9618+[2001-1458-d00-7--100-2ee]-9618&alias=bigbird10.cern.ch&noUDP&sock=schedd_2037_ca81>
...
040 (2521668.061.000) 07/19 02:01:47 Started transferring input files
	Transferring to host: <128.142.69.52:9618?addrs=128.142.69.52-9618+[2001-1458-301-52--100-221]-9618&alias=b7s10n0647.cern.ch&noUDP&sock=slot1_3_4559_fa52_83766>
...
040 (2521668.061.000) 07/19 02:01:48 Finished transferring input files
...
001 (2521668.061.000) 07/19 02:01:48 Job executing on host: <128.142.69.52:9618?addrs=128.142.69.52-9618+[2001-1458-301-52--100-221]-9618&alias=b7s10n0647.cern.ch&noUDP&sock=startd_3886_0d1e>
...
006 (2521668.061.000) 07/19 02:01:56 Image size of job updated: 146484
	88  -  MemoryUsage of job (MB)
	89752  -  ResidentSetSize of job (KB)
...
006 (2521668.061.000) 07/19 02:06:56 Image size of job updated: 630300
	204  -  MemoryUsage of job (MB)
	208664  -  ResidentSetSize of job (KB)
...
006 (2521668.061.000) 07/19 03:52:07 Image size of job updated: 633428
	207  -  MemoryUsage of job (MB)
	211852  -  ResidentSetSize of job (KB)
...
006 (2521668.061.000) 07/19 03:53:49 Image size of job updated: 806420
	207  -  MemoryUsage of job (MB)
	211852  -  ResidentSetSize of job (KB)
...
040 (2521668.061.000) 07/19 03:53:49 Started transferring output files
...
040 (2521668.061.000) 07/19 03:53:49 Finished transferring output files
...
005 (2521668.061.000) 07/19 03:53:49 Job terminated.
	(1) Normal termination (return value 0)
		Usr 0 00:03:05, Sys 0 00:00:05  -  Run Remote Usage
		Usr 0 00:00:00, Sys 0 00:00:00  -  Run Local Usage
		Usr 0 00:03:05, Sys 0 00:00:05  -  Total Remote Usage
		Usr 0 00:00:00, Sys 0 00:00:00  -  Total Local Usage
	56287  -  Run Bytes Sent By Job
	55262812  -  Run Bytes Received By Job
	56287  -  Total Bytes Sent By Job
	55262812  -  Total Bytes Received By Job
	Partitionable Resources :     Usage  Request Allocated 
	   Cpus                 :      0.02        3         3 
	   Disk (KB)            : 208747       75000    277357 
	   Memory (MB)          :    207        6000      6000 

	Job terminated of its own accord at 2021-07-19T01:53:49Z.
...
