000 (2521675.010.000) 07/19 04:18:38 Job submitted from host: <188.185.70.244:9618?addrs=188.185.70.244-9618+[2001-1458-d00-7--100-2ee]-9618&alias=bigbird10.cern.ch&noUDP&sock=schedd_2037_ca81>
...
040 (2521675.010.000) 07/19 04:24:07 Started transferring input files
	Transferring to host: <188.184.169.244:9618?addrs=188.184.169.244-9618+[2001-1458-301-c0--100-374]-9618&alias=b7g52n5344.cern.ch&noUDP&sock=slot1_11_6306_e5ba_78561>
...
040 (2521675.010.000) 07/19 04:24:08 Finished transferring input files
...
001 (2521675.010.000) 07/19 04:24:08 Job executing on host: <188.184.169.244:9618?addrs=188.184.169.244-9618+[2001-1458-301-c0--100-374]-9618&alias=b7g52n5344.cern.ch&noUDP&sock=startd_5049_c5c3>
...
006 (2521675.010.000) 07/19 04:24:16 Image size of job updated: 143808
	87  -  MemoryUsage of job (MB)
	88316  -  ResidentSetSize of job (KB)
...
006 (2521675.010.000) 07/19 04:29:16 Image size of job updated: 631392
	205  -  MemoryUsage of job (MB)
	209596  -  ResidentSetSize of job (KB)
...
006 (2521675.010.000) 07/19 04:34:17 Image size of job updated: 766564
	252  -  MemoryUsage of job (MB)
	257348  -  ResidentSetSize of job (KB)
...
040 (2521675.010.000) 07/19 04:34:19 Started transferring output files
...
040 (2521675.010.000) 07/19 04:34:19 Finished transferring output files
...
005 (2521675.010.000) 07/19 04:34:19 Job terminated.
	(1) Normal termination (return value 0)
		Usr 0 00:01:14, Sys 0 00:00:02  -  Run Remote Usage
		Usr 0 00:00:00, Sys 0 00:00:00  -  Run Local Usage
		Usr 0 00:01:14, Sys 0 00:00:02  -  Total Remote Usage
		Usr 0 00:00:00, Sys 0 00:00:00  -  Total Local Usage
	52794  -  Run Bytes Sent By Job
	55262812  -  Run Bytes Received By Job
	52794  -  Total Bytes Sent By Job
	55262812  -  Total Bytes Received By Job
	Partitionable Resources :     Usage  Request Allocated 
	   Cpus                 :      0.00        3         3 
	   Disk (KB)            : 182242       75000    284513 
	   Memory (MB)          :    252        6000      6000 

	Job terminated of its own accord at 2021-07-19T02:34:18Z.
...
