000 (2521867.138.000) 07/19 07:46:08 Job submitted from host: <188.185.70.244:9618?addrs=188.185.70.244-9618+[2001-1458-d00-7--100-2ee]-9618&alias=bigbird10.cern.ch&noUDP&sock=schedd_2037_ca81>
...
040 (2521867.138.000) 07/19 07:49:32 Started transferring input files
	Transferring to host: <128.142.56.41:9618?addrs=128.142.56.41-9618+[2001-1458-301-6--100-28]-9618&alias=b7s01p1486.cern.ch&noUDP&sock=slot1_13_2011_ae6b_15622>
...
040 (2521867.138.000) 07/19 07:49:33 Finished transferring input files
...
001 (2521867.138.000) 07/19 07:49:33 Job executing on host: <128.142.56.41:9618?addrs=128.142.56.41-9618+[2001-1458-301-6--100-28]-9618&alias=b7s01p1486.cern.ch&noUDP&sock=startd_1967_c6e0>
...
006 (2521867.138.000) 07/19 07:49:42 Image size of job updated: 518560
	191  -  MemoryUsage of job (MB)
	194800  -  ResidentSetSize of job (KB)
...
006 (2521867.138.000) 07/19 07:54:43 Image size of job updated: 631964
	205  -  MemoryUsage of job (MB)
	209660  -  ResidentSetSize of job (KB)
...
006 (2521867.138.000) 07/19 07:59:43 Image size of job updated: 817436
	297  -  MemoryUsage of job (MB)
	303520  -  ResidentSetSize of job (KB)
...
006 (2521867.138.000) 07/19 08:09:44 Image size of job updated: 817968
	298  -  MemoryUsage of job (MB)
	304196  -  ResidentSetSize of job (KB)
...
040 (2521867.138.000) 07/19 08:12:12 Started transferring output files
...
040 (2521867.138.000) 07/19 08:12:12 Finished transferring output files
...
005 (2521867.138.000) 07/19 08:12:12 Job terminated.
	(1) Normal termination (return value 0)
		Usr 0 00:14:54, Sys 0 00:00:03  -  Run Remote Usage
		Usr 0 00:00:00, Sys 0 00:00:00  -  Run Local Usage
		Usr 0 00:14:54, Sys 0 00:00:03  -  Total Remote Usage
		Usr 0 00:00:00, Sys 0 00:00:00  -  Total Local Usage
	48901  -  Run Bytes Sent By Job
	55262812  -  Run Bytes Received By Job
	48901  -  Total Bytes Sent By Job
	55262812  -  Total Bytes Received By Job
	Partitionable Resources :     Usage  Request Allocated 
	   Cpus                 :      1.00        3         3 
	   Disk (KB)            : 184188       75000   1301301 
	   Memory (MB)          :    298        6000      6000 

	Job terminated of its own accord at 2021-07-19T06:12:12Z.
...
