000 (2521842.123.000) 07/19 05:55:56 Job submitted from host: <188.185.70.244:9618?addrs=188.185.70.244-9618+[2001-1458-d00-7--100-2ee]-9618&alias=bigbird10.cern.ch&noUDP&sock=schedd_2037_ca81>
...
040 (2521842.123.000) 07/19 06:01:39 Started transferring input files
	Transferring to host: <128.142.57.118:9618?addrs=128.142.57.118-9618+[2001-1458-301-7--100-75]-9618&alias=b7s02p2058.cern.ch&noUDP&sock=slot1_8_6712_f60a_12395>
...
040 (2521842.123.000) 07/19 06:01:40 Finished transferring input files
...
001 (2521842.123.000) 07/19 06:01:40 Job executing on host: <128.142.57.118:9618?addrs=128.142.57.118-9618+[2001-1458-301-7--100-75]-9618&alias=b7s02p2058.cern.ch&noUDP&sock=startd_6242_123f>
...
006 (2521842.123.000) 07/19 06:01:49 Image size of job updated: 276560
	192  -  MemoryUsage of job (MB)
	195652  -  ResidentSetSize of job (KB)
...
006 (2521842.123.000) 07/19 06:06:50 Image size of job updated: 630960
	205  -  MemoryUsage of job (MB)
	209264  -  ResidentSetSize of job (KB)
...
006 (2521842.123.000) 07/19 06:11:50 Image size of job updated: 630960
	205  -  MemoryUsage of job (MB)
	209268  -  ResidentSetSize of job (KB)
...
006 (2521842.123.000) 07/19 06:36:53 Image size of job updated: 838424
	313  -  MemoryUsage of job (MB)
	320288  -  ResidentSetSize of job (KB)
...
006 (2521842.123.000) 07/19 06:51:54 Image size of job updated: 838976
	314  -  MemoryUsage of job (MB)
	320948  -  ResidentSetSize of job (KB)
...
040 (2521842.123.000) 07/19 06:55:03 Started transferring output files
...
040 (2521842.123.000) 07/19 06:55:03 Finished transferring output files
...
005 (2521842.123.000) 07/19 06:55:03 Job terminated.
	(1) Normal termination (return value 0)
		Usr 0 00:19:40, Sys 0 00:00:03  -  Run Remote Usage
		Usr 0 00:00:00, Sys 0 00:00:00  -  Run Local Usage
		Usr 0 00:19:40, Sys 0 00:00:03  -  Total Remote Usage
		Usr 0 00:00:00, Sys 0 00:00:00  -  Total Local Usage
	47673  -  Run Bytes Sent By Job
	55262812  -  Run Bytes Received By Job
	47673  -  Total Bytes Sent By Job
	55262812  -  Total Bytes Received By Job
	Partitionable Resources :     Usage  Request Allocated 
	   Cpus                 :      1.00        3         3 
	   Disk (KB)            : 187360       75000   1212827 
	   Memory (MB)          :    314        6000      6000 

	Job terminated of its own accord at 2021-07-19T04:55:03Z.
...
