000 (2521675.212.000) 07/19 04:18:40 Job submitted from host: <188.185.70.244:9618?addrs=188.185.70.244-9618+[2001-1458-d00-7--100-2ee]-9618&alias=bigbird10.cern.ch&noUDP&sock=schedd_2037_ca81>
...
040 (2521675.212.000) 07/19 04:26:41 Started transferring input files
	Transferring to host: <128.142.57.139:9618?addrs=128.142.57.139-9618+[2001-1458-301-7--100-8a]-9618&alias=b7s02p4498.cern.ch&noUDP&sock=slot1_15_6693_92e9_15782>
...
040 (2521675.212.000) 07/19 04:26:41 Finished transferring input files
...
001 (2521675.212.000) 07/19 04:26:41 Job executing on host: <128.142.57.139:9618?addrs=128.142.57.139-9618+[2001-1458-301-7--100-8a]-9618&alias=b7s02p4498.cern.ch&noUDP&sock=startd_6230_d71d>
...
006 (2521675.212.000) 07/19 04:26:50 Image size of job updated: 626704
	202  -  MemoryUsage of job (MB)
	205904  -  ResidentSetSize of job (KB)
...
006 (2521675.212.000) 07/19 04:27:21 Image size of job updated: 768932
	202  -  MemoryUsage of job (MB)
	205904  -  ResidentSetSize of job (KB)
...
040 (2521675.212.000) 07/19 04:27:23 Started transferring output files
...
040 (2521675.212.000) 07/19 04:27:23 Finished transferring output files
...
005 (2521675.212.000) 07/19 04:27:23 Job terminated.
	(1) Normal termination (return value 0)
		Usr 0 00:00:37, Sys 0 00:00:01  -  Run Remote Usage
		Usr 0 00:00:00, Sys 0 00:00:00  -  Run Local Usage
		Usr 0 00:00:37, Sys 0 00:00:01  -  Total Remote Usage
		Usr 0 00:00:00, Sys 0 00:00:00  -  Total Local Usage
	48955  -  Run Bytes Sent By Job
	55262812  -  Run Bytes Received By Job
	48955  -  Total Bytes Sent By Job
	55262812  -  Total Bytes Received By Job
	Partitionable Resources :    Usage  Request Allocated 
	   Cpus                 :                 3         3 
	   Disk (KB)            :   184938    75000   1339694 
	   Memory (MB)          :      202     6000      6000 

	Job terminated of its own accord at 2021-07-19T02:27:21Z.
...
