000 (2536881.083.000) 07/22 03:18:13 Job submitted from host: <188.185.70.244:9618?addrs=188.185.70.244-9618+[2001-1458-d00-7--100-2ee]-9618&alias=bigbird10.cern.ch&noUDP&sock=schedd_2037_ca81>
...
040 (2536881.083.000) 07/22 03:25:13 Started transferring input files
	Transferring to host: <128.142.56.55:9618?addrs=128.142.56.55-9618+[2001-1458-301-6--100-36]-9618&alias=b7s01p1201.cern.ch&noUDP&sock=slot1_3_56275_9409_19354>
...
040 (2536881.083.000) 07/22 03:25:13 Finished transferring input files
...
001 (2536881.083.000) 07/22 03:25:13 Job executing on host: <128.142.56.55:9618?addrs=128.142.56.55-9618+[2001-1458-301-6--100-36]-9618&alias=b7s01p1201.cern.ch&noUDP&sock=startd_53180_a299>
...
006 (2536881.083.000) 07/22 03:25:22 Image size of job updated: 216200
	140  -  MemoryUsage of job (MB)
	142984  -  ResidentSetSize of job (KB)
...
006 (2536881.083.000) 07/22 03:30:22 Image size of job updated: 627588
	202  -  MemoryUsage of job (MB)
	206600  -  ResidentSetSize of job (KB)
...
006 (2536881.083.000) 07/22 03:35:22 Image size of job updated: 833844
	310  -  MemoryUsage of job (MB)
	316924  -  ResidentSetSize of job (KB)
...
006 (2536881.083.000) 07/22 03:49:19 Image size of job updated: 834296
	310  -  MemoryUsage of job (MB)
	316924  -  ResidentSetSize of job (KB)
...
040 (2536881.083.000) 07/22 03:49:19 Started transferring output files
...
040 (2536881.083.000) 07/22 03:49:19 Finished transferring output files
...
005 (2536881.083.000) 07/22 03:49:19 Job terminated.
	(1) Normal termination (return value 0)
		Usr 0 00:18:56, Sys 0 00:00:02  -  Run Remote Usage
		Usr 0 00:00:00, Sys 0 00:00:00  -  Run Local Usage
		Usr 0 00:18:56, Sys 0 00:00:02  -  Total Remote Usage
		Usr 0 00:00:00, Sys 0 00:00:00  -  Total Local Usage
	45503  -  Run Bytes Sent By Job
	55262812  -  Run Bytes Received By Job
	45503  -  Total Bytes Sent By Job
	55262812  -  Total Bytes Received By Job
	Partitionable Resources :     Usage  Request Allocated 
	   Cpus                 :      1.00        3         3 
	   Disk (KB)            : 187313       75000   1202122 
	   Memory (MB)          :    310        6000      6000 

	Job terminated of its own accord at 2021-07-22T01:49:19Z.
...
