000 (2536881.175.000) 07/22 03:18:13 Job submitted from host: <188.185.70.244:9618?addrs=188.185.70.244-9618+[2001-1458-d00-7--100-2ee]-9618&alias=bigbird10.cern.ch&noUDP&sock=schedd_2037_ca81>
...
040 (2536881.175.000) 07/22 03:56:08 Started transferring input files
	Transferring to host: <128.142.59.19:9618?addrs=128.142.59.19-9618+[2001-1458-301-21--100-12]-9618&alias=b7s04p6244.cern.ch&noUDP&sock=slot1_4_4048_ee9e_16028>
...
040 (2536881.175.000) 07/22 03:56:09 Finished transferring input files
...
001 (2536881.175.000) 07/22 03:56:09 Job executing on host: <128.142.59.19:9618?addrs=128.142.59.19-9618+[2001-1458-301-21--100-12]-9618&alias=b7s04p6244.cern.ch&noUDP&sock=startd_3596_22a7>
...
006 (2536881.175.000) 07/22 03:56:17 Image size of job updated: 270012
	191  -  MemoryUsage of job (MB)
	194796  -  ResidentSetSize of job (KB)
...
006 (2536881.175.000) 07/22 04:01:17 Image size of job updated: 816560
	296  -  MemoryUsage of job (MB)
	302688  -  ResidentSetSize of job (KB)
...
006 (2536881.175.000) 07/22 04:11:18 Image size of job updated: 817036
	297  -  MemoryUsage of job (MB)
	303264  -  ResidentSetSize of job (KB)
...
040 (2536881.175.000) 07/22 04:11:20 Started transferring output files
...
040 (2536881.175.000) 07/22 04:11:20 Finished transferring output files
...
005 (2536881.175.000) 07/22 04:11:21 Job terminated.
	(1) Normal termination (return value 0)
		Usr 0 00:15:04, Sys 0 00:00:01  -  Run Remote Usage
		Usr 0 00:00:00, Sys 0 00:00:00  -  Run Local Usage
		Usr 0 00:15:04, Sys 0 00:00:01  -  Total Remote Usage
		Usr 0 00:00:00, Sys 0 00:00:00  -  Total Local Usage
	44261  -  Run Bytes Sent By Job
	55262812  -  Run Bytes Received By Job
	44261  -  Total Bytes Sent By Job
	55262812  -  Total Bytes Received By Job
	Partitionable Resources :     Usage  Request Allocated 
	   Cpus                 :      1.00        3         3 
	   Disk (KB)            : 184058       75000   1274276 
	   Memory (MB)          :    297        6000      6000 

	Job terminated of its own accord at 2021-07-22T02:11:20Z.
...
