000 (2521842.023.000) 07/19 05:55:55 Job submitted from host: <188.185.70.244:9618?addrs=188.185.70.244-9618+[2001-1458-d00-7--100-2ee]-9618&alias=bigbird10.cern.ch&noUDP&sock=schedd_2037_ca81>
...
040 (2521842.023.000) 07/19 05:58:43 Started transferring input files
	Transferring to host: <188.184.197.89:9618?addrs=188.184.197.89-9618+[2001-1458-301-103--100-d5]-9618&alias=b7g23n8693.cern.ch&noUDP&sock=slot1_3_29338_0662_122054>
...
040 (2521842.023.000) 07/19 05:58:43 Finished transferring input files
...
001 (2521842.023.000) 07/19 05:58:43 Job executing on host: <188.184.197.89:9618?addrs=188.184.197.89-9618+[2001-1458-301-103--100-d5]-9618&alias=b7g23n8693.cern.ch&noUDP&sock=startd_18475_e44c>
...
006 (2521842.023.000) 07/19 05:58:52 Image size of job updated: 288720
	5  -  MemoryUsage of job (MB)
	4240  -  ResidentSetSize of job (KB)
...
006 (2521842.023.000) 07/19 06:03:52 Image size of job updated: 626820
	201  -  MemoryUsage of job (MB)
	205256  -  ResidentSetSize of job (KB)
...
006 (2521842.023.000) 07/19 06:13:53 Image size of job updated: 791800
	268  -  MemoryUsage of job (MB)
	274380  -  ResidentSetSize of job (KB)
...
006 (2521842.023.000) 07/19 06:33:54 Image size of job updated: 792284
	269  -  MemoryUsage of job (MB)
	274980  -  ResidentSetSize of job (KB)
...
040 (2521842.023.000) 07/19 06:37:31 Started transferring output files
...
040 (2521842.023.000) 07/19 06:37:31 Finished transferring output files
...
005 (2521842.023.000) 07/19 06:37:31 Job terminated.
	(1) Normal termination (return value 0)
		Usr 0 00:24:33, Sys 0 00:00:06  -  Run Remote Usage
		Usr 0 00:00:00, Sys 0 00:00:00  -  Run Local Usage
		Usr 0 00:24:33, Sys 0 00:00:06  -  Total Remote Usage
		Usr 0 00:00:00, Sys 0 00:00:00  -  Total Local Usage
	52642  -  Run Bytes Sent By Job
	55262812  -  Run Bytes Received By Job
	52642  -  Total Bytes Sent By Job
	55262812  -  Total Bytes Received By Job
	Partitionable Resources :     Usage  Request Allocated 
	   Cpus                 :      1.00        3         3 
	   Disk (KB)            : 179654       75000    348429 
	   Memory (MB)          :    269        6000      6000 

	Job terminated of its own accord at 2021-07-19T04:37:31Z.
...
