000 (2523366.192.000) 07/19 23:50:31 Job submitted from host: <188.185.70.244:9618?addrs=188.185.70.244-9618+[2001-1458-d00-7--100-2ee]-9618&alias=bigbird10.cern.ch&noUDP&sock=schedd_2037_ca81>
...
040 (2523366.192.000) 07/20 00:31:02 Started transferring input files
	Transferring to host: <128.142.57.152:9618?addrs=128.142.57.152-9618+[2001-1458-301-7--100-97]-9618&alias=b7s02p4559.cern.ch&noUDP&sock=slot1_12_6602_74c6_16019>
...
040 (2523366.192.000) 07/20 00:31:03 Finished transferring input files
...
001 (2523366.192.000) 07/20 00:31:03 Job executing on host: <128.142.57.152:9618?addrs=128.142.57.152-9618+[2001-1458-301-7--100-97]-9618&alias=b7s02p4559.cern.ch&noUDP&sock=startd_6138_bc66>
...
006 (2523366.192.000) 07/20 00:31:12 Image size of job updated: 631388
	191  -  MemoryUsage of job (MB)
	194784  -  ResidentSetSize of job (KB)
...
006 (2523366.192.000) 07/20 00:36:13 Image size of job updated: 804528
	285  -  MemoryUsage of job (MB)
	291116  -  ResidentSetSize of job (KB)
...
006 (2523366.192.000) 07/20 00:41:14 Image size of job updated: 804960
	285  -  MemoryUsage of job (MB)
	291692  -  ResidentSetSize of job (KB)
...
040 (2523366.192.000) 07/20 00:43:37 Started transferring output files
...
040 (2523366.192.000) 07/20 00:43:37 Finished transferring output files
...
005 (2523366.192.000) 07/20 00:43:37 Job terminated.
	(1) Normal termination (return value 0)
		Usr 0 00:10:25, Sys 0 00:00:02  -  Run Remote Usage
		Usr 0 00:00:00, Sys 0 00:00:00  -  Run Local Usage
		Usr 0 00:10:25, Sys 0 00:00:02  -  Total Remote Usage
		Usr 0 00:00:00, Sys 0 00:00:00  -  Total Local Usage
	52322  -  Run Bytes Sent By Job
	55262812  -  Run Bytes Received By Job
	52322  -  Total Bytes Sent By Job
	55262812  -  Total Bytes Received By Job
	Partitionable Resources :     Usage  Request Allocated 
	   Cpus                 :      1.00        3         3 
	   Disk (KB)            : 181787       75000   1296599 
	   Memory (MB)          :    285        6000      6000 

	Job terminated of its own accord at 2021-07-19T22:43:37Z.
...
