000 (2536881.084.000) 07/22 03:18:13 Job submitted from host: <188.185.70.244:9618?addrs=188.185.70.244-9618+[2001-1458-d00-7--100-2ee]-9618&alias=bigbird10.cern.ch&noUDP&sock=schedd_2037_ca81>
...
040 (2536881.084.000) 07/22 03:25:13 Started transferring input files
	Transferring to host: <128.142.58.77:9618?addrs=128.142.58.77-9618+[2001-1458-301-16--100-4c]-9618&alias=b7s03p8322.cern.ch&noUDP&sock=slot1_4_6734_764b_14578>
...
040 (2536881.084.000) 07/22 03:25:14 Finished transferring input files
...
001 (2536881.084.000) 07/22 03:25:14 Job executing on host: <128.142.58.77:9618?addrs=128.142.58.77-9618+[2001-1458-301-16--100-4c]-9618&alias=b7s03p8322.cern.ch&noUDP&sock=startd_6248_2fd1>
...
006 (2536881.084.000) 07/22 03:25:22 Image size of job updated: 331168
	161  -  MemoryUsage of job (MB)
	163912  -  ResidentSetSize of job (KB)
...
006 (2536881.084.000) 07/22 03:30:22 Image size of job updated: 833828
	310  -  MemoryUsage of job (MB)
	316424  -  ResidentSetSize of job (KB)
...
006 (2536881.084.000) 07/22 03:55:26 Image size of job updated: 834264
	310  -  MemoryUsage of job (MB)
	317004  -  ResidentSetSize of job (KB)
...
040 (2536881.084.000) 07/22 04:02:51 Started transferring output files
...
040 (2536881.084.000) 07/22 04:02:52 Finished transferring output files
...
005 (2536881.084.000) 07/22 04:02:52 Job terminated.
	(1) Normal termination (return value 0)
		Usr 0 00:34:56, Sys 0 00:00:02  -  Run Remote Usage
		Usr 0 00:00:00, Sys 0 00:00:00  -  Run Local Usage
		Usr 0 00:34:56, Sys 0 00:00:02  -  Total Remote Usage
		Usr 0 00:00:00, Sys 0 00:00:00  -  Total Local Usage
	45523  -  Run Bytes Sent By Job
	55262812  -  Run Bytes Received By Job
	45523  -  Total Bytes Sent By Job
	55262812  -  Total Bytes Received By Job
	Partitionable Resources :     Usage  Request Allocated 
	   Cpus                 :      1.00        3         3 
	   Disk (KB)            : 187310       75000   1302120 
	   Memory (MB)          :    310        6000      6000 

	Job terminated of its own accord at 2021-07-22T02:02:51Z.
...
