000 (2536881.009.000) 07/22 03:18:13 Job submitted from host: <188.185.70.244:9618?addrs=188.185.70.244-9618+[2001-1458-d00-7--100-2ee]-9618&alias=bigbird10.cern.ch&noUDP&sock=schedd_2037_ca81>
...
040 (2536881.009.000) 07/22 03:22:21 Started transferring input files
	Transferring to host: <128.142.58.166:9618?addrs=128.142.58.166-9618+[2001-1458-301-16--100-a5]-9618&alias=b7s03p2799.cern.ch&noUDP&sock=slot1_1_5929_444a_9748>
...
040 (2536881.009.000) 07/22 03:22:22 Finished transferring input files
...
001 (2536881.009.000) 07/22 03:22:22 Job executing on host: <128.142.58.166:9618?addrs=128.142.58.166-9618+[2001-1458-301-16--100-a5]-9618&alias=b7s03p2799.cern.ch&noUDP&sock=startd_4175_47fd>
...
006 (2536881.009.000) 07/22 03:22:31 Image size of job updated: 223940
	147  -  MemoryUsage of job (MB)
	149956  -  ResidentSetSize of job (KB)
...
006 (2536881.009.000) 07/22 03:27:32 Image size of job updated: 816936
	297  -  MemoryUsage of job (MB)
	303548  -  ResidentSetSize of job (KB)
...
006 (2536881.009.000) 07/22 03:37:33 Image size of job updated: 817632
	298  -  MemoryUsage of job (MB)
	304228  -  ResidentSetSize of job (KB)
...
040 (2536881.009.000) 07/22 03:38:54 Started transferring output files
...
040 (2536881.009.000) 07/22 03:38:54 Finished transferring output files
...
005 (2536881.009.000) 07/22 03:38:55 Job terminated.
	(1) Normal termination (return value 0)
		Usr 0 00:14:50, Sys 0 00:00:02  -  Run Remote Usage
		Usr 0 00:00:00, Sys 0 00:00:00  -  Run Local Usage
		Usr 0 00:14:50, Sys 0 00:00:02  -  Total Remote Usage
		Usr 0 00:00:00, Sys 0 00:00:00  -  Total Local Usage
	43601  -  Run Bytes Sent By Job
	55262812  -  Run Bytes Received By Job
	43601  -  Total Bytes Sent By Job
	55262812  -  Total Bytes Received By Job
	Partitionable Resources :     Usage  Request Allocated 
	   Cpus                 :      1.00        3         3 
	   Disk (KB)            : 184144       75000   1220745 
	   Memory (MB)          :    298        6000      6000 

	Job terminated of its own accord at 2021-07-22T01:38:54Z.
...
