000 (2524871.190.000) 07/20 04:35:08 Job submitted from host: <188.185.70.244:9618?addrs=188.185.70.244-9618+[2001-1458-d00-7--100-2ee]-9618&alias=bigbird10.cern.ch&noUDP&sock=schedd_2037_ca81>
...
040 (2524871.190.000) 07/20 05:25:56 Started transferring input files
	Transferring to host: <128.142.59.79:9618?addrs=128.142.59.79-9618+[2001-1458-301-21--100-4e]-9618&alias=b7s04p7395.cern.ch&noUDP&sock=slot1_18_6630_2f47_11641>
...
040 (2524871.190.000) 07/20 05:25:57 Finished transferring input files
...
001 (2524871.190.000) 07/20 05:25:57 Job executing on host: <128.142.59.79:9618?addrs=128.142.59.79-9618+[2001-1458-301-21--100-4e]-9618&alias=b7s04p7395.cern.ch&noUDP&sock=startd_6166_f10d>
...
006 (2524871.190.000) 07/20 05:26:05 Image size of job updated: 406260
	122  -  MemoryUsage of job (MB)
	124472  -  ResidentSetSize of job (KB)
...
006 (2524871.190.000) 07/20 05:31:05 Image size of job updated: 626784
	201  -  MemoryUsage of job (MB)
	205324  -  ResidentSetSize of job (KB)
...
006 (2524871.190.000) 07/20 05:36:06 Image size of job updated: 802204
	279  -  MemoryUsage of job (MB)
	284876  -  ResidentSetSize of job (KB)
...
006 (2524871.190.000) 07/20 05:45:03 Image size of job updated: 802796
	279  -  MemoryUsage of job (MB)
	284876  -  ResidentSetSize of job (KB)
...
040 (2524871.190.000) 07/20 05:45:04 Started transferring output files
...
040 (2524871.190.000) 07/20 05:45:04 Finished transferring output files
...
005 (2524871.190.000) 07/20 05:45:04 Job terminated.
	(1) Normal termination (return value 0)
		Usr 0 00:13:09, Sys 0 00:00:02  -  Run Remote Usage
		Usr 0 00:00:00, Sys 0 00:00:00  -  Run Local Usage
		Usr 0 00:13:09, Sys 0 00:00:02  -  Total Remote Usage
		Usr 0 00:00:00, Sys 0 00:00:00  -  Total Local Usage
	51406  -  Run Bytes Sent By Job
	55262812  -  Run Bytes Received By Job
	51406  -  Total Bytes Sent By Job
	55262812  -  Total Bytes Received By Job
	Partitionable Resources :     Usage  Request Allocated 
	   Cpus                 :      1.00        3         3 
	   Disk (KB)            : 181496       75000   1257671 
	   Memory (MB)          :    279        6000      6000 

	Job terminated of its own accord at 2021-07-20T03:45:03Z.
...
