000 (2536881.125.000) 07/22 03:18:13 Job submitted from host: <188.185.70.244:9618?addrs=188.185.70.244-9618+[2001-1458-d00-7--100-2ee]-9618&alias=bigbird10.cern.ch&noUDP&sock=schedd_2037_ca81>
...
040 (2536881.125.000) 07/22 03:35:04 Started transferring input files
	Transferring to host: <188.184.213.34:9618?addrs=188.184.213.34-9618+[2001-1458-301-10c--100-103]-9618&alias=b7g24n0524.cern.ch&noUDP&sock=slot1_6_3026_d734_65643>
...
040 (2536881.125.000) 07/22 03:35:05 Finished transferring input files
...
001 (2536881.125.000) 07/22 03:35:05 Job executing on host: <188.184.213.34:9618?addrs=188.184.213.34-9618+[2001-1458-301-10c--100-103]-9618&alias=b7g24n0524.cern.ch&noUDP&sock=startd_2544_8d06>
...
006 (2536881.125.000) 07/22 03:35:14 Image size of job updated: 288736
	5  -  MemoryUsage of job (MB)
	4332  -  ResidentSetSize of job (KB)
...
006 (2536881.125.000) 07/22 03:40:15 Image size of job updated: 630940
	206  -  MemoryUsage of job (MB)
	209992  -  ResidentSetSize of job (KB)
...
006 (2536881.125.000) 07/22 03:45:15 Image size of job updated: 630940
	206  -  MemoryUsage of job (MB)
	209996  -  ResidentSetSize of job (KB)
...
006 (2536881.125.000) 07/22 05:35:25 Image size of job updated: 929304
	397  -  MemoryUsage of job (MB)
	406368  -  ResidentSetSize of job (KB)
...
006 (2536881.125.000) 07/22 06:10:30 Image size of job updated: 929764
	398  -  MemoryUsage of job (MB)
	406972  -  ResidentSetSize of job (KB)
...
040 (2536881.125.000) 07/22 06:34:15 Started transferring output files
...
040 (2536881.125.000) 07/22 06:34:15 Finished transferring output files
...
005 (2536881.125.000) 07/22 06:34:16 Job terminated.
	(1) Normal termination (return value 0)
		Usr 0 01:01:56, Sys 0 00:00:04  -  Run Remote Usage
		Usr 0 00:00:00, Sys 0 00:00:00  -  Run Local Usage
		Usr 0 01:01:56, Sys 0 00:00:04  -  Total Remote Usage
		Usr 0 00:00:00, Sys 0 00:00:00  -  Total Local Usage
	45590  -  Run Bytes Sent By Job
	55262812  -  Run Bytes Received By Job
	45590  -  Total Bytes Sent By Job
	55262812  -  Total Bytes Received By Job
	Partitionable Resources :     Usage  Request Allocated 
	   Cpus                 :      1.00        3         3 
	   Disk (KB)            : 202828       75000    293672 
	   Memory (MB)          :    398        6000      6000 

	Job terminated of its own accord at 2021-07-22T04:34:15Z.
...
