000 (2536881.115.000) 07/22 03:18:13 Job submitted from host: <188.185.70.244:9618?addrs=188.185.70.244-9618+[2001-1458-d00-7--100-2ee]-9618&alias=bigbird10.cern.ch&noUDP&sock=schedd_2037_ca81>
...
040 (2536881.115.000) 07/22 03:38:52 Started transferring input files
	Transferring to host: <128.142.57.75:9618?addrs=128.142.57.75-9618+[2001-1458-301-7--100-4a]-9618&alias=b7s02p3593.cern.ch&noUDP&sock=slot1_5_6668_f588_15654>
...
040 (2536881.115.000) 07/22 03:38:52 Finished transferring input files
...
001 (2536881.115.000) 07/22 03:38:52 Job executing on host: <128.142.57.75:9618?addrs=128.142.57.75-9618+[2001-1458-301-7--100-4a]-9618&alias=b7s02p3593.cern.ch&noUDP&sock=startd_6210_1f38>
...
006 (2536881.115.000) 07/22 03:39:02 Image size of job updated: 288712
	192  -  MemoryUsage of job (MB)
	195840  -  ResidentSetSize of job (KB)
...
006 (2536881.115.000) 07/22 03:44:02 Image size of job updated: 630528
	204  -  MemoryUsage of job (MB)
	208888  -  ResidentSetSize of job (KB)
...
006 (2536881.115.000) 07/22 03:49:02 Image size of job updated: 630528
	204  -  MemoryUsage of job (MB)
	208896  -  ResidentSetSize of job (KB)
...
006 (2536881.115.000) 07/22 05:29:16 Image size of job updated: 636940
	423  -  MemoryUsage of job (MB)
	432180  -  ResidentSetSize of job (KB)
...
006 (2536881.115.000) 07/22 05:34:16 Image size of job updated: 950288
	423  -  MemoryUsage of job (MB)
	432180  -  ResidentSetSize of job (KB)
...
006 (2536881.115.000) 07/22 06:14:21 Image size of job updated: 950776
	423  -  MemoryUsage of job (MB)
	432784  -  ResidentSetSize of job (KB)
...
040 (2536881.115.000) 07/22 06:40:49 Started transferring output files
...
040 (2536881.115.000) 07/22 06:40:49 Finished transferring output files
...
005 (2536881.115.000) 07/22 06:40:49 Job terminated.
	(1) Normal termination (return value 0)
		Usr 0 01:13:08, Sys 0 00:00:08  -  Run Remote Usage
		Usr 0 00:00:00, Sys 0 00:00:00  -  Run Local Usage
		Usr 0 01:13:08, Sys 0 00:00:08  -  Total Remote Usage
		Usr 0 00:00:00, Sys 0 00:00:00  -  Total Local Usage
	45929  -  Run Bytes Sent By Job
	55262812  -  Run Bytes Received By Job
	45929  -  Total Bytes Sent By Job
	55262812  -  Total Bytes Received By Job
	Partitionable Resources :     Usage  Request Allocated 
	   Cpus                 :      1.00        3         3 
	   Disk (KB)            : 206640       75000   1247410 
	   Memory (MB)          :    423        6000      6000 

	Job terminated of its own accord at 2021-07-22T04:40:49Z.
...
