000 (2521842.178.000) 07/19 05:55:56 Job submitted from host: <188.185.70.244:9618?addrs=188.185.70.244-9618+[2001-1458-d00-7--100-2ee]-9618&alias=bigbird10.cern.ch&noUDP&sock=schedd_2037_ca81>
...
040 (2521842.178.000) 07/19 06:04:07 Started transferring input files
	Transferring to host: <188.184.198.231:9618?addrs=188.184.198.231-9618+[2001-1458-301-c1--100-3c4]-9618&alias=b7g52n8170.cern.ch&noUDP&sock=slot1_4_4998_4b04_125782>
...
040 (2521842.178.000) 07/19 06:04:08 Finished transferring input files
...
001 (2521842.178.000) 07/19 06:04:08 Job executing on host: <188.184.198.231:9618?addrs=188.184.198.231-9618+[2001-1458-301-c1--100-3c4]-9618&alias=b7g52n8170.cern.ch&noUDP&sock=startd_18204_0222>
...
006 (2521842.178.000) 07/19 06:04:17 Image size of job updated: 288720
	68  -  MemoryUsage of job (MB)
	69236  -  ResidentSetSize of job (KB)
...
006 (2521842.178.000) 07/19 06:09:18 Image size of job updated: 626820
	201  -  MemoryUsage of job (MB)
	205220  -  ResidentSetSize of job (KB)
...
006 (2521842.178.000) 07/19 06:29:21 Image size of job updated: 818796
	295  -  MemoryUsage of job (MB)
	301544  -  ResidentSetSize of job (KB)
...
006 (2521842.178.000) 07/19 06:39:23 Image size of job updated: 819444
	296  -  MemoryUsage of job (MB)
	302200  -  ResidentSetSize of job (KB)
...
040 (2521842.178.000) 07/19 06:54:19 Started transferring output files
...
040 (2521842.178.000) 07/19 06:54:19 Finished transferring output files
...
005 (2521842.178.000) 07/19 06:54:19 Job terminated.
	(1) Normal termination (return value 0)
		Usr 0 00:27:19, Sys 0 00:00:02  -  Run Remote Usage
		Usr 0 00:00:00, Sys 0 00:00:00  -  Run Local Usage
		Usr 0 00:27:19, Sys 0 00:00:02  -  Total Remote Usage
		Usr 0 00:00:00, Sys 0 00:00:00  -  Total Local Usage
	50140  -  Run Bytes Sent By Job
	55262812  -  Run Bytes Received By Job
	50140  -  Total Bytes Sent By Job
	55262812  -  Total Bytes Received By Job
	Partitionable Resources :     Usage  Request Allocated 
	   Cpus                 :      1.00        3         3 
	   Disk (KB)            : 184573       75000    281627 
	   Memory (MB)          :    296        6000      6000 

	Job terminated of its own accord at 2021-07-19T04:54:19Z.
...
