000 (2521842.044.000) 07/19 05:55:55 Job submitted from host: <188.185.70.244:9618?addrs=188.185.70.244-9618+[2001-1458-d00-7--100-2ee]-9618&alias=bigbird10.cern.ch&noUDP&sock=schedd_2037_ca81>
...
040 (2521842.044.000) 07/19 05:58:48 Started transferring input files
	Transferring to host: <128.142.59.65:9618?addrs=128.142.59.65-9618+[2001-1458-301-21--100-40]-9618&alias=b7s04p7001.cern.ch&noUDP&sock=slot1_14_6763_e52c_11381>
...
040 (2521842.044.000) 07/19 05:58:49 Finished transferring input files
...
001 (2521842.044.000) 07/19 05:58:49 Job executing on host: <128.142.59.65:9618?addrs=128.142.59.65-9618+[2001-1458-301-21--100-40]-9618&alias=b7s04p7001.cern.ch&noUDP&sock=startd_6286_406a>
...
006 (2521842.044.000) 07/19 05:58:59 Image size of job updated: 511920
	192  -  MemoryUsage of job (MB)
	196516  -  ResidentSetSize of job (KB)
...
006 (2521842.044.000) 07/19 06:03:59 Image size of job updated: 635448
	209  -  MemoryUsage of job (MB)
	213452  -  ResidentSetSize of job (KB)
...
006 (2521842.044.000) 07/19 06:29:02 Image size of job updated: 823316
	302  -  MemoryUsage of job (MB)
	308972  -  ResidentSetSize of job (KB)
...
006 (2521842.044.000) 07/19 06:43:42 Image size of job updated: 823752
	302  -  MemoryUsage of job (MB)
	308972  -  ResidentSetSize of job (KB)
...
040 (2521842.044.000) 07/19 06:43:42 Started transferring output files
...
040 (2521842.044.000) 07/19 06:43:42 Finished transferring output files
...
005 (2521842.044.000) 07/19 06:43:42 Job terminated.
	(1) Normal termination (return value 0)
		Usr 0 00:15:57, Sys 0 00:00:02  -  Run Remote Usage
		Usr 0 00:00:00, Sys 0 00:00:00  -  Run Local Usage
		Usr 0 00:15:57, Sys 0 00:00:02  -  Total Remote Usage
		Usr 0 00:00:00, Sys 0 00:00:00  -  Total Local Usage
	49967  -  Run Bytes Sent By Job
	55262812  -  Run Bytes Received By Job
	49967  -  Total Bytes Sent By Job
	55262812  -  Total Bytes Received By Job
	Partitionable Resources :     Usage  Request Allocated 
	   Cpus                 :      1.00        3         3 
	   Disk (KB)            : 184496       75000   1342013 
	   Memory (MB)          :    302        6000      6000 

	Job terminated of its own accord at 2021-07-19T04:43:42Z.
...
