000 (2522101.176.000) 07/19 11:55:34 Job submitted from host: <188.185.70.244:9618?addrs=188.185.70.244-9618+[2001-1458-d00-7--100-2ee]-9618&alias=bigbird10.cern.ch&noUDP&sock=schedd_2037_ca81>
...
040 (2522101.176.000) 07/19 13:09:19 Started transferring input files
	Transferring to host: <128.142.57.16:9618?addrs=128.142.57.16-9618+[2001-1458-301-7--100-f]-9618&alias=b7s02p1761.cern.ch&noUDP&sock=slot1_11_6527_9ca2_12798>
...
040 (2522101.176.000) 07/19 13:09:20 Finished transferring input files
...
001 (2522101.176.000) 07/19 13:09:20 Job executing on host: <128.142.57.16:9618?addrs=128.142.57.16-9618+[2001-1458-301-7--100-f]-9618&alias=b7s02p1761.cern.ch&noUDP&sock=startd_6062_9b33>
...
006 (2522101.176.000) 07/19 13:09:28 Image size of job updated: 206868
	133  -  MemoryUsage of job (MB)
	135580  -  ResidentSetSize of job (KB)
...
006 (2522101.176.000) 07/19 13:14:28 Image size of job updated: 795904
	273  -  MemoryUsage of job (MB)
	279152  -  ResidentSetSize of job (KB)
...
006 (2522101.176.000) 07/19 13:19:29 Image size of job updated: 796236
	274  -  MemoryUsage of job (MB)
	279660  -  ResidentSetSize of job (KB)
...
040 (2522101.176.000) 07/19 13:21:05 Started transferring output files
...
040 (2522101.176.000) 07/19 13:21:05 Finished transferring output files
...
005 (2522101.176.000) 07/19 13:21:05 Job terminated.
	(1) Normal termination (return value 0)
		Usr 0 00:11:34, Sys 0 00:00:03  -  Run Remote Usage
		Usr 0 00:00:00, Sys 0 00:00:00  -  Run Local Usage
		Usr 0 00:11:34, Sys 0 00:00:03  -  Total Remote Usage
		Usr 0 00:00:00, Sys 0 00:00:00  -  Total Local Usage
	48492  -  Run Bytes Sent By Job
	55262812  -  Run Bytes Received By Job
	48492  -  Total Bytes Sent By Job
	55262812  -  Total Bytes Received By Job
	Partitionable Resources :     Usage  Request Allocated 
	   Cpus                 :      1.00        3         3 
	   Disk (KB)            : 180370       75000   1242734 
	   Memory (MB)          :    274        6000      6000 

	Job terminated of its own accord at 2021-07-19T11:21:05Z.
...
