000 (2536881.217.000) 07/22 03:18:13 Job submitted from host: <188.185.70.244:9618?addrs=188.185.70.244-9618+[2001-1458-d00-7--100-2ee]-9618&alias=bigbird10.cern.ch&noUDP&sock=schedd_2037_ca81>
...
040 (2536881.217.000) 07/22 04:06:49 Started transferring input files
	Transferring to host: <188.184.183.103:9618?addrs=188.184.183.103-9618+[2001-1458-301-2b--100-35a]-9618&alias=b7g41n8625.cern.ch&noUDP&sock=slot1_7_5977_164c_77603>
...
001 (2536881.217.000) 07/22 04:06:50 Job executing on host: <188.184.183.103:9618?addrs=188.184.183.103-9618+[2001-1458-301-2b--100-35a]-9618&alias=b7g41n8625.cern.ch&noUDP&sock=startd_5035_2b70>
...
040 (2536881.217.000) 07/22 04:06:50 Finished transferring input files
...
006 (2536881.217.000) 07/22 04:06:59 Image size of job updated: 328076
	64  -  MemoryUsage of job (MB)
	65220  -  ResidentSetSize of job (KB)
...
006 (2536881.217.000) 07/22 04:11:59 Image size of job updated: 811688
	288  -  MemoryUsage of job (MB)
	294816  -  ResidentSetSize of job (KB)
...
006 (2536881.217.000) 07/22 04:32:00 Image size of job updated: 812180
	289  -  MemoryUsage of job (MB)
	295396  -  ResidentSetSize of job (KB)
...
040 (2536881.217.000) 07/22 04:36:41 Started transferring output files
...
040 (2536881.217.000) 07/22 04:36:41 Finished transferring output files
...
005 (2536881.217.000) 07/22 04:36:42 Job terminated.
	(1) Normal termination (return value 0)
		Usr 0 00:28:47, Sys 0 00:00:04  -  Run Remote Usage
		Usr 0 00:00:00, Sys 0 00:00:00  -  Run Local Usage
		Usr 0 00:28:47, Sys 0 00:00:04  -  Total Remote Usage
		Usr 0 00:00:00, Sys 0 00:00:00  -  Total Local Usage
	47789  -  Run Bytes Sent By Job
	55262812  -  Run Bytes Received By Job
	47789  -  Total Bytes Sent By Job
	55262812  -  Total Bytes Received By Job
	Partitionable Resources :     Usage  Request Allocated 
	   Cpus                 :      1.00        3         3 
	   Disk (KB)            : 183287       75000    352211 
	   Memory (MB)          :    289        6000      6000 

	Job terminated of its own accord at 2021-07-22T02:36:41Z.
...
