000 (2524871.047.000) 07/20 04:35:08 Job submitted from host: <188.185.70.244:9618?addrs=188.185.70.244-9618+[2001-1458-d00-7--100-2ee]-9618&alias=bigbird10.cern.ch&noUDP&sock=schedd_2037_ca81>
...
040 (2524871.047.000) 07/20 05:09:31 Started transferring input files
	Transferring to host: <128.142.73.173:9618?addrs=128.142.73.173-9618+[2001-1458-301-75--100-409]-9618&alias=b7s11n8370.cern.ch&noUDP&sock=slot1_11_5411_49f5_66851>
...
040 (2524871.047.000) 07/20 05:09:32 Finished transferring input files
...
001 (2524871.047.000) 07/20 05:09:32 Job executing on host: <128.142.73.173:9618?addrs=128.142.73.173-9618+[2001-1458-301-75--100-409]-9618&alias=b7s11n8370.cern.ch&noUDP&sock=startd_4329_e993>
...
006 (2524871.047.000) 07/20 05:09:40 Image size of job updated: 288720
	28  -  MemoryUsage of job (MB)
	28096  -  ResidentSetSize of job (KB)
...
006 (2524871.047.000) 07/20 05:14:40 Image size of job updated: 635020
	209  -  MemoryUsage of job (MB)
	213024  -  ResidentSetSize of job (KB)
...
006 (2524871.047.000) 07/20 05:34:42 Image size of job updated: 635020
	209  -  MemoryUsage of job (MB)
	213028  -  ResidentSetSize of job (KB)
...
006 (2524871.047.000) 07/20 07:24:54 Image size of job updated: 891680
	369  -  MemoryUsage of job (MB)
	377604  -  ResidentSetSize of job (KB)
...
040 (2524871.047.000) 07/20 08:04:41 Started transferring output files
...
040 (2524871.047.000) 07/20 08:04:41 Finished transferring output files
...
005 (2524871.047.000) 07/20 08:04:41 Job terminated.
	(1) Normal termination (return value 0)
		Usr 0 00:46:13, Sys 0 00:00:04  -  Run Remote Usage
		Usr 0 00:00:00, Sys 0 00:00:00  -  Run Local Usage
		Usr 0 00:46:13, Sys 0 00:00:04  -  Total Remote Usage
		Usr 0 00:00:00, Sys 0 00:00:00  -  Total Local Usage
	51352  -  Run Bytes Sent By Job
	55262812  -  Run Bytes Received By Job
	51352  -  Total Bytes Sent By Job
	55262812  -  Total Bytes Received By Job
	Partitionable Resources :     Usage  Request Allocated 
	   Cpus                 :      1.00        3         3 
	   Disk (KB)            : 194553       75000    286098 
	   Memory (MB)          :    369        6000      6000 

	Job terminated of its own accord at 2021-07-20T06:04:41Z.
...
