000 (2523366.107.000) 07/19 23:50:31 Job submitted from host: <188.185.70.244:9618?addrs=188.185.70.244-9618+[2001-1458-d00-7--100-2ee]-9618&alias=bigbird10.cern.ch&noUDP&sock=schedd_2037_ca81>
...
040 (2523366.107.000) 07/20 00:18:53 Started transferring input files
	Transferring to host: <128.142.58.135:9618?addrs=128.142.58.135-9618+[2001-1458-301-16--100-86]-9618&alias=b7s03p8962.cern.ch&noUDP&sock=slot1_19_6755_422c_12148>
...
040 (2523366.107.000) 07/20 00:18:53 Finished transferring input files
...
001 (2523366.107.000) 07/20 00:18:53 Job executing on host: <128.142.58.135:9618?addrs=128.142.58.135-9618+[2001-1458-301-16--100-86]-9618&alias=b7s03p8962.cern.ch&noUDP&sock=startd_6300_dabe>
...
006 (2523366.107.000) 07/20 00:19:02 Image size of job updated: 277208
	198  -  MemoryUsage of job (MB)
	202288  -  ResidentSetSize of job (KB)
...
006 (2523366.107.000) 07/20 00:24:02 Image size of job updated: 814636
	294  -  MemoryUsage of job (MB)
	300620  -  ResidentSetSize of job (KB)
...
006 (2523366.107.000) 07/20 00:30:56 Image size of job updated: 815172
	294  -  MemoryUsage of job (MB)
	300620  -  ResidentSetSize of job (KB)
...
040 (2523366.107.000) 07/20 00:30:56 Started transferring output files
...
040 (2523366.107.000) 07/20 00:30:57 Finished transferring output files
...
005 (2523366.107.000) 07/20 00:30:57 Job terminated.
	(1) Normal termination (return value 0)
		Usr 0 00:11:58, Sys 0 00:00:02  -  Run Remote Usage
		Usr 0 00:00:00, Sys 0 00:00:00  -  Run Local Usage
		Usr 0 00:11:58, Sys 0 00:00:02  -  Total Remote Usage
		Usr 0 00:00:00, Sys 0 00:00:00  -  Total Local Usage
	53321  -  Run Bytes Sent By Job
	55262812  -  Run Bytes Received By Job
	53321  -  Total Bytes Sent By Job
	55262812  -  Total Bytes Received By Job
	Partitionable Resources :     Usage  Request Allocated 
	   Cpus                 :      1.00        3         3 
	   Disk (KB)            : 182864       75000   1328503 
	   Memory (MB)          :    294        6000      6000 

	Job terminated of its own accord at 2021-07-19T22:30:56Z.
...
