000 (2521842.053.000) 07/19 05:55:55 Job submitted from host: <188.185.70.244:9618?addrs=188.185.70.244-9618+[2001-1458-d00-7--100-2ee]-9618&alias=bigbird10.cern.ch&noUDP&sock=schedd_2037_ca81>
...
040 (2521842.053.000) 07/19 06:01:10 Started transferring input files
	Transferring to host: <128.142.80.40:9618?addrs=128.142.80.40-9618+[2001-1458-301-f5--100-4af]-9618&alias=b7s13n4496.cern.ch&noUDP&sock=slot1_5_6875_cf31_61550>
...
040 (2521842.053.000) 07/19 06:01:11 Finished transferring input files
...
001 (2521842.053.000) 07/19 06:01:11 Job executing on host: <128.142.80.40:9618?addrs=128.142.80.40-9618+[2001-1458-301-f5--100-4af]-9618&alias=b7s13n4496.cern.ch&noUDP&sock=startd_5878_65c6>
...
006 (2521842.053.000) 07/19 06:01:20 Image size of job updated: 127460
	10  -  MemoryUsage of job (MB)
	9528  -  ResidentSetSize of job (KB)
...
006 (2521842.053.000) 07/19 06:06:21 Image size of job updated: 630344
	204  -  MemoryUsage of job (MB)
	208720  -  ResidentSetSize of job (KB)
...
006 (2521842.053.000) 07/19 06:21:23 Image size of job updated: 831972
	307  -  MemoryUsage of job (MB)
	314156  -  ResidentSetSize of job (KB)
...
006 (2521842.053.000) 07/19 06:46:24 Image size of job updated: 832524
	308  -  MemoryUsage of job (MB)
	314816  -  ResidentSetSize of job (KB)
...
040 (2521842.053.000) 07/19 06:48:14 Started transferring output files
...
040 (2521842.053.000) 07/19 06:48:14 Finished transferring output files
...
005 (2521842.053.000) 07/19 06:48:14 Job terminated.
	(1) Normal termination (return value 0)
		Usr 0 00:28:59, Sys 0 00:00:03  -  Run Remote Usage
		Usr 0 00:00:00, Sys 0 00:00:00  -  Run Local Usage
		Usr 0 00:28:59, Sys 0 00:00:03  -  Total Remote Usage
		Usr 0 00:00:00, Sys 0 00:00:00  -  Total Local Usage
	50616  -  Run Bytes Sent By Job
	55262812  -  Run Bytes Received By Job
	50616  -  Total Bytes Sent By Job
	55262812  -  Total Bytes Received By Job
	Partitionable Resources :     Usage  Request Allocated 
	   Cpus                 :      1.00        3         3 
	   Disk (KB)            : 186191       75000    256212 
	   Memory (MB)          :    308        6000      6000 

	Job terminated of its own accord at 2021-07-19T04:48:14Z.
...
