000 (2556078.024.000) 07/27 10:51:07 Job submitted from host: <188.185.70.244:9618?addrs=188.185.70.244-9618+[2001-1458-d00-7--100-2ee]-9618&alias=bigbird10.cern.ch&noUDP&sock=schedd_2037_ca81>
...
040 (2556078.024.000) 07/27 11:36:34 Started transferring input files
	Transferring to host: <128.142.161.99:9618?addrs=128.142.161.99-9618&alias=b7g03p5309.cern.ch&noUDP&sock=slot1_11_3736_1991_102314>
...
040 (2556078.024.000) 07/27 11:36:35 Finished transferring input files
...
001 (2556078.024.000) 07/27 11:36:35 Job executing on host: <128.142.161.99:9618?addrs=128.142.161.99-9618&alias=b7g03p5309.cern.ch&noUDP&sock=startd_2989_c8ab>
...
006 (2556078.024.000) 07/27 11:36:44 Image size of job updated: 400880
	135  -  MemoryUsage of job (MB)
	137996  -  ResidentSetSize of job (KB)
...
006 (2556078.024.000) 07/27 11:41:45 Image size of job updated: 627372
	202  -  MemoryUsage of job (MB)
	205864  -  ResidentSetSize of job (KB)
...
006 (2556078.024.000) 07/27 11:46:45 Image size of job updated: 780452
	257  -  MemoryUsage of job (MB)
	262920  -  ResidentSetSize of job (KB)
...
006 (2556078.024.000) 07/27 11:51:45 Image size of job updated: 781280
	258  -  MemoryUsage of job (MB)
	263896  -  ResidentSetSize of job (KB)
...
040 (2556078.024.000) 07/27 11:53:04 Started transferring output files
...
040 (2556078.024.000) 07/27 11:53:04 Finished transferring output files
...
005 (2556078.024.000) 07/27 11:53:05 Job terminated.
	(1) Normal termination (return value 0)
		Usr 0 00:07:36, Sys 0 00:00:03  -  Run Remote Usage
		Usr 0 00:00:00, Sys 0 00:00:00  -  Run Local Usage
		Usr 0 00:07:36, Sys 0 00:00:03  -  Total Remote Usage
		Usr 0 00:00:00, Sys 0 00:00:00  -  Total Local Usage
	46721  -  Run Bytes Sent By Job
	55262880  -  Run Bytes Received By Job
	46721  -  Total Bytes Sent By Job
	55262880  -  Total Bytes Received By Job
	Partitionable Resources :     Usage  Request Allocated 
	   Cpus                 :      1.00        3         3 
	   Disk (KB)            : 180143       75000   1394998 
	   Memory (MB)          :    258        6000      6000 

	Job terminated of its own accord at 2021-07-27T09:53:04Z.
...
