000 (2523366.195.000) 07/19 23:50:31 Job submitted from host: <188.185.70.244:9618?addrs=188.185.70.244-9618+[2001-1458-d00-7--100-2ee]-9618&alias=bigbird10.cern.ch&noUDP&sock=schedd_2037_ca81>
...
040 (2523366.195.000) 07/20 00:31:04 Started transferring input files
	Transferring to host: <128.142.57.99:9618?addrs=128.142.57.99-9618+[2001-1458-301-7--100-62]-9618&alias=b7s02p6468.cern.ch&noUDP&sock=slot1_26_6516_dc82_14423>
...
040 (2523366.195.000) 07/20 00:31:05 Finished transferring input files
...
001 (2523366.195.000) 07/20 00:31:05 Job executing on host: <128.142.57.99:9618?addrs=128.142.57.99-9618+[2001-1458-301-7--100-62]-9618&alias=b7s02p6468.cern.ch&noUDP&sock=startd_6051_0fa9>
...
006 (2523366.195.000) 07/20 00:31:14 Image size of job updated: 607240
	205  -  MemoryUsage of job (MB)
	209588  -  ResidentSetSize of job (KB)
...
006 (2523366.195.000) 07/20 00:36:15 Image size of job updated: 804524
	285  -  MemoryUsage of job (MB)
	291108  -  ResidentSetSize of job (KB)
...
006 (2523366.195.000) 07/20 01:01:18 Image size of job updated: 805032
	285  -  MemoryUsage of job (MB)
	291760  -  ResidentSetSize of job (KB)
...
040 (2523366.195.000) 07/20 01:03:02 Started transferring output files
...
040 (2523366.195.000) 07/20 01:03:02 Finished transferring output files
...
005 (2523366.195.000) 07/20 01:03:02 Job terminated.
	(1) Normal termination (return value 0)
		Usr 0 00:31:54, Sys 0 00:00:01  -  Run Remote Usage
		Usr 0 00:00:00, Sys 0 00:00:00  -  Run Local Usage
		Usr 0 00:31:54, Sys 0 00:00:01  -  Total Remote Usage
		Usr 0 00:00:00, Sys 0 00:00:00  -  Total Local Usage
	51395  -  Run Bytes Sent By Job
	55262812  -  Run Bytes Received By Job
	51395  -  Total Bytes Sent By Job
	55262812  -  Total Bytes Received By Job
	Partitionable Resources :     Usage  Request Allocated 
	   Cpus                 :      1.00        3         3 
	   Disk (KB)            : 181779       75000   1277261 
	   Memory (MB)          :    285        6000      6000 

	Job terminated of its own accord at 2021-07-19T23:03:02Z.
...
