000 (2526743.009.000) 07/20 13:19:13 Job submitted from host: <188.185.70.244:9618?addrs=188.185.70.244-9618+[2001-1458-d00-7--100-2ee]-9618&alias=bigbird10.cern.ch&noUDP&sock=schedd_2037_ca81>
...
040 (2526743.009.000) 07/20 13:20:48 Started transferring input files
	Transferring to host: <128.142.56.49:9618?addrs=128.142.56.49-9618+[2001-1458-301-6--100-30]-9618&alias=b7s01p1778.cern.ch&noUDP&sock=slot1_43_50130_deb0_13726>
...
040 (2526743.009.000) 07/20 13:20:49 Finished transferring input files
...
001 (2526743.009.000) 07/20 13:20:49 Job executing on host: <128.142.56.49:9618?addrs=128.142.56.49-9618+[2001-1458-301-6--100-30]-9618&alias=b7s01p1778.cern.ch&noUDP&sock=startd_50085_b8fb>
...
006 (2526743.009.000) 07/20 13:20:58 Image size of job updated: 380636
	11  -  MemoryUsage of job (MB)
	10748  -  ResidentSetSize of job (KB)
...
006 (2526743.009.000) 07/20 13:26:00 Image size of job updated: 631412
	205  -  MemoryUsage of job (MB)
	209636  -  ResidentSetSize of job (KB)
...
006 (2526743.009.000) 07/20 13:31:00 Image size of job updated: 809256
	289  -  MemoryUsage of job (MB)
	295780  -  ResidentSetSize of job (KB)
...
006 (2526743.009.000) 07/20 13:36:00 Image size of job updated: 809760
	290  -  MemoryUsage of job (MB)
	296384  -  ResidentSetSize of job (KB)
...
040 (2526743.009.000) 07/20 13:37:38 Started transferring output files
...
040 (2526743.009.000) 07/20 13:37:38 Finished transferring output files
...
005 (2526743.009.000) 07/20 13:37:38 Job terminated.
	(1) Normal termination (return value 0)
		Usr 0 00:12:11, Sys 0 00:00:02  -  Run Remote Usage
		Usr 0 00:00:00, Sys 0 00:00:00  -  Run Local Usage
		Usr 0 00:12:11, Sys 0 00:00:02  -  Total Remote Usage
		Usr 0 00:00:00, Sys 0 00:00:00  -  Total Local Usage
	52338  -  Run Bytes Sent By Job
	55262812  -  Run Bytes Received By Job
	52338  -  Total Bytes Sent By Job
	55262812  -  Total Bytes Received By Job
	Partitionable Resources :     Usage  Request Allocated 
	   Cpus                 :      1.00        3         3 
	   Disk (KB)            : 182646       75000   1313192 
	   Memory (MB)          :    290        6000      6000 

	Job terminated of its own accord at 2021-07-20T11:37:38Z.
...
