000 (2552364.025.000) 07/26 17:27:33 Job submitted from host: <188.185.70.244:9618?addrs=188.185.70.244-9618+[2001-1458-d00-7--100-2ee]-9618&alias=bigbird10.cern.ch&noUDP&sock=schedd_2037_ca81>
...
040 (2552364.025.000) 07/26 17:31:18 Entered queue to transfer input files
	Transferring to host: <188.184.139.222:9618?addrs=188.184.139.222-9618+[2001-1458-301-45--100-1d5]-9618&alias=b7g42n0750.cern.ch&noUDP&sock=slot1_1_5044_b446_80766>
...
040 (2552364.025.000) 07/26 17:31:34 Started transferring input files
	Seconds spent in queue: 16
...
001 (2552364.025.000) 07/26 17:31:34 Job executing on host: <188.184.139.222:9618?addrs=188.184.139.222-9618+[2001-1458-301-45--100-1d5]-9618&alias=b7g42n0750.cern.ch&noUDP&sock=startd_4021_a667>
...
006 (2552364.025.000) 07/26 17:31:48 Image size of job updated: 51328
	28  -  MemoryUsage of job (MB)
	28416  -  ResidentSetSize of job (KB)
...
040 (2552364.025.000) 07/26 17:31:48 Finished transferring input files
...
006 (2552364.025.000) 07/26 17:36:44 Image size of job updated: 627384
	201  -  MemoryUsage of job (MB)
	205784  -  ResidentSetSize of job (KB)
...
006 (2552364.025.000) 07/26 17:41:44 Image size of job updated: 627384
	201  -  MemoryUsage of job (MB)
	205788  -  ResidentSetSize of job (KB)
...
006 (2552364.025.000) 07/26 17:46:45 Image size of job updated: 802008
	278  -  MemoryUsage of job (MB)
	284664  -  ResidentSetSize of job (KB)
...
006 (2552364.025.000) 07/26 18:01:47 Image size of job updated: 802684
	279  -  MemoryUsage of job (MB)
	285352  -  ResidentSetSize of job (KB)
...
040 (2552364.025.000) 07/26 18:03:49 Started transferring output files
	Seconds spent in queue: 1951
...
040 (2552364.025.000) 07/26 18:03:49 Finished transferring output files
...
005 (2552364.025.000) 07/26 18:03:49 Job terminated.
	(1) Normal termination (return value 0)
		Usr 0 00:21:19, Sys 0 00:00:04  -  Run Remote Usage
		Usr 0 00:00:00, Sys 0 00:00:00  -  Run Local Usage
		Usr 0 00:21:19, Sys 0 00:00:04  -  Total Remote Usage
		Usr 0 00:00:00, Sys 0 00:00:00  -  Total Local Usage
	50705  -  Run Bytes Sent By Job
	55262876  -  Run Bytes Received By Job
	50705  -  Total Bytes Sent By Job
	55262876  -  Total Bytes Received By Job
	Partitionable Resources :     Usage  Request Allocated 
	   Cpus                 :      1.00        3         3 
	   Disk (KB)            : 181468       75000    290740 
	   Memory (MB)          :    279        6000      6000 

	Job terminated of its own accord at 2021-07-26T16:03:49Z.
...
