000 (2556080.000.000) 07/27 11:07:01 Job submitted from host: <188.185.70.244:9618?addrs=188.185.70.244-9618+[2001-1458-d00-7--100-2ee]-9618&alias=bigbird10.cern.ch&noUDP&sock=schedd_2037_ca81>
...
040 (2556080.000.000) 07/27 11:36:35 Started transferring input files
	Transferring to host: <128.142.58.164:9618?addrs=128.142.58.164-9618+[2001-1458-301-16--100-a3]-9618&alias=b7s03p1304.cern.ch&noUDP&sock=slot1_3_6737_936b_18073>
...
040 (2556080.000.000) 07/27 11:36:36 Finished transferring input files
...
001 (2556080.000.000) 07/27 11:36:36 Job executing on host: <128.142.58.164:9618?addrs=128.142.58.164-9618+[2001-1458-301-16--100-a3]-9618&alias=b7s03p1304.cern.ch&noUDP&sock=startd_6281_d271>
...
006 (2556080.000.000) 07/27 11:36:45 Image size of job updated: 380636
	96  -  MemoryUsage of job (MB)
	97432  -  ResidentSetSize of job (KB)
...
006 (2556080.000.000) 07/27 11:41:46 Image size of job updated: 631948
	205  -  MemoryUsage of job (MB)
	209672  -  ResidentSetSize of job (KB)
...
006 (2556080.000.000) 07/27 11:51:47 Image size of job updated: 799100
	279  -  MemoryUsage of job (MB)
	285060  -  ResidentSetSize of job (KB)
...
006 (2556080.000.000) 07/27 11:56:48 Image size of job updated: 800344
	280  -  MemoryUsage of job (MB)
	286548  -  ResidentSetSize of job (KB)
...
040 (2556080.000.000) 07/27 11:58:44 Started transferring output files
...
040 (2556080.000.000) 07/27 11:58:44 Finished transferring output files
...
005 (2556080.000.000) 07/27 11:58:45 Job terminated.
	(1) Normal termination (return value 0)
		Usr 0 00:11:01, Sys 0 00:00:02  -  Run Remote Usage
		Usr 0 00:00:00, Sys 0 00:00:00  -  Run Local Usage
		Usr 0 00:11:01, Sys 0 00:00:02  -  Total Remote Usage
		Usr 0 00:00:00, Sys 0 00:00:00  -  Total Local Usage
	43912  -  Run Bytes Sent By Job
	55262880  -  Run Bytes Received By Job
	43912  -  Total Bytes Sent By Job
	55262880  -  Total Bytes Received By Job
	Partitionable Resources :     Usage  Request Allocated 
	   Cpus                 :      0.49        3         3 
	   Disk (KB)            : 184469       75000   1193488 
	   Memory (MB)          :    280        6000      6000 

	Job terminated of its own accord at 2021-07-27T09:58:44Z.
...
