000 (2521876.120.000) 07/19 08:46:26 Job submitted from host: <188.185.70.244:9618?addrs=188.185.70.244-9618+[2001-1458-d00-7--100-2ee]-9618&alias=bigbird10.cern.ch&noUDP&sock=schedd_2037_ca81>
...
040 (2521876.120.000) 07/19 10:23:45 Started transferring input files
	Transferring to host: <128.142.58.102:9618?addrs=128.142.58.102-9618+[2001-1458-301-16--100-65]-9618&alias=b7s03p1966.cern.ch&noUDP&sock=slot1_46_7418_66e7_10267>
...
040 (2521876.120.000) 07/19 10:23:46 Finished transferring input files
...
001 (2521876.120.000) 07/19 10:23:46 Job executing on host: <128.142.58.102:9618?addrs=128.142.58.102-9618+[2001-1458-301-16--100-65]-9618&alias=b7s03p1966.cern.ch&noUDP&sock=startd_6970_6b32>
...
006 (2521876.120.000) 07/19 10:23:55 Image size of job updated: 589200
	186  -  MemoryUsage of job (MB)
	190356  -  ResidentSetSize of job (KB)
...
006 (2521876.120.000) 07/19 10:28:56 Image size of job updated: 863376
	338  -  MemoryUsage of job (MB)
	345580  -  ResidentSetSize of job (KB)
...
040 (2521876.120.000) 07/19 11:15:55 Entered queue to transfer output files
...
040 (2521876.120.000) 07/19 11:16:12 Started transferring output files
...
040 (2521876.120.000) 07/19 11:16:12 Finished transferring output files
...
005 (2521876.120.000) 07/19 11:16:13 Job terminated.
	(1) Normal termination (return value 0)
		Usr 0 00:51:50, Sys 0 00:00:04  -  Run Remote Usage
		Usr 0 00:00:00, Sys 0 00:00:00  -  Run Local Usage
		Usr 0 00:51:50, Sys 0 00:00:04  -  Total Remote Usage
		Usr 0 00:00:00, Sys 0 00:00:00  -  Total Local Usage
	51440  -  Run Bytes Sent By Job
	55262812  -  Run Bytes Received By Job
	51440  -  Total Bytes Sent By Job
	55262812  -  Total Bytes Received By Job
	Partitionable Resources :     Usage  Request Allocated 
	   Cpus                 :      1.00        3         3 
	   Disk (KB)            : 189667       75000   1275925 
	   Memory (MB)          :    338        6000      6000 

	Job terminated of its own accord at 2021-07-19T09:15:50Z.
...
