000 (2524871.061.000) 07/20 04:35:08 Job submitted from host: <188.185.70.244:9618?addrs=188.185.70.244-9618+[2001-1458-d00-7--100-2ee]-9618&alias=bigbird10.cern.ch&noUDP&sock=schedd_2037_ca81>
...
040 (2524871.061.000) 07/20 05:10:32 Started transferring input files
	Transferring to host: <128.142.81.208:9618?addrs=128.142.81.208-9618+[2001-1458-301-f5--100-bc]-9618&alias=b7s13n2690.cern.ch&noUDP&sock=slot1_6_17994_2695_119048>
...
040 (2524871.061.000) 07/20 05:10:33 Finished transferring input files
...
001 (2524871.061.000) 07/20 05:10:33 Job executing on host: <128.142.81.208:9618?addrs=128.142.81.208-9618+[2001-1458-301-f5--100-bc]-9618&alias=b7s13n2690.cern.ch&noUDP&sock=startd_16518_8d75>
...
006 (2524871.061.000) 07/20 05:10:42 Image size of job updated: 144804
	3  -  MemoryUsage of job (MB)
	2172  -  ResidentSetSize of job (KB)
...
006 (2524871.061.000) 07/20 05:15:43 Image size of job updated: 630124
	205  -  MemoryUsage of job (MB)
	209092  -  ResidentSetSize of job (KB)
...
006 (2524871.061.000) 07/20 05:25:44 Image size of job updated: 630124
	205  -  MemoryUsage of job (MB)
	209096  -  ResidentSetSize of job (KB)
...
006 (2524871.061.000) 07/20 07:05:55 Image size of job updated: 908256
	382  -  MemoryUsage of job (MB)
	390688  -  ResidentSetSize of job (KB)
...
040 (2524871.061.000) 07/20 08:00:20 Started transferring output files
...
040 (2524871.061.000) 07/20 08:00:20 Finished transferring output files
...
005 (2524871.061.000) 07/20 08:00:20 Job terminated.
	(1) Normal termination (return value 0)
		Usr 0 00:57:29, Sys 0 00:00:05  -  Run Remote Usage
		Usr 0 00:00:00, Sys 0 00:00:00  -  Run Local Usage
		Usr 0 00:57:29, Sys 0 00:00:05  -  Total Remote Usage
		Usr 0 00:00:00, Sys 0 00:00:00  -  Total Local Usage
	51837  -  Run Bytes Sent By Job
	55262812  -  Run Bytes Received By Job
	51837  -  Total Bytes Sent By Job
	55262812  -  Total Bytes Received By Job
	Partitionable Resources :     Usage  Request Allocated 
	   Cpus                 :      1.00        3         3 
	   Disk (KB)            : 197665       75000    277015 
	   Memory (MB)          :    382        6000      6000 

	Job terminated of its own accord at 2021-07-20T06:00:20Z.
...
