000 (2536881.070.000) 07/22 03:18:13 Job submitted from host: <188.185.70.244:9618?addrs=188.185.70.244-9618+[2001-1458-d00-7--100-2ee]-9618&alias=bigbird10.cern.ch&noUDP&sock=schedd_2037_ca81>
...
040 (2536881.070.000) 07/22 03:25:09 Started transferring input files
	Transferring to host: <188.184.139.135:9618?addrs=188.184.139.135-9618+[2001-1458-301-45--100-17d]-9618&alias=b7g42n0661.cern.ch&noUDP&sock=slot1_1_3230_93bc_66537>
...
040 (2536881.070.000) 07/22 03:25:10 Finished transferring input files
...
001 (2536881.070.000) 07/22 03:25:10 Job executing on host: <188.184.139.135:9618?addrs=188.184.139.135-9618+[2001-1458-301-45--100-17d]-9618&alias=b7g42n0661.cern.ch&noUDP&sock=startd_2835_2715>
...
006 (2536881.070.000) 07/22 03:25:19 Image size of job updated: 91432
	45  -  MemoryUsage of job (MB)
	45528  -  ResidentSetSize of job (KB)
...
006 (2536881.070.000) 07/22 03:30:20 Image size of job updated: 631376
	205  -  MemoryUsage of job (MB)
	209644  -  ResidentSetSize of job (KB)
...
006 (2536881.070.000) 07/22 03:35:20 Image size of job updated: 817112
	297  -  MemoryUsage of job (MB)
	303552  -  ResidentSetSize of job (KB)
...
006 (2536881.070.000) 07/22 03:55:22 Image size of job updated: 817548
	297  -  MemoryUsage of job (MB)
	304128  -  ResidentSetSize of job (KB)
...
040 (2536881.070.000) 07/22 04:02:23 Started transferring output files
...
040 (2536881.070.000) 07/22 04:02:23 Finished transferring output files
...
005 (2536881.070.000) 07/22 04:02:24 Job terminated.
	(1) Normal termination (return value 0)
		Usr 0 00:29:21, Sys 0 00:00:04  -  Run Remote Usage
		Usr 0 00:00:00, Sys 0 00:00:00  -  Run Local Usage
		Usr 0 00:29:21, Sys 0 00:00:04  -  Total Remote Usage
		Usr 0 00:00:00, Sys 0 00:00:00  -  Total Local Usage
	44065  -  Run Bytes Sent By Job
	55262812  -  Run Bytes Received By Job
	44065  -  Total Bytes Sent By Job
	55262812  -  Total Bytes Received By Job
	Partitionable Resources :     Usage  Request Allocated 
	   Cpus                 :      1.00        3         3 
	   Disk (KB)            : 184154       75000    282629 
	   Memory (MB)          :    297        6000      6000 

	Job terminated of its own accord at 2021-07-22T02:02:23Z.
...
