000 (2521876.056.000) 07/19 08:46:26 Job submitted from host: <188.185.70.244:9618?addrs=188.185.70.244-9618+[2001-1458-d00-7--100-2ee]-9618&alias=bigbird10.cern.ch&noUDP&sock=schedd_2037_ca81>
...
040 (2521876.056.000) 07/19 09:30:13 Started transferring input files
	Transferring to host: <128.142.76.29:9618?addrs=128.142.76.29-9618+[2001-1458-301-f4--100-593]-9618&alias=b7s12n9751.cern.ch&noUDP&sock=slot1_12_6106_fab1_43393>
...
040 (2521876.056.000) 07/19 09:30:14 Finished transferring input files
...
001 (2521876.056.000) 07/19 09:30:14 Job executing on host: <128.142.76.29:9618?addrs=128.142.76.29-9618+[2001-1458-301-f4--100-593]-9618&alias=b7s12n9751.cern.ch&noUDP&sock=startd_4786_605b>
...
006 (2521876.056.000) 07/19 09:30:24 Image size of job updated: 207816
	134  -  MemoryUsage of job (MB)
	136576  -  ResidentSetSize of job (KB)
...
006 (2521876.056.000) 07/19 09:35:24 Image size of job updated: 631164
	205  -  MemoryUsage of job (MB)
	209468  -  ResidentSetSize of job (KB)
...
006 (2521876.056.000) 07/19 09:40:24 Image size of job updated: 631164
	205  -  MemoryUsage of job (MB)
	209472  -  ResidentSetSize of job (KB)
...
006 (2521876.056.000) 07/19 10:05:28 Image size of job updated: 863376
	338  -  MemoryUsage of job (MB)
	345544  -  ResidentSetSize of job (KB)
...
040 (2521876.056.000) 07/19 10:36:50 Started transferring output files
...
040 (2521876.056.000) 07/19 10:36:50 Finished transferring output files
...
005 (2521876.056.000) 07/19 10:36:51 Job terminated.
	(1) Normal termination (return value 0)
		Usr 0 00:36:35, Sys 0 00:00:04  -  Run Remote Usage
		Usr 0 00:00:00, Sys 0 00:00:00  -  Run Local Usage
		Usr 0 00:36:35, Sys 0 00:00:04  -  Total Remote Usage
		Usr 0 00:00:00, Sys 0 00:00:00  -  Total Local Usage
	50241  -  Run Bytes Sent By Job
	55262812  -  Run Bytes Received By Job
	50241  -  Total Bytes Sent By Job
	55262812  -  Total Bytes Received By Job
	Partitionable Resources :     Usage  Request Allocated 
	   Cpus                 :      1.00        3         3 
	   Disk (KB)            : 189666       75000    273664 
	   Memory (MB)          :    338        6000      6000 

	Job terminated of its own accord at 2021-07-19T08:36:50Z.
...
