000 (2524617.139.000) 07/20 01:52:27 Job submitted from host: <188.185.70.244:9618?addrs=188.185.70.244-9618+[2001-1458-d00-7--100-2ee]-9618&alias=bigbird10.cern.ch&noUDP&sock=schedd_2037_ca81>
...
040 (2524617.139.000) 07/20 02:00:58 Started transferring input files
	Transferring to host: <128.142.72.195:9618?addrs=128.142.72.195-9618+[2001-1458-301-75--100-6ff]-9618&alias=b7s11n5031.cern.ch&noUDP&sock=slot1_5_5506_3999_65810>
...
040 (2524617.139.000) 07/20 02:00:59 Finished transferring input files
...
001 (2524617.139.000) 07/20 02:00:59 Job executing on host: <128.142.72.195:9618?addrs=128.142.72.195-9618+[2001-1458-301-75--100-6ff]-9618&alias=b7s11n5031.cern.ch&noUDP&sock=startd_4360_2d02>
...
006 (2524617.139.000) 07/20 02:01:08 Image size of job updated: 288720
	81  -  MemoryUsage of job (MB)
	82220  -  ResidentSetSize of job (KB)
...
006 (2524617.139.000) 07/20 02:06:09 Image size of job updated: 632508
	206  -  MemoryUsage of job (MB)
	210096  -  ResidentSetSize of job (KB)
...
006 (2524617.139.000) 07/20 02:21:10 Image size of job updated: 809524
	289  -  MemoryUsage of job (MB)
	295568  -  ResidentSetSize of job (KB)
...
006 (2524617.139.000) 07/20 02:36:11 Image size of job updated: 810024
	290  -  MemoryUsage of job (MB)
	296168  -  ResidentSetSize of job (KB)
...
040 (2524617.139.000) 07/20 02:39:05 Started transferring output files
...
040 (2524617.139.000) 07/20 02:39:05 Finished transferring output files
...
005 (2524617.139.000) 07/20 02:39:06 Job terminated.
	(1) Normal termination (return value 0)
		Usr 0 00:18:54, Sys 0 00:00:03  -  Run Remote Usage
		Usr 0 00:00:00, Sys 0 00:00:00  -  Run Local Usage
		Usr 0 00:18:54, Sys 0 00:00:03  -  Total Remote Usage
		Usr 0 00:00:00, Sys 0 00:00:00  -  Total Local Usage
	52886  -  Run Bytes Sent By Job
	55262812  -  Run Bytes Received By Job
	52886  -  Total Bytes Sent By Job
	55262812  -  Total Bytes Received By Job
	Partitionable Resources :     Usage  Request Allocated 
	   Cpus                 :      1.00        3         3 
	   Disk (KB)            : 182697       75000    282700 
	   Memory (MB)          :    290        6000      6000 

	Job terminated of its own accord at 2021-07-20T00:39:05Z.
...
