000 (2521668.060.000) 07/19 01:56:56 Job submitted from host: <188.185.70.244:9618?addrs=188.185.70.244-9618+[2001-1458-d00-7--100-2ee]-9618&alias=bigbird10.cern.ch&noUDP&sock=schedd_2037_ca81>
...
040 (2521668.060.000) 07/19 02:01:20 Started transferring input files
	Transferring to host: <128.142.161.117:9618?addrs=128.142.161.117-9618+[2001-1458-301-b8--100-33]-9618&alias=b7g03p0516.cern.ch&noUDP&sock=slot1_7_175672_90e1_32820>
...
040 (2521668.060.000) 07/19 02:01:20 Finished transferring input files
...
001 (2521668.060.000) 07/19 02:01:20 Job executing on host: <128.142.161.117:9618?addrs=128.142.161.117-9618+[2001-1458-301-b8--100-33]-9618&alias=b7g03p0516.cern.ch&noUDP&sock=startd_174201_f99d>
...
006 (2521668.060.000) 07/19 02:01:30 Image size of job updated: 421444
	126  -  MemoryUsage of job (MB)
	128656  -  ResidentSetSize of job (KB)
...
006 (2521668.060.000) 07/19 02:06:30 Image size of job updated: 630292
	204  -  MemoryUsage of job (MB)
	208660  -  ResidentSetSize of job (KB)
...
006 (2521668.060.000) 07/19 02:11:30 Image size of job updated: 630292
	204  -  MemoryUsage of job (MB)
	208664  -  ResidentSetSize of job (KB)
...
006 (2521668.060.000) 07/19 03:46:41 Image size of job updated: 636704
	211  -  MemoryUsage of job (MB)
	215100  -  ResidentSetSize of job (KB)
...
006 (2521668.060.000) 07/19 03:50:23 Image size of job updated: 715492
	211  -  MemoryUsage of job (MB)
	215100  -  ResidentSetSize of job (KB)
...
040 (2521668.060.000) 07/19 03:50:23 Started transferring output files
...
040 (2521668.060.000) 07/19 03:50:23 Finished transferring output files
...
005 (2521668.060.000) 07/19 03:50:23 Job terminated.
	(1) Normal termination (return value 0)
		Usr 0 00:03:02, Sys 0 00:00:05  -  Run Remote Usage
		Usr 0 00:00:00, Sys 0 00:00:00  -  Run Local Usage
		Usr 0 00:03:02, Sys 0 00:00:05  -  Total Remote Usage
		Usr 0 00:00:00, Sys 0 00:00:00  -  Total Local Usage
	50865  -  Run Bytes Sent By Job
	55262812  -  Run Bytes Received By Job
	50865  -  Total Bytes Sent By Job
	55262812  -  Total Bytes Received By Job
	Partitionable Resources :     Usage  Request Allocated 
	   Cpus                 :      0.12        3         3 
	   Disk (KB)            : 212891       75000   1273269 
	   Memory (MB)          :    211        6000      6000 

	Job terminated of its own accord at 2021-07-19T01:50:23Z.
...
