000 (2521867.066.000) 07/19 07:46:08 Job submitted from host: <188.185.70.244:9618?addrs=188.185.70.244-9618+[2001-1458-d00-7--100-2ee]-9618&alias=bigbird10.cern.ch&noUDP&sock=schedd_2037_ca81>
...
040 (2521867.066.000) 07/19 07:49:05 Started transferring input files
	Transferring to host: <128.142.56.99:9618?addrs=128.142.56.99-9618+[2001-1458-301-6--100-62]-9618&alias=b7s01p2935.cern.ch&noUDP&sock=slot1_5_57580_119f_15800>
...
040 (2521867.066.000) 07/19 07:49:06 Finished transferring input files
...
001 (2521867.066.000) 07/19 07:49:06 Job executing on host: <128.142.56.99:9618?addrs=128.142.56.99-9618+[2001-1458-301-6--100-62]-9618&alias=b7s01p2935.cern.ch&noUDP&sock=startd_54485_c1b1>
...
006 (2521867.066.000) 07/19 07:49:14 Image size of job updated: 323632
	191  -  MemoryUsage of job (MB)
	194828  -  ResidentSetSize of job (KB)
...
006 (2521867.066.000) 07/19 07:54:14 Image size of job updated: 631404
	205  -  MemoryUsage of job (MB)
	209592  -  ResidentSetSize of job (KB)
...
006 (2521867.066.000) 07/19 07:59:16 Image size of job updated: 817444
	297  -  MemoryUsage of job (MB)
	304080  -  ResidentSetSize of job (KB)
...
006 (2521867.066.000) 07/19 08:09:16 Image size of job updated: 817944
	298  -  MemoryUsage of job (MB)
	304672  -  ResidentSetSize of job (KB)
...
040 (2521867.066.000) 07/19 08:11:01 Started transferring output files
...
040 (2521867.066.000) 07/19 08:11:01 Finished transferring output files
...
005 (2521867.066.000) 07/19 08:11:01 Job terminated.
	(1) Normal termination (return value 0)
		Usr 0 00:13:54, Sys 0 00:00:02  -  Run Remote Usage
		Usr 0 00:00:00, Sys 0 00:00:00  -  Run Local Usage
		Usr 0 00:13:54, Sys 0 00:00:02  -  Total Remote Usage
		Usr 0 00:00:00, Sys 0 00:00:00  -  Total Local Usage
	48867  -  Run Bytes Sent By Job
	55262812  -  Run Bytes Received By Job
	48867  -  Total Bytes Sent By Job
	55262812  -  Total Bytes Received By Job
	Partitionable Resources :     Usage  Request Allocated 
	   Cpus                 :      1.00        3         3 
	   Disk (KB)            : 184192       75000   1369529 
	   Memory (MB)          :    298        6000      6000 

	Job terminated of its own accord at 2021-07-19T06:11:01Z.
...
