000 (2552365.016.000) 07/26 17:28:17 Job submitted from host: <188.185.70.244:9618?addrs=188.185.70.244-9618+[2001-1458-d00-7--100-2ee]-9618&alias=bigbird10.cern.ch&noUDP&sock=schedd_2037_ca81>
...
040 (2552365.016.000) 07/26 17:53:57 Started transferring input files
	Transferring to host: <188.184.207.15:9618?addrs=188.184.207.15-9618+[2001-1458-301-7d--100-6a4]-9618&alias=b7g27n6212.cern.ch&noUDP&sock=slot1_8_3267_a59e_80314>
...
040 (2552365.016.000) 07/26 17:53:58 Finished transferring input files
...
001 (2552365.016.000) 07/26 17:53:58 Job executing on host: <188.184.207.15:9618?addrs=188.184.207.15-9618+[2001-1458-301-7d--100-6a4]-9618&alias=b7g27n6212.cern.ch&noUDP&sock=startd_2884_c339>
...
006 (2552365.016.000) 07/26 17:54:07 Image size of job updated: 206968
	133  -  MemoryUsage of job (MB)
	135704  -  ResidentSetSize of job (KB)
...
006 (2552365.016.000) 07/26 17:59:08 Image size of job updated: 795648
	273  -  MemoryUsage of job (MB)
	278632  -  ResidentSetSize of job (KB)
...
006 (2552365.016.000) 07/26 18:08:29 Image size of job updated: 796308
	273  -  MemoryUsage of job (MB)
	278632  -  ResidentSetSize of job (KB)
...
040 (2552365.016.000) 07/26 18:08:29 Started transferring output files
...
040 (2552365.016.000) 07/26 18:08:29 Finished transferring output files
...
005 (2552365.016.000) 07/26 18:08:29 Job terminated.
	(1) Normal termination (return value 0)
		Usr 0 00:14:15, Sys 0 00:00:02  -  Run Remote Usage
		Usr 0 00:00:00, Sys 0 00:00:00  -  Run Local Usage
		Usr 0 00:14:15, Sys 0 00:00:02  -  Total Remote Usage
		Usr 0 00:00:00, Sys 0 00:00:00  -  Total Local Usage
	48941  -  Run Bytes Sent By Job
	55262876  -  Run Bytes Received By Job
	48941  -  Total Bytes Sent By Job
	55262876  -  Total Bytes Received By Job
	Partitionable Resources :     Usage  Request Allocated 
	   Cpus                 :      1.00        3         3 
	   Disk (KB)            : 179922       75000    209912 
	   Memory (MB)          :    273        6000      6000 

	Job terminated of its own accord at 2021-07-26T16:08:29Z.
...
