000 (2524617.012.000) 07/20 01:52:26 Job submitted from host: <188.185.70.244:9618?addrs=188.185.70.244-9618+[2001-1458-d00-7--100-2ee]-9618&alias=bigbird10.cern.ch&noUDP&sock=schedd_2037_ca81>
...
040 (2524617.012.000) 07/20 01:55:27 Started transferring input files
	Transferring to host: <188.184.211.253:9618?addrs=188.184.211.253-9618+[2001-1458-301-10b--100-1e2]-9618&alias=b7g23n8047.cern.ch&noUDP&sock=slot1_3_12747_2a1f_119043>
...
040 (2524617.012.000) 07/20 01:55:28 Finished transferring input files
...
001 (2524617.012.000) 07/20 01:55:28 Job executing on host: <188.184.211.253:9618?addrs=188.184.211.253-9618+[2001-1458-301-10b--100-1e2]-9618&alias=b7g23n8047.cern.ch&noUDP&sock=startd_18055_ce85>
...
006 (2524617.012.000) 07/20 01:55:37 Image size of job updated: 321408
	37  -  MemoryUsage of job (MB)
	37472  -  ResidentSetSize of job (KB)
...
006 (2524617.012.000) 07/20 02:00:39 Image size of job updated: 809496
	289  -  MemoryUsage of job (MB)
	295600  -  ResidentSetSize of job (KB)
...
006 (2524617.012.000) 07/20 02:20:38 Image size of job updated: 810056
	289  -  MemoryUsage of job (MB)
	295600  -  ResidentSetSize of job (KB)
...
040 (2524617.012.000) 07/20 02:20:38 Started transferring output files
...
040 (2524617.012.000) 07/20 02:20:38 Finished transferring output files
...
005 (2524617.012.000) 07/20 02:20:38 Job terminated.
	(1) Normal termination (return value 0)
		Usr 0 00:21:52, Sys 0 00:00:03  -  Run Remote Usage
		Usr 0 00:00:00, Sys 0 00:00:00  -  Run Local Usage
		Usr 0 00:21:52, Sys 0 00:00:03  -  Total Remote Usage
		Usr 0 00:00:00, Sys 0 00:00:00  -  Total Local Usage
	53179  -  Run Bytes Sent By Job
	55262812  -  Run Bytes Received By Job
	53179  -  Total Bytes Sent By Job
	55262812  -  Total Bytes Received By Job
	Partitionable Resources :     Usage  Request Allocated 
	   Cpus                 :      1.00        3         3 
	   Disk (KB)            : 182691       75000    364728 
	   Memory (MB)          :    289        6000      6000 

	Job terminated of its own accord at 2021-07-20T00:20:38Z.
...
