000 (2557076.007.000) 07/28 10:47:43 Job submitted from host: <188.185.70.244:9618?addrs=188.185.70.244-9618+[2001-1458-d00-7--100-2ee]-9618&alias=bigbird10.cern.ch&noUDP&sock=schedd_2037_ca81>
...
040 (2557076.007.000) 07/28 11:38:18 Started transferring input files
	Transferring to host: <128.142.57.98:9618?addrs=128.142.57.98-9618+[2001-1458-301-7--100-61]-9618&alias=b7s02p4710.cern.ch&noUDP&sock=slot1_3_6606_4646_26733>
...
040 (2557076.007.000) 07/28 11:38:18 Finished transferring input files
...
001 (2557076.007.000) 07/28 11:38:18 Job executing on host: <128.142.57.98:9618?addrs=128.142.57.98-9618+[2001-1458-301-7--100-61]-9618&alias=b7s02p4710.cern.ch&noUDP&sock=startd_6141_cb2f>
...
006 (2557076.007.000) 07/28 11:38:27 Image size of job updated: 598936
	206  -  MemoryUsage of job (MB)
	210116  -  ResidentSetSize of job (KB)
...
006 (2557076.007.000) 07/28 11:43:28 Image size of job updated: 786432
	267  -  MemoryUsage of job (MB)
	272544  -  ResidentSetSize of job (KB)
...
040 (2557076.007.000) 07/28 11:44:51 Started transferring output files
...
040 (2557076.007.000) 07/28 11:44:52 Finished transferring output files
...
005 (2557076.007.000) 07/28 11:44:52 Job terminated.
	(1) Normal termination (return value 0)
		Usr 0 00:06:30, Sys 0 00:00:01  -  Run Remote Usage
		Usr 0 00:00:00, Sys 0 00:00:00  -  Run Local Usage
		Usr 0 00:06:30, Sys 0 00:00:01  -  Total Remote Usage
		Usr 0 00:00:00, Sys 0 00:00:00  -  Total Local Usage
	51591  -  Run Bytes Sent By Job
	55262880  -  Run Bytes Received By Job
	51591  -  Total Bytes Sent By Job
	55262880  -  Total Bytes Received By Job
	Partitionable Resources :    Usage  Request Allocated 
	   Cpus                 :                 5         5 
	   Disk (KB)            :   182127    75000   1385910 
	   Memory (MB)          :      267    10000     10000 

	Job terminated of its own accord at 2021-07-28T09:44:51Z.
...
