000 (2536881.105.000) 07/22 03:18:13 Job submitted from host: <188.185.70.244:9618?addrs=188.185.70.244-9618+[2001-1458-d00-7--100-2ee]-9618&alias=bigbird10.cern.ch&noUDP&sock=schedd_2037_ca81>
...
040 (2536881.105.000) 07/22 03:34:56 Started transferring input files
	Transferring to host: <128.142.68.95:9618?addrs=128.142.68.95-9618+[2001-1458-301-52--100-4a6]-9618&alias=b7s10n3356.cern.ch&noUDP&sock=slot1_7_4489_a810_72368>
...
040 (2536881.105.000) 07/22 03:34:57 Finished transferring input files
...
001 (2536881.105.000) 07/22 03:34:57 Job executing on host: <128.142.68.95:9618?addrs=128.142.68.95-9618+[2001-1458-301-52--100-4a6]-9618&alias=b7s10n3356.cern.ch&noUDP&sock=startd_3728_ad28>
...
006 (2536881.105.000) 07/22 03:35:06 Image size of job updated: 419728
	4  -  MemoryUsage of job (MB)
	3692  -  ResidentSetSize of job (KB)
...
006 (2536881.105.000) 07/22 03:40:07 Image size of job updated: 636272
	209  -  MemoryUsage of job (MB)
	213688  -  ResidentSetSize of job (KB)
...
006 (2536881.105.000) 07/22 04:05:09 Image size of job updated: 636272
	209  -  MemoryUsage of job (MB)
	213692  -  ResidentSetSize of job (KB)
...
006 (2536881.105.000) 07/22 04:15:10 Image size of job updated: 916208
	394  -  MemoryUsage of job (MB)
	402648  -  ResidentSetSize of job (KB)
...
040 (2536881.105.000) 07/22 05:05:42 Started transferring output files
...
040 (2536881.105.000) 07/22 05:05:43 Finished transferring output files
...
005 (2536881.105.000) 07/22 05:05:44 Job terminated.
	(1) Normal termination (return value 0)
		Usr 0 00:54:00, Sys 0 00:00:06  -  Run Remote Usage
		Usr 0 00:00:00, Sys 0 00:00:00  -  Run Local Usage
		Usr 0 00:54:00, Sys 0 00:00:06  -  Total Remote Usage
		Usr 0 00:00:00, Sys 0 00:00:00  -  Total Local Usage
	44982  -  Run Bytes Sent By Job
	55262812  -  Run Bytes Received By Job
	44982  -  Total Bytes Sent By Job
	55262812  -  Total Bytes Received By Job
	Partitionable Resources :     Usage  Request Allocated 
	   Cpus                 :      1.00        3         3 
	   Disk (KB)            : 199214       75000    266916 
	   Memory (MB)          :    394        6000      6000 

	Job terminated of its own accord at 2021-07-22T03:05:42Z.
...
