000 (2523366.182.000) 07/19 23:50:31 Job submitted from host: <188.185.70.244:9618?addrs=188.185.70.244-9618+[2001-1458-d00-7--100-2ee]-9618&alias=bigbird10.cern.ch&noUDP&sock=schedd_2037_ca81>
...
040 (2523366.182.000) 07/20 00:30:40 Started transferring input files
	Transferring to host: <128.142.56.156:9618?addrs=128.142.56.156-9618+[2001-1458-301-6--100-9b]-9618&alias=b7s01p3504.cern.ch&noUDP&sock=slot1_18_44820_7e98_16775>
...
040 (2523366.182.000) 07/20 00:30:41 Finished transferring input files
...
001 (2523366.182.000) 07/20 00:30:41 Job executing on host: <128.142.56.156:9618?addrs=128.142.56.156-9618+[2001-1458-301-6--100-9b]-9618&alias=b7s01p3504.cern.ch&noUDP&sock=startd_41731_92cc>
...
006 (2523366.182.000) 07/20 00:30:50 Image size of job updated: 506600
	201  -  MemoryUsage of job (MB)
	205248  -  ResidentSetSize of job (KB)
...
006 (2523366.182.000) 07/20 00:35:51 Image size of job updated: 799864
	276  -  MemoryUsage of job (MB)
	282568  -  ResidentSetSize of job (KB)
...
006 (2523366.182.000) 07/20 00:40:51 Image size of job updated: 800348
	277  -  MemoryUsage of job (MB)
	283064  -  ResidentSetSize of job (KB)
...
040 (2523366.182.000) 07/20 00:42:21 Started transferring output files
...
040 (2523366.182.000) 07/20 00:42:22 Finished transferring output files
...
005 (2523366.182.000) 07/20 00:42:22 Job terminated.
	(1) Normal termination (return value 0)
		Usr 0 00:11:36, Sys 0 00:00:01  -  Run Remote Usage
		Usr 0 00:00:00, Sys 0 00:00:00  -  Run Local Usage
		Usr 0 00:11:36, Sys 0 00:00:01  -  Total Remote Usage
		Usr 0 00:00:00, Sys 0 00:00:00  -  Total Local Usage
	51214  -  Run Bytes Sent By Job
	55262812  -  Run Bytes Received By Job
	51214  -  Total Bytes Sent By Job
	55262812  -  Total Bytes Received By Job
	Partitionable Resources :     Usage  Request Allocated 
	   Cpus                 :      1.00        3         3 
	   Disk (KB)            : 181063       75000   1340908 
	   Memory (MB)          :    277        6000      6000 

	Job terminated of its own accord at 2021-07-19T22:42:21Z.
...
