000 (2521675.219.000) 07/19 04:18:40 Job submitted from host: <188.185.70.244:9618?addrs=188.185.70.244-9618+[2001-1458-d00-7--100-2ee]-9618&alias=bigbird10.cern.ch&noUDP&sock=schedd_2037_ca81>
...
040 (2521675.219.000) 07/19 04:26:47 Started transferring input files
	Transferring to host: <128.142.58.147:9618?addrs=128.142.58.147-9618+[2001-1458-301-16--100-92]-9618&alias=b7s03p8670.cern.ch&noUDP&sock=slot1_9_6857_2070_11496>
...
040 (2521675.219.000) 07/19 04:26:48 Finished transferring input files
...
001 (2521675.219.000) 07/19 04:26:48 Job executing on host: <128.142.58.147:9618?addrs=128.142.58.147-9618+[2001-1458-301-16--100-92]-9618&alias=b7s03p8670.cern.ch&noUDP&sock=startd_6401_21ce>
...
006 (2521675.219.000) 07/19 04:26:56 Image size of job updated: 544800
	201  -  MemoryUsage of job (MB)
	205260  -  ResidentSetSize of job (KB)
...
006 (2521675.219.000) 07/19 04:27:29 Image size of job updated: 768764
	201  -  MemoryUsage of job (MB)
	205260  -  ResidentSetSize of job (KB)
...
040 (2521675.219.000) 07/19 04:27:29 Started transferring output files
...
040 (2521675.219.000) 07/19 04:27:29 Finished transferring output files
...
005 (2521675.219.000) 07/19 04:27:29 Job terminated.
	(1) Normal termination (return value 0)
		Usr 0 00:00:38, Sys 0 00:00:01  -  Run Remote Usage
		Usr 0 00:00:00, Sys 0 00:00:00  -  Run Local Usage
		Usr 0 00:00:38, Sys 0 00:00:01  -  Total Remote Usage
		Usr 0 00:00:00, Sys 0 00:00:00  -  Total Local Usage
	49297  -  Run Bytes Sent By Job
	55262812  -  Run Bytes Received By Job
	49297  -  Total Bytes Sent By Job
	55262812  -  Total Bytes Received By Job
	Partitionable Resources :     Usage  Request Allocated 
	   Cpus                 :      0.45        3         3 
	   Disk (KB)            : 184788       75000   1238603 
	   Memory (MB)          :    201        6000      6000 

	Job terminated of its own accord at 2021-07-19T02:27:29Z.
...
