000 (2534572.121.000) 07/21 23:44:26 Job submitted from host: <188.185.70.244:9618?addrs=188.185.70.244-9618+[2001-1458-d00-7--100-2ee]-9618&alias=bigbird10.cern.ch&noUDP&sock=schedd_2037_ca81>
...
040 (2534572.121.000) 07/21 23:50:32 Started transferring input files
	Transferring to host: <128.142.69.155:9618?addrs=128.142.69.155-9618+[2001-1458-301-52--100-2e4]-9618&alias=b7s10n1924.cern.ch&noUDP&sock=slot1_3_5888_60e9_73107>
...
040 (2534572.121.000) 07/21 23:50:33 Finished transferring input files
...
001 (2534572.121.000) 07/21 23:50:33 Job executing on host: <128.142.69.155:9618?addrs=128.142.69.155-9618+[2001-1458-301-52--100-2e4]-9618&alias=b7s10n1924.cern.ch&noUDP&sock=startd_4690_8743>
...
006 (2534572.121.000) 07/21 23:50:42 Image size of job updated: 419728
	27  -  MemoryUsage of job (MB)
	27500  -  ResidentSetSize of job (KB)
...
006 (2534572.121.000) 07/21 23:55:43 Image size of job updated: 630260
	204  -  MemoryUsage of job (MB)
	208660  -  ResidentSetSize of job (KB)
...
006 (2534572.121.000) 07/22 01:10:51 Image size of job updated: 961320
	433  -  MemoryUsage of job (MB)
	443120  -  ResidentSetSize of job (KB)
...
006 (2534572.121.000) 07/22 01:40:54 Image size of job updated: 961804
	434  -  MemoryUsage of job (MB)
	443720  -  ResidentSetSize of job (KB)
...
040 (2534572.121.000) 07/22 01:49:27 Started transferring output files
...
040 (2534572.121.000) 07/22 01:49:27 Finished transferring output files
...
005 (2534572.121.000) 07/22 01:49:27 Job terminated.
	(1) Normal termination (return value 0)
		Usr 0 00:44:46, Sys 0 00:00:09  -  Run Remote Usage
		Usr 0 00:00:00, Sys 0 00:00:00  -  Run Local Usage
		Usr 0 00:44:46, Sys 0 00:00:09  -  Total Remote Usage
		Usr 0 00:00:00, Sys 0 00:00:00  -  Total Local Usage
	45418  -  Run Bytes Sent By Job
	55262812  -  Run Bytes Received By Job
	45418  -  Total Bytes Sent By Job
	55262812  -  Total Bytes Received By Job
	Partitionable Resources :     Usage  Request Allocated 
	   Cpus                 :      1.00        3         3 
	   Disk (KB)            : 208727       75000    249141 
	   Memory (MB)          :    434        6000      6000 

	Job terminated of its own accord at 2021-07-21T23:49:27Z.
...
