000 (2557076.019.000) 07/28 10:47:43 Job submitted from host: <188.185.70.244:9618?addrs=188.185.70.244-9618+[2001-1458-d00-7--100-2ee]-9618&alias=bigbird10.cern.ch&noUDP&sock=schedd_2037_ca81>
...
040 (2557076.019.000) 07/28 12:12:48 Started transferring input files
	Transferring to host: <188.184.168.251:9618?addrs=188.184.168.251-9618+[2001-1458-301-c0--100-474]-9618&alias=b7g52n5242.cern.ch&noUDP&sock=slot1_2_6198_cd35_72274>
...
040 (2557076.019.000) 07/28 12:12:48 Finished transferring input files
...
001 (2557076.019.000) 07/28 12:12:48 Job executing on host: <188.184.168.251:9618?addrs=188.184.168.251-9618+[2001-1458-301-c0--100-474]-9618&alias=b7g52n5242.cern.ch&noUDP&sock=startd_4945_6fea>
...
006 (2557076.019.000) 07/28 12:12:58 Image size of job updated: 126248
	55  -  MemoryUsage of job (MB)
	55996  -  ResidentSetSize of job (KB)
...
006 (2557076.019.000) 07/28 12:17:58 Image size of job updated: 794552
	272  -  MemoryUsage of job (MB)
	277652  -  ResidentSetSize of job (KB)
...
006 (2557076.019.000) 07/28 12:22:58 Image size of job updated: 795228
	272  -  MemoryUsage of job (MB)
	278292  -  ResidentSetSize of job (KB)
...
040 (2557076.019.000) 07/28 12:24:36 Started transferring output files
...
040 (2557076.019.000) 07/28 12:24:36 Finished transferring output files
...
005 (2557076.019.000) 07/28 12:24:36 Job terminated.
	(1) Normal termination (return value 0)
		Usr 0 00:09:23, Sys 0 00:00:02  -  Run Remote Usage
		Usr 0 00:00:00, Sys 0 00:00:00  -  Run Local Usage
		Usr 0 00:09:23, Sys 0 00:00:02  -  Total Remote Usage
		Usr 0 00:00:00, Sys 0 00:00:00  -  Total Local Usage
	49006  -  Run Bytes Sent By Job
	55262880  -  Run Bytes Received By Job
	49006  -  Total Bytes Sent By Job
	55262880  -  Total Bytes Received By Job
	Partitionable Resources :     Usage  Request Allocated 
	   Cpus                 :      1.00        5         5 
	   Disk (KB)            : 184950       75000    258132 
	   Memory (MB)          :    272       10000     10000 

	Job terminated of its own accord at 2021-07-28T10:24:36Z.
...
