000 (2521876.122.000) 07/19 08:46:26 Job submitted from host: <188.185.70.244:9618?addrs=188.185.70.244-9618+[2001-1458-d00-7--100-2ee]-9618&alias=bigbird10.cern.ch&noUDP&sock=schedd_2037_ca81>
...
040 (2521876.122.000) 07/19 10:23:50 Started transferring input files
	Transferring to host: <128.142.80.54:9618?addrs=128.142.80.54-9618+[2001-1458-301-f5--100-518]-9618&alias=b7s13n2355.cern.ch&noUDP&sock=slot1_11_4910_4a01_74337>
...
040 (2521876.122.000) 07/19 10:23:51 Finished transferring input files
...
001 (2521876.122.000) 07/19 10:23:51 Job executing on host: <128.142.80.54:9618?addrs=128.142.80.54-9618+[2001-1458-301-f5--100-518]-9618&alias=b7s13n2355.cern.ch&noUDP&sock=startd_3906_c503>
...
006 (2521876.122.000) 07/19 10:24:00 Image size of job updated: 176260
	109  -  MemoryUsage of job (MB)
	111500  -  ResidentSetSize of job (KB)
...
006 (2521876.122.000) 07/19 10:29:02 Image size of job updated: 630536
	204  -  MemoryUsage of job (MB)
	208892  -  ResidentSetSize of job (KB)
...
006 (2521876.122.000) 07/19 10:39:02 Image size of job updated: 928844
	402  -  MemoryUsage of job (MB)
	411072  -  ResidentSetSize of job (KB)
...
040 (2521876.122.000) 07/19 11:21:43 Started transferring output files
...
040 (2521876.122.000) 07/19 11:21:43 Finished transferring output files
...
005 (2521876.122.000) 07/19 11:21:44 Job terminated.
	(1) Normal termination (return value 0)
		Usr 0 00:46:21, Sys 0 00:00:04  -  Run Remote Usage
		Usr 0 00:00:00, Sys 0 00:00:00  -  Run Local Usage
		Usr 0 00:46:21, Sys 0 00:00:04  -  Total Remote Usage
		Usr 0 00:00:00, Sys 0 00:00:00  -  Total Local Usage
	50298  -  Run Bytes Sent By Job
	55262812  -  Run Bytes Received By Job
	50298  -  Total Bytes Sent By Job
	55262812  -  Total Bytes Received By Job
	Partitionable Resources :     Usage  Request Allocated 
	   Cpus                 :      1.00        3         3 
	   Disk (KB)            : 201559       75000    243702 
	   Memory (MB)          :    402        6000      6000 

	Job terminated of its own accord at 2021-07-19T09:21:43Z.
...
