000 (2521867.018.000) 07/19 07:46:08 Job submitted from host: <188.185.70.244:9618?addrs=188.185.70.244-9618+[2001-1458-d00-7--100-2ee]-9618&alias=bigbird10.cern.ch&noUDP&sock=schedd_2037_ca81>
...
040 (2521867.018.000) 07/19 07:48:49 Started transferring input files
	Transferring to host: <128.142.58.160:9618?addrs=128.142.58.160-9618+[2001-1458-301-16--100-9f]-9618&alias=b7s03p4729.cern.ch&noUDP&sock=slot1_9_6684_3b89_11578>
...
040 (2521867.018.000) 07/19 07:48:50 Finished transferring input files
...
001 (2521867.018.000) 07/19 07:48:50 Job executing on host: <128.142.58.160:9618?addrs=128.142.58.160-9618+[2001-1458-301-16--100-9f]-9618&alias=b7s03p4729.cern.ch&noUDP&sock=startd_6218_9bfa>
...
006 (2521867.018.000) 07/19 07:48:58 Image size of job updated: 622408
	190  -  MemoryUsage of job (MB)
	193912  -  ResidentSetSize of job (KB)
...
006 (2521867.018.000) 07/19 07:53:58 Image size of job updated: 825560
	301  -  MemoryUsage of job (MB)
	308076  -  ResidentSetSize of job (KB)
...
006 (2521867.018.000) 07/19 08:07:44 Image size of job updated: 826020
	301  -  MemoryUsage of job (MB)
	308076  -  ResidentSetSize of job (KB)
...
040 (2521867.018.000) 07/19 08:07:44 Started transferring output files
...
040 (2521867.018.000) 07/19 08:07:44 Finished transferring output files
...
005 (2521867.018.000) 07/19 08:07:44 Job terminated.
	(1) Normal termination (return value 0)
		Usr 0 00:15:55, Sys 0 00:00:02  -  Run Remote Usage
		Usr 0 00:00:00, Sys 0 00:00:00  -  Run Local Usage
		Usr 0 00:15:55, Sys 0 00:00:02  -  Total Remote Usage
		Usr 0 00:00:00, Sys 0 00:00:00  -  Total Local Usage
	50495  -  Run Bytes Sent By Job
	55262812  -  Run Bytes Received By Job
	50495  -  Total Bytes Sent By Job
	55262812  -  Total Bytes Received By Job
	Partitionable Resources :     Usage  Request Allocated 
	   Cpus                 :      1.00        3         3 
	   Disk (KB)            : 185776       75000   1271326 
	   Memory (MB)          :    301        6000      6000 

	Job terminated of its own accord at 2021-07-19T06:07:44Z.
...
