000 (2522101.107.000) 07/19 11:55:34 Job submitted from host: <188.185.70.244:9618?addrs=188.185.70.244-9618+[2001-1458-d00-7--100-2ee]-9618&alias=bigbird10.cern.ch&noUDP&sock=schedd_2037_ca81>
...
040 (2522101.107.000) 07/19 13:00:49 Started transferring input files
	Transferring to host: <188.184.186.200:9618?addrs=188.184.186.200-9618+[2001-1458-301-f8--100-e8]-9618&alias=b7g28n0555.cern.ch&noUDP&sock=slot1_4_4642_7576_68973>
...
040 (2522101.107.000) 07/19 13:00:50 Finished transferring input files
...
001 (2522101.107.000) 07/19 13:00:50 Job executing on host: <188.184.186.200:9618?addrs=188.184.186.200-9618+[2001-1458-301-f8--100-e8]-9618&alias=b7g28n0555.cern.ch&noUDP&sock=startd_3777_494c>
...
006 (2522101.107.000) 07/19 13:00:59 Image size of job updated: 321408
	4  -  MemoryUsage of job (MB)
	3692  -  ResidentSetSize of job (KB)
...
006 (2522101.107.000) 07/19 13:06:00 Image size of job updated: 636672
	210  -  MemoryUsage of job (MB)
	214040  -  ResidentSetSize of job (KB)
...
006 (2522101.107.000) 07/19 13:56:05 Image size of job updated: 967972
	443  -  MemoryUsage of job (MB)
	453492  -  ResidentSetSize of job (KB)
...
006 (2522101.107.000) 07/19 15:01:11 Image size of job updated: 968484
	444  -  MemoryUsage of job (MB)
	454128  -  ResidentSetSize of job (KB)
...
040 (2522101.107.000) 07/19 15:17:36 Started transferring output files
...
040 (2522101.107.000) 07/19 15:17:37 Finished transferring output files
...
005 (2522101.107.000) 07/19 15:17:37 Job terminated.
	(1) Normal termination (return value 0)
		Usr 0 01:25:25, Sys 0 00:00:27  -  Run Remote Usage
		Usr 0 00:00:00, Sys 0 00:00:00  -  Run Local Usage
		Usr 0 01:25:25, Sys 0 00:00:27  -  Total Remote Usage
		Usr 0 00:00:00, Sys 0 00:00:00  -  Total Local Usage
	48653  -  Run Bytes Sent By Job
	55262812  -  Run Bytes Received By Job
	48653  -  Total Bytes Sent By Job
	55262812  -  Total Bytes Received By Job
	Partitionable Resources :     Usage  Request Allocated 
	   Cpus                 :      0.99        3         3 
	   Disk (KB)            : 209710       75000    197976 
	   Memory (MB)          :    444        6000      6000 

	Job terminated of its own accord at 2021-07-19T13:17:36Z.
...
