000 (2521876.017.000) 07/19 08:46:26 Job submitted from host: <188.185.70.244:9618?addrs=188.185.70.244-9618+[2001-1458-d00-7--100-2ee]-9618&alias=bigbird10.cern.ch&noUDP&sock=schedd_2037_ca81>
...
040 (2521876.017.000) 07/19 09:10:00 Started transferring input files
	Transferring to host: <128.142.161.108:9618?addrs=128.142.161.108-9618+[2001-1458-301-b8--100-2a]-9618&alias=b7g03p7721.cern.ch&noUDP&sock=slot1_36_154862_09d2_156795>
...
040 (2521876.017.000) 07/19 09:10:01 Finished transferring input files
...
001 (2521876.017.000) 07/19 09:10:01 Job executing on host: <128.142.161.108:9618?addrs=128.142.161.108-9618+[2001-1458-301-b8--100-2a]-9618&alias=b7g03p7721.cern.ch&noUDP&sock=startd_70679_7e5f>
...
006 (2521876.017.000) 07/19 09:10:10 Image size of job updated: 113568
	70  -  MemoryUsage of job (MB)
	70932  -  ResidentSetSize of job (KB)
...
006 (2521876.017.000) 07/19 09:15:11 Image size of job updated: 808624
	285  -  MemoryUsage of job (MB)
	291364  -  ResidentSetSize of job (KB)
...
006 (2521876.017.000) 07/19 09:29:55 Image size of job updated: 809232
	285  -  MemoryUsage of job (MB)
	291364  -  ResidentSetSize of job (KB)
...
040 (2521876.017.000) 07/19 09:29:55 Started transferring output files
...
040 (2521876.017.000) 07/19 09:29:55 Finished transferring output files
...
005 (2521876.017.000) 07/19 09:29:55 Job terminated.
	(1) Normal termination (return value 0)
		Usr 0 00:17:00, Sys 0 00:00:03  -  Run Remote Usage
		Usr 0 00:00:00, Sys 0 00:00:00  -  Run Local Usage
		Usr 0 00:17:00, Sys 0 00:00:03  -  Total Remote Usage
		Usr 0 00:00:00, Sys 0 00:00:00  -  Total Local Usage
	49249  -  Run Bytes Sent By Job
	55262812  -  Run Bytes Received By Job
	49249  -  Total Bytes Sent By Job
	55262812  -  Total Bytes Received By Job
	Partitionable Resources :     Usage  Request Allocated 
	   Cpus                 :      0.99        3         3 
	   Disk (KB)            : 182730       75000   1349704 
	   Memory (MB)          :    285        6000      6000 

	Job terminated of its own accord at 2021-07-19T07:29:55Z.
...
