000 (2524871.126.000) 07/20 04:35:08 Job submitted from host: <188.185.70.244:9618?addrs=188.185.70.244-9618+[2001-1458-d00-7--100-2ee]-9618&alias=bigbird10.cern.ch&noUDP&sock=schedd_2037_ca81>
...
040 (2524871.126.000) 07/20 05:11:34 Started transferring input files
	Transferring to host: <128.142.56.130:9618?addrs=128.142.56.130-9618+[2001-1458-301-6--100-81]-9618&alias=b7s01p5277.cern.ch&noUDP&sock=slot1_40_42597_309d_13977>
...
040 (2524871.126.000) 07/20 05:11:34 Finished transferring input files
...
001 (2524871.126.000) 07/20 05:11:34 Job executing on host: <128.142.56.130:9618?addrs=128.142.56.130-9618+[2001-1458-301-6--100-81]-9618&alias=b7s01p5277.cern.ch&noUDP&sock=startd_39506_6893>
...
006 (2524871.126.000) 07/20 05:11:43 Image size of job updated: 575808
	192  -  MemoryUsage of job (MB)
	195860  -  ResidentSetSize of job (KB)
...
006 (2524871.126.000) 07/20 05:16:44 Image size of job updated: 630524
	205  -  MemoryUsage of job (MB)
	208912  -  ResidentSetSize of job (KB)
...
006 (2524871.126.000) 07/20 07:16:52 Image size of job updated: 882036
	357  -  MemoryUsage of job (MB)
	364716  -  ResidentSetSize of job (KB)
...
040 (2524871.126.000) 07/20 07:36:45 Started transferring output files
...
040 (2524871.126.000) 07/20 07:36:45 Finished transferring output files
...
005 (2524871.126.000) 07/20 07:36:45 Job terminated.
	(1) Normal termination (return value 0)
		Usr 0 00:23:08, Sys 0 00:00:03  -  Run Remote Usage
		Usr 0 00:00:00, Sys 0 00:00:00  -  Run Local Usage
		Usr 0 00:23:08, Sys 0 00:00:03  -  Total Remote Usage
		Usr 0 00:00:00, Sys 0 00:00:00  -  Total Local Usage
	50778  -  Run Bytes Sent By Job
	55262812  -  Run Bytes Received By Job
	50778  -  Total Bytes Sent By Job
	55262812  -  Total Bytes Received By Job
	Partitionable Resources :     Usage  Request Allocated 
	   Cpus                 :      1.00        3         3 
	   Disk (KB)            : 192929       75000   1298412 
	   Memory (MB)          :    357        6000      6000 

	Job terminated of its own accord at 2021-07-20T05:36:45Z.
...
