000 (2521675.167.000) 07/19 04:18:40 Job submitted from host: <188.185.70.244:9618?addrs=188.185.70.244-9618+[2001-1458-d00-7--100-2ee]-9618&alias=bigbird10.cern.ch&noUDP&sock=schedd_2037_ca81>
...
040 (2521675.167.000) 07/19 04:25:41 Started transferring input files
	Transferring to host: <188.184.204.117:9618?addrs=188.184.204.117-9618+[2001-1458-301-7d--100-69]-9618&alias=b7g27n0514.cern.ch&noUDP&sock=slot1_3_18687_6e91_120972>
...
001 (2521675.167.000) 07/19 04:25:42 Job executing on host: <188.184.204.117:9618?addrs=188.184.204.117-9618+[2001-1458-301-7d--100-69]-9618&alias=b7g27n0514.cern.ch&noUDP&sock=startd_2320_e7cf>
...
040 (2521675.167.000) 07/19 04:25:42 Finished transferring input files
...
006 (2521675.167.000) 07/19 04:25:51 Image size of job updated: 429176
	10  -  MemoryUsage of job (MB)
	10100  -  ResidentSetSize of job (KB)
...
006 (2521675.167.000) 07/19 04:30:52 Image size of job updated: 631380
	205  -  MemoryUsage of job (MB)
	209600  -  ResidentSetSize of job (KB)
...
006 (2521675.167.000) 07/19 04:36:10 Image size of job updated: 766924
	205  -  MemoryUsage of job (MB)
	209600  -  ResidentSetSize of job (KB)
...
040 (2521675.167.000) 07/19 04:36:10 Started transferring output files
...
040 (2521675.167.000) 07/19 04:36:10 Finished transferring output files
...
005 (2521675.167.000) 07/19 04:36:10 Job terminated.
	(1) Normal termination (return value 0)
		Usr 0 00:01:19, Sys 0 00:00:03  -  Run Remote Usage
		Usr 0 00:00:00, Sys 0 00:00:00  -  Run Local Usage
		Usr 0 00:01:19, Sys 0 00:00:03  -  Total Remote Usage
		Usr 0 00:00:00, Sys 0 00:00:00  -  Total Local Usage
	53160  -  Run Bytes Sent By Job
	55262812  -  Run Bytes Received By Job
	53160  -  Total Bytes Sent By Job
	55262812  -  Total Bytes Received By Job
	Partitionable Resources :     Usage  Request Allocated 
	   Cpus                 :      0.02        3         3 
	   Disk (KB)            : 182132       75000    200120 
	   Memory (MB)          :    205        6000      6000 

	Job terminated of its own accord at 2021-07-19T02:36:10Z.
...
