000 (2524871.184.000) 07/20 04:35:08 Job submitted from host: <188.185.70.244:9618?addrs=188.185.70.244-9618+[2001-1458-d00-7--100-2ee]-9618&alias=bigbird10.cern.ch&noUDP&sock=schedd_2037_ca81>
...
040 (2524871.184.000) 07/20 05:25:53 Started transferring input files
	Transferring to host: <128.142.58.134:9618?addrs=128.142.58.134-9618+[2001-1458-301-16--100-85]-9618&alias=b7s03p7532.cern.ch&noUDP&sock=slot1_2_6885_daf1_12785>
...
040 (2524871.184.000) 07/20 05:25:54 Finished transferring input files
...
001 (2524871.184.000) 07/20 05:25:54 Job executing on host: <128.142.58.134:9618?addrs=128.142.58.134-9618+[2001-1458-301-16--100-85]-9618&alias=b7s03p7532.cern.ch&noUDP&sock=startd_6427_f745>
...
006 (2524871.184.000) 07/20 05:26:03 Image size of job updated: 271292
	192  -  MemoryUsage of job (MB)
	196148  -  ResidentSetSize of job (KB)
...
006 (2524871.184.000) 07/20 05:31:04 Image size of job updated: 788852
	266  -  MemoryUsage of job (MB)
	272028  -  ResidentSetSize of job (KB)
...
006 (2524871.184.000) 07/20 05:36:04 Image size of job updated: 789536
	267  -  MemoryUsage of job (MB)
	272704  -  ResidentSetSize of job (KB)
...
040 (2524871.184.000) 07/20 05:38:49 Started transferring output files
...
040 (2524871.184.000) 07/20 05:38:49 Finished transferring output files
...
005 (2524871.184.000) 07/20 05:38:49 Job terminated.
	(1) Normal termination (return value 0)
		Usr 0 00:08:58, Sys 0 00:00:02  -  Run Remote Usage
		Usr 0 00:00:00, Sys 0 00:00:00  -  Run Local Usage
		Usr 0 00:08:58, Sys 0 00:00:02  -  Total Remote Usage
		Usr 0 00:00:00, Sys 0 00:00:00  -  Total Local Usage
	48791  -  Run Bytes Sent By Job
	55262812  -  Run Bytes Received By Job
	48791  -  Total Bytes Sent By Job
	55262812  -  Total Bytes Received By Job
	Partitionable Resources :     Usage  Request Allocated 
	   Cpus                 :      0.27        3         3 
	   Disk (KB)            : 179090       75000   1336429 
	   Memory (MB)          :    267        6000      6000 

	Job terminated of its own accord at 2021-07-20T03:38:49Z.
...
