000 (2524617.162.000) 07/20 01:52:27 Job submitted from host: <188.185.70.244:9618?addrs=188.185.70.244-9618+[2001-1458-d00-7--100-2ee]-9618&alias=bigbird10.cern.ch&noUDP&sock=schedd_2037_ca81>
...
040 (2524617.162.000) 07/20 02:01:24 Started transferring input files
	Transferring to host: <188.184.190.181:9618?addrs=188.184.190.181-9618+[2001-1458-301-4b--100-bb]-9618&alias=b7g42n0406.cern.ch&noUDP&sock=slot1_2_13025_0a6b_115452>
...
040 (2524617.162.000) 07/20 02:01:24 Finished transferring input files
...
001 (2524617.162.000) 07/20 02:01:24 Job executing on host: <188.184.190.181:9618?addrs=188.184.190.181-9618+[2001-1458-301-4b--100-bb]-9618&alias=b7g42n0406.cern.ch&noUDP&sock=startd_5592_39b0>
...
006 (2524617.162.000) 07/20 02:01:34 Image size of job updated: 80512
	36  -  MemoryUsage of job (MB)
	36524  -  ResidentSetSize of job (KB)
...
006 (2524617.162.000) 07/20 02:06:34 Image size of job updated: 809572
	289  -  MemoryUsage of job (MB)
	295692  -  ResidentSetSize of job (KB)
...
006 (2524617.162.000) 07/20 03:11:41 Image size of job updated: 810028
	290  -  MemoryUsage of job (MB)
	296296  -  ResidentSetSize of job (KB)
...
040 (2524617.162.000) 07/20 03:53:12 Started transferring output files
...
040 (2524617.162.000) 07/20 03:53:13 Finished transferring output files
...
005 (2524617.162.000) 07/20 03:53:14 Job terminated.
	(1) Normal termination (return value 0)
		Usr 0 01:47:17, Sys 0 00:00:03  -  Run Remote Usage
		Usr 0 00:00:00, Sys 0 00:00:00  -  Run Local Usage
		Usr 0 01:47:17, Sys 0 00:00:03  -  Total Remote Usage
		Usr 0 00:00:00, Sys 0 00:00:00  -  Total Local Usage
	53150  -  Run Bytes Sent By Job
	55262812  -  Run Bytes Received By Job
	53150  -  Total Bytes Sent By Job
	55262812  -  Total Bytes Received By Job
	Partitionable Resources :     Usage  Request Allocated 
	   Cpus                 :      1.00        3         3 
	   Disk (KB)            : 182700       75000    298082 
	   Memory (MB)          :    290        6000      6000 

	Job terminated of its own accord at 2021-07-20T01:53:12Z.
...
