000 (2534572.216.000) 07/21 23:44:26 Job submitted from host: <188.185.70.244:9618?addrs=188.185.70.244-9618+[2001-1458-d00-7--100-2ee]-9618&alias=bigbird10.cern.ch&noUDP&sock=schedd_2037_ca81>
...
040 (2534572.216.000) 07/21 23:51:03 Started transferring input files
	Transferring to host: <128.142.57.60:9618?addrs=128.142.57.60-9618+[2001-1458-301-7--100-3b]-9618&alias=b7s02p6020.cern.ch&noUDP&sock=slot1_2_6647_29a7_19026>
...
040 (2534572.216.000) 07/21 23:51:04 Finished transferring input files
...
001 (2534572.216.000) 07/21 23:51:04 Job executing on host: <128.142.57.60:9618?addrs=128.142.57.60-9618+[2001-1458-301-7--100-3b]-9618&alias=b7s02p6020.cern.ch&noUDP&sock=startd_6182_ea91>
...
006 (2534572.216.000) 07/21 23:51:13 Image size of job updated: 237912
	160  -  MemoryUsage of job (MB)
	163800  -  ResidentSetSize of job (KB)
...
006 (2534572.216.000) 07/21 23:56:14 Image size of job updated: 626836
	201  -  MemoryUsage of job (MB)
	205212  -  ResidentSetSize of job (KB)
...
006 (2534572.216.000) 07/22 00:26:16 Image size of job updated: 799196
	276  -  MemoryUsage of job (MB)
	281776  -  ResidentSetSize of job (KB)
...
006 (2534572.216.000) 07/22 00:31:17 Image size of job updated: 799928
	277  -  MemoryUsage of job (MB)
	282740  -  ResidentSetSize of job (KB)
...
040 (2534572.216.000) 07/22 00:33:10 Started transferring output files
...
040 (2534572.216.000) 07/22 00:33:10 Finished transferring output files
...
005 (2534572.216.000) 07/22 00:33:10 Job terminated.
	(1) Normal termination (return value 0)
		Usr 0 00:08:33, Sys 0 00:00:02  -  Run Remote Usage
		Usr 0 00:00:00, Sys 0 00:00:00  -  Run Local Usage
		Usr 0 00:08:33, Sys 0 00:00:02  -  Total Remote Usage
		Usr 0 00:00:00, Sys 0 00:00:00  -  Total Local Usage
	50601  -  Run Bytes Sent By Job
	55262812  -  Run Bytes Received By Job
	50601  -  Total Bytes Sent By Job
	55262812  -  Total Bytes Received By Job
	Partitionable Resources :     Usage  Request Allocated 
	   Cpus                 :      0.03        3         3 
	   Disk (KB)            : 181016       75000   1337338 
	   Memory (MB)          :    277        6000      6000 

	Job terminated of its own accord at 2021-07-21T22:33:09Z.
...
