000 (2556072.029.000) 07/27 10:22:33 Job submitted from host: <188.185.70.244:9618?addrs=188.185.70.244-9618+[2001-1458-d00-7--100-2ee]-9618&alias=bigbird10.cern.ch&noUDP&sock=schedd_2037_ca81>
...
040 (2556072.029.000) 07/27 10:25:34 Started transferring input files
	Transferring to host: <128.142.57.56:9618?addrs=128.142.57.56-9618+[2001-1458-301-7--100-37]-9618&alias=b7s02p6140.cern.ch&noUDP&sock=slot1_12_4189_4783_24679>
...
040 (2556072.029.000) 07/27 10:25:35 Finished transferring input files
...
001 (2556072.029.000) 07/27 10:25:35 Job executing on host: <128.142.57.56:9618?addrs=128.142.57.56-9618+[2001-1458-301-7--100-37]-9618&alias=b7s02p6140.cern.ch&noUDP&sock=startd_3736_29ea>
...
006 (2556072.029.000) 07/27 10:25:43 Image size of job updated: 618300
	196  -  MemoryUsage of job (MB)
	200504  -  ResidentSetSize of job (KB)
...
006 (2556072.029.000) 07/27 10:30:43 Image size of job updated: 797564
	275  -  MemoryUsage of job (MB)
	280864  -  ResidentSetSize of job (KB)
...
006 (2556072.029.000) 07/27 10:33:40 Image size of job updated: 800848
	275  -  MemoryUsage of job (MB)
	280864  -  ResidentSetSize of job (KB)
...
040 (2556072.029.000) 07/27 10:33:42 Started transferring output files
...
040 (2556072.029.000) 07/27 10:33:42 Finished transferring output files
...
005 (2556072.029.000) 07/27 10:33:42 Job terminated.
	(1) Normal termination (return value 0)
		Usr 0 00:07:34, Sys 0 00:00:02  -  Run Remote Usage
		Usr 0 00:00:00, Sys 0 00:00:00  -  Run Local Usage
		Usr 0 00:07:34, Sys 0 00:00:02  -  Total Remote Usage
		Usr 0 00:00:00, Sys 0 00:00:00  -  Total Local Usage
	49804  -  Run Bytes Sent By Job
	55262880  -  Run Bytes Received By Job
	49804  -  Total Bytes Sent By Job
	55262880  -  Total Bytes Received By Job
	Partitionable Resources :     Usage  Request Allocated 
	   Cpus                 :      1.00        3         3 
	   Disk (KB)            : 185028       75000   1261620 
	   Memory (MB)          :    275        6000      6000 

	Job terminated of its own accord at 2021-07-27T08:33:40Z.
...
