000 (2521842.066.000) 07/19 05:55:55 Job submitted from host: <188.185.70.244:9618?addrs=188.185.70.244-9618+[2001-1458-d00-7--100-2ee]-9618&alias=bigbird10.cern.ch&noUDP&sock=schedd_2037_ca81>
...
040 (2521842.066.000) 07/19 06:01:13 Started transferring input files
	Transferring to host: <128.142.59.58:9618?addrs=128.142.59.58-9618+[2001-1458-301-21--100-39]-9618&alias=b7s04p4815.cern.ch&noUDP&sock=slot1_17_6980_ca95_9828>
...
040 (2521842.066.000) 07/19 06:01:14 Finished transferring input files
...
001 (2521842.066.000) 07/19 06:01:14 Job executing on host: <128.142.59.58:9618?addrs=128.142.59.58-9618+[2001-1458-301-21--100-39]-9618&alias=b7s04p4815.cern.ch&noUDP&sock=startd_6504_c810>
...
006 (2521842.066.000) 07/19 06:01:23 Image size of job updated: 569056
	184  -  MemoryUsage of job (MB)
	188120  -  ResidentSetSize of job (KB)
...
006 (2521842.066.000) 07/19 06:06:24 Image size of job updated: 631948
	205  -  MemoryUsage of job (MB)
	209612  -  ResidentSetSize of job (KB)
...
006 (2521842.066.000) 07/19 06:16:25 Image size of job updated: 811500
	291  -  MemoryUsage of job (MB)
	297632  -  ResidentSetSize of job (KB)
...
006 (2521842.066.000) 07/19 06:26:00 Image size of job updated: 811980
	291  -  MemoryUsage of job (MB)
	297632  -  ResidentSetSize of job (KB)
...
040 (2521842.066.000) 07/19 06:26:00 Started transferring output files
...
040 (2521842.066.000) 07/19 06:26:00 Finished transferring output files
...
005 (2521842.066.000) 07/19 06:26:01 Job terminated.
	(1) Normal termination (return value 0)
		Usr 0 00:13:08, Sys 0 00:00:02  -  Run Remote Usage
		Usr 0 00:00:00, Sys 0 00:00:00  -  Run Local Usage
		Usr 0 00:13:08, Sys 0 00:00:02  -  Total Remote Usage
		Usr 0 00:00:00, Sys 0 00:00:00  -  Total Local Usage
	48664  -  Run Bytes Sent By Job
	55262812  -  Run Bytes Received By Job
	48664  -  Total Bytes Sent By Job
	55262812  -  Total Bytes Received By Job
	Partitionable Resources :     Usage  Request Allocated 
	   Cpus                 :      1.00        3         3 
	   Disk (KB)            : 183113       75000   1238267 
	   Memory (MB)          :    291        6000      6000 

	Job terminated of its own accord at 2021-07-19T04:26:00Z.
...
