000 (2521668.146.000) 07/19 01:56:57 Job submitted from host: <188.185.70.244:9618?addrs=188.185.70.244-9618+[2001-1458-d00-7--100-2ee]-9618&alias=bigbird10.cern.ch&noUDP&sock=schedd_2037_ca81>
...
040 (2521668.146.000) 07/19 02:14:08 Started transferring input files
	Transferring to host: <128.142.74.174:9618?addrs=128.142.74.174-9618+[2001-1458-301-75--100-2cb]-9618&alias=b7s11n0957.cern.ch&noUDP&sock=slot1_2_24156_d64f_120144>
...
040 (2521668.146.000) 07/19 02:14:09 Finished transferring input files
...
001 (2521668.146.000) 07/19 02:14:09 Job executing on host: <128.142.74.174:9618?addrs=128.142.74.174-9618+[2001-1458-301-75--100-2cb]-9618&alias=b7s11n0957.cern.ch&noUDP&sock=startd_16677_9d04>
...
006 (2521668.146.000) 07/19 02:14:18 Image size of job updated: 325020
	28  -  MemoryUsage of job (MB)
	28468  -  ResidentSetSize of job (KB)
...
006 (2521668.146.000) 07/19 02:19:19 Image size of job updated: 626836
	201  -  MemoryUsage of job (MB)
	205332  -  ResidentSetSize of job (KB)
...
006 (2521668.146.000) 07/19 02:51:38 Image size of job updated: 767916
	201  -  MemoryUsage of job (MB)
	205332  -  ResidentSetSize of job (KB)
...
040 (2521668.146.000) 07/19 02:51:38 Started transferring output files
...
040 (2521668.146.000) 07/19 02:51:38 Finished transferring output files
...
005 (2521668.146.000) 07/19 02:51:38 Job terminated.
	(1) Normal termination (return value 0)
		Usr 0 00:01:10, Sys 0 00:00:03  -  Run Remote Usage
		Usr 0 00:00:00, Sys 0 00:00:00  -  Run Local Usage
		Usr 0 00:01:10, Sys 0 00:00:03  -  Total Remote Usage
		Usr 0 00:00:00, Sys 0 00:00:00  -  Total Local Usage
	49265  -  Run Bytes Sent By Job
	55262812  -  Run Bytes Received By Job
	49265  -  Total Bytes Sent By Job
	55262812  -  Total Bytes Received By Job
	Partitionable Resources :     Usage  Request Allocated 
	   Cpus                 :      0.11        3         3 
	   Disk (KB)            : 184035       75000    281249 
	   Memory (MB)          :    201        6000      6000 

	Job terminated of its own accord at 2021-07-19T00:51:38Z.
...
