000 (2522101.201.000) 07/19 11:55:34 Job submitted from host: <188.185.70.244:9618?addrs=188.185.70.244-9618+[2001-1458-d00-7--100-2ee]-9618&alias=bigbird10.cern.ch&noUDP&sock=schedd_2037_ca81>
...
040 (2522101.201.000) 07/19 13:12:12 Started transferring input files
	Transferring to host: <128.142.83.217:9618?addrs=128.142.83.217-9618+[2001-1458-301-f5--100-16d]-9618&alias=b7s13n4127.cern.ch&noUDP&sock=slot1_4_2581_4c42_22922>
...
040 (2522101.201.000) 07/19 13:12:13 Finished transferring input files
...
001 (2522101.201.000) 07/19 13:12:13 Job executing on host: <128.142.83.217:9618?addrs=128.142.83.217-9618+[2001-1458-301-f5--100-16d]-9618&alias=b7s13n4127.cern.ch&noUDP&sock=startd_2356_9938>
...
006 (2522101.201.000) 07/19 13:12:22 Image size of job updated: 288720
	28  -  MemoryUsage of job (MB)
	28088  -  ResidentSetSize of job (KB)
...
006 (2522101.201.000) 07/19 13:17:23 Image size of job updated: 631960
	205  -  MemoryUsage of job (MB)
	209712  -  ResidentSetSize of job (KB)
...
006 (2522101.201.000) 07/19 13:37:25 Image size of job updated: 817072
	297  -  MemoryUsage of job (MB)
	303264  -  ResidentSetSize of job (KB)
...
006 (2522101.201.000) 07/19 13:52:26 Image size of job updated: 817540
	297  -  MemoryUsage of job (MB)
	303800  -  ResidentSetSize of job (KB)
...
040 (2522101.201.000) 07/19 13:57:25 Started transferring output files
...
040 (2522101.201.000) 07/19 13:57:25 Finished transferring output files
...
005 (2522101.201.000) 07/19 13:57:25 Job terminated.
	(1) Normal termination (return value 0)
		Usr 0 00:24:08, Sys 0 00:00:02  -  Run Remote Usage
		Usr 0 00:00:00, Sys 0 00:00:00  -  Run Local Usage
		Usr 0 00:24:08, Sys 0 00:00:02  -  Total Remote Usage
		Usr 0 00:00:00, Sys 0 00:00:00  -  Total Local Usage
	49565  -  Run Bytes Sent By Job
	55262812  -  Run Bytes Received By Job
	49565  -  Total Bytes Sent By Job
	55262812  -  Total Bytes Received By Job
	Partitionable Resources :     Usage  Request Allocated 
	   Cpus                 :      1.00        3         3 
	   Disk (KB)            : 184124       75000    273443 
	   Memory (MB)          :    297        6000      6000 

	Job terminated of its own accord at 2021-07-19T11:57:25Z.
...
