000 (2521668.070.000) 07/19 01:56:56 Job submitted from host: <188.185.70.244:9618?addrs=188.185.70.244-9618+[2001-1458-d00-7--100-2ee]-9618&alias=bigbird10.cern.ch&noUDP&sock=schedd_2037_ca81>
...
040 (2521668.070.000) 07/19 02:03:00 Started transferring input files
	Transferring to host: <128.142.59.79:9618?addrs=128.142.59.79-9618+[2001-1458-301-21--100-4e]-9618&alias=b7s04p7395.cern.ch&noUDP&sock=slot1_32_6630_2f47_10302>
...
040 (2521668.070.000) 07/19 02:03:01 Finished transferring input files
...
001 (2521668.070.000) 07/19 02:03:01 Job executing on host: <128.142.59.79:9618?addrs=128.142.59.79-9618+[2001-1458-301-21--100-4e]-9618&alias=b7s04p7395.cern.ch&noUDP&sock=startd_6166_f10d>
...
006 (2521668.070.000) 07/19 02:03:09 Image size of job updated: 266748
	188  -  MemoryUsage of job (MB)
	191820  -  ResidentSetSize of job (KB)
...
006 (2521668.070.000) 07/19 02:08:09 Image size of job updated: 631964
	205  -  MemoryUsage of job (MB)
	209624  -  ResidentSetSize of job (KB)
...
006 (2521668.070.000) 07/19 02:28:11 Image size of job updated: 631964
	205  -  MemoryUsage of job (MB)
	209628  -  ResidentSetSize of job (KB)
...
006 (2521668.070.000) 07/19 02:31:15 Image size of job updated: 767052
	205  -  MemoryUsage of job (MB)
	209628  -  ResidentSetSize of job (KB)
...
040 (2521668.070.000) 07/19 02:31:15 Started transferring output files
...
040 (2521668.070.000) 07/19 02:31:15 Finished transferring output files
...
005 (2521668.070.000) 07/19 02:31:15 Job terminated.
	(1) Normal termination (return value 0)
		Usr 0 00:00:47, Sys 0 00:00:02  -  Run Remote Usage
		Usr 0 00:00:00, Sys 0 00:00:00  -  Run Local Usage
		Usr 0 00:00:47, Sys 0 00:00:02  -  Total Remote Usage
		Usr 0 00:00:00, Sys 0 00:00:00  -  Total Local Usage
	52890  -  Run Bytes Sent By Job
	55262812  -  Run Bytes Received By Job
	52890  -  Total Bytes Sent By Job
	55262812  -  Total Bytes Received By Job
	Partitionable Resources :    Usage  Request Allocated 
	   Cpus                 :        0        3         3 
	   Disk (KB)            :   182653    75000   1201062 
	   Memory (MB)          :      205     6000      6000 

	Job terminated of its own accord at 2021-07-19T00:31:15Z.
...
