000 (2522101.039.000) 07/19 11:55:34 Job submitted from host: <188.185.70.244:9618?addrs=188.185.70.244-9618+[2001-1458-d00-7--100-2ee]-9618&alias=bigbird10.cern.ch&noUDP&sock=schedd_2037_ca81>
...
040 (2522101.039.000) 07/19 12:26:27 Started transferring input files
	Transferring to host: <128.142.58.89:9618?addrs=128.142.58.89-9618+[2001-1458-301-16--100-58]-9618&alias=b7s03p1122.cern.ch&noUDP&sock=slot1_11_6711_41aa_10515>
...
040 (2522101.039.000) 07/19 12:26:28 Finished transferring input files
...
001 (2522101.039.000) 07/19 12:26:28 Job executing on host: <128.142.58.89:9618?addrs=128.142.58.89-9618+[2001-1458-301-16--100-58]-9618&alias=b7s03p1122.cern.ch&noUDP&sock=startd_6233_e5e5>
...
006 (2522101.039.000) 07/19 12:26:37 Image size of job updated: 636036
	192  -  MemoryUsage of job (MB)
	196500  -  ResidentSetSize of job (KB)
...
006 (2522101.039.000) 07/19 12:31:38 Image size of job updated: 636036
	209  -  MemoryUsage of job (MB)
	213528  -  ResidentSetSize of job (KB)
...
006 (2522101.039.000) 07/19 12:36:38 Image size of job updated: 639164
	212  -  MemoryUsage of job (MB)
	216724  -  ResidentSetSize of job (KB)
...
006 (2522101.039.000) 07/19 12:41:39 Image size of job updated: 967588
	443  -  MemoryUsage of job (MB)
	452764  -  ResidentSetSize of job (KB)
...
006 (2522101.039.000) 07/19 13:16:42 Image size of job updated: 968100
	443  -  MemoryUsage of job (MB)
	453376  -  ResidentSetSize of job (KB)
...
040 (2522101.039.000) 07/19 13:21:06 Started transferring output files
...
040 (2522101.039.000) 07/19 13:21:06 Finished transferring output files
...
005 (2522101.039.000) 07/19 13:21:06 Job terminated.
	(1) Normal termination (return value 0)
		Usr 0 00:42:46, Sys 0 00:00:05  -  Run Remote Usage
		Usr 0 00:00:00, Sys 0 00:00:00  -  Run Local Usage
		Usr 0 00:42:46, Sys 0 00:00:05  -  Total Remote Usage
		Usr 0 00:00:00, Sys 0 00:00:00  -  Total Local Usage
	48005  -  Run Bytes Sent By Job
	55262812  -  Run Bytes Received By Job
	48005  -  Total Bytes Sent By Job
	55262812  -  Total Bytes Received By Job
	Partitionable Resources :     Usage  Request Allocated 
	   Cpus                 :      1.00        3         3 
	   Disk (KB)            : 209644       75000   1306564 
	   Memory (MB)          :    443        6000      6000 

	Job terminated of its own accord at 2021-07-19T11:21:06Z.
...
