000 (2521842.100.000) 07/19 05:55:55 Job submitted from host: <188.185.70.244:9618?addrs=188.185.70.244-9618+[2001-1458-d00-7--100-2ee]-9618&alias=bigbird10.cern.ch&noUDP&sock=schedd_2037_ca81>
...
040 (2521842.100.000) 07/19 06:01:32 Started transferring input files
	Transferring to host: <128.142.56.53:9618?addrs=128.142.56.53-9618+[2001-1458-301-6--100-34]-9618&alias=b7s01p5821.cern.ch&noUDP&sock=slot1_5_46631_8201_12912>
...
040 (2521842.100.000) 07/19 06:01:33 Finished transferring input files
...
001 (2521842.100.000) 07/19 06:01:33 Job executing on host: <128.142.56.53:9618?addrs=128.142.56.53-9618+[2001-1458-301-6--100-34]-9618&alias=b7s01p5821.cern.ch&noUDP&sock=startd_43523_bc83>
...
006 (2521842.100.000) 07/19 06:01:41 Image size of job updated: 229456
	152  -  MemoryUsage of job (MB)
	155380  -  ResidentSetSize of job (KB)
...
006 (2521842.100.000) 07/19 06:06:41 Image size of job updated: 636080
	209  -  MemoryUsage of job (MB)
	213588  -  ResidentSetSize of job (KB)
...
006 (2521842.100.000) 07/19 06:11:42 Image size of job updated: 636080
	209  -  MemoryUsage of job (MB)
	213592  -  ResidentSetSize of job (KB)
...
006 (2521842.100.000) 07/19 06:36:43 Image size of job updated: 823320
	303  -  MemoryUsage of job (MB)
	309348  -  ResidentSetSize of job (KB)
...
006 (2521842.100.000) 07/19 06:46:44 Image size of job updated: 823796
	303  -  MemoryUsage of job (MB)
	309932  -  ResidentSetSize of job (KB)
...
040 (2521842.100.000) 07/19 06:49:23 Started transferring output files
...
040 (2521842.100.000) 07/19 06:49:23 Finished transferring output files
...
005 (2521842.100.000) 07/19 06:49:23 Job terminated.
	(1) Normal termination (return value 0)
		Usr 0 00:14:10, Sys 0 00:00:03  -  Run Remote Usage
		Usr 0 00:00:00, Sys 0 00:00:00  -  Run Local Usage
		Usr 0 00:14:10, Sys 0 00:00:03  -  Total Remote Usage
		Usr 0 00:00:00, Sys 0 00:00:00  -  Total Local Usage
	49193  -  Run Bytes Sent By Job
	55262812  -  Run Bytes Received By Job
	49193  -  Total Bytes Sent By Job
	55262812  -  Total Bytes Received By Job
	Partitionable Resources :     Usage  Request Allocated 
	   Cpus                 :      1.00        3         3 
	   Disk (KB)            : 184497       75000   1192854 
	   Memory (MB)          :    303        6000      6000 

	Job terminated of its own accord at 2021-07-19T04:49:23Z.
...
