000 (2521876.014.000) 07/19 08:46:26 Job submitted from host: <188.185.70.244:9618?addrs=188.185.70.244-9618+[2001-1458-d00-7--100-2ee]-9618&alias=bigbird10.cern.ch&noUDP&sock=schedd_2037_ca81>
...
040 (2521876.014.000) 07/19 09:10:00 Started transferring input files
	Transferring to host: <128.142.57.76:9618?addrs=128.142.57.76-9618+[2001-1458-301-7--100-4b]-9618&alias=b7s02p8471.cern.ch&noUDP&sock=slot1_27_6925_09f3_12691>
...
040 (2521876.014.000) 07/19 09:10:01 Finished transferring input files
...
001 (2521876.014.000) 07/19 09:10:01 Job executing on host: <128.142.57.76:9618?addrs=128.142.57.76-9618+[2001-1458-301-7--100-4b]-9618&alias=b7s02p8471.cern.ch&noUDP&sock=startd_6473_84a0>
...
006 (2521876.014.000) 07/19 09:10:10 Image size of job updated: 174504
	35  -  MemoryUsage of job (MB)
	35620  -  ResidentSetSize of job (KB)
...
006 (2521876.014.000) 07/19 09:15:11 Image size of job updated: 814472
	295  -  MemoryUsage of job (MB)
	301164  -  ResidentSetSize of job (KB)
...
006 (2521876.014.000) 07/19 09:30:13 Image size of job updated: 815032
	295  -  MemoryUsage of job (MB)
	301832  -  ResidentSetSize of job (KB)
...
040 (2521876.014.000) 07/19 09:32:56 Started transferring output files
...
040 (2521876.014.000) 07/19 09:32:56 Finished transferring output files
...
005 (2521876.014.000) 07/19 09:32:56 Job terminated.
	(1) Normal termination (return value 0)
		Usr 0 00:19:26, Sys 0 00:00:02  -  Run Remote Usage
		Usr 0 00:00:00, Sys 0 00:00:00  -  Run Local Usage
		Usr 0 00:19:26, Sys 0 00:00:02  -  Total Remote Usage
		Usr 0 00:00:00, Sys 0 00:00:00  -  Total Local Usage
	49671  -  Run Bytes Sent By Job
	55262812  -  Run Bytes Received By Job
	49671  -  Total Bytes Sent By Job
	55262812  -  Total Bytes Received By Job
	Partitionable Resources :     Usage  Request Allocated 
	   Cpus                 :      1.00        3         3 
	   Disk (KB)            : 183655       75000   1230991 
	   Memory (MB)          :    295        6000      6000 

	Job terminated of its own accord at 2021-07-19T07:32:56Z.
...
