000 (2523366.142.000) 07/19 23:50:31 Job submitted from host: <188.185.70.244:9618?addrs=188.185.70.244-9618+[2001-1458-d00-7--100-2ee]-9618&alias=bigbird10.cern.ch&noUDP&sock=schedd_2037_ca81>
...
040 (2523366.142.000) 07/20 00:28:30 Started transferring input files
	Transferring to host: <128.142.59.86:9618?addrs=128.142.59.86-9618+[2001-1458-301-21--100-55]-9618&alias=b7s04p2139.cern.ch&noUDP&sock=slot1_12_6742_194b_10507>
...
040 (2523366.142.000) 07/20 00:28:31 Finished transferring input files
...
001 (2523366.142.000) 07/20 00:28:31 Job executing on host: <128.142.59.86:9618?addrs=128.142.59.86-9618+[2001-1458-301-21--100-55]-9618&alias=b7s04p2139.cern.ch&noUDP&sock=startd_6290_fecb>
...
006 (2523366.142.000) 07/20 00:28:40 Image size of job updated: 587836
	191  -  MemoryUsage of job (MB)
	194788  -  ResidentSetSize of job (KB)
...
006 (2523366.142.000) 07/20 00:33:41 Image size of job updated: 804372
	284  -  MemoryUsage of job (MB)
	290712  -  ResidentSetSize of job (KB)
...
006 (2523366.142.000) 07/20 00:41:10 Image size of job updated: 804808
	284  -  MemoryUsage of job (MB)
	290712  -  ResidentSetSize of job (KB)
...
040 (2523366.142.000) 07/20 00:41:10 Started transferring output files
...
040 (2523366.142.000) 07/20 00:41:10 Finished transferring output files
...
005 (2523366.142.000) 07/20 00:41:10 Job terminated.
	(1) Normal termination (return value 0)
		Usr 0 00:12:32, Sys 0 00:00:02  -  Run Remote Usage
		Usr 0 00:00:00, Sys 0 00:00:00  -  Run Local Usage
		Usr 0 00:12:32, Sys 0 00:00:02  -  Total Remote Usage
		Usr 0 00:00:00, Sys 0 00:00:00  -  Total Local Usage
	51964  -  Run Bytes Sent By Job
	55262812  -  Run Bytes Received By Job
	51964  -  Total Bytes Sent By Job
	55262812  -  Total Bytes Received By Job
	Partitionable Resources :     Usage  Request Allocated 
	   Cpus                 :      1.00        3         3 
	   Disk (KB)            : 181759       75000   1297991 
	   Memory (MB)          :    284        6000      6000 

	Job terminated of its own accord at 2021-07-19T22:41:10Z.
...
