000 (2536881.141.000) 07/22 03:18:13 Job submitted from host: <188.185.70.244:9618?addrs=188.185.70.244-9618+[2001-1458-d00-7--100-2ee]-9618&alias=bigbird10.cern.ch&noUDP&sock=schedd_2037_ca81>
...
040 (2536881.141.000) 07/22 03:35:09 Started transferring input files
	Transferring to host: <128.142.59.29:9618?addrs=128.142.59.29-9618+[2001-1458-301-21--100-1c]-9618&alias=b7s04p6263.cern.ch&noUDP&sock=slot1_3_6828_b18f_14433>
...
040 (2536881.141.000) 07/22 03:35:10 Finished transferring input files
...
001 (2536881.141.000) 07/22 03:35:10 Job executing on host: <128.142.59.29:9618?addrs=128.142.59.29-9618+[2001-1458-301-21--100-1c]-9618&alias=b7s04p6263.cern.ch&noUDP&sock=startd_6376_fbf0>
...
006 (2536881.141.000) 07/22 03:35:19 Image size of job updated: 576704
	191  -  MemoryUsage of job (MB)
	194724  -  ResidentSetSize of job (KB)
...
006 (2536881.141.000) 07/22 03:40:20 Image size of job updated: 817076
	297  -  MemoryUsage of job (MB)
	303468  -  ResidentSetSize of job (KB)
...
006 (2536881.141.000) 07/22 03:50:21 Image size of job updated: 817536
	297  -  MemoryUsage of job (MB)
	304052  -  ResidentSetSize of job (KB)
...
040 (2536881.141.000) 07/22 03:54:50 Started transferring output files
...
040 (2536881.141.000) 07/22 03:54:50 Finished transferring output files
...
005 (2536881.141.000) 07/22 03:54:51 Job terminated.
	(1) Normal termination (return value 0)
		Usr 0 00:18:47, Sys 0 00:00:02  -  Run Remote Usage
		Usr 0 00:00:00, Sys 0 00:00:00  -  Run Local Usage
		Usr 0 00:18:47, Sys 0 00:00:02  -  Total Remote Usage
		Usr 0 00:00:00, Sys 0 00:00:00  -  Total Local Usage
	43834  -  Run Bytes Sent By Job
	55262812  -  Run Bytes Received By Job
	43834  -  Total Bytes Sent By Job
	55262812  -  Total Bytes Received By Job
	Partitionable Resources :     Usage  Request Allocated 
	   Cpus                 :      1.00        3         3 
	   Disk (KB)            : 184144       75000   1236114 
	   Memory (MB)          :    297        6000      6000 

	Job terminated of its own accord at 2021-07-22T01:54:50Z.
...
