000 (2534572.095.000) 07/21 23:44:26 Job submitted from host: <188.185.70.244:9618?addrs=188.185.70.244-9618+[2001-1458-d00-7--100-2ee]-9618&alias=bigbird10.cern.ch&noUDP&sock=schedd_2037_ca81>
...
040 (2534572.095.000) 07/21 23:50:00 Started transferring input files
	Transferring to host: <128.142.56.46:9618?addrs=128.142.56.46-9618+[2001-1458-301-6--100-2d]-9618&alias=b7s01p6409.cern.ch&noUDP&sock=slot1_6_44121_fc5b_15439>
...
040 (2534572.095.000) 07/21 23:50:01 Finished transferring input files
...
001 (2534572.095.000) 07/21 23:50:01 Job executing on host: <128.142.56.46:9618?addrs=128.142.56.46-9618+[2001-1458-301-6--100-2d]-9618&alias=b7s01p6409.cern.ch&noUDP&sock=startd_44076_0c63>
...
006 (2534572.095.000) 07/21 23:50:10 Image size of job updated: 589052
	190  -  MemoryUsage of job (MB)
	193940  -  ResidentSetSize of job (KB)
...
006 (2534572.095.000) 07/21 23:55:11 Image size of job updated: 626836
	201  -  MemoryUsage of job (MB)
	205344  -  ResidentSetSize of job (KB)
...
006 (2534572.095.000) 07/22 00:00:12 Image size of job updated: 626836
	201  -  MemoryUsage of job (MB)
	205348  -  ResidentSetSize of job (KB)
...
006 (2534572.095.000) 07/22 00:30:14 Image size of job updated: 799260
	276  -  MemoryUsage of job (MB)
	281944  -  ResidentSetSize of job (KB)
...
006 (2534572.095.000) 07/22 00:35:14 Image size of job updated: 799708
	276  -  MemoryUsage of job (MB)
	282520  -  ResidentSetSize of job (KB)
...
040 (2534572.095.000) 07/22 00:39:43 Started transferring output files
...
040 (2534572.095.000) 07/22 00:39:43 Finished transferring output files
...
005 (2534572.095.000) 07/22 00:39:43 Job terminated.
	(1) Normal termination (return value 0)
		Usr 0 00:11:26, Sys 0 00:00:02  -  Run Remote Usage
		Usr 0 00:00:00, Sys 0 00:00:00  -  Run Local Usage
		Usr 0 00:11:26, Sys 0 00:00:02  -  Total Remote Usage
		Usr 0 00:00:00, Sys 0 00:00:00  -  Total Local Usage
	44845  -  Run Bytes Sent By Job
	55262812  -  Run Bytes Received By Job
	44845  -  Total Bytes Sent By Job
	55262812  -  Total Bytes Received By Job
	Partitionable Resources :     Usage  Request Allocated 
	   Cpus                 :      1.00        3         3 
	   Disk (KB)            : 181021       75000   1243362 
	   Memory (MB)          :    276        6000      6000 

	Job terminated of its own accord at 2021-07-21T22:39:42Z.
...
