000 (2526743.001.000) 07/20 13:19:13 Job submitted from host: <188.185.70.244:9618?addrs=188.185.70.244-9618+[2001-1458-d00-7--100-2ee]-9618&alias=bigbird10.cern.ch&noUDP&sock=schedd_2037_ca81>
...
040 (2526743.001.000) 07/20 13:21:01 Started transferring input files
	Transferring to host: <128.142.76.151:9618?addrs=128.142.76.151-9618+[2001-1458-301-f4--100-595]-9618&alias=b7s12n6949.cern.ch&noUDP&sock=slot1_9_31128_3deb_119997>
...
040 (2526743.001.000) 07/20 13:21:02 Finished transferring input files
...
001 (2526743.001.000) 07/20 13:21:02 Job executing on host: <128.142.76.151:9618?addrs=128.142.76.151-9618+[2001-1458-301-f4--100-595]-9618&alias=b7s12n6949.cern.ch&noUDP&sock=startd_16697_54e8>
...
006 (2526743.001.000) 07/20 13:21:11 Image size of job updated: 418152
	34  -  MemoryUsage of job (MB)
	33924  -  ResidentSetSize of job (KB)
...
006 (2526743.001.000) 07/20 13:26:12 Image size of job updated: 631964
	205  -  MemoryUsage of job (MB)
	209684  -  ResidentSetSize of job (KB)
...
006 (2526743.001.000) 07/20 13:46:14 Image size of job updated: 809068
	289  -  MemoryUsage of job (MB)
	295332  -  ResidentSetSize of job (KB)
...
006 (2526743.001.000) 07/20 14:06:16 Image size of job updated: 809684
	289  -  MemoryUsage of job (MB)
	295936  -  ResidentSetSize of job (KB)
...
040 (2526743.001.000) 07/20 14:06:57 Started transferring output files
...
040 (2526743.001.000) 07/20 14:06:57 Finished transferring output files
...
005 (2526743.001.000) 07/20 14:06:58 Job terminated.
	(1) Normal termination (return value 0)
		Usr 0 00:23:00, Sys 0 00:00:02  -  Run Remote Usage
		Usr 0 00:00:00, Sys 0 00:00:00  -  Run Local Usage
		Usr 0 00:23:00, Sys 0 00:00:02  -  Total Remote Usage
		Usr 0 00:00:00, Sys 0 00:00:00  -  Total Local Usage
	52554  -  Run Bytes Sent By Job
	55262812  -  Run Bytes Received By Job
	52554  -  Total Bytes Sent By Job
	55262812  -  Total Bytes Received By Job
	Partitionable Resources :     Usage  Request Allocated 
	   Cpus                 :      1.00        3         3 
	   Disk (KB)            : 182632       75000    279423 
	   Memory (MB)          :    289        6000      6000 

	Job terminated of its own accord at 2021-07-20T12:06:57Z.
...
