000 (2523366.018.000) 07/19 23:50:30 Job submitted from host: <188.185.70.244:9618?addrs=188.185.70.244-9618+[2001-1458-d00-7--100-2ee]-9618&alias=bigbird10.cern.ch&noUDP&sock=schedd_2037_ca81>
...
040 (2523366.018.000) 07/19 23:55:04 Started transferring input files
	Transferring to host: <188.184.168.109:9618?addrs=188.184.168.109-9618+[2001-1458-301-c0--100-2c4]-9618&alias=b7g52n7966.cern.ch&noUDP&sock=slot1_2_5958_b32b_66011>
...
040 (2523366.018.000) 07/19 23:55:05 Finished transferring input files
...
001 (2523366.018.000) 07/19 23:55:05 Job executing on host: <188.184.168.109:9618?addrs=188.184.168.109-9618+[2001-1458-301-c0--100-2c4]-9618&alias=b7g52n7966.cern.ch&noUDP&sock=startd_4589_4033>
...
006 (2523366.018.000) 07/19 23:55:14 Image size of job updated: 402128
	11  -  MemoryUsage of job (MB)
	11108  -  ResidentSetSize of job (KB)
...
006 (2523366.018.000) 07/20 00:00:16 Image size of job updated: 627372
	202  -  MemoryUsage of job (MB)
	205836  -  ResidentSetSize of job (KB)
...
006 (2523366.018.000) 07/20 00:05:16 Image size of job updated: 810856
	287  -  MemoryUsage of job (MB)
	293580  -  ResidentSetSize of job (KB)
...
006 (2523366.018.000) 07/20 00:15:17 Image size of job updated: 811468
	288  -  MemoryUsage of job (MB)
	294176  -  ResidentSetSize of job (KB)
...
040 (2523366.018.000) 07/20 00:17:56 Started transferring output files
...
040 (2523366.018.000) 07/20 00:17:56 Finished transferring output files
...
005 (2523366.018.000) 07/20 00:17:57 Job terminated.
	(1) Normal termination (return value 0)
		Usr 0 00:17:29, Sys 0 00:00:02  -  Run Remote Usage
		Usr 0 00:00:00, Sys 0 00:00:00  -  Run Local Usage
		Usr 0 00:17:29, Sys 0 00:00:02  -  Total Remote Usage
		Usr 0 00:00:00, Sys 0 00:00:00  -  Total Local Usage
	48840  -  Run Bytes Sent By Job
	55262812  -  Run Bytes Received By Job
	48840  -  Total Bytes Sent By Job
	55262812  -  Total Bytes Received By Job
	Partitionable Resources :     Usage  Request Allocated 
	   Cpus                 :      0.99        3         3 
	   Disk (KB)            : 183068       75000    279044 
	   Memory (MB)          :    288        6000      6000 

	Job terminated of its own accord at 2021-07-19T22:17:56Z.
...
