000 (2521876.152.000) 07/19 08:46:26 Job submitted from host: <188.185.70.244:9618?addrs=188.185.70.244-9618+[2001-1458-d00-7--100-2ee]-9618&alias=bigbird10.cern.ch&noUDP&sock=schedd_2037_ca81>
...
040 (2521876.152.000) 07/19 10:39:38 Started transferring input files
	Transferring to host: <128.142.57.69:9618?addrs=128.142.57.69-9618+[2001-1458-301-7--100-44]-9618&alias=b7s02p8150.cern.ch&noUDP&sock=slot1_22_6607_faa6_12663>
...
040 (2521876.152.000) 07/19 10:39:39 Finished transferring input files
...
001 (2521876.152.000) 07/19 10:39:39 Job executing on host: <128.142.57.69:9618?addrs=128.142.57.69-9618+[2001-1458-301-7--100-44]-9618&alias=b7s02p8150.cern.ch&noUDP&sock=startd_6141_cb2f>
...
006 (2521876.152.000) 07/19 10:39:47 Image size of job updated: 451696
	130  -  MemoryUsage of job (MB)
	132576  -  ResidentSetSize of job (KB)
...
006 (2521876.152.000) 07/19 10:44:47 Image size of job updated: 794504
	272  -  MemoryUsage of job (MB)
	277820  -  ResidentSetSize of job (KB)
...
006 (2521876.152.000) 07/19 10:47:32 Image size of job updated: 795068
	272  -  MemoryUsage of job (MB)
	277820  -  ResidentSetSize of job (KB)
...
040 (2521876.152.000) 07/19 10:47:32 Started transferring output files
...
040 (2521876.152.000) 07/19 10:47:32 Finished transferring output files
...
005 (2521876.152.000) 07/19 10:47:33 Job terminated.
	(1) Normal termination (return value 0)
		Usr 0 00:07:43, Sys 0 00:00:02  -  Run Remote Usage
		Usr 0 00:00:00, Sys 0 00:00:00  -  Run Local Usage
		Usr 0 00:07:43, Sys 0 00:00:02  -  Total Remote Usage
		Usr 0 00:00:00, Sys 0 00:00:00  -  Total Local Usage
	49076  -  Run Bytes Sent By Job
	55262812  -  Run Bytes Received By Job
	49076  -  Total Bytes Sent By Job
	55262812  -  Total Bytes Received By Job
	Partitionable Resources :    Usage  Request Allocated 
	   Cpus                 :                 3         3 
	   Disk (KB)            :   180137    75000   1181899 
	   Memory (MB)          :      272     6000      6000 

	Job terminated of its own accord at 2021-07-19T08:47:32Z.
...
