000 (2522101.112.000) 07/19 11:55:34 Job submitted from host: <188.185.70.244:9618?addrs=188.185.70.244-9618+[2001-1458-d00-7--100-2ee]-9618&alias=bigbird10.cern.ch&noUDP&sock=schedd_2037_ca81>
...
040 (2522101.112.000) 07/19 12:55:55 Started transferring input files
	Transferring to host: <128.142.77.77:9618?addrs=128.142.77.77-9618+[2001-1458-301-f4--100-3fc]-9618&alias=b7s12n5011.cern.ch&noUDP&sock=slot1_3_5004_8545_61550>
...
040 (2522101.112.000) 07/19 12:55:56 Finished transferring input files
...
001 (2522101.112.000) 07/19 12:55:56 Job executing on host: <128.142.77.77:9618?addrs=128.142.77.77-9618+[2001-1458-301-f4--100-3fc]-9618&alias=b7s12n5011.cern.ch&noUDP&sock=startd_4153_30e8>
...
006 (2522101.112.000) 07/19 12:56:05 Image size of job updated: 54384
	29  -  MemoryUsage of job (MB)
	28852  -  ResidentSetSize of job (KB)
...
006 (2522101.112.000) 07/19 13:01:07 Image size of job updated: 630296
	204  -  MemoryUsage of job (MB)
	208676  -  ResidentSetSize of job (KB)
...
006 (2522101.112.000) 07/19 13:21:08 Image size of job updated: 630296
	204  -  MemoryUsage of job (MB)
	208680  -  ResidentSetSize of job (KB)
...
006 (2522101.112.000) 07/19 13:56:10 Image size of job updated: 904036
	377  -  MemoryUsage of job (MB)
	385896  -  ResidentSetSize of job (KB)
...
040 (2522101.112.000) 07/19 14:51:41 Started transferring output files
...
040 (2522101.112.000) 07/19 14:51:41 Finished transferring output files
...
005 (2522101.112.000) 07/19 14:51:42 Job terminated.
	(1) Normal termination (return value 0)
		Usr 0 00:58:44, Sys 0 00:00:04  -  Run Remote Usage
		Usr 0 00:00:00, Sys 0 00:00:00  -  Run Local Usage
		Usr 0 00:58:44, Sys 0 00:00:04  -  Total Remote Usage
		Usr 0 00:00:00, Sys 0 00:00:00  -  Total Local Usage
	49157  -  Run Bytes Sent By Job
	55262812  -  Run Bytes Received By Job
	49157  -  Total Bytes Sent By Job
	55262812  -  Total Bytes Received By Job
	Partitionable Resources :     Usage  Request Allocated 
	   Cpus                 :      1.00        3         3 
	   Disk (KB)            : 197129       75000    272975 
	   Memory (MB)          :    377        6000      6000 

	Job terminated of its own accord at 2021-07-19T12:51:41Z.
...
