000 (2556080.012.000) 07/27 11:07:01 Job submitted from host: <188.185.70.244:9618?addrs=188.185.70.244-9618+[2001-1458-d00-7--100-2ee]-9618&alias=bigbird10.cern.ch&noUDP&sock=schedd_2037_ca81>
...
040 (2556080.012.000) 07/27 11:36:38 Started transferring input files
	Transferring to host: <128.142.59.82:9618?addrs=128.142.59.82-9618+[2001-1458-301-21--100-51]-9618&alias=b7s04p3746.cern.ch&noUDP&sock=slot1_18_645_35f3_18177>
...
040 (2556080.012.000) 07/27 11:36:39 Finished transferring input files
...
001 (2556080.012.000) 07/27 11:36:39 Job executing on host: <128.142.59.82:9618?addrs=128.142.59.82-9618+[2001-1458-301-21--100-51]-9618&alias=b7s04p3746.cern.ch&noUDP&sock=startd_65294_d4e0>
...
006 (2556080.012.000) 07/27 11:36:47 Image size of job updated: 237956
	160  -  MemoryUsage of job (MB)
	163836  -  ResidentSetSize of job (KB)
...
006 (2556080.012.000) 07/27 11:41:47 Image size of job updated: 799016
	279  -  MemoryUsage of job (MB)
	284968  -  ResidentSetSize of job (KB)
...
006 (2556080.012.000) 07/27 11:46:48 Image size of job updated: 800260
	280  -  MemoryUsage of job (MB)
	286572  -  ResidentSetSize of job (KB)
...
040 (2556080.012.000) 07/27 11:46:50 Started transferring output files
...
040 (2556080.012.000) 07/27 11:46:50 Finished transferring output files
...
005 (2556080.012.000) 07/27 11:46:51 Job terminated.
	(1) Normal termination (return value 0)
		Usr 0 00:09:00, Sys 0 00:00:02  -  Run Remote Usage
		Usr 0 00:00:00, Sys 0 00:00:00  -  Run Local Usage
		Usr 0 00:09:00, Sys 0 00:00:02  -  Total Remote Usage
		Usr 0 00:00:00, Sys 0 00:00:00  -  Total Local Usage
	45036  -  Run Bytes Sent By Job
	55262880  -  Run Bytes Received By Job
	45036  -  Total Bytes Sent By Job
	55262880  -  Total Bytes Received By Job
	Partitionable Resources :     Usage  Request Allocated 
	   Cpus                 :      0.11        3         3 
	   Disk (KB)            : 184434       75000   1236932 
	   Memory (MB)          :    280        6000      6000 

	Job terminated of its own accord at 2021-07-27T09:46:49Z.
...
