000 (2526743.062.000) 07/20 13:19:14 Job submitted from host: <188.185.70.244:9618?addrs=188.185.70.244-9618+[2001-1458-d00-7--100-2ee]-9618&alias=bigbird10.cern.ch&noUDP&sock=schedd_2037_ca81>
...
040 (2526743.062.000) 07/20 13:21:26 Started transferring input files
	Transferring to host: <188.184.210.211:9618?addrs=188.184.210.211-9618+[2001-1458-301-10b--100-47e]-9618&alias=b7g23n4742.cern.ch&noUDP&sock=slot1_1_5864_77e8_76854>
...
040 (2526743.062.000) 07/20 13:21:27 Finished transferring input files
...
001 (2526743.062.000) 07/20 13:21:27 Job executing on host: <188.184.210.211:9618?addrs=188.184.210.211-9618+[2001-1458-301-10b--100-47e]-9618&alias=b7g23n4742.cern.ch&noUDP&sock=startd_4594_ae2c>
...
006 (2526743.062.000) 07/20 13:21:36 Image size of job updated: 76060
	35  -  MemoryUsage of job (MB)
	34888  -  ResidentSetSize of job (KB)
...
006 (2526743.062.000) 07/20 13:26:37 Image size of job updated: 630656
	205  -  MemoryUsage of job (MB)
	209596  -  ResidentSetSize of job (KB)
...
006 (2526743.062.000) 07/20 13:31:37 Image size of job updated: 630656
	205  -  MemoryUsage of job (MB)
	209604  -  ResidentSetSize of job (KB)
...
006 (2526743.062.000) 07/20 14:51:47 Image size of job updated: 949352
	423  -  MemoryUsage of job (MB)
	432332  -  ResidentSetSize of job (KB)
...
040 (2526743.062.000) 07/20 16:32:35 Started transferring output files
...
040 (2526743.062.000) 07/20 16:32:36 Finished transferring output files
...
005 (2526743.062.000) 07/20 16:32:36 Job terminated.
	(1) Normal termination (return value 0)
		Usr 0 01:44:06, Sys 0 00:00:07  -  Run Remote Usage
		Usr 0 00:00:00, Sys 0 00:00:00  -  Run Local Usage
		Usr 0 01:44:06, Sys 0 00:00:07  -  Total Remote Usage
		Usr 0 00:00:00, Sys 0 00:00:00  -  Total Local Usage
	51236  -  Run Bytes Sent By Job
	55262812  -  Run Bytes Received By Job
	51236  -  Total Bytes Sent By Job
	55262812  -  Total Bytes Received By Job
	Partitionable Resources :     Usage  Request Allocated 
	   Cpus                 :      1.00        3         3 
	   Disk (KB)            : 202223       75000    333174 
	   Memory (MB)          :    423        6000      6000 

	Job terminated of its own accord at 2021-07-20T14:32:35Z.
...
