000 (2526743.109.000) 07/20 13:19:14 Job submitted from host: <188.185.70.244:9618?addrs=188.185.70.244-9618+[2001-1458-d00-7--100-2ee]-9618&alias=bigbird10.cern.ch&noUDP&sock=schedd_2037_ca81>
...
040 (2526743.109.000) 07/20 13:21:40 Started transferring input files
	Transferring to host: <128.142.59.20:9618?addrs=128.142.59.20-9618+[2001-1458-301-21--100-13]-9618&alias=b7s04p9723.cern.ch&noUDP&sock=slot1_13_610_8cd2_13128>
...
040 (2526743.109.000) 07/20 13:21:41 Finished transferring input files
...
001 (2526743.109.000) 07/20 13:21:41 Job executing on host: <128.142.59.20:9618?addrs=128.142.59.20-9618+[2001-1458-301-21--100-13]-9618&alias=b7s04p9723.cern.ch&noUDP&sock=startd_65283_4956>
...
006 (2526743.109.000) 07/20 13:21:49 Image size of job updated: 235328
	192  -  MemoryUsage of job (MB)
	196500  -  ResidentSetSize of job (KB)
...
006 (2526743.109.000) 07/20 13:26:49 Image size of job updated: 636032
	209  -  MemoryUsage of job (MB)
	213528  -  ResidentSetSize of job (KB)
...
006 (2526743.109.000) 07/20 13:46:52 Image size of job updated: 940520
	415  -  MemoryUsage of job (MB)
	424448  -  ResidentSetSize of job (KB)
...
006 (2526743.109.000) 07/20 14:21:57 Image size of job updated: 941008
	416  -  MemoryUsage of job (MB)
	425044  -  ResidentSetSize of job (KB)
...
040 (2526743.109.000) 07/20 14:28:46 Started transferring output files
...
040 (2526743.109.000) 07/20 14:28:46 Finished transferring output files
...
005 (2526743.109.000) 07/20 14:28:46 Job terminated.
	(1) Normal termination (return value 0)
		Usr 0 00:44:32, Sys 0 00:00:04  -  Run Remote Usage
		Usr 0 00:00:00, Sys 0 00:00:00  -  Run Local Usage
		Usr 0 00:44:32, Sys 0 00:00:04  -  Total Remote Usage
		Usr 0 00:00:00, Sys 0 00:00:00  -  Total Local Usage
	49710  -  Run Bytes Sent By Job
	55262812  -  Run Bytes Received By Job
	49710  -  Total Bytes Sent By Job
	55262812  -  Total Bytes Received By Job
	Partitionable Resources :     Usage  Request Allocated 
	   Cpus                 :      1.00        3         3 
	   Disk (KB)            : 204542       75000   1333895 
	   Memory (MB)          :    416        6000      6000 

	Job terminated of its own accord at 2021-07-20T12:28:45Z.
...
