000 (2534572.072.000) 07/21 23:44:26 Job submitted from host: <188.185.70.244:9618?addrs=188.185.70.244-9618+[2001-1458-d00-7--100-2ee]-9618&alias=bigbird10.cern.ch&noUDP&sock=schedd_2037_ca81>
...
040 (2534572.072.000) 07/21 23:49:53 Started transferring input files
	Transferring to host: <128.142.59.38:9618?addrs=128.142.59.38-9618+[2001-1458-301-21--100-25]-9618&alias=b7s04p0780.cern.ch&noUDP&sock=slot1_10_6828_b18f_13101>
...
040 (2534572.072.000) 07/21 23:49:54 Finished transferring input files
...
001 (2534572.072.000) 07/21 23:49:54 Job executing on host: <128.142.59.38:9618?addrs=128.142.59.38-9618+[2001-1458-301-21--100-25]-9618&alias=b7s04p0780.cern.ch&noUDP&sock=startd_6374_9cc0>
...
006 (2534572.072.000) 07/21 23:50:02 Image size of job updated: 261020
	182  -  MemoryUsage of job (MB)
	185984  -  ResidentSetSize of job (KB)
...
006 (2534572.072.000) 07/21 23:55:02 Image size of job updated: 819932
	299  -  MemoryUsage of job (MB)
	306028  -  ResidentSetSize of job (KB)
...
006 (2534572.072.000) 07/22 00:10:04 Image size of job updated: 820392
	300  -  MemoryUsage of job (MB)
	306620  -  ResidentSetSize of job (KB)
...
040 (2534572.072.000) 07/22 00:11:05 Started transferring output files
...
040 (2534572.072.000) 07/22 00:11:05 Finished transferring output files
...
005 (2534572.072.000) 07/22 00:11:06 Job terminated.
	(1) Normal termination (return value 0)
		Usr 0 00:16:52, Sys 0 00:00:02  -  Run Remote Usage
		Usr 0 00:00:00, Sys 0 00:00:00  -  Run Local Usage
		Usr 0 00:16:52, Sys 0 00:00:02  -  Total Remote Usage
		Usr 0 00:00:00, Sys 0 00:00:00  -  Total Local Usage
	43932  -  Run Bytes Sent By Job
	55262812  -  Run Bytes Received By Job
	43932  -  Total Bytes Sent By Job
	55262812  -  Total Bytes Received By Job
	Partitionable Resources :     Usage  Request Allocated 
	   Cpus                 :      1.00        3         3 
	   Disk (KB)            : 184666       75000   1261618 
	   Memory (MB)          :    300        6000      6000 

	Job terminated of its own accord at 2021-07-21T22:11:05Z.
...
