000 (2536881.108.000) 07/22 03:18:13 Job submitted from host: <188.185.70.244:9618?addrs=188.185.70.244-9618+[2001-1458-d00-7--100-2ee]-9618&alias=bigbird10.cern.ch&noUDP&sock=schedd_2037_ca81>
...
040 (2536881.108.000) 07/22 03:34:57 Started transferring input files
	Transferring to host: <128.142.70.184:9618?addrs=128.142.70.184-9618+[2001-1458-301-52--100-4e8]-9618&alias=b7s10n0698.cern.ch&noUDP&sock=slot1_8_17112_b3b1_141004>
...
040 (2536881.108.000) 07/22 03:34:58 Finished transferring input files
...
001 (2536881.108.000) 07/22 03:34:58 Job executing on host: <128.142.70.184:9618?addrs=128.142.70.184-9618+[2001-1458-301-52--100-4e8]-9618&alias=b7s10n0698.cern.ch&noUDP&sock=startd_2165_96a1>
...
006 (2536881.108.000) 07/22 03:35:07 Image size of job updated: 81888
	37  -  MemoryUsage of job (MB)
	37592  -  ResidentSetSize of job (KB)
...
006 (2536881.108.000) 07/22 03:40:08 Image size of job updated: 636244
	209  -  MemoryUsage of job (MB)
	213768  -  ResidentSetSize of job (KB)
...
006 (2536881.108.000) 07/22 04:15:10 Image size of job updated: 916520
	394  -  MemoryUsage of job (MB)
	403204  -  ResidentSetSize of job (KB)
...
040 (2536881.108.000) 07/22 05:21:07 Started transferring output files
...
040 (2536881.108.000) 07/22 05:21:07 Finished transferring output files
...
005 (2536881.108.000) 07/22 05:21:07 Job terminated.
	(1) Normal termination (return value 0)
		Usr 0 01:09:52, Sys 0 00:00:08  -  Run Remote Usage
		Usr 0 00:00:00, Sys 0 00:00:00  -  Run Local Usage
		Usr 0 01:09:52, Sys 0 00:00:08  -  Total Remote Usage
		Usr 0 00:00:00, Sys 0 00:00:00  -  Total Local Usage
	45546  -  Run Bytes Sent By Job
	55262812  -  Run Bytes Received By Job
	45546  -  Total Bytes Sent By Job
	55262812  -  Total Bytes Received By Job
	Partitionable Resources :     Usage  Request Allocated 
	   Cpus                 :      1.00        3         3 
	   Disk (KB)            : 199278       75000    271180 
	   Memory (MB)          :    394        6000      6000 

	Job terminated of its own accord at 2021-07-22T03:21:06Z.
...
