000 (2523366.098.000) 07/19 23:50:31 Job submitted from host: <188.185.70.244:9618?addrs=188.185.70.244-9618+[2001-1458-d00-7--100-2ee]-9618&alias=bigbird10.cern.ch&noUDP&sock=schedd_2037_ca81>
...
040 (2523366.098.000) 07/20 00:13:58 Started transferring input files
	Transferring to host: <128.142.57.24:9618?addrs=128.142.57.24-9618+[2001-1458-301-7--100-17]-9618&alias=b7s02p9915.cern.ch&noUDP&sock=slot1_40_20547_f85d_13729>
...
040 (2523366.098.000) 07/20 00:13:59 Finished transferring input files
...
001 (2523366.098.000) 07/20 00:13:59 Job executing on host: <128.142.57.24:9618?addrs=128.142.57.24-9618+[2001-1458-301-7--100-17]-9618&alias=b7s02p9915.cern.ch&noUDP&sock=startd_20092_04f0>
...
006 (2523366.098.000) 07/20 00:14:08 Image size of job updated: 288712
	71  -  MemoryUsage of job (MB)
	72200  -  ResidentSetSize of job (KB)
...
006 (2523366.098.000) 07/20 00:19:09 Image size of job updated: 814536
	294  -  MemoryUsage of job (MB)
	300556  -  ResidentSetSize of job (KB)
...
006 (2523366.098.000) 07/20 00:34:10 Image size of job updated: 815064
	295  -  MemoryUsage of job (MB)
	301128  -  ResidentSetSize of job (KB)
...
040 (2523366.098.000) 07/20 00:36:20 Started transferring output files
...
040 (2523366.098.000) 07/20 00:36:20 Finished transferring output files
...
005 (2523366.098.000) 07/20 00:36:20 Job terminated.
	(1) Normal termination (return value 0)
		Usr 0 00:19:05, Sys 0 00:00:02  -  Run Remote Usage
		Usr 0 00:00:00, Sys 0 00:00:00  -  Run Local Usage
		Usr 0 00:19:05, Sys 0 00:00:02  -  Total Remote Usage
		Usr 0 00:00:00, Sys 0 00:00:00  -  Total Local Usage
	56198  -  Run Bytes Sent By Job
	55262812  -  Run Bytes Received By Job
	56198  -  Total Bytes Sent By Job
	55262812  -  Total Bytes Received By Job
	Partitionable Resources :     Usage  Request Allocated 
	   Cpus                 :      0.99        3         3 
	   Disk (KB)            : 182851       75000   1289172 
	   Memory (MB)          :    295        6000      6000 

	Job terminated of its own accord at 2021-07-19T22:36:20Z.
...
