000 (2536881.138.000) 07/22 03:18:13 Job submitted from host: <188.185.70.244:9618?addrs=188.185.70.244-9618+[2001-1458-d00-7--100-2ee]-9618&alias=bigbird10.cern.ch&noUDP&sock=schedd_2037_ca81>
...
040 (2536881.138.000) 07/22 03:40:31 Started transferring input files
	Transferring to host: <128.142.59.28:9618?addrs=128.142.59.28-9618+[2001-1458-301-21--100-1b]-9618&alias=b7s04p6229.cern.ch&noUDP&sock=slot1_15_5438_5016_15016>
...
040 (2536881.138.000) 07/22 03:40:32 Finished transferring input files
...
001 (2536881.138.000) 07/22 03:40:32 Job executing on host: <128.142.59.28:9618?addrs=128.142.59.28-9618+[2001-1458-301-21--100-1b]-9618&alias=b7s04p6229.cern.ch&noUDP&sock=startd_4983_8083>
...
006 (2536881.138.000) 07/22 03:40:41 Image size of job updated: 284996
	205  -  MemoryUsage of job (MB)
	209656  -  ResidentSetSize of job (KB)
...
006 (2536881.138.000) 07/22 03:45:42 Image size of job updated: 817012
	297  -  MemoryUsage of job (MB)
	303212  -  ResidentSetSize of job (KB)
...
006 (2536881.138.000) 07/22 03:55:43 Image size of job updated: 817676
	297  -  MemoryUsage of job (MB)
	303884  -  ResidentSetSize of job (KB)
...
040 (2536881.138.000) 07/22 03:57:50 Started transferring output files
...
040 (2536881.138.000) 07/22 03:57:50 Finished transferring output files
...
005 (2536881.138.000) 07/22 03:57:50 Job terminated.
	(1) Normal termination (return value 0)
		Usr 0 00:17:10, Sys 0 00:00:02  -  Run Remote Usage
		Usr 0 00:00:00, Sys 0 00:00:00  -  Run Local Usage
		Usr 0 00:17:10, Sys 0 00:00:02  -  Total Remote Usage
		Usr 0 00:00:00, Sys 0 00:00:00  -  Total Local Usage
	44325  -  Run Bytes Sent By Job
	55262812  -  Run Bytes Received By Job
	44325  -  Total Bytes Sent By Job
	55262812  -  Total Bytes Received By Job
	Partitionable Resources :     Usage  Request Allocated 
	   Cpus                 :      1.00        3         3 
	   Disk (KB)            : 184163       75000   1244304 
	   Memory (MB)          :    297        6000      6000 

	Job terminated of its own accord at 2021-07-22T01:57:50Z.
...
