000 (2524617.178.000) 07/20 01:52:27 Job submitted from host: <188.185.70.244:9618?addrs=188.185.70.244-9618+[2001-1458-d00-7--100-2ee]-9618&alias=bigbird10.cern.ch&noUDP&sock=schedd_2037_ca81>
...
040 (2524617.178.000) 07/20 02:01:14 Started transferring input files
	Transferring to host: <128.142.78.138:9618?addrs=128.142.78.138-9618+[2001-1458-301-f4--100-261]-9618&alias=b7s12n4766.cern.ch&noUDP&sock=slot1_7_5543_4b7a_77741>
...
001 (2524617.178.000) 07/20 02:01:15 Job executing on host: <128.142.78.138:9618?addrs=128.142.78.138-9618+[2001-1458-301-f4--100-261]-9618&alias=b7s12n4766.cern.ch&noUDP&sock=startd_4470_a06d>
...
040 (2524617.178.000) 07/20 02:01:15 Finished transferring input files
...
006 (2524617.178.000) 07/20 02:01:24 Image size of job updated: 176084
	109  -  MemoryUsage of job (MB)
	111504  -  ResidentSetSize of job (KB)
...
006 (2524617.178.000) 07/20 02:06:25 Image size of job updated: 626836
	201  -  MemoryUsage of job (MB)
	205308  -  ResidentSetSize of job (KB)
...
006 (2524617.178.000) 07/20 02:21:26 Image size of job updated: 816840
	293  -  MemoryUsage of job (MB)
	299424  -  ResidentSetSize of job (KB)
...
006 (2524617.178.000) 07/20 02:26:26 Image size of job updated: 817236
	293  -  MemoryUsage of job (MB)
	299980  -  ResidentSetSize of job (KB)
...
006 (2524617.178.000) 07/20 02:31:26 Image size of job updated: 817304
	293  -  MemoryUsage of job (MB)
	300024  -  ResidentSetSize of job (KB)
...
040 (2524617.178.000) 07/20 02:33:12 Started transferring output files
...
040 (2524617.178.000) 07/20 02:33:12 Finished transferring output files
...
005 (2524617.178.000) 07/20 02:33:12 Job terminated.
	(1) Normal termination (return value 0)
		Usr 0 00:15:06, Sys 0 00:00:02  -  Run Remote Usage
		Usr 0 00:00:00, Sys 0 00:00:00  -  Run Local Usage
		Usr 0 00:15:06, Sys 0 00:00:02  -  Total Remote Usage
		Usr 0 00:00:00, Sys 0 00:00:00  -  Total Local Usage
	52588  -  Run Bytes Sent By Job
	55262812  -  Run Bytes Received By Job
	52588  -  Total Bytes Sent By Job
	55262812  -  Total Bytes Received By Job
	Partitionable Resources :     Usage  Request Allocated 
	   Cpus                 :      1.00        3         3 
	   Disk (KB)            : 184126       75000    277059 
	   Memory (MB)          :    293        6000      6000 

	Job terminated of its own accord at 2021-07-20T00:33:12Z.
...
