000 (2521668.126.000) 07/19 01:56:57 Job submitted from host: <188.185.70.244:9618?addrs=188.185.70.244-9618+[2001-1458-d00-7--100-2ee]-9618&alias=bigbird10.cern.ch&noUDP&sock=schedd_2037_ca81>
...
040 (2521668.126.000) 07/19 02:13:39 Started transferring input files
	Transferring to host: <128.142.77.224:9618?addrs=128.142.77.224-9618+[2001-1458-301-f4--100-395]-9618&alias=b7s12n5913.cern.ch&noUDP&sock=slot1_1_5624_5dde_61880>
...
040 (2521668.126.000) 07/19 02:13:40 Finished transferring input files
...
001 (2521668.126.000) 07/19 02:13:40 Job executing on host: <128.142.77.224:9618?addrs=128.142.77.224-9618+[2001-1458-301-f4--100-395]-9618&alias=b7s12n5913.cern.ch&noUDP&sock=startd_4477_6d97>
...
006 (2521668.126.000) 07/19 02:13:48 Image size of job updated: 419724
	10  -  MemoryUsage of job (MB)
	9536  -  ResidentSetSize of job (KB)
...
006 (2521668.126.000) 07/19 02:18:48 Image size of job updated: 630296
	204  -  MemoryUsage of job (MB)
	208644  -  ResidentSetSize of job (KB)
...
006 (2521668.126.000) 07/19 02:23:49 Image size of job updated: 630296
	204  -  MemoryUsage of job (MB)
	208652  -  ResidentSetSize of job (KB)
...
006 (2521668.126.000) 07/19 03:53:28 Image size of job updated: 820420
	204  -  MemoryUsage of job (MB)
	208652  -  ResidentSetSize of job (KB)
...
040 (2521668.126.000) 07/19 03:53:28 Started transferring output files
...
040 (2521668.126.000) 07/19 03:53:28 Finished transferring output files
...
005 (2521668.126.000) 07/19 03:53:28 Job terminated.
	(1) Normal termination (return value 0)
		Usr 0 00:03:19, Sys 0 00:00:04  -  Run Remote Usage
		Usr 0 00:00:00, Sys 0 00:00:00  -  Run Local Usage
		Usr 0 00:03:19, Sys 0 00:00:04  -  Total Remote Usage
		Usr 0 00:00:00, Sys 0 00:00:00  -  Total Local Usage
	48718  -  Run Bytes Sent By Job
	55262812  -  Run Bytes Received By Job
	48718  -  Total Bytes Sent By Job
	55262812  -  Total Bytes Received By Job
	Partitionable Resources :     Usage  Request Allocated 
	   Cpus                 :      0.03        3         3 
	   Disk (KB)            : 202215       75000    289684 
	   Memory (MB)          :    204        6000      6000 

	Job terminated of its own accord at 2021-07-19T01:53:28Z.
...
