000 (2524617.137.000) 07/20 01:52:27 Job submitted from host: <188.185.70.244:9618?addrs=188.185.70.244-9618+[2001-1458-d00-7--100-2ee]-9618&alias=bigbird10.cern.ch&noUDP&sock=schedd_2037_ca81>
...
040 (2524617.137.000) 07/20 02:00:58 Started transferring input files
	Transferring to host: <128.142.72.180:9618?addrs=128.142.72.180-9618+[2001-1458-301-75--100-309]-9618&alias=b7s11n9601.cern.ch&noUDP&sock=slot1_1_22117_2d5c_120115>
...
040 (2524617.137.000) 07/20 02:00:59 Finished transferring input files
...
001 (2524617.137.000) 07/20 02:00:59 Job executing on host: <128.142.72.180:9618?addrs=128.142.72.180-9618+[2001-1458-301-75--100-309]-9618&alias=b7s11n9601.cern.ch&noUDP&sock=startd_16328_3a76>
...
006 (2524617.137.000) 07/20 02:01:08 Image size of job updated: 269400
	6  -  MemoryUsage of job (MB)
	5812  -  ResidentSetSize of job (KB)
...
006 (2524617.137.000) 07/20 02:06:09 Image size of job updated: 631964
	205  -  MemoryUsage of job (MB)
	209600  -  ResidentSetSize of job (KB)
...
006 (2524617.137.000) 07/20 02:26:11 Image size of job updated: 809652
	289  -  MemoryUsage of job (MB)
	295572  -  ResidentSetSize of job (KB)
...
006 (2524617.137.000) 07/20 02:51:14 Image size of job updated: 810192
	290  -  MemoryUsage of job (MB)
	296244  -  ResidentSetSize of job (KB)
...
040 (2524617.137.000) 07/20 02:52:48 Started transferring output files
...
040 (2524617.137.000) 07/20 02:52:48 Finished transferring output files
...
005 (2524617.137.000) 07/20 02:52:49 Job terminated.
	(1) Normal termination (return value 0)
		Usr 0 00:29:39, Sys 0 00:00:03  -  Run Remote Usage
		Usr 0 00:00:00, Sys 0 00:00:00  -  Run Local Usage
		Usr 0 00:29:39, Sys 0 00:00:03  -  Total Remote Usage
		Usr 0 00:00:00, Sys 0 00:00:00  -  Total Local Usage
	52669  -  Run Bytes Sent By Job
	55262812  -  Run Bytes Received By Job
	52669  -  Total Bytes Sent By Job
	55262812  -  Total Bytes Received By Job
	Partitionable Resources :     Usage  Request Allocated 
	   Cpus                 :      1.00        3         3 
	   Disk (KB)            : 182711       75000    278243 
	   Memory (MB)          :    290        6000      6000 

	Job terminated of its own accord at 2021-07-20T00:52:48Z.
...
