000 (2524871.221.000) 07/20 04:35:08 Job submitted from host: <188.185.70.244:9618?addrs=188.185.70.244-9618+[2001-1458-d00-7--100-2ee]-9618&alias=bigbird10.cern.ch&noUDP&sock=schedd_2037_ca81>
...
040 (2524871.221.000) 07/20 05:31:39 Started transferring input files
	Transferring to host: <128.142.56.46:9618?addrs=128.142.56.46-9618+[2001-1458-301-6--100-2d]-9618&alias=b7s01p6409.cern.ch&noUDP&sock=slot1_49_44121_fc5b_13353>
...
040 (2524871.221.000) 07/20 05:31:40 Finished transferring input files
...
001 (2524871.221.000) 07/20 05:31:40 Job executing on host: <128.142.56.46:9618?addrs=128.142.56.46-9618+[2001-1458-301-6--100-2d]-9618&alias=b7s01p6409.cern.ch&noUDP&sock=startd_44076_0c63>
...
006 (2524871.221.000) 07/20 05:31:49 Image size of job updated: 428456
	190  -  MemoryUsage of job (MB)
	193948  -  ResidentSetSize of job (KB)
...
006 (2524871.221.000) 07/20 05:36:50 Image size of job updated: 813200
	289  -  MemoryUsage of job (MB)
	295784  -  ResidentSetSize of job (KB)
...
006 (2524871.221.000) 07/20 05:41:50 Image size of job updated: 813708
	289  -  MemoryUsage of job (MB)
	295784  -  ResidentSetSize of job (KB)
...
040 (2524871.221.000) 07/20 05:41:50 Started transferring output files
...
040 (2524871.221.000) 07/20 05:41:50 Finished transferring output files
...
005 (2524871.221.000) 07/20 05:41:50 Job terminated.
	(1) Normal termination (return value 0)
		Usr 0 00:09:51, Sys 0 00:00:02  -  Run Remote Usage
		Usr 0 00:00:00, Sys 0 00:00:00  -  Run Local Usage
		Usr 0 00:09:51, Sys 0 00:00:02  -  Total Remote Usage
		Usr 0 00:00:00, Sys 0 00:00:00  -  Total Local Usage
	48752  -  Run Bytes Sent By Job
	55262812  -  Run Bytes Received By Job
	48752  -  Total Bytes Sent By Job
	55262812  -  Total Bytes Received By Job
	Partitionable Resources :     Usage  Request Allocated 
	   Cpus                 :      1.00        3         3 
	   Disk (KB)            : 183475       75000   1340132 
	   Memory (MB)          :    289        6000      6000 

	Job terminated of its own accord at 2021-07-20T03:41:50Z.
...
