000 (2521876.051.000) 07/19 08:46:26 Job submitted from host: <188.185.70.244:9618?addrs=188.185.70.244-9618+[2001-1458-d00-7--100-2ee]-9618&alias=bigbird10.cern.ch&noUDP&sock=schedd_2037_ca81>
...
040 (2521876.051.000) 07/19 09:24:45 Started transferring input files
	Transferring to host: <188.184.205.213:9618?addrs=188.184.205.213-9618+[2001-1458-301-7d--100-1d8]-9618&alias=b7g27n0060.cern.ch&noUDP&sock=slot1_2_5411_49f5_79724>
...
040 (2521876.051.000) 07/19 09:24:46 Finished transferring input files
...
001 (2521876.051.000) 07/19 09:24:46 Job executing on host: <188.184.205.213:9618?addrs=188.184.205.213-9618+[2001-1458-301-7d--100-1d8]-9618&alias=b7g27n0060.cern.ch&noUDP&sock=startd_4472_ff9e>
...
006 (2521876.051.000) 07/19 09:24:55 Image size of job updated: 288736
	66  -  MemoryUsage of job (MB)
	66860  -  ResidentSetSize of job (KB)
...
006 (2521876.051.000) 07/19 09:29:57 Image size of job updated: 630548
	205  -  MemoryUsage of job (MB)
	208924  -  ResidentSetSize of job (KB)
...
006 (2521876.051.000) 07/19 10:00:00 Image size of job updated: 942168
	414  -  MemoryUsage of job (MB)
	423072  -  ResidentSetSize of job (KB)
...
006 (2521876.051.000) 07/19 11:05:07 Image size of job updated: 942692
	414  -  MemoryUsage of job (MB)
	423756  -  ResidentSetSize of job (KB)
...
040 (2521876.051.000) 07/19 11:17:02 Started transferring output files
...
040 (2521876.051.000) 07/19 11:17:02 Finished transferring output files
...
005 (2521876.051.000) 07/19 11:17:02 Job terminated.
	(1) Normal termination (return value 0)
		Usr 0 01:21:48, Sys 0 00:00:06  -  Run Remote Usage
		Usr 0 00:00:00, Sys 0 00:00:00  -  Run Local Usage
		Usr 0 01:21:48, Sys 0 00:00:06  -  Total Remote Usage
		Usr 0 00:00:00, Sys 0 00:00:00  -  Total Local Usage
	47738  -  Run Bytes Sent By Job
	55262812  -  Run Bytes Received By Job
	47738  -  Total Bytes Sent By Job
	55262812  -  Total Bytes Received By Job
	Partitionable Resources :     Usage  Request Allocated 
	   Cpus                 :      1.00        3         3 
	   Disk (KB)            : 205080       75000    188313 
	   Memory (MB)          :    414        6000      6000 

	Job terminated of its own accord at 2021-07-19T09:17:02Z.
...
