000 (2526743.003.000) 07/20 13:19:13 Job submitted from host: <188.185.70.244:9618?addrs=188.185.70.244-9618+[2001-1458-d00-7--100-2ee]-9618&alias=bigbird10.cern.ch&noUDP&sock=schedd_2037_ca81>
...
040 (2526743.003.000) 07/20 13:20:46 Started transferring input files
	Transferring to host: <128.142.56.125:9618?addrs=128.142.56.125-9618+[2001-1458-301-6--100-7c]-9618&alias=b7s01p8598.cern.ch&noUDP&sock=slot1_51_53376_f874_14219>
...
040 (2526743.003.000) 07/20 13:20:47 Finished transferring input files
...
001 (2526743.003.000) 07/20 13:20:47 Job executing on host: <128.142.56.125:9618?addrs=128.142.56.125-9618+[2001-1458-301-6--100-7c]-9618&alias=b7s01p8598.cern.ch&noUDP&sock=startd_53332_e4fe>
...
006 (2526743.003.000) 07/20 13:20:56 Image size of job updated: 467180
	137  -  MemoryUsage of job (MB)
	139604  -  ResidentSetSize of job (KB)
...
006 (2526743.003.000) 07/20 13:25:57 Image size of job updated: 809304
	289  -  MemoryUsage of job (MB)
	295584  -  ResidentSetSize of job (KB)
...
006 (2526743.003.000) 07/20 13:35:57 Image size of job updated: 809908
	290  -  MemoryUsage of job (MB)
	296200  -  ResidentSetSize of job (KB)
...
040 (2526743.003.000) 07/20 13:37:43 Started transferring output files
...
040 (2526743.003.000) 07/20 13:37:44 Finished transferring output files
...
005 (2526743.003.000) 07/20 13:37:44 Job terminated.
	(1) Normal termination (return value 0)
		Usr 0 00:15:06, Sys 0 00:00:02  -  Run Remote Usage
		Usr 0 00:00:00, Sys 0 00:00:00  -  Run Local Usage
		Usr 0 00:15:06, Sys 0 00:00:02  -  Total Remote Usage
		Usr 0 00:00:00, Sys 0 00:00:00  -  Total Local Usage
	53592  -  Run Bytes Sent By Job
	55262812  -  Run Bytes Received By Job
	53592  -  Total Bytes Sent By Job
	55262812  -  Total Bytes Received By Job
	Partitionable Resources :     Usage  Request Allocated 
	   Cpus                 :      1.00        3         3 
	   Disk (KB)            : 182677       75000   1279874 
	   Memory (MB)          :    290        6000      6000 

	Job terminated of its own accord at 2021-07-20T11:37:43Z.
...
