000 (2556080.021.000) 07/27 11:07:01 Job submitted from host: <188.185.70.244:9618?addrs=188.185.70.244-9618+[2001-1458-d00-7--100-2ee]-9618&alias=bigbird10.cern.ch&noUDP&sock=schedd_2037_ca81>
...
040 (2556080.021.000) 07/27 11:36:41 Started transferring input files
	Transferring to host: <128.142.58.137:9618?addrs=128.142.58.137-9618+[2001-1458-301-16--100-88]-9618&alias=b7s03p0871.cern.ch&noUDP&sock=slot1_8_6896_9b12_17588>
...
040 (2556080.021.000) 07/27 11:36:42 Finished transferring input files
...
001 (2556080.021.000) 07/27 11:36:42 Job executing on host: <128.142.58.137:9618?addrs=128.142.58.137-9618+[2001-1458-301-16--100-88]-9618&alias=b7s03p0871.cern.ch&noUDP&sock=startd_6387_877b>
...
006 (2556080.021.000) 07/27 11:36:51 Image size of job updated: 328464
	178  -  MemoryUsage of job (MB)
	181936  -  ResidentSetSize of job (KB)
...
006 (2556080.021.000) 07/27 11:41:52 Image size of job updated: 626816
	201  -  MemoryUsage of job (MB)
	205308  -  ResidentSetSize of job (KB)
...
006 (2556080.021.000) 07/27 11:46:52 Image size of job updated: 803680
	280  -  MemoryUsage of job (MB)
	286068  -  ResidentSetSize of job (KB)
...
006 (2556080.021.000) 07/27 11:54:47 Image size of job updated: 804924
	280  -  MemoryUsage of job (MB)
	286068  -  ResidentSetSize of job (KB)
...
040 (2556080.021.000) 07/27 11:54:47 Started transferring output files
...
040 (2556080.021.000) 07/27 11:54:47 Finished transferring output files
...
005 (2556080.021.000) 07/27 11:54:47 Job terminated.
	(1) Normal termination (return value 0)
		Usr 0 00:12:56, Sys 0 00:00:02  -  Run Remote Usage
		Usr 0 00:00:00, Sys 0 00:00:00  -  Run Local Usage
		Usr 0 00:12:56, Sys 0 00:00:02  -  Total Remote Usage
		Usr 0 00:00:00, Sys 0 00:00:00  -  Total Local Usage
	45638  -  Run Bytes Sent By Job
	55262880  -  Run Bytes Received By Job
	45638  -  Total Bytes Sent By Job
	55262880  -  Total Bytes Received By Job
	Partitionable Resources :     Usage  Request Allocated 
	   Cpus                 :      1.00        3         3 
	   Disk (KB)            : 186042       75000   1298007 
	   Memory (MB)          :    280        6000      6000 

	Job terminated of its own accord at 2021-07-27T09:54:47Z.
...
