000 (2557077.027.000) 07/28 10:49:38 Job submitted from host: <188.185.70.244:9618?addrs=188.185.70.244-9618+[2001-1458-d00-7--100-2ee]-9618&alias=bigbird10.cern.ch&noUDP&sock=schedd_2037_ca81>
...
040 (2557077.027.000) 07/28 12:29:52 Started transferring input files
	Transferring to host: <128.142.72.160:9618?addrs=128.142.72.160-9618&alias=b7s11n2717.cern.ch&noUDP&sock=slot1_7_2576_c662_25775>
...
040 (2557077.027.000) 07/28 12:29:53 Finished transferring input files
...
001 (2557077.027.000) 07/28 12:29:53 Job executing on host: <128.142.72.160:9618?addrs=128.142.72.160-9618&alias=b7s11n2717.cern.ch&noUDP&sock=startd_2127_8608>
...
006 (2557077.027.000) 07/28 12:30:01 Image size of job updated: 550760
	128  -  MemoryUsage of job (MB)
	130836  -  ResidentSetSize of job (KB)
...
006 (2557077.027.000) 07/28 12:35:01 Image size of job updated: 794040
	271  -  MemoryUsage of job (MB)
	276700  -  ResidentSetSize of job (KB)
...
006 (2557077.027.000) 07/28 12:39:59 Image size of job updated: 794644
	271  -  MemoryUsage of job (MB)
	276700  -  ResidentSetSize of job (KB)
...
040 (2557077.027.000) 07/28 12:39:59 Started transferring output files
...
040 (2557077.027.000) 07/28 12:39:59 Finished transferring output files
...
005 (2557077.027.000) 07/28 12:39:59 Job terminated.
	(1) Normal termination (return value 0)
		Usr 0 00:09:59, Sys 0 00:00:02  -  Run Remote Usage
		Usr 0 00:00:00, Sys 0 00:00:00  -  Run Local Usage
		Usr 0 00:09:59, Sys 0 00:00:02  -  Total Remote Usage
		Usr 0 00:00:00, Sys 0 00:00:00  -  Total Local Usage
	48374  -  Run Bytes Sent By Job
	55262880  -  Run Bytes Received By Job
	48374  -  Total Bytes Sent By Job
	55262880  -  Total Bytes Received By Job
	Partitionable Resources :    Usage  Request Allocated 
	   Cpus                 :                 5         5 
	   Disk (KB)            :   184782    75000    282782 
	   Memory (MB)          :      271    10000     10000 

	Job terminated of its own accord at 2021-07-28T10:39:59Z.
...
