000 (2524871.049.000) 07/20 04:35:08 Job submitted from host: <188.185.70.244:9618?addrs=188.185.70.244-9618+[2001-1458-d00-7--100-2ee]-9618&alias=bigbird10.cern.ch&noUDP&sock=schedd_2037_ca81>
...
040 (2524871.049.000) 07/20 05:09:32 Started transferring input files
	Transferring to host: <128.142.59.23:9618?addrs=128.142.59.23-9618+[2001-1458-301-21--100-16]-9618&alias=b7s04p1554.cern.ch&noUDP&sock=slot1_33_6813_1fee_10841>
...
040 (2524871.049.000) 07/20 05:09:33 Finished transferring input files
...
001 (2524871.049.000) 07/20 05:09:33 Job executing on host: <128.142.59.23:9618?addrs=128.142.59.23-9618+[2001-1458-301-21--100-16]-9618&alias=b7s04p1554.cern.ch&noUDP&sock=startd_6362_619d>
...
006 (2524871.049.000) 07/20 05:09:41 Image size of job updated: 288712
	133  -  MemoryUsage of job (MB)
	135316  -  ResidentSetSize of job (KB)
...
006 (2524871.049.000) 07/20 05:14:41 Image size of job updated: 630528
	204  -  MemoryUsage of job (MB)
	208808  -  ResidentSetSize of job (KB)
...
006 (2524871.049.000) 07/20 06:39:52 Image size of job updated: 630528
	204  -  MemoryUsage of job (MB)
	208812  -  ResidentSetSize of job (KB)
...
006 (2524871.049.000) 07/20 06:44:52 Image size of job updated: 882140
	356  -  MemoryUsage of job (MB)
	364272  -  ResidentSetSize of job (KB)
...
040 (2524871.049.000) 07/20 07:08:45 Started transferring output files
...
040 (2524871.049.000) 07/20 07:08:45 Finished transferring output files
...
005 (2524871.049.000) 07/20 07:08:46 Job terminated.
	(1) Normal termination (return value 0)
		Usr 0 00:29:56, Sys 0 00:00:03  -  Run Remote Usage
		Usr 0 00:00:00, Sys 0 00:00:00  -  Run Local Usage
		Usr 0 00:29:56, Sys 0 00:00:03  -  Total Remote Usage
		Usr 0 00:00:00, Sys 0 00:00:00  -  Total Local Usage
	50496  -  Run Bytes Sent By Job
	55262812  -  Run Bytes Received By Job
	50496  -  Total Bytes Sent By Job
	55262812  -  Total Bytes Received By Job
	Partitionable Resources :     Usage  Request Allocated 
	   Cpus                 :      1.00        3         3 
	   Disk (KB)            : 192946       75000   1279318 
	   Memory (MB)          :    356        6000      6000 

	Job terminated of its own accord at 2021-07-20T05:08:45Z.
...
