000 (2526743.107.000) 07/20 13:19:14 Job submitted from host: <188.185.70.244:9618?addrs=188.185.70.244-9618+[2001-1458-d00-7--100-2ee]-9618&alias=bigbird10.cern.ch&noUDP&sock=schedd_2037_ca81>
...
040 (2526743.107.000) 07/20 13:21:39 Started transferring input files
	Transferring to host: <128.142.56.79:9618?addrs=128.142.56.79-9618+[2001-1458-301-6--100-4e]-9618&alias=b7s01p2424.cern.ch&noUDP&sock=slot1_22_13549_3f00_16429>
...
040 (2526743.107.000) 07/20 13:21:40 Finished transferring input files
...
001 (2526743.107.000) 07/20 13:21:40 Job executing on host: <128.142.56.79:9618?addrs=128.142.56.79-9618+[2001-1458-301-6--100-4e]-9618&alias=b7s01p2424.cern.ch&noUDP&sock=startd_9930_bb87>
...
006 (2526743.107.000) 07/20 13:21:49 Image size of job updated: 235896
	192  -  MemoryUsage of job (MB)
	196448  -  ResidentSetSize of job (KB)
...
006 (2526743.107.000) 07/20 13:26:50 Image size of job updated: 636028
	209  -  MemoryUsage of job (MB)
	213468  -  ResidentSetSize of job (KB)
...
006 (2526743.107.000) 07/20 13:31:50 Image size of job updated: 636028
	209  -  MemoryUsage of job (MB)
	213472  -  ResidentSetSize of job (KB)
...
006 (2526743.107.000) 07/20 14:06:54 Image size of job updated: 636028
	209  -  MemoryUsage of job (MB)
	213476  -  ResidentSetSize of job (KB)
...
006 (2526743.107.000) 07/20 14:31:58 Image size of job updated: 941480
	416  -  MemoryUsage of job (MB)
	425616  -  ResidentSetSize of job (KB)
...
006 (2526743.107.000) 07/20 15:02:00 Image size of job updated: 941964
	417  -  MemoryUsage of job (MB)
	426284  -  ResidentSetSize of job (KB)
...
040 (2526743.107.000) 07/20 15:04:44 Started transferring output files
...
040 (2526743.107.000) 07/20 15:04:45 Finished transferring output files
...
005 (2526743.107.000) 07/20 15:04:45 Job terminated.
	(1) Normal termination (return value 0)
		Usr 0 00:36:58, Sys 0 00:00:05  -  Run Remote Usage
		Usr 0 00:00:00, Sys 0 00:00:00  -  Run Local Usage
		Usr 0 00:36:58, Sys 0 00:00:05  -  Total Remote Usage
		Usr 0 00:00:00, Sys 0 00:00:00  -  Total Local Usage
	49603  -  Run Bytes Sent By Job
	55262812  -  Run Bytes Received By Job
	49603  -  Total Bytes Sent By Job
	55262812  -  Total Bytes Received By Job
	Partitionable Resources :     Usage  Request Allocated 
	   Cpus                 :      1.00        3         3 
	   Disk (KB)            : 204716       75000   1352685 
	   Memory (MB)          :    417        6000      6000 

	Job terminated of its own accord at 2021-07-20T13:04:44Z.
...
