000 (2524617.059.000) 07/20 01:52:26 Job submitted from host: <188.185.70.244:9618?addrs=188.185.70.244-9618+[2001-1458-d00-7--100-2ee]-9618&alias=bigbird10.cern.ch&noUDP&sock=schedd_2037_ca81>
...
040 (2524617.059.000) 07/20 01:55:45 Started transferring input files
	Transferring to host: <128.142.56.106:9618?addrs=128.142.56.106-9618+[2001-1458-301-6--100-69]-9618&alias=b7s01p1580.cern.ch&noUDP&sock=slot1_3_52476_d6cf_16309>
...
040 (2524617.059.000) 07/20 01:55:46 Finished transferring input files
...
001 (2524617.059.000) 07/20 01:55:46 Job executing on host: <128.142.56.106:9618?addrs=128.142.56.106-9618+[2001-1458-301-6--100-69]-9618&alias=b7s01p1580.cern.ch&noUDP&sock=startd_49376_6855>
...
006 (2524617.059.000) 07/20 01:55:55 Image size of job updated: 508364
	202  -  MemoryUsage of job (MB)
	206628  -  ResidentSetSize of job (KB)
...
006 (2524617.059.000) 07/20 02:00:57 Image size of job updated: 747696
	294  -  MemoryUsage of job (MB)
	300908  -  ResidentSetSize of job (KB)
...
006 (2524617.059.000) 07/20 02:05:57 Image size of job updated: 748244
	295  -  MemoryUsage of job (MB)
	301568  -  ResidentSetSize of job (KB)
...
040 (2524617.059.000) 07/20 02:07:07 Started transferring output files
...
040 (2524617.059.000) 07/20 02:07:23 Finished transferring output files
...
005 (2524617.059.000) 07/20 02:07:23 Job terminated.
	(1) Normal termination (return value 0)
		Usr 0 00:11:18, Sys 0 00:00:01  -  Run Remote Usage
		Usr 0 00:00:00, Sys 0 00:00:00  -  Run Local Usage
		Usr 0 00:11:18, Sys 0 00:00:01  -  Total Remote Usage
		Usr 0 00:00:00, Sys 0 00:00:00  -  Total Local Usage
	47838  -  Run Bytes Sent By Job
	55262812  -  Run Bytes Received By Job
	47838  -  Total Bytes Sent By Job
	55262812  -  Total Bytes Received By Job
	Partitionable Resources :     Usage  Request Allocated 
	   Cpus                 :      1.00        3         3 
	   Disk (KB)            : 184189       75000   1363215 
	   Memory (MB)          :    295        6000      6000 

	Job terminated of its own accord at 2021-07-20T00:07:07Z.
...
