000 (2523366.145.000) 07/19 23:50:31 Job submitted from host: <188.185.70.244:9618?addrs=188.185.70.244-9618+[2001-1458-d00-7--100-2ee]-9618&alias=bigbird10.cern.ch&noUDP&sock=schedd_2037_ca81>
...
040 (2523366.145.000) 07/20 00:29:09 Started transferring input files
	Transferring to host: <128.142.59.24:9618?addrs=128.142.59.24-9618+[2001-1458-301-21--100-17]-9618&alias=b7s04p0730.cern.ch&noUDP&sock=slot1_36_6923_a133_10633>
...
040 (2523366.145.000) 07/20 00:29:10 Finished transferring input files
...
001 (2523366.145.000) 07/20 00:29:10 Job executing on host: <128.142.59.24:9618?addrs=128.142.59.24-9618+[2001-1458-301-21--100-17]-9618&alias=b7s04p0730.cern.ch&noUDP&sock=startd_6469_c63f>
...
006 (2523366.145.000) 07/20 00:29:19 Image size of job updated: 446868
	168  -  MemoryUsage of job (MB)
	171176  -  ResidentSetSize of job (KB)
...
006 (2523366.145.000) 07/20 00:34:20 Image size of job updated: 800052
	276  -  MemoryUsage of job (MB)
	282596  -  ResidentSetSize of job (KB)
...
006 (2523366.145.000) 07/20 00:39:20 Image size of job updated: 800492
	277  -  MemoryUsage of job (MB)
	283180  -  ResidentSetSize of job (KB)
...
040 (2523366.145.000) 07/20 00:42:42 Started transferring output files
...
040 (2523366.145.000) 07/20 00:42:42 Finished transferring output files
...
005 (2523366.145.000) 07/20 00:42:43 Job terminated.
	(1) Normal termination (return value 0)
		Usr 0 00:13:23, Sys 0 00:00:02  -  Run Remote Usage
		Usr 0 00:00:00, Sys 0 00:00:00  -  Run Local Usage
		Usr 0 00:13:23, Sys 0 00:00:02  -  Total Remote Usage
		Usr 0 00:00:00, Sys 0 00:00:00  -  Total Local Usage
	50835  -  Run Bytes Sent By Job
	55262812  -  Run Bytes Received By Job
	50835  -  Total Bytes Sent By Job
	55262812  -  Total Bytes Received By Job
	Partitionable Resources :     Usage  Request Allocated 
	   Cpus                 :      1.00        3         3 
	   Disk (KB)            : 181093       75000   1325248 
	   Memory (MB)          :    277        6000      6000 

	Job terminated of its own accord at 2021-07-19T22:42:42Z.
...
