000 (2523366.096.000) 07/19 23:50:31 Job submitted from host: <188.185.70.244:9618?addrs=188.185.70.244-9618+[2001-1458-d00-7--100-2ee]-9618&alias=bigbird10.cern.ch&noUDP&sock=schedd_2037_ca81>
...
040 (2523366.096.000) 07/20 00:15:47 Started transferring input files
	Transferring to host: <128.142.58.135:9618?addrs=128.142.58.135-9618+[2001-1458-301-16--100-86]-9618&alias=b7s03p8962.cern.ch&noUDP&sock=slot1_18_6755_422c_12146>
...
040 (2523366.096.000) 07/20 00:15:48 Finished transferring input files
...
001 (2523366.096.000) 07/20 00:15:48 Job executing on host: <128.142.58.135:9618?addrs=128.142.58.135-9618+[2001-1458-301-16--100-86]-9618&alias=b7s03p8962.cern.ch&noUDP&sock=startd_6300_dabe>
...
006 (2523366.096.000) 07/20 00:15:56 Image size of job updated: 262924
	185  -  MemoryUsage of job (MB)
	188756  -  ResidentSetSize of job (KB)
...
006 (2523366.096.000) 07/20 00:20:56 Image size of job updated: 815084
	295  -  MemoryUsage of job (MB)
	301252  -  ResidentSetSize of job (KB)
...
006 (2523366.096.000) 07/20 00:29:16 Image size of job updated: 815604
	295  -  MemoryUsage of job (MB)
	301252  -  ResidentSetSize of job (KB)
...
040 (2523366.096.000) 07/20 00:29:16 Started transferring output files
...
040 (2523366.096.000) 07/20 00:29:17 Finished transferring output files
...
005 (2523366.096.000) 07/20 00:29:18 Job terminated.
	(1) Normal termination (return value 0)
		Usr 0 00:13:20, Sys 0 00:00:02  -  Run Remote Usage
		Usr 0 00:00:00, Sys 0 00:00:00  -  Run Local Usage
		Usr 0 00:13:20, Sys 0 00:00:02  -  Total Remote Usage
		Usr 0 00:00:00, Sys 0 00:00:00  -  Total Local Usage
	52260  -  Run Bytes Sent By Job
	55262812  -  Run Bytes Received By Job
	52260  -  Total Bytes Sent By Job
	55262812  -  Total Bytes Received By Job
	Partitionable Resources :     Usage  Request Allocated 
	   Cpus                 :      1.00        3         3 
	   Disk (KB)            : 182948       75000   1327688 
	   Memory (MB)          :    295        6000      6000 

	Job terminated of its own accord at 2021-07-19T22:29:16Z.
...
