000 (2524871.076.000) 07/20 04:35:08 Job submitted from host: <188.185.70.244:9618?addrs=188.185.70.244-9618+[2001-1458-d00-7--100-2ee]-9618&alias=bigbird10.cern.ch&noUDP&sock=schedd_2037_ca81>
...
040 (2524871.076.000) 07/20 05:09:37 Started transferring input files
	Transferring to host: <128.142.57.114:9618?addrs=128.142.57.114-9618+[2001-1458-301-7--100-71]-9618&alias=b7s02p1424.cern.ch&noUDP&sock=slot1_37_6375_839c_13179>
...
040 (2524871.076.000) 07/20 05:09:38 Finished transferring input files
...
001 (2524871.076.000) 07/20 05:09:38 Job executing on host: <128.142.57.114:9618?addrs=128.142.57.114-9618+[2001-1458-301-7--100-71]-9618&alias=b7s02p1424.cern.ch&noUDP&sock=startd_6140_1b97>
...
006 (2524871.076.000) 07/20 05:09:46 Image size of job updated: 252748
	174  -  MemoryUsage of job (MB)
	177760  -  ResidentSetSize of job (KB)
...
006 (2524871.076.000) 07/20 05:14:46 Image size of job updated: 631940
	205  -  MemoryUsage of job (MB)
	209676  -  ResidentSetSize of job (KB)
...
006 (2524871.076.000) 07/20 05:19:47 Image size of job updated: 806888
	287  -  MemoryUsage of job (MB)
	293136  -  ResidentSetSize of job (KB)
...
006 (2524871.076.000) 07/20 05:29:47 Image size of job updated: 807556
	287  -  MemoryUsage of job (MB)
	293816  -  ResidentSetSize of job (KB)
...
040 (2524871.076.000) 07/20 05:31:00 Started transferring output files
...
040 (2524871.076.000) 07/20 05:31:00 Finished transferring output files
...
005 (2524871.076.000) 07/20 05:31:00 Job terminated.
	(1) Normal termination (return value 0)
		Usr 0 00:12:21, Sys 0 00:00:02  -  Run Remote Usage
		Usr 0 00:00:00, Sys 0 00:00:00  -  Run Local Usage
		Usr 0 00:12:21, Sys 0 00:00:02  -  Total Remote Usage
		Usr 0 00:00:00, Sys 0 00:00:00  -  Total Local Usage
	52159  -  Run Bytes Sent By Job
	55262812  -  Run Bytes Received By Job
	52159  -  Total Bytes Sent By Job
	55262812  -  Total Bytes Received By Job
	Partitionable Resources :     Usage  Request Allocated 
	   Cpus                 :      1.00        3         3 
	   Disk (KB)            : 182241       75000   1190163 
	   Memory (MB)          :    287        6000      6000 

	Job terminated of its own accord at 2021-07-20T03:31:00Z.
...
