000 (2557077.003.000) 07/28 10:49:37 Job submitted from host: <188.185.70.244:9618?addrs=188.185.70.244-9618+[2001-1458-d00-7--100-2ee]-9618&alias=bigbird10.cern.ch&noUDP&sock=schedd_2037_ca81>
...
040 (2557077.003.000) 07/28 12:19:03 Started transferring input files
	Transferring to host: <128.142.193.175:9618?addrs=128.142.193.175-9618+[2001-1458-301-cc--100-57]-9618&alias=b7g52n0153.cern.ch&noUDP&sock=slot1_4_16101_5c68_127014>
...
040 (2557077.003.000) 07/28 12:19:04 Finished transferring input files
...
001 (2557077.003.000) 07/28 12:19:04 Job executing on host: <128.142.193.175:9618?addrs=128.142.193.175-9618+[2001-1458-301-cc--100-57]-9618&alias=b7g52n0153.cern.ch&noUDP&sock=startd_17828_1a85>
...
006 (2557077.003.000) 07/28 12:19:12 Image size of job updated: 256196
	177  -  MemoryUsage of job (MB)
	181156  -  ResidentSetSize of job (KB)
...
006 (2557077.003.000) 07/28 12:24:12 Image size of job updated: 786468
	267  -  MemoryUsage of job (MB)
	272680  -  ResidentSetSize of job (KB)
...
040 (2557077.003.000) 07/28 12:24:25 Started transferring output files
...
040 (2557077.003.000) 07/28 12:24:25 Finished transferring output files
...
005 (2557077.003.000) 07/28 12:24:25 Job terminated.
	(1) Normal termination (return value 0)
		Usr 0 00:05:17, Sys 0 00:00:02  -  Run Remote Usage
		Usr 0 00:00:00, Sys 0 00:00:00  -  Run Local Usage
		Usr 0 00:05:17, Sys 0 00:00:02  -  Total Remote Usage
		Usr 0 00:00:00, Sys 0 00:00:00  -  Total Local Usage
	50985  -  Run Bytes Sent By Job
	55262880  -  Run Bytes Received By Job
	50985  -  Total Bytes Sent By Job
	55262880  -  Total Bytes Received By Job
	Partitionable Resources :    Usage  Request Allocated 
	   Cpus                 :                 5         5 
	   Disk (KB)            :   182136    75000    278025 
	   Memory (MB)          :      267    10000     10000 

	Job terminated of its own accord at 2021-07-28T10:24:25Z.
...
