000 (2526743.187.000) 07/20 13:19:14 Job submitted from host: <188.185.70.244:9618?addrs=188.185.70.244-9618+[2001-1458-d00-7--100-2ee]-9618&alias=bigbird10.cern.ch&noUDP&sock=schedd_2037_ca81>
...
040 (2526743.187.000) 07/20 13:31:47 Started transferring input files
	Transferring to host: <128.142.58.136:9618?addrs=128.142.58.136-9618+[2001-1458-301-16--100-87]-9618&alias=b7s03p1133.cern.ch&noUDP&sock=slot1_23_6761_7c6c_11367>
...
040 (2526743.187.000) 07/20 13:31:48 Finished transferring input files
...
001 (2526743.187.000) 07/20 13:31:48 Job executing on host: <128.142.58.136:9618?addrs=128.142.58.136-9618+[2001-1458-301-16--100-87]-9618&alias=b7s03p1133.cern.ch&noUDP&sock=startd_6305_48b7>
...
006 (2526743.187.000) 07/20 13:31:56 Image size of job updated: 487048
	158  -  MemoryUsage of job (MB)
	160884  -  ResidentSetSize of job (KB)
...
006 (2526743.187.000) 07/20 13:36:56 Image size of job updated: 822988
	299  -  MemoryUsage of job (MB)
	305784  -  ResidentSetSize of job (KB)
...
006 (2526743.187.000) 07/20 13:55:00 Image size of job updated: 823492
	299  -  MemoryUsage of job (MB)
	305784  -  ResidentSetSize of job (KB)
...
040 (2526743.187.000) 07/20 13:55:00 Started transferring output files
...
040 (2526743.187.000) 07/20 13:55:00 Finished transferring output files
...
005 (2526743.187.000) 07/20 13:55:00 Job terminated.
	(1) Normal termination (return value 0)
		Usr 0 00:22:26, Sys 0 00:00:02  -  Run Remote Usage
		Usr 0 00:00:00, Sys 0 00:00:00  -  Run Local Usage
		Usr 0 00:22:26, Sys 0 00:00:02  -  Total Remote Usage
		Usr 0 00:00:00, Sys 0 00:00:00  -  Total Local Usage
	49591  -  Run Bytes Sent By Job
	55262812  -  Run Bytes Received By Job
	49591  -  Total Bytes Sent By Job
	55262812  -  Total Bytes Received By Job
	Partitionable Resources :     Usage  Request Allocated 
	   Cpus                 :      1.00        3         3 
	   Disk (KB)            : 185240       75000   1274342 
	   Memory (MB)          :    299        6000      6000 

	Job terminated of its own accord at 2021-07-20T11:55:00Z.
...
