000 (2526743.005.000) 07/20 13:19:13 Job submitted from host: <188.185.70.244:9618?addrs=188.185.70.244-9618+[2001-1458-d00-7--100-2ee]-9618&alias=bigbird10.cern.ch&noUDP&sock=schedd_2037_ca81>
...
040 (2526743.005.000) 07/20 13:20:46 Started transferring input files
	Transferring to host: <128.142.56.90:9618?addrs=128.142.56.90-9618+[2001-1458-301-6--100-59]-9618&alias=b7s01p9716.cern.ch&noUDP&sock=slot1_52_7275_a541_6106>
...
040 (2526743.005.000) 07/20 13:20:47 Finished transferring input files
...
001 (2526743.005.000) 07/20 13:20:47 Job executing on host: <128.142.56.90:9618?addrs=128.142.56.90-9618+[2001-1458-301-6--100-59]-9618&alias=b7s01p9716.cern.ch&noUDP&sock=startd_5496_6099>
...
006 (2526743.005.000) 07/20 13:20:56 Image size of job updated: 270192
	191  -  MemoryUsage of job (MB)
	194844  -  ResidentSetSize of job (KB)
...
006 (2526743.005.000) 07/20 13:25:57 Image size of job updated: 809248
	289  -  MemoryUsage of job (MB)
	295444  -  ResidentSetSize of job (KB)
...
006 (2526743.005.000) 07/20 13:34:25 Image size of job updated: 809740
	289  -  MemoryUsage of job (MB)
	295444  -  ResidentSetSize of job (KB)
...
040 (2526743.005.000) 07/20 13:34:25 Started transferring output files
...
040 (2526743.005.000) 07/20 13:34:25 Finished transferring output files
...
005 (2526743.005.000) 07/20 13:34:25 Job terminated.
	(1) Normal termination (return value 0)
		Usr 0 00:13:27, Sys 0 00:00:02  -  Run Remote Usage
		Usr 0 00:00:00, Sys 0 00:00:00  -  Run Local Usage
		Usr 0 00:13:27, Sys 0 00:00:02  -  Total Remote Usage
		Usr 0 00:00:00, Sys 0 00:00:00  -  Total Local Usage
	53159  -  Run Bytes Sent By Job
	55262812  -  Run Bytes Received By Job
	53159  -  Total Bytes Sent By Job
	55262812  -  Total Bytes Received By Job
	Partitionable Resources :     Usage  Request Allocated 
	   Cpus                 :      0.99        3         3 
	   Disk (KB)            : 182645       75000   1306850 
	   Memory (MB)          :    289        6000      6000 

	Job terminated of its own accord at 2021-07-20T11:34:25Z.
...
