000 (2556073.013.000) 07/27 10:23:23 Job submitted from host: <188.185.70.244:9618?addrs=188.185.70.244-9618+[2001-1458-d00-7--100-2ee]-9618&alias=bigbird10.cern.ch&noUDP&sock=schedd_2037_ca81>
...
040 (2556073.013.000) 07/27 10:25:40 Started transferring input files
	Transferring to host: <128.142.58.122:9618?addrs=128.142.58.122-9618+[2001-1458-301-16--100-79]-9618&alias=b7s03p5500.cern.ch&noUDP&sock=slot1_21_7970_55fd_14516>
...
040 (2556073.013.000) 07/27 10:25:41 Finished transferring input files
...
001 (2556073.013.000) 07/27 10:25:41 Job executing on host: <128.142.58.122:9618?addrs=128.142.58.122-9618+[2001-1458-301-16--100-79]-9618&alias=b7s03p5500.cern.ch&noUDP&sock=startd_6077_e51f>
...
006 (2556073.013.000) 07/27 10:25:50 Image size of job updated: 631388
	205  -  MemoryUsage of job (MB)
	209620  -  ResidentSetSize of job (KB)
...
006 (2556073.013.000) 07/27 10:30:50 Image size of job updated: 786236
	266  -  MemoryUsage of job (MB)
	272344  -  ResidentSetSize of job (KB)
...
006 (2556073.013.000) 07/27 10:34:13 Image size of job updated: 786820
	266  -  MemoryUsage of job (MB)
	272344  -  ResidentSetSize of job (KB)
...
040 (2556073.013.000) 07/27 10:34:15 Started transferring output files
...
040 (2556073.013.000) 07/27 10:34:15 Finished transferring output files
...
005 (2556073.013.000) 07/27 10:34:16 Job terminated.
	(1) Normal termination (return value 0)
		Usr 0 00:07:55, Sys 0 00:00:02  -  Run Remote Usage
		Usr 0 00:00:00, Sys 0 00:00:00  -  Run Local Usage
		Usr 0 00:07:55, Sys 0 00:00:02  -  Total Remote Usage
		Usr 0 00:00:00, Sys 0 00:00:00  -  Total Local Usage
	51648  -  Run Bytes Sent By Job
	55262880  -  Run Bytes Received By Job
	51648  -  Total Bytes Sent By Job
	55262880  -  Total Bytes Received By Job
	Partitionable Resources :     Usage  Request Allocated 
	   Cpus                 :      1.00        3         3 
	   Disk (KB)            : 182233       75000   1310085 
	   Memory (MB)          :    266        6000      6000 

	Job terminated of its own accord at 2021-07-27T08:34:13Z.
...
