000 (2556080.028.000) 07/27 11:07:01 Job submitted from host: <188.185.70.244:9618?addrs=188.185.70.244-9618+[2001-1458-d00-7--100-2ee]-9618&alias=bigbird10.cern.ch&noUDP&sock=schedd_2037_ca81>
...
040 (2556080.028.000) 07/27 11:36:44 Started transferring input files
	Transferring to host: <128.142.56.122:9618?addrs=128.142.56.122-9618+[2001-1458-301-6--100-79]-9618&alias=b7s01p5731.cern.ch&noUDP&sock=slot1_1_2396_f2db_21358>
...
040 (2556080.028.000) 07/27 11:36:45 Finished transferring input files
...
001 (2556080.028.000) 07/27 11:36:45 Job executing on host: <128.142.56.122:9618?addrs=128.142.56.122-9618+[2001-1458-301-6--100-79]-9618&alias=b7s01p5731.cern.ch&noUDP&sock=startd_2351_2b3e>
...
006 (2556080.028.000) 07/27 11:36:53 Image size of job updated: 321400
	151  -  MemoryUsage of job (MB)
	154108  -  ResidentSetSize of job (KB)
...
006 (2556080.028.000) 07/27 11:41:53 Image size of job updated: 626708
	201  -  MemoryUsage of job (MB)
	205780  -  ResidentSetSize of job (KB)
...
006 (2556080.028.000) 07/27 11:46:54 Image size of job updated: 808212
	285  -  MemoryUsage of job (MB)
	291300  -  ResidentSetSize of job (KB)
...
006 (2556080.028.000) 07/27 11:51:54 Image size of job updated: 809836
	287  -  MemoryUsage of job (MB)
	293172  -  ResidentSetSize of job (KB)
...
040 (2556080.028.000) 07/27 11:52:10 Started transferring output files
...
040 (2556080.028.000) 07/27 11:52:10 Finished transferring output files
...
005 (2556080.028.000) 07/27 11:52:10 Job terminated.
	(1) Normal termination (return value 0)
		Usr 0 00:10:11, Sys 0 00:00:02  -  Run Remote Usage
		Usr 0 00:00:00, Sys 0 00:00:00  -  Run Local Usage
		Usr 0 00:10:11, Sys 0 00:00:02  -  Total Remote Usage
		Usr 0 00:00:00, Sys 0 00:00:00  -  Total Local Usage
	43616  -  Run Bytes Sent By Job
	55262880  -  Run Bytes Received By Job
	43616  -  Total Bytes Sent By Job
	55262880  -  Total Bytes Received By Job
	Partitionable Resources :     Usage  Request Allocated 
	   Cpus                 :      0.20        3         3 
	   Disk (KB)            : 187430       75000   1297354 
	   Memory (MB)          :    287        6000      6000 

	Job terminated of its own accord at 2021-07-27T09:52:10Z.
...
