000 (2521876.206.000) 07/19 08:46:26 Job submitted from host: <188.185.70.244:9618?addrs=188.185.70.244-9618+[2001-1458-d00-7--100-2ee]-9618&alias=bigbird10.cern.ch&noUDP&sock=schedd_2037_ca81>
...
040 (2521876.206.000) 07/19 10:39:59 Started transferring input files
	Transferring to host: <128.142.58.10:9618?addrs=128.142.58.10-9618+[2001-1458-301-16--100-9]-9618&alias=b7s03p7644.cern.ch&noUDP&sock=slot1_1_6607_faa6_12618>
...
040 (2521876.206.000) 07/19 10:39:59 Finished transferring input files
...
001 (2521876.206.000) 07/19 10:39:59 Job executing on host: <128.142.58.10:9618?addrs=128.142.58.10-9618+[2001-1458-301-16--100-9]-9618&alias=b7s03p7644.cern.ch&noUDP&sock=startd_6143_2a5f>
...
006 (2521876.206.000) 07/19 10:40:09 Image size of job updated: 266672
	188  -  MemoryUsage of job (MB)
	191740  -  ResidentSetSize of job (KB)
...
006 (2521876.206.000) 07/19 10:45:09 Image size of job updated: 631388
	205  -  MemoryUsage of job (MB)
	209564  -  ResidentSetSize of job (KB)
...
006 (2521876.206.000) 07/19 10:55:10 Image size of job updated: 814364
	294  -  MemoryUsage of job (MB)
	300504  -  ResidentSetSize of job (KB)
...
006 (2521876.206.000) 07/19 11:00:10 Image size of job updated: 815032
	295  -  MemoryUsage of job (MB)
	301184  -  ResidentSetSize of job (KB)
...
040 (2521876.206.000) 07/19 11:07:29 Started transferring output files
...
040 (2521876.206.000) 07/19 11:07:29 Finished transferring output files
...
005 (2521876.206.000) 07/19 11:07:29 Job terminated.
	(1) Normal termination (return value 0)
		Usr 0 00:13:39, Sys 0 00:00:02  -  Run Remote Usage
		Usr 0 00:00:00, Sys 0 00:00:00  -  Run Local Usage
		Usr 0 00:13:39, Sys 0 00:00:02  -  Total Remote Usage
		Usr 0 00:00:00, Sys 0 00:00:00  -  Total Local Usage
	49927  -  Run Bytes Sent By Job
	55262812  -  Run Bytes Received By Job
	49927  -  Total Bytes Sent By Job
	55262812  -  Total Bytes Received By Job
	Partitionable Resources :     Usage  Request Allocated 
	   Cpus                 :      1.00        3         3 
	   Disk (KB)            : 183656       75000   1307876 
	   Memory (MB)          :    295        6000      6000 

	Job terminated of its own accord at 2021-07-19T09:07:29Z.
...
