000 (2534572.141.000) 07/21 23:44:26 Job submitted from host: <188.185.70.244:9618?addrs=188.185.70.244-9618+[2001-1458-d00-7--100-2ee]-9618&alias=bigbird10.cern.ch&noUDP&sock=schedd_2037_ca81>
...
040 (2534572.141.000) 07/21 23:50:38 Started transferring input files
	Transferring to host: <128.142.59.71:9618?addrs=128.142.59.71-9618+[2001-1458-301-21--100-46]-9618&alias=b7s04p9413.cern.ch&noUDP&sock=slot1_5_6726_d34b_14636>
...
040 (2534572.141.000) 07/21 23:50:39 Finished transferring input files
...
001 (2534572.141.000) 07/21 23:50:39 Job executing on host: <128.142.59.71:9618?addrs=128.142.59.71-9618+[2001-1458-301-21--100-46]-9618&alias=b7s04p9413.cern.ch&noUDP&sock=startd_6258_0bc3>
...
006 (2534572.141.000) 07/21 23:50:49 Image size of job updated: 331284
	190  -  MemoryUsage of job (MB)
	194348  -  ResidentSetSize of job (KB)
...
006 (2534572.141.000) 07/21 23:55:49 Image size of job updated: 630860
	205  -  MemoryUsage of job (MB)
	209028  -  ResidentSetSize of job (KB)
...
006 (2534572.141.000) 07/22 00:10:51 Image size of job updated: 819832
	300  -  MemoryUsage of job (MB)
	306208  -  ResidentSetSize of job (KB)
...
006 (2534572.141.000) 07/22 00:25:03 Image size of job updated: 820412
	300  -  MemoryUsage of job (MB)
	306208  -  ResidentSetSize of job (KB)
...
040 (2534572.141.000) 07/22 00:25:03 Started transferring output files
...
040 (2534572.141.000) 07/22 00:25:04 Finished transferring output files
...
005 (2534572.141.000) 07/22 00:25:04 Job terminated.
	(1) Normal termination (return value 0)
		Usr 0 00:15:56, Sys 0 00:00:02  -  Run Remote Usage
		Usr 0 00:00:00, Sys 0 00:00:00  -  Run Local Usage
		Usr 0 00:15:56, Sys 0 00:00:02  -  Total Remote Usage
		Usr 0 00:00:00, Sys 0 00:00:00  -  Total Local Usage
	43426  -  Run Bytes Sent By Job
	55262812  -  Run Bytes Received By Job
	43426  -  Total Bytes Sent By Job
	55262812  -  Total Bytes Received By Job
	Partitionable Resources :     Usage  Request Allocated 
	   Cpus                 :      1.01        3         3 
	   Disk (KB)            : 184647       75000   1200740 
	   Memory (MB)          :    300        6000      6000 

	Job terminated of its own accord at 2021-07-21T22:25:03Z.
...
