000 (2521867.143.000) 07/19 07:46:08 Job submitted from host: <188.185.70.244:9618?addrs=188.185.70.244-9618+[2001-1458-d00-7--100-2ee]-9618&alias=bigbird10.cern.ch&noUDP&sock=schedd_2037_ca81>
...
040 (2521867.143.000) 07/19 07:49:34 Started transferring input files
	Transferring to host: <128.142.59.12:9618?addrs=128.142.59.12-9618+[2001-1458-301-21--100-b]-9618&alias=b7s04p6505.cern.ch&noUDP&sock=slot1_16_7351_31c4_11725>
...
040 (2521867.143.000) 07/19 07:49:35 Finished transferring input files
...
001 (2521867.143.000) 07/19 07:49:35 Job executing on host: <128.142.59.12:9618?addrs=128.142.59.12-9618+[2001-1458-301-21--100-b]-9618&alias=b7s04p6505.cern.ch&noUDP&sock=startd_6901_1729>
...
006 (2521867.143.000) 07/19 07:49:43 Image size of job updated: 558156
	191  -  MemoryUsage of job (MB)
	194704  -  ResidentSetSize of job (KB)
...
006 (2521867.143.000) 07/19 07:54:43 Image size of job updated: 631952
	205  -  MemoryUsage of job (MB)
	209544  -  ResidentSetSize of job (KB)
...
006 (2521867.143.000) 07/19 07:59:44 Image size of job updated: 817384
	297  -  MemoryUsage of job (MB)
	303404  -  ResidentSetSize of job (KB)
...
006 (2521867.143.000) 07/19 08:09:15 Image size of job updated: 817864
	297  -  MemoryUsage of job (MB)
	303404  -  ResidentSetSize of job (KB)
...
040 (2521867.143.000) 07/19 08:09:15 Started transferring output files
...
040 (2521867.143.000) 07/19 08:09:15 Finished transferring output files
...
005 (2521867.143.000) 07/19 08:09:15 Job terminated.
	(1) Normal termination (return value 0)
		Usr 0 00:14:30, Sys 0 00:00:02  -  Run Remote Usage
		Usr 0 00:00:00, Sys 0 00:00:00  -  Run Local Usage
		Usr 0 00:14:30, Sys 0 00:00:02  -  Total Remote Usage
		Usr 0 00:00:00, Sys 0 00:00:00  -  Total Local Usage
	49362  -  Run Bytes Sent By Job
	55262812  -  Run Bytes Received By Job
	49362  -  Total Bytes Sent By Job
	55262812  -  Total Bytes Received By Job
	Partitionable Resources :     Usage  Request Allocated 
	   Cpus                 :      1.00        3         3 
	   Disk (KB)            : 184170       75000   1209151 
	   Memory (MB)          :    297        6000      6000 

	Job terminated of its own accord at 2021-07-19T06:09:15Z.
...
