000 (2536881.186.000) 07/22 03:18:13 Job submitted from host: <188.185.70.244:9618?addrs=188.185.70.244-9618+[2001-1458-d00-7--100-2ee]-9618&alias=bigbird10.cern.ch&noUDP&sock=schedd_2037_ca81>
...
040 (2536881.186.000) 07/22 03:58:28 Started transferring input files
	Transferring to host: <128.142.58.17:9618?addrs=128.142.58.17-9618+[2001-1458-301-16--100-10]-9618&alias=b7s03p9949.cern.ch&noUDP&sock=slot1_34_3766_3cd2_13800>
...
040 (2536881.186.000) 07/22 03:58:29 Finished transferring input files
...
001 (2536881.186.000) 07/22 03:58:29 Job executing on host: <128.142.58.17:9618?addrs=128.142.58.17-9618+[2001-1458-301-16--100-10]-9618&alias=b7s03p9949.cern.ch&noUDP&sock=startd_2952_67aa>
...
006 (2536881.186.000) 07/22 03:58:37 Image size of job updated: 266248
	187  -  MemoryUsage of job (MB)
	191104  -  ResidentSetSize of job (KB)
...
006 (2536881.186.000) 07/22 04:03:37 Image size of job updated: 824804
	301  -  MemoryUsage of job (MB)
	307460  -  ResidentSetSize of job (KB)
...
006 (2536881.186.000) 07/22 04:13:39 Image size of job updated: 825376
	301  -  MemoryUsage of job (MB)
	308112  -  ResidentSetSize of job (KB)
...
040 (2536881.186.000) 07/22 04:14:55 Started transferring output files
...
040 (2536881.186.000) 07/22 04:14:55 Finished transferring output files
...
005 (2536881.186.000) 07/22 04:14:56 Job terminated.
	(1) Normal termination (return value 0)
		Usr 0 00:16:10, Sys 0 00:00:03  -  Run Remote Usage
		Usr 0 00:00:00, Sys 0 00:00:00  -  Run Local Usage
		Usr 0 00:16:10, Sys 0 00:00:03  -  Total Remote Usage
		Usr 0 00:00:00, Sys 0 00:00:00  -  Total Local Usage
	44701  -  Run Bytes Sent By Job
	55262812  -  Run Bytes Received By Job
	44701  -  Total Bytes Sent By Job
	55262812  -  Total Bytes Received By Job
	Partitionable Resources :     Usage  Request Allocated 
	   Cpus                 :      1.00        3         3 
	   Disk (KB)            : 185681       75000   1294770 
	   Memory (MB)          :    301        6000      6000 

	Job terminated of its own accord at 2021-07-22T02:14:55Z.
...
