000 (2556073.001.000) 07/27 10:23:22 Job submitted from host: <188.185.70.244:9618?addrs=188.185.70.244-9618+[2001-1458-d00-7--100-2ee]-9618&alias=bigbird10.cern.ch&noUDP&sock=schedd_2037_ca81>
...
040 (2556073.001.000) 07/27 10:25:34 Started transferring input files
	Transferring to host: <128.142.56.83:9618?addrs=128.142.56.83-9618+[2001-1458-301-6--100-52]-9618&alias=b7s01p0062.cern.ch&noUDP&sock=slot1_18_10046_10d2_26449>
...
040 (2556073.001.000) 07/27 10:25:35 Finished transferring input files
...
001 (2556073.001.000) 07/27 10:25:35 Job executing on host: <128.142.56.83:9618?addrs=128.142.56.83-9618+[2001-1458-301-6--100-52]-9618&alias=b7s01p0062.cern.ch&noUDP&sock=startd_10001_6ec0>
...
006 (2556073.001.000) 07/27 10:25:43 Image size of job updated: 580176
	188  -  MemoryUsage of job (MB)
	191748  -  ResidentSetSize of job (KB)
...
006 (2556073.001.000) 07/27 10:30:43 Image size of job updated: 786152
	266  -  MemoryUsage of job (MB)
	272344  -  ResidentSetSize of job (KB)
...
006 (2556073.001.000) 07/27 10:39:25 Image size of job updated: 786756
	266  -  MemoryUsage of job (MB)
	272344  -  ResidentSetSize of job (KB)
...
040 (2556073.001.000) 07/27 10:39:25 Started transferring output files
...
040 (2556073.001.000) 07/27 10:39:25 Finished transferring output files
...
005 (2556073.001.000) 07/27 10:39:26 Job terminated.
	(1) Normal termination (return value 0)
		Usr 0 00:13:07, Sys 0 00:00:02  -  Run Remote Usage
		Usr 0 00:00:00, Sys 0 00:00:00  -  Run Local Usage
		Usr 0 00:13:07, Sys 0 00:00:02  -  Total Remote Usage
		Usr 0 00:00:00, Sys 0 00:00:00  -  Total Local Usage
	52317  -  Run Bytes Sent By Job
	55262880  -  Run Bytes Received By Job
	52317  -  Total Bytes Sent By Job
	55262880  -  Total Bytes Received By Job
	Partitionable Resources :     Usage  Request Allocated 
	   Cpus                 :      1.00        3         3 
	   Disk (KB)            : 182229       75000   1259266 
	   Memory (MB)          :    266        6000      6000 

	Job terminated of its own accord at 2021-07-27T08:39:25Z.
...
