000 (2522101.024.000) 07/19 11:55:34 Job submitted from host: <188.185.70.244:9618?addrs=188.185.70.244-9618+[2001-1458-d00-7--100-2ee]-9618&alias=bigbird10.cern.ch&noUDP&sock=schedd_2037_ca81>
...
040 (2522101.024.000) 07/19 12:24:40 Started transferring input files
	Transferring to host: <128.142.57.90:9618?addrs=128.142.57.90-9618+[2001-1458-301-7--100-59]-9618&alias=b7s02p0120.cern.ch&noUDP&sock=slot1_16_6593_1d65_12586>
...
040 (2522101.024.000) 07/19 12:24:41 Finished transferring input files
...
001 (2522101.024.000) 07/19 12:24:41 Job executing on host: <128.142.57.90:9618?addrs=128.142.57.90-9618+[2001-1458-301-7--100-59]-9618&alias=b7s02p0120.cern.ch&noUDP&sock=startd_6129_900c>
...
006 (2522101.024.000) 07/19 12:24:49 Image size of job updated: 431212
	191  -  MemoryUsage of job (MB)
	195556  -  ResidentSetSize of job (KB)
...
006 (2522101.024.000) 07/19 12:29:49 Image size of job updated: 626908
	202  -  MemoryUsage of job (MB)
	205904  -  ResidentSetSize of job (KB)
...
006 (2522101.024.000) 07/19 12:34:50 Image size of job updated: 797104
	274  -  MemoryUsage of job (MB)
	280336  -  ResidentSetSize of job (KB)
...
006 (2522101.024.000) 07/19 12:38:37 Image size of job updated: 797772
	274  -  MemoryUsage of job (MB)
	280336  -  ResidentSetSize of job (KB)
...
040 (2522101.024.000) 07/19 12:38:37 Started transferring output files
...
040 (2522101.024.000) 07/19 12:38:37 Finished transferring output files
...
005 (2522101.024.000) 07/19 12:38:38 Job terminated.
	(1) Normal termination (return value 0)
		Usr 0 00:09:17, Sys 0 00:00:02  -  Run Remote Usage
		Usr 0 00:00:00, Sys 0 00:00:00  -  Run Local Usage
		Usr 0 00:09:17, Sys 0 00:00:02  -  Total Remote Usage
		Usr 0 00:00:00, Sys 0 00:00:00  -  Total Local Usage
	48433  -  Run Bytes Sent By Job
	55262812  -  Run Bytes Received By Job
	48433  -  Total Bytes Sent By Job
	55262812  -  Total Bytes Received By Job
	Partitionable Resources :     Usage  Request Allocated 
	   Cpus                 :      1.00        3         3 
	   Disk (KB)            : 180628       75000   1303727 
	   Memory (MB)          :    274        6000      6000 

	Job terminated of its own accord at 2021-07-19T10:38:37Z.
...
