000 (2521867.094.000) 07/19 07:46:08 Job submitted from host: <188.185.70.244:9618?addrs=188.185.70.244-9618+[2001-1458-d00-7--100-2ee]-9618&alias=bigbird10.cern.ch&noUDP&sock=schedd_2037_ca81>
...
040 (2521867.094.000) 07/19 07:49:16 Started transferring input files
	Transferring to host: <128.142.56.58:9618?addrs=128.142.56.58-9618+[2001-1458-301-6--100-39]-9618&alias=b7s01p1028.cern.ch&noUDP&sock=slot1_9_58120_8c35_15319>
...
040 (2521867.094.000) 07/19 07:49:17 Finished transferring input files
...
001 (2521867.094.000) 07/19 07:49:17 Job executing on host: <128.142.56.58:9618?addrs=128.142.56.58-9618+[2001-1458-301-6--100-39]-9618&alias=b7s01p1028.cern.ch&noUDP&sock=startd_55019_0943>
...
006 (2521867.094.000) 07/19 07:49:25 Image size of job updated: 268188
	190  -  MemoryUsage of job (MB)
	193916  -  ResidentSetSize of job (KB)
...
006 (2521867.094.000) 07/19 07:54:25 Image size of job updated: 626276
	201  -  MemoryUsage of job (MB)
	205244  -  ResidentSetSize of job (KB)
...
006 (2521867.094.000) 07/19 07:59:26 Image size of job updated: 812396
	289  -  MemoryUsage of job (MB)
	295452  -  ResidentSetSize of job (KB)
...
006 (2521867.094.000) 07/19 08:07:30 Image size of job updated: 812840
	289  -  MemoryUsage of job (MB)
	295452  -  ResidentSetSize of job (KB)
...
040 (2521867.094.000) 07/19 08:07:30 Started transferring output files
...
040 (2521867.094.000) 07/19 08:07:30 Finished transferring output files
...
005 (2521867.094.000) 07/19 08:07:30 Job terminated.
	(1) Normal termination (return value 0)
		Usr 0 00:12:40, Sys 0 00:00:02  -  Run Remote Usage
		Usr 0 00:00:00, Sys 0 00:00:00  -  Run Local Usage
		Usr 0 00:12:40, Sys 0 00:00:02  -  Total Remote Usage
		Usr 0 00:00:00, Sys 0 00:00:00  -  Total Local Usage
	48297  -  Run Bytes Sent By Job
	55262812  -  Run Bytes Received By Job
	48297  -  Total Bytes Sent By Job
	55262812  -  Total Bytes Received By Job
	Partitionable Resources :     Usage  Request Allocated 
	   Cpus                 :      1.00        3         3 
	   Disk (KB)            : 183384       75000   1248203 
	   Memory (MB)          :    289        6000      6000 

	Job terminated of its own accord at 2021-07-19T06:07:30Z.
...
