000 (2521675.120.000) 07/19 04:18:40 Job submitted from host: <188.185.70.244:9618?addrs=188.185.70.244-9618+[2001-1458-d00-7--100-2ee]-9618&alias=bigbird10.cern.ch&noUDP&sock=schedd_2037_ca81>
...
040 (2521675.120.000) 07/19 04:24:35 Started transferring input files
	Transferring to host: <128.142.57.86:9618?addrs=128.142.57.86-9618+[2001-1458-301-7--100-55]-9618&alias=b7s02p3671.cern.ch&noUDP&sock=slot1_11_6635_b527_16118>
...
040 (2521675.120.000) 07/19 04:24:36 Finished transferring input files
...
001 (2521675.120.000) 07/19 04:24:36 Job executing on host: <128.142.57.86:9618?addrs=128.142.57.86-9618+[2001-1458-301-7--100-55]-9618&alias=b7s02p3671.cern.ch&noUDP&sock=startd_6169_ffd6>
...
006 (2521675.120.000) 07/19 04:24:45 Image size of job updated: 589200
	192  -  MemoryUsage of job (MB)
	195860  -  ResidentSetSize of job (KB)
...
006 (2521675.120.000) 07/19 04:29:46 Image size of job updated: 631156
	205  -  MemoryUsage of job (MB)
	209472  -  ResidentSetSize of job (KB)
...
040 (2521675.120.000) 07/19 05:09:11 Started transferring output files
...
040 (2521675.120.000) 07/19 05:09:11 Finished transferring output files
...
005 (2521675.120.000) 07/19 05:09:11 Job terminated.
	(1) Normal termination (return value 0)
		Usr 0 00:01:34, Sys 0 00:00:03  -  Run Remote Usage
		Usr 0 00:00:00, Sys 0 00:00:00  -  Run Local Usage
		Usr 0 00:01:34, Sys 0 00:00:03  -  Total Remote Usage
		Usr 0 00:00:00, Sys 0 00:00:00  -  Total Local Usage
	48537  -  Run Bytes Sent By Job
	55262812  -  Run Bytes Received By Job
	48537  -  Total Bytes Sent By Job
	55262812  -  Total Bytes Received By Job
	Partitionable Resources :     Usage  Request Allocated 
	   Cpus                 :      0.02        3         3 
	   Disk (KB)            : 187136       75000   1316834 
	   Memory (MB)          :    205        6000      6000 

	Job terminated of its own accord at 2021-07-19T03:09:10Z.
...
