000 (2523366.181.000) 07/19 23:50:31 Job submitted from host: <188.185.70.244:9618?addrs=188.185.70.244-9618+[2001-1458-d00-7--100-2ee]-9618&alias=bigbird10.cern.ch&noUDP&sock=schedd_2037_ca81>
...
040 (2523366.181.000) 07/20 00:30:40 Started transferring input files
	Transferring to host: <128.142.57.127:9618?addrs=128.142.57.127-9618+[2001-1458-301-7--100-7e]-9618&alias=b7s02p6294.cern.ch&noUDP&sock=slot1_6_6752_250c_16171>
...
040 (2523366.181.000) 07/20 00:30:41 Finished transferring input files
...
001 (2523366.181.000) 07/20 00:30:41 Job executing on host: <128.142.57.127:9618?addrs=128.142.57.127-9618+[2001-1458-301-7--100-7e]-9618&alias=b7s02p6294.cern.ch&noUDP&sock=startd_6261_1a8c>
...
006 (2523366.181.000) 07/20 00:30:49 Image size of job updated: 269028
	190  -  MemoryUsage of job (MB)
	193900  -  ResidentSetSize of job (KB)
...
006 (2523366.181.000) 07/20 00:35:49 Image size of job updated: 810924
	287  -  MemoryUsage of job (MB)
	293556  -  ResidentSetSize of job (KB)
...
006 (2523366.181.000) 07/20 00:40:50 Image size of job updated: 811556
	288  -  MemoryUsage of job (MB)
	294240  -  ResidentSetSize of job (KB)
...
040 (2523366.181.000) 07/20 00:42:47 Started transferring output files
...
040 (2523366.181.000) 07/20 00:42:47 Finished transferring output files
...
005 (2523366.181.000) 07/20 00:42:48 Job terminated.
	(1) Normal termination (return value 0)
		Usr 0 00:12:02, Sys 0 00:00:01  -  Run Remote Usage
		Usr 0 00:00:00, Sys 0 00:00:00  -  Run Local Usage
		Usr 0 00:12:02, Sys 0 00:00:01  -  Total Remote Usage
		Usr 0 00:00:00, Sys 0 00:00:00  -  Total Local Usage
	48828  -  Run Bytes Sent By Job
	55262812  -  Run Bytes Received By Job
	48828  -  Total Bytes Sent By Job
	55262812  -  Total Bytes Received By Job
	Partitionable Resources :     Usage  Request Allocated 
	   Cpus                 :      1.00        3         3 
	   Disk (KB)            : 183070       75000   1367269 
	   Memory (MB)          :    288        6000      6000 

	Job terminated of its own accord at 2021-07-19T22:42:47Z.
...
