000 (2521675.172.000) 07/19 04:18:40 Job submitted from host: <188.185.70.244:9618?addrs=188.185.70.244-9618+[2001-1458-d00-7--100-2ee]-9618&alias=bigbird10.cern.ch&noUDP&sock=schedd_2037_ca81>
...
040 (2521675.172.000) 07/19 04:25:42 Started transferring input files
	Transferring to host: <128.142.86.105:9618?addrs=128.142.86.105-9618+[2001-1458-301-f6--100-375]-9618&alias=b7s14n5756.cern.ch&noUDP&sock=slot1_1_5401_3e35_77694>
...
001 (2521675.172.000) 07/19 04:25:43 Job executing on host: <128.142.86.105:9618?addrs=128.142.86.105-9618+[2001-1458-301-f6--100-375]-9618&alias=b7s14n5756.cern.ch&noUDP&sock=startd_4157_ef49>
...
040 (2521675.172.000) 07/19 04:25:43 Finished transferring input files
...
006 (2521675.172.000) 07/19 04:25:52 Image size of job updated: 288720
	5  -  MemoryUsage of job (MB)
	4332  -  ResidentSetSize of job (KB)
...
006 (2521675.172.000) 07/19 04:30:53 Image size of job updated: 631392
	205  -  MemoryUsage of job (MB)
	209600  -  ResidentSetSize of job (KB)
...
006 (2521675.172.000) 07/19 04:38:57 Image size of job updated: 766580
	205  -  MemoryUsage of job (MB)
	209600  -  ResidentSetSize of job (KB)
...
040 (2521675.172.000) 07/19 04:38:58 Started transferring output files
...
040 (2521675.172.000) 07/19 04:38:58 Finished transferring output files
...
005 (2521675.172.000) 07/19 04:38:58 Job terminated.
	(1) Normal termination (return value 0)
		Usr 0 00:01:17, Sys 0 00:00:03  -  Run Remote Usage
		Usr 0 00:00:00, Sys 0 00:00:00  -  Run Local Usage
		Usr 0 00:01:17, Sys 0 00:00:03  -  Total Remote Usage
		Usr 0 00:00:00, Sys 0 00:00:00  -  Total Local Usage
	52716  -  Run Bytes Sent By Job
	55262812  -  Run Bytes Received By Job
	52716  -  Total Bytes Sent By Job
	55262812  -  Total Bytes Received By Job
	Partitionable Resources :     Usage  Request Allocated 
	   Cpus                 :      0.07        3         3 
	   Disk (KB)            : 182239       75000    278307 
	   Memory (MB)          :    205        6000      6000 

	Job terminated of its own accord at 2021-07-19T02:38:57Z.
...
