000 (2521842.196.000) 07/19 05:55:56 Job submitted from host: <188.185.70.244:9618?addrs=188.185.70.244-9618+[2001-1458-d00-7--100-2ee]-9618&alias=bigbird10.cern.ch&noUDP&sock=schedd_2037_ca81>
...
040 (2521842.196.000) 07/19 06:03:57 Started transferring input files
	Transferring to host: <128.142.72.136:9618?addrs=128.142.72.136-9618&alias=b7s11n6262.cern.ch&noUDP&sock=slot1_1_5440_b8d6_64643>
...
040 (2521842.196.000) 07/19 06:03:58 Finished transferring input files
...
001 (2521842.196.000) 07/19 06:03:58 Job executing on host: <128.142.72.136:9618?addrs=128.142.72.136-9618&alias=b7s11n6262.cern.ch&noUDP&sock=startd_4262_f4ba>
...
006 (2521842.196.000) 07/19 06:04:07 Image size of job updated: 343824
	87  -  MemoryUsage of job (MB)
	88984  -  ResidentSetSize of job (KB)
...
006 (2521842.196.000) 07/19 06:09:08 Image size of job updated: 631392
	205  -  MemoryUsage of job (MB)
	209588  -  ResidentSetSize of job (KB)
...
006 (2521842.196.000) 07/19 06:34:10 Image size of job updated: 811608
	292  -  MemoryUsage of job (MB)
	298248  -  ResidentSetSize of job (KB)
...
006 (2521842.196.000) 07/19 06:49:11 Image size of job updated: 812292
	292  -  MemoryUsage of job (MB)
	298884  -  ResidentSetSize of job (KB)
...
040 (2521842.196.000) 07/19 06:51:29 Started transferring output files
...
040 (2521842.196.000) 07/19 06:51:29 Finished transferring output files
...
005 (2521842.196.000) 07/19 06:51:29 Job terminated.
	(1) Normal termination (return value 0)
		Usr 0 00:19:12, Sys 0 00:00:02  -  Run Remote Usage
		Usr 0 00:00:00, Sys 0 00:00:00  -  Run Local Usage
		Usr 0 00:19:12, Sys 0 00:00:02  -  Total Remote Usage
		Usr 0 00:00:00, Sys 0 00:00:00  -  Total Local Usage
	49199  -  Run Bytes Sent By Job
	55262812  -  Run Bytes Received By Job
	49199  -  Total Bytes Sent By Job
	55262812  -  Total Bytes Received By Job
	Partitionable Resources :     Usage  Request Allocated 
	   Cpus                 :      1.00        3         3 
	   Disk (KB)            : 183152       75000    268492 
	   Memory (MB)          :    292        6000      6000 

	Job terminated of its own accord at 2021-07-19T04:51:29Z.
...
