000 (2522101.135.000) 07/19 11:55:34 Job submitted from host: <188.185.70.244:9618?addrs=188.185.70.244-9618+[2001-1458-d00-7--100-2ee]-9618&alias=bigbird10.cern.ch&noUDP&sock=schedd_2037_ca81>
...
040 (2522101.135.000) 07/19 12:56:04 Started transferring input files
	Transferring to host: <128.142.58.47:9618?addrs=128.142.58.47-9618+[2001-1458-301-16--100-2e]-9618&alias=b7s03p2502.cern.ch&noUDP&sock=slot1_38_6603_2926_12963>
...
040 (2522101.135.000) 07/19 12:56:05 Finished transferring input files
...
001 (2522101.135.000) 07/19 12:56:05 Job executing on host: <128.142.58.47:9618?addrs=128.142.58.47-9618+[2001-1458-301-16--100-2e]-9618&alias=b7s03p2502.cern.ch&noUDP&sock=startd_6141_cb2f>
...
006 (2522101.135.000) 07/19 12:56:13 Image size of job updated: 326748
	133  -  MemoryUsage of job (MB)
	135592  -  ResidentSetSize of job (KB)
...
006 (2522101.135.000) 07/19 13:01:13 Image size of job updated: 817128
	297  -  MemoryUsage of job (MB)
	303400  -  ResidentSetSize of job (KB)
...
006 (2522101.135.000) 07/19 13:15:24 Image size of job updated: 817708
	297  -  MemoryUsage of job (MB)
	303400  -  ResidentSetSize of job (KB)
...
040 (2522101.135.000) 07/19 13:15:24 Started transferring output files
...
040 (2522101.135.000) 07/19 13:15:24 Finished transferring output files
...
005 (2522101.135.000) 07/19 13:15:24 Job terminated.
	(1) Normal termination (return value 0)
		Usr 0 00:15:02, Sys 0 00:00:02  -  Run Remote Usage
		Usr 0 00:00:00, Sys 0 00:00:00  -  Run Local Usage
		Usr 0 00:15:02, Sys 0 00:00:02  -  Total Remote Usage
		Usr 0 00:00:00, Sys 0 00:00:00  -  Total Local Usage
	49151  -  Run Bytes Sent By Job
	55262812  -  Run Bytes Received By Job
	49151  -  Total Bytes Sent By Job
	55262812  -  Total Bytes Received By Job
	Partitionable Resources :     Usage  Request Allocated 
	   Cpus                 :      1.00        3         3 
	   Disk (KB)            : 184154       75000   1214450 
	   Memory (MB)          :    297        6000      6000 

	Job terminated of its own accord at 2021-07-19T11:15:24Z.
...
