000 (2521876.072.000) 07/19 08:46:26 Job submitted from host: <188.185.70.244:9618?addrs=188.185.70.244-9618+[2001-1458-d00-7--100-2ee]-9618&alias=bigbird10.cern.ch&noUDP&sock=schedd_2037_ca81>
...
040 (2521876.072.000) 07/19 09:43:34 Started transferring input files
	Transferring to host: <128.142.75.152:9618?addrs=128.142.75.152-9618+[2001-1458-301-75--100-498]-9618&alias=b7s11n3153.cern.ch&noUDP&sock=slot1_6_5785_ce44_66697>
...
040 (2521876.072.000) 07/19 09:43:35 Finished transferring input files
...
001 (2521876.072.000) 07/19 09:43:35 Job executing on host: <128.142.75.152:9618?addrs=128.142.75.152-9618+[2001-1458-301-75--100-498]-9618&alias=b7s11n3153.cern.ch&noUDP&sock=startd_4692_e674>
...
006 (2521876.072.000) 07/19 09:43:44 Image size of job updated: 375492
	12  -  MemoryUsage of job (MB)
	11288  -  ResidentSetSize of job (KB)
...
006 (2521876.072.000) 07/19 09:48:45 Image size of job updated: 814660
	294  -  MemoryUsage of job (MB)
	300792  -  ResidentSetSize of job (KB)
...
006 (2521876.072.000) 07/19 10:13:48 Image size of job updated: 815124
	295  -  MemoryUsage of job (MB)
	301388  -  ResidentSetSize of job (KB)
...
040 (2521876.072.000) 07/19 10:14:37 Started transferring output files
...
040 (2521876.072.000) 07/19 10:14:37 Finished transferring output files
...
005 (2521876.072.000) 07/19 10:14:37 Job terminated.
	(1) Normal termination (return value 0)
		Usr 0 00:30:02, Sys 0 00:00:03  -  Run Remote Usage
		Usr 0 00:00:00, Sys 0 00:00:00  -  Run Local Usage
		Usr 0 00:30:02, Sys 0 00:00:03  -  Total Remote Usage
		Usr 0 00:00:00, Sys 0 00:00:00  -  Total Local Usage
	49718  -  Run Bytes Sent By Job
	55262812  -  Run Bytes Received By Job
	49718  -  Total Bytes Sent By Job
	55262812  -  Total Bytes Received By Job
	Partitionable Resources :     Usage  Request Allocated 
	   Cpus                 :      1.00        3         3 
	   Disk (KB)            : 183681       75000    261717 
	   Memory (MB)          :    295        6000      6000 

	Job terminated of its own accord at 2021-07-19T08:14:37Z.
...
