000 (2524871.073.000) 07/20 04:35:08 Job submitted from host: <188.185.70.244:9618?addrs=188.185.70.244-9618+[2001-1458-d00-7--100-2ee]-9618&alias=bigbird10.cern.ch&noUDP&sock=schedd_2037_ca81>
...
040 (2524871.073.000) 07/20 05:11:27 Started transferring input files
	Transferring to host: <128.142.57.148:9618?addrs=128.142.57.148-9618+[2001-1458-301-7--100-93]-9618&alias=b7s02p1405.cern.ch&noUDP&sock=slot1_5_7406_f266_13631>
...
040 (2524871.073.000) 07/20 05:11:28 Finished transferring input files
...
001 (2524871.073.000) 07/20 05:11:28 Job executing on host: <128.142.57.148:9618?addrs=128.142.57.148-9618+[2001-1458-301-7--100-93]-9618&alias=b7s02p1405.cern.ch&noUDP&sock=startd_6945_4554>
...
006 (2524871.073.000) 07/20 05:11:37 Image size of job updated: 421696
	130  -  MemoryUsage of job (MB)
	133016  -  ResidentSetSize of job (KB)
...
006 (2524871.073.000) 07/20 05:16:38 Image size of job updated: 631940
	205  -  MemoryUsage of job (MB)
	209672  -  ResidentSetSize of job (KB)
...
006 (2524871.073.000) 07/20 05:21:38 Image size of job updated: 807008
	287  -  MemoryUsage of job (MB)
	293228  -  ResidentSetSize of job (KB)
...
006 (2524871.073.000) 07/20 05:26:38 Image size of job updated: 807452
	287  -  MemoryUsage of job (MB)
	293800  -  ResidentSetSize of job (KB)
...
040 (2524871.073.000) 07/20 05:27:23 Started transferring output files
...
040 (2524871.073.000) 07/20 05:27:23 Finished transferring output files
...
005 (2524871.073.000) 07/20 05:27:23 Job terminated.
	(1) Normal termination (return value 0)
		Usr 0 00:09:49, Sys 0 00:00:02  -  Run Remote Usage
		Usr 0 00:00:00, Sys 0 00:00:00  -  Run Local Usage
		Usr 0 00:09:49, Sys 0 00:00:02  -  Total Remote Usage
		Usr 0 00:00:00, Sys 0 00:00:00  -  Total Local Usage
	52729  -  Run Bytes Sent By Job
	55262812  -  Run Bytes Received By Job
	52729  -  Total Bytes Sent By Job
	55262812  -  Total Bytes Received By Job
	Partitionable Resources :     Usage  Request Allocated 
	   Cpus                 :      0.05        3         3 
	   Disk (KB)            : 182242       75000   1265873 
	   Memory (MB)          :    287        6000      6000 

	Job terminated of its own accord at 2021-07-20T03:27:23Z.
...
