000 (2526743.021.000) 07/20 13:19:13 Job submitted from host: <188.185.70.244:9618?addrs=188.185.70.244-9618+[2001-1458-d00-7--100-2ee]-9618&alias=bigbird10.cern.ch&noUDP&sock=schedd_2037_ca81>
...
040 (2526743.021.000) 07/20 13:20:51 Started transferring input files
	Transferring to host: <128.142.79.91:9618?addrs=128.142.79.91-9618+[2001-1458-301-f4--100-5c2]-9618&alias=b7s12n3376.cern.ch&noUDP&sock=slot1_10_5790_5425_67042>
...
040 (2526743.021.000) 07/20 13:20:52 Finished transferring input files
...
001 (2526743.021.000) 07/20 13:20:52 Job executing on host: <128.142.79.91:9618?addrs=128.142.79.91-9618+[2001-1458-301-f4--100-5c2]-9618&alias=b7s12n3376.cern.ch&noUDP&sock=startd_4479_ccc8>
...
006 (2526743.021.000) 07/20 13:21:01 Image size of job updated: 113952
	85  -  MemoryUsage of job (MB)
	86408  -  ResidentSetSize of job (KB)
...
006 (2526743.021.000) 07/20 13:26:02 Image size of job updated: 626832
	201  -  MemoryUsage of job (MB)
	205340  -  ResidentSetSize of job (KB)
...
006 (2526743.021.000) 07/20 13:31:02 Image size of job updated: 816308
	292  -  MemoryUsage of job (MB)
	298720  -  ResidentSetSize of job (KB)
...
006 (2526743.021.000) 07/20 13:46:03 Image size of job updated: 816784
	293  -  MemoryUsage of job (MB)
	299304  -  ResidentSetSize of job (KB)
...
040 (2526743.021.000) 07/20 13:54:05 Started transferring output files
...
040 (2526743.021.000) 07/20 13:54:05 Finished transferring output files
...
005 (2526743.021.000) 07/20 13:54:06 Job terminated.
	(1) Normal termination (return value 0)
		Usr 0 00:24:31, Sys 0 00:00:03  -  Run Remote Usage
		Usr 0 00:00:00, Sys 0 00:00:00  -  Run Local Usage
		Usr 0 00:24:31, Sys 0 00:00:03  -  Total Remote Usage
		Usr 0 00:00:00, Sys 0 00:00:00  -  Total Local Usage
	48958  -  Run Bytes Sent By Job
	55262812  -  Run Bytes Received By Job
	48958  -  Total Bytes Sent By Job
	55262812  -  Total Bytes Received By Job
	Partitionable Resources :     Usage  Request Allocated 
	   Cpus                 :      1.00        3         3 
	   Disk (KB)            : 184031       75000    283135 
	   Memory (MB)          :    293        6000      6000 

	Job terminated of its own accord at 2021-07-20T11:54:05Z.
...
