000 (2521675.111.000) 07/19 04:18:40 Job submitted from host: <188.185.70.244:9618?addrs=188.185.70.244-9618+[2001-1458-d00-7--100-2ee]-9618&alias=bigbird10.cern.ch&noUDP&sock=schedd_2037_ca81>
...
040 (2521675.111.000) 07/19 04:24:32 Started transferring input files
	Transferring to host: <128.142.57.56:9618?addrs=128.142.57.56-9618+[2001-1458-301-7--100-37]-9618&alias=b7s02p6140.cern.ch&noUDP&sock=slot1_8_4189_4783_15095>
...
040 (2521675.111.000) 07/19 04:24:33 Finished transferring input files
...
001 (2521675.111.000) 07/19 04:24:33 Job executing on host: <128.142.57.56:9618?addrs=128.142.57.56-9618+[2001-1458-301-7--100-37]-9618&alias=b7s02p6140.cern.ch&noUDP&sock=startd_3736_29ea>
...
006 (2521675.111.000) 07/19 04:24:42 Image size of job updated: 636276
	209  -  MemoryUsage of job (MB)
	213780  -  ResidentSetSize of job (KB)
...
006 (2521675.111.000) 07/19 04:29:43 Image size of job updated: 636276
	209  -  MemoryUsage of job (MB)
	213796  -  ResidentSetSize of job (KB)
...
040 (2521675.111.000) 07/19 04:52:55 Started transferring output files
...
040 (2521675.111.000) 07/19 04:52:55 Finished transferring output files
...
005 (2521675.111.000) 07/19 04:52:55 Job terminated.
	(1) Normal termination (return value 0)
		Usr 0 00:01:45, Sys 0 00:00:02  -  Run Remote Usage
		Usr 0 00:00:00, Sys 0 00:00:00  -  Run Local Usage
		Usr 0 00:01:45, Sys 0 00:00:02  -  Total Remote Usage
		Usr 0 00:00:00, Sys 0 00:00:00  -  Total Local Usage
	51470  -  Run Bytes Sent By Job
	55262812  -  Run Bytes Received By Job
	51470  -  Total Bytes Sent By Job
	55262812  -  Total Bytes Received By Job
	Partitionable Resources :     Usage  Request Allocated 
	   Cpus                 :      0.02        3         3 
	   Disk (KB)            : 194547       75000   1336082 
	   Memory (MB)          :    209        6000      6000 

	Job terminated of its own accord at 2021-07-19T02:52:55Z.
...
