000 (2521668.192.000) 07/19 01:56:57 Job submitted from host: <188.185.70.244:9618?addrs=188.185.70.244-9618+[2001-1458-d00-7--100-2ee]-9618&alias=bigbird10.cern.ch&noUDP&sock=schedd_2037_ca81>
...
040 (2521668.192.000) 07/19 02:17:39 Started transferring input files
	Transferring to host: <128.142.56.168:9618?addrs=128.142.56.168-9618+[2001-1458-301-6--100-a7]-9618&alias=b7s01p8317.cern.ch&noUDP&sock=slot1_27_50674_2ac6_12583>
...
040 (2521668.192.000) 07/19 02:17:40 Finished transferring input files
...
001 (2521668.192.000) 07/19 02:17:40 Job executing on host: <128.142.56.168:9618?addrs=128.142.56.168-9618+[2001-1458-301-6--100-a7]-9618&alias=b7s01p8317.cern.ch&noUDP&sock=startd_50630_8c18>
...
006 (2521668.192.000) 07/19 02:17:49 Image size of job updated: 187756
	117  -  MemoryUsage of job (MB)
	118908  -  ResidentSetSize of job (KB)
...
006 (2521668.192.000) 07/19 02:22:50 Image size of job updated: 631412
	205  -  MemoryUsage of job (MB)
	209532  -  ResidentSetSize of job (KB)
...
006 (2521668.192.000) 07/19 02:29:54 Image size of job updated: 767076
	205  -  MemoryUsage of job (MB)
	209532  -  ResidentSetSize of job (KB)
...
040 (2521668.192.000) 07/19 02:29:54 Started transferring output files
...
040 (2521668.192.000) 07/19 02:29:54 Finished transferring output files
...
005 (2521668.192.000) 07/19 02:29:55 Job terminated.
	(1) Normal termination (return value 0)
		Usr 0 00:01:00, Sys 0 00:00:02  -  Run Remote Usage
		Usr 0 00:00:00, Sys 0 00:00:00  -  Run Local Usage
		Usr 0 00:01:00, Sys 0 00:00:02  -  Total Remote Usage
		Usr 0 00:00:00, Sys 0 00:00:00  -  Total Local Usage
	53549  -  Run Bytes Sent By Job
	55262812  -  Run Bytes Received By Job
	53549  -  Total Bytes Sent By Job
	55262812  -  Total Bytes Received By Job
	Partitionable Resources :     Usage  Request Allocated 
	   Cpus                 :      0.02        3         3 
	   Disk (KB)            : 182658       75000   1270162 
	   Memory (MB)          :    205        6000      6000 

	Job terminated of its own accord at 2021-07-19T00:29:54Z.
...
