000 (2536881.073.000) 07/22 03:18:13 Job submitted from host: <188.185.70.244:9618?addrs=188.185.70.244-9618+[2001-1458-d00-7--100-2ee]-9618&alias=bigbird10.cern.ch&noUDP&sock=schedd_2037_ca81>
...
040 (2536881.073.000) 07/22 03:25:09 Started transferring input files
	Transferring to host: <188.184.196.141:9618?addrs=188.184.196.141-9618+[2001-1458-301-102--100-96]-9618&alias=b7g24n0292.cern.ch&noUDP&sock=slot1_5_5005_39a5_72452>
...
040 (2536881.073.000) 07/22 03:25:10 Finished transferring input files
...
001 (2536881.073.000) 07/22 03:25:10 Job executing on host: <188.184.196.141:9618?addrs=188.184.196.141-9618+[2001-1458-301-102--100-96]-9618&alias=b7g24n0292.cern.ch&noUDP&sock=startd_3986_a497>
...
006 (2536881.073.000) 07/22 03:25:19 Image size of job updated: 288736
	4  -  MemoryUsage of job (MB)
	3696  -  ResidentSetSize of job (KB)
...
006 (2536881.073.000) 07/22 03:30:19 Image size of job updated: 631376
	205  -  MemoryUsage of job (MB)
	209624  -  ResidentSetSize of job (KB)
...
006 (2536881.073.000) 07/22 03:35:19 Image size of job updated: 816888
	297  -  MemoryUsage of job (MB)
	303556  -  ResidentSetSize of job (KB)
...
006 (2536881.073.000) 07/22 04:00:22 Image size of job updated: 817520
	298  -  MemoryUsage of job (MB)
	304176  -  ResidentSetSize of job (KB)
...
040 (2536881.073.000) 07/22 04:01:09 Started transferring output files
...
040 (2536881.073.000) 07/22 04:01:09 Finished transferring output files
...
005 (2536881.073.000) 07/22 04:01:09 Job terminated.
	(1) Normal termination (return value 0)
		Usr 0 00:26:39, Sys 0 00:00:03  -  Run Remote Usage
		Usr 0 00:00:00, Sys 0 00:00:00  -  Run Local Usage
		Usr 0 00:26:39, Sys 0 00:00:03  -  Total Remote Usage
		Usr 0 00:00:00, Sys 0 00:00:00  -  Total Local Usage
	43093  -  Run Bytes Sent By Job
	55262812  -  Run Bytes Received By Job
	43093  -  Total Bytes Sent By Job
	55262812  -  Total Bytes Received By Job
	Partitionable Resources :     Usage  Request Allocated 
	   Cpus                 :      1.00        3         3 
	   Disk (KB)            : 184143       75000    293181 
	   Memory (MB)          :    298        6000      6000 

	Job terminated of its own accord at 2021-07-22T02:01:09Z.
...
