000 (2524617.191.000) 07/20 01:52:27 Job submitted from host: <188.185.70.244:9618?addrs=188.185.70.244-9618+[2001-1458-d00-7--100-2ee]-9618&alias=bigbird10.cern.ch&noUDP&sock=schedd_2037_ca81>
...
040 (2524617.191.000) 07/20 02:01:17 Started transferring input files
	Transferring to host: <128.142.59.20:9618?addrs=128.142.59.20-9618+[2001-1458-301-21--100-13]-9618&alias=b7s04p9723.cern.ch&noUDP&sock=slot1_4_610_8cd2_12641>
...
040 (2524617.191.000) 07/20 02:01:18 Finished transferring input files
...
001 (2524617.191.000) 07/20 02:01:18 Job executing on host: <128.142.59.20:9618?addrs=128.142.59.20-9618+[2001-1458-301-21--100-13]-9618&alias=b7s04p9723.cern.ch&noUDP&sock=startd_65283_4956>
...
006 (2524617.191.000) 07/20 02:01:27 Image size of job updated: 288712
	165  -  MemoryUsage of job (MB)
	168432  -  ResidentSetSize of job (KB)
...
006 (2524617.191.000) 07/20 02:06:28 Image size of job updated: 626832
	201  -  MemoryUsage of job (MB)
	205204  -  ResidentSetSize of job (KB)
...
006 (2524617.191.000) 07/20 02:11:29 Image size of job updated: 791144
	268  -  MemoryUsage of job (MB)
	273816  -  ResidentSetSize of job (KB)
...
006 (2524617.191.000) 07/20 02:16:29 Image size of job updated: 791836
	269  -  MemoryUsage of job (MB)
	274496  -  ResidentSetSize of job (KB)
...
040 (2524617.191.000) 07/20 02:16:59 Started transferring output files
...
040 (2524617.191.000) 07/20 02:16:59 Finished transferring output files
...
005 (2524617.191.000) 07/20 02:16:59 Job terminated.
	(1) Normal termination (return value 0)
		Usr 0 00:09:51, Sys 0 00:00:02  -  Run Remote Usage
		Usr 0 00:00:00, Sys 0 00:00:00  -  Run Local Usage
		Usr 0 00:09:51, Sys 0 00:00:02  -  Total Remote Usage
		Usr 0 00:00:00, Sys 0 00:00:00  -  Total Local Usage
	49175  -  Run Bytes Sent By Job
	55262812  -  Run Bytes Received By Job
	49175  -  Total Bytes Sent By Job
	55262812  -  Total Bytes Received By Job
	Partitionable Resources :     Usage  Request Allocated 
	   Cpus                 :      1.00        3         3 
	   Disk (KB)            : 179507       75000   1343295 
	   Memory (MB)          :    269        6000      6000 

	Job terminated of its own accord at 2021-07-20T00:16:59Z.
...
