000 (2523366.043.000) 07/19 23:50:30 Job submitted from host: <188.185.70.244:9618?addrs=188.185.70.244-9618+[2001-1458-d00-7--100-2ee]-9618&alias=bigbird10.cern.ch&noUDP&sock=schedd_2037_ca81>
...
040 (2523366.043.000) 07/20 00:07:04 Started transferring input files
	Transferring to host: <128.142.57.29:9618?addrs=128.142.57.29-9618+[2001-1458-301-7--100-1c]-9618&alias=b7s02p6381.cern.ch&noUDP&sock=slot1_11_6714_5eca_16335>
...
040 (2523366.043.000) 07/20 00:07:05 Finished transferring input files
...
001 (2523366.043.000) 07/20 00:07:05 Job executing on host: <128.142.57.29:9618?addrs=128.142.57.29-9618+[2001-1458-301-7--100-1c]-9618&alias=b7s02p6381.cern.ch&noUDP&sock=startd_6248_2fd1>
...
006 (2523366.043.000) 07/20 00:07:14 Image size of job updated: 289264
	210  -  MemoryUsage of job (MB)
	214144  -  ResidentSetSize of job (KB)
...
006 (2523366.043.000) 07/20 00:12:15 Image size of job updated: 814632
	294  -  MemoryUsage of job (MB)
	300916  -  ResidentSetSize of job (KB)
...
006 (2523366.043.000) 07/20 00:22:15 Image size of job updated: 815136
	295  -  MemoryUsage of job (MB)
	301468  -  ResidentSetSize of job (KB)
...
040 (2523366.043.000) 07/20 00:22:29 Started transferring output files
...
040 (2523366.043.000) 07/20 00:22:29 Finished transferring output files
...
005 (2523366.043.000) 07/20 00:22:29 Job terminated.
	(1) Normal termination (return value 0)
		Usr 0 00:15:19, Sys 0 00:00:02  -  Run Remote Usage
		Usr 0 00:00:00, Sys 0 00:00:00  -  Run Local Usage
		Usr 0 00:15:19, Sys 0 00:00:02  -  Total Remote Usage
		Usr 0 00:00:00, Sys 0 00:00:00  -  Total Local Usage
	53011  -  Run Bytes Sent By Job
	55262812  -  Run Bytes Received By Job
	53011  -  Total Bytes Sent By Job
	55262812  -  Total Bytes Received By Job
	Partitionable Resources :     Usage  Request Allocated 
	   Cpus                 :      1.00        3         3 
	   Disk (KB)            : 182865       75000   1279244 
	   Memory (MB)          :    295        6000      6000 

	Job terminated of its own accord at 2021-07-19T22:22:29Z.
...
