000 (2521668.087.000) 07/19 01:56:57 Job submitted from host: <188.185.70.244:9618?addrs=188.185.70.244-9618+[2001-1458-d00-7--100-2ee]-9618&alias=bigbird10.cern.ch&noUDP&sock=schedd_2037_ca81>
...
040 (2521668.087.000) 07/19 02:05:40 Started transferring input files
	Transferring to host: <128.142.193.231:9618?addrs=128.142.193.231-9618+[2001-1458-301-cc--100-3c5]-9618&alias=b7g52n8320.cern.ch&noUDP&sock=slot1_2_5971_dc0c_69481>
...
040 (2521668.087.000) 07/19 02:05:41 Finished transferring input files
...
001 (2521668.087.000) 07/19 02:05:41 Job executing on host: <128.142.193.231:9618?addrs=128.142.193.231-9618+[2001-1458-301-cc--100-3c5]-9618&alias=b7g52n8320.cern.ch&noUDP&sock=startd_4733_05d6>
...
006 (2521668.087.000) 07/19 02:05:50 Image size of job updated: 514616
	137  -  MemoryUsage of job (MB)
	139796  -  ResidentSetSize of job (KB)
...
006 (2521668.087.000) 07/19 02:07:01 Image size of job updated: 762672
	137  -  MemoryUsage of job (MB)
	139832  -  ResidentSetSize of job (KB)
...
040 (2521668.087.000) 07/19 02:07:01 Started transferring output files
...
040 (2521668.087.000) 07/19 02:07:02 Finished transferring output files
...
005 (2521668.087.000) 07/19 02:07:02 Job terminated.
	(1) Normal termination (return value 0)
		Usr 0 00:01:09, Sys 0 00:00:02  -  Run Remote Usage
		Usr 0 00:00:00, Sys 0 00:00:00  -  Run Local Usage
		Usr 0 00:01:09, Sys 0 00:00:02  -  Total Remote Usage
		Usr 0 00:00:00, Sys 0 00:00:00  -  Total Local Usage
	48645  -  Run Bytes Sent By Job
	55262812  -  Run Bytes Received By Job
	48645  -  Total Bytes Sent By Job
	55262812  -  Total Bytes Received By Job
	Partitionable Resources :    Usage  Request Allocated 
	   Cpus                 :                 3         3 
	   Disk (KB)            :   179269    75000    270180 
	   Memory (MB)          :      137     6000      6000 

	Job terminated of its own accord at 2021-07-19T00:07:01Z.
...
