000 (2534572.189.000) 07/21 23:44:26 Job submitted from host: <188.185.70.244:9618?addrs=188.185.70.244-9618+[2001-1458-d00-7--100-2ee]-9618&alias=bigbird10.cern.ch&noUDP&sock=schedd_2037_ca81>
...
040 (2534572.189.000) 07/21 23:50:54 Started transferring input files
	Transferring to host: <128.142.58.141:9618?addrs=128.142.58.141-9618+[2001-1458-301-16--100-8c]-9618&alias=b7s03p6388.cern.ch&noUDP&sock=slot1_3_6781_93ed_14774>
...
040 (2534572.189.000) 07/21 23:50:55 Finished transferring input files
...
001 (2534572.189.000) 07/21 23:50:55 Job executing on host: <128.142.58.141:9618?addrs=128.142.58.141-9618+[2001-1458-301-16--100-8c]-9618&alias=b7s03p6388.cern.ch&noUDP&sock=startd_6326_b034>
...
006 (2534572.189.000) 07/21 23:51:04 Image size of job updated: 176268
	109  -  MemoryUsage of job (MB)
	111512  -  ResidentSetSize of job (KB)
...
006 (2534572.189.000) 07/21 23:56:05 Image size of job updated: 626832
	201  -  MemoryUsage of job (MB)
	205312  -  ResidentSetSize of job (KB)
...
006 (2534572.189.000) 07/22 00:01:05 Image size of job updated: 626832
	201  -  MemoryUsage of job (MB)
	205316  -  ResidentSetSize of job (KB)
...
006 (2534572.189.000) 07/22 00:11:06 Image size of job updated: 626832
	201  -  MemoryUsage of job (MB)
	205320  -  ResidentSetSize of job (KB)
...
006 (2534572.189.000) 07/22 00:46:10 Image size of job updated: 827320
	303  -  MemoryUsage of job (MB)
	309988  -  ResidentSetSize of job (KB)
...
006 (2534572.189.000) 07/22 00:51:10 Image size of job updated: 827912
	304  -  MemoryUsage of job (MB)
	310608  -  ResidentSetSize of job (KB)
...
040 (2534572.189.000) 07/22 00:54:28 Started transferring output files
...
040 (2534572.189.000) 07/22 00:54:28 Finished transferring output files
...
005 (2534572.189.000) 07/22 00:54:28 Job terminated.
	(1) Normal termination (return value 0)
		Usr 0 00:12:36, Sys 0 00:00:02  -  Run Remote Usage
		Usr 0 00:00:00, Sys 0 00:00:00  -  Run Local Usage
		Usr 0 00:12:36, Sys 0 00:00:02  -  Total Remote Usage
		Usr 0 00:00:00, Sys 0 00:00:00  -  Total Local Usage
	44165  -  Run Bytes Sent By Job
	55262812  -  Run Bytes Received By Job
	44165  -  Total Bytes Sent By Job
	55262812  -  Total Bytes Received By Job
	Partitionable Resources :     Usage  Request Allocated 
	   Cpus                 :      1.00        3         3 
	   Disk (KB)            : 186135       75000   1160739 
	   Memory (MB)          :    304        6000      6000 

	Job terminated of its own accord at 2021-07-21T22:54:28Z.
...
