000 (2552364.020.000) 07/26 17:27:33 Job submitted from host: <188.185.70.244:9618?addrs=188.185.70.244-9618+[2001-1458-d00-7--100-2ee]-9618&alias=bigbird10.cern.ch&noUDP&sock=schedd_2037_ca81>
...
040 (2552364.020.000) 07/26 17:31:16 Entered queue to transfer input files
	Transferring to host: <188.184.212.62:9618?addrs=188.184.212.62-9618+[2001-1458-301-10c--100-37]-9618&alias=b7g24n0133.cern.ch&noUDP&sock=slot1_1_4175_6a43_81535>
...
040 (2552364.020.000) 07/26 17:31:27 Started transferring input files
	Seconds spent in queue: 11
...
001 (2552364.020.000) 07/26 17:31:27 Job executing on host: <188.184.212.62:9618?addrs=188.184.212.62-9618+[2001-1458-301-10c--100-37]-9618&alias=b7g24n0133.cern.ch&noUDP&sock=startd_3543_c822>
...
006 (2552364.020.000) 07/26 17:31:43 Image size of job updated: 288736
	28  -  MemoryUsage of job (MB)
	28100  -  ResidentSetSize of job (KB)
...
040 (2552364.020.000) 07/26 17:31:43 Finished transferring input files
...
006 (2552364.020.000) 07/26 17:36:37 Image size of job updated: 626804
	201  -  MemoryUsage of job (MB)
	205316  -  ResidentSetSize of job (KB)
...
006 (2552364.020.000) 07/26 17:46:38 Image size of job updated: 821252
	297  -  MemoryUsage of job (MB)
	303868  -  ResidentSetSize of job (KB)
...
006 (2552364.020.000) 07/26 18:01:40 Image size of job updated: 821748
	298  -  MemoryUsage of job (MB)
	304484  -  ResidentSetSize of job (KB)
...
040 (2552364.020.000) 07/26 18:09:52 Started transferring output files
	Seconds spent in queue: 2316
...
040 (2552364.020.000) 07/26 18:09:52 Finished transferring output files
...
005 (2552364.020.000) 07/26 18:09:52 Job terminated.
	(1) Normal termination (return value 0)
		Usr 0 00:27:05, Sys 0 00:00:03  -  Run Remote Usage
		Usr 0 00:00:00, Sys 0 00:00:00  -  Run Local Usage
		Usr 0 00:27:05, Sys 0 00:00:03  -  Total Remote Usage
		Usr 0 00:00:00, Sys 0 00:00:00  -  Total Local Usage
	48343  -  Run Bytes Sent By Job
	55262876  -  Run Bytes Received By Job
	48343  -  Total Bytes Sent By Job
	55262876  -  Total Bytes Received By Job
	Partitionable Resources :     Usage  Request Allocated 
	   Cpus                 :      1.00        3         3 
	   Disk (KB)            : 184934       75000    294041 
	   Memory (MB)          :    298        6000      6000 

	Job terminated of its own accord at 2021-07-26T16:09:52Z.
...
