000 (2521876.032.000) 07/19 08:46:26 Job submitted from host: <188.185.70.244:9618?addrs=188.185.70.244-9618+[2001-1458-d00-7--100-2ee]-9618&alias=bigbird10.cern.ch&noUDP&sock=schedd_2037_ca81>
...
040 (2521876.032.000) 07/19 09:10:06 Started transferring input files
	Transferring to host: <128.142.58.102:9618?addrs=128.142.58.102-9618+[2001-1458-301-16--100-65]-9618&alias=b7s03p1966.cern.ch&noUDP&sock=slot1_46_7418_66e7_10214>
...
040 (2521876.032.000) 07/19 09:10:07 Finished transferring input files
...
001 (2521876.032.000) 07/19 09:10:07 Job executing on host: <128.142.58.102:9618?addrs=128.142.58.102-9618+[2001-1458-301-16--100-65]-9618&alias=b7s03p1966.cern.ch&noUDP&sock=startd_6970_6b32>
...
006 (2521876.032.000) 07/19 09:10:16 Image size of job updated: 247136
	170  -  MemoryUsage of job (MB)
	173156  -  ResidentSetSize of job (KB)
...
006 (2521876.032.000) 07/19 09:15:17 Image size of job updated: 636272
	209  -  MemoryUsage of job (MB)
	213788  -  ResidentSetSize of job (KB)
...
006 (2521876.032.000) 07/19 09:35:18 Image size of job updated: 910684
	388  -  MemoryUsage of job (MB)
	396820  -  ResidentSetSize of job (KB)
...
040 (2521876.032.000) 07/19 10:02:34 Started transferring output files
...
040 (2521876.032.000) 07/19 10:02:34 Finished transferring output files
...
005 (2521876.032.000) 07/19 10:02:34 Job terminated.
	(1) Normal termination (return value 0)
		Usr 0 00:31:59, Sys 0 00:00:05  -  Run Remote Usage
		Usr 0 00:00:00, Sys 0 00:00:00  -  Run Local Usage
		Usr 0 00:31:59, Sys 0 00:00:05  -  Total Remote Usage
		Usr 0 00:00:00, Sys 0 00:00:00  -  Total Local Usage
	50402  -  Run Bytes Sent By Job
	55262812  -  Run Bytes Received By Job
	50402  -  Total Bytes Sent By Job
	55262812  -  Total Bytes Received By Job
	Partitionable Resources :     Usage  Request Allocated 
	   Cpus                 :      1.00        3         3 
	   Disk (KB)            : 198144       75000   1313408 
	   Memory (MB)          :    388        6000      6000 

	Job terminated of its own accord at 2021-07-19T08:02:34Z.
...
