000 (2524871.019.000) 07/20 04:35:08 Job submitted from host: <188.185.70.244:9618?addrs=188.185.70.244-9618+[2001-1458-d00-7--100-2ee]-9618&alias=bigbird10.cern.ch&noUDP&sock=schedd_2037_ca81>
...
040 (2524871.019.000) 07/20 04:57:15 Started transferring input files
	Transferring to host: <128.142.74.86:9618?addrs=128.142.74.86-9618+[2001-1458-301-75--100-41d]-9618&alias=b7s11n6842.cern.ch&noUDP&sock=slot1_10_5671_7b80_31343>
...
040 (2524871.019.000) 07/20 04:57:16 Finished transferring input files
...
001 (2524871.019.000) 07/20 04:57:16 Job executing on host: <128.142.74.86:9618?addrs=128.142.74.86-9618+[2001-1458-301-75--100-41d]-9618&alias=b7s11n6842.cern.ch&noUDP&sock=startd_4293_382a>
...
006 (2524871.019.000) 07/20 04:57:25 Image size of job updated: 451580
	28  -  MemoryUsage of job (MB)
	28080  -  ResidentSetSize of job (KB)
...
006 (2524871.019.000) 07/20 05:02:27 Image size of job updated: 821380
	298  -  MemoryUsage of job (MB)
	304480  -  ResidentSetSize of job (KB)
...
006 (2524871.019.000) 07/20 05:27:28 Image size of job updated: 821880
	298  -  MemoryUsage of job (MB)
	305076  -  ResidentSetSize of job (KB)
...
040 (2524871.019.000) 07/20 05:30:16 Started transferring output files
...
040 (2524871.019.000) 07/20 05:30:16 Finished transferring output files
...
005 (2524871.019.000) 07/20 05:30:17 Job terminated.
	(1) Normal termination (return value 0)
		Usr 0 00:31:23, Sys 0 00:00:03  -  Run Remote Usage
		Usr 0 00:00:00, Sys 0 00:00:00  -  Run Local Usage
		Usr 0 00:31:23, Sys 0 00:00:03  -  Total Remote Usage
		Usr 0 00:00:00, Sys 0 00:00:00  -  Total Local Usage
	49199  -  Run Bytes Sent By Job
	55262812  -  Run Bytes Received By Job
	49199  -  Total Bytes Sent By Job
	55262812  -  Total Bytes Received By Job
	Partitionable Resources :     Usage  Request Allocated 
	   Cpus                 :      1.00        3         3 
	   Disk (KB)            : 184950       75000    288717 
	   Memory (MB)          :    298        6000      6000 

	Job terminated of its own accord at 2021-07-20T03:30:16Z.
...
