000 (2521867.047.000) 07/19 07:46:08 Job submitted from host: <188.185.70.244:9618?addrs=188.185.70.244-9618+[2001-1458-d00-7--100-2ee]-9618&alias=bigbird10.cern.ch&noUDP&sock=schedd_2037_ca81>
...
040 (2521867.047.000) 07/19 07:49:00 Started transferring input files
	Transferring to host: <128.142.56.60:9618?addrs=128.142.56.60-9618+[2001-1458-301-6--100-3b]-9618&alias=b7s01p3067.cern.ch&noUDP&sock=slot1_7_56577_5d56_16002>
...
040 (2521867.047.000) 07/19 07:49:01 Finished transferring input files
...
001 (2521867.047.000) 07/19 07:49:01 Job executing on host: <128.142.56.60:9618?addrs=128.142.56.60-9618+[2001-1458-301-6--100-3b]-9618&alias=b7s01p3067.cern.ch&noUDP&sock=startd_56534_333e>
...
006 (2521867.047.000) 07/19 07:49:09 Image size of job updated: 558424
	191  -  MemoryUsage of job (MB)
	194564  -  ResidentSetSize of job (KB)
...
006 (2521867.047.000) 07/19 07:54:09 Image size of job updated: 632452
	208  -  MemoryUsage of job (MB)
	212840  -  ResidentSetSize of job (KB)
...
006 (2521867.047.000) 07/19 07:59:10 Image size of job updated: 746852
	294  -  MemoryUsage of job (MB)
	300196  -  ResidentSetSize of job (KB)
...
006 (2521867.047.000) 07/19 08:07:26 Image size of job updated: 747352
	294  -  MemoryUsage of job (MB)
	300196  -  ResidentSetSize of job (KB)
...
040 (2521867.047.000) 07/19 08:07:26 Started transferring output files
...
040 (2521867.047.000) 07/19 08:07:26 Finished transferring output files
...
005 (2521867.047.000) 07/19 08:07:26 Job terminated.
	(1) Normal termination (return value 0)
		Usr 0 00:11:59, Sys 0 00:00:02  -  Run Remote Usage
		Usr 0 00:00:00, Sys 0 00:00:00  -  Run Local Usage
		Usr 0 00:11:59, Sys 0 00:00:02  -  Total Remote Usage
		Usr 0 00:00:00, Sys 0 00:00:00  -  Total Local Usage
	49296  -  Run Bytes Sent By Job
	55262812  -  Run Bytes Received By Job
	49296  -  Total Bytes Sent By Job
	55262812  -  Total Bytes Received By Job
	Partitionable Resources :     Usage  Request Allocated 
	   Cpus                 :      1.00        3         3 
	   Disk (KB)            : 183240       75000   1314714 
	   Memory (MB)          :    294        6000      6000 

	Job terminated of its own accord at 2021-07-19T06:07:26Z.
...
