000 (2521867.028.000) 07/19 07:46:08 Job submitted from host: <188.185.70.244:9618?addrs=188.185.70.244-9618+[2001-1458-d00-7--100-2ee]-9618&alias=bigbird10.cern.ch&noUDP&sock=schedd_2037_ca81>
...
040 (2521867.028.000) 07/19 07:48:53 Started transferring input files
	Transferring to host: <128.142.58.133:9618?addrs=128.142.58.133-9618+[2001-1458-301-16--100-84]-9618&alias=b7s03p4101.cern.ch&noUDP&sock=slot1_7_6687_58a9_12722>
...
040 (2521867.028.000) 07/19 07:48:54 Finished transferring input files
...
001 (2521867.028.000) 07/19 07:48:54 Job executing on host: <128.142.58.133:9618?addrs=128.142.58.133-9618+[2001-1458-301-16--100-84]-9618&alias=b7s03p4101.cern.ch&noUDP&sock=startd_6232_364d>
...
006 (2521867.028.000) 07/19 07:49:03 Image size of job updated: 280624
	201  -  MemoryUsage of job (MB)
	205280  -  ResidentSetSize of job (KB)
...
006 (2521867.028.000) 07/19 07:54:04 Image size of job updated: 832484
	308  -  MemoryUsage of job (MB)
	315096  -  ResidentSetSize of job (KB)
...
006 (2521867.028.000) 07/19 08:29:09 Image size of job updated: 832992
	309  -  MemoryUsage of job (MB)
	315700  -  ResidentSetSize of job (KB)
...
040 (2521867.028.000) 07/19 08:32:42 Started transferring output files
...
040 (2521867.028.000) 07/19 08:32:42 Finished transferring output files
...
005 (2521867.028.000) 07/19 08:32:42 Job terminated.
	(1) Normal termination (return value 0)
		Usr 0 00:41:38, Sys 0 00:00:03  -  Run Remote Usage
		Usr 0 00:00:00, Sys 0 00:00:00  -  Run Local Usage
		Usr 0 00:41:38, Sys 0 00:00:03  -  Total Remote Usage
		Usr 0 00:00:00, Sys 0 00:00:00  -  Total Local Usage
	48346  -  Run Bytes Sent By Job
	55262812  -  Run Bytes Received By Job
	48346  -  Total Bytes Sent By Job
	55262812  -  Total Bytes Received By Job
	Partitionable Resources :     Usage  Request Allocated 
	   Cpus                 :      1.00        3         3 
	   Disk (KB)            : 187038       75000   1312039 
	   Memory (MB)          :    309        6000      6000 

	Job terminated of its own accord at 2021-07-19T06:32:42Z.
...
