000 (2523366.144.000) 07/19 23:50:31 Job submitted from host: <188.185.70.244:9618?addrs=188.185.70.244-9618+[2001-1458-d00-7--100-2ee]-9618&alias=bigbird10.cern.ch&noUDP&sock=schedd_2037_ca81>
...
040 (2523366.144.000) 07/20 00:28:39 Started transferring input files
	Transferring to host: <128.142.56.26:9618?addrs=128.142.56.26-9618+[2001-1458-301-6--100-19]-9618&alias=b7s01p7139.cern.ch&noUDP&sock=slot1_8_51227_ce3c_13735>
...
040 (2523366.144.000) 07/20 00:28:40 Finished transferring input files
...
001 (2523366.144.000) 07/20 00:28:40 Job executing on host: <128.142.56.26:9618?addrs=128.142.56.26-9618+[2001-1458-301-6--100-19]-9618&alias=b7s01p7139.cern.ch&noUDP&sock=startd_51184_8b90>
...
006 (2523366.144.000) 07/20 00:28:49 Image size of job updated: 584340
	201  -  MemoryUsage of job (MB)
	205300  -  ResidentSetSize of job (KB)
...
006 (2523366.144.000) 07/20 00:33:50 Image size of job updated: 786872
	264  -  MemoryUsage of job (MB)
	269548  -  ResidentSetSize of job (KB)
...
040 (2523366.144.000) 07/20 00:35:05 Started transferring output files
...
040 (2523366.144.000) 07/20 00:35:06 Finished transferring output files
...
005 (2523366.144.000) 07/20 00:35:06 Job terminated.
	(1) Normal termination (return value 0)
		Usr 0 00:06:19, Sys 0 00:00:02  -  Run Remote Usage
		Usr 0 00:00:00, Sys 0 00:00:00  -  Run Local Usage
		Usr 0 00:06:19, Sys 0 00:00:02  -  Total Remote Usage
		Usr 0 00:00:00, Sys 0 00:00:00  -  Total Local Usage
	52221  -  Run Bytes Sent By Job
	55262812  -  Run Bytes Received By Job
	52221  -  Total Bytes Sent By Job
	55262812  -  Total Bytes Received By Job
	Partitionable Resources :     Usage  Request Allocated 
	   Cpus                 :      1.00        3         3 
	   Disk (KB)            : 178633       75000   1278002 
	   Memory (MB)          :    264        6000      6000 

	Job terminated of its own accord at 2021-07-19T22:35:05Z.
...
