000 (2534572.088.000) 07/21 23:44:26 Job submitted from host: <188.185.70.244:9618?addrs=188.185.70.244-9618+[2001-1458-d00-7--100-2ee]-9618&alias=bigbird10.cern.ch&noUDP&sock=schedd_2037_ca81>
...
040 (2534572.088.000) 07/21 23:49:58 Started transferring input files
	Transferring to host: <128.142.73.71:9618?addrs=128.142.73.71-9618+[2001-1458-301-75--100-19d]-9618&alias=b7s11n0366.cern.ch&noUDP&sock=slot1_2_5380_7254_63453>
...
040 (2534572.088.000) 07/21 23:49:59 Finished transferring input files
...
001 (2534572.088.000) 07/21 23:49:59 Job executing on host: <128.142.73.71:9618?addrs=128.142.73.71-9618+[2001-1458-301-75--100-19d]-9618&alias=b7s11n0366.cern.ch&noUDP&sock=startd_4260_958a>
...
006 (2534572.088.000) 07/21 23:50:08 Image size of job updated: 235084
	158  -  MemoryUsage of job (MB)
	160968  -  ResidentSetSize of job (KB)
...
006 (2534572.088.000) 07/21 23:55:09 Image size of job updated: 626908
	202  -  MemoryUsage of job (MB)
	205936  -  ResidentSetSize of job (KB)
...
006 (2534572.088.000) 07/22 00:45:15 Image size of job updated: 799196
	276  -  MemoryUsage of job (MB)
	282284  -  ResidentSetSize of job (KB)
...
006 (2534572.088.000) 07/22 00:50:16 Image size of job updated: 799692
	277  -  MemoryUsage of job (MB)
	282884  -  ResidentSetSize of job (KB)
...
040 (2534572.088.000) 07/22 00:52:38 Started transferring output files
...
040 (2534572.088.000) 07/22 00:52:38 Finished transferring output files
...
005 (2534572.088.000) 07/22 00:52:38 Job terminated.
	(1) Normal termination (return value 0)
		Usr 0 00:12:32, Sys 0 00:00:02  -  Run Remote Usage
		Usr 0 00:00:00, Sys 0 00:00:00  -  Run Local Usage
		Usr 0 00:12:32, Sys 0 00:00:02  -  Total Remote Usage
		Usr 0 00:00:00, Sys 0 00:00:00  -  Total Local Usage
	44619  -  Run Bytes Sent By Job
	55262812  -  Run Bytes Received By Job
	44619  -  Total Bytes Sent By Job
	55262812  -  Total Bytes Received By Job
	Partitionable Resources :     Usage  Request Allocated 
	   Cpus                 :      1.00        3         3 
	   Disk (KB)            : 181009       75000    290592 
	   Memory (MB)          :    277        6000      6000 

	Job terminated of its own accord at 2021-07-21T22:52:38Z.
...
