000 (2521668.002.000) 07/19 01:56:56 Job submitted from host: <188.185.70.244:9618?addrs=188.185.70.244-9618+[2001-1458-d00-7--100-2ee]-9618&alias=bigbird10.cern.ch&noUDP&sock=schedd_2037_ca81>
...
040 (2521668.002.000) 07/19 01:58:14 Started transferring input files
	Transferring to host: <188.184.169.244:9618?addrs=188.184.169.244-9618+[2001-1458-301-c0--100-374]-9618&alias=b7g52n5344.cern.ch&noUDP&sock=slot1_11_6306_e5ba_78473>
...
040 (2521668.002.000) 07/19 01:58:15 Finished transferring input files
...
001 (2521668.002.000) 07/19 01:58:15 Job executing on host: <188.184.169.244:9618?addrs=188.184.169.244-9618+[2001-1458-301-c0--100-374]-9618&alias=b7g52n5344.cern.ch&noUDP&sock=startd_5049_c5c3>
...
006 (2521668.002.000) 07/19 01:58:24 Image size of job updated: 90592
	44  -  MemoryUsage of job (MB)
	44676  -  ResidentSetSize of job (KB)
...
006 (2521668.002.000) 07/19 02:03:25 Image size of job updated: 630856
	205  -  MemoryUsage of job (MB)
	209100  -  ResidentSetSize of job (KB)
...
006 (2521668.002.000) 07/19 02:05:53 Image size of job updated: 766968
	205  -  MemoryUsage of job (MB)
	209100  -  ResidentSetSize of job (KB)
...
040 (2521668.002.000) 07/19 02:05:53 Started transferring output files
...
040 (2521668.002.000) 07/19 02:05:53 Finished transferring output files
...
005 (2521668.002.000) 07/19 02:05:54 Job terminated.
	(1) Normal termination (return value 0)
		Usr 0 00:01:14, Sys 0 00:00:03  -  Run Remote Usage
		Usr 0 00:00:00, Sys 0 00:00:00  -  Run Local Usage
		Usr 0 00:01:14, Sys 0 00:00:03  -  Total Remote Usage
		Usr 0 00:00:00, Sys 0 00:00:00  -  Total Local Usage
	53173  -  Run Bytes Sent By Job
	55262812  -  Run Bytes Received By Job
	53173  -  Total Bytes Sent By Job
	55262812  -  Total Bytes Received By Job
	Partitionable Resources :     Usage  Request Allocated 
	   Cpus                 :      0.31        3         3 
	   Disk (KB)            : 182673       75000    283880 
	   Memory (MB)          :    205        6000      6000 

	Job terminated of its own accord at 2021-07-19T00:05:53Z.
...
