000 (2521867.085.000) 07/19 07:46:08 Job submitted from host: <188.185.70.244:9618?addrs=188.185.70.244-9618+[2001-1458-d00-7--100-2ee]-9618&alias=bigbird10.cern.ch&noUDP&sock=schedd_2037_ca81>
...
040 (2521867.085.000) 07/19 07:49:12 Started transferring input files
	Transferring to host: <128.142.58.133:9618?addrs=128.142.58.133-9618+[2001-1458-301-16--100-84]-9618&alias=b7s03p4101.cern.ch&noUDP&sock=slot1_9_6687_58a9_12723>
...
040 (2521867.085.000) 07/19 07:49:13 Finished transferring input files
...
001 (2521867.085.000) 07/19 07:49:13 Job executing on host: <128.142.58.133:9618?addrs=128.142.58.133-9618+[2001-1458-301-16--100-84]-9618&alias=b7s03p4101.cern.ch&noUDP&sock=startd_6232_364d>
...
006 (2521867.085.000) 07/19 07:49:22 Image size of job updated: 269160
	190  -  MemoryUsage of job (MB)
	193872  -  ResidentSetSize of job (KB)
...
006 (2521867.085.000) 07/19 07:54:24 Image size of job updated: 825520
	301  -  MemoryUsage of job (MB)
	307840  -  ResidentSetSize of job (KB)
...
006 (2521867.085.000) 07/19 08:04:24 Image size of job updated: 825976
	302  -  MemoryUsage of job (MB)
	308444  -  ResidentSetSize of job (KB)
...
040 (2521867.085.000) 07/19 08:07:24 Started transferring output files
...
040 (2521867.085.000) 07/19 08:07:24 Finished transferring output files
...
005 (2521867.085.000) 07/19 08:07:24 Job terminated.
	(1) Normal termination (return value 0)
		Usr 0 00:16:20, Sys 0 00:00:01  -  Run Remote Usage
		Usr 0 00:00:00, Sys 0 00:00:00  -  Run Local Usage
		Usr 0 00:16:20, Sys 0 00:00:01  -  Total Remote Usage
		Usr 0 00:00:00, Sys 0 00:00:00  -  Total Local Usage
	50470  -  Run Bytes Sent By Job
	55262812  -  Run Bytes Received By Job
	50470  -  Total Bytes Sent By Job
	55262812  -  Total Bytes Received By Job
	Partitionable Resources :     Usage  Request Allocated 
	   Cpus                 :      1.00        3         3 
	   Disk (KB)            : 185770       75000   1311843 
	   Memory (MB)          :    302        6000      6000 

	Job terminated of its own accord at 2021-07-19T06:07:24Z.
...
