000 (2523366.012.000) 07/19 23:50:30 Job submitted from host: <188.185.70.244:9618?addrs=188.185.70.244-9618+[2001-1458-d00-7--100-2ee]-9618&alias=bigbird10.cern.ch&noUDP&sock=schedd_2037_ca81>
...
040 (2523366.012.000) 07/19 23:55:04 Started transferring input files
	Transferring to host: <128.142.78.45:9618?addrs=128.142.78.45-9618+[2001-1458-301-f4--100-b1]-9618&alias=b7s12n7822.cern.ch&noUDP&sock=slot1_12_5432_15d6_71571>
...
040 (2523366.012.000) 07/19 23:55:05 Finished transferring input files
...
001 (2523366.012.000) 07/19 23:55:05 Job executing on host: <128.142.78.45:9618?addrs=128.142.78.45-9618+[2001-1458-301-f4--100-b1]-9618&alias=b7s12n7822.cern.ch&noUDP&sock=startd_4313_f00f>
...
006 (2523366.012.000) 07/19 23:55:14 Image size of job updated: 18804
	6  -  MemoryUsage of job (MB)
	5832  -  ResidentSetSize of job (KB)
...
006 (2523366.012.000) 07/20 00:00:14 Image size of job updated: 631948
	205  -  MemoryUsage of job (MB)
	209660  -  ResidentSetSize of job (KB)
...
006 (2523366.012.000) 07/20 00:05:15 Image size of job updated: 804496
	284  -  MemoryUsage of job (MB)
	290632  -  ResidentSetSize of job (KB)
...
006 (2523366.012.000) 07/20 00:19:15 Image size of job updated: 804972
	284  -  MemoryUsage of job (MB)
	290632  -  ResidentSetSize of job (KB)
...
040 (2523366.012.000) 07/20 00:19:15 Started transferring output files
...
040 (2523366.012.000) 07/20 00:19:15 Finished transferring output files
...
005 (2523366.012.000) 07/20 00:19:16 Job terminated.
	(1) Normal termination (return value 0)
		Usr 0 00:17:05, Sys 0 00:00:03  -  Run Remote Usage
		Usr 0 00:00:00, Sys 0 00:00:00  -  Run Local Usage
		Usr 0 00:17:05, Sys 0 00:00:03  -  Total Remote Usage
		Usr 0 00:00:00, Sys 0 00:00:00  -  Total Local Usage
	51998  -  Run Bytes Sent By Job
	55262812  -  Run Bytes Received By Job
	51998  -  Total Bytes Sent By Job
	55262812  -  Total Bytes Received By Job
	Partitionable Resources :     Usage  Request Allocated 
	   Cpus                 :      1.00        3         3 
	   Disk (KB)            : 181781       75000    261141 
	   Memory (MB)          :    284        6000      6000 

	Job terminated of its own accord at 2021-07-19T22:19:15Z.
...
