000 (2521675.009.000) 07/19 04:18:38 Job submitted from host: <188.185.70.244:9618?addrs=188.185.70.244-9618+[2001-1458-d00-7--100-2ee]-9618&alias=bigbird10.cern.ch&noUDP&sock=schedd_2037_ca81>
...
040 (2521675.009.000) 07/19 04:24:08 Started transferring input files
	Transferring to host: <128.142.81.241:9618?addrs=128.142.81.241-9618&alias=b7s13n3083.cern.ch&noUDP&sock=slot1_5_5147_46ea_64941>
...
040 (2521675.009.000) 07/19 04:24:09 Finished transferring input files
...
001 (2521675.009.000) 07/19 04:24:09 Job executing on host: <128.142.81.241:9618?addrs=128.142.81.241-9618&alias=b7s13n3083.cern.ch&noUDP&sock=startd_4223_3489>
...
006 (2521675.009.000) 07/19 04:24:17 Image size of job updated: 11124
	5  -  MemoryUsage of job (MB)
	4272  -  ResidentSetSize of job (KB)
...
006 (2521675.009.000) 07/19 04:29:17 Image size of job updated: 630844
	205  -  MemoryUsage of job (MB)
	209048  -  ResidentSetSize of job (KB)
...
006 (2521675.009.000) 07/19 04:35:03 Image size of job updated: 733676
	205  -  MemoryUsage of job (MB)
	209048  -  ResidentSetSize of job (KB)
...
040 (2521675.009.000) 07/19 04:35:04 Started transferring output files
...
040 (2521675.009.000) 07/19 04:35:06 Finished transferring output files
...
005 (2521675.009.000) 07/19 04:35:07 Job terminated.
	(1) Normal termination (return value 0)
		Usr 0 00:01:16, Sys 0 00:00:03  -  Run Remote Usage
		Usr 0 00:00:00, Sys 0 00:00:00  -  Run Local Usage
		Usr 0 00:01:16, Sys 0 00:00:03  -  Total Remote Usage
		Usr 0 00:00:00, Sys 0 00:00:00  -  Total Local Usage
	53029  -  Run Bytes Sent By Job
	55262812  -  Run Bytes Received By Job
	53029  -  Total Bytes Sent By Job
	55262812  -  Total Bytes Received By Job
	Partitionable Resources :     Usage  Request Allocated 
	   Cpus                 :      0.63        3         3 
	   Disk (KB)            : 182242       75000    278001 
	   Memory (MB)          :    205        6000      6000 

	Job terminated of its own accord at 2021-07-19T02:35:03Z.
...
