000 (2557145.004.000) 07/28 14:19:39 Job submitted from host: <188.185.70.244:9618?addrs=188.185.70.244-9618+[2001-1458-d00-7--100-2ee]-9618&alias=bigbird10.cern.ch&noUDP&sock=schedd_2037_ca81>
...
040 (2557145.004.000) 07/28 14:46:51 Started transferring input files
	Transferring to host: <128.142.80.251:9618?addrs=128.142.80.251-9618+[2001-1458-301-f5--100-254]-9618&alias=b7s13n3349.cern.ch&noUDP&sock=slot1_12_25903_c1b6_126067>
...
040 (2557145.004.000) 07/28 14:46:51 Finished transferring input files
...
001 (2557145.004.000) 07/28 14:46:51 Job executing on host: <128.142.80.251:9618?addrs=128.142.80.251-9618+[2001-1458-301-f5--100-254]-9618&alias=b7s13n3349.cern.ch&noUDP&sock=startd_15886_0d9a>
...
006 (2557145.004.000) 07/28 14:47:00 Image size of job updated: 327680
	4  -  MemoryUsage of job (MB)
	3680  -  ResidentSetSize of job (KB)
...
006 (2557145.004.000) 07/28 14:52:00 Image size of job updated: 792700
	273  -  MemoryUsage of job (MB)
	278704  -  ResidentSetSize of job (KB)
...
006 (2557145.004.000) 07/28 15:01:36 Image size of job updated: 793532
	273  -  MemoryUsage of job (MB)
	278704  -  ResidentSetSize of job (KB)
...
040 (2557145.004.000) 07/28 15:01:36 Started transferring output files
...
040 (2557145.004.000) 07/28 15:01:36 Finished transferring output files
...
005 (2557145.004.000) 07/28 15:01:37 Job terminated.
	(1) Normal termination (return value 0)
		Usr 0 00:12:31, Sys 0 00:00:03  -  Run Remote Usage
		Usr 0 00:00:00, Sys 0 00:00:00  -  Run Local Usage
		Usr 0 00:12:31, Sys 0 00:00:03  -  Total Remote Usage
		Usr 0 00:00:00, Sys 0 00:00:00  -  Total Local Usage
	49001  -  Run Bytes Sent By Job
	55262880  -  Run Bytes Received By Job
	49001  -  Total Bytes Sent By Job
	55262880  -  Total Bytes Received By Job
	Partitionable Resources :     Usage  Request Allocated 
	   Cpus                 :      1.00        4         4 
	   Disk (KB)            : 183662       75000    280939 
	   Memory (MB)          :    273        8000      8000 

	Job terminated of its own accord at 2021-07-28T13:01:36Z.
...
