000 (2534572.056.000) 07/21 23:44:26 Job submitted from host: <188.185.70.244:9618?addrs=188.185.70.244-9618+[2001-1458-d00-7--100-2ee]-9618&alias=bigbird10.cern.ch&noUDP&sock=schedd_2037_ca81>
...
040 (2534572.056.000) 07/21 23:49:48 Started transferring input files
	Transferring to host: <128.142.59.57:9618?addrs=128.142.59.57-9618&alias=b7s04p4014.cern.ch&noUDP&sock=slot1_7_8587_1176_6831>
...
040 (2534572.056.000) 07/21 23:49:48 Finished transferring input files
...
001 (2534572.056.000) 07/21 23:49:48 Job executing on host: <128.142.59.57:9618?addrs=128.142.59.57-9618&alias=b7s04p4014.cern.ch&noUDP&sock=startd_6853_2a9d>
...
006 (2534572.056.000) 07/21 23:49:57 Image size of job updated: 463376
	179  -  MemoryUsage of job (MB)
	182956  -  ResidentSetSize of job (KB)
...
006 (2534572.056.000) 07/21 23:54:57 Image size of job updated: 630924
	205  -  MemoryUsage of job (MB)
	209140  -  ResidentSetSize of job (KB)
...
006 (2534572.056.000) 07/22 01:20:09 Image size of job updated: 914620
	388  -  MemoryUsage of job (MB)
	396868  -  ResidentSetSize of job (KB)
...
040 (2534572.056.000) 07/22 01:44:34 Started transferring output files
...
040 (2534572.056.000) 07/22 01:44:34 Finished transferring output files
...
005 (2534572.056.000) 07/22 01:44:34 Job terminated.
	(1) Normal termination (return value 0)
		Usr 0 00:31:00, Sys 0 00:00:04  -  Run Remote Usage
		Usr 0 00:00:00, Sys 0 00:00:00  -  Run Local Usage
		Usr 0 00:31:00, Sys 0 00:00:04  -  Total Remote Usage
		Usr 0 00:00:00, Sys 0 00:00:00  -  Total Local Usage
	45749  -  Run Bytes Sent By Job
	55262812  -  Run Bytes Received By Job
	45749  -  Total Bytes Sent By Job
	55262812  -  Total Bytes Received By Job
	Partitionable Resources :     Usage  Request Allocated 
	   Cpus                 :      1.00        3         3 
	   Disk (KB)            : 199127       75000   1219003 
	   Memory (MB)          :    388        6000      6000 

	Job terminated of its own accord at 2021-07-21T23:44:34Z.
...
