000 (2521867.204.000) 07/19 07:46:08 Job submitted from host: <188.185.70.244:9618?addrs=188.185.70.244-9618+[2001-1458-d00-7--100-2ee]-9618&alias=bigbird10.cern.ch&noUDP&sock=schedd_2037_ca81>
...
040 (2521867.204.000) 07/19 07:49:59 Started transferring input files
	Transferring to host: <128.142.59.93:9618?addrs=128.142.59.93-9618+[2001-1458-301-21--100-5c]-9618&alias=b7s04p6184.cern.ch&noUDP&sock=slot1_14_3789_7173_5993>
...
040 (2521867.204.000) 07/19 07:50:00 Finished transferring input files
...
001 (2521867.204.000) 07/19 07:50:00 Job executing on host: <128.142.59.93:9618?addrs=128.142.59.93-9618+[2001-1458-301-21--100-5c]-9618&alias=b7s04p6184.cern.ch&noUDP&sock=startd_2712_c8ef>
...
006 (2521867.204.000) 07/19 07:50:08 Image size of job updated: 591504
	191  -  MemoryUsage of job (MB)
	194808  -  ResidentSetSize of job (KB)
...
006 (2521867.204.000) 07/19 07:55:08 Image size of job updated: 631960
	205  -  MemoryUsage of job (MB)
	209648  -  ResidentSetSize of job (KB)
...
006 (2521867.204.000) 07/19 08:00:09 Image size of job updated: 817372
	297  -  MemoryUsage of job (MB)
	303540  -  ResidentSetSize of job (KB)
...
006 (2521867.204.000) 07/19 08:14:47 Image size of job updated: 817860
	297  -  MemoryUsage of job (MB)
	303540  -  ResidentSetSize of job (KB)
...
040 (2521867.204.000) 07/19 08:14:47 Started transferring output files
...
040 (2521867.204.000) 07/19 08:14:48 Finished transferring output files
...
005 (2521867.204.000) 07/19 08:14:48 Job terminated.
	(1) Normal termination (return value 0)
		Usr 0 00:17:43, Sys 0 00:00:02  -  Run Remote Usage
		Usr 0 00:00:00, Sys 0 00:00:00  -  Run Local Usage
		Usr 0 00:17:43, Sys 0 00:00:02  -  Total Remote Usage
		Usr 0 00:00:00, Sys 0 00:00:00  -  Total Local Usage
	48566  -  Run Bytes Sent By Job
	55262812  -  Run Bytes Received By Job
	48566  -  Total Bytes Sent By Job
	55262812  -  Total Bytes Received By Job
	Partitionable Resources :     Usage  Request Allocated 
	   Cpus                 :      1.00        3         3 
	   Disk (KB)            : 184180       75000   1227074 
	   Memory (MB)          :    297        6000      6000 

	Job terminated of its own accord at 2021-07-19T06:14:47Z.
...
