000 (2522101.133.000) 07/19 11:55:34 Job submitted from host: <188.185.70.244:9618?addrs=188.185.70.244-9618+[2001-1458-d00-7--100-2ee]-9618&alias=bigbird10.cern.ch&noUDP&sock=schedd_2037_ca81>
...
040 (2522101.133.000) 07/19 12:56:02 Started transferring input files
	Transferring to host: <128.142.57.141:9618?addrs=128.142.57.141-9618+[2001-1458-301-7--100-8c]-9618&alias=b7s02p8923.cern.ch&noUDP&sock=slot1_9_6351_9a9b_12964>
...
040 (2522101.133.000) 07/19 12:56:03 Finished transferring input files
...
001 (2522101.133.000) 07/19 12:56:03 Job executing on host: <128.142.57.141:9618?addrs=128.142.57.141-9618+[2001-1458-301-7--100-8c]-9618&alias=b7s02p8923.cern.ch&noUDP&sock=startd_6127_30db>
...
006 (2522101.133.000) 07/19 12:56:11 Image size of job updated: 288712
	177  -  MemoryUsage of job (MB)
	181172  -  ResidentSetSize of job (KB)
...
006 (2522101.133.000) 07/19 13:01:11 Image size of job updated: 631412
	205  -  MemoryUsage of job (MB)
	209632  -  ResidentSetSize of job (KB)
...
006 (2522101.133.000) 07/19 13:26:13 Image size of job updated: 631412
	205  -  MemoryUsage of job (MB)
	209636  -  ResidentSetSize of job (KB)
...
006 (2522101.133.000) 07/19 13:31:13 Image size of job updated: 817016
	297  -  MemoryUsage of job (MB)
	303732  -  ResidentSetSize of job (KB)
...
006 (2522101.133.000) 07/19 13:36:15 Image size of job updated: 817516
	298  -  MemoryUsage of job (MB)
	304280  -  ResidentSetSize of job (KB)
...
040 (2522101.133.000) 07/19 13:51:11 Started transferring output files
...
040 (2522101.133.000) 07/19 13:51:12 Finished transferring output files
...
005 (2522101.133.000) 07/19 13:51:12 Job terminated.
	(1) Normal termination (return value 0)
		Usr 0 00:25:24, Sys 0 00:00:03  -  Run Remote Usage
		Usr 0 00:00:00, Sys 0 00:00:00  -  Run Local Usage
		Usr 0 00:25:24, Sys 0 00:00:03  -  Total Remote Usage
		Usr 0 00:00:00, Sys 0 00:00:00  -  Total Local Usage
	49075  -  Run Bytes Sent By Job
	55262812  -  Run Bytes Received By Job
	49075  -  Total Bytes Sent By Job
	55262812  -  Total Bytes Received By Job
	Partitionable Resources :     Usage  Request Allocated 
	   Cpus                 :      1.00        3         3 
	   Disk (KB)            : 184119       75000   1273955 
	   Memory (MB)          :    298        6000      6000 

	Job terminated of its own accord at 2021-07-19T11:51:11Z.
...
