000 (2524871.181.000) 07/20 04:35:08 Job submitted from host: <188.185.70.244:9618?addrs=188.185.70.244-9618+[2001-1458-d00-7--100-2ee]-9618&alias=bigbird10.cern.ch&noUDP&sock=schedd_2037_ca81>
...
040 (2524871.181.000) 07/20 05:25:52 Started transferring input files
	Transferring to host: <128.142.240.144:9618?addrs=128.142.240.144-9618+[2001-1458-301-9--100-de]-9618&alias=b7g41n4948.cern.ch&noUDP&sock=slot1_4_420_ad8a_119610>
...
040 (2524871.181.000) 07/20 05:25:53 Finished transferring input files
...
001 (2524871.181.000) 07/20 05:25:53 Job executing on host: <128.142.240.144:9618?addrs=128.142.240.144-9618+[2001-1458-301-9--100-de]-9618&alias=b7g41n4948.cern.ch&noUDP&sock=startd_6587_b66c>
...
006 (2524871.181.000) 07/20 05:26:02 Image size of job updated: 423352
	45  -  MemoryUsage of job (MB)
	45512  -  ResidentSetSize of job (KB)
...
006 (2524871.181.000) 07/20 05:31:03 Image size of job updated: 626824
	201  -  MemoryUsage of job (MB)
	205224  -  ResidentSetSize of job (KB)
...
006 (2524871.181.000) 07/20 05:36:03 Image size of job updated: 813824
	290  -  MemoryUsage of job (MB)
	296372  -  ResidentSetSize of job (KB)
...
006 (2524871.181.000) 07/20 06:26:08 Image size of job updated: 813824
	291  -  MemoryUsage of job (MB)
	297044  -  ResidentSetSize of job (KB)
...
006 (2524871.181.000) 07/20 06:30:15 Image size of job updated: 814396
	291  -  MemoryUsage of job (MB)
	297044  -  ResidentSetSize of job (KB)
...
040 (2524871.181.000) 07/20 06:30:15 Started transferring output files
...
040 (2524871.181.000) 07/20 06:30:16 Finished transferring output files
...
005 (2524871.181.000) 07/20 06:30:17 Job terminated.
	(1) Normal termination (return value 0)
		Usr 0 00:55:47, Sys 0 00:00:07  -  Run Remote Usage
		Usr 0 00:00:00, Sys 0 00:00:00  -  Run Local Usage
		Usr 0 00:55:47, Sys 0 00:00:07  -  Total Remote Usage
		Usr 0 00:00:00, Sys 0 00:00:00  -  Total Local Usage
	48918  -  Run Bytes Sent By Job
	55262812  -  Run Bytes Received By Job
	48918  -  Total Bytes Sent By Job
	55262812  -  Total Bytes Received By Job
	Partitionable Resources :     Usage  Request Allocated 
	   Cpus                 :      1.00        3         3 
	   Disk (KB)            : 183584       75000    351615 
	   Memory (MB)          :    291        6000      6000 

	Job terminated of its own accord at 2021-07-20T04:30:15Z.
...
