000 (2521842.079.000) 07/19 05:55:55 Job submitted from host: <188.185.70.244:9618?addrs=188.185.70.244-9618+[2001-1458-d00-7--100-2ee]-9618&alias=bigbird10.cern.ch&noUDP&sock=schedd_2037_ca81>
...
040 (2521842.079.000) 07/19 06:01:18 Started transferring input files
	Transferring to host: <128.142.56.100:9618?addrs=128.142.56.100-9618+[2001-1458-301-6--100-63]-9618&alias=b7s01p9274.cern.ch&noUDP&sock=slot1_9_47116_3bf5_12374>
...
040 (2521842.079.000) 07/19 06:01:19 Finished transferring input files
...
001 (2521842.079.000) 07/19 06:01:19 Job executing on host: <128.142.56.100:9618?addrs=128.142.56.100-9618+[2001-1458-301-6--100-63]-9618&alias=b7s01p9274.cern.ch&noUDP&sock=startd_44009_178a>
...
006 (2521842.079.000) 07/19 06:01:28 Image size of job updated: 497096
	177  -  MemoryUsage of job (MB)
	181164  -  ResidentSetSize of job (KB)
...
006 (2521842.079.000) 07/19 06:06:29 Image size of job updated: 811652
	291  -  MemoryUsage of job (MB)
	297888  -  ResidentSetSize of job (KB)
...
006 (2521842.079.000) 07/19 06:19:31 Image size of job updated: 812124
	291  -  MemoryUsage of job (MB)
	297888  -  ResidentSetSize of job (KB)
...
040 (2521842.079.000) 07/19 06:19:31 Started transferring output files
...
040 (2521842.079.000) 07/19 06:19:31 Finished transferring output files
...
005 (2521842.079.000) 07/19 06:19:31 Job terminated.
	(1) Normal termination (return value 0)
		Usr 0 00:15:43, Sys 0 00:00:02  -  Run Remote Usage
		Usr 0 00:00:00, Sys 0 00:00:00  -  Run Local Usage
		Usr 0 00:15:43, Sys 0 00:00:02  -  Total Remote Usage
		Usr 0 00:00:00, Sys 0 00:00:00  -  Total Local Usage
	49278  -  Run Bytes Sent By Job
	55262812  -  Run Bytes Received By Job
	49278  -  Total Bytes Sent By Job
	55262812  -  Total Bytes Received By Job
	Partitionable Resources :     Usage  Request Allocated 
	   Cpus                 :      1.00        3         3 
	   Disk (KB)            : 183141       75000   1344225 
	   Memory (MB)          :    291        6000      6000 

	Job terminated of its own accord at 2021-07-19T04:19:31Z.
...
