000 (2534572.077.000) 07/21 23:44:26 Job submitted from host: <188.185.70.244:9618?addrs=188.185.70.244-9618+[2001-1458-d00-7--100-2ee]-9618&alias=bigbird10.cern.ch&noUDP&sock=schedd_2037_ca81>
...
040 (2534572.077.000) 07/21 23:49:54 Started transferring input files
	Transferring to host: <128.142.59.34:9618?addrs=128.142.59.34-9618+[2001-1458-301-21--100-21]-9618&alias=b7s04p1611.cern.ch&noUDP&sock=slot1_4_6741_64eb_12797>
...
040 (2534572.077.000) 07/21 23:49:55 Finished transferring input files
...
001 (2534572.077.000) 07/21 23:49:55 Job executing on host: <128.142.59.34:9618?addrs=128.142.59.34-9618+[2001-1458-301-21--100-21]-9618&alias=b7s04p1611.cern.ch&noUDP&sock=startd_6291_ae63>
...
006 (2534572.077.000) 07/21 23:50:04 Image size of job updated: 455500
	191  -  MemoryUsage of job (MB)
	194832  -  ResidentSetSize of job (KB)
...
006 (2534572.077.000) 07/21 23:55:05 Image size of job updated: 632512
	206  -  MemoryUsage of job (MB)
	210228  -  ResidentSetSize of job (KB)
...
006 (2534572.077.000) 07/22 00:50:08 Image size of job updated: 819828
	299  -  MemoryUsage of job (MB)
	305984  -  ResidentSetSize of job (KB)
...
006 (2534572.077.000) 07/22 01:00:09 Image size of job updated: 820372
	300  -  MemoryUsage of job (MB)
	306644  -  ResidentSetSize of job (KB)
...
040 (2534572.077.000) 07/22 01:02:00 Started transferring output files
...
040 (2534572.077.000) 07/22 01:02:00 Finished transferring output files
...
005 (2534572.077.000) 07/22 01:02:01 Job terminated.
	(1) Normal termination (return value 0)
		Usr 0 00:16:16, Sys 0 00:00:03  -  Run Remote Usage
		Usr 0 00:00:00, Sys 0 00:00:00  -  Run Local Usage
		Usr 0 00:16:16, Sys 0 00:00:03  -  Total Remote Usage
		Usr 0 00:00:00, Sys 0 00:00:00  -  Total Local Usage
	43826  -  Run Bytes Sent By Job
	55262812  -  Run Bytes Received By Job
	43826  -  Total Bytes Sent By Job
	55262812  -  Total Bytes Received By Job
	Partitionable Resources :     Usage  Request Allocated 
	   Cpus                 :      1.00        3         3 
	   Disk (KB)            : 184645       75000   1251070 
	   Memory (MB)          :    300        6000      6000 

	Job terminated of its own accord at 2021-07-21T23:02:00Z.
...
