000 (2521876.092.000) 07/19 08:46:26 Job submitted from host: <188.185.70.244:9618?addrs=188.185.70.244-9618+[2001-1458-d00-7--100-2ee]-9618&alias=bigbird10.cern.ch&noUDP&sock=schedd_2037_ca81>
...
040 (2521876.092.000) 07/19 10:04:52 Started transferring input files
	Transferring to host: <188.184.169.35:9618?addrs=188.184.169.35-9618+[2001-1458-301-c0--100-38c]-9618&alias=b7g52n7072.cern.ch&noUDP&sock=slot1_10_6154_ccb3_68087>
...
040 (2521876.092.000) 07/19 10:04:53 Finished transferring input files
...
001 (2521876.092.000) 07/19 10:04:53 Job executing on host: <188.184.169.35:9618?addrs=188.184.169.35-9618+[2001-1458-301-c0--100-38c]-9618&alias=b7g52n7072.cern.ch&noUDP&sock=startd_4951_8d7b>
...
006 (2521876.092.000) 07/19 10:05:02 Image size of job updated: 576704
	180  -  MemoryUsage of job (MB)
	183548  -  ResidentSetSize of job (KB)
...
006 (2521876.092.000) 07/19 10:10:04 Image size of job updated: 829324
	305  -  MemoryUsage of job (MB)
	311916  -  ResidentSetSize of job (KB)
...
006 (2521876.092.000) 07/19 10:20:04 Image size of job updated: 829840
	306  -  MemoryUsage of job (MB)
	312572  -  ResidentSetSize of job (KB)
...
040 (2521876.092.000) 07/19 10:23:23 Started transferring output files
...
040 (2521876.092.000) 07/19 10:23:23 Finished transferring output files
...
005 (2521876.092.000) 07/19 10:23:24 Job terminated.
	(1) Normal termination (return value 0)
		Usr 0 00:18:26, Sys 0 00:00:02  -  Run Remote Usage
		Usr 0 00:00:00, Sys 0 00:00:00  -  Run Local Usage
		Usr 0 00:18:26, Sys 0 00:00:02  -  Total Remote Usage
		Usr 0 00:00:00, Sys 0 00:00:00  -  Total Local Usage
	51214  -  Run Bytes Sent By Job
	55262812  -  Run Bytes Received By Job
	51214  -  Total Bytes Sent By Job
	55262812  -  Total Bytes Received By Job
	Partitionable Resources :     Usage  Request Allocated 
	   Cpus                 :      1.00        3         3 
	   Disk (KB)            : 186455       75000    234062 
	   Memory (MB)          :    306        6000      6000 

	Job terminated of its own accord at 2021-07-19T08:23:23Z.
...
