000 (2521668.062.000) 07/19 01:56:56 Job submitted from host: <188.185.70.244:9618?addrs=188.185.70.244-9618+[2001-1458-d00-7--100-2ee]-9618&alias=bigbird10.cern.ch&noUDP&sock=schedd_2037_ca81>
...
040 (2521668.062.000) 07/19 02:01:50 Started transferring input files
	Transferring to host: <128.142.58.155:9618?addrs=128.142.58.155-9618+[2001-1458-301-16--100-9a]-9618&alias=b7s03p4304.cern.ch&noUDP&sock=slot1_29_6930_8fd3_12432>
...
040 (2521668.062.000) 07/19 02:01:51 Finished transferring input files
...
001 (2521668.062.000) 07/19 02:01:51 Job executing on host: <128.142.58.155:9618?addrs=128.142.58.155-9618+[2001-1458-301-16--100-9a]-9618&alias=b7s03p4304.cern.ch&noUDP&sock=startd_6469_c63f>
...
006 (2521668.062.000) 07/19 02:01:59 Image size of job updated: 248256
	171  -  MemoryUsage of job (MB)
	174316  -  ResidentSetSize of job (KB)
...
006 (2521668.062.000) 07/19 02:06:59 Image size of job updated: 630924
	205  -  MemoryUsage of job (MB)
	209156  -  ResidentSetSize of job (KB)
...
006 (2521668.062.000) 07/19 03:48:56 Image size of job updated: 820428
	205  -  MemoryUsage of job (MB)
	209156  -  ResidentSetSize of job (KB)
...
040 (2521668.062.000) 07/19 03:48:56 Started transferring output files
...
040 (2521668.062.000) 07/19 03:48:56 Finished transferring output files
...
005 (2521668.062.000) 07/19 03:48:56 Job terminated.
	(1) Normal termination (return value 0)
		Usr 0 00:02:18, Sys 0 00:00:03  -  Run Remote Usage
		Usr 0 00:00:00, Sys 0 00:00:00  -  Run Local Usage
		Usr 0 00:02:18, Sys 0 00:00:03  -  Total Remote Usage
		Usr 0 00:00:00, Sys 0 00:00:00  -  Total Local Usage
	49105  -  Run Bytes Sent By Job
	55262812  -  Run Bytes Received By Job
	49105  -  Total Bytes Sent By Job
	55262812  -  Total Bytes Received By Job
	Partitionable Resources :     Usage  Request Allocated 
	   Cpus                 :      0.03        3         3 
	   Disk (KB)            : 202222       75000   1322128 
	   Memory (MB)          :    205        6000      6000 

	Job terminated of its own accord at 2021-07-19T01:48:56Z.
...
