000 (2524617.113.000) 07/20 01:52:27 Job submitted from host: <188.185.70.244:9618?addrs=188.185.70.244-9618+[2001-1458-d00-7--100-2ee]-9618&alias=bigbird10.cern.ch&noUDP&sock=schedd_2037_ca81>
...
040 (2524617.113.000) 07/20 02:01:03 Started transferring input files
	Transferring to host: <188.184.198.17:9618?addrs=188.184.198.17-9618+[2001-1458-301-c1--100-359]-9618&alias=b7g52n1350.cern.ch&noUDP&sock=slot1_1_5816_a5e6_120072>
...
040 (2524617.113.000) 07/20 02:01:04 Finished transferring input files
...
001 (2524617.113.000) 07/20 02:01:04 Job executing on host: <188.184.198.17:9618?addrs=188.184.198.17-9618+[2001-1458-301-c1--100-359]-9618&alias=b7g52n1350.cern.ch&noUDP&sock=startd_18372_3e0b>
...
006 (2524617.113.000) 07/20 02:01:13 Image size of job updated: 27544
	10  -  MemoryUsage of job (MB)
	9252  -  ResidentSetSize of job (KB)
...
006 (2524617.113.000) 07/20 02:06:14 Image size of job updated: 626892
	203  -  MemoryUsage of job (MB)
	207288  -  ResidentSetSize of job (KB)
...
006 (2524617.113.000) 07/20 02:11:15 Image size of job updated: 731556
	279  -  MemoryUsage of job (MB)
	284828  -  ResidentSetSize of job (KB)
...
006 (2524617.113.000) 07/20 02:21:16 Image size of job updated: 732048
	279  -  MemoryUsage of job (MB)
	285332  -  ResidentSetSize of job (KB)
...
006 (2524617.113.000) 07/20 02:25:38 Image size of job updated: 732312
	279  -  MemoryUsage of job (MB)
	285332  -  ResidentSetSize of job (KB)
...
040 (2524617.113.000) 07/20 02:25:39 Started transferring output files
...
040 (2524617.113.000) 07/20 02:25:39 Finished transferring output files
...
005 (2524617.113.000) 07/20 02:25:39 Job terminated.
	(1) Normal termination (return value 0)
		Usr 0 00:16:09, Sys 0 00:00:03  -  Run Remote Usage
		Usr 0 00:00:00, Sys 0 00:00:00  -  Run Local Usage
		Usr 0 00:16:09, Sys 0 00:00:03  -  Total Remote Usage
		Usr 0 00:00:00, Sys 0 00:00:00  -  Total Local Usage
	55412  -  Run Bytes Sent By Job
	55262812  -  Run Bytes Received By Job
	55412  -  Total Bytes Sent By Job
	55262812  -  Total Bytes Received By Job
	Partitionable Resources :     Usage  Request Allocated 
	   Cpus                 :      1.00        3         3 
	   Disk (KB)            : 181280       75000    263019 
	   Memory (MB)          :    279        6000      6000 

	Job terminated of its own accord at 2021-07-20T00:25:38Z.
...
