000 (2534572.210.000) 07/21 23:44:26 Job submitted from host: <188.185.70.244:9618?addrs=188.185.70.244-9618+[2001-1458-d00-7--100-2ee]-9618&alias=bigbird10.cern.ch&noUDP&sock=schedd_2037_ca81>
...
040 (2534572.210.000) 07/21 23:51:01 Started transferring input files
	Transferring to host: <128.142.57.29:9618?addrs=128.142.57.29-9618+[2001-1458-301-7--100-1c]-9618&alias=b7s02p6381.cern.ch&noUDP&sock=slot1_1_6714_5eca_18964>
...
040 (2534572.210.000) 07/21 23:51:02 Finished transferring input files
...
001 (2534572.210.000) 07/21 23:51:02 Job executing on host: <128.142.57.29:9618?addrs=128.142.57.29-9618+[2001-1458-301-7--100-1c]-9618&alias=b7s02p6381.cern.ch&noUDP&sock=startd_6248_2fd1>
...
006 (2534572.210.000) 07/21 23:51:11 Image size of job updated: 269144
	190  -  MemoryUsage of job (MB)
	193828  -  ResidentSetSize of job (KB)
...
006 (2534572.210.000) 07/21 23:56:12 Image size of job updated: 626828
	201  -  MemoryUsage of job (MB)
	205248  -  ResidentSetSize of job (KB)
...
006 (2534572.210.000) 07/22 00:41:16 Image size of job updated: 828052
	304  -  MemoryUsage of job (MB)
	310672  -  ResidentSetSize of job (KB)
...
006 (2534572.210.000) 07/22 00:55:37 Image size of job updated: 828656
	304  -  MemoryUsage of job (MB)
	310672  -  ResidentSetSize of job (KB)
...
040 (2534572.210.000) 07/22 00:55:37 Started transferring output files
...
040 (2534572.210.000) 07/22 00:55:37 Finished transferring output files
...
005 (2534572.210.000) 07/22 00:55:37 Job terminated.
	(1) Normal termination (return value 0)
		Usr 0 00:19:35, Sys 0 00:00:02  -  Run Remote Usage
		Usr 0 00:00:00, Sys 0 00:00:00  -  Run Local Usage
		Usr 0 00:19:35, Sys 0 00:00:02  -  Total Remote Usage
		Usr 0 00:00:00, Sys 0 00:00:00  -  Total Local Usage
	43933  -  Run Bytes Sent By Job
	55262812  -  Run Bytes Received By Job
	43933  -  Total Bytes Sent By Job
	55262812  -  Total Bytes Received By Job
	Partitionable Resources :     Usage  Request Allocated 
	   Cpus                 :      1.00        3         3 
	   Disk (KB)            : 186284       75000   1258090 
	   Memory (MB)          :    304        6000      6000 

	Job terminated of its own accord at 2021-07-21T22:55:37Z.
...
