000 (2557076.026.000) 07/28 10:47:43 Job submitted from host: <188.185.70.244:9618?addrs=188.185.70.244-9618+[2001-1458-d00-7--100-2ee]-9618&alias=bigbird10.cern.ch&noUDP&sock=schedd_2037_ca81>
...
040 (2557076.026.000) 07/28 12:15:01 Started transferring input files
	Transferring to host: <128.142.57.94:9618?addrs=128.142.57.94-9618+[2001-1458-301-7--100-5d]-9618&alias=b7s02p3547.cern.ch&noUDP&sock=slot1_6_6633_4c67_21647>
...
040 (2557076.026.000) 07/28 12:15:02 Finished transferring input files
...
001 (2557076.026.000) 07/28 12:15:02 Job executing on host: <128.142.57.94:9618?addrs=128.142.57.94-9618+[2001-1458-301-7--100-5d]-9618&alias=b7s02p3547.cern.ch&noUDP&sock=startd_6174_6dcf>
...
006 (2557076.026.000) 07/28 12:15:11 Image size of job updated: 243324
	166  -  MemoryUsage of job (MB)
	169200  -  ResidentSetSize of job (KB)
...
006 (2557076.026.000) 07/28 12:20:12 Image size of job updated: 789908
	267  -  MemoryUsage of job (MB)
	272624  -  ResidentSetSize of job (KB)
...
006 (2557076.026.000) 07/28 12:24:11 Image size of job updated: 790508
	267  -  MemoryUsage of job (MB)
	272624  -  ResidentSetSize of job (KB)
...
040 (2557076.026.000) 07/28 12:24:11 Started transferring output files
...
040 (2557076.026.000) 07/28 12:24:11 Finished transferring output files
...
005 (2557076.026.000) 07/28 12:24:11 Job terminated.
	(1) Normal termination (return value 0)
		Usr 0 00:08:24, Sys 0 00:00:02  -  Run Remote Usage
		Usr 0 00:00:00, Sys 0 00:00:00  -  Run Local Usage
		Usr 0 00:08:24, Sys 0 00:00:02  -  Total Remote Usage
		Usr 0 00:00:00, Sys 0 00:00:00  -  Total Local Usage
	48646  -  Run Bytes Sent By Job
	55262880  -  Run Bytes Received By Job
	48646  -  Total Bytes Sent By Job
	55262880  -  Total Bytes Received By Job
	Partitionable Resources :     Usage  Request Allocated 
	   Cpus                 :      1.00        5         5 
	   Disk (KB)            : 183545       75000   1260004 
	   Memory (MB)          :    267       10000     10000 

	Job terminated of its own accord at 2021-07-28T10:24:11Z.
...
