000 (2521842.077.000) 07/19 05:55:55 Job submitted from host: <188.185.70.244:9618?addrs=188.185.70.244-9618+[2001-1458-d00-7--100-2ee]-9618&alias=bigbird10.cern.ch&noUDP&sock=schedd_2037_ca81>
...
040 (2521842.077.000) 07/19 06:01:17 Started transferring input files
	Transferring to host: <128.142.58.146:9618?addrs=128.142.58.146-9618+[2001-1458-301-16--100-91]-9618&alias=b7s03p1590.cern.ch&noUDP&sock=slot1_12_6830_1a4f_9861>
...
040 (2521842.077.000) 07/19 06:01:18 Finished transferring input files
...
001 (2521842.077.000) 07/19 06:01:18 Job executing on host: <128.142.58.146:9618?addrs=128.142.58.146-9618+[2001-1458-301-16--100-91]-9618&alias=b7s03p1590.cern.ch&noUDP&sock=startd_6370_de5f>
...
006 (2521842.077.000) 07/19 06:01:27 Image size of job updated: 425004
	135  -  MemoryUsage of job (MB)
	137256  -  ResidentSetSize of job (KB)
...
006 (2521842.077.000) 07/19 06:06:27 Image size of job updated: 631392
	205  -  MemoryUsage of job (MB)
	209596  -  ResidentSetSize of job (KB)
...
006 (2521842.077.000) 07/19 06:31:29 Image size of job updated: 811276
	291  -  MemoryUsage of job (MB)
	297828  -  ResidentSetSize of job (KB)
...
006 (2521842.077.000) 07/19 06:41:29 Image size of job updated: 811880
	292  -  MemoryUsage of job (MB)
	298504  -  ResidentSetSize of job (KB)
...
040 (2521842.077.000) 07/19 06:44:41 Started transferring output files
...
040 (2521842.077.000) 07/19 06:44:41 Finished transferring output files
...
005 (2521842.077.000) 07/19 06:44:41 Job terminated.
	(1) Normal termination (return value 0)
		Usr 0 00:16:54, Sys 0 00:00:02  -  Run Remote Usage
		Usr 0 00:00:00, Sys 0 00:00:00  -  Run Local Usage
		Usr 0 00:16:54, Sys 0 00:00:02  -  Total Remote Usage
		Usr 0 00:00:00, Sys 0 00:00:00  -  Total Local Usage
	46531  -  Run Bytes Sent By Job
	55262812  -  Run Bytes Received By Job
	46531  -  Total Bytes Sent By Job
	55262812  -  Total Bytes Received By Job
	Partitionable Resources :     Usage  Request Allocated 
	   Cpus                 :      1.00        3         3 
	   Disk (KB)            : 183074       75000   1263011 
	   Memory (MB)          :    292        6000      6000 

	Job terminated of its own accord at 2021-07-19T04:44:40Z.
...
