000 (2524871.084.000) 07/20 04:35:08 Job submitted from host: <188.185.70.244:9618?addrs=188.185.70.244-9618+[2001-1458-d00-7--100-2ee]-9618&alias=bigbird10.cern.ch&noUDP&sock=schedd_2037_ca81>
...
040 (2524871.084.000) 07/20 05:11:27 Started transferring input files
	Transferring to host: <128.142.57.114:9618?addrs=128.142.57.114-9618+[2001-1458-301-7--100-71]-9618&alias=b7s02p1424.cern.ch&noUDP&sock=slot1_21_6375_839c_13180>
...
040 (2524871.084.000) 07/20 05:11:28 Finished transferring input files
...
001 (2524871.084.000) 07/20 05:11:28 Job executing on host: <128.142.57.114:9618?addrs=128.142.57.114-9618+[2001-1458-301-7--100-71]-9618&alias=b7s02p1424.cern.ch&noUDP&sock=startd_6140_1b97>
...
006 (2524871.084.000) 07/20 05:11:37 Image size of job updated: 557940
	202  -  MemoryUsage of job (MB)
	205864  -  ResidentSetSize of job (KB)
...
006 (2524871.084.000) 07/20 05:16:38 Image size of job updated: 627368
	202  -  MemoryUsage of job (MB)
	205864  -  ResidentSetSize of job (KB)
...
006 (2524871.084.000) 07/20 05:21:38 Image size of job updated: 821364
	297  -  MemoryUsage of job (MB)
	303928  -  ResidentSetSize of job (KB)
...
006 (2524871.084.000) 07/20 05:36:39 Image size of job updated: 821824
	298  -  MemoryUsage of job (MB)
	304480  -  ResidentSetSize of job (KB)
...
040 (2524871.084.000) 07/20 05:38:05 Started transferring output files
...
040 (2524871.084.000) 07/20 05:38:05 Finished transferring output files
...
005 (2524871.084.000) 07/20 05:38:05 Job terminated.
	(1) Normal termination (return value 0)
		Usr 0 00:19:22, Sys 0 00:00:02  -  Run Remote Usage
		Usr 0 00:00:00, Sys 0 00:00:00  -  Run Local Usage
		Usr 0 00:19:22, Sys 0 00:00:02  -  Total Remote Usage
		Usr 0 00:00:00, Sys 0 00:00:00  -  Total Local Usage
	49237  -  Run Bytes Sent By Job
	55262812  -  Run Bytes Received By Job
	49237  -  Total Bytes Sent By Job
	55262812  -  Total Bytes Received By Job
	Partitionable Resources :     Usage  Request Allocated 
	   Cpus                 :      1.00        3         3 
	   Disk (KB)            : 184944       75000   1189974 
	   Memory (MB)          :    298        6000      6000 

	Job terminated of its own accord at 2021-07-20T03:38:05Z.
...
