000 (2526743.057.000) 07/20 13:19:14 Job submitted from host: <188.185.70.244:9618?addrs=188.185.70.244-9618+[2001-1458-d00-7--100-2ee]-9618&alias=bigbird10.cern.ch&noUDP&sock=schedd_2037_ca81>
...
040 (2526743.057.000) 07/20 13:21:25 Started transferring input files
	Transferring to host: <188.184.139.164:9618?addrs=188.184.139.164-9618+[2001-1458-301-45--100-1c8]-9618&alias=b7g42n0721.cern.ch&noUDP&sock=slot1_3_4823_fd5d_143212>
...
040 (2526743.057.000) 07/20 13:21:26 Finished transferring input files
...
001 (2526743.057.000) 07/20 13:21:26 Job executing on host: <188.184.139.164:9618?addrs=188.184.139.164-9618+[2001-1458-301-45--100-1c8]-9618&alias=b7g42n0721.cern.ch&noUDP&sock=startd_5721_b568>
...
006 (2526743.057.000) 07/20 13:21:34 Image size of job updated: 13648
	5  -  MemoryUsage of job (MB)
	4360  -  ResidentSetSize of job (KB)
...
006 (2526743.057.000) 07/20 13:26:34 Image size of job updated: 630304
	204  -  MemoryUsage of job (MB)
	208672  -  ResidentSetSize of job (KB)
...
006 (2526743.057.000) 07/20 14:51:41 Image size of job updated: 950000
	423  -  MemoryUsage of job (MB)
	432536  -  ResidentSetSize of job (KB)
...
040 (2526743.057.000) 07/20 16:36:58 Started transferring output files
...
040 (2526743.057.000) 07/20 16:36:58 Finished transferring output files
...
005 (2526743.057.000) 07/20 16:36:59 Job terminated.
	(1) Normal termination (return value 0)
		Usr 0 01:50:20, Sys 0 00:00:07  -  Run Remote Usage
		Usr 0 00:00:00, Sys 0 00:00:00  -  Run Local Usage
		Usr 0 01:50:20, Sys 0 00:00:07  -  Total Remote Usage
		Usr 0 00:00:00, Sys 0 00:00:00  -  Total Local Usage
	48670  -  Run Bytes Sent By Job
	55262812  -  Run Bytes Received By Job
	48670  -  Total Bytes Sent By Job
	55262812  -  Total Bytes Received By Job
	Partitionable Resources :     Usage  Request Allocated 
	   Cpus                 :      1.00        3         3 
	   Disk (KB)            : 202337       75000    314038 
	   Memory (MB)          :    423        6000      6000 

	Job terminated of its own accord at 2021-07-20T14:36:58Z.
...
