000 (2536881.056.000) 07/22 03:18:13 Job submitted from host: <188.185.70.244:9618?addrs=188.185.70.244-9618+[2001-1458-d00-7--100-2ee]-9618&alias=bigbird10.cern.ch&noUDP&sock=schedd_2037_ca81>
...
040 (2536881.056.000) 07/22 03:25:06 Started transferring input files
	Transferring to host: <188.184.210.143:9618?addrs=188.184.210.143-9618+[2001-1458-301-10b--100-4b7]-9618&alias=b7g23n9165.cern.ch&noUDP&sock=slot1_7_4530_8b71_76772>
...
001 (2536881.056.000) 07/22 03:25:07 Job executing on host: <188.184.210.143:9618?addrs=188.184.210.143-9618+[2001-1458-301-10b--100-4b7]-9618&alias=b7g23n9165.cern.ch&noUDP&sock=startd_3779_a87c>
...
040 (2536881.056.000) 07/22 03:25:07 Finished transferring input files
...
006 (2536881.056.000) 07/22 03:25:16 Image size of job updated: 174508
	9  -  MemoryUsage of job (MB)
	9180  -  ResidentSetSize of job (KB)
...
006 (2536881.056.000) 07/22 03:30:17 Image size of job updated: 630532
	204  -  MemoryUsage of job (MB)
	208820  -  ResidentSetSize of job (KB)
...
006 (2536881.056.000) 07/22 05:35:31 Image size of job updated: 867896
	342  -  MemoryUsage of job (MB)
	349680  -  ResidentSetSize of job (KB)
...
040 (2536881.056.000) 07/22 05:57:41 Started transferring output files
...
040 (2536881.056.000) 07/22 05:57:41 Finished transferring output files
...
005 (2536881.056.000) 07/22 05:57:41 Job terminated.
	(1) Normal termination (return value 0)
		Usr 0 00:28:48, Sys 0 00:00:05  -  Run Remote Usage
		Usr 0 00:00:00, Sys 0 00:00:00  -  Run Local Usage
		Usr 0 00:28:48, Sys 0 00:00:05  -  Total Remote Usage
		Usr 0 00:00:00, Sys 0 00:00:00  -  Total Local Usage
	45943  -  Run Bytes Sent By Job
	55262812  -  Run Bytes Received By Job
	45943  -  Total Bytes Sent By Job
	55262812  -  Total Bytes Received By Job
	Partitionable Resources :     Usage  Request Allocated 
	   Cpus                 :      1.00        3         3 
	   Disk (KB)            : 190535       75000    346000 
	   Memory (MB)          :    342        6000      6000 

	Job terminated of its own accord at 2021-07-22T03:57:41Z.
...
