000 (2521842.213.000) 07/19 05:55:56 Job submitted from host: <188.185.70.244:9618?addrs=188.185.70.244-9618+[2001-1458-d00-7--100-2ee]-9618&alias=bigbird10.cern.ch&noUDP&sock=schedd_2037_ca81>
...
040 (2521842.213.000) 07/19 06:04:03 Started transferring input files
	Transferring to host: <188.184.138.173:9618?addrs=188.184.138.173-9618+[2001-1458-301-45--100-b4]-9618&alias=b7g42n0343.cern.ch&noUDP&sock=slot1_4_16544_7e9a_118835>
...
040 (2521842.213.000) 07/19 06:04:04 Finished transferring input files
...
001 (2521842.213.000) 07/19 06:04:04 Job executing on host: <188.184.138.173:9618?addrs=188.184.138.173-9618+[2001-1458-301-45--100-b4]-9618&alias=b7g42n0343.cern.ch&noUDP&sock=startd_5642_856d>
...
006 (2521842.213.000) 07/19 06:04:13 Image size of job updated: 143292
	28  -  MemoryUsage of job (MB)
	28096  -  ResidentSetSize of job (KB)
...
006 (2521842.213.000) 07/19 06:09:14 Image size of job updated: 626828
	201  -  MemoryUsage of job (MB)
	205324  -  ResidentSetSize of job (KB)
...
006 (2521842.213.000) 07/19 06:34:15 Image size of job updated: 818912
	295  -  MemoryUsage of job (MB)
	301508  -  ResidentSetSize of job (KB)
...
006 (2521842.213.000) 07/19 06:49:17 Image size of job updated: 819424
	296  -  MemoryUsage of job (MB)
	302116  -  ResidentSetSize of job (KB)
...
040 (2521842.213.000) 07/19 06:53:38 Started transferring output files
...
040 (2521842.213.000) 07/19 06:53:38 Finished transferring output files
...
005 (2521842.213.000) 07/19 06:53:38 Job terminated.
	(1) Normal termination (return value 0)
		Usr 0 00:24:26, Sys 0 00:00:03  -  Run Remote Usage
		Usr 0 00:00:00, Sys 0 00:00:00  -  Run Local Usage
		Usr 0 00:24:26, Sys 0 00:00:03  -  Total Remote Usage
		Usr 0 00:00:00, Sys 0 00:00:00  -  Total Local Usage
	50056  -  Run Bytes Sent By Job
	55262812  -  Run Bytes Received By Job
	50056  -  Total Bytes Sent By Job
	55262812  -  Total Bytes Received By Job
	Partitionable Resources :     Usage  Request Allocated 
	   Cpus                 :      1.00        3         3 
	   Disk (KB)            : 184576       75000    294811 
	   Memory (MB)          :    296        6000      6000 

	Job terminated of its own accord at 2021-07-19T04:53:38Z.
...
