000 (2524617.147.000) 07/20 01:52:27 Job submitted from host: <188.185.70.244:9618?addrs=188.185.70.244-9618+[2001-1458-d00-7--100-2ee]-9618&alias=bigbird10.cern.ch&noUDP&sock=schedd_2037_ca81>
...
040 (2524617.147.000) 07/20 02:01:18 Started transferring input files
	Transferring to host: <188.184.168.130:9618?addrs=188.184.168.130-9618+[2001-1458-301-c0--100-3d8]-9618&alias=b7g52n5923.cern.ch&noUDP&sock=slot1_6_19943_65c4_121313>
...
040 (2524617.147.000) 07/20 02:01:19 Finished transferring input files
...
001 (2524617.147.000) 07/20 02:01:20 Job executing on host: <188.184.168.130:9618?addrs=188.184.168.130-9618+[2001-1458-301-c0--100-3d8]-9618&alias=b7g52n5923.cern.ch&noUDP&sock=startd_17649_5312>
...
006 (2524617.147.000) 07/20 02:01:28 Image size of job updated: 174504
	35  -  MemoryUsage of job (MB)
	35104  -  ResidentSetSize of job (KB)
...
006 (2524617.147.000) 07/20 02:06:28 Image size of job updated: 626836
	201  -  MemoryUsage of job (MB)
	205232  -  ResidentSetSize of job (KB)
...
006 (2524617.147.000) 07/20 02:26:30 Image size of job updated: 824296
	300  -  MemoryUsage of job (MB)
	306936  -  ResidentSetSize of job (KB)
...
006 (2524617.147.000) 07/20 02:46:32 Image size of job updated: 824888
	301  -  MemoryUsage of job (MB)
	307616  -  ResidentSetSize of job (KB)
...
040 (2524617.147.000) 07/20 02:53:12 Started transferring output files
...
040 (2524617.147.000) 07/20 02:53:12 Finished transferring output files
...
005 (2524617.147.000) 07/20 02:53:12 Job terminated.
	(1) Normal termination (return value 0)
		Usr 0 00:31:20, Sys 0 00:00:03  -  Run Remote Usage
		Usr 0 00:00:00, Sys 0 00:00:00  -  Run Local Usage
		Usr 0 00:31:20, Sys 0 00:00:03  -  Total Remote Usage
		Usr 0 00:00:00, Sys 0 00:00:00  -  Total Local Usage
	49434  -  Run Bytes Sent By Job
	55262812  -  Run Bytes Received By Job
	49434  -  Total Bytes Sent By Job
	55262812  -  Total Bytes Received By Job
	Partitionable Resources :     Usage  Request Allocated 
	   Cpus                 :      1.00        3         3 
	   Disk (KB)            : 185479       75000    284375 
	   Memory (MB)          :    301        6000      6000 

	Job terminated of its own accord at 2021-07-20T00:53:12Z.
...
