000 (2524871.172.000) 07/20 04:35:08 Job submitted from host: <188.185.70.244:9618?addrs=188.185.70.244-9618+[2001-1458-d00-7--100-2ee]-9618&alias=bigbird10.cern.ch&noUDP&sock=schedd_2037_ca81>
...
040 (2524871.172.000) 07/20 05:25:50 Started transferring input files
	Transferring to host: <188.184.138.182:9618?addrs=188.184.138.182-9618+[2001-1458-301-45--100-98]-9618&alias=b7g42n0331.cern.ch&noUDP&sock=slot1_9_15372_b6ea_124687>
...
001 (2524871.172.000) 07/20 05:25:52 Job executing on host: <188.184.138.182:9618?addrs=188.184.138.182-9618+[2001-1458-301-45--100-98]-9618&alias=b7g42n0331.cern.ch&noUDP&sock=startd_5697_3f22>
...
040 (2524871.172.000) 07/20 05:25:52 Finished transferring input files
...
006 (2524871.172.000) 07/20 05:26:00 Image size of job updated: 25716
	10  -  MemoryUsage of job (MB)
	9716  -  ResidentSetSize of job (KB)
...
006 (2524871.172.000) 07/20 05:31:00 Image size of job updated: 631372
	205  -  MemoryUsage of job (MB)
	209620  -  ResidentSetSize of job (KB)
...
006 (2524871.172.000) 07/20 05:36:00 Image size of job updated: 806980
	287  -  MemoryUsage of job (MB)
	293720  -  ResidentSetSize of job (KB)
...
006 (2524871.172.000) 07/20 06:21:04 Image size of job updated: 807448
	288  -  MemoryUsage of job (MB)
	294204  -  ResidentSetSize of job (KB)
...
040 (2524871.172.000) 07/20 06:21:59 Started transferring output files
...
040 (2524871.172.000) 07/20 06:21:59 Finished transferring output files
...
005 (2524871.172.000) 07/20 06:22:00 Job terminated.
	(1) Normal termination (return value 0)
		Usr 0 00:46:53, Sys 0 00:00:05  -  Run Remote Usage
		Usr 0 00:00:00, Sys 0 00:00:00  -  Run Local Usage
		Usr 0 00:46:53, Sys 0 00:00:05  -  Total Remote Usage
		Usr 0 00:00:00, Sys 0 00:00:00  -  Total Local Usage
	52470  -  Run Bytes Sent By Job
	55262812  -  Run Bytes Received By Job
	52470  -  Total Bytes Sent By Job
	55262812  -  Total Bytes Received By Job
	Partitionable Resources :     Usage  Request Allocated 
	   Cpus                 :      1.00        3         3 
	   Disk (KB)            : 182239       75000    257296 
	   Memory (MB)          :    288        6000      6000 

	Job terminated of its own accord at 2021-07-20T04:21:59Z.
...
