000 (2522101.198.000) 07/19 11:55:34 Job submitted from host: <188.185.70.244:9618?addrs=188.185.70.244-9618+[2001-1458-d00-7--100-2ee]-9618&alias=bigbird10.cern.ch&noUDP&sock=schedd_2037_ca81>
...
040 (2522101.198.000) 07/19 13:12:13 Started transferring input files
	Transferring to host: <128.142.161.79:9618?addrs=128.142.161.79-9618+[2001-1458-301-b8--100-d]-9618&alias=b7g03p4048.cern.ch&noUDP&sock=slot1_2_98691_7cc6_83680>
...
040 (2522101.198.000) 07/19 13:12:14 Finished transferring input files
...
001 (2522101.198.000) 07/19 13:12:14 Job executing on host: <128.142.161.79:9618?addrs=128.142.161.79-9618+[2001-1458-301-b8--100-d]-9618&alias=b7g03p4048.cern.ch&noUDP&sock=startd_70541_d64d>
...
006 (2522101.198.000) 07/19 13:12:22 Image size of job updated: 209460
	136  -  MemoryUsage of job (MB)
	138336  -  ResidentSetSize of job (KB)
...
006 (2522101.198.000) 07/19 13:17:22 Image size of job updated: 631964
	205  -  MemoryUsage of job (MB)
	209700  -  ResidentSetSize of job (KB)
...
006 (2522101.198.000) 07/19 13:22:23 Image size of job updated: 817116
	297  -  MemoryUsage of job (MB)
	303344  -  ResidentSetSize of job (KB)
...
006 (2522101.198.000) 07/19 13:32:23 Image size of job updated: 817560
	297  -  MemoryUsage of job (MB)
	303916  -  ResidentSetSize of job (KB)
...
040 (2522101.198.000) 07/19 13:34:29 Started transferring output files
...
040 (2522101.198.000) 07/19 13:34:29 Finished transferring output files
...
005 (2522101.198.000) 07/19 13:34:29 Job terminated.
	(1) Normal termination (return value 0)
		Usr 0 00:15:34, Sys 0 00:00:03  -  Run Remote Usage
		Usr 0 00:00:00, Sys 0 00:00:00  -  Run Local Usage
		Usr 0 00:15:34, Sys 0 00:00:03  -  Total Remote Usage
		Usr 0 00:00:00, Sys 0 00:00:00  -  Total Local Usage
	49587  -  Run Bytes Sent By Job
	55262812  -  Run Bytes Received By Job
	49587  -  Total Bytes Sent By Job
	55262812  -  Total Bytes Received By Job
	Partitionable Resources :     Usage  Request Allocated 
	   Cpus                 :      1.00        3         3 
	   Disk (KB)            : 184131       75000   1371561 
	   Memory (MB)          :    297        6000      6000 

	Job terminated of its own accord at 2021-07-19T11:34:28Z.
...
