000 (2523366.178.000) 07/19 23:50:31 Job submitted from host: <188.185.70.244:9618?addrs=188.185.70.244-9618+[2001-1458-d00-7--100-2ee]-9618&alias=bigbird10.cern.ch&noUDP&sock=schedd_2037_ca81>
...
040 (2523366.178.000) 07/20 00:30:39 Started transferring input files
	Transferring to host: <128.142.57.60:9618?addrs=128.142.57.60-9618+[2001-1458-301-7--100-3b]-9618&alias=b7s02p6020.cern.ch&noUDP&sock=slot1_12_6647_29a7_16298>
...
040 (2523366.178.000) 07/20 00:30:40 Finished transferring input files
...
001 (2523366.178.000) 07/20 00:30:40 Job executing on host: <128.142.57.60:9618?addrs=128.142.57.60-9618+[2001-1458-301-7--100-3b]-9618&alias=b7s02p6020.cern.ch&noUDP&sock=startd_6182_ea91>
...
006 (2523366.178.000) 07/20 00:30:49 Image size of job updated: 593988
	190  -  MemoryUsage of job (MB)
	193912  -  ResidentSetSize of job (KB)
...
006 (2523366.178.000) 07/20 00:35:50 Image size of job updated: 810980
	287  -  MemoryUsage of job (MB)
	293544  -  ResidentSetSize of job (KB)
...
006 (2523366.178.000) 07/20 00:40:51 Image size of job updated: 811444
	288  -  MemoryUsage of job (MB)
	294144  -  ResidentSetSize of job (KB)
...
040 (2523366.178.000) 07/20 00:43:53 Started transferring output files
...
040 (2523366.178.000) 07/20 00:43:53 Finished transferring output files
...
005 (2523366.178.000) 07/20 00:43:53 Job terminated.
	(1) Normal termination (return value 0)
		Usr 0 00:11:42, Sys 0 00:00:02  -  Run Remote Usage
		Usr 0 00:00:00, Sys 0 00:00:00  -  Run Local Usage
		Usr 0 00:11:42, Sys 0 00:00:02  -  Total Remote Usage
		Usr 0 00:00:00, Sys 0 00:00:00  -  Total Local Usage
	49019  -  Run Bytes Sent By Job
	55262812  -  Run Bytes Received By Job
	49019  -  Total Bytes Sent By Job
	55262812  -  Total Bytes Received By Job
	Partitionable Resources :     Usage  Request Allocated 
	   Cpus                 :      0.03        3         3 
	   Disk (KB)            : 183067       75000   1292034 
	   Memory (MB)          :    288        6000      6000 

	Job terminated of its own accord at 2021-07-19T22:43:53Z.
...
