000 (2557146.010.000) 07/28 14:20:13 Job submitted from host: <188.185.70.244:9618?addrs=188.185.70.244-9618+[2001-1458-d00-7--100-2ee]-9618&alias=bigbird10.cern.ch&noUDP&sock=schedd_2037_ca81>
...
040 (2557146.010.000) 07/28 15:29:41 Started transferring input files
	Transferring to host: <128.142.87.38:9618?addrs=128.142.87.38-9618+[2001-1458-301-f6--100-3cf]-9618&alias=b7s14n2607.cern.ch&noUDP&sock=slot1_1_5388_1554_73311>
...
040 (2557146.010.000) 07/28 15:29:42 Finished transferring input files
...
001 (2557146.010.000) 07/28 15:29:42 Job executing on host: <128.142.87.38:9618?addrs=128.142.87.38-9618+[2001-1458-301-f6--100-3cf]-9618&alias=b7s14n2607.cern.ch&noUDP&sock=startd_4350_5110>
...
006 (2557146.010.000) 07/28 15:29:51 Image size of job updated: 173228
	107  -  MemoryUsage of job (MB)
	109116  -  ResidentSetSize of job (KB)
...
006 (2557146.010.000) 07/28 15:34:52 Image size of job updated: 799052
	279  -  MemoryUsage of job (MB)
	285052  -  ResidentSetSize of job (KB)
...
006 (2557146.010.000) 07/28 15:44:52 Image size of job updated: 800300
	280  -  MemoryUsage of job (MB)
	286548  -  ResidentSetSize of job (KB)
...
040 (2557146.010.000) 07/28 15:46:56 Started transferring output files
...
040 (2557146.010.000) 07/28 15:46:56 Finished transferring output files
...
005 (2557146.010.000) 07/28 15:46:56 Job terminated.
	(1) Normal termination (return value 0)
		Usr 0 00:16:58, Sys 0 00:00:03  -  Run Remote Usage
		Usr 0 00:00:00, Sys 0 00:00:00  -  Run Local Usage
		Usr 0 00:16:58, Sys 0 00:00:03  -  Total Remote Usage
		Usr 0 00:00:00, Sys 0 00:00:00  -  Total Local Usage
	45722  -  Run Bytes Sent By Job
	55262880  -  Run Bytes Received By Job
	45722  -  Total Bytes Sent By Job
	55262880  -  Total Bytes Received By Job
	Partitionable Resources :     Usage  Request Allocated 
	   Cpus                 :      1.00        4         4 
	   Disk (KB)            : 184440       75000    260469 
	   Memory (MB)          :    280        8000      8000 

	Job terminated of its own accord at 2021-07-28T13:46:56Z.
...
