000 (2524871.093.000) 07/20 04:35:08 Job submitted from host: <188.185.70.244:9618?addrs=188.185.70.244-9618+[2001-1458-d00-7--100-2ee]-9618&alias=bigbird10.cern.ch&noUDP&sock=schedd_2037_ca81>
...
040 (2524871.093.000) 07/20 05:11:29 Started transferring input files
	Transferring to host: <128.142.56.48:9618?addrs=128.142.56.48-9618+[2001-1458-301-6--100-2f]-9618&alias=b7s01p7062.cern.ch&noUDP&sock=slot1_26_56249_4248_13476>
...
040 (2524871.093.000) 07/20 05:11:30 Finished transferring input files
...
001 (2524871.093.000) 07/20 05:11:30 Job executing on host: <128.142.56.48:9618?addrs=128.142.56.48-9618+[2001-1458-301-6--100-2f]-9618&alias=b7s01p7062.cern.ch&noUDP&sock=startd_56205_8896>
...
006 (2524871.093.000) 07/20 05:11:39 Image size of job updated: 325012
	45  -  MemoryUsage of job (MB)
	45908  -  ResidentSetSize of job (KB)
...
006 (2524871.093.000) 07/20 05:16:40 Image size of job updated: 813096
	289  -  MemoryUsage of job (MB)
	295756  -  ResidentSetSize of job (KB)
...
006 (2524871.093.000) 07/20 05:26:41 Image size of job updated: 813792
	290  -  MemoryUsage of job (MB)
	296400  -  ResidentSetSize of job (KB)
...
040 (2524871.093.000) 07/20 05:26:53 Started transferring output files
...
040 (2524871.093.000) 07/20 05:26:53 Finished transferring output files
...
005 (2524871.093.000) 07/20 05:26:53 Job terminated.
	(1) Normal termination (return value 0)
		Usr 0 00:13:55, Sys 0 00:00:02  -  Run Remote Usage
		Usr 0 00:00:00, Sys 0 00:00:00  -  Run Local Usage
		Usr 0 00:13:55, Sys 0 00:00:02  -  Total Remote Usage
		Usr 0 00:00:00, Sys 0 00:00:00  -  Total Local Usage
	49322  -  Run Bytes Sent By Job
	55262812  -  Run Bytes Received By Job
	49322  -  Total Bytes Sent By Job
	55262812  -  Total Bytes Received By Job
	Partitionable Resources :     Usage  Request Allocated 
	   Cpus                 :      1.00        3         3 
	   Disk (KB)            : 183475       75000   1306313 
	   Memory (MB)          :    290        6000      6000 

	Job terminated of its own accord at 2021-07-20T03:26:53Z.
...
