000 (2521675.173.000) 07/19 04:18:40 Job submitted from host: <188.185.70.244:9618?addrs=188.185.70.244-9618+[2001-1458-d00-7--100-2ee]-9618&alias=bigbird10.cern.ch&noUDP&sock=schedd_2037_ca81>
...
040 (2521675.173.000) 07/19 04:25:41 Started transferring input files
	Transferring to host: <128.142.83.232:9618?addrs=128.142.83.232-9618+[2001-1458-301-f5--100-5da]-9618&alias=b7s13n1302.cern.ch&noUDP&sock=slot1_3_26666_5bf5_120490>
...
040 (2521675.173.000) 07/19 04:25:42 Finished transferring input files
...
001 (2521675.173.000) 07/19 04:25:42 Job executing on host: <128.142.83.232:9618?addrs=128.142.83.232-9618+[2001-1458-301-f5--100-5da]-9618&alias=b7s13n1302.cern.ch&noUDP&sock=startd_16710_3fa4>
...
006 (2521675.173.000) 07/19 04:25:50 Image size of job updated: 209816
	136  -  MemoryUsage of job (MB)
	138504  -  ResidentSetSize of job (KB)
...
006 (2521675.173.000) 07/19 04:30:50 Image size of job updated: 631388
	205  -  MemoryUsage of job (MB)
	209596  -  ResidentSetSize of job (KB)
...
006 (2521675.173.000) 07/19 04:34:47 Image size of job updated: 767152
	205  -  MemoryUsage of job (MB)
	209596  -  ResidentSetSize of job (KB)
...
040 (2521675.173.000) 07/19 04:34:47 Started transferring output files
...
040 (2521675.173.000) 07/19 04:34:47 Finished transferring output files
...
005 (2521675.173.000) 07/19 04:34:47 Job terminated.
	(1) Normal termination (return value 0)
		Usr 0 00:00:56, Sys 0 00:00:02  -  Run Remote Usage
		Usr 0 00:00:00, Sys 0 00:00:00  -  Run Local Usage
		Usr 0 00:00:56, Sys 0 00:00:02  -  Total Remote Usage
		Usr 0 00:00:00, Sys 0 00:00:00  -  Total Local Usage
	52698  -  Run Bytes Sent By Job
	55262812  -  Run Bytes Received By Job
	52698  -  Total Bytes Sent By Job
	55262812  -  Total Bytes Received By Job
	Partitionable Resources :     Usage  Request Allocated 
	   Cpus                 :      0.56        3         3 
	   Disk (KB)            : 182232       75000    279502 
	   Memory (MB)          :    205        6000      6000 

	Job terminated of its own accord at 2021-07-19T02:34:47Z.
...
