000 (2521867.179.000) 07/19 07:46:08 Job submitted from host: <188.185.70.244:9618?addrs=188.185.70.244-9618+[2001-1458-d00-7--100-2ee]-9618&alias=bigbird10.cern.ch&noUDP&sock=schedd_2037_ca81>
...
040 (2521867.179.000) 07/19 07:49:46 Started transferring input files
	Transferring to host: <128.142.59.12:9618?addrs=128.142.59.12-9618+[2001-1458-301-21--100-b]-9618&alias=b7s04p6505.cern.ch&noUDP&sock=slot1_18_7351_31c4_11726>
...
040 (2521867.179.000) 07/19 07:49:47 Finished transferring input files
...
001 (2521867.179.000) 07/19 07:49:47 Job executing on host: <128.142.59.12:9618?addrs=128.142.59.12-9618+[2001-1458-301-21--100-b]-9618&alias=b7s04p6505.cern.ch&noUDP&sock=startd_6901_1729>
...
006 (2521867.179.000) 07/19 07:49:56 Image size of job updated: 610880
	190  -  MemoryUsage of job (MB)
	193816  -  ResidentSetSize of job (KB)
...
006 (2521867.179.000) 07/19 07:54:58 Image size of job updated: 626276
	201  -  MemoryUsage of job (MB)
	205144  -  ResidentSetSize of job (KB)
...
006 (2521867.179.000) 07/19 07:59:58 Image size of job updated: 833860
	310  -  MemoryUsage of job (MB)
	316968  -  ResidentSetSize of job (KB)
...
006 (2521867.179.000) 07/19 08:14:59 Image size of job updated: 834344
	311  -  MemoryUsage of job (MB)
	317564  -  ResidentSetSize of job (KB)
...
040 (2521867.179.000) 07/19 08:15:43 Started transferring output files
...
040 (2521867.179.000) 07/19 08:15:43 Finished transferring output files
...
005 (2521867.179.000) 07/19 08:15:43 Job terminated.
	(1) Normal termination (return value 0)
		Usr 0 00:21:12, Sys 0 00:00:02  -  Run Remote Usage
		Usr 0 00:00:00, Sys 0 00:00:00  -  Run Local Usage
		Usr 0 00:21:12, Sys 0 00:00:02  -  Total Remote Usage
		Usr 0 00:00:00, Sys 0 00:00:00  -  Total Local Usage
	48386  -  Run Bytes Sent By Job
	55262812  -  Run Bytes Received By Job
	48386  -  Total Bytes Sent By Job
	55262812  -  Total Bytes Received By Job
	Partitionable Resources :     Usage  Request Allocated 
	   Cpus                 :      1.00        3         3 
	   Disk (KB)            : 187290       75000   1208728 
	   Memory (MB)          :    311        6000      6000 

	Job terminated of its own accord at 2021-07-19T06:15:43Z.
...
