000 (2522101.132.000) 07/19 11:55:34 Job submitted from host: <188.185.70.244:9618?addrs=188.185.70.244-9618+[2001-1458-d00-7--100-2ee]-9618&alias=bigbird10.cern.ch&noUDP&sock=schedd_2037_ca81>
...
040 (2522101.132.000) 07/19 12:56:03 Started transferring input files
	Transferring to host: <128.142.56.108:9618?addrs=128.142.56.108-9618+[2001-1458-301-6--100-6b]-9618&alias=b7s01p9025.cern.ch&noUDP&sock=slot1_15_62557_d0c9_12997>
...
040 (2522101.132.000) 07/19 12:56:04 Finished transferring input files
...
001 (2522101.132.000) 07/19 12:56:04 Job executing on host: <128.142.56.108:9618?addrs=128.142.56.108-9618+[2001-1458-301-6--100-6b]-9618&alias=b7s01p9025.cern.ch&noUDP&sock=startd_62513_4bff>
...
006 (2522101.132.000) 07/19 12:56:13 Image size of job updated: 270216
	191  -  MemoryUsage of job (MB)
	194868  -  ResidentSetSize of job (KB)
...
006 (2522101.132.000) 07/19 13:01:14 Image size of job updated: 817052
	297  -  MemoryUsage of job (MB)
	303224  -  ResidentSetSize of job (KB)
...
006 (2522101.132.000) 07/19 13:09:40 Image size of job updated: 817552
	297  -  MemoryUsage of job (MB)
	303224  -  ResidentSetSize of job (KB)
...
040 (2522101.132.000) 07/19 13:09:40 Started transferring output files
...
040 (2522101.132.000) 07/19 13:09:40 Finished transferring output files
...
005 (2522101.132.000) 07/19 13:09:40 Job terminated.
	(1) Normal termination (return value 0)
		Usr 0 00:13:12, Sys 0 00:00:02  -  Run Remote Usage
		Usr 0 00:00:00, Sys 0 00:00:00  -  Run Local Usage
		Usr 0 00:13:12, Sys 0 00:00:02  -  Total Remote Usage
		Usr 0 00:00:00, Sys 0 00:00:00  -  Total Local Usage
	49014  -  Run Bytes Sent By Job
	55262812  -  Run Bytes Received By Job
	49014  -  Total Bytes Sent By Job
	55262812  -  Total Bytes Received By Job
	Partitionable Resources :     Usage  Request Allocated 
	   Cpus                 :      1.00        3         3 
	   Disk (KB)            : 184122       75000   1271487 
	   Memory (MB)          :    297        6000      6000 

	Job terminated of its own accord at 2021-07-19T11:09:40Z.
...
