000 (2526743.146.000) 07/20 13:19:14 Job submitted from host: <188.185.70.244:9618?addrs=188.185.70.244-9618+[2001-1458-d00-7--100-2ee]-9618&alias=bigbird10.cern.ch&noUDP&sock=schedd_2037_ca81>
...
040 (2526743.146.000) 07/20 13:25:11 Started transferring input files
	Transferring to host: <128.142.58.166:9618?addrs=128.142.58.166-9618+[2001-1458-301-16--100-a5]-9618&alias=b7s03p2799.cern.ch&noUDP&sock=slot1_28_5929_444a_7947>
...
040 (2526743.146.000) 07/20 13:25:12 Finished transferring input files
...
001 (2526743.146.000) 07/20 13:25:12 Job executing on host: <128.142.58.166:9618?addrs=128.142.58.166-9618+[2001-1458-301-16--100-a5]-9618&alias=b7s03p2799.cern.ch&noUDP&sock=startd_4175_47fd>
...
006 (2526743.146.000) 07/20 13:25:20 Image size of job updated: 210108
	135  -  MemoryUsage of job (MB)
	138016  -  ResidentSetSize of job (KB)
...
006 (2526743.146.000) 07/20 13:30:20 Image size of job updated: 626832
	201  -  MemoryUsage of job (MB)
	205220  -  ResidentSetSize of job (KB)
...
006 (2526743.146.000) 07/20 13:55:22 Image size of job updated: 723100
	292  -  MemoryUsage of job (MB)
	298832  -  ResidentSetSize of job (KB)
...
006 (2526743.146.000) 07/20 14:00:22 Image size of job updated: 816300
	292  -  MemoryUsage of job (MB)
	298880  -  ResidentSetSize of job (KB)
...
006 (2526743.146.000) 07/20 14:10:08 Image size of job updated: 816816
	292  -  MemoryUsage of job (MB)
	298880  -  ResidentSetSize of job (KB)
...
040 (2526743.146.000) 07/20 14:10:08 Started transferring output files
...
040 (2526743.146.000) 07/20 14:10:08 Finished transferring output files
...
005 (2526743.146.000) 07/20 14:10:09 Job terminated.
	(1) Normal termination (return value 0)
		Usr 0 00:15:24, Sys 0 00:00:03  -  Run Remote Usage
		Usr 0 00:00:00, Sys 0 00:00:00  -  Run Local Usage
		Usr 0 00:15:24, Sys 0 00:00:03  -  Total Remote Usage
		Usr 0 00:00:00, Sys 0 00:00:00  -  Total Local Usage
	48899  -  Run Bytes Sent By Job
	55262812  -  Run Bytes Received By Job
	48899  -  Total Bytes Sent By Job
	55262812  -  Total Bytes Received By Job
	Partitionable Resources :     Usage  Request Allocated 
	   Cpus                 :      1.00        3         3 
	   Disk (KB)            : 184034       75000   1362888 
	   Memory (MB)          :    292        6000      6000 

	Job terminated of its own accord at 2021-07-20T12:10:08Z.
...
