000 (2521867.051.000) 07/19 07:46:08 Job submitted from host: <188.185.70.244:9618?addrs=188.185.70.244-9618+[2001-1458-d00-7--100-2ee]-9618&alias=bigbird10.cern.ch&noUDP&sock=schedd_2037_ca81>
...
040 (2521867.051.000) 07/19 07:49:00 Started transferring input files
	Transferring to host: <128.142.58.115:9618?addrs=128.142.58.115-9618+[2001-1458-301-16--100-72]-9618&alias=b7s03p6668.cern.ch&noUDP&sock=slot1_14_6811_b72e_11631>
...
040 (2521867.051.000) 07/19 07:49:01 Finished transferring input files
...
001 (2521867.051.000) 07/19 07:49:01 Job executing on host: <128.142.58.115:9618?addrs=128.142.58.115-9618+[2001-1458-301-16--100-72]-9618&alias=b7s03p6668.cern.ch&noUDP&sock=startd_6360_026c>
...
006 (2521867.051.000) 07/19 07:49:09 Image size of job updated: 288712
	175  -  MemoryUsage of job (MB)
	178796  -  ResidentSetSize of job (KB)
...
006 (2521867.051.000) 07/19 07:54:09 Image size of job updated: 757172
	304  -  MemoryUsage of job (MB)
	310392  -  ResidentSetSize of job (KB)
...
006 (2521867.051.000) 07/19 08:08:32 Image size of job updated: 757648
	304  -  MemoryUsage of job (MB)
	310392  -  ResidentSetSize of job (KB)
...
040 (2521867.051.000) 07/19 08:08:32 Started transferring output files
...
040 (2521867.051.000) 07/19 08:08:32 Finished transferring output files
...
005 (2521867.051.000) 07/19 08:08:33 Job terminated.
	(1) Normal termination (return value 0)
		Usr 0 00:17:09, Sys 0 00:00:02  -  Run Remote Usage
		Usr 0 00:00:00, Sys 0 00:00:00  -  Run Local Usage
		Usr 0 00:17:09, Sys 0 00:00:02  -  Total Remote Usage
		Usr 0 00:00:00, Sys 0 00:00:00  -  Total Local Usage
	51265  -  Run Bytes Sent By Job
	55262812  -  Run Bytes Received By Job
	51265  -  Total Bytes Sent By Job
	55262812  -  Total Bytes Received By Job
	Partitionable Resources :     Usage  Request Allocated 
	   Cpus                 :      1.00        3         3 
	   Disk (KB)            : 185981       75000   1348343 
	   Memory (MB)          :    304        6000      6000 

	Job terminated of its own accord at 2021-07-19T06:08:32Z.
...
