000 (2521675.181.000) 07/19 04:18:40 Job submitted from host: <188.185.70.244:9618?addrs=188.185.70.244-9618+[2001-1458-d00-7--100-2ee]-9618&alias=bigbird10.cern.ch&noUDP&sock=schedd_2037_ca81>
...
040 (2521675.181.000) 07/19 04:25:44 Started transferring input files
	Transferring to host: <128.142.161.104:9618?addrs=128.142.161.104-9618&alias=b7g03p2814.cern.ch&noUDP&sock=slot1_22_3768_a592_86083>
...
040 (2521675.181.000) 07/19 04:25:45 Finished transferring input files
...
001 (2521675.181.000) 07/19 04:25:45 Job executing on host: <128.142.161.104:9618?addrs=128.142.161.104-9618&alias=b7g03p2814.cern.ch&noUDP&sock=startd_2934_0ef5>
...
006 (2521675.181.000) 07/19 04:25:53 Image size of job updated: 288720
	67  -  MemoryUsage of job (MB)
	68324  -  ResidentSetSize of job (KB)
...
006 (2521675.181.000) 07/19 04:30:53 Image size of job updated: 626820
	201  -  MemoryUsage of job (MB)
	205340  -  ResidentSetSize of job (KB)
...
006 (2521675.181.000) 07/19 04:34:00 Image size of job updated: 789876
	201  -  MemoryUsage of job (MB)
	205340  -  ResidentSetSize of job (KB)
...
040 (2521675.181.000) 07/19 04:34:00 Started transferring output files
...
040 (2521675.181.000) 07/19 04:34:01 Finished transferring output files
...
005 (2521675.181.000) 07/19 04:34:01 Job terminated.
	(1) Normal termination (return value 0)
		Usr 0 00:00:56, Sys 0 00:00:02  -  Run Remote Usage
		Usr 0 00:00:00, Sys 0 00:00:00  -  Run Local Usage
		Usr 0 00:00:56, Sys 0 00:00:02  -  Total Remote Usage
		Usr 0 00:00:00, Sys 0 00:00:00  -  Total Local Usage
	48472  -  Run Bytes Sent By Job
	55262812  -  Run Bytes Received By Job
	48472  -  Total Bytes Sent By Job
	55262812  -  Total Bytes Received By Job
	Partitionable Resources :     Usage  Request Allocated 
	   Cpus                 :      0.00        3         3 
	   Disk (KB)            : 183583       75000   1213956 
	   Memory (MB)          :    201        6000      6000 

	Job terminated of its own accord at 2021-07-19T02:34:00Z.
...
