000 (2521668.093.000) 07/19 01:56:57 Job submitted from host: <188.185.70.244:9618?addrs=188.185.70.244-9618+[2001-1458-d00-7--100-2ee]-9618&alias=bigbird10.cern.ch&noUDP&sock=schedd_2037_ca81>
...
040 (2521668.093.000) 07/19 02:06:02 Started transferring input files
	Transferring to host: <128.142.84.56:9618?addrs=128.142.84.56-9618+[2001-1458-301-f6--100-320]-9618&alias=b7s14n6432.cern.ch&noUDP&sock=slot1_9_6122_40b2_120448>
...
040 (2521668.093.000) 07/19 02:06:03 Finished transferring input files
...
001 (2521668.093.000) 07/19 02:06:03 Job executing on host: <128.142.84.56:9618?addrs=128.142.84.56-9618+[2001-1458-301-f6--100-320]-9618&alias=b7s14n6432.cern.ch&noUDP&sock=startd_15831_53e4>
...
006 (2521668.093.000) 07/19 02:06:12 Image size of job updated: 328076
	152  -  MemoryUsage of job (MB)
	155136  -  ResidentSetSize of job (KB)
...
006 (2521668.093.000) 07/19 02:08:59 Image size of job updated: 764236
	153  -  MemoryUsage of job (MB)
	155664  -  ResidentSetSize of job (KB)
...
040 (2521668.093.000) 07/19 02:09:00 Started transferring output files
...
040 (2521668.093.000) 07/19 02:09:00 Finished transferring output files
...
005 (2521668.093.000) 07/19 02:09:00 Job terminated.
	(1) Normal termination (return value 0)
		Usr 0 00:01:03, Sys 0 00:00:02  -  Run Remote Usage
		Usr 0 00:00:00, Sys 0 00:00:00  -  Run Local Usage
		Usr 0 00:01:03, Sys 0 00:00:02  -  Total Remote Usage
		Usr 0 00:00:00, Sys 0 00:00:00  -  Total Local Usage
	49056  -  Run Bytes Sent By Job
	55262812  -  Run Bytes Received By Job
	49056  -  Total Bytes Sent By Job
	55262812  -  Total Bytes Received By Job
	Partitionable Resources :    Usage  Request Allocated 
	   Cpus                 :                 3         3 
	   Disk (KB)            :   183906    75000    275404 
	   Memory (MB)          :      153     6000      6000 

	Job terminated of its own accord at 2021-07-19T00:08:59Z.
...
