000 (2556074.019.000) 07/27 10:23:52 Job submitted from host: <188.185.70.244:9618?addrs=188.185.70.244-9618+[2001-1458-d00-7--100-2ee]-9618&alias=bigbird10.cern.ch&noUDP&sock=schedd_2037_ca81>
...
040 (2556074.019.000) 07/27 10:30:20 Started transferring input files
	Transferring to host: <128.142.58.68:9618?addrs=128.142.58.68-9618+[2001-1458-301-16--100-43]-9618&alias=b7s03p3124.cern.ch&noUDP&sock=slot1_22_6643_5827_18450>
...
001 (2556074.019.000) 07/27 10:30:21 Job executing on host: <128.142.58.68:9618?addrs=128.142.58.68-9618+[2001-1458-301-16--100-43]-9618&alias=b7s03p3124.cern.ch&noUDP&sock=startd_6187_588a>
...
040 (2556074.019.000) 07/27 10:30:21 Finished transferring input files
...
006 (2556074.019.000) 07/27 10:30:30 Image size of job updated: 453732
	160  -  MemoryUsage of job (MB)
	163772  -  ResidentSetSize of job (KB)
...
006 (2556074.019.000) 07/27 10:35:31 Image size of job updated: 626372
	201  -  MemoryUsage of job (MB)
	205544  -  ResidentSetSize of job (KB)
...
006 (2556074.019.000) 07/27 10:40:31 Image size of job updated: 794512
	272  -  MemoryUsage of job (MB)
	277876  -  ResidentSetSize of job (KB)
...
006 (2556074.019.000) 07/27 10:49:43 Image size of job updated: 795188
	272  -  MemoryUsage of job (MB)
	277876  -  ResidentSetSize of job (KB)
...
040 (2556074.019.000) 07/27 10:49:43 Started transferring output files
...
040 (2556074.019.000) 07/27 10:49:44 Finished transferring output files
...
005 (2556074.019.000) 07/27 10:49:44 Job terminated.
	(1) Normal termination (return value 0)
		Usr 0 00:12:37, Sys 0 00:00:02  -  Run Remote Usage
		Usr 0 00:00:00, Sys 0 00:00:00  -  Run Local Usage
		Usr 0 00:12:37, Sys 0 00:00:02  -  Total Remote Usage
		Usr 0 00:00:00, Sys 0 00:00:00  -  Total Local Usage
	48589  -  Run Bytes Sent By Job
	55262880  -  Run Bytes Received By Job
	48589  -  Total Bytes Sent By Job
	55262880  -  Total Bytes Received By Job
	Partitionable Resources :     Usage  Request Allocated 
	   Cpus                 :      1.00        3         3 
	   Disk (KB)            : 184936       75000   1303923 
	   Memory (MB)          :    272        6000      6000 

	Job terminated of its own accord at 2021-07-27T08:49:43Z.
...
