000 (2556073.022.000) 07/27 10:23:23 Job submitted from host: <188.185.70.244:9618?addrs=188.185.70.244-9618+[2001-1458-d00-7--100-2ee]-9618&alias=bigbird10.cern.ch&noUDP&sock=schedd_2037_ca81>
...
040 (2556073.022.000) 07/27 10:25:44 Started transferring input files
	Transferring to host: <128.142.56.88:9618?addrs=128.142.56.88-9618+[2001-1458-301-6--100-57]-9618&alias=b7s01p2968.cern.ch&noUDP&sock=slot1_33_54145_ccf3_26115>
...
040 (2556073.022.000) 07/27 10:25:45 Finished transferring input files
...
001 (2556073.022.000) 07/27 10:25:45 Job executing on host: <128.142.56.88:9618?addrs=128.142.56.88-9618+[2001-1458-301-6--100-57]-9618&alias=b7s01p2968.cern.ch&noUDP&sock=startd_51015_a00f>
...
006 (2556073.022.000) 07/27 10:25:54 Image size of job updated: 328728
	201  -  MemoryUsage of job (MB)
	205228  -  ResidentSetSize of job (KB)
...
006 (2556073.022.000) 07/27 10:30:56 Image size of job updated: 782892
	260  -  MemoryUsage of job (MB)
	266000  -  ResidentSetSize of job (KB)
...
006 (2556073.022.000) 07/27 10:32:36 Image size of job updated: 783488
	260  -  MemoryUsage of job (MB)
	266000  -  ResidentSetSize of job (KB)
...
040 (2556073.022.000) 07/27 10:32:36 Started transferring output files
...
040 (2556073.022.000) 07/27 10:32:37 Finished transferring output files
...
005 (2556073.022.000) 07/27 10:32:37 Job terminated.
	(1) Normal termination (return value 0)
		Usr 0 00:06:26, Sys 0 00:00:02  -  Run Remote Usage
		Usr 0 00:00:00, Sys 0 00:00:00  -  Run Local Usage
		Usr 0 00:06:26, Sys 0 00:00:02  -  Total Remote Usage
		Usr 0 00:00:00, Sys 0 00:00:00  -  Total Local Usage
	50015  -  Run Bytes Sent By Job
	55262880  -  Run Bytes Received By Job
	50015  -  Total Bytes Sent By Job
	55262880  -  Total Bytes Received By Job
	Partitionable Resources :     Usage  Request Allocated 
	   Cpus                 :      0.83        3         3 
	   Disk (KB)            : 181433       75000   1289718 
	   Memory (MB)          :    260        6000      6000 

	Job terminated of its own accord at 2021-07-27T08:32:36Z.
...
