000 (2524871.024.000) 07/20 04:35:08 Job submitted from host: <188.185.70.244:9618?addrs=188.185.70.244-9618+[2001-1458-d00-7--100-2ee]-9618&alias=bigbird10.cern.ch&noUDP&sock=schedd_2037_ca81>
...
022 (2524871.024.000) 07/20 04:57:35 Job disconnected, attempting to reconnect
    Socket between submit and execute hosts closed unexpectedly
    Trying to reconnect to slot1_10@b7s14n6540.cern.ch <128.142.84.170:9618?addrs=128.142.84.170-9618+[2001-1458-301-f6--100-110]-9618&alias=b7s14n6540.cern.ch&noUDP&sock=startd_3315_648b>
...
024 (2524871.024.000) 07/20 04:57:43 Job reconnection failed
    Job not found at execution machine
    Can not reconnect to slot1_10@b7s14n6540.cern.ch, rescheduling job
...
040 (2524871.024.000) 07/20 04:58:59 Started transferring input files
	Transferring to host: <128.142.168.138:9618?addrs=128.142.168.138-9618+[2001-1458-301-be--100-3]-9618&alias=b7g00p2897.cern.ch&noUDP&sock=slot1_23_2629_1e44_2160>
...
040 (2524871.024.000) 07/20 04:59:00 Finished transferring input files
...
001 (2524871.024.000) 07/20 04:59:00 Job executing on host: <128.142.168.138:9618?addrs=128.142.168.138-9618+[2001-1458-301-be--100-3]-9618&alias=b7g00p2897.cern.ch&noUDP&sock=startd_2558_2759>
...
006 (2524871.024.000) 07/20 04:59:09 Image size of job updated: 28172
	10  -  MemoryUsage of job (MB)
	9976  -  ResidentSetSize of job (KB)
...
006 (2524871.024.000) 07/20 05:04:10 Image size of job updated: 788904
	266  -  MemoryUsage of job (MB)
	271548  -  ResidentSetSize of job (KB)
...
006 (2524871.024.000) 07/20 05:13:16 Image size of job updated: 789580
	266  -  MemoryUsage of job (MB)
	271548  -  ResidentSetSize of job (KB)
...
040 (2524871.024.000) 07/20 05:13:16 Started transferring output files
...
040 (2524871.024.000) 07/20 05:13:16 Finished transferring output files
...
005 (2524871.024.000) 07/20 05:13:16 Job terminated.
	(1) Normal termination (return value 0)
		Usr 0 00:11:52, Sys 0 00:00:03  -  Run Remote Usage
		Usr 0 00:00:00, Sys 0 00:00:00  -  Run Local Usage
		Usr 0 00:11:52, Sys 0 00:00:03  -  Total Remote Usage
		Usr 0 00:00:00, Sys 0 00:00:00  -  Total Local Usage
	48943  -  Run Bytes Sent By Job
	55262812  -  Run Bytes Received By Job
	48943  -  Total Bytes Sent By Job
	55262812  -  Total Bytes Received By Job
	Partitionable Resources :     Usage  Request Allocated 
	   Cpus                 :      0.53        3         3 
	   Disk (KB)            : 179097       75000   1660462 
	   Memory (MB)          :    266        6000      6000 

	Job terminated of its own accord at 2021-07-20T03:13:16Z.
...
