000 (2557145.009.000) 07/28 14:19:39 Job submitted from host: <188.185.70.244:9618?addrs=188.185.70.244-9618+[2001-1458-d00-7--100-2ee]-9618&alias=bigbird10.cern.ch&noUDP&sock=schedd_2037_ca81>
...
040 (2557145.009.000) 07/28 14:56:53 Started transferring input files
	Transferring to host: <128.142.57.76:9618?addrs=128.142.57.76-9618+[2001-1458-301-7--100-4b]-9618&alias=b7s02p8471.cern.ch&noUDP&sock=slot1_3_6925_09f3_22380>
...
040 (2557145.009.000) 07/28 14:56:54 Finished transferring input files
...
001 (2557145.009.000) 07/28 14:56:54 Job executing on host: <128.142.57.76:9618?addrs=128.142.57.76-9618+[2001-1458-301-7--100-4b]-9618&alias=b7s02p8471.cern.ch&noUDP&sock=startd_6473_84a0>
...
006 (2557145.009.000) 07/28 14:57:02 Image size of job updated: 210872
	180  -  MemoryUsage of job (MB)
	183568  -  ResidentSetSize of job (KB)
...
006 (2557145.009.000) 07/28 15:02:02 Image size of job updated: 793424
	274  -  MemoryUsage of job (MB)
	279616  -  ResidentSetSize of job (KB)
...
040 (2557145.009.000) 07/28 15:04:26 Started transferring output files
...
040 (2557145.009.000) 07/28 15:04:26 Finished transferring output files
...
005 (2557145.009.000) 07/28 15:04:27 Job terminated.
	(1) Normal termination (return value 0)
		Usr 0 00:06:53, Sys 0 00:00:02  -  Run Remote Usage
		Usr 0 00:00:00, Sys 0 00:00:00  -  Run Local Usage
		Usr 0 00:06:53, Sys 0 00:00:02  -  Total Remote Usage
		Usr 0 00:00:00, Sys 0 00:00:00  -  Total Local Usage
	47974  -  Run Bytes Sent By Job
	55262880  -  Run Bytes Received By Job
	47974  -  Total Bytes Sent By Job
	55262880  -  Total Bytes Received By Job
	Partitionable Resources :     Usage  Request Allocated 
	   Cpus                 :      1.00        4         4 
	   Disk (KB)            : 183639       75000   1327239 
	   Memory (MB)          :    274        8000      8000 

	Job terminated of its own accord at 2021-07-28T13:04:26Z.
...
