000 (2523366.021.000) 07/19 23:50:30 Job submitted from host: <188.185.70.244:9618?addrs=188.185.70.244-9618+[2001-1458-d00-7--100-2ee]-9618&alias=bigbird10.cern.ch&noUDP&sock=schedd_2037_ca81>
...
040 (2523366.021.000) 07/19 23:55:06 Started transferring input files
	Transferring to host: <128.142.59.41:9618?addrs=128.142.59.41-9618+[2001-1458-301-21--100-28]-9618&alias=b7s04p9986.cern.ch&noUDP&sock=slot1_5_6723_b62a_11785>
...
040 (2523366.021.000) 07/19 23:55:07 Finished transferring input files
...
001 (2523366.021.000) 07/19 23:55:07 Job executing on host: <128.142.59.41:9618?addrs=128.142.59.41-9618+[2001-1458-301-21--100-28]-9618&alias=b7s04p9986.cern.ch&noUDP&sock=startd_6268_e7b6>
...
006 (2523366.021.000) 07/19 23:55:15 Image size of job updated: 275832
	196  -  MemoryUsage of job (MB)
	200688  -  ResidentSetSize of job (KB)
...
006 (2523366.021.000) 07/20 00:00:15 Image size of job updated: 810976
	288  -  MemoryUsage of job (MB)
	294228  -  ResidentSetSize of job (KB)
...
006 (2523366.021.000) 07/20 00:05:16 Image size of job updated: 811564
	288  -  MemoryUsage of job (MB)
	294908  -  ResidentSetSize of job (KB)
...
040 (2523366.021.000) 07/20 00:06:45 Started transferring output files
...
040 (2523366.021.000) 07/20 00:06:45 Finished transferring output files
...
005 (2523366.021.000) 07/20 00:06:46 Job terminated.
	(1) Normal termination (return value 0)
		Usr 0 00:10:52, Sys 0 00:00:02  -  Run Remote Usage
		Usr 0 00:00:00, Sys 0 00:00:00  -  Run Local Usage
		Usr 0 00:10:52, Sys 0 00:00:02  -  Total Remote Usage
		Usr 0 00:00:00, Sys 0 00:00:00  -  Total Local Usage
	48919  -  Run Bytes Sent By Job
	55262812  -  Run Bytes Received By Job
	48919  -  Total Bytes Sent By Job
	55262812  -  Total Bytes Received By Job
	Partitionable Resources :     Usage  Request Allocated 
	   Cpus                 :      1.00        3         3 
	   Disk (KB)            : 183072       75000   1320148 
	   Memory (MB)          :    288        6000      6000 

	Job terminated of its own accord at 2021-07-19T22:06:45Z.
...
