000 (2557146.005.000) 07/28 14:20:13 Job submitted from host: <188.185.70.244:9618?addrs=188.185.70.244-9618+[2001-1458-d00-7--100-2ee]-9618&alias=bigbird10.cern.ch&noUDP&sock=schedd_2037_ca81>
...
040 (2557146.005.000) 07/28 15:22:49 Started transferring input files
	Transferring to host: <128.142.74.169:9618?addrs=128.142.74.169-9618+[2001-1458-301-75--100-5f0]-9618&alias=b7s11n8981.cern.ch&noUDP&sock=slot1_13_5114_0689_67709>
...
040 (2557146.005.000) 07/28 15:22:50 Finished transferring input files
...
001 (2557146.005.000) 07/28 15:22:50 Job executing on host: <128.142.74.169:9618?addrs=128.142.74.169-9618+[2001-1458-301-75--100-5f0]-9618&alias=b7s11n8981.cern.ch&noUDP&sock=startd_3942_766c>
...
006 (2557146.005.000) 07/28 15:22:59 Image size of job updated: 174508
	95  -  MemoryUsage of job (MB)
	96680  -  ResidentSetSize of job (KB)
...
006 (2557146.005.000) 07/28 15:28:00 Image size of job updated: 798928
	279  -  MemoryUsage of job (MB)
	285172  -  ResidentSetSize of job (KB)
...
006 (2557146.005.000) 07/28 15:43:02 Image size of job updated: 800168
	280  -  MemoryUsage of job (MB)
	286660  -  ResidentSetSize of job (KB)
...
040 (2557146.005.000) 07/28 15:43:15 Started transferring output files
...
040 (2557146.005.000) 07/28 15:43:15 Finished transferring output files
...
005 (2557146.005.000) 07/28 15:43:15 Job terminated.
	(1) Normal termination (return value 0)
		Usr 0 00:20:04, Sys 0 00:00:03  -  Run Remote Usage
		Usr 0 00:00:00, Sys 0 00:00:00  -  Run Local Usage
		Usr 0 00:20:04, Sys 0 00:00:03  -  Total Remote Usage
		Usr 0 00:00:00, Sys 0 00:00:00  -  Total Local Usage
	44974  -  Run Bytes Sent By Job
	55262880  -  Run Bytes Received By Job
	44974  -  Total Bytes Sent By Job
	55262880  -  Total Bytes Received By Job
	Partitionable Resources :     Usage  Request Allocated 
	   Cpus                 :      1.00        4         4 
	   Disk (KB)            : 184425       75000    272313 
	   Memory (MB)          :    280        8000      8000 

	Job terminated of its own accord at 2021-07-28T13:43:15Z.
...
