000 (2526743.011.000) 07/20 13:19:13 Job submitted from host: <188.185.70.244:9618?addrs=188.185.70.244-9618+[2001-1458-d00-7--100-2ee]-9618&alias=bigbird10.cern.ch&noUDP&sock=schedd_2037_ca81>
...
040 (2526743.011.000) 07/20 13:20:48 Started transferring input files
	Transferring to host: <128.142.59.74:9618?addrs=128.142.59.74-9618+[2001-1458-301-21--100-49]-9618&alias=b7s04p2240.cern.ch&noUDP&sock=slot1_44_6808_9a0e_10862>
...
040 (2526743.011.000) 07/20 13:20:49 Finished transferring input files
...
001 (2526743.011.000) 07/20 13:20:49 Job executing on host: <128.142.59.74:9618?addrs=128.142.59.74-9618+[2001-1458-301-21--100-49]-9618&alias=b7s04p2240.cern.ch&noUDP&sock=startd_6354_e4db>
...
006 (2526743.011.000) 07/20 13:20:58 Image size of job updated: 591852
	205  -  MemoryUsage of job (MB)
	209624  -  ResidentSetSize of job (KB)
...
006 (2526743.011.000) 07/20 13:26:00 Image size of job updated: 809496
	289  -  MemoryUsage of job (MB)
	295932  -  ResidentSetSize of job (KB)
...
006 (2526743.011.000) 07/20 13:30:15 Image size of job updated: 809972
	289  -  MemoryUsage of job (MB)
	295932  -  ResidentSetSize of job (KB)
...
040 (2526743.011.000) 07/20 13:30:15 Started transferring output files
...
040 (2526743.011.000) 07/20 13:30:16 Finished transferring output files
...
005 (2526743.011.000) 07/20 13:30:16 Job terminated.
	(1) Normal termination (return value 0)
		Usr 0 00:09:20, Sys 0 00:00:01  -  Run Remote Usage
		Usr 0 00:00:00, Sys 0 00:00:00  -  Run Local Usage
		Usr 0 00:09:20, Sys 0 00:00:01  -  Total Remote Usage
		Usr 0 00:00:00, Sys 0 00:00:00  -  Total Local Usage
	52928  -  Run Bytes Sent By Job
	55262812  -  Run Bytes Received By Job
	52928  -  Total Bytes Sent By Job
	55262812  -  Total Bytes Received By Job
	Partitionable Resources :    Usage  Request Allocated 
	   Cpus                 :                 3         3 
	   Disk (KB)            :   182677    75000   1287518 
	   Memory (MB)          :      289     6000      6000 

	Job terminated of its own accord at 2021-07-20T11:30:15Z.
...
