000 (2524617.176.000) 07/20 01:52:27 Job submitted from host: <188.185.70.244:9618?addrs=188.185.70.244-9618+[2001-1458-d00-7--100-2ee]-9618&alias=bigbird10.cern.ch&noUDP&sock=schedd_2037_ca81>
...
040 (2524617.176.000) 07/20 02:01:11 Started transferring input files
	Transferring to host: <188.184.197.59:9618?addrs=188.184.197.59-9618+[2001-1458-301-103--100-406]-9618&alias=b7g23n3474.cern.ch&noUDP&sock=slot1_2_24159_f36f_118389>
...
040 (2524617.176.000) 07/20 02:01:12 Finished transferring input files
...
001 (2524617.176.000) 07/20 02:01:12 Job executing on host: <188.184.197.59:9618?addrs=188.184.197.59-9618+[2001-1458-301-103--100-406]-9618&alias=b7g23n3474.cern.ch&noUDP&sock=startd_18733_dbbb>
...
006 (2524617.176.000) 07/20 02:01:21 Image size of job updated: 282972
	35  -  MemoryUsage of job (MB)
	35192  -  ResidentSetSize of job (KB)
...
006 (2524617.176.000) 07/20 02:06:22 Image size of job updated: 626836
	201  -  MemoryUsage of job (MB)
	205216  -  ResidentSetSize of job (KB)
...
006 (2524617.176.000) 07/20 02:26:23 Image size of job updated: 789800
	266  -  MemoryUsage of job (MB)
	272376  -  ResidentSetSize of job (KB)
...
006 (2524617.176.000) 07/20 02:36:24 Image size of job updated: 790328
	267  -  MemoryUsage of job (MB)
	272900  -  ResidentSetSize of job (KB)
...
040 (2524617.176.000) 07/20 02:44:28 Started transferring output files
...
040 (2524617.176.000) 07/20 02:44:28 Finished transferring output files
...
005 (2524617.176.000) 07/20 02:44:28 Job terminated.
	(1) Normal termination (return value 0)
		Usr 0 00:20:57, Sys 0 00:00:04  -  Run Remote Usage
		Usr 0 00:00:00, Sys 0 00:00:00  -  Run Local Usage
		Usr 0 00:20:57, Sys 0 00:00:04  -  Total Remote Usage
		Usr 0 00:00:00, Sys 0 00:00:00  -  Total Local Usage
	51394  -  Run Bytes Sent By Job
	55262812  -  Run Bytes Received By Job
	51394  -  Total Bytes Sent By Job
	55262812  -  Total Bytes Received By Job
	Partitionable Resources :     Usage  Request Allocated 
	   Cpus                 :      1.00        3         3 
	   Disk (KB)            : 179246       75000    330530 
	   Memory (MB)          :    267        6000      6000 

	Job terminated of its own accord at 2021-07-20T00:44:28Z.
...
