000 (2524871.161.000) 07/20 04:35:08 Job submitted from host: <188.185.70.244:9618?addrs=188.185.70.244-9618+[2001-1458-d00-7--100-2ee]-9618&alias=bigbird10.cern.ch&noUDP&sock=schedd_2037_ca81>
...
040 (2524871.161.000) 07/20 05:25:47 Started transferring input files
	Transferring to host: <188.184.211.166:9618?addrs=188.184.211.166-9618+[2001-1458-301-10b--100-364]-9618&alias=b7g23n3235.cern.ch&noUDP&sock=slot1_7_9375_4916_118038>
...
040 (2524871.161.000) 07/20 05:25:48 Finished transferring input files
...
001 (2524871.161.000) 07/20 05:25:48 Job executing on host: <188.184.211.166:9618?addrs=188.184.211.166-9618+[2001-1458-301-10b--100-364]-9618&alias=b7g23n3235.cern.ch&noUDP&sock=startd_15603_f04c>
...
006 (2524871.161.000) 07/20 05:25:56 Image size of job updated: 174508
	4  -  MemoryUsage of job (MB)
	3684  -  ResidentSetSize of job (KB)
...
006 (2524871.161.000) 07/20 05:30:56 Image size of job updated: 631400
	205  -  MemoryUsage of job (MB)
	209612  -  ResidentSetSize of job (KB)
...
006 (2524871.161.000) 07/20 05:40:57 Image size of job updated: 806944
	287  -  MemoryUsage of job (MB)
	293056  -  ResidentSetSize of job (KB)
...
006 (2524871.161.000) 07/20 05:50:59 Image size of job updated: 807404
	287  -  MemoryUsage of job (MB)
	293648  -  ResidentSetSize of job (KB)
...
040 (2524871.161.000) 07/20 05:56:11 Started transferring output files
...
040 (2524871.161.000) 07/20 05:56:12 Finished transferring output files
...
005 (2524871.161.000) 07/20 05:56:12 Job terminated.
	(1) Normal termination (return value 0)
		Usr 0 00:19:08, Sys 0 00:00:04  -  Run Remote Usage
		Usr 0 00:00:00, Sys 0 00:00:00  -  Run Local Usage
		Usr 0 00:19:08, Sys 0 00:00:04  -  Total Remote Usage
		Usr 0 00:00:00, Sys 0 00:00:00  -  Total Local Usage
	53301  -  Run Bytes Sent By Job
	55262812  -  Run Bytes Received By Job
	53301  -  Total Bytes Sent By Job
	55262812  -  Total Bytes Received By Job
	Partitionable Resources :     Usage  Request Allocated 
	   Cpus                 :      1.00        3         3 
	   Disk (KB)            : 182227       75000    345831 
	   Memory (MB)          :    287        6000      6000 

	Job terminated of its own accord at 2021-07-20T03:56:11Z.
...
