000 (2521668.162.000) 07/19 01:56:57 Job submitted from host: <188.185.70.244:9618?addrs=188.185.70.244-9618+[2001-1458-d00-7--100-2ee]-9618&alias=bigbird10.cern.ch&noUDP&sock=schedd_2037_ca81>
...
040 (2521668.162.000) 07/19 02:14:12 Started transferring input files
	Transferring to host: <128.142.57.43:9618?addrs=128.142.57.43-9618+[2001-1458-301-7--100-2a]-9618&alias=b7s02p5497.cern.ch&noUDP&sock=slot1_32_7101_0bfa_15636>
...
040 (2521668.162.000) 07/19 02:14:13 Finished transferring input files
...
001 (2521668.162.000) 07/19 02:14:13 Job executing on host: <128.142.57.43:9618?addrs=128.142.57.43-9618+[2001-1458-301-7--100-2a]-9618&alias=b7s02p5497.cern.ch&noUDP&sock=startd_6646_2e82>
...
006 (2521668.162.000) 07/19 02:14:22 Image size of job updated: 232932
	191  -  MemoryUsage of job (MB)
	194764  -  ResidentSetSize of job (KB)
...
006 (2521668.162.000) 07/19 02:19:23 Image size of job updated: 631964
	205  -  MemoryUsage of job (MB)
	209700  -  ResidentSetSize of job (KB)
...
006 (2521668.162.000) 07/19 02:37:20 Image size of job updated: 769104
	205  -  MemoryUsage of job (MB)
	209700  -  ResidentSetSize of job (KB)
...
040 (2521668.162.000) 07/19 02:37:20 Started transferring output files
...
040 (2521668.162.000) 07/19 02:37:21 Finished transferring output files
...
005 (2521668.162.000) 07/19 02:37:21 Job terminated.
	(1) Normal termination (return value 0)
		Usr 0 00:00:45, Sys 0 00:00:02  -  Run Remote Usage
		Usr 0 00:00:00, Sys 0 00:00:00  -  Run Local Usage
		Usr 0 00:00:45, Sys 0 00:00:02  -  Total Remote Usage
		Usr 0 00:00:00, Sys 0 00:00:00  -  Total Local Usage
	53203  -  Run Bytes Sent By Job
	55262812  -  Run Bytes Received By Job
	53203  -  Total Bytes Sent By Job
	55262812  -  Total Bytes Received By Job
	Partitionable Resources :     Usage  Request Allocated 
	   Cpus                 :      0.01        3         3 
	   Disk (KB)            : 182671       75000   1338504 
	   Memory (MB)          :    205        6000      6000 

	Job terminated of its own accord at 2021-07-19T00:37:20Z.
...
