000 (2534572.017.000) 07/21 23:44:26 Job submitted from host: <188.185.70.244:9618?addrs=188.185.70.244-9618+[2001-1458-d00-7--100-2ee]-9618&alias=bigbird10.cern.ch&noUDP&sock=schedd_2037_ca81>
...
040 (2534572.017.000) 07/21 23:49:29 Started transferring input files
	Transferring to host: <128.142.84.154:9618?addrs=128.142.84.154-9618+[2001-1458-301-f6--100-39f]-9618&alias=b7s14n6244.cern.ch&noUDP&sock=slot1_7_6636_6987_74640>
...
040 (2534572.017.000) 07/21 23:49:30 Finished transferring input files
...
001 (2534572.017.000) 07/21 23:49:30 Job executing on host: <128.142.84.154:9618?addrs=128.142.84.154-9618+[2001-1458-301-f6--100-39f]-9618&alias=b7s14n6244.cern.ch&noUDP&sock=startd_5317_9925>
...
006 (2534572.017.000) 07/21 23:49:39 Image size of job updated: 123372
	77  -  MemoryUsage of job (MB)
	78596  -  ResidentSetSize of job (KB)
...
006 (2534572.017.000) 07/21 23:54:40 Image size of job updated: 627388
	201  -  MemoryUsage of job (MB)
	205772  -  ResidentSetSize of job (KB)
...
006 (2534572.017.000) 07/22 00:34:42 Image size of job updated: 814212
	290  -  MemoryUsage of job (MB)
	296824  -  ResidentSetSize of job (KB)
...
006 (2534572.017.000) 07/22 00:49:44 Image size of job updated: 814868
	291  -  MemoryUsage of job (MB)
	297492  -  ResidentSetSize of job (KB)
...
040 (2534572.017.000) 07/22 00:52:59 Started transferring output files
...
040 (2534572.017.000) 07/22 00:52:59 Finished transferring output files
...
005 (2534572.017.000) 07/22 00:52:59 Job terminated.
	(1) Normal termination (return value 0)
		Usr 0 00:23:30, Sys 0 00:00:03  -  Run Remote Usage
		Usr 0 00:00:00, Sys 0 00:00:00  -  Run Local Usage
		Usr 0 00:23:30, Sys 0 00:00:03  -  Total Remote Usage
		Usr 0 00:00:00, Sys 0 00:00:00  -  Total Local Usage
	44191  -  Run Bytes Sent By Job
	55262812  -  Run Bytes Received By Job
	44191  -  Total Bytes Sent By Job
	55262812  -  Total Bytes Received By Job
	Partitionable Resources :     Usage  Request Allocated 
	   Cpus                 :      1.00        3         3 
	   Disk (KB)            : 183762       75000    260790 
	   Memory (MB)          :    291        6000      6000 

	Job terminated of its own accord at 2021-07-21T22:52:59Z.
...
