000 (2521675.016.000) 07/19 04:18:38 Job submitted from host: <188.185.70.244:9618?addrs=188.185.70.244-9618+[2001-1458-d00-7--100-2ee]-9618&alias=bigbird10.cern.ch&noUDP&sock=schedd_2037_ca81>
...
040 (2521675.016.000) 07/19 04:24:26 Started transferring input files
	Transferring to host: <188.184.169.67:9618?addrs=188.184.169.67-9618+[2001-1458-301-c0--100-36e]-9618&alias=b7g52n2421.cern.ch&noUDP&sock=slot1_2_16499_c9b8_118378>
...
040 (2521675.016.000) 07/19 04:24:26 Finished transferring input files
...
001 (2521675.016.000) 07/19 04:24:26 Job executing on host: <188.184.169.67:9618?addrs=188.184.169.67-9618+[2001-1458-301-c0--100-36e]-9618&alias=b7g52n2421.cern.ch&noUDP&sock=startd_16478_1dab>
...
006 (2521675.016.000) 07/19 04:24:36 Image size of job updated: 174508
	10  -  MemoryUsage of job (MB)
	9320  -  ResidentSetSize of job (KB)
...
006 (2521675.016.000) 07/19 04:29:36 Image size of job updated: 626824
	201  -  MemoryUsage of job (MB)
	205296  -  ResidentSetSize of job (KB)
...
040 (2521675.016.000) 07/19 04:33:16 Started transferring output files
...
040 (2521675.016.000) 07/19 04:33:16 Finished transferring output files
...
005 (2521675.016.000) 07/19 04:33:17 Job terminated.
	(1) Normal termination (return value 0)
		Usr 0 00:01:03, Sys 0 00:00:03  -  Run Remote Usage
		Usr 0 00:00:00, Sys 0 00:00:00  -  Run Local Usage
		Usr 0 00:01:03, Sys 0 00:00:03  -  Total Remote Usage
		Usr 0 00:00:00, Sys 0 00:00:00  -  Total Local Usage
	47964  -  Run Bytes Sent By Job
	55262812  -  Run Bytes Received By Job
	47964  -  Total Bytes Sent By Job
	55262812  -  Total Bytes Received By Job
	Partitionable Resources :     Usage  Request Allocated 
	   Cpus                 :      0.00        3         3 
	   Disk (KB)            : 178897       75000    286666 
	   Memory (MB)          :    201        6000      6000 

	Job terminated of its own accord at 2021-07-19T02:33:16Z.
...
