000 (2524617.205.000) 07/20 01:52:27 Job submitted from host: <188.185.70.244:9618?addrs=188.185.70.244-9618+[2001-1458-d00-7--100-2ee]-9618&alias=bigbird10.cern.ch&noUDP&sock=schedd_2037_ca81>
...
040 (2524617.205.000) 07/20 02:01:24 Started transferring input files
	Transferring to host: <188.184.139.27:9618?addrs=188.184.139.27-9618+[2001-1458-301-45--100-fb]-9618&alias=b7g42n0530.cern.ch&noUDP&sock=slot1_1_3482_2247_69880>
...
040 (2524617.205.000) 07/20 02:01:24 Finished transferring input files
...
001 (2524617.205.000) 07/20 02:01:24 Job executing on host: <188.184.139.27:9618?addrs=188.184.139.27-9618+[2001-1458-301-45--100-fb]-9618&alias=b7g42n0530.cern.ch&noUDP&sock=startd_2907_89e7>
...
006 (2524617.205.000) 07/20 02:01:33 Image size of job updated: 439304
	77  -  MemoryUsage of job (MB)
	78212  -  ResidentSetSize of job (KB)
...
006 (2524617.205.000) 07/20 02:06:34 Image size of job updated: 809592
	289  -  MemoryUsage of job (MB)
	295676  -  ResidentSetSize of job (KB)
...
006 (2524617.205.000) 07/20 02:26:36 Image size of job updated: 810024
	290  -  MemoryUsage of job (MB)
	296260  -  ResidentSetSize of job (KB)
...
040 (2524617.205.000) 07/20 02:28:12 Started transferring output files
...
040 (2524617.205.000) 07/20 02:28:12 Finished transferring output files
...
005 (2524617.205.000) 07/20 02:28:12 Job terminated.
	(1) Normal termination (return value 0)
		Usr 0 00:23:59, Sys 0 00:00:04  -  Run Remote Usage
		Usr 0 00:00:00, Sys 0 00:00:00  -  Run Local Usage
		Usr 0 00:23:59, Sys 0 00:00:04  -  Total Remote Usage
		Usr 0 00:00:00, Sys 0 00:00:00  -  Total Local Usage
	53076  -  Run Bytes Sent By Job
	55262812  -  Run Bytes Received By Job
	53076  -  Total Bytes Sent By Job
	55262812  -  Total Bytes Received By Job
	Partitionable Resources :     Usage  Request Allocated 
	   Cpus                 :      1.00        3         3 
	   Disk (KB)            : 182703       75000    315531 
	   Memory (MB)          :    290        6000      6000 

	Job terminated of its own accord at 2021-07-20T00:28:12Z.
...
