000 (2557077.023.000) 07/28 10:49:38 Job submitted from host: <188.185.70.244:9618?addrs=188.185.70.244-9618+[2001-1458-d00-7--100-2ee]-9618&alias=bigbird10.cern.ch&noUDP&sock=schedd_2037_ca81>
...
040 (2557077.023.000) 07/28 12:27:23 Started transferring input files
	Transferring to host: <128.142.73.176:9618?addrs=128.142.73.176-9618+[2001-1458-301-75--100-484]-9618&alias=b7s11n1072.cern.ch&noUDP&sock=slot1_2_10918_77f5_130948>
...
040 (2557077.023.000) 07/28 12:27:24 Finished transferring input files
...
001 (2557077.023.000) 07/28 12:27:24 Job executing on host: <128.142.73.176:9618?addrs=128.142.73.176-9618+[2001-1458-301-75--100-484]-9618&alias=b7s11n1072.cern.ch&noUDP&sock=startd_16682_0afd>
...
006 (2557077.023.000) 07/28 12:27:33 Image size of job updated: 532896
	155  -  MemoryUsage of job (MB)
	157848  -  ResidentSetSize of job (KB)
...
006 (2557077.023.000) 07/28 12:32:34 Image size of job updated: 774324
	251  -  MemoryUsage of job (MB)
	256860  -  ResidentSetSize of job (KB)
...
006 (2557077.023.000) 07/28 12:34:02 Image size of job updated: 774924
	251  -  MemoryUsage of job (MB)
	256860  -  ResidentSetSize of job (KB)
...
040 (2557077.023.000) 07/28 12:34:07 Entered queue to transfer output files
...
040 (2557077.023.000) 07/28 12:34:27 Started transferring output files
...
040 (2557077.023.000) 07/28 12:34:27 Finished transferring output files
...
005 (2557077.023.000) 07/28 12:34:28 Job terminated.
	(1) Normal termination (return value 0)
		Usr 0 00:06:32, Sys 0 00:00:02  -  Run Remote Usage
		Usr 0 00:00:00, Sys 0 00:00:00  -  Run Local Usage
		Usr 0 00:06:32, Sys 0 00:00:02  -  Total Remote Usage
		Usr 0 00:00:00, Sys 0 00:00:00  -  Total Local Usage
	49657  -  Run Bytes Sent By Job
	55262880  -  Run Bytes Received By Job
	49657  -  Total Bytes Sent By Job
	55262880  -  Total Bytes Received By Job
	Partitionable Resources :     Usage  Request Allocated 
	   Cpus                 :      1.00        5         5 
	   Disk (KB)            : 178855       75000    279546 
	   Memory (MB)          :    251       10000     10000 

	Job terminated of its own accord at 2021-07-28T10:34:02Z.
...
