000 (2536881.120.000) 07/22 03:18:13 Job submitted from host: <188.185.70.244:9618?addrs=188.185.70.244-9618+[2001-1458-d00-7--100-2ee]-9618&alias=bigbird10.cern.ch&noUDP&sock=schedd_2037_ca81>
...
040 (2536881.120.000) 07/22 03:35:01 Started transferring input files
	Transferring to host: <188.184.197.18:9618?addrs=188.184.197.18-9618+[2001-1458-301-103--100-a]-9618&alias=b7g23n1378.cern.ch&noUDP&sock=slot1_3_23679_bf5c_122500>
...
001 (2536881.120.000) 07/22 03:35:02 Job executing on host: <188.184.197.18:9618?addrs=188.184.197.18-9618+[2001-1458-301-103--100-a]-9618&alias=b7g23n1378.cern.ch&noUDP&sock=startd_17894_5fc6>
...
040 (2536881.120.000) 07/22 03:35:02 Finished transferring input files
...
006 (2536881.120.000) 07/22 03:35:11 Image size of job updated: 1058536
	5  -  MemoryUsage of job (MB)
	4176  -  ResidentSetSize of job (KB)
...
006 (2536881.120.000) 07/22 03:40:12 Image size of job updated: 1058536
	205  -  MemoryUsage of job (MB)
	208904  -  ResidentSetSize of job (KB)
...
006 (2536881.120.000) 07/22 03:45:12 Image size of job updated: 1058536
	205  -  MemoryUsage of job (MB)
	208908  -  ResidentSetSize of job (KB)
...
006 (2536881.120.000) 07/22 03:50:13 Image size of job updated: 1058536
	205  -  MemoryUsage of job (MB)
	208912  -  ResidentSetSize of job (KB)
...
006 (2536881.120.000) 07/22 04:15:14 Image size of job updated: 1058536
	342  -  MemoryUsage of job (MB)
	349876  -  ResidentSetSize of job (KB)
...
040 (2536881.120.000) 07/22 04:46:23 Started transferring output files
...
040 (2536881.120.000) 07/22 04:46:26 Finished transferring output files
...
005 (2536881.120.000) 07/22 04:46:26 Job terminated.
	(1) Normal termination (return value 0)
		Usr 0 00:33:14, Sys 0 00:00:05  -  Run Remote Usage
		Usr 0 00:00:00, Sys 0 00:00:00  -  Run Local Usage
		Usr 0 00:33:14, Sys 0 00:00:05  -  Total Remote Usage
		Usr 0 00:00:00, Sys 0 00:00:00  -  Total Local Usage
	46589  -  Run Bytes Sent By Job
	55262812  -  Run Bytes Received By Job
	46589  -  Total Bytes Sent By Job
	55262812  -  Total Bytes Received By Job
	Partitionable Resources :     Usage  Request Allocated 
	   Cpus                 :      0.99        3         3 
	   Disk (KB)            : 190536       75000    356242 
	   Memory (MB)          :    342        6000      6000 

	Job terminated of its own accord at 2021-07-22T02:46:23Z.
...
