000 (2534572.116.000) 07/21 23:44:26 Job submitted from host: <188.185.70.244:9618?addrs=188.185.70.244-9618+[2001-1458-d00-7--100-2ee]-9618&alias=bigbird10.cern.ch&noUDP&sock=schedd_2037_ca81>
...
040 (2534572.116.000) 07/21 23:50:29 Started transferring input files
	Transferring to host: <128.142.58.63:9618?addrs=128.142.58.63-9618+[2001-1458-301-16--100-3e]-9618&alias=b7s03p2161.cern.ch&noUDP&sock=slot1_13_26568_4f31_12606>
...
040 (2534572.116.000) 07/21 23:50:30 Finished transferring input files
...
001 (2534572.116.000) 07/21 23:50:30 Job executing on host: <128.142.58.63:9618?addrs=128.142.58.63-9618+[2001-1458-301-16--100-3e]-9618&alias=b7s03p2161.cern.ch&noUDP&sock=startd_8620_2e76>
...
006 (2534572.116.000) 07/21 23:50:39 Image size of job updated: 331300
	205  -  MemoryUsage of job (MB)
	209176  -  ResidentSetSize of job (KB)
...
006 (2534572.116.000) 07/21 23:55:40 Image size of job updated: 630920
	205  -  MemoryUsage of job (MB)
	209184  -  ResidentSetSize of job (KB)
...
006 (2534572.116.000) 07/22 00:15:43 Image size of job updated: 637332
	211  -  MemoryUsage of job (MB)
	215660  -  ResidentSetSize of job (KB)
...
006 (2534572.116.000) 07/22 00:20:43 Image size of job updated: 1032052
	502  -  MemoryUsage of job (MB)
	513580  -  ResidentSetSize of job (KB)
...
006 (2534572.116.000) 07/22 01:45:50 Image size of job updated: 1032520
	503  -  MemoryUsage of job (MB)
	514120  -  ResidentSetSize of job (KB)
...
040 (2534572.116.000) 07/22 01:52:35 Started transferring output files
...
040 (2534572.116.000) 07/22 01:52:35 Finished transferring output files
...
005 (2534572.116.000) 07/22 01:52:35 Job terminated.
	(1) Normal termination (return value 0)
		Usr 0 01:37:20, Sys 0 00:00:07  -  Run Remote Usage
		Usr 0 00:00:00, Sys 0 00:00:00  -  Run Local Usage
		Usr 0 01:37:20, Sys 0 00:00:07  -  Total Remote Usage
		Usr 0 00:00:00, Sys 0 00:00:00  -  Total Local Usage
	45701  -  Run Bytes Sent By Job
	55262812  -  Run Bytes Received By Job
	45701  -  Total Bytes Sent By Job
	55262812  -  Total Bytes Received By Job
	Partitionable Resources :     Usage  Request Allocated 
	   Cpus                 :      1.00        3         3 
	   Disk (KB)            : 221542       75000   1267171 
	   Memory (MB)          :    503        6000      6000 

	Job terminated of its own accord at 2021-07-21T23:52:35Z.
...
