000 (2524617.119.000) 07/20 01:52:27 Job submitted from host: <188.185.70.244:9618?addrs=188.185.70.244-9618+[2001-1458-d00-7--100-2ee]-9618&alias=bigbird10.cern.ch&noUDP&sock=schedd_2037_ca81>
...
040 (2524617.119.000) 07/20 02:00:50 Started transferring input files
	Transferring to host: <188.184.182.50:9618?addrs=188.184.182.50-9618+[2001-1458-301-2b--100-e6]-9618&alias=b7g41n5067.cern.ch&noUDP&sock=slot1_4_5184_58cc_73339>
...
040 (2524617.119.000) 07/20 02:00:51 Finished transferring input files
...
001 (2524617.119.000) 07/20 02:00:52 Job executing on host: <188.184.182.50:9618?addrs=188.184.182.50-9618+[2001-1458-301-2b--100-e6]-9618&alias=b7g41n5067.cern.ch&noUDP&sock=startd_4257_86c1>
...
006 (2524617.119.000) 07/20 02:01:00 Image size of job updated: 13984
	10  -  MemoryUsage of job (MB)
	10044  -  ResidentSetSize of job (KB)
...
006 (2524617.119.000) 07/20 02:06:00 Image size of job updated: 627244
	203  -  MemoryUsage of job (MB)
	207520  -  ResidentSetSize of job (KB)
...
006 (2524617.119.000) 07/20 02:31:02 Image size of job updated: 717332
	265  -  MemoryUsage of job (MB)
	270568  -  ResidentSetSize of job (KB)
...
006 (2524617.119.000) 07/20 02:36:03 Image size of job updated: 717860
	265  -  MemoryUsage of job (MB)
	271128  -  ResidentSetSize of job (KB)
...
006 (2524617.119.000) 07/20 02:41:04 Image size of job updated: 717860
	265  -  MemoryUsage of job (MB)
	271164  -  ResidentSetSize of job (KB)
...
040 (2524617.119.000) 07/20 02:41:17 Started transferring output files
...
040 (2524617.119.000) 07/20 02:41:18 Finished transferring output files
...
005 (2524617.119.000) 07/20 02:41:18 Job terminated.
	(1) Normal termination (return value 0)
		Usr 0 00:15:52, Sys 0 00:00:03  -  Run Remote Usage
		Usr 0 00:00:00, Sys 0 00:00:00  -  Run Local Usage
		Usr 0 00:15:52, Sys 0 00:00:03  -  Total Remote Usage
		Usr 0 00:00:00, Sys 0 00:00:00  -  Total Local Usage
	55917  -  Run Bytes Sent By Job
	55262812  -  Run Bytes Received By Job
	55917  -  Total Bytes Sent By Job
	55262812  -  Total Bytes Received By Job
	Partitionable Resources :     Usage  Request Allocated 
	   Cpus                 :      1.00        3         3 
	   Disk (KB)            : 178715       75000    355759 
	   Memory (MB)          :    265        6000      6000 

	Job terminated of its own accord at 2021-07-20T00:41:17Z.
...
