000 (2521876.183.000) 07/19 08:46:26 Job submitted from host: <188.185.70.244:9618?addrs=188.185.70.244-9618+[2001-1458-d00-7--100-2ee]-9618&alias=bigbird10.cern.ch&noUDP&sock=schedd_2037_ca81>
...
040 (2521876.183.000) 07/19 10:39:51 Started transferring input files
	Transferring to host: <128.142.75.191:9618?addrs=128.142.75.191-9618+[2001-1458-301-75--100-1bf]-9618&alias=b7s11n5119.cern.ch&noUDP&sock=slot1_10_4246_70e6_78331>
...
040 (2521876.183.000) 07/19 10:39:52 Finished transferring input files
...
001 (2521876.183.000) 07/19 10:39:52 Job executing on host: <128.142.75.191:9618?addrs=128.142.75.191-9618+[2001-1458-301-75--100-1bf]-9618&alias=b7s11n5119.cern.ch&noUDP&sock=startd_3665_76b0>
...
006 (2521876.183.000) 07/19 10:40:01 Image size of job updated: 51004
	28  -  MemoryUsage of job (MB)
	28376  -  ResidentSetSize of job (KB)
...
006 (2521876.183.000) 07/19 10:45:02 Image size of job updated: 626820
	201  -  MemoryUsage of job (MB)
	205304  -  ResidentSetSize of job (KB)
...
006 (2521876.183.000) 07/19 10:55:02 Image size of job updated: 793320
	270  -  MemoryUsage of job (MB)
	275876  -  ResidentSetSize of job (KB)
...
006 (2521876.183.000) 07/19 11:05:03 Image size of job updated: 793804
	270  -  MemoryUsage of job (MB)
	276472  -  ResidentSetSize of job (KB)
...
040 (2521876.183.000) 07/19 11:05:43 Entered queue to transfer output files
...
040 (2521876.183.000) 07/19 11:06:17 Started transferring output files
...
040 (2521876.183.000) 07/19 11:06:18 Finished transferring output files
...
005 (2521876.183.000) 07/19 11:06:19 Job terminated.
	(1) Normal termination (return value 0)
		Usr 0 00:14:52, Sys 0 00:00:02  -  Run Remote Usage
		Usr 0 00:00:00, Sys 0 00:00:00  -  Run Local Usage
		Usr 0 00:14:52, Sys 0 00:00:02  -  Total Remote Usage
		Usr 0 00:00:00, Sys 0 00:00:00  -  Total Local Usage
	51835  -  Run Bytes Sent By Job
	55262812  -  Run Bytes Received By Job
	51835  -  Total Bytes Sent By Job
	55262812  -  Total Bytes Received By Job
	Partitionable Resources :     Usage  Request Allocated 
	   Cpus                 :      1.00        3         3 
	   Disk (KB)            : 179930       75000    272231 
	   Memory (MB)          :    270        6000      6000 

	Job terminated of its own accord at 2021-07-19T09:05:38Z.
...
