000 (2524617.049.000) 07/20 01:52:26 Job submitted from host: <188.185.70.244:9618?addrs=188.185.70.244-9618+[2001-1458-d00-7--100-2ee]-9618&alias=bigbird10.cern.ch&noUDP&sock=schedd_2037_ca81>
...
040 (2524617.049.000) 07/20 01:55:42 Started transferring input files
	Transferring to host: <128.142.59.43:9618?addrs=128.142.59.43-9618+[2001-1458-301-21--100-2a]-9618&alias=b7s04p7620.cern.ch&noUDP&sock=slot1_4_6783_fcad_12452>
...
040 (2524617.049.000) 07/20 01:55:43 Finished transferring input files
...
001 (2524617.049.000) 07/20 01:55:43 Job executing on host: <128.142.59.43:9618?addrs=128.142.59.43-9618+[2001-1458-301-21--100-2a]-9618&alias=b7s04p7620.cern.ch&noUDP&sock=startd_6329_befd>
...
006 (2524617.049.000) 07/20 01:55:52 Image size of job updated: 613388
	190  -  MemoryUsage of job (MB)
	193884  -  ResidentSetSize of job (KB)
...
006 (2524617.049.000) 07/20 02:00:53 Image size of job updated: 731500
	279  -  MemoryUsage of job (MB)
	284792  -  ResidentSetSize of job (KB)
...
006 (2524617.049.000) 07/20 02:05:54 Image size of job updated: 732016
	279  -  MemoryUsage of job (MB)
	285392  -  ResidentSetSize of job (KB)
...
040 (2524617.049.000) 07/20 02:09:23 Started transferring output files
...
040 (2524617.049.000) 07/20 02:09:23 Finished transferring output files
...
005 (2524617.049.000) 07/20 02:09:23 Job terminated.
	(1) Normal termination (return value 0)
		Usr 0 00:10:50, Sys 0 00:00:02  -  Run Remote Usage
		Usr 0 00:00:00, Sys 0 00:00:00  -  Run Local Usage
		Usr 0 00:10:50, Sys 0 00:00:02  -  Total Remote Usage
		Usr 0 00:00:00, Sys 0 00:00:00  -  Total Local Usage
	50409  -  Run Bytes Sent By Job
	55262812  -  Run Bytes Received By Job
	50409  -  Total Bytes Sent By Job
	55262812  -  Total Bytes Received By Job
	Partitionable Resources :     Usage  Request Allocated 
	   Cpus                 :      1.00        3         3 
	   Disk (KB)            : 181276       75000   1303282 
	   Memory (MB)          :    279        6000      6000 

	Job terminated of its own accord at 2021-07-20T00:09:22Z.
...
