000 (2522101.026.000) 07/19 11:55:34 Job submitted from host: <188.185.70.244:9618?addrs=188.185.70.244-9618+[2001-1458-d00-7--100-2ee]-9618&alias=bigbird10.cern.ch&noUDP&sock=schedd_2037_ca81>
...
040 (2522101.026.000) 07/19 12:24:41 Started transferring input files
	Transferring to host: <128.142.57.114:9618?addrs=128.142.57.114-9618+[2001-1458-301-7--100-71]-9618&alias=b7s02p1424.cern.ch&noUDP&sock=slot1_42_6375_839c_12393>
...
040 (2522101.026.000) 07/19 12:24:42 Finished transferring input files
...
001 (2522101.026.000) 07/19 12:24:42 Job executing on host: <128.142.57.114:9618?addrs=128.142.57.114-9618+[2001-1458-301-7--100-71]-9618&alias=b7s02p1424.cern.ch&noUDP&sock=startd_6140_1b97>
...
006 (2522101.026.000) 07/19 12:24:50 Image size of job updated: 558156
	202  -  MemoryUsage of job (MB)
	205876  -  ResidentSetSize of job (KB)
...
006 (2522101.026.000) 07/19 12:29:50 Image size of job updated: 824312
	300  -  MemoryUsage of job (MB)
	306996  -  ResidentSetSize of job (KB)
...
006 (2522101.026.000) 07/19 12:39:39 Image size of job updated: 824912
	300  -  MemoryUsage of job (MB)
	306996  -  ResidentSetSize of job (KB)
...
040 (2522101.026.000) 07/19 12:39:39 Started transferring output files
...
040 (2522101.026.000) 07/19 12:39:39 Finished transferring output files
...
005 (2522101.026.000) 07/19 12:39:40 Job terminated.
	(1) Normal termination (return value 0)
		Usr 0 00:13:36, Sys 0 00:00:02  -  Run Remote Usage
		Usr 0 00:00:00, Sys 0 00:00:00  -  Run Local Usage
		Usr 0 00:13:36, Sys 0 00:00:02  -  Total Remote Usage
		Usr 0 00:00:00, Sys 0 00:00:00  -  Total Local Usage
	50629  -  Run Bytes Sent By Job
	55262812  -  Run Bytes Received By Job
	50629  -  Total Bytes Sent By Job
	55262812  -  Total Bytes Received By Job
	Partitionable Resources :     Usage  Request Allocated 
	   Cpus                 :      1.00        3         3 
	   Disk (KB)            : 185575       75000   1275468 
	   Memory (MB)          :    300        6000      6000 

	Job terminated of its own accord at 2021-07-19T10:39:39Z.
...
