000 (2524617.212.000) 07/20 01:52:27 Job submitted from host: <188.185.70.244:9618?addrs=188.185.70.244-9618+[2001-1458-d00-7--100-2ee]-9618&alias=bigbird10.cern.ch&noUDP&sock=schedd_2037_ca81>
...
040 (2524617.212.000) 07/20 02:01:27 Started transferring input files
	Transferring to host: <188.184.197.149:9618?addrs=188.184.197.149-9618+[2001-1458-301-103--100-1bf]-9618&alias=b7g23n1006.cern.ch&noUDP&sock=slot1_1_24872_52ec_123383>
...
040 (2524617.212.000) 07/20 02:01:28 Finished transferring input files
...
001 (2524617.212.000) 07/20 02:01:28 Job executing on host: <188.184.197.149:9618?addrs=188.184.197.149-9618+[2001-1458-301-103--100-1bf]-9618&alias=b7g23n1006.cern.ch&noUDP&sock=startd_17865_7b87>
...
006 (2524617.212.000) 07/20 02:01:36 Image size of job updated: 25412
	9  -  MemoryUsage of job (MB)
	9196  -  ResidentSetSize of job (KB)
...
006 (2524617.212.000) 07/20 02:06:36 Image size of job updated: 627388
	202  -  MemoryUsage of job (MB)
	205844  -  ResidentSetSize of job (KB)
...
006 (2524617.212.000) 07/20 02:21:38 Image size of job updated: 824132
	300  -  MemoryUsage of job (MB)
	306788  -  ResidentSetSize of job (KB)
...
006 (2524617.212.000) 07/20 02:41:40 Image size of job updated: 824720
	301  -  MemoryUsage of job (MB)
	307392  -  ResidentSetSize of job (KB)
...
040 (2524617.212.000) 07/20 02:45:44 Started transferring output files
...
040 (2524617.212.000) 07/20 02:45:44 Finished transferring output files
...
005 (2524617.212.000) 07/20 02:45:44 Job terminated.
	(1) Normal termination (return value 0)
		Usr 0 00:27:55, Sys 0 00:00:04  -  Run Remote Usage
		Usr 0 00:00:00, Sys 0 00:00:00  -  Run Local Usage
		Usr 0 00:27:55, Sys 0 00:00:04  -  Total Remote Usage
		Usr 0 00:00:00, Sys 0 00:00:00  -  Total Local Usage
	49169  -  Run Bytes Sent By Job
	55262812  -  Run Bytes Received By Job
	49169  -  Total Bytes Sent By Job
	55262812  -  Total Bytes Received By Job
	Partitionable Resources :     Usage  Request Allocated 
	   Cpus                 :      1.00        3         3 
	   Disk (KB)            : 185450       75000    348369 
	   Memory (MB)          :    301        6000      6000 

	Job terminated of its own accord at 2021-07-20T00:45:44Z.
...
