000 (2521668.007.000) 07/19 01:56:56 Job submitted from host: <188.185.70.244:9618?addrs=188.185.70.244-9618+[2001-1458-d00-7--100-2ee]-9618&alias=bigbird10.cern.ch&noUDP&sock=schedd_2037_ca81>
...
040 (2521668.007.000) 07/19 01:58:22 Started transferring input files
	Transferring to host: <188.184.196.244:9618?addrs=188.184.196.244-9618+[2001-1458-301-102--100-f5]-9618&alias=b7g24n0489.cern.ch&noUDP&sock=slot1_2_3389_9b63_69524>
...
040 (2521668.007.000) 07/19 01:58:23 Finished transferring input files
...
001 (2521668.007.000) 07/19 01:58:23 Job executing on host: <188.184.196.244:9618?addrs=188.184.196.244-9618+[2001-1458-301-102--100-f5]-9618&alias=b7g24n0489.cern.ch&noUDP&sock=startd_2852_d031>
...
006 (2521668.007.000) 07/19 01:58:32 Image size of job updated: 174488
	39  -  MemoryUsage of job (MB)
	39508  -  ResidentSetSize of job (KB)
...
006 (2521668.007.000) 07/19 02:03:33 Image size of job updated: 631392
	205  -  MemoryUsage of job (MB)
	209648  -  ResidentSetSize of job (KB)
...
006 (2521668.007.000) 07/19 02:06:17 Image size of job updated: 767540
	205  -  MemoryUsage of job (MB)
	209648  -  ResidentSetSize of job (KB)
...
040 (2521668.007.000) 07/19 02:06:17 Started transferring output files
...
040 (2521668.007.000) 07/19 02:06:17 Finished transferring output files
...
005 (2521668.007.000) 07/19 02:06:17 Job terminated.
	(1) Normal termination (return value 0)
		Usr 0 00:01:23, Sys 0 00:00:03  -  Run Remote Usage
		Usr 0 00:00:00, Sys 0 00:00:00  -  Run Local Usage
		Usr 0 00:01:23, Sys 0 00:00:03  -  Total Remote Usage
		Usr 0 00:00:00, Sys 0 00:00:00  -  Total Local Usage
	53299  -  Run Bytes Sent By Job
	55262812  -  Run Bytes Received By Job
	53299  -  Total Bytes Sent By Job
	55262812  -  Total Bytes Received By Job
	Partitionable Resources :    Usage  Request Allocated 
	   Cpus                 :                 3         3 
	   Disk (KB)            :   182666    75000    297286 
	   Memory (MB)          :      205     6000      6000 

	Job terminated of its own accord at 2021-07-19T00:06:17Z.
...
