000 (2523366.092.000) 07/19 23:50:30 Job submitted from host: <188.185.70.244:9618?addrs=188.185.70.244-9618+[2001-1458-d00-7--100-2ee]-9618&alias=bigbird10.cern.ch&noUDP&sock=schedd_2037_ca81>
...
040 (2523366.092.000) 07/20 00:13:57 Started transferring input files
	Transferring to host: <128.142.56.153:9618?addrs=128.142.56.153-9618+[2001-1458-301-6--100-98]-9618&alias=b7s01p5892.cern.ch&noUDP&sock=slot1_41_45687_5fdb_13873>
...
040 (2523366.092.000) 07/20 00:13:58 Finished transferring input files
...
001 (2523366.092.000) 07/20 00:13:58 Job executing on host: <128.142.56.153:9618?addrs=128.142.56.153-9618+[2001-1458-301-6--100-98]-9618&alias=b7s01p5892.cern.ch&noUDP&sock=startd_41586_1d91>
...
006 (2523366.092.000) 07/20 00:14:07 Image size of job updated: 610864
	201  -  MemoryUsage of job (MB)
	205284  -  ResidentSetSize of job (KB)
...
006 (2523366.092.000) 07/20 00:19:08 Image size of job updated: 626816
	201  -  MemoryUsage of job (MB)
	205284  -  ResidentSetSize of job (KB)
...
006 (2523366.092.000) 07/20 00:24:08 Image size of job updated: 816472
	293  -  MemoryUsage of job (MB)
	299196  -  ResidentSetSize of job (KB)
...
006 (2523366.092.000) 07/20 00:36:59 Image size of job updated: 817084
	293  -  MemoryUsage of job (MB)
	299196  -  ResidentSetSize of job (KB)
...
040 (2523366.092.000) 07/20 00:36:59 Started transferring output files
...
040 (2523366.092.000) 07/20 00:36:59 Finished transferring output files
...
005 (2523366.092.000) 07/20 00:36:59 Job terminated.
	(1) Normal termination (return value 0)
		Usr 0 00:18:13, Sys 0 00:00:02  -  Run Remote Usage
		Usr 0 00:00:00, Sys 0 00:00:00  -  Run Local Usage
		Usr 0 00:18:13, Sys 0 00:00:02  -  Total Remote Usage
		Usr 0 00:00:00, Sys 0 00:00:00  -  Total Local Usage
	49099  -  Run Bytes Sent By Job
	55262812  -  Run Bytes Received By Job
	49099  -  Total Bytes Sent By Job
	55262812  -  Total Bytes Received By Job
	Partitionable Resources :     Usage  Request Allocated 
	   Cpus                 :      1.00        3         3 
	   Disk (KB)            : 184083       75000   1367973 
	   Memory (MB)          :    293        6000      6000 

	Job terminated of its own accord at 2021-07-19T22:36:59Z.
...
