000 (2524871.160.000) 07/20 04:35:08 Job submitted from host: <188.185.70.244:9618?addrs=188.185.70.244-9618+[2001-1458-d00-7--100-2ee]-9618&alias=bigbird10.cern.ch&noUDP&sock=schedd_2037_ca81>
...
040 (2524871.160.000) 07/20 05:26:03 Started transferring input files
	Transferring to host: <188.184.197.104:9618?addrs=188.184.197.104-9618+[2001-1458-301-103--100-35a]-9618&alias=b7g23n8707.cern.ch&noUDP&sock=slot1_3_24054_f80b_120135>
...
040 (2524871.160.000) 07/20 05:26:04 Finished transferring input files
...
001 (2524871.160.000) 07/20 05:26:04 Job executing on host: <188.184.197.104:9618?addrs=188.184.197.104-9618+[2001-1458-301-103--100-35a]-9618&alias=b7g23n8707.cern.ch&noUDP&sock=startd_3210_5f19>
...
006 (2524871.160.000) 07/20 05:26:12 Image size of job updated: 174508
	10  -  MemoryUsage of job (MB)
	9248  -  ResidentSetSize of job (KB)
...
006 (2524871.160.000) 07/20 05:31:12 Image size of job updated: 631952
	205  -  MemoryUsage of job (MB)
	209684  -  ResidentSetSize of job (KB)
...
006 (2524871.160.000) 07/20 05:36:13 Image size of job updated: 807060
	287  -  MemoryUsage of job (MB)
	293352  -  ResidentSetSize of job (KB)
...
006 (2524871.160.000) 07/20 05:51:15 Image size of job updated: 807644
	288  -  MemoryUsage of job (MB)
	293916  -  ResidentSetSize of job (KB)
...
040 (2524871.160.000) 07/20 05:53:27 Started transferring output files
...
040 (2524871.160.000) 07/20 05:53:27 Finished transferring output files
...
005 (2524871.160.000) 07/20 05:53:27 Job terminated.
	(1) Normal termination (return value 0)
		Usr 0 00:21:08, Sys 0 00:00:03  -  Run Remote Usage
		Usr 0 00:00:00, Sys 0 00:00:00  -  Run Local Usage
		Usr 0 00:21:08, Sys 0 00:00:03  -  Total Remote Usage
		Usr 0 00:00:00, Sys 0 00:00:00  -  Total Local Usage
	52777  -  Run Bytes Sent By Job
	55262812  -  Run Bytes Received By Job
	52777  -  Total Bytes Sent By Job
	55262812  -  Total Bytes Received By Job
	Partitionable Resources :     Usage  Request Allocated 
	   Cpus                 :      1.00        3         3 
	   Disk (KB)            : 182271       75000    346942 
	   Memory (MB)          :    288        6000      6000 

	Job terminated of its own accord at 2021-07-20T03:53:26Z.
...
