000 (2521876.060.000) 07/19 08:46:26 Job submitted from host: <188.185.70.244:9618?addrs=188.185.70.244-9618+[2001-1458-d00-7--100-2ee]-9618&alias=bigbird10.cern.ch&noUDP&sock=schedd_2037_ca81>
...
040 (2521876.060.000) 07/19 09:32:53 Started transferring input files
	Transferring to host: <128.142.161.139:9618?addrs=128.142.161.139-9618+[2001-1458-301-b9--100-8]-9618&alias=b7g03p8300.cern.ch&noUDP&sock=slot1_1_123053_b865_155736>
...
040 (2521876.060.000) 07/19 09:32:54 Finished transferring input files
...
001 (2521876.060.000) 07/19 09:32:54 Job executing on host: <128.142.161.139:9618?addrs=128.142.161.139-9618+[2001-1458-301-b9--100-8]-9618&alias=b7g03p8300.cern.ch&noUDP&sock=startd_70323_4ea8>
...
006 (2521876.060.000) 07/19 09:33:03 Image size of job updated: 178788
	111  -  MemoryUsage of job (MB)
	113544  -  ResidentSetSize of job (KB)
...
006 (2521876.060.000) 07/19 09:38:04 Image size of job updated: 631136
	206  -  MemoryUsage of job (MB)
	210188  -  ResidentSetSize of job (KB)
...
006 (2521876.060.000) 07/19 09:58:06 Image size of job updated: 631136
	209  -  MemoryUsage of job (MB)
	213380  -  ResidentSetSize of job (KB)
...
006 (2521876.060.000) 07/19 10:03:08 Image size of job updated: 939888
	412  -  MemoryUsage of job (MB)
	421464  -  ResidentSetSize of job (KB)
...
006 (2521876.060.000) 07/19 11:18:14 Image size of job updated: 940416
	413  -  MemoryUsage of job (MB)
	422128  -  ResidentSetSize of job (KB)
...
040 (2521876.060.000) 07/19 11:24:28 Started transferring output files
...
040 (2521876.060.000) 07/19 11:24:28 Finished transferring output files
...
005 (2521876.060.000) 07/19 11:24:28 Job terminated.
	(1) Normal termination (return value 0)
		Usr 0 01:28:25, Sys 0 00:00:11  -  Run Remote Usage
		Usr 0 00:00:00, Sys 0 00:00:00  -  Run Local Usage
		Usr 0 01:28:25, Sys 0 00:00:11  -  Total Remote Usage
		Usr 0 00:00:00, Sys 0 00:00:00  -  Total Local Usage
	48098  -  Run Bytes Sent By Job
	55262812  -  Run Bytes Received By Job
	48098  -  Total Bytes Sent By Job
	55262812  -  Total Bytes Received By Job
	Partitionable Resources :     Usage  Request Allocated 
	   Cpus                 :      1.00        3         3 
	   Disk (KB)            : 204678       75000   1351424 
	   Memory (MB)          :    413        6000      6000 

	Job terminated of its own accord at 2021-07-19T09:24:27Z.
...
