000 (2526743.153.000) 07/20 13:19:14 Job submitted from host: <188.185.70.244:9618?addrs=188.185.70.244-9618+[2001-1458-d00-7--100-2ee]-9618&alias=bigbird10.cern.ch&noUDP&sock=schedd_2037_ca81>
...
040 (2526743.153.000) 07/20 13:28:02 Started transferring input files
	Transferring to host: <188.184.198.46:9618?addrs=188.184.198.46-9618+[2001-1458-301-c1--100-a2]-9618&alias=b7g52n3928.cern.ch&noUDP&sock=slot1_10_5072_6ec7_68374>
...
040 (2526743.153.000) 07/20 13:28:03 Finished transferring input files
...
001 (2526743.153.000) 07/20 13:28:03 Job executing on host: <188.184.198.46:9618?addrs=188.184.198.46-9618+[2001-1458-301-c1--100-a2]-9618&alias=b7g52n3928.cern.ch&noUDP&sock=startd_3860_37a8>
...
006 (2526743.153.000) 07/20 13:28:12 Image size of job updated: 401280
	28  -  MemoryUsage of job (MB)
	28372  -  ResidentSetSize of job (KB)
...
006 (2526743.153.000) 07/20 13:33:13 Image size of job updated: 626284
	201  -  MemoryUsage of job (MB)
	205212  -  ResidentSetSize of job (KB)
...
006 (2526743.153.000) 07/20 13:53:16 Image size of job updated: 804740
	281  -  MemoryUsage of job (MB)
	287648  -  ResidentSetSize of job (KB)
...
006 (2526743.153.000) 07/20 14:08:17 Image size of job updated: 805192
	282  -  MemoryUsage of job (MB)
	288240  -  ResidentSetSize of job (KB)
...
040 (2526743.153.000) 07/20 14:12:40 Started transferring output files
...
040 (2526743.153.000) 07/20 14:12:40 Finished transferring output files
...
005 (2526743.153.000) 07/20 14:12:41 Job terminated.
	(1) Normal termination (return value 0)
		Usr 0 00:23:10, Sys 0 00:00:02  -  Run Remote Usage
		Usr 0 00:00:00, Sys 0 00:00:00  -  Run Local Usage
		Usr 0 00:23:10, Sys 0 00:00:02  -  Total Remote Usage
		Usr 0 00:00:00, Sys 0 00:00:00  -  Total Local Usage
	50922  -  Run Bytes Sent By Job
	55262812  -  Run Bytes Received By Job
	50922  -  Total Bytes Sent By Job
	55262812  -  Total Bytes Received By Job
	Partitionable Resources :     Usage  Request Allocated 
	   Cpus                 :      1.00        3         3 
	   Disk (KB)            : 181936       75000    281178 
	   Memory (MB)          :    282        6000      6000 

	Job terminated of its own accord at 2021-07-20T12:12:40Z.
...
