000 (2536881.218.000) 07/22 03:18:13 Job submitted from host: <188.185.70.244:9618?addrs=188.185.70.244-9618+[2001-1458-d00-7--100-2ee]-9618&alias=bigbird10.cern.ch&noUDP&sock=schedd_2037_ca81>
...
040 (2536881.218.000) 07/22 04:06:58 Started transferring input files
	Transferring to host: <128.142.59.28:9618?addrs=128.142.59.28-9618+[2001-1458-301-21--100-1b]-9618&alias=b7s04p6229.cern.ch&noUDP&sock=slot1_15_5438_5016_15040>
...
040 (2536881.218.000) 07/22 04:06:58 Finished transferring input files
...
001 (2536881.218.000) 07/22 04:06:58 Job executing on host: <128.142.59.28:9618?addrs=128.142.59.28-9618+[2001-1458-301-21--100-1b]-9618&alias=b7s04p6229.cern.ch&noUDP&sock=startd_4983_8083>
...
006 (2536881.218.000) 07/22 04:07:07 Image size of job updated: 281248
	202  -  MemoryUsage of job (MB)
	205896  -  ResidentSetSize of job (KB)
...
006 (2536881.218.000) 07/22 04:12:08 Image size of job updated: 824868
	301  -  MemoryUsage of job (MB)
	308192  -  ResidentSetSize of job (KB)
...
006 (2536881.218.000) 07/22 04:22:02 Image size of job updated: 825384
	301  -  MemoryUsage of job (MB)
	308192  -  ResidentSetSize of job (KB)
...
040 (2536881.218.000) 07/22 04:22:03 Started transferring output files
...
040 (2536881.218.000) 07/22 04:22:03 Finished transferring output files
...
005 (2536881.218.000) 07/22 04:22:03 Job terminated.
	(1) Normal termination (return value 0)
		Usr 0 00:14:36, Sys 0 00:00:01  -  Run Remote Usage
		Usr 0 00:00:00, Sys 0 00:00:00  -  Run Local Usage
		Usr 0 00:14:36, Sys 0 00:00:01  -  Total Remote Usage
		Usr 0 00:00:00, Sys 0 00:00:00  -  Total Local Usage
	44901  -  Run Bytes Sent By Job
	55262812  -  Run Bytes Received By Job
	44901  -  Total Bytes Sent By Job
	55262812  -  Total Bytes Received By Job
	Partitionable Resources :     Usage  Request Allocated 
	   Cpus                 :      1.00        3         3 
	   Disk (KB)            : 185680       75000   1255499 
	   Memory (MB)          :    301        6000      6000 

	Job terminated of its own accord at 2021-07-22T02:22:02Z.
...
