000 (2521842.101.000) 07/19 05:55:55 Job submitted from host: <188.185.70.244:9618?addrs=188.185.70.244-9618+[2001-1458-d00-7--100-2ee]-9618&alias=bigbird10.cern.ch&noUDP&sock=schedd_2037_ca81>
...
040 (2521842.101.000) 07/19 06:01:32 Started transferring input files
	Transferring to host: <128.142.58.58:9618?addrs=128.142.58.58-9618+[2001-1458-301-16--100-39]-9618&alias=b7s03p6459.cern.ch&noUDP&sock=slot1_33_6576_2304_12645>
...
040 (2521842.101.000) 07/19 06:01:33 Finished transferring input files
...
001 (2521842.101.000) 07/19 06:01:33 Job executing on host: <128.142.58.58:9618?addrs=128.142.58.58-9618+[2001-1458-301-16--100-39]-9618&alias=b7s03p6459.cern.ch&noUDP&sock=startd_6105_19c6>
...
006 (2521842.101.000) 07/19 06:01:42 Image size of job updated: 229644
	152  -  MemoryUsage of job (MB)
	155572  -  ResidentSetSize of job (KB)
...
006 (2521842.101.000) 07/19 06:06:43 Image size of job updated: 636076
	209  -  MemoryUsage of job (MB)
	213484  -  ResidentSetSize of job (KB)
...
006 (2521842.101.000) 07/19 06:11:44 Image size of job updated: 636076
	209  -  MemoryUsage of job (MB)
	213488  -  ResidentSetSize of job (KB)
...
006 (2521842.101.000) 07/19 06:36:47 Image size of job updated: 822756
	302  -  MemoryUsage of job (MB)
	308516  -  ResidentSetSize of job (KB)
...
006 (2521842.101.000) 07/19 06:41:48 Image size of job updated: 823304
	302  -  MemoryUsage of job (MB)
	309196  -  ResidentSetSize of job (KB)
...
040 (2521842.101.000) 07/19 06:44:44 Started transferring output files
...
040 (2521842.101.000) 07/19 06:44:44 Finished transferring output files
...
005 (2521842.101.000) 07/19 06:44:44 Job terminated.
	(1) Normal termination (return value 0)
		Usr 0 00:13:25, Sys 0 00:00:03  -  Run Remote Usage
		Usr 0 00:00:00, Sys 0 00:00:00  -  Run Local Usage
		Usr 0 00:13:25, Sys 0 00:00:03  -  Total Remote Usage
		Usr 0 00:00:00, Sys 0 00:00:00  -  Total Local Usage
	50672  -  Run Bytes Sent By Job
	55262812  -  Run Bytes Received By Job
	50672  -  Total Bytes Sent By Job
	55262812  -  Total Bytes Received By Job
	Partitionable Resources :     Usage  Request Allocated 
	   Cpus                 :      1.00        3         3 
	   Disk (KB)            : 184396       75000   1304203 
	   Memory (MB)          :    302        6000      6000 

	Job terminated of its own accord at 2021-07-19T04:44:44Z.
...
