000 (2521842.128.000) 07/19 05:55:56 Job submitted from host: <188.185.70.244:9618?addrs=188.185.70.244-9618+[2001-1458-d00-7--100-2ee]-9618&alias=bigbird10.cern.ch&noUDP&sock=schedd_2037_ca81>
...
040 (2521842.128.000) 07/19 06:01:40 Started transferring input files
	Transferring to host: <128.142.57.11:9618?addrs=128.142.57.11-9618+[2001-1458-301-7--100-a]-9618&alias=b7s02p9848.cern.ch&noUDP&sock=slot1_7_6660_5288_12995>
...
040 (2521842.128.000) 07/19 06:01:41 Finished transferring input files
...
001 (2521842.128.000) 07/19 06:01:41 Job executing on host: <128.142.57.11:9618?addrs=128.142.57.11-9618+[2001-1458-301-7--100-a]-9618&alias=b7s02p9848.cern.ch&noUDP&sock=startd_6195_d54c>
...
006 (2521842.128.000) 07/19 06:01:49 Image size of job updated: 242020
	164  -  MemoryUsage of job (MB)
	167676  -  ResidentSetSize of job (KB)
...
006 (2521842.128.000) 07/19 06:06:49 Image size of job updated: 811584
	292  -  MemoryUsage of job (MB)
	298220  -  ResidentSetSize of job (KB)
...
006 (2521842.128.000) 07/19 06:16:12 Image size of job updated: 812168
	292  -  MemoryUsage of job (MB)
	298220  -  ResidentSetSize of job (KB)
...
040 (2521842.128.000) 07/19 06:16:12 Started transferring output files
...
040 (2521842.128.000) 07/19 06:16:12 Finished transferring output files
...
005 (2521842.128.000) 07/19 06:16:12 Job terminated.
	(1) Normal termination (return value 0)
		Usr 0 00:13:16, Sys 0 00:00:02  -  Run Remote Usage
		Usr 0 00:00:00, Sys 0 00:00:00  -  Run Local Usage
		Usr 0 00:13:16, Sys 0 00:00:02  -  Total Remote Usage
		Usr 0 00:00:00, Sys 0 00:00:00  -  Total Local Usage
	49001  -  Run Bytes Sent By Job
	55262812  -  Run Bytes Received By Job
	49001  -  Total Bytes Sent By Job
	55262812  -  Total Bytes Received By Job
	Partitionable Resources :     Usage  Request Allocated 
	   Cpus                 :      1.00        3         3 
	   Disk (KB)            : 183149       75000   1337760 
	   Memory (MB)          :    292        6000      6000 

	Job terminated of its own accord at 2021-07-19T04:16:12Z.
...
