000 (2524871.081.000) 07/20 04:35:08 Job submitted from host: <188.185.70.244:9618?addrs=188.185.70.244-9618+[2001-1458-d00-7--100-2ee]-9618&alias=bigbird10.cern.ch&noUDP&sock=schedd_2037_ca81>
...
040 (2524871.081.000) 07/20 05:09:37 Started transferring input files
	Transferring to host: <128.142.56.10:9618?addrs=128.142.56.10-9618+[2001-1458-301-6--100-9]-9618&alias=b7s01p5233.cern.ch&noUDP&sock=slot1_17_43046_8d10_13225>
...
040 (2524871.081.000) 07/20 05:09:38 Finished transferring input files
...
001 (2524871.081.000) 07/20 05:09:38 Job executing on host: <128.142.56.10:9618?addrs=128.142.56.10-9618+[2001-1458-301-6--100-9]-9618&alias=b7s01p5233.cern.ch&noUDP&sock=startd_39428_e830>
...
006 (2524871.081.000) 07/20 05:09:47 Image size of job updated: 561956
	164  -  MemoryUsage of job (MB)
	167632  -  ResidentSetSize of job (KB)
...
006 (2524871.081.000) 07/20 05:14:48 Image size of job updated: 801776
	279  -  MemoryUsage of job (MB)
	284800  -  ResidentSetSize of job (KB)
...
006 (2524871.081.000) 07/20 05:24:49 Image size of job updated: 802364
	279  -  MemoryUsage of job (MB)
	285400  -  ResidentSetSize of job (KB)
...
040 (2524871.081.000) 07/20 05:28:33 Started transferring output files
...
040 (2524871.081.000) 07/20 05:28:33 Finished transferring output files
...
005 (2524871.081.000) 07/20 05:28:34 Job terminated.
	(1) Normal termination (return value 0)
		Usr 0 00:15:14, Sys 0 00:00:04  -  Run Remote Usage
		Usr 0 00:00:00, Sys 0 00:00:00  -  Run Local Usage
		Usr 0 00:15:14, Sys 0 00:00:04  -  Total Remote Usage
		Usr 0 00:00:00, Sys 0 00:00:00  -  Total Local Usage
	50462  -  Run Bytes Sent By Job
	55262812  -  Run Bytes Received By Job
	50462  -  Total Bytes Sent By Job
	55262812  -  Total Bytes Received By Job
	Partitionable Resources :     Usage  Request Allocated 
	   Cpus                 :      1.00        3         3 
	   Disk (KB)            : 181429       75000   1277215 
	   Memory (MB)          :    279        6000      6000 

	Job terminated of its own accord at 2021-07-20T03:28:33Z.
...
