000 (2522101.055.000) 07/19 11:55:34 Job submitted from host: <188.185.70.244:9618?addrs=188.185.70.244-9618+[2001-1458-d00-7--100-2ee]-9618&alias=bigbird10.cern.ch&noUDP&sock=schedd_2037_ca81>
...
040 (2522101.055.000) 07/19 12:34:02 Started transferring input files
	Transferring to host: <128.142.57.125:9618?addrs=128.142.57.125-9618+[2001-1458-301-7--100-7c]-9618&alias=b7s02p8541.cern.ch&noUDP&sock=slot1_3_6544_9703_12825>
...
040 (2522101.055.000) 07/19 12:34:03 Finished transferring input files
...
001 (2522101.055.000) 07/19 12:34:03 Job executing on host: <128.142.57.125:9618?addrs=128.142.57.125-9618+[2001-1458-301-7--100-7c]-9618&alias=b7s02p8541.cern.ch&noUDP&sock=startd_6085_61e1>
...
006 (2522101.055.000) 07/19 12:34:11 Image size of job updated: 609856
	191  -  MemoryUsage of job (MB)
	195096  -  ResidentSetSize of job (KB)
...
006 (2522101.055.000) 07/19 12:39:12 Image size of job updated: 630920
	205  -  MemoryUsage of job (MB)
	209240  -  ResidentSetSize of job (KB)
...
006 (2522101.055.000) 07/19 13:39:21 Image size of job updated: 904792
	379  -  MemoryUsage of job (MB)
	387396  -  ResidentSetSize of job (KB)
...
040 (2522101.055.000) 07/19 14:43:22 Started transferring output files
...
040 (2522101.055.000) 07/19 14:43:22 Finished transferring output files
...
005 (2522101.055.000) 07/19 14:43:23 Job terminated.
	(1) Normal termination (return value 0)
		Usr 0 01:06:18, Sys 0 00:00:05  -  Run Remote Usage
		Usr 0 00:00:00, Sys 0 00:00:00  -  Run Local Usage
		Usr 0 01:06:18, Sys 0 00:00:05  -  Total Remote Usage
		Usr 0 00:00:00, Sys 0 00:00:00  -  Total Local Usage
	49280  -  Run Bytes Sent By Job
	55262812  -  Run Bytes Received By Job
	49280  -  Total Bytes Sent By Job
	55262812  -  Total Bytes Received By Job
	Partitionable Resources :     Usage  Request Allocated 
	   Cpus                 :      1.00        3         3 
	   Disk (KB)            : 197267       75000   1267212 
	   Memory (MB)          :    379        6000      6000 

	Job terminated of its own accord at 2021-07-19T12:43:22Z.
...
