000 (2524871.071.000) 07/20 04:35:08 Job submitted from host: <188.185.70.244:9618?addrs=188.185.70.244-9618+[2001-1458-d00-7--100-2ee]-9618&alias=bigbird10.cern.ch&noUDP&sock=schedd_2037_ca81>
...
040 (2524871.071.000) 07/20 05:11:26 Started transferring input files
	Transferring to host: <128.142.87.121:9618?addrs=128.142.87.121-9618+[2001-1458-301-f6--100-5a6]-9618&alias=b7s14n6811.cern.ch&noUDP&sock=slot1_1_5634_699e_74220>
...
040 (2524871.071.000) 07/20 05:11:27 Finished transferring input files
...
001 (2524871.071.000) 07/20 05:11:27 Job executing on host: <128.142.87.121:9618?addrs=128.142.87.121-9618+[2001-1458-301-f6--100-5a6]-9618&alias=b7s14n6811.cern.ch&noUDP&sock=startd_4561_0b8c>
...
006 (2524871.071.000) 07/20 05:11:36 Image size of job updated: 325556
	10  -  MemoryUsage of job (MB)
	9532  -  ResidentSetSize of job (KB)
...
006 (2524871.071.000) 07/20 05:16:36 Image size of job updated: 806400
	287  -  MemoryUsage of job (MB)
	293088  -  ResidentSetSize of job (KB)
...
006 (2524871.071.000) 07/20 05:31:07 Image size of job updated: 806896
	287  -  MemoryUsage of job (MB)
	293088  -  ResidentSetSize of job (KB)
...
040 (2524871.071.000) 07/20 05:31:07 Started transferring output files
...
040 (2524871.071.000) 07/20 05:31:07 Finished transferring output files
...
005 (2524871.071.000) 07/20 05:31:08 Job terminated.
	(1) Normal termination (return value 0)
		Usr 0 00:16:28, Sys 0 00:00:02  -  Run Remote Usage
		Usr 0 00:00:00, Sys 0 00:00:00  -  Run Local Usage
		Usr 0 00:16:28, Sys 0 00:00:02  -  Total Remote Usage
		Usr 0 00:00:00, Sys 0 00:00:00  -  Total Local Usage
	53221  -  Run Bytes Sent By Job
	55262812  -  Run Bytes Received By Job
	53221  -  Total Bytes Sent By Job
	55262812  -  Total Bytes Received By Job
	Partitionable Resources :     Usage  Request Allocated 
	   Cpus                 :      1.00        3         3 
	   Disk (KB)            : 182135       75000    268642 
	   Memory (MB)          :    287        6000      6000 

	Job terminated of its own accord at 2021-07-20T03:31:07Z.
...
