000 (2521842.121.000) 07/19 05:55:56 Job submitted from host: <188.185.70.244:9618?addrs=188.185.70.244-9618+[2001-1458-d00-7--100-2ee]-9618&alias=bigbird10.cern.ch&noUDP&sock=schedd_2037_ca81>
...
040 (2521842.121.000) 07/19 06:01:38 Started transferring input files
	Transferring to host: <128.142.57.31:9618?addrs=128.142.57.31-9618+[2001-1458-301-7--100-1e]-9618&alias=b7s02p0022.cern.ch&noUDP&sock=slot1_6_4171_98c3_12715>
...
040 (2521842.121.000) 07/19 06:01:39 Finished transferring input files
...
001 (2521842.121.000) 07/19 06:01:39 Job executing on host: <128.142.57.31:9618?addrs=128.142.57.31-9618+[2001-1458-301-7--100-1e]-9618&alias=b7s02p0022.cern.ch&noUDP&sock=startd_3713_633c>
...
006 (2521842.121.000) 07/19 06:01:48 Image size of job updated: 467272
	175  -  MemoryUsage of job (MB)
	178888  -  ResidentSetSize of job (KB)
...
006 (2521842.121.000) 07/19 06:06:49 Image size of job updated: 630332
	204  -  MemoryUsage of job (MB)
	208708  -  ResidentSetSize of job (KB)
...
006 (2521842.121.000) 07/19 06:11:50 Image size of job updated: 630332
	204  -  MemoryUsage of job (MB)
	208712  -  ResidentSetSize of job (KB)
...
006 (2521842.121.000) 07/19 06:36:54 Image size of job updated: 818236
	293  -  MemoryUsage of job (MB)
	299800  -  ResidentSetSize of job (KB)
...
006 (2521842.121.000) 07/19 06:46:54 Image size of job updated: 818732
	294  -  MemoryUsage of job (MB)
	300328  -  ResidentSetSize of job (KB)
...
040 (2521842.121.000) 07/19 06:48:48 Started transferring output files
...
040 (2521842.121.000) 07/19 06:48:48 Finished transferring output files
...
005 (2521842.121.000) 07/19 06:48:48 Job terminated.
	(1) Normal termination (return value 0)
		Usr 0 00:13:36, Sys 0 00:00:03  -  Run Remote Usage
		Usr 0 00:00:00, Sys 0 00:00:00  -  Run Local Usage
		Usr 0 00:13:36, Sys 0 00:00:03  -  Total Remote Usage
		Usr 0 00:00:00, Sys 0 00:00:00  -  Total Local Usage
	49140  -  Run Bytes Sent By Job
	55262812  -  Run Bytes Received By Job
	49140  -  Total Bytes Sent By Job
	55262812  -  Total Bytes Received By Job
	Partitionable Resources :     Usage  Request Allocated 
	   Cpus                 :      1.00        3         3 
	   Disk (KB)            : 183694       75000   1292292 
	   Memory (MB)          :    294        6000      6000 

	Job terminated of its own accord at 2021-07-19T04:48:48Z.
...
