000 (2536881.064.000) 07/22 03:18:13 Job submitted from host: <188.185.70.244:9618?addrs=188.185.70.244-9618+[2001-1458-d00-7--100-2ee]-9618&alias=bigbird10.cern.ch&noUDP&sock=schedd_2037_ca81>
...
040 (2536881.064.000) 07/22 03:25:24 Started transferring input files
	Transferring to host: <188.184.210.129:9618?addrs=188.184.210.129-9618+[2001-1458-301-10b--100-2f1]-9618&alias=b7g23n4395.cern.ch&noUDP&sock=slot1_2_11002_a778_119744>
...
040 (2536881.064.000) 07/22 03:25:25 Finished transferring input files
...
001 (2536881.064.000) 07/22 03:25:25 Job executing on host: <188.184.210.129:9618?addrs=188.184.210.129-9618+[2001-1458-301-10b--100-2f1]-9618&alias=b7g23n4395.cern.ch&noUDP&sock=startd_20000_ea3a>
...
006 (2536881.064.000) 07/22 03:25:34 Image size of job updated: 438748
	9  -  MemoryUsage of job (MB)
	9196  -  ResidentSetSize of job (KB)
...
006 (2536881.064.000) 07/22 03:30:35 Image size of job updated: 631392
	205  -  MemoryUsage of job (MB)
	209612  -  ResidentSetSize of job (KB)
...
006 (2536881.064.000) 07/22 03:35:35 Image size of job updated: 817300
	297  -  MemoryUsage of job (MB)
	304004  -  ResidentSetSize of job (KB)
...
006 (2536881.064.000) 07/22 04:00:38 Image size of job updated: 817804
	298  -  MemoryUsage of job (MB)
	304508  -  ResidentSetSize of job (KB)
...
040 (2536881.064.000) 07/22 04:03:41 Started transferring output files
...
040 (2536881.064.000) 07/22 04:03:41 Finished transferring output files
...
005 (2536881.064.000) 07/22 04:03:41 Job terminated.
	(1) Normal termination (return value 0)
		Usr 0 00:30:09, Sys 0 00:00:04  -  Run Remote Usage
		Usr 0 00:00:00, Sys 0 00:00:00  -  Run Local Usage
		Usr 0 00:30:09, Sys 0 00:00:04  -  Total Remote Usage
		Usr 0 00:00:00, Sys 0 00:00:00  -  Total Local Usage
	44343  -  Run Bytes Sent By Job
	55262812  -  Run Bytes Received By Job
	44343  -  Total Bytes Sent By Job
	55262812  -  Total Bytes Received By Job
	Partitionable Resources :     Usage  Request Allocated 
	   Cpus                 :      1.00        3         3 
	   Disk (KB)            : 184191       75000    345880 
	   Memory (MB)          :    298        6000      6000 

	Job terminated of its own accord at 2021-07-22T02:03:41Z.
...
