000 (2524617.043.000) 07/20 01:52:26 Job submitted from host: <188.185.70.244:9618?addrs=188.185.70.244-9618+[2001-1458-d00-7--100-2ee]-9618&alias=bigbird10.cern.ch&noUDP&sock=schedd_2037_ca81>
...
040 (2524617.043.000) 07/20 01:55:40 Started transferring input files
	Transferring to host: <128.142.58.113:9618?addrs=128.142.58.113-9618+[2001-1458-301-16--100-70]-9618&alias=b7s03p5182.cern.ch&noUDP&sock=slot1_8_6877_37f1_11904>
...
040 (2524617.043.000) 07/20 01:55:41 Finished transferring input files
...
001 (2524617.043.000) 07/20 01:55:41 Job executing on host: <128.142.58.113:9618?addrs=128.142.58.113-9618+[2001-1458-301-16--100-70]-9618&alias=b7s03p5182.cern.ch&noUDP&sock=startd_6419_7a83>
...
006 (2524617.043.000) 07/20 01:55:49 Image size of job updated: 570996
	149  -  MemoryUsage of job (MB)
	152432  -  ResidentSetSize of job (KB)
...
006 (2524617.043.000) 07/20 02:00:49 Image size of job updated: 739780
	287  -  MemoryUsage of job (MB)
	293128  -  ResidentSetSize of job (KB)
...
006 (2524617.043.000) 07/20 02:08:35 Image size of job updated: 740368
	287  -  MemoryUsage of job (MB)
	293128  -  ResidentSetSize of job (KB)
...
040 (2524617.043.000) 07/20 02:08:35 Started transferring output files
...
040 (2524617.043.000) 07/20 02:08:35 Finished transferring output files
...
005 (2524617.043.000) 07/20 02:08:35 Job terminated.
	(1) Normal termination (return value 0)
		Usr 0 00:12:42, Sys 0 00:00:02  -  Run Remote Usage
		Usr 0 00:00:00, Sys 0 00:00:00  -  Run Local Usage
		Usr 0 00:12:42, Sys 0 00:00:02  -  Total Remote Usage
		Usr 0 00:00:00, Sys 0 00:00:00  -  Total Local Usage
	52616  -  Run Bytes Sent By Job
	55262812  -  Run Bytes Received By Job
	52616  -  Total Bytes Sent By Job
	55262812  -  Total Bytes Received By Job
	Partitionable Resources :     Usage  Request Allocated 
	   Cpus                 :      1.00        3         3 
	   Disk (KB)            : 181902       75000   1334282 
	   Memory (MB)          :    287        6000      6000 

	Job terminated of its own accord at 2021-07-20T00:08:35Z.
...
