000 (2521668.008.000) 07/19 01:56:56 Job submitted from host: <188.185.70.244:9618?addrs=188.185.70.244-9618+[2001-1458-d00-7--100-2ee]-9618&alias=bigbird10.cern.ch&noUDP&sock=schedd_2037_ca81>
...
040 (2521668.008.000) 07/19 01:58:24 Started transferring input files
	Transferring to host: <128.142.81.7:9618?addrs=128.142.81.7-9618+[2001-1458-301-f5--100-3a4]-9618&alias=b7s13n0903.cern.ch&noUDP&sock=slot1_2_8011_395f_141578>
...
040 (2521668.008.000) 07/19 01:58:25 Finished transferring input files
...
001 (2521668.008.000) 07/19 01:58:25 Job executing on host: <128.142.81.7:9618?addrs=128.142.81.7-9618+[2001-1458-301-f5--100-3a4]-9618&alias=b7s13n0903.cern.ch&noUDP&sock=startd_16448_89d3>
...
006 (2521668.008.000) 07/19 01:58:33 Image size of job updated: 288720
	10  -  MemoryUsage of job (MB)
	9528  -  ResidentSetSize of job (KB)
...
006 (2521668.008.000) 07/19 02:03:33 Image size of job updated: 631968
	205  -  MemoryUsage of job (MB)
	209712  -  ResidentSetSize of job (KB)
...
006 (2521668.008.000) 07/19 02:27:04 Image size of job updated: 767460
	205  -  MemoryUsage of job (MB)
	209712  -  ResidentSetSize of job (KB)
...
040 (2521668.008.000) 07/19 02:27:04 Started transferring output files
...
040 (2521668.008.000) 07/19 02:27:04 Finished transferring output files
...
005 (2521668.008.000) 07/19 02:27:04 Job terminated.
	(1) Normal termination (return value 0)
		Usr 0 00:01:16, Sys 0 00:00:02  -  Run Remote Usage
		Usr 0 00:00:00, Sys 0 00:00:00  -  Run Local Usage
		Usr 0 00:01:16, Sys 0 00:00:02  -  Total Remote Usage
		Usr 0 00:00:00, Sys 0 00:00:00  -  Total Local Usage
	54122  -  Run Bytes Sent By Job
	55262812  -  Run Bytes Received By Job
	54122  -  Total Bytes Sent By Job
	55262812  -  Total Bytes Received By Job
	Partitionable Resources :     Usage  Request Allocated 
	   Cpus                 :      0.00        3         3 
	   Disk (KB)            : 182654       75000    274502 
	   Memory (MB)          :    205        6000      6000 

	Job terminated of its own accord at 2021-07-19T00:27:04Z.
...
