000 (2522101.065.000) 07/19 11:55:34 Job submitted from host: <188.185.70.244:9618?addrs=188.185.70.244-9618+[2001-1458-d00-7--100-2ee]-9618&alias=bigbird10.cern.ch&noUDP&sock=schedd_2037_ca81>
...
040 (2522101.065.000) 07/19 12:45:16 Started transferring input files
	Transferring to host: <128.142.57.16:9618?addrs=128.142.57.16-9618+[2001-1458-301-7--100-f]-9618&alias=b7s02p1761.cern.ch&noUDP&sock=slot1_14_6527_9ca2_12757>
...
040 (2522101.065.000) 07/19 12:45:16 Finished transferring input files
...
001 (2522101.065.000) 07/19 12:45:16 Job executing on host: <128.142.57.16:9618?addrs=128.142.57.16-9618+[2001-1458-301-7--100-f]-9618&alias=b7s02p1761.cern.ch&noUDP&sock=startd_6062_9b33>
...
006 (2522101.065.000) 07/19 12:45:25 Image size of job updated: 269612
	191  -  MemoryUsage of job (MB)
	194812  -  ResidentSetSize of job (KB)
...
006 (2522101.065.000) 07/19 12:50:26 Image size of job updated: 817032
	297  -  MemoryUsage of job (MB)
	303116  -  ResidentSetSize of job (KB)
...
006 (2522101.065.000) 07/19 12:59:49 Image size of job updated: 817488
	297  -  MemoryUsage of job (MB)
	303116  -  ResidentSetSize of job (KB)
...
040 (2522101.065.000) 07/19 12:59:49 Started transferring output files
...
040 (2522101.065.000) 07/19 12:59:49 Finished transferring output files
...
005 (2522101.065.000) 07/19 12:59:49 Job terminated.
	(1) Normal termination (return value 0)
		Usr 0 00:14:23, Sys 0 00:00:04  -  Run Remote Usage
		Usr 0 00:00:00, Sys 0 00:00:00  -  Run Local Usage
		Usr 0 00:14:23, Sys 0 00:00:04  -  Total Remote Usage
		Usr 0 00:00:00, Sys 0 00:00:00  -  Total Local Usage
	49553  -  Run Bytes Sent By Job
	55262812  -  Run Bytes Received By Job
	49553  -  Total Bytes Sent By Job
	55262812  -  Total Bytes Received By Job
	Partitionable Resources :     Usage  Request Allocated 
	   Cpus                 :      1.00        3         3 
	   Disk (KB)            : 184110       75000   1246730 
	   Memory (MB)          :    297        6000      6000 

	Job terminated of its own accord at 2021-07-19T10:59:49Z.
...
