000 (2521867.077.000) 07/19 07:46:08 Job submitted from host: <188.185.70.244:9618?addrs=188.185.70.244-9618+[2001-1458-d00-7--100-2ee]-9618&alias=bigbird10.cern.ch&noUDP&sock=schedd_2037_ca81>
...
040 (2521867.077.000) 07/19 07:49:09 Started transferring input files
	Transferring to host: <128.142.56.123:9618?addrs=128.142.56.123-9618+[2001-1458-301-6--100-7a]-9618&alias=b7s01p0177.cern.ch&noUDP&sock=slot1_14_51683_194f_15822>
...
040 (2521867.077.000) 07/19 07:49:09 Finished transferring input files
...
001 (2521867.077.000) 07/19 07:49:09 Job executing on host: <128.142.56.123:9618?addrs=128.142.56.123-9618+[2001-1458-301-6--100-7a]-9618&alias=b7s01p0177.cern.ch&noUDP&sock=startd_47330_0590>
...
006 (2521867.077.000) 07/19 07:49:18 Image size of job updated: 269004
	191  -  MemoryUsage of job (MB)
	194816  -  ResidentSetSize of job (KB)
...
006 (2521867.077.000) 07/19 07:54:18 Image size of job updated: 632516
	206  -  MemoryUsage of job (MB)
	210184  -  ResidentSetSize of job (KB)
...
006 (2521867.077.000) 07/19 08:04:20 Image size of job updated: 817448
	297  -  MemoryUsage of job (MB)
	303588  -  ResidentSetSize of job (KB)
...
006 (2521867.077.000) 07/19 08:14:20 Image size of job updated: 817996
	298  -  MemoryUsage of job (MB)
	304248  -  ResidentSetSize of job (KB)
...
040 (2521867.077.000) 07/19 08:15:17 Started transferring output files
...
040 (2521867.077.000) 07/19 08:15:17 Finished transferring output files
...
005 (2521867.077.000) 07/19 08:15:17 Job terminated.
	(1) Normal termination (return value 0)
		Usr 0 00:15:21, Sys 0 00:00:02  -  Run Remote Usage
		Usr 0 00:00:00, Sys 0 00:00:00  -  Run Local Usage
		Usr 0 00:15:21, Sys 0 00:00:02  -  Total Remote Usage
		Usr 0 00:00:00, Sys 0 00:00:00  -  Total Local Usage
	49598  -  Run Bytes Sent By Job
	55262812  -  Run Bytes Received By Job
	49598  -  Total Bytes Sent By Job
	55262812  -  Total Bytes Received By Job
	Partitionable Resources :     Usage  Request Allocated 
	   Cpus                 :      1.00        3         3 
	   Disk (KB)            : 184185       75000   1186841 
	   Memory (MB)          :    298        6000      6000 

	Job terminated of its own accord at 2021-07-19T06:15:17Z.
...
