000 (2521842.090.000) 07/19 05:55:55 Job submitted from host: <188.185.70.244:9618?addrs=188.185.70.244-9618+[2001-1458-d00-7--100-2ee]-9618&alias=bigbird10.cern.ch&noUDP&sock=schedd_2037_ca81>
...
040 (2521842.090.000) 07/19 06:01:22 Started transferring input files
	Transferring to host: <128.142.56.20:9618?addrs=128.142.56.20-9618+[2001-1458-301-6--100-13]-9618&alias=b7s01p6204.cern.ch&noUDP&sock=slot1_22_48903_565e_12454>
...
040 (2521842.090.000) 07/19 06:01:23 Finished transferring input files
...
001 (2521842.090.000) 07/19 06:01:23 Job executing on host: <128.142.56.20:9618?addrs=128.142.56.20-9618+[2001-1458-301-6--100-13]-9618&alias=b7s01p6204.cern.ch&noUDP&sock=startd_48858_1a46>
...
006 (2521842.090.000) 07/19 06:01:32 Image size of job updated: 424436
	201  -  MemoryUsage of job (MB)
	205160  -  ResidentSetSize of job (KB)
...
006 (2521842.090.000) 07/19 06:06:33 Image size of job updated: 818400
	295  -  MemoryUsage of job (MB)
	301228  -  ResidentSetSize of job (KB)
...
006 (2521842.090.000) 07/19 06:16:34 Image size of job updated: 818896
	295  -  MemoryUsage of job (MB)
	301828  -  ResidentSetSize of job (KB)
...
040 (2521842.090.000) 07/19 06:21:07 Started transferring output files
...
040 (2521842.090.000) 07/19 06:21:07 Finished transferring output files
...
005 (2521842.090.000) 07/19 06:21:08 Job terminated.
	(1) Normal termination (return value 0)
		Usr 0 00:19:19, Sys 0 00:00:03  -  Run Remote Usage
		Usr 0 00:00:00, Sys 0 00:00:00  -  Run Local Usage
		Usr 0 00:19:19, Sys 0 00:00:03  -  Total Remote Usage
		Usr 0 00:00:00, Sys 0 00:00:00  -  Total Local Usage
	50171  -  Run Bytes Sent By Job
	55262812  -  Run Bytes Received By Job
	50171  -  Total Bytes Sent By Job
	55262812  -  Total Bytes Received By Job
	Partitionable Resources :     Usage  Request Allocated 
	   Cpus                 :      1.00        3         3 
	   Disk (KB)            : 184481       75000   1265381 
	   Memory (MB)          :    295        6000      6000 

	Job terminated of its own accord at 2021-07-19T04:21:07Z.
...
