000 (2526743.145.000) 07/20 13:19:14 Job submitted from host: <188.185.70.244:9618?addrs=188.185.70.244-9618+[2001-1458-d00-7--100-2ee]-9618&alias=bigbird10.cern.ch&noUDP&sock=schedd_2037_ca81>
...
040 (2526743.145.000) 07/20 13:25:10 Started transferring input files
	Transferring to host: <128.142.56.168:9618?addrs=128.142.56.168-9618+[2001-1458-301-6--100-a7]-9618&alias=b7s01p8317.cern.ch&noUDP&sock=slot1_23_50674_2ac6_14077>
...
040 (2526743.145.000) 07/20 13:25:11 Finished transferring input files
...
001 (2526743.145.000) 07/20 13:25:11 Job executing on host: <128.142.56.168:9618?addrs=128.142.56.168-9618+[2001-1458-301-6--100-a7]-9618&alias=b7s01p8317.cern.ch&noUDP&sock=startd_50630_8c18>
...
006 (2526743.145.000) 07/20 13:25:20 Image size of job updated: 322924
	170  -  MemoryUsage of job (MB)
	173724  -  ResidentSetSize of job (KB)
...
006 (2526743.145.000) 07/20 13:30:21 Image size of job updated: 626836
	201  -  MemoryUsage of job (MB)
	205292  -  ResidentSetSize of job (KB)
...
006 (2526743.145.000) 07/20 13:55:24 Image size of job updated: 804332
	281  -  MemoryUsage of job (MB)
	286956  -  ResidentSetSize of job (KB)
...
006 (2526743.145.000) 07/20 14:05:25 Image size of job updated: 804864
	281  -  MemoryUsage of job (MB)
	287552  -  ResidentSetSize of job (KB)
...
040 (2526743.145.000) 07/20 14:05:41 Started transferring output files
...
040 (2526743.145.000) 07/20 14:05:41 Finished transferring output files
...
005 (2526743.145.000) 07/20 14:05:41 Job terminated.
	(1) Normal termination (return value 0)
		Usr 0 00:14:35, Sys 0 00:00:02  -  Run Remote Usage
		Usr 0 00:00:00, Sys 0 00:00:00  -  Run Local Usage
		Usr 0 00:14:35, Sys 0 00:00:02  -  Total Remote Usage
		Usr 0 00:00:00, Sys 0 00:00:00  -  Total Local Usage
	51859  -  Run Bytes Sent By Job
	55262812  -  Run Bytes Received By Job
	51859  -  Total Bytes Sent By Job
	55262812  -  Total Bytes Received By Job
	Partitionable Resources :     Usage  Request Allocated 
	   Cpus                 :      1.00        3         3 
	   Disk (KB)            : 181879       75000   1305843 
	   Memory (MB)          :    281        6000      6000 

	Job terminated of its own accord at 2021-07-20T12:05:41Z.
...
