000 (2521675.132.000) 07/19 04:18:40 Job submitted from host: <188.185.70.244:9618?addrs=188.185.70.244-9618+[2001-1458-d00-7--100-2ee]-9618&alias=bigbird10.cern.ch&noUDP&sock=schedd_2037_ca81>
...
040 (2521675.132.000) 07/19 04:24:41 Started transferring input files
	Transferring to host: <128.142.57.100:9618?addrs=128.142.57.100-9618+[2001-1458-301-7--100-63]-9618&alias=b7s02p6433.cern.ch&noUDP&sock=slot1_19_7083_5d39_15123>
...
040 (2521675.132.000) 07/19 04:24:42 Finished transferring input files
...
001 (2521675.132.000) 07/19 04:24:42 Job executing on host: <128.142.57.100:9618?addrs=128.142.57.100-9618+[2001-1458-301-7--100-63]-9618&alias=b7s02p6433.cern.ch&noUDP&sock=startd_6629_8566>
...
006 (2521675.132.000) 07/19 04:24:51 Image size of job updated: 631388
	191  -  MemoryUsage of job (MB)
	194812  -  ResidentSetSize of job (KB)
...
006 (2521675.132.000) 07/19 04:29:52 Image size of job updated: 631388
	205  -  MemoryUsage of job (MB)
	209604  -  ResidentSetSize of job (KB)
...
006 (2521675.132.000) 07/19 04:30:44 Image size of job updated: 766556
	205  -  MemoryUsage of job (MB)
	209604  -  ResidentSetSize of job (KB)
...
040 (2521675.132.000) 07/19 04:30:44 Started transferring output files
...
040 (2521675.132.000) 07/19 04:30:44 Finished transferring output files
...
005 (2521675.132.000) 07/19 04:30:45 Job terminated.
	(1) Normal termination (return value 0)
		Usr 0 00:00:47, Sys 0 00:00:01  -  Run Remote Usage
		Usr 0 00:00:00, Sys 0 00:00:00  -  Run Local Usage
		Usr 0 00:00:47, Sys 0 00:00:01  -  Total Remote Usage
		Usr 0 00:00:00, Sys 0 00:00:00  -  Total Local Usage
	52431  -  Run Bytes Sent By Job
	55262812  -  Run Bytes Received By Job
	52431  -  Total Bytes Sent By Job
	55262812  -  Total Bytes Received By Job
	Partitionable Resources :    Usage  Request Allocated 
	   Cpus                 :                 3         3 
	   Disk (KB)            :   182235    75000   1246278 
	   Memory (MB)          :      205     6000      6000 

	Job terminated of its own accord at 2021-07-19T02:30:44Z.
...
