000 (2521668.054.000) 07/19 01:56:56 Job submitted from host: <188.185.70.244:9618?addrs=188.185.70.244-9618+[2001-1458-d00-7--100-2ee]-9618&alias=bigbird10.cern.ch&noUDP&sock=schedd_2037_ca81>
...
040 (2521668.054.000) 07/19 02:01:35 Started transferring input files
	Transferring to host: <128.142.82.158:9618?addrs=128.142.82.158-9618+[2001-1458-301-f5--100-1e1]-9618&alias=b7s13n4386.cern.ch&noUDP&sock=slot1_3_30709_04ba_114735>
...
040 (2521668.054.000) 07/19 02:01:36 Finished transferring input files
...
001 (2521668.054.000) 07/19 02:01:36 Job executing on host: <128.142.82.158:9618?addrs=128.142.82.158-9618+[2001-1458-301-f5--100-1e1]-9618&alias=b7s13n4386.cern.ch&noUDP&sock=startd_16680_abcc>
...
006 (2521668.054.000) 07/19 02:01:45 Image size of job updated: 53072
	28  -  MemoryUsage of job (MB)
	28644  -  ResidentSetSize of job (KB)
...
006 (2521668.054.000) 07/19 02:06:47 Image size of job updated: 630292
	204  -  MemoryUsage of job (MB)
	208652  -  ResidentSetSize of job (KB)
...
006 (2521668.054.000) 07/19 02:42:48 Image size of job updated: 796308
	204  -  MemoryUsage of job (MB)
	208652  -  ResidentSetSize of job (KB)
...
040 (2521668.054.000) 07/19 02:42:48 Started transferring output files
...
040 (2521668.054.000) 07/19 02:42:48 Finished transferring output files
...
005 (2521668.054.000) 07/19 02:42:48 Job terminated.
	(1) Normal termination (return value 0)
		Usr 0 00:03:25, Sys 0 00:00:04  -  Run Remote Usage
		Usr 0 00:00:00, Sys 0 00:00:00  -  Run Local Usage
		Usr 0 00:03:25, Sys 0 00:00:04  -  Total Remote Usage
		Usr 0 00:00:00, Sys 0 00:00:00  -  Total Local Usage
	51286  -  Run Bytes Sent By Job
	55262812  -  Run Bytes Received By Job
	51286  -  Total Bytes Sent By Job
	55262812  -  Total Bytes Received By Job
	Partitionable Resources :     Usage  Request Allocated 
	   Cpus                 :      0.13        3         3 
	   Disk (KB)            : 202124       75000    280485 
	   Memory (MB)          :    204        6000      6000 

	Job terminated of its own accord at 2021-07-19T00:42:48Z.
...
