000 (2524871.202.000) 07/20 04:35:08 Job submitted from host: <188.185.70.244:9618?addrs=188.185.70.244-9618+[2001-1458-d00-7--100-2ee]-9618&alias=bigbird10.cern.ch&noUDP&sock=schedd_2037_ca81>
...
040 (2524871.202.000) 07/20 05:26:00 Started transferring input files
	Transferring to host: <128.142.57.84:9618?addrs=128.142.57.84-9618+[2001-1458-301-7--100-53]-9618&alias=b7s02p4931.cern.ch&noUDP&sock=slot1_2_6504_6802_16417>
...
040 (2524871.202.000) 07/20 05:26:01 Finished transferring input files
...
001 (2524871.202.000) 07/20 05:26:01 Job executing on host: <128.142.57.84:9618?addrs=128.142.57.84-9618+[2001-1458-301-7--100-53]-9618&alias=b7s02p4931.cern.ch&noUDP&sock=startd_6036_c5bd>
...
006 (2524871.202.000) 07/20 05:26:09 Image size of job updated: 268816
	190  -  MemoryUsage of job (MB)
	193676  -  ResidentSetSize of job (KB)
...
006 (2524871.202.000) 07/20 05:31:09 Image size of job updated: 632496
	206  -  MemoryUsage of job (MB)
	210212  -  ResidentSetSize of job (KB)
...
006 (2524871.202.000) 07/20 05:36:11 Image size of job updated: 807008
	287  -  MemoryUsage of job (MB)
	293148  -  ResidentSetSize of job (KB)
...
006 (2524871.202.000) 07/20 05:44:00 Image size of job updated: 807488
	287  -  MemoryUsage of job (MB)
	293148  -  ResidentSetSize of job (KB)
...
040 (2524871.202.000) 07/20 05:44:00 Started transferring output files
...
040 (2524871.202.000) 07/20 05:44:00 Finished transferring output files
...
005 (2524871.202.000) 07/20 05:44:00 Job terminated.
	(1) Normal termination (return value 0)
		Usr 0 00:08:55, Sys 0 00:00:02  -  Run Remote Usage
		Usr 0 00:00:00, Sys 0 00:00:00  -  Run Local Usage
		Usr 0 00:08:55, Sys 0 00:00:02  -  Total Remote Usage
		Usr 0 00:00:00, Sys 0 00:00:00  -  Total Local Usage
	52777  -  Run Bytes Sent By Job
	55262812  -  Run Bytes Received By Job
	52777  -  Total Bytes Sent By Job
	55262812  -  Total Bytes Received By Job
	Partitionable Resources :     Usage  Request Allocated 
	   Cpus                 :      0.00        3         3 
	   Disk (KB)            : 182242       75000   1241260 
	   Memory (MB)          :    287        6000      6000 

	Job terminated of its own accord at 2021-07-20T03:44:00Z.
...
