000 (2534572.202.000) 07/21 23:44:26 Job submitted from host: <188.185.70.244:9618?addrs=188.185.70.244-9618+[2001-1458-d00-7--100-2ee]-9618&alias=bigbird10.cern.ch&noUDP&sock=schedd_2037_ca81>
...
040 (2534572.202.000) 07/21 23:50:59 Started transferring input files
	Transferring to host: <128.142.57.147:9618?addrs=128.142.57.147-9618+[2001-1458-301-7--100-92]-9618&alias=b7s02p5602.cern.ch&noUDP&sock=slot1_5_6689_c169_17651>
...
040 (2534572.202.000) 07/21 23:51:00 Finished transferring input files
...
001 (2534572.202.000) 07/21 23:51:00 Job executing on host: <128.142.57.147:9618?addrs=128.142.57.147-9618+[2001-1458-301-7--100-92]-9618&alias=b7s02p5602.cern.ch&noUDP&sock=startd_6227_c854>
...
006 (2534572.202.000) 07/21 23:51:08 Image size of job updated: 489144
	164  -  MemoryUsage of job (MB)
	167788  -  ResidentSetSize of job (KB)
...
006 (2534572.202.000) 07/21 23:56:08 Image size of job updated: 631960
	205  -  MemoryUsage of job (MB)
	209676  -  ResidentSetSize of job (KB)
...
006 (2534572.202.000) 07/22 00:06:09 Image size of job updated: 631960
	205  -  MemoryUsage of job (MB)
	209680  -  ResidentSetSize of job (KB)
...
006 (2534572.202.000) 07/22 00:16:10 Image size of job updated: 819732
	299  -  MemoryUsage of job (MB)
	305972  -  ResidentSetSize of job (KB)
...
006 (2534572.202.000) 07/22 00:26:11 Image size of job updated: 820320
	300  -  MemoryUsage of job (MB)
	306572  -  ResidentSetSize of job (KB)
...
040 (2534572.202.000) 07/22 00:31:05 Started transferring output files
...
040 (2534572.202.000) 07/22 00:31:05 Finished transferring output files
...
005 (2534572.202.000) 07/22 00:31:05 Job terminated.
	(1) Normal termination (return value 0)
		Usr 0 00:19:12, Sys 0 00:00:02  -  Run Remote Usage
		Usr 0 00:00:00, Sys 0 00:00:00  -  Run Local Usage
		Usr 0 00:19:12, Sys 0 00:00:02  -  Total Remote Usage
		Usr 0 00:00:00, Sys 0 00:00:00  -  Total Local Usage
	43776  -  Run Bytes Sent By Job
	55262812  -  Run Bytes Received By Job
	43776  -  Total Bytes Sent By Job
	55262812  -  Total Bytes Received By Job
	Partitionable Resources :     Usage  Request Allocated 
	   Cpus                 :      1.00        3         3 
	   Disk (KB)            : 184653       75000   1327197 
	   Memory (MB)          :    300        6000      6000 

	Job terminated of its own accord at 2021-07-21T22:31:05Z.
...
