000 (2521842.171.000) 07/19 05:55:56 Job submitted from host: <188.185.70.244:9618?addrs=188.185.70.244-9618+[2001-1458-d00-7--100-2ee]-9618&alias=bigbird10.cern.ch&noUDP&sock=schedd_2037_ca81>
...
040 (2521842.171.000) 07/19 06:04:05 Started transferring input files
	Transferring to host: <188.184.168.30:9618?addrs=188.184.168.30-9618+[2001-1458-301-c0--100-4c0]-9618&alias=b7g52n2113.cern.ch&noUDP&sock=slot1_6_2953_67d1_126494>
...
040 (2521842.171.000) 07/19 06:04:06 Finished transferring input files
...
001 (2521842.171.000) 07/19 06:04:06 Job executing on host: <188.184.168.30:9618?addrs=188.184.168.30-9618+[2001-1458-301-c0--100-4c0]-9618&alias=b7g52n2113.cern.ch&noUDP&sock=startd_16627_5147>
...
006 (2521842.171.000) 07/19 06:04:15 Image size of job updated: 51000
	28  -  MemoryUsage of job (MB)
	28376  -  ResidentSetSize of job (KB)
...
006 (2521842.171.000) 07/19 06:09:16 Image size of job updated: 632500
	206  -  MemoryUsage of job (MB)
	210216  -  ResidentSetSize of job (KB)
...
006 (2521842.171.000) 07/19 06:29:18 Image size of job updated: 811700
	291  -  MemoryUsage of job (MB)
	297832  -  ResidentSetSize of job (KB)
...
006 (2521842.171.000) 07/19 06:44:19 Image size of job updated: 812184
	292  -  MemoryUsage of job (MB)
	298420  -  ResidentSetSize of job (KB)
...
040 (2521842.171.000) 07/19 06:44:48 Started transferring output files
...
040 (2521842.171.000) 07/19 06:44:48 Finished transferring output files
...
005 (2521842.171.000) 07/19 06:44:48 Job terminated.
	(1) Normal termination (return value 0)
		Usr 0 00:18:33, Sys 0 00:00:05  -  Run Remote Usage
		Usr 0 00:00:00, Sys 0 00:00:00  -  Run Local Usage
		Usr 0 00:18:33, Sys 0 00:00:05  -  Total Remote Usage
		Usr 0 00:00:00, Sys 0 00:00:00  -  Total Local Usage
	48708  -  Run Bytes Sent By Job
	55262812  -  Run Bytes Received By Job
	48708  -  Total Bytes Sent By Job
	55262812  -  Total Bytes Received By Job
	Partitionable Resources :     Usage  Request Allocated 
	   Cpus                 :      1.00        3         3 
	   Disk (KB)            : 183151       75000    230267 
	   Memory (MB)          :    292        6000      6000 

	Job terminated of its own accord at 2021-07-19T04:44:48Z.
...
