000 (2526743.052.000) 07/20 13:19:14 Job submitted from host: <188.185.70.244:9618?addrs=188.185.70.244-9618+[2001-1458-d00-7--100-2ee]-9618&alias=bigbird10.cern.ch&noUDP&sock=schedd_2037_ca81>
...
040 (2526743.052.000) 07/20 13:21:21 Started transferring input files
	Transferring to host: <188.184.196.188:9618?addrs=188.184.196.188-9618+[2001-1458-301-102--100-c6]-9618&alias=b7g24n0353.cern.ch&noUDP&sock=slot1_2_12988_f889_117758>
...
001 (2526743.052.000) 07/20 13:21:22 Job executing on host: <188.184.196.188:9618?addrs=188.184.196.188-9618+[2001-1458-301-102--100-c6]-9618&alias=b7g24n0353.cern.ch&noUDP&sock=startd_5693_80c1>
...
040 (2526743.052.000) 07/20 13:21:22 Finished transferring input files
...
006 (2526743.052.000) 07/20 13:21:31 Image size of job updated: 231364
	10  -  MemoryUsage of job (MB)
	9912  -  ResidentSetSize of job (KB)
...
006 (2526743.052.000) 07/20 13:26:32 Image size of job updated: 630272
	204  -  MemoryUsage of job (MB)
	208688  -  ResidentSetSize of job (KB)
...
006 (2526743.052.000) 07/20 14:16:35 Image size of job updated: 633400
	207  -  MemoryUsage of job (MB)
	211876  -  ResidentSetSize of job (KB)
...
006 (2526743.052.000) 07/20 14:21:36 Image size of job updated: 988612
	460  -  MemoryUsage of job (MB)
	470500  -  ResidentSetSize of job (KB)
...
006 (2526743.052.000) 07/20 15:36:44 Image size of job updated: 989100
	460  -  MemoryUsage of job (MB)
	471024  -  ResidentSetSize of job (KB)
...
040 (2526743.052.000) 07/20 15:55:25 Started transferring output files
...
040 (2526743.052.000) 07/20 15:55:26 Finished transferring output files
...
005 (2526743.052.000) 07/20 15:55:27 Job terminated.
	(1) Normal termination (return value 0)
		Usr 0 01:38:05, Sys 0 00:00:07  -  Run Remote Usage
		Usr 0 00:00:00, Sys 0 00:00:00  -  Run Local Usage
		Usr 0 01:38:05, Sys 0 00:00:07  -  Total Remote Usage
		Usr 0 00:00:00, Sys 0 00:00:00  -  Total Local Usage
	51016  -  Run Bytes Sent By Job
	55262812  -  Run Bytes Received By Job
	51016  -  Total Bytes Sent By Job
	55262812  -  Total Bytes Received By Job
	Partitionable Resources :     Usage  Request Allocated 
	   Cpus                 :      1.00        3         3 
	   Disk (KB)            : 213310       75000    296297 
	   Memory (MB)          :    460        6000      6000 

	Job terminated of its own accord at 2021-07-20T13:55:25Z.
...
