000 (2521867.101.000) 07/19 07:46:08 Job submitted from host: <188.185.70.244:9618?addrs=188.185.70.244-9618+[2001-1458-d00-7--100-2ee]-9618&alias=bigbird10.cern.ch&noUDP&sock=schedd_2037_ca81>
...
040 (2521867.101.000) 07/19 07:49:19 Started transferring input files
	Transferring to host: <128.142.56.106:9618?addrs=128.142.56.106-9618+[2001-1458-301-6--100-69]-9618&alias=b7s01p1580.cern.ch&noUDP&sock=slot1_11_52476_d6cf_15401>
...
040 (2521867.101.000) 07/19 07:49:20 Finished transferring input files
...
001 (2521867.101.000) 07/19 07:49:20 Job executing on host: <128.142.56.106:9618?addrs=128.142.56.106-9618+[2001-1458-301-6--100-69]-9618&alias=b7s01p1580.cern.ch&noUDP&sock=startd_49376_6855>
...
006 (2521867.101.000) 07/19 07:49:28 Image size of job updated: 497756
	191  -  MemoryUsage of job (MB)
	194648  -  ResidentSetSize of job (KB)
...
006 (2521867.101.000) 07/19 07:54:28 Image size of job updated: 709296
	294  -  MemoryUsage of job (MB)
	300036  -  ResidentSetSize of job (KB)
...
006 (2521867.101.000) 07/19 07:59:29 Image size of job updated: 746568
	294  -  MemoryUsage of job (MB)
	300036  -  ResidentSetSize of job (KB)
...
006 (2521867.101.000) 07/19 08:04:30 Image size of job updated: 747204
	294  -  MemoryUsage of job (MB)
	300640  -  ResidentSetSize of job (KB)
...
040 (2521867.101.000) 07/19 08:05:33 Started transferring output files
...
040 (2521867.101.000) 07/19 08:05:33 Finished transferring output files
...
005 (2521867.101.000) 07/19 08:05:33 Job terminated.
	(1) Normal termination (return value 0)
		Usr 0 00:11:53, Sys 0 00:00:03  -  Run Remote Usage
		Usr 0 00:00:00, Sys 0 00:00:00  -  Run Local Usage
		Usr 0 00:11:53, Sys 0 00:00:03  -  Total Remote Usage
		Usr 0 00:00:00, Sys 0 00:00:00  -  Total Local Usage
	48945  -  Run Bytes Sent By Job
	55262812  -  Run Bytes Received By Job
	48945  -  Total Bytes Sent By Job
	55262812  -  Total Bytes Received By Job
	Partitionable Resources :     Usage  Request Allocated 
	   Cpus                 :      1.00        3         3 
	   Disk (KB)            : 183212       75000   1218792 
	   Memory (MB)          :    294        6000      6000 

	Job terminated of its own accord at 2021-07-19T06:05:33Z.
...
