000 (2557146.007.000) 07/28 14:20:13 Job submitted from host: <188.185.70.244:9618?addrs=188.185.70.244-9618+[2001-1458-d00-7--100-2ee]-9618&alias=bigbird10.cern.ch&noUDP&sock=schedd_2037_ca81>
...
040 (2557146.007.000) 07/28 15:24:45 Started transferring input files
	Transferring to host: <128.142.83.226:9618?addrs=128.142.83.226-9618+[2001-1458-301-f5--100-2f9]-9618&alias=b7s13n5175.cern.ch&noUDP&sock=slot1_8_4476_7f2f_73992>
...
040 (2557146.007.000) 07/28 15:24:46 Finished transferring input files
...
001 (2557146.007.000) 07/28 15:24:46 Job executing on host: <128.142.83.226:9618?addrs=128.142.83.226-9618+[2001-1458-301-f5--100-2f9]-9618&alias=b7s13n5175.cern.ch&noUDP&sock=startd_3721_dffe>
...
006 (2557146.007.000) 07/28 15:24:55 Image size of job updated: 192180
	120  -  MemoryUsage of job (MB)
	122368  -  ResidentSetSize of job (KB)
...
006 (2557146.007.000) 07/28 15:29:56 Image size of job updated: 798572
	279  -  MemoryUsage of job (MB)
	284864  -  ResidentSetSize of job (KB)
...
006 (2557146.007.000) 07/28 15:39:57 Image size of job updated: 799816
	280  -  MemoryUsage of job (MB)
	286368  -  ResidentSetSize of job (KB)
...
040 (2557146.007.000) 07/28 15:40:11 Started transferring output files
...
040 (2557146.007.000) 07/28 15:40:11 Finished transferring output files
...
005 (2557146.007.000) 07/28 15:40:11 Job terminated.
	(1) Normal termination (return value 0)
		Usr 0 00:15:14, Sys 0 00:00:02  -  Run Remote Usage
		Usr 0 00:00:00, Sys 0 00:00:00  -  Run Local Usage
		Usr 0 00:15:14, Sys 0 00:00:02  -  Total Remote Usage
		Usr 0 00:00:00, Sys 0 00:00:00  -  Total Local Usage
	44590  -  Run Bytes Sent By Job
	55262880  -  Run Bytes Received By Job
	44590  -  Total Bytes Sent By Job
	55262880  -  Total Bytes Received By Job
	Partitionable Resources :     Usage  Request Allocated 
	   Cpus                 :      1.00        4         4 
	   Disk (KB)            : 184306       75000    270473 
	   Memory (MB)          :    280        8000      8000 

	Job terminated of its own accord at 2021-07-28T13:40:11Z.
...
