000 (2524871.177.000) 07/20 04:35:08 Job submitted from host: <188.185.70.244:9618?addrs=188.185.70.244-9618+[2001-1458-d00-7--100-2ee]-9618&alias=bigbird10.cern.ch&noUDP&sock=schedd_2037_ca81>
...
040 (2524871.177.000) 07/20 05:27:04 Started transferring input files
	Transferring to host: <128.142.58.41:9618?addrs=128.142.58.41-9618+[2001-1458-301-16--100-28]-9618&alias=b7s03p6982.cern.ch&noUDP&sock=slot1_46_4199_5344_13424>
...
040 (2524871.177.000) 07/20 05:27:05 Finished transferring input files
...
001 (2524871.177.000) 07/20 05:27:05 Job executing on host: <128.142.58.41:9618?addrs=128.142.58.41-9618+[2001-1458-301-16--100-28]-9618&alias=b7s03p6982.cern.ch&noUDP&sock=startd_3741_97e3>
...
006 (2524871.177.000) 07/20 05:27:14 Image size of job updated: 281172
	202  -  MemoryUsage of job (MB)
	205836  -  ResidentSetSize of job (KB)
...
006 (2524871.177.000) 07/20 05:32:15 Image size of job updated: 801844
	278  -  MemoryUsage of job (MB)
	284488  -  ResidentSetSize of job (KB)
...
006 (2524871.177.000) 07/20 05:42:16 Image size of job updated: 802320
	279  -  MemoryUsage of job (MB)
	285068  -  ResidentSetSize of job (KB)
...
040 (2524871.177.000) 07/20 05:44:12 Started transferring output files
...
040 (2524871.177.000) 07/20 05:44:12 Finished transferring output files
...
005 (2524871.177.000) 07/20 05:44:13 Job terminated.
	(1) Normal termination (return value 0)
		Usr 0 00:14:43, Sys 0 00:00:01  -  Run Remote Usage
		Usr 0 00:00:00, Sys 0 00:00:00  -  Run Local Usage
		Usr 0 00:14:43, Sys 0 00:00:01  -  Total Remote Usage
		Usr 0 00:00:00, Sys 0 00:00:00  -  Total Local Usage
	50438  -  Run Bytes Sent By Job
	55262812  -  Run Bytes Received By Job
	50438  -  Total Bytes Sent By Job
	55262812  -  Total Bytes Received By Job
	Partitionable Resources :     Usage  Request Allocated 
	   Cpus                 :      1.00        3         3 
	   Disk (KB)            : 181428       75000   1352664 
	   Memory (MB)          :    279        6000      6000 

	Job terminated of its own accord at 2021-07-20T03:44:12Z.
...
