000 (2524871.072.000) 07/20 04:35:08 Job submitted from host: <188.185.70.244:9618?addrs=188.185.70.244-9618+[2001-1458-d00-7--100-2ee]-9618&alias=bigbird10.cern.ch&noUDP&sock=schedd_2037_ca81>
...
040 (2524871.072.000) 07/20 05:11:26 Started transferring input files
	Transferring to host: <128.142.83.251:9618?addrs=128.142.83.251-9618+[2001-1458-301-f5--100-67]-9618&alias=b7s13n4818.cern.ch&noUDP&sock=slot1_4_5267_d3ef_62070>
...
040 (2524871.072.000) 07/20 05:11:27 Finished transferring input files
...
001 (2524871.072.000) 07/20 05:11:27 Job executing on host: <128.142.83.251:9618?addrs=128.142.83.251-9618+[2001-1458-301-f5--100-67]-9618&alias=b7s13n4818.cern.ch&noUDP&sock=startd_4182_1527>
...
006 (2524871.072.000) 07/20 05:11:36 Image size of job updated: 288720
	43  -  MemoryUsage of job (MB)
	43428  -  ResidentSetSize of job (KB)
...
006 (2524871.072.000) 07/20 05:16:37 Image size of job updated: 807032
	287  -  MemoryUsage of job (MB)
	293340  -  ResidentSetSize of job (KB)
...
006 (2524871.072.000) 07/20 05:36:39 Image size of job updated: 807692
	288  -  MemoryUsage of job (MB)
	294000  -  ResidentSetSize of job (KB)
...
040 (2524871.072.000) 07/20 05:37:26 Started transferring output files
...
040 (2524871.072.000) 07/20 05:37:26 Finished transferring output files
...
005 (2524871.072.000) 07/20 05:37:26 Job terminated.
	(1) Normal termination (return value 0)
		Usr 0 00:22:48, Sys 0 00:00:02  -  Run Remote Usage
		Usr 0 00:00:00, Sys 0 00:00:00  -  Run Local Usage
		Usr 0 00:22:48, Sys 0 00:00:02  -  Total Remote Usage
		Usr 0 00:00:00, Sys 0 00:00:00  -  Total Local Usage
	53106  -  Run Bytes Sent By Job
	55262812  -  Run Bytes Received By Job
	53106  -  Total Bytes Sent By Job
	55262812  -  Total Bytes Received By Job
	Partitionable Resources :     Usage  Request Allocated 
	   Cpus                 :      0.99        3         3 
	   Disk (KB)            : 182265       75000    285759 
	   Memory (MB)          :    288        6000      6000 

	Job terminated of its own accord at 2021-07-20T03:37:26Z.
...
