000 (2521668.017.000) 07/19 01:56:56 Job submitted from host: <188.185.70.244:9618?addrs=188.185.70.244-9618+[2001-1458-d00-7--100-2ee]-9618&alias=bigbird10.cern.ch&noUDP&sock=schedd_2037_ca81>
...
040 (2521668.017.000) 07/19 01:58:25 Started transferring input files
	Transferring to host: <128.142.57.56:9618?addrs=128.142.57.56-9618+[2001-1458-301-7--100-37]-9618&alias=b7s02p6140.cern.ch&noUDP&sock=slot1_3_4189_4783_14994>
...
040 (2521668.017.000) 07/19 01:58:26 Finished transferring input files
...
001 (2521668.017.000) 07/19 01:58:26 Job executing on host: <128.142.57.56:9618?addrs=128.142.57.56-9618+[2001-1458-301-7--100-37]-9618&alias=b7s02p6140.cern.ch&noUDP&sock=startd_3736_29ea>
...
006 (2521668.017.000) 07/19 01:58:34 Image size of job updated: 243148
	166  -  MemoryUsage of job (MB)
	169032  -  ResidentSetSize of job (KB)
...
006 (2521668.017.000) 07/19 02:03:34 Image size of job updated: 626828
	201  -  MemoryUsage of job (MB)
	205324  -  ResidentSetSize of job (KB)
...
040 (2521668.017.000) 07/19 02:03:46 Started transferring output files
...
040 (2521668.017.000) 07/19 02:03:46 Finished transferring output files
...
005 (2521668.017.000) 07/19 02:03:46 Job terminated.
	(1) Normal termination (return value 0)
		Usr 0 00:00:44, Sys 0 00:00:02  -  Run Remote Usage
		Usr 0 00:00:00, Sys 0 00:00:00  -  Run Local Usage
		Usr 0 00:00:44, Sys 0 00:00:02  -  Total Remote Usage
		Usr 0 00:00:00, Sys 0 00:00:00  -  Total Local Usage
	50705  -  Run Bytes Sent By Job
	55262812  -  Run Bytes Received By Job
	50705  -  Total Bytes Sent By Job
	55262812  -  Total Bytes Received By Job
	Partitionable Resources :    Usage  Request Allocated 
	   Cpus                 :                 3         3 
	   Disk (KB)            :   181879    75000   1333214 
	   Memory (MB)          :      201     6000      6000 

	Job terminated of its own accord at 2021-07-19T00:03:46Z.
...
