000 (2523366.171.000) 07/19 23:50:31 Job submitted from host: <188.185.70.244:9618?addrs=188.185.70.244-9618+[2001-1458-d00-7--100-2ee]-9618&alias=bigbird10.cern.ch&noUDP&sock=schedd_2037_ca81>
...
040 (2523366.171.000) 07/20 00:30:35 Started transferring input files
	Transferring to host: <128.142.59.104:9618?addrs=128.142.59.104-9618+[2001-1458-301-21--100-67]-9618&alias=b7s04p9859.cern.ch&noUDP&sock=slot1_14_7276_59a1_11902>
...
040 (2523366.171.000) 07/20 00:30:36 Finished transferring input files
...
001 (2523366.171.000) 07/20 00:30:36 Job executing on host: <128.142.59.104:9618?addrs=128.142.59.104-9618+[2001-1458-301-21--100-67]-9618&alias=b7s04p9859.cern.ch&noUDP&sock=startd_6819_d865>
...
006 (2523366.171.000) 07/20 00:30:45 Image size of job updated: 331400
	163  -  MemoryUsage of job (MB)
	166896  -  ResidentSetSize of job (KB)
...
006 (2523366.171.000) 07/20 00:35:46 Image size of job updated: 631948
	205  -  MemoryUsage of job (MB)
	209688  -  ResidentSetSize of job (KB)
...
006 (2523366.171.000) 07/20 00:40:46 Image size of job updated: 804500
	284  -  MemoryUsage of job (MB)
	290648  -  ResidentSetSize of job (KB)
...
006 (2523366.171.000) 07/20 00:48:35 Image size of job updated: 804992
	284  -  MemoryUsage of job (MB)
	290648  -  ResidentSetSize of job (KB)
...
040 (2523366.171.000) 07/20 00:48:35 Started transferring output files
...
040 (2523366.171.000) 07/20 00:48:36 Finished transferring output files
...
005 (2523366.171.000) 07/20 00:48:36 Job terminated.
	(1) Normal termination (return value 0)
		Usr 0 00:12:51, Sys 0 00:00:02  -  Run Remote Usage
		Usr 0 00:00:00, Sys 0 00:00:00  -  Run Local Usage
		Usr 0 00:12:51, Sys 0 00:00:02  -  Total Remote Usage
		Usr 0 00:00:00, Sys 0 00:00:00  -  Total Local Usage
	51408  -  Run Bytes Sent By Job
	55262812  -  Run Bytes Received By Job
	51408  -  Total Bytes Sent By Job
	55262812  -  Total Bytes Received By Job
	Partitionable Resources :     Usage  Request Allocated 
	   Cpus                 :      1.00        3         3 
	   Disk (KB)            : 181788       75000   1265327 
	   Memory (MB)          :    284        6000      6000 

	Job terminated of its own accord at 2021-07-19T22:48:35Z.
...
