000 (2521842.080.000) 07/19 05:55:55 Job submitted from host: <188.185.70.244:9618?addrs=188.185.70.244-9618+[2001-1458-d00-7--100-2ee]-9618&alias=bigbird10.cern.ch&noUDP&sock=schedd_2037_ca81>
...
040 (2521842.080.000) 07/19 06:01:18 Started transferring input files
	Transferring to host: <128.142.56.145:9618?addrs=128.142.56.145-9618&alias=b7s01p9929.cern.ch&noUDP&sock=slot1_4_3458_3946_12853>
...
040 (2521842.080.000) 07/19 06:01:19 Finished transferring input files
...
001 (2521842.080.000) 07/19 06:01:19 Job executing on host: <128.142.56.145:9618?addrs=128.142.56.145-9618&alias=b7s01p9929.cern.ch&noUDP&sock=startd_2672_5925>
...
006 (2521842.080.000) 07/19 06:01:28 Image size of job updated: 268560
	189  -  MemoryUsage of job (MB)
	193284  -  ResidentSetSize of job (KB)
...
006 (2521842.080.000) 07/19 06:06:29 Image size of job updated: 627368
	201  -  MemoryUsage of job (MB)
	205760  -  ResidentSetSize of job (KB)
...
006 (2521842.080.000) 07/19 06:21:30 Image size of job updated: 791984
	269  -  MemoryUsage of job (MB)
	274468  -  ResidentSetSize of job (KB)
...
006 (2521842.080.000) 07/19 06:40:02 Image size of job updated: 792492
	269  -  MemoryUsage of job (MB)
	274468  -  ResidentSetSize of job (KB)
...
040 (2521842.080.000) 07/19 06:40:02 Started transferring output files
...
040 (2521842.080.000) 07/19 06:40:02 Finished transferring output files
...
005 (2521842.080.000) 07/19 06:40:02 Job terminated.
	(1) Normal termination (return value 0)
		Usr 0 00:22:57, Sys 0 00:00:03  -  Run Remote Usage
		Usr 0 00:00:00, Sys 0 00:00:00  -  Run Local Usage
		Usr 0 00:22:57, Sys 0 00:00:03  -  Total Remote Usage
		Usr 0 00:00:00, Sys 0 00:00:00  -  Total Local Usage
	51391  -  Run Bytes Sent By Job
	55262812  -  Run Bytes Received By Job
	51391  -  Total Bytes Sent By Job
	55262812  -  Total Bytes Received By Job
	Partitionable Resources :     Usage  Request Allocated 
	   Cpus                 :      1.00        3         3 
	   Disk (KB)            : 179673       75000   1288874 
	   Memory (MB)          :    269        6000      6000 

	Job terminated of its own accord at 2021-07-19T04:40:01Z.
...
