000 (2524617.175.000) 07/20 01:52:27 Job submitted from host: <188.185.70.244:9618?addrs=188.185.70.244-9618+[2001-1458-d00-7--100-2ee]-9618&alias=bigbird10.cern.ch&noUDP&sock=schedd_2037_ca81>
...
040 (2524617.175.000) 07/20 02:01:11 Started transferring input files
	Transferring to host: <188.184.212.161:9618?addrs=188.184.212.161-9618&alias=b7g24n0307.cern.ch&noUDP&sock=slot1_1_2873_09ce_75674>
...
040 (2524617.175.000) 07/20 02:01:12 Finished transferring input files
...
001 (2524617.175.000) 07/20 02:01:12 Job executing on host: <188.184.212.161:9618?addrs=188.184.212.161-9618&alias=b7g24n0307.cern.ch&noUDP&sock=startd_2241_b7d3>
...
006 (2524617.175.000) 07/20 02:01:21 Image size of job updated: 81088
	37  -  MemoryUsage of job (MB)
	37716  -  ResidentSetSize of job (KB)
...
006 (2524617.175.000) 07/20 02:06:21 Image size of job updated: 631976
	205  -  MemoryUsage of job (MB)
	209660  -  ResidentSetSize of job (KB)
...
006 (2524617.175.000) 07/20 02:21:22 Image size of job updated: 809360
	289  -  MemoryUsage of job (MB)
	295548  -  ResidentSetSize of job (KB)
...
006 (2524617.175.000) 07/20 02:31:23 Image size of job updated: 809952
	290  -  MemoryUsage of job (MB)
	296152  -  ResidentSetSize of job (KB)
...
040 (2524617.175.000) 07/20 02:56:51 Started transferring output files
...
040 (2524617.175.000) 07/20 02:56:51 Finished transferring output files
...
005 (2524617.175.000) 07/20 02:56:52 Job terminated.
	(1) Normal termination (return value 0)
		Usr 0 00:38:03, Sys 0 00:00:03  -  Run Remote Usage
		Usr 0 00:00:00, Sys 0 00:00:00  -  Run Local Usage
		Usr 0 00:38:03, Sys 0 00:00:03  -  Total Remote Usage
		Usr 0 00:00:00, Sys 0 00:00:00  -  Total Local Usage
	53952  -  Run Bytes Sent By Job
	55262812  -  Run Bytes Received By Job
	53952  -  Total Bytes Sent By Job
	55262812  -  Total Bytes Received By Job
	Partitionable Resources :     Usage  Request Allocated 
	   Cpus                 :      0.99        3         3 
	   Disk (KB)            : 182682       75000    289627 
	   Memory (MB)          :    290        6000      6000 

	Job terminated of its own accord at 2021-07-20T00:56:51Z.
...
