000 (2521876.140.000) 07/19 08:46:26 Job submitted from host: <188.185.70.244:9618?addrs=188.185.70.244-9618+[2001-1458-d00-7--100-2ee]-9618&alias=bigbird10.cern.ch&noUDP&sock=schedd_2037_ca81>
...
040 (2521876.140.000) 07/19 10:35:00 Started transferring input files
	Transferring to host: <128.142.58.151:9618?addrs=128.142.58.151-9618+[2001-1458-301-16--100-96]-9618&alias=b7s03p3850.cern.ch&noUDP&sock=slot1_45_6826_48cf_9995>
...
040 (2521876.140.000) 07/19 10:35:01 Finished transferring input files
...
001 (2521876.140.000) 07/19 10:35:01 Job executing on host: <128.142.58.151:9618?addrs=128.142.58.151-9618+[2001-1458-301-16--100-96]-9618&alias=b7s03p3850.cern.ch&noUDP&sock=startd_6372_3d8f>
...
006 (2521876.140.000) 07/19 10:35:10 Image size of job updated: 464052
	188  -  MemoryUsage of job (MB)
	191732  -  ResidentSetSize of job (KB)
...
006 (2521876.140.000) 07/19 10:40:11 Image size of job updated: 814332
	295  -  MemoryUsage of job (MB)
	301168  -  ResidentSetSize of job (KB)
...
006 (2521876.140.000) 07/19 10:45:11 Image size of job updated: 815012
	295  -  MemoryUsage of job (MB)
	301796  -  ResidentSetSize of job (KB)
...
040 (2521876.140.000) 07/19 10:50:26 Started transferring output files
...
040 (2521876.140.000) 07/19 10:50:26 Finished transferring output files
...
005 (2521876.140.000) 07/19 10:50:26 Job terminated.
	(1) Normal termination (return value 0)
		Usr 0 00:14:34, Sys 0 00:00:02  -  Run Remote Usage
		Usr 0 00:00:00, Sys 0 00:00:00  -  Run Local Usage
		Usr 0 00:14:34, Sys 0 00:00:02  -  Total Remote Usage
		Usr 0 00:00:00, Sys 0 00:00:00  -  Total Local Usage
	50056  -  Run Bytes Sent By Job
	55262812  -  Run Bytes Received By Job
	50056  -  Total Bytes Sent By Job
	55262812  -  Total Bytes Received By Job
	Partitionable Resources :     Usage  Request Allocated 
	   Cpus                 :      1.00        3         3 
	   Disk (KB)            : 183648       75000   1300325 
	   Memory (MB)          :    295        6000      6000 

	Job terminated of its own accord at 2021-07-19T08:50:26Z.
...
