000 (2522101.044.000) 07/19 11:55:34 Job submitted from host: <188.185.70.244:9618?addrs=188.185.70.244-9618+[2001-1458-d00-7--100-2ee]-9618&alias=bigbird10.cern.ch&noUDP&sock=schedd_2037_ca81>
...
040 (2522101.044.000) 07/19 12:26:33 Started transferring input files
	Transferring to host: <128.142.56.27:9618?addrs=128.142.56.27-9618+[2001-1458-301-6--100-1a]-9618&alias=b7s01p8822.cern.ch&noUDP&sock=slot1_1_43742_f22c_13071>
...
040 (2522101.044.000) 07/19 12:26:34 Finished transferring input files
...
001 (2522101.044.000) 07/19 12:26:34 Job executing on host: <128.142.56.27:9618?addrs=128.142.56.27-9618+[2001-1458-301-6--100-1a]-9618&alias=b7s01p8822.cern.ch&noUDP&sock=startd_40636_7e98>
...
006 (2522101.044.000) 07/19 12:26:43 Image size of job updated: 595552
	192  -  MemoryUsage of job (MB)
	196448  -  ResidentSetSize of job (KB)
...
006 (2522101.044.000) 07/19 12:31:44 Image size of job updated: 636036
	209  -  MemoryUsage of job (MB)
	213472  -  ResidentSetSize of job (KB)
...
006 (2522101.044.000) 07/19 12:41:44 Image size of job updated: 965520
	441  -  MemoryUsage of job (MB)
	451444  -  ResidentSetSize of job (KB)
...
006 (2522101.044.000) 07/19 13:16:47 Image size of job updated: 966216
	442  -  MemoryUsage of job (MB)
	452076  -  ResidentSetSize of job (KB)
...
040 (2522101.044.000) 07/19 13:30:02 Started transferring output files
...
040 (2522101.044.000) 07/19 13:30:04 Finished transferring output files
...
005 (2522101.044.000) 07/19 13:30:04 Job terminated.
	(1) Normal termination (return value 0)
		Usr 0 00:52:50, Sys 0 00:00:05  -  Run Remote Usage
		Usr 0 00:00:00, Sys 0 00:00:00  -  Run Local Usage
		Usr 0 00:52:50, Sys 0 00:00:05  -  Total Remote Usage
		Usr 0 00:00:00, Sys 0 00:00:00  -  Total Local Usage
	48693  -  Run Bytes Sent By Job
	55262812  -  Run Bytes Received By Job
	48693  -  Total Bytes Sent By Job
	55262812  -  Total Bytes Received By Job
	Partitionable Resources :     Usage  Request Allocated 
	   Cpus                 :      1.00        3         3 
	   Disk (KB)            : 209288       75000   1284657 
	   Memory (MB)          :    442        6000      6000 

	Job terminated of its own accord at 2021-07-19T11:30:02Z.
...
