000 (2556073.011.000) 07/27 10:23:23 Job submitted from host: <188.185.70.244:9618?addrs=188.185.70.244-9618+[2001-1458-d00-7--100-2ee]-9618&alias=bigbird10.cern.ch&noUDP&sock=schedd_2037_ca81>
...
040 (2556073.011.000) 07/27 10:25:39 Started transferring input files
	Transferring to host: <128.142.59.66:9618?addrs=128.142.59.66-9618+[2001-1458-301-21--100-41]-9618&alias=b7s04p7188.cern.ch&noUDP&sock=slot1_17_8409_a6af_15482>
...
040 (2556073.011.000) 07/27 10:25:40 Finished transferring input files
...
001 (2556073.011.000) 07/27 10:25:40 Job executing on host: <128.142.59.66:9618?addrs=128.142.59.66-9618+[2001-1458-301-21--100-41]-9618&alias=b7s04p7188.cern.ch&noUDP&sock=startd_6890_8b9e>
...
006 (2556073.011.000) 07/27 10:25:50 Image size of job updated: 421820
	205  -  MemoryUsage of job (MB)
	209672  -  ResidentSetSize of job (KB)
...
006 (2556073.011.000) 07/27 10:30:50 Image size of job updated: 785860
	266  -  MemoryUsage of job (MB)
	272080  -  ResidentSetSize of job (KB)
...
006 (2556073.011.000) 07/27 10:40:51 Image size of job updated: 785860
	267  -  MemoryUsage of job (MB)
	272664  -  ResidentSetSize of job (KB)
...
006 (2556073.011.000) 07/27 10:42:03 Image size of job updated: 786472
	267  -  MemoryUsage of job (MB)
	272664  -  ResidentSetSize of job (KB)
...
040 (2556073.011.000) 07/27 10:42:03 Started transferring output files
...
040 (2556073.011.000) 07/27 10:42:03 Finished transferring output files
...
005 (2556073.011.000) 07/27 10:42:03 Job terminated.
	(1) Normal termination (return value 0)
		Usr 0 00:15:18, Sys 0 00:00:01  -  Run Remote Usage
		Usr 0 00:00:00, Sys 0 00:00:00  -  Run Local Usage
		Usr 0 00:15:18, Sys 0 00:00:01  -  Total Remote Usage
		Usr 0 00:00:00, Sys 0 00:00:00  -  Total Local Usage
	51931  -  Run Bytes Sent By Job
	55262880  -  Run Bytes Received By Job
	51931  -  Total Bytes Sent By Job
	55262880  -  Total Bytes Received By Job
	Partitionable Resources :     Usage  Request Allocated 
	   Cpus                 :      1.00        3         3 
	   Disk (KB)            : 182148       75000   1276476 
	   Memory (MB)          :    267        6000      6000 

	Job terminated of its own accord at 2021-07-27T08:42:03Z.
...
