000 (2521876.113.000) 07/19 08:46:26 Job submitted from host: <188.185.70.244:9618?addrs=188.185.70.244-9618+[2001-1458-d00-7--100-2ee]-9618&alias=bigbird10.cern.ch&noUDP&sock=schedd_2037_ca81>
...
040 (2521876.113.000) 07/19 10:18:03 Started transferring input files
	Transferring to host: <128.142.81.213:9618?addrs=128.142.81.213-9618+[2001-1458-301-f5--100-5c9]-9618&alias=b7s13n6079.cern.ch&noUDP&sock=slot1_10_4754_5f7a_66085>
...
040 (2521876.113.000) 07/19 10:18:03 Finished transferring input files
...
001 (2521876.113.000) 07/19 10:18:03 Job executing on host: <128.142.81.213:9618?addrs=128.142.81.213-9618+[2001-1458-301-f5--100-5c9]-9618&alias=b7s13n6079.cern.ch&noUDP&sock=startd_3889_1be7>
...
006 (2521876.113.000) 07/19 10:18:12 Image size of job updated: 174508
	77  -  MemoryUsage of job (MB)
	77908  -  ResidentSetSize of job (KB)
...
006 (2521876.113.000) 07/19 10:23:12 Image size of job updated: 898884
	373  -  MemoryUsage of job (MB)
	381612  -  ResidentSetSize of job (KB)
...
040 (2521876.113.000) 07/19 11:04:59 Started transferring output files
...
040 (2521876.113.000) 07/19 11:04:59 Finished transferring output files
...
005 (2521876.113.000) 07/19 11:04:59 Job terminated.
	(1) Normal termination (return value 0)
		Usr 0 00:46:11, Sys 0 00:00:04  -  Run Remote Usage
		Usr 0 00:00:00, Sys 0 00:00:00  -  Run Local Usage
		Usr 0 00:46:11, Sys 0 00:00:04  -  Total Remote Usage
		Usr 0 00:00:00, Sys 0 00:00:00  -  Total Local Usage
	49335  -  Run Bytes Sent By Job
	55262812  -  Run Bytes Received By Job
	49335  -  Total Bytes Sent By Job
	55262812  -  Total Bytes Received By Job
	Partitionable Resources :     Usage  Request Allocated 
	   Cpus                 :      1.00        3         3 
	   Disk (KB)            : 196116       75000    269823 
	   Memory (MB)          :    373        6000      6000 

	Job terminated of its own accord at 2021-07-19T09:04:59Z.
...
