000 (2521867.100.000) 07/19 07:46:08 Job submitted from host: <188.185.70.244:9618?addrs=188.185.70.244-9618+[2001-1458-d00-7--100-2ee]-9618&alias=bigbird10.cern.ch&noUDP&sock=schedd_2037_ca81>
...
040 (2521867.100.000) 07/19 07:49:18 Started transferring input files
	Transferring to host: <128.142.58.139:9618?addrs=128.142.58.139-9618+[2001-1458-301-16--100-8a]-9618&alias=b7s03p7208.cern.ch&noUDP&sock=slot1_4_19242_7ac8_11549>
...
040 (2521867.100.000) 07/19 07:49:19 Finished transferring input files
...
001 (2521867.100.000) 07/19 07:49:19 Job executing on host: <128.142.58.139:9618?addrs=128.142.58.139-9618+[2001-1458-301-16--100-8a]-9618&alias=b7s03p7208.cern.ch&noUDP&sock=startd_18787_e5d8>
...
006 (2521867.100.000) 07/19 07:49:27 Image size of job updated: 497032
	191  -  MemoryUsage of job (MB)
	194664  -  ResidentSetSize of job (KB)
...
006 (2521867.100.000) 07/19 07:54:28 Image size of job updated: 631208
	207  -  MemoryUsage of job (MB)
	211696  -  ResidentSetSize of job (KB)
...
006 (2521867.100.000) 07/19 07:59:29 Image size of job updated: 747132
	294  -  MemoryUsage of job (MB)
	300464  -  ResidentSetSize of job (KB)
...
006 (2521867.100.000) 07/19 08:04:29 Image size of job updated: 747616
	295  -  MemoryUsage of job (MB)
	301060  -  ResidentSetSize of job (KB)
...
040 (2521867.100.000) 07/19 08:09:19 Started transferring output files
...
040 (2521867.100.000) 07/19 08:09:19 Finished transferring output files
...
005 (2521867.100.000) 07/19 08:09:19 Job terminated.
	(1) Normal termination (return value 0)
		Usr 0 00:14:00, Sys 0 00:00:02  -  Run Remote Usage
		Usr 0 00:00:00, Sys 0 00:00:00  -  Run Local Usage
		Usr 0 00:14:00, Sys 0 00:00:02  -  Total Remote Usage
		Usr 0 00:00:00, Sys 0 00:00:00  -  Total Local Usage
	48039  -  Run Bytes Sent By Job
	55262812  -  Run Bytes Received By Job
	48039  -  Total Bytes Sent By Job
	55262812  -  Total Bytes Received By Job
	Partitionable Resources :     Usage  Request Allocated 
	   Cpus                 :      1.00        3         3 
	   Disk (KB)            : 183287       75000   1333655 
	   Memory (MB)          :    295        6000      6000 

	Job terminated of its own accord at 2021-07-19T06:09:19Z.
...
