000 (2534572.108.000) 07/21 23:44:26 Job submitted from host: <188.185.70.244:9618?addrs=188.185.70.244-9618+[2001-1458-d00-7--100-2ee]-9618&alias=bigbird10.cern.ch&noUDP&sock=schedd_2037_ca81>
...
040 (2534572.108.000) 07/21 23:50:25 Started transferring input files
	Transferring to host: <128.142.73.71:9618?addrs=128.142.73.71-9618+[2001-1458-301-75--100-19d]-9618&alias=b7s11n0366.cern.ch&noUDP&sock=slot1_7_5380_7254_63454>
...
040 (2534572.108.000) 07/21 23:50:26 Finished transferring input files
...
001 (2534572.108.000) 07/21 23:50:26 Job executing on host: <128.142.73.71:9618?addrs=128.142.73.71-9618+[2001-1458-301-75--100-19d]-9618&alias=b7s11n0366.cern.ch&noUDP&sock=startd_4260_958a>
...
006 (2534572.108.000) 07/21 23:50:35 Image size of job updated: 275456
	196  -  MemoryUsage of job (MB)
	200380  -  ResidentSetSize of job (KB)
...
006 (2534572.108.000) 07/21 23:55:36 Image size of job updated: 636032
	209  -  MemoryUsage of job (MB)
	213480  -  ResidentSetSize of job (KB)
...
006 (2534572.108.000) 07/22 00:20:38 Image size of job updated: 636032
	209  -  MemoryUsage of job (MB)
	213484  -  ResidentSetSize of job (KB)
...
006 (2534572.108.000) 07/22 00:25:38 Image size of job updated: 636032
	209  -  MemoryUsage of job (MB)
	213488  -  ResidentSetSize of job (KB)
...
006 (2534572.108.000) 07/22 01:00:41 Image size of job updated: 975004
	450  -  MemoryUsage of job (MB)
	460508  -  ResidentSetSize of job (KB)
...
006 (2534572.108.000) 07/22 01:50:47 Image size of job updated: 975520
	451  -  MemoryUsage of job (MB)
	461116  -  ResidentSetSize of job (KB)
...
040 (2534572.108.000) 07/22 02:05:49 Started transferring output files
...
040 (2534572.108.000) 07/22 02:05:49 Finished transferring output files
...
005 (2534572.108.000) 07/22 02:05:50 Job terminated.
	(1) Normal termination (return value 0)
		Usr 0 01:11:10, Sys 0 00:00:04  -  Run Remote Usage
		Usr 0 00:00:00, Sys 0 00:00:00  -  Run Local Usage
		Usr 0 01:11:10, Sys 0 00:00:04  -  Total Remote Usage
		Usr 0 00:00:00, Sys 0 00:00:00  -  Total Local Usage
	46863  -  Run Bytes Sent By Job
	55262812  -  Run Bytes Received By Job
	46863  -  Total Bytes Sent By Job
	55262812  -  Total Bytes Received By Job
	Partitionable Resources :     Usage  Request Allocated 
	   Cpus                 :      1.00        3         3 
	   Disk (KB)            : 211108       75000    290390 
	   Memory (MB)          :    451        6000      6000 

	Job terminated of its own accord at 2021-07-22T00:05:49Z.
...
