000 (2521867.133.000) 07/19 07:46:08 Job submitted from host: <188.185.70.244:9618?addrs=188.185.70.244-9618+[2001-1458-d00-7--100-2ee]-9618&alias=bigbird10.cern.ch&noUDP&sock=schedd_2037_ca81>
...
040 (2521867.133.000) 07/19 07:49:29 Started transferring input files
	Transferring to host: <128.142.56.31:9618?addrs=128.142.56.31-9618+[2001-1458-301-6--100-1e]-9618&alias=b7s01p1666.cern.ch&noUDP&sock=slot1_12_45478_1d72_13397>
...
040 (2521867.133.000) 07/19 07:49:29 Finished transferring input files
...
001 (2521867.133.000) 07/19 07:49:29 Job executing on host: <128.142.56.31:9618?addrs=128.142.56.31-9618+[2001-1458-301-6--100-1e]-9618&alias=b7s01p1666.cern.ch&noUDP&sock=startd_42375_4dca>
...
006 (2521867.133.000) 07/19 07:49:38 Image size of job updated: 268888
	191  -  MemoryUsage of job (MB)
	194820  -  ResidentSetSize of job (KB)
...
006 (2521867.133.000) 07/19 07:54:38 Image size of job updated: 631404
	205  -  MemoryUsage of job (MB)
	209612  -  ResidentSetSize of job (KB)
...
006 (2521867.133.000) 07/19 08:04:39 Image size of job updated: 817244
	297  -  MemoryUsage of job (MB)
	303940  -  ResidentSetSize of job (KB)
...
006 (2521867.133.000) 07/19 08:14:31 Image size of job updated: 817824
	297  -  MemoryUsage of job (MB)
	303940  -  ResidentSetSize of job (KB)
...
040 (2521867.133.000) 07/19 08:14:31 Started transferring output files
...
040 (2521867.133.000) 07/19 08:14:31 Finished transferring output files
...
005 (2521867.133.000) 07/19 08:14:31 Job terminated.
	(1) Normal termination (return value 0)
		Usr 0 00:13:54, Sys 0 00:00:02  -  Run Remote Usage
		Usr 0 00:00:00, Sys 0 00:00:00  -  Run Local Usage
		Usr 0 00:13:54, Sys 0 00:00:02  -  Total Remote Usage
		Usr 0 00:00:00, Sys 0 00:00:00  -  Total Local Usage
	49122  -  Run Bytes Sent By Job
	55262812  -  Run Bytes Received By Job
	49122  -  Total Bytes Sent By Job
	55262812  -  Total Bytes Received By Job
	Partitionable Resources :     Usage  Request Allocated 
	   Cpus                 :      1.00        3         3 
	   Disk (KB)            : 184176       75000   1310831 
	   Memory (MB)          :    297        6000      6000 

	Job terminated of its own accord at 2021-07-19T06:14:31Z.
...
