000 (2521842.110.000) 07/19 05:55:55 Job submitted from host: <188.185.70.244:9618?addrs=188.185.70.244-9618+[2001-1458-d00-7--100-2ee]-9618&alias=bigbird10.cern.ch&noUDP&sock=schedd_2037_ca81>
...
040 (2521842.110.000) 07/19 06:01:35 Started transferring input files
	Transferring to host: <128.142.57.69:9618?addrs=128.142.57.69-9618+[2001-1458-301-7--100-44]-9618&alias=b7s02p8150.cern.ch&noUDP&sock=slot1_17_6607_faa6_12427>
...
040 (2521842.110.000) 07/19 06:01:36 Finished transferring input files
...
001 (2521842.110.000) 07/19 06:01:36 Job executing on host: <128.142.57.69:9618?addrs=128.142.57.69-9618+[2001-1458-301-7--100-44]-9618&alias=b7s02p8150.cern.ch&noUDP&sock=startd_6141_cb2f>
...
006 (2521842.110.000) 07/19 06:01:44 Image size of job updated: 257784
	179  -  MemoryUsage of job (MB)
	182768  -  ResidentSetSize of job (KB)
...
006 (2521842.110.000) 07/19 06:06:44 Image size of job updated: 636704
	210  -  MemoryUsage of job (MB)
	214120  -  ResidentSetSize of job (KB)
...
006 (2521842.110.000) 07/19 06:11:45 Image size of job updated: 636704
	210  -  MemoryUsage of job (MB)
	214124  -  ResidentSetSize of job (KB)
...
006 (2521842.110.000) 07/19 06:36:47 Image size of job updated: 822768
	303  -  MemoryUsage of job (MB)
	309312  -  ResidentSetSize of job (KB)
...
006 (2521842.110.000) 07/19 06:51:48 Image size of job updated: 823416
	303  -  MemoryUsage of job (MB)
	309980  -  ResidentSetSize of job (KB)
...
040 (2521842.110.000) 07/19 06:52:09 Started transferring output files
...
040 (2521842.110.000) 07/19 06:52:09 Finished transferring output files
...
005 (2521842.110.000) 07/19 06:52:09 Job terminated.
	(1) Normal termination (return value 0)
		Usr 0 00:16:34, Sys 0 00:00:03  -  Run Remote Usage
		Usr 0 00:00:00, Sys 0 00:00:00  -  Run Local Usage
		Usr 0 00:16:34, Sys 0 00:00:03  -  Total Remote Usage
		Usr 0 00:00:00, Sys 0 00:00:00  -  Total Local Usage
	50396  -  Run Bytes Sent By Job
	55262812  -  Run Bytes Received By Job
	50396  -  Total Bytes Sent By Job
	55262812  -  Total Bytes Received By Job
	Partitionable Resources :     Usage  Request Allocated 
	   Cpus                 :      1.00        3         3 
	   Disk (KB)            : 184422       75000   1348608 
	   Memory (MB)          :    303        6000      6000 

	Job terminated of its own accord at 2021-07-19T04:52:09Z.
...
