000 (2521668.051.000) 07/19 01:56:56 Job submitted from host: <188.185.70.244:9618?addrs=188.185.70.244-9618+[2001-1458-d00-7--100-2ee]-9618&alias=bigbird10.cern.ch&noUDP&sock=schedd_2037_ca81>
...
040 (2521668.051.000) 07/19 02:01:18 Started transferring input files
	Transferring to host: <188.184.205.236:9618?addrs=188.184.205.236-9618+[2001-1458-301-7d--100-1c6]-9618&alias=b7g27n0394.cern.ch&noUDP&sock=slot1_5_12448_7df3_125975>
...
040 (2521668.051.000) 07/19 02:01:19 Finished transferring input files
...
001 (2521668.051.000) 07/19 02:01:19 Job executing on host: <188.184.205.236:9618?addrs=188.184.205.236-9618+[2001-1458-301-7d--100-1c6]-9618&alias=b7g27n0394.cern.ch&noUDP&sock=startd_1857_5375>
...
006 (2521668.051.000) 07/19 02:01:28 Image size of job updated: 26456
	10  -  MemoryUsage of job (MB)
	10204  -  ResidentSetSize of job (KB)
...
006 (2521668.051.000) 07/19 02:06:29 Image size of job updated: 630908
	205  -  MemoryUsage of job (MB)
	209256  -  ResidentSetSize of job (KB)
...
006 (2521668.051.000) 07/19 03:51:38 Image size of job updated: 630908
	208  -  MemoryUsage of job (MB)
	212444  -  ResidentSetSize of job (KB)
...
006 (2521668.051.000) 07/19 03:56:39 Image size of job updated: 637320
	211  -  MemoryUsage of job (MB)
	215728  -  ResidentSetSize of job (KB)
...
006 (2521668.051.000) 07/19 03:57:17 Image size of job updated: 861212
	211  -  MemoryUsage of job (MB)
	215728  -  ResidentSetSize of job (KB)
...
040 (2521668.051.000) 07/19 03:57:17 Started transferring output files
...
040 (2521668.051.000) 07/19 03:57:17 Finished transferring output files
...
005 (2521668.051.000) 07/19 03:57:18 Job terminated.
	(1) Normal termination (return value 0)
		Usr 0 00:03:57, Sys 0 00:00:05  -  Run Remote Usage
		Usr 0 00:00:00, Sys 0 00:00:00  -  Run Local Usage
		Usr 0 00:03:57, Sys 0 00:00:05  -  Total Remote Usage
		Usr 0 00:00:00, Sys 0 00:00:00  -  Total Local Usage
	50574  -  Run Bytes Sent By Job
	55262812  -  Run Bytes Received By Job
	50574  -  Total Bytes Sent By Job
	55262812  -  Total Bytes Received By Job
	Partitionable Resources :     Usage  Request Allocated 
	   Cpus                 :      0.26        3         3 
	   Disk (KB)            : 213391       75000    220228 
	   Memory (MB)          :    211        6000      6000 

	Job terminated of its own accord at 2021-07-19T01:57:17Z.
...
