000 (2536881.008.000) 07/22 03:18:13 Job submitted from host: <188.185.70.244:9618?addrs=188.185.70.244-9618+[2001-1458-d00-7--100-2ee]-9618&alias=bigbird10.cern.ch&noUDP&sock=schedd_2037_ca81>
...
040 (2536881.008.000) 07/22 03:22:35 Started transferring input files
	Transferring to host: <128.142.70.156:9618?addrs=128.142.70.156-9618+[2001-1458-301-52--100-6b]-9618&alias=b7s10n2307.cern.ch&noUDP&sock=slot1_13_16172_630b_25517>
...
040 (2536881.008.000) 07/22 03:22:36 Finished transferring input files
...
001 (2536881.008.000) 07/22 03:22:36 Job executing on host: <128.142.70.156:9618?addrs=128.142.70.156-9618+[2001-1458-301-52--100-6b]-9618&alias=b7s10n2307.cern.ch&noUDP&sock=startd_16026_14dc>
...
006 (2536881.008.000) 07/22 03:22:45 Image size of job updated: 673612
	28  -  MemoryUsage of job (MB)
	28104  -  ResidentSetSize of job (KB)
...
006 (2536881.008.000) 07/22 03:27:46 Image size of job updated: 817168
	297  -  MemoryUsage of job (MB)
	303484  -  ResidentSetSize of job (KB)
...
006 (2536881.008.000) 07/22 03:42:48 Image size of job updated: 817776
	297  -  MemoryUsage of job (MB)
	304076  -  ResidentSetSize of job (KB)
...
040 (2536881.008.000) 07/22 03:45:41 Started transferring output files
...
040 (2536881.008.000) 07/22 03:45:41 Finished transferring output files
...
005 (2536881.008.000) 07/22 03:45:41 Job terminated.
	(1) Normal termination (return value 0)
		Usr 0 00:21:18, Sys 0 00:00:03  -  Run Remote Usage
		Usr 0 00:00:00, Sys 0 00:00:00  -  Run Local Usage
		Usr 0 00:21:18, Sys 0 00:00:03  -  Total Remote Usage
		Usr 0 00:00:00, Sys 0 00:00:00  -  Total Local Usage
	44110  -  Run Bytes Sent By Job
	55262812  -  Run Bytes Received By Job
	44110  -  Total Bytes Sent By Job
	55262812  -  Total Bytes Received By Job
	Partitionable Resources :     Usage  Request Allocated 
	   Cpus                 :      1.00        3         3 
	   Disk (KB)            : 184191       75000    283667 
	   Memory (MB)          :    297        6000      6000 

	Job terminated of its own accord at 2021-07-22T01:45:41Z.
...
