000 (2521668.063.000) 07/19 01:56:56 Job submitted from host: <188.185.70.244:9618?addrs=188.185.70.244-9618+[2001-1458-d00-7--100-2ee]-9618&alias=bigbird10.cern.ch&noUDP&sock=schedd_2037_ca81>
...
040 (2521668.063.000) 07/19 02:02:50 Started transferring input files
	Transferring to host: <128.142.58.161:9618?addrs=128.142.58.161-9618+[2001-1458-301-16--100-a0]-9618&alias=b7s03p5281.cern.ch&noUDP&sock=slot1_34_6905_f272_11431>
...
040 (2521668.063.000) 07/19 02:02:51 Finished transferring input files
...
001 (2521668.063.000) 07/19 02:02:51 Job executing on host: <128.142.58.161:9618?addrs=128.142.58.161-9618+[2001-1458-301-16--100-a0]-9618&alias=b7s03p5281.cern.ch&noUDP&sock=startd_6449_0e5a>
...
006 (2521668.063.000) 07/19 02:03:00 Image size of job updated: 329264
	176  -  MemoryUsage of job (MB)
	180172  -  ResidentSetSize of job (KB)
...
006 (2521668.063.000) 07/19 02:04:53 Image size of job updated: 630744
	176  -  MemoryUsage of job (MB)
	180216  -  ResidentSetSize of job (KB)
...
040 (2521668.063.000) 07/19 02:04:53 Started transferring output files
...
040 (2521668.063.000) 07/19 02:04:53 Finished transferring output files
...
005 (2521668.063.000) 07/19 02:04:53 Job terminated.
	(1) Normal termination (return value 0)
		Usr 0 00:01:55, Sys 0 00:00:02  -  Run Remote Usage
		Usr 0 00:00:00, Sys 0 00:00:00  -  Run Local Usage
		Usr 0 00:01:55, Sys 0 00:00:02  -  Total Remote Usage
		Usr 0 00:00:00, Sys 0 00:00:00  -  Total Local Usage
	48877  -  Run Bytes Sent By Job
	55262812  -  Run Bytes Received By Job
	48877  -  Total Bytes Sent By Job
	55262812  -  Total Bytes Received By Job
	Partitionable Resources :    Usage  Request Allocated 
	   Cpus                 :                 3         3 
	   Disk (KB)            :   193923    75000   1336727 
	   Memory (MB)          :      176     6000      6000 

	Job terminated of its own accord at 2021-07-19T00:04:53Z.
...
