000 (2526743.072.000) 07/20 13:19:14 Job submitted from host: <188.185.70.244:9618?addrs=188.185.70.244-9618+[2001-1458-d00-7--100-2ee]-9618&alias=bigbird10.cern.ch&noUDP&sock=schedd_2037_ca81>
...
040 (2526743.072.000) 07/20 13:21:29 Started transferring input files
	Transferring to host: <188.184.213.42:9618?addrs=188.184.213.42-9618+[2001-1458-301-10c--100-112]-9618&alias=b7g24n0539.cern.ch&noUDP&sock=slot1_1_31763_a825_115063>
...
040 (2526743.072.000) 07/20 13:21:30 Finished transferring input files
...
001 (2526743.072.000) 07/20 13:21:30 Job executing on host: <188.184.213.42:9618?addrs=188.184.213.42-9618+[2001-1458-301-10c--100-112]-9618&alias=b7g24n0539.cern.ch&noUDP&sock=startd_17775_c000>
...
006 (2526743.072.000) 07/20 13:21:39 Image size of job updated: 52840
	28  -  MemoryUsage of job (MB)
	28576  -  ResidentSetSize of job (KB)
...
006 (2526743.072.000) 07/20 13:26:40 Image size of job updated: 631968
	205  -  MemoryUsage of job (MB)
	209708  -  ResidentSetSize of job (KB)
...
006 (2526743.072.000) 07/20 13:56:43 Image size of job updated: 809336
	289  -  MemoryUsage of job (MB)
	295444  -  ResidentSetSize of job (KB)
...
006 (2526743.072.000) 07/20 14:11:44 Image size of job updated: 809776
	290  -  MemoryUsage of job (MB)
	296028  -  ResidentSetSize of job (KB)
...
040 (2526743.072.000) 07/20 14:17:26 Started transferring output files
...
040 (2526743.072.000) 07/20 14:17:26 Finished transferring output files
...
005 (2526743.072.000) 07/20 14:17:26 Job terminated.
	(1) Normal termination (return value 0)
		Usr 0 00:23:23, Sys 0 00:00:03  -  Run Remote Usage
		Usr 0 00:00:00, Sys 0 00:00:00  -  Run Local Usage
		Usr 0 00:23:23, Sys 0 00:00:03  -  Total Remote Usage
		Usr 0 00:00:00, Sys 0 00:00:00  -  Total Local Usage
	53145  -  Run Bytes Sent By Job
	55262812  -  Run Bytes Received By Job
	53145  -  Total Bytes Sent By Job
	55262812  -  Total Bytes Received By Job
	Partitionable Resources :     Usage  Request Allocated 
	   Cpus                 :      0.99        3         3 
	   Disk (KB)            : 182653       75000    290648 
	   Memory (MB)          :    290        6000      6000 

	Job terminated of its own accord at 2021-07-20T12:17:26Z.
...
