000 (2521867.037.000) 07/19 07:46:08 Job submitted from host: <188.185.70.244:9618?addrs=188.185.70.244-9618+[2001-1458-d00-7--100-2ee]-9618&alias=bigbird10.cern.ch&noUDP&sock=schedd_2037_ca81>
...
040 (2521867.037.000) 07/19 07:48:57 Started transferring input files
	Transferring to host: <128.142.56.58:9618?addrs=128.142.56.58-9618+[2001-1458-301-6--100-39]-9618&alias=b7s01p1028.cern.ch&noUDP&sock=slot1_4_58120_8c35_15318>
...
040 (2521867.037.000) 07/19 07:48:58 Finished transferring input files
...
001 (2521867.037.000) 07/19 07:48:58 Job executing on host: <128.142.56.58:9618?addrs=128.142.56.58-9618+[2001-1458-301-6--100-39]-9618&alias=b7s01p1028.cern.ch&noUDP&sock=startd_55019_0943>
...
006 (2521867.037.000) 07/19 07:49:07 Image size of job updated: 326216
	191  -  MemoryUsage of job (MB)
	194652  -  ResidentSetSize of job (KB)
...
006 (2521867.037.000) 07/19 07:54:08 Image size of job updated: 631796
	208  -  MemoryUsage of job (MB)
	212272  -  ResidentSetSize of job (KB)
...
006 (2521867.037.000) 07/19 07:59:08 Image size of job updated: 746688
	294  -  MemoryUsage of job (MB)
	300080  -  ResidentSetSize of job (KB)
...
006 (2521867.037.000) 07/19 08:08:20 Image size of job updated: 747184
	294  -  MemoryUsage of job (MB)
	300080  -  ResidentSetSize of job (KB)
...
040 (2521867.037.000) 07/19 08:08:20 Started transferring output files
...
040 (2521867.037.000) 07/19 08:08:20 Finished transferring output files
...
005 (2521867.037.000) 07/19 08:08:20 Job terminated.
	(1) Normal termination (return value 0)
		Usr 0 00:10:46, Sys 0 00:00:02  -  Run Remote Usage
		Usr 0 00:00:00, Sys 0 00:00:00  -  Run Local Usage
		Usr 0 00:10:46, Sys 0 00:00:02  -  Total Remote Usage
		Usr 0 00:00:00, Sys 0 00:00:00  -  Total Local Usage
	48461  -  Run Bytes Sent By Job
	55262812  -  Run Bytes Received By Job
	48461  -  Total Bytes Sent By Job
	55262812  -  Total Bytes Received By Job
	Partitionable Resources :     Usage  Request Allocated 
	   Cpus                 :      0.03        3         3 
	   Disk (KB)            : 183212       75000   1248512 
	   Memory (MB)          :    294        6000      6000 

	Job terminated of its own accord at 2021-07-19T06:08:20Z.
...
