000 (2521876.128.000) 07/19 08:46:26 Job submitted from host: <188.185.70.244:9618?addrs=188.185.70.244-9618+[2001-1458-d00-7--100-2ee]-9618&alias=bigbird10.cern.ch&noUDP&sock=schedd_2037_ca81>
...
040 (2521876.128.000) 07/19 10:31:55 Started transferring input files
	Transferring to host: <128.142.58.69:9618?addrs=128.142.58.69-9618+[2001-1458-301-16--100-44]-9618&alias=b7s03p0320.cern.ch&noUDP&sock=slot1_7_6682_d2c9_9992>
...
040 (2521876.128.000) 07/19 10:31:56 Finished transferring input files
...
001 (2521876.128.000) 07/19 10:31:56 Job executing on host: <128.142.58.69:9618?addrs=128.142.58.69-9618+[2001-1458-301-16--100-44]-9618&alias=b7s03p0320.cern.ch&noUDP&sock=startd_6226_18bc>
...
006 (2521876.128.000) 07/19 10:32:04 Image size of job updated: 203524
	130  -  MemoryUsage of job (MB)
	132356  -  ResidentSetSize of job (KB)
...
006 (2521876.128.000) 07/19 10:37:04 Image size of job updated: 814508
	294  -  MemoryUsage of job (MB)
	300740  -  ResidentSetSize of job (KB)
...
006 (2521876.128.000) 07/19 10:42:05 Image size of job updated: 815168
	295  -  MemoryUsage of job (MB)
	301316  -  ResidentSetSize of job (KB)
...
040 (2521876.128.000) 07/19 10:45:19 Started transferring output files
...
040 (2521876.128.000) 07/19 10:45:19 Finished transferring output files
...
005 (2521876.128.000) 07/19 10:45:19 Job terminated.
	(1) Normal termination (return value 0)
		Usr 0 00:13:14, Sys 0 00:00:02  -  Run Remote Usage
		Usr 0 00:00:00, Sys 0 00:00:00  -  Run Local Usage
		Usr 0 00:13:14, Sys 0 00:00:02  -  Total Remote Usage
		Usr 0 00:00:00, Sys 0 00:00:00  -  Total Local Usage
	52336  -  Run Bytes Sent By Job
	55262812  -  Run Bytes Received By Job
	52336  -  Total Bytes Sent By Job
	55262812  -  Total Bytes Received By Job
	Partitionable Resources :     Usage  Request Allocated 
	   Cpus                 :      1.00        3         3 
	   Disk (KB)            : 183687       75000   1256822 
	   Memory (MB)          :    295        6000      6000 

	Job terminated of its own accord at 2021-07-19T08:45:19Z.
...
