000 (2556074.020.000) 07/27 10:23:52 Job submitted from host: <188.185.70.244:9618?addrs=188.185.70.244-9618+[2001-1458-d00-7--100-2ee]-9618&alias=bigbird10.cern.ch&noUDP&sock=schedd_2037_ca81>
...
040 (2556074.020.000) 07/27 10:30:20 Started transferring input files
	Transferring to host: <128.142.57.31:9618?addrs=128.142.57.31-9618+[2001-1458-301-7--100-1e]-9618&alias=b7s02p0022.cern.ch&noUDP&sock=slot1_20_4171_98c3_21206>
...
040 (2556074.020.000) 07/27 10:30:21 Finished transferring input files
...
001 (2556074.020.000) 07/27 10:30:21 Job executing on host: <128.142.57.31:9618?addrs=128.142.57.31-9618+[2001-1458-301-7--100-1e]-9618&alias=b7s02p0022.cern.ch&noUDP&sock=startd_3713_633c>
...
006 (2556074.020.000) 07/27 10:30:30 Image size of job updated: 186508
	115  -  MemoryUsage of job (MB)
	117708  -  ResidentSetSize of job (KB)
...
006 (2556074.020.000) 07/27 10:35:30 Image size of job updated: 626316
	201  -  MemoryUsage of job (MB)
	205488  -  ResidentSetSize of job (KB)
...
006 (2556074.020.000) 07/27 10:40:31 Image size of job updated: 794480
	272  -  MemoryUsage of job (MB)
	277656  -  ResidentSetSize of job (KB)
...
006 (2556074.020.000) 07/27 10:45:32 Image size of job updated: 795080
	272  -  MemoryUsage of job (MB)
	278212  -  ResidentSetSize of job (KB)
...
040 (2556074.020.000) 07/27 10:49:05 Started transferring output files
...
040 (2556074.020.000) 07/27 10:49:05 Finished transferring output files
...
005 (2556074.020.000) 07/27 10:49:06 Job terminated.
	(1) Normal termination (return value 0)
		Usr 0 00:11:45, Sys 0 00:00:02  -  Run Remote Usage
		Usr 0 00:00:00, Sys 0 00:00:00  -  Run Local Usage
		Usr 0 00:11:45, Sys 0 00:00:02  -  Total Remote Usage
		Usr 0 00:00:00, Sys 0 00:00:00  -  Total Local Usage
	48484  -  Run Bytes Sent By Job
	55262880  -  Run Bytes Received By Job
	48484  -  Total Bytes Sent By Job
	55262880  -  Total Bytes Received By Job
	Partitionable Resources :     Usage  Request Allocated 
	   Cpus                 :      1.00        3         3 
	   Disk (KB)            : 184934       75000   1167257 
	   Memory (MB)          :    272        6000      6000 

	Job terminated of its own accord at 2021-07-27T08:49:05Z.
...
