000 (2536881.124.000) 07/22 03:18:13 Job submitted from host: <188.185.70.244:9618?addrs=188.185.70.244-9618+[2001-1458-d00-7--100-2ee]-9618&alias=bigbird10.cern.ch&noUDP&sock=schedd_2037_ca81>
...
040 (2536881.124.000) 07/22 03:35:03 Started transferring input files
	Transferring to host: <188.184.212.150:9618?addrs=188.184.212.150-9618+[2001-1458-301-10c--100-98]-9618&alias=b7g24n0310.cern.ch&noUDP&sock=slot1_9_3364_fe02_77381>
...
001 (2536881.124.000) 07/22 03:35:04 Job executing on host: <188.184.212.150:9618?addrs=188.184.212.150-9618+[2001-1458-301-10c--100-98]-9618&alias=b7g24n0310.cern.ch&noUDP&sock=startd_2876_4677>
...
040 (2536881.124.000) 07/22 03:35:04 Finished transferring input files
...
006 (2536881.124.000) 07/22 03:35:13 Image size of job updated: 51308
	28  -  MemoryUsage of job (MB)
	28416  -  ResidentSetSize of job (KB)
...
006 (2536881.124.000) 07/22 03:40:14 Image size of job updated: 631176
	205  -  MemoryUsage of job (MB)
	209464  -  ResidentSetSize of job (KB)
...
006 (2536881.124.000) 07/22 03:50:15 Image size of job updated: 631176
	205  -  MemoryUsage of job (MB)
	209468  -  ResidentSetSize of job (KB)
...
006 (2536881.124.000) 07/22 05:40:26 Image size of job updated: 947960
	420  -  MemoryUsage of job (MB)
	429712  -  ResidentSetSize of job (KB)
...
006 (2536881.124.000) 07/22 06:25:32 Image size of job updated: 948448
	421  -  MemoryUsage of job (MB)
	430248  -  ResidentSetSize of job (KB)
...
040 (2536881.124.000) 07/22 06:41:54 Started transferring output files
...
040 (2536881.124.000) 07/22 06:41:55 Finished transferring output files
...
005 (2536881.124.000) 07/22 06:41:55 Job terminated.
	(1) Normal termination (return value 0)
		Usr 0 01:07:09, Sys 0 00:00:05  -  Run Remote Usage
		Usr 0 00:00:00, Sys 0 00:00:00  -  Run Local Usage
		Usr 0 01:07:09, Sys 0 00:00:05  -  Total Remote Usage
		Usr 0 00:00:00, Sys 0 00:00:00  -  Total Local Usage
	46162  -  Run Bytes Sent By Job
	55262812  -  Run Bytes Received By Job
	46162  -  Total Bytes Sent By Job
	55262812  -  Total Bytes Received By Job
	Partitionable Resources :     Usage  Request Allocated 
	   Cpus                 :      0.99        3         3 
	   Disk (KB)            : 206211       75000    295388 
	   Memory (MB)          :    421        6000      6000 

	Job terminated of its own accord at 2021-07-22T04:41:54Z.
...
