000 (2521668.215.000) 07/19 01:56:57 Job submitted from host: <188.185.70.244:9618?addrs=188.185.70.244-9618+[2001-1458-d00-7--100-2ee]-9618&alias=bigbird10.cern.ch&noUDP&sock=schedd_2037_ca81>
...
040 (2521668.215.000) 07/19 02:17:47 Started transferring input files
	Transferring to host: <128.142.59.84:9618?addrs=128.142.59.84-9618+[2001-1458-301-21--100-53]-9618&alias=b7s04p3868.cern.ch&noUDP&sock=slot1_28_6843_432f_9436>
...
040 (2521668.215.000) 07/19 02:17:47 Finished transferring input files
...
001 (2521668.215.000) 07/19 02:17:47 Job executing on host: <128.142.59.84:9618?addrs=128.142.59.84-9618+[2001-1458-301-21--100-53]-9618&alias=b7s04p3868.cern.ch&noUDP&sock=startd_6383_c91a>
...
006 (2521668.215.000) 07/19 02:17:57 Image size of job updated: 531084
	109  -  MemoryUsage of job (MB)
	111508  -  ResidentSetSize of job (KB)
...
006 (2521668.215.000) 07/19 02:22:57 Image size of job updated: 626156
	201  -  MemoryUsage of job (MB)
	205164  -  ResidentSetSize of job (KB)
...
006 (2521668.215.000) 07/19 02:42:59 Image size of job updated: 762660
	241  -  MemoryUsage of job (MB)
	246076  -  ResidentSetSize of job (KB)
...
006 (2521668.215.000) 07/19 02:43:04 Image size of job updated: 766972
	241  -  MemoryUsage of job (MB)
	246076  -  ResidentSetSize of job (KB)
...
040 (2521668.215.000) 07/19 02:43:04 Started transferring output files
...
040 (2521668.215.000) 07/19 02:43:04 Finished transferring output files
...
005 (2521668.215.000) 07/19 02:43:04 Job terminated.
	(1) Normal termination (return value 0)
		Usr 0 00:00:46, Sys 0 00:00:02  -  Run Remote Usage
		Usr 0 00:00:00, Sys 0 00:00:00  -  Run Local Usage
		Usr 0 00:00:46, Sys 0 00:00:02  -  Total Remote Usage
		Usr 0 00:00:00, Sys 0 00:00:00  -  Total Local Usage
	48322  -  Run Bytes Sent By Job
	55262812  -  Run Bytes Received By Job
	48322  -  Total Bytes Sent By Job
	55262812  -  Total Bytes Received By Job
	Partitionable Resources :    Usage  Request Allocated 
	   Cpus                 :        0        3         3 
	   Disk (KB)            :   179275    75000   1305374 
	   Memory (MB)          :      241     6000      6000 

	Job terminated of its own accord at 2021-07-19T00:43:04Z.
...
