000 (2557077.031.000) 07/28 10:49:38 Job submitted from host: <188.185.70.244:9618?addrs=188.185.70.244-9618+[2001-1458-d00-7--100-2ee]-9618&alias=bigbird10.cern.ch&noUDP&sock=schedd_2037_ca81>
...
022 (2557077.031.000) 07/28 12:25:24 Job disconnected, attempting to reconnect
    Socket between submit and execute hosts closed unexpectedly
    Trying to reconnect to slot1_16@b7s04p2139.cern.ch <128.142.59.86:9618?addrs=128.142.59.86-9618+[2001-1458-301-21--100-55]-9618&alias=b7s04p2139.cern.ch&noUDP&sock=startd_6290_fecb>
...
024 (2557077.031.000) 07/28 12:25:24 Job reconnection failed
    Job not found at execution machine
    Can not reconnect to slot1_16@b7s04p2139.cern.ch, rescheduling job
...
040 (2557077.031.000) 07/28 12:30:29 Started transferring input files
	Transferring to host: <128.142.57.94:9618?addrs=128.142.57.94-9618+[2001-1458-301-7--100-5d]-9618&alias=b7s02p3547.cern.ch&noUDP&sock=slot1_6_6633_4c67_21660>
...
040 (2557077.031.000) 07/28 12:30:30 Finished transferring input files
...
001 (2557077.031.000) 07/28 12:30:30 Job executing on host: <128.142.57.94:9618?addrs=128.142.57.94-9618+[2001-1458-301-7--100-5d]-9618&alias=b7s02p3547.cern.ch&noUDP&sock=startd_6174_6dcf>
...
006 (2557077.031.000) 07/28 12:30:39 Image size of job updated: 280632
	201  -  MemoryUsage of job (MB)
	205292  -  ResidentSetSize of job (KB)
...
006 (2557077.031.000) 07/28 12:35:40 Image size of job updated: 775068
	253  -  MemoryUsage of job (MB)
	258232  -  ResidentSetSize of job (KB)
...
006 (2557077.031.000) 07/28 12:36:14 Image size of job updated: 775652
	253  -  MemoryUsage of job (MB)
	258232  -  ResidentSetSize of job (KB)
...
040 (2557077.031.000) 07/28 12:36:14 Started transferring output files
...
040 (2557077.031.000) 07/28 12:36:14 Finished transferring output files
...
005 (2557077.031.000) 07/28 12:36:14 Job terminated.
	(1) Normal termination (return value 0)
		Usr 0 00:05:40, Sys 0 00:00:01  -  Run Remote Usage
		Usr 0 00:00:00, Sys 0 00:00:00  -  Run Local Usage
		Usr 0 00:05:40, Sys 0 00:00:01  -  Total Remote Usage
		Usr 0 00:00:00, Sys 0 00:00:00  -  Total Local Usage
	47565  -  Run Bytes Sent By Job
	55262880  -  Run Bytes Received By Job
	47565  -  Total Bytes Sent By Job
	55262880  -  Total Bytes Received By Job
	Partitionable Resources :    Usage  Request Allocated 
	   Cpus                 :                 5         5 
	   Disk (KB)            :   179049    75000   1253562 
	   Memory (MB)          :      253    10000     10000 

	Job terminated of its own accord at 2021-07-28T10:36:14Z.
...
