000 (2536881.018.000) 07/22 03:18:13 Job submitted from host: <188.185.70.244:9618?addrs=188.185.70.244-9618+[2001-1458-d00-7--100-2ee]-9618&alias=bigbird10.cern.ch&noUDP&sock=schedd_2037_ca81>
...
040 (2536881.018.000) 07/22 03:25:05 Started transferring input files
	Transferring to host: <128.142.78.168:9618?addrs=128.142.78.168-9618+[2001-1458-301-f4--100-368]-9618&alias=b7s12n3882.cern.ch&noUDP&sock=slot1_5_17023_fe4d_120684>
...
040 (2536881.018.000) 07/22 03:25:06 Finished transferring input files
...
001 (2536881.018.000) 07/22 03:25:06 Job executing on host: <128.142.78.168:9618?addrs=128.142.78.168-9618+[2001-1458-301-f4--100-368]-9618&alias=b7s12n3882.cern.ch&noUDP&sock=startd_16683_ba95>
...
006 (2536881.018.000) 07/22 03:25:15 Image size of job updated: 48532
	28  -  MemoryUsage of job (MB)
	28092  -  ResidentSetSize of job (KB)
...
006 (2536881.018.000) 07/22 03:30:16 Image size of job updated: 626824
	201  -  MemoryUsage of job (MB)
	205292  -  ResidentSetSize of job (KB)
...
006 (2536881.018.000) 07/22 03:35:16 Image size of job updated: 825312
	301  -  MemoryUsage of job (MB)
	307840  -  ResidentSetSize of job (KB)
...
006 (2536881.018.000) 07/22 03:55:18 Image size of job updated: 825884
	302  -  MemoryUsage of job (MB)
	308400  -  ResidentSetSize of job (KB)
...
040 (2536881.018.000) 07/22 03:57:18 Started transferring output files
...
040 (2536881.018.000) 07/22 03:57:18 Finished transferring output files
...
005 (2536881.018.000) 07/22 03:57:18 Job terminated.
	(1) Normal termination (return value 0)
		Usr 0 00:27:10, Sys 0 00:00:03  -  Run Remote Usage
		Usr 0 00:00:00, Sys 0 00:00:00  -  Run Local Usage
		Usr 0 00:27:10, Sys 0 00:00:03  -  Total Remote Usage
		Usr 0 00:00:00, Sys 0 00:00:00  -  Total Local Usage
	43689  -  Run Bytes Sent By Job
	55262812  -  Run Bytes Received By Job
	43689  -  Total Bytes Sent By Job
	55262812  -  Total Bytes Received By Job
	Partitionable Resources :     Usage  Request Allocated 
	   Cpus                 :      1.00        3         3 
	   Disk (KB)            : 185767       75000    270788 
	   Memory (MB)          :    302        6000      6000 

	Job terminated of its own accord at 2021-07-22T01:57:18Z.
...
