000 (2552364.017.000) 07/26 17:27:33 Job submitted from host: <188.185.70.244:9618?addrs=188.185.70.244-9618+[2001-1458-d00-7--100-2ee]-9618&alias=bigbird10.cern.ch&noUDP&sock=schedd_2037_ca81>
...
040 (2552364.017.000) 07/26 17:31:14 Entered queue to transfer input files
	Transferring to host: <188.184.197.99:9618?addrs=188.184.197.99-9618+[2001-1458-301-103--100-3ce]-9618&alias=b7g23n8483.cern.ch&noUDP&sock=slot1_3_3954_b35a_93540>
...
040 (2552364.017.000) 07/26 17:31:26 Started transferring input files
	Seconds spent in queue: 12
...
001 (2552364.017.000) 07/26 17:31:26 Job executing on host: <188.184.197.99:9618?addrs=188.184.197.99-9618+[2001-1458-301-103--100-3ce]-9618&alias=b7g23n8483.cern.ch&noUDP&sock=startd_3238_93c0>
...
006 (2552364.017.000) 07/26 17:31:43 Image size of job updated: 419724
	8  -  MemoryUsage of job (MB)
	7916  -  ResidentSetSize of job (KB)
...
040 (2552364.017.000) 07/26 17:31:43 Finished transferring input files
...
006 (2552364.017.000) 07/26 17:36:36 Image size of job updated: 626264
	201  -  MemoryUsage of job (MB)
	205240  -  ResidentSetSize of job (KB)
...
006 (2552364.017.000) 07/26 17:46:38 Image size of job updated: 801628
	279  -  MemoryUsage of job (MB)
	284852  -  ResidentSetSize of job (KB)
...
006 (2552364.017.000) 07/26 18:01:39 Image size of job updated: 802296
	279  -  MemoryUsage of job (MB)
	285520  -  ResidentSetSize of job (KB)
...
040 (2552364.017.000) 07/26 18:04:08 Started transferring output files
	Seconds spent in queue: 1974
...
040 (2552364.017.000) 07/26 18:04:09 Finished transferring output files
...
005 (2552364.017.000) 07/26 18:04:09 Job terminated.
	(1) Normal termination (return value 0)
		Usr 0 00:23:08, Sys 0 00:00:03  -  Run Remote Usage
		Usr 0 00:00:00, Sys 0 00:00:00  -  Run Local Usage
		Usr 0 00:23:08, Sys 0 00:00:03  -  Total Remote Usage
		Usr 0 00:00:00, Sys 0 00:00:00  -  Total Local Usage
	49312  -  Run Bytes Sent By Job
	55262876  -  Run Bytes Received By Job
	49312  -  Total Bytes Sent By Job
	55262876  -  Total Bytes Received By Job
	Partitionable Resources :     Usage  Request Allocated 
	   Cpus                 :      1.00        3         3 
	   Disk (KB)            : 181400       75000    342708 
	   Memory (MB)          :    279        6000      6000 

	Job terminated of its own accord at 2021-07-26T16:04:08Z.
...
