000 (2521675.031.000) 07/19 04:18:38 Job submitted from host: <188.185.70.244:9618?addrs=188.185.70.244-9618+[2001-1458-d00-7--100-2ee]-9618&alias=bigbird10.cern.ch&noUDP&sock=schedd_2037_ca81>
...
040 (2521675.031.000) 07/19 04:24:52 Started transferring input files
	Transferring to host: <128.142.84.90:9618?addrs=128.142.84.90-9618+[2001-1458-301-f6--100-378]-9618&alias=b7s14n8691.cern.ch&noUDP&sock=slot1_5_6673_7b68_72473>
...
040 (2521675.031.000) 07/19 04:24:52 Finished transferring input files
...
001 (2521675.031.000) 07/19 04:24:52 Job executing on host: <128.142.84.90:9618?addrs=128.142.84.90-9618+[2001-1458-301-f6--100-378]-9618&alias=b7s14n8691.cern.ch&noUDP&sock=startd_5247_9584>
...
006 (2521675.031.000) 07/19 04:25:01 Image size of job updated: 425380
	28  -  MemoryUsage of job (MB)
	28080  -  ResidentSetSize of job (KB)
...
006 (2521675.031.000) 07/19 04:30:01 Image size of job updated: 627424
	202  -  MemoryUsage of job (MB)
	206608  -  ResidentSetSize of job (KB)
...
006 (2521675.031.000) 07/19 04:33:05 Image size of job updated: 762364
	202  -  MemoryUsage of job (MB)
	206608  -  ResidentSetSize of job (KB)
...
040 (2521675.031.000) 07/19 04:33:05 Started transferring output files
...
040 (2521675.031.000) 07/19 04:33:05 Finished transferring output files
...
005 (2521675.031.000) 07/19 04:33:05 Job terminated.
	(1) Normal termination (return value 0)
		Usr 0 00:01:04, Sys 0 00:00:02  -  Run Remote Usage
		Usr 0 00:00:00, Sys 0 00:00:00  -  Run Local Usage
		Usr 0 00:01:04, Sys 0 00:00:02  -  Total Remote Usage
		Usr 0 00:00:00, Sys 0 00:00:00  -  Total Local Usage
	49015  -  Run Bytes Sent By Job
	55262812  -  Run Bytes Received By Job
	49015  -  Total Bytes Sent By Job
	55262812  -  Total Bytes Received By Job
	Partitionable Resources :     Usage  Request Allocated 
	   Cpus                 :      0.03        3         3 
	   Disk (KB)            : 179105       75000    286393 
	   Memory (MB)          :    202        6000      6000 

	Job terminated of its own accord at 2021-07-19T02:33:05Z.
...
