000 (2521842.150.000) 07/19 05:55:56 Job submitted from host: <188.185.70.244:9618?addrs=188.185.70.244-9618+[2001-1458-d00-7--100-2ee]-9618&alias=bigbird10.cern.ch&noUDP&sock=schedd_2037_ca81>
...
040 (2521842.150.000) 07/19 06:03:59 Started transferring input files
	Transferring to host: <128.142.78.155:9618?addrs=128.142.78.155-9618+[2001-1458-301-f4--100-30e]-9618&alias=b7s12n9764.cern.ch&noUDP&sock=slot1_2_22596_ad10_118109>
...
040 (2521842.150.000) 07/19 06:04:00 Finished transferring input files
...
001 (2521842.150.000) 07/19 06:04:00 Job executing on host: <128.142.78.155:9618?addrs=128.142.78.155-9618+[2001-1458-301-f4--100-30e]-9618&alias=b7s12n9764.cern.ch&noUDP&sock=startd_16216_67db>
...
006 (2521842.150.000) 07/19 06:04:09 Image size of job updated: 4800
	4  -  MemoryUsage of job (MB)
	3688  -  ResidentSetSize of job (KB)
...
006 (2521842.150.000) 07/19 06:09:10 Image size of job updated: 626268
	201  -  MemoryUsage of job (MB)
	205252  -  ResidentSetSize of job (KB)
...
006 (2521842.150.000) 07/19 06:29:12 Image size of job updated: 806548
	283  -  MemoryUsage of job (MB)
	289648  -  ResidentSetSize of job (KB)
...
006 (2521842.150.000) 07/19 06:39:13 Image size of job updated: 807032
	284  -  MemoryUsage of job (MB)
	290244  -  ResidentSetSize of job (KB)
...
040 (2521842.150.000) 07/19 06:43:02 Started transferring output files
...
040 (2521842.150.000) 07/19 06:43:02 Finished transferring output files
...
005 (2521842.150.000) 07/19 06:43:02 Job terminated.
	(1) Normal termination (return value 0)
		Usr 0 00:19:05, Sys 0 00:00:03  -  Run Remote Usage
		Usr 0 00:00:00, Sys 0 00:00:00  -  Run Local Usage
		Usr 0 00:19:05, Sys 0 00:00:03  -  Total Remote Usage
		Usr 0 00:00:00, Sys 0 00:00:00  -  Total Local Usage
	48699  -  Run Bytes Sent By Job
	55262812  -  Run Bytes Received By Job
	48699  -  Total Bytes Sent By Job
	55262812  -  Total Bytes Received By Job
	Partitionable Resources :     Usage  Request Allocated 
	   Cpus                 :      0.99        3         3 
	   Disk (KB)            : 182330       75000    256296 
	   Memory (MB)          :    284        6000      6000 

	Job terminated of its own accord at 2021-07-19T04:43:02Z.
...
