000 (2524871.022.000) 07/20 04:35:08 Job submitted from host: <188.185.70.244:9618?addrs=188.185.70.244-9618+[2001-1458-d00-7--100-2ee]-9618&alias=bigbird10.cern.ch&noUDP&sock=schedd_2037_ca81>
...
040 (2524871.022.000) 07/20 04:57:15 Started transferring input files
	Transferring to host: <128.142.56.148:9618?addrs=128.142.56.148-9618+[2001-1458-301-6--100-93]-9618&alias=b7s01p4232.cern.ch&noUDP&sock=slot1_2_50118_6a2f_13524>
...
040 (2524871.022.000) 07/20 04:57:16 Finished transferring input files
...
001 (2524871.022.000) 07/20 04:57:16 Job executing on host: <128.142.56.148:9618?addrs=128.142.56.148-9618+[2001-1458-301-6--100-93]-9618&alias=b7s01p4232.cern.ch&noUDP&sock=startd_50073_7dd8>
...
006 (2524871.022.000) 07/20 04:57:25 Image size of job updated: 461056
	109  -  MemoryUsage of job (MB)
	111468  -  ResidentSetSize of job (KB)
...
006 (2524871.022.000) 07/20 05:02:26 Image size of job updated: 801920
	278  -  MemoryUsage of job (MB)
	284600  -  ResidentSetSize of job (KB)
...
006 (2524871.022.000) 07/20 05:07:26 Image size of job updated: 801920
	279  -  MemoryUsage of job (MB)
	285136  -  ResidentSetSize of job (KB)
...
006 (2524871.022.000) 07/20 05:10:23 Image size of job updated: 802420
	279  -  MemoryUsage of job (MB)
	285136  -  ResidentSetSize of job (KB)
...
040 (2524871.022.000) 07/20 05:10:23 Started transferring output files
...
040 (2524871.022.000) 07/20 05:10:23 Finished transferring output files
...
005 (2524871.022.000) 07/20 05:10:24 Job terminated.
	(1) Normal termination (return value 0)
		Usr 0 00:12:27, Sys 0 00:00:02  -  Run Remote Usage
		Usr 0 00:00:00, Sys 0 00:00:00  -  Run Local Usage
		Usr 0 00:12:27, Sys 0 00:00:02  -  Total Remote Usage
		Usr 0 00:00:00, Sys 0 00:00:00  -  Total Local Usage
	51307  -  Run Bytes Sent By Job
	55262812  -  Run Bytes Received By Job
	51307  -  Total Bytes Sent By Job
	55262812  -  Total Bytes Received By Job
	Partitionable Resources :     Usage  Request Allocated 
	   Cpus                 :      1.00        3         3 
	   Disk (KB)            : 181434       75000   1266826 
	   Memory (MB)          :    279        6000      6000 

	Job terminated of its own accord at 2021-07-20T03:10:23Z.
...
