000 (2556080.018.000) 07/27 11:07:01 Job submitted from host: <188.185.70.244:9618?addrs=188.185.70.244-9618+[2001-1458-d00-7--100-2ee]-9618&alias=bigbird10.cern.ch&noUDP&sock=schedd_2037_ca81>
...
040 (2556080.018.000) 07/27 11:36:40 Started transferring input files
	Transferring to host: <128.142.58.128:9618?addrs=128.142.58.128-9618+[2001-1458-301-16--100-7f]-9618&alias=b7s03p3311.cern.ch&noUDP&sock=slot1_10_6830_1a4f_17954>
...
040 (2556080.018.000) 07/27 11:36:41 Finished transferring input files
...
001 (2556080.018.000) 07/27 11:36:41 Job executing on host: <128.142.58.128:9618?addrs=128.142.58.128-9618+[2001-1458-301-16--100-7f]-9618&alias=b7s03p3311.cern.ch&noUDP&sock=startd_6370_de5f>
...
006 (2556080.018.000) 07/27 11:36:50 Image size of job updated: 1051924
	89  -  MemoryUsage of job (MB)
	90936  -  ResidentSetSize of job (KB)
...
006 (2556080.018.000) 07/27 11:41:51 Image size of job updated: 1051924
	201  -  MemoryUsage of job (MB)
	205256  -  ResidentSetSize of job (KB)
...
006 (2556080.018.000) 07/27 11:46:52 Image size of job updated: 1051924
	212  -  MemoryUsage of job (MB)
	216380  -  ResidentSetSize of job (KB)
...
006 (2556080.018.000) 07/27 11:51:52 Image size of job updated: 1051924
	280  -  MemoryUsage of job (MB)
	286664  -  ResidentSetSize of job (KB)
...
006 (2556080.018.000) 07/27 12:01:54 Image size of job updated: 1051924
	282  -  MemoryUsage of job (MB)
	288528  -  ResidentSetSize of job (KB)
...
040 (2556080.018.000) 07/27 12:02:30 Started transferring output files
...
040 (2556080.018.000) 07/27 12:02:31 Finished transferring output files
...
005 (2556080.018.000) 07/27 12:02:31 Job terminated.
	(1) Normal termination (return value 0)
		Usr 0 00:16:13, Sys 0 00:00:02  -  Run Remote Usage
		Usr 0 00:00:00, Sys 0 00:00:00  -  Run Local Usage
		Usr 0 00:16:13, Sys 0 00:00:02  -  Total Remote Usage
		Usr 0 00:00:00, Sys 0 00:00:00  -  Total Local Usage
	44527  -  Run Bytes Sent By Job
	55262880  -  Run Bytes Received By Job
	44527  -  Total Bytes Sent By Job
	55262880  -  Total Bytes Received By Job
	Partitionable Resources :     Usage  Request Allocated 
	   Cpus                 :      1.00        3         3 
	   Disk (KB)            : 186084       75000   1311967 
	   Memory (MB)          :    282        6000      6000 

	Job terminated of its own accord at 2021-07-27T10:02:30Z.
...
