000 (2524871.013.000) 07/20 04:35:08 Job submitted from host: <188.185.70.244:9618?addrs=188.185.70.244-9618+[2001-1458-d00-7--100-2ee]-9618&alias=bigbird10.cern.ch&noUDP&sock=schedd_2037_ca81>
...
040 (2524871.013.000) 07/20 04:55:35 Started transferring input files
	Transferring to host: <128.142.59.103:9618?addrs=128.142.59.103-9618+[2001-1458-301-21--100-66]-9618&alias=b7s04p5872.cern.ch&noUDP&sock=slot1_21_6682_d2c9_12628>
...
040 (2524871.013.000) 07/20 04:55:36 Finished transferring input files
...
001 (2524871.013.000) 07/20 04:55:36 Job executing on host: <128.142.59.103:9618?addrs=128.142.59.103-9618+[2001-1458-301-21--100-66]-9618&alias=b7s04p5872.cern.ch&noUDP&sock=startd_6226_18bc>
...
006 (2524871.013.000) 07/20 04:55:45 Image size of job updated: 238764
	161  -  MemoryUsage of job (MB)
	163876  -  ResidentSetSize of job (KB)
...
006 (2524871.013.000) 07/20 05:00:46 Image size of job updated: 806992
	287  -  MemoryUsage of job (MB)
	293104  -  ResidentSetSize of job (KB)
...
006 (2524871.013.000) 07/20 05:08:29 Image size of job updated: 807516
	287  -  MemoryUsage of job (MB)
	293104  -  ResidentSetSize of job (KB)
...
040 (2524871.013.000) 07/20 05:08:29 Started transferring output files
...
040 (2524871.013.000) 07/20 05:08:29 Finished transferring output files
...
005 (2524871.013.000) 07/20 05:08:29 Job terminated.
	(1) Normal termination (return value 0)
		Usr 0 00:10:23, Sys 0 00:00:02  -  Run Remote Usage
		Usr 0 00:00:00, Sys 0 00:00:00  -  Run Local Usage
		Usr 0 00:10:23, Sys 0 00:00:02  -  Total Remote Usage
		Usr 0 00:00:00, Sys 0 00:00:00  -  Total Local Usage
	52707  -  Run Bytes Sent By Job
	55262812  -  Run Bytes Received By Job
	52707  -  Total Bytes Sent By Job
	55262812  -  Total Bytes Received By Job
	Partitionable Resources :     Usage  Request Allocated 
	   Cpus                 :      1.00        3         3 
	   Disk (KB)            : 182234       75000   1288867 
	   Memory (MB)          :    287        6000      6000 

	Job terminated of its own accord at 2021-07-20T03:08:29Z.
...
