000 (2536881.110.000) 07/22 03:18:13 Job submitted from host: <188.185.70.244:9618?addrs=188.185.70.244-9618+[2001-1458-d00-7--100-2ee]-9618&alias=bigbird10.cern.ch&noUDP&sock=schedd_2037_ca81>
...
040 (2536881.110.000) 07/22 03:34:58 Started transferring input files
	Transferring to host: <128.142.73.47:9618?addrs=128.142.73.47-9618+[2001-1458-301-75--100-40d]-9618&alias=b7s11n3842.cern.ch&noUDP&sock=slot1_4_9909_896c_120856>
...
040 (2536881.110.000) 07/22 03:34:59 Finished transferring input files
...
001 (2536881.110.000) 07/22 03:34:59 Job executing on host: <128.142.73.47:9618?addrs=128.142.73.47-9618+[2001-1458-301-75--100-40d]-9618&alias=b7s11n3842.cern.ch&noUDP&sock=startd_16709_900b>
...
006 (2536881.110.000) 07/22 03:35:08 Image size of job updated: 13540
	14  -  MemoryUsage of job (MB)
	13364  -  ResidentSetSize of job (KB)
...
006 (2536881.110.000) 07/22 03:40:09 Image size of job updated: 636268
	209  -  MemoryUsage of job (MB)
	213788  -  ResidentSetSize of job (KB)
...
006 (2536881.110.000) 07/22 04:20:13 Image size of job updated: 636268
	209  -  MemoryUsage of job (MB)
	213792  -  ResidentSetSize of job (KB)
...
006 (2536881.110.000) 07/22 04:25:13 Image size of job updated: 916800
	394  -  MemoryUsage of job (MB)
	403052  -  ResidentSetSize of job (KB)
...
040 (2536881.110.000) 07/22 05:52:54 Started transferring output files
...
040 (2536881.110.000) 07/22 05:52:54 Finished transferring output files
...
005 (2536881.110.000) 07/22 05:52:54 Job terminated.
	(1) Normal termination (return value 0)
		Usr 0 01:32:22, Sys 0 00:00:05  -  Run Remote Usage
		Usr 0 00:00:00, Sys 0 00:00:00  -  Run Local Usage
		Usr 0 01:32:22, Sys 0 00:00:05  -  Total Remote Usage
		Usr 0 00:00:00, Sys 0 00:00:00  -  Total Local Usage
	44764  -  Run Bytes Sent By Job
	55262812  -  Run Bytes Received By Job
	44764  -  Total Bytes Sent By Job
	55262812  -  Total Bytes Received By Job
	Partitionable Resources :     Usage  Request Allocated 
	   Cpus                 :      1.00        3         3 
	   Disk (KB)            : 199324       75000    253047 
	   Memory (MB)          :    394        6000      6000 

	Job terminated of its own accord at 2021-07-22T03:52:53Z.
...
