000 (2534572.143.000) 07/21 23:44:26 Job submitted from host: <188.185.70.244:9618?addrs=188.185.70.244-9618+[2001-1458-d00-7--100-2ee]-9618&alias=bigbird10.cern.ch&noUDP&sock=schedd_2037_ca81>
...
040 (2534572.143.000) 07/21 23:50:39 Started transferring input files
	Transferring to host: <128.142.59.79:9618?addrs=128.142.59.79-9618+[2001-1458-301-21--100-4e]-9618&alias=b7s04p7395.cern.ch&noUDP&sock=slot1_6_6630_2f47_14078>
...
040 (2534572.143.000) 07/21 23:50:40 Finished transferring input files
...
001 (2534572.143.000) 07/21 23:50:40 Job executing on host: <128.142.59.79:9618?addrs=128.142.59.79-9618+[2001-1458-301-21--100-4e]-9618&alias=b7s04p7395.cern.ch&noUDP&sock=startd_6166_f10d>
...
006 (2534572.143.000) 07/21 23:50:49 Image size of job updated: 242688
	165  -  MemoryUsage of job (MB)
	168564  -  ResidentSetSize of job (KB)
...
006 (2534572.143.000) 07/21 23:55:50 Image size of job updated: 631960
	205  -  MemoryUsage of job (MB)
	209672  -  ResidentSetSize of job (KB)
...
006 (2534572.143.000) 07/22 00:10:51 Image size of job updated: 631960
	285  -  MemoryUsage of job (MB)
	290908  -  ResidentSetSize of job (KB)
...
006 (2534572.143.000) 07/22 00:15:51 Image size of job updated: 820112
	300  -  MemoryUsage of job (MB)
	306196  -  ResidentSetSize of job (KB)
...
006 (2534572.143.000) 07/22 00:30:14 Image size of job updated: 820716
	300  -  MemoryUsage of job (MB)
	306196  -  ResidentSetSize of job (KB)
...
040 (2534572.143.000) 07/22 00:30:14 Started transferring output files
...
040 (2534572.143.000) 07/22 00:30:15 Finished transferring output files
...
005 (2534572.143.000) 07/22 00:30:15 Job terminated.
	(1) Normal termination (return value 0)
		Usr 0 00:20:05, Sys 0 00:00:02  -  Run Remote Usage
		Usr 0 00:00:00, Sys 0 00:00:00  -  Run Local Usage
		Usr 0 00:20:05, Sys 0 00:00:02  -  Total Remote Usage
		Usr 0 00:00:00, Sys 0 00:00:00  -  Total Local Usage
	44177  -  Run Bytes Sent By Job
	55262812  -  Run Bytes Received By Job
	44177  -  Total Bytes Sent By Job
	55262812  -  Total Bytes Received By Job
	Partitionable Resources :     Usage  Request Allocated 
	   Cpus                 :      1.00        3         3 
	   Disk (KB)            : 184707       75000   1281190 
	   Memory (MB)          :    300        6000      6000 

	Job terminated of its own accord at 2021-07-21T22:30:14Z.
...
