000 (2521867.108.000) 07/19 07:46:08 Job submitted from host: <188.185.70.244:9618?addrs=188.185.70.244-9618+[2001-1458-d00-7--100-2ee]-9618&alias=bigbird10.cern.ch&noUDP&sock=schedd_2037_ca81>
...
040 (2521867.108.000) 07/19 07:49:21 Started transferring input files
	Transferring to host: <128.142.56.96:9618?addrs=128.142.56.96-9618+[2001-1458-301-6--100-5f]-9618&alias=b7s01p1977.cern.ch&noUDP&sock=slot1_6_56531_f414_15444>
...
040 (2521867.108.000) 07/19 07:49:22 Finished transferring input files
...
001 (2521867.108.000) 07/19 07:49:22 Job executing on host: <128.142.56.96:9618?addrs=128.142.56.96-9618+[2001-1458-301-6--100-5f]-9618&alias=b7s01p1977.cern.ch&noUDP&sock=startd_53425_af4d>
...
006 (2521867.108.000) 07/19 07:49:30 Image size of job updated: 269280
	191  -  MemoryUsage of job (MB)
	194656  -  ResidentSetSize of job (KB)
...
006 (2521867.108.000) 07/19 07:54:30 Image size of job updated: 631804
	208  -  MemoryUsage of job (MB)
	212276  -  ResidentSetSize of job (KB)
...
006 (2521867.108.000) 07/19 07:59:31 Image size of job updated: 747056
	294  -  MemoryUsage of job (MB)
	300472  -  ResidentSetSize of job (KB)
...
006 (2521867.108.000) 07/19 08:08:59 Image size of job updated: 747656
	294  -  MemoryUsage of job (MB)
	300472  -  ResidentSetSize of job (KB)
...
040 (2521867.108.000) 07/19 08:08:59 Started transferring output files
...
040 (2521867.108.000) 07/19 08:08:59 Finished transferring output files
...
005 (2521867.108.000) 07/19 08:08:59 Job terminated.
	(1) Normal termination (return value 0)
		Usr 0 00:11:44, Sys 0 00:00:02  -  Run Remote Usage
		Usr 0 00:00:00, Sys 0 00:00:00  -  Run Local Usage
		Usr 0 00:11:44, Sys 0 00:00:02  -  Total Remote Usage
		Usr 0 00:00:00, Sys 0 00:00:00  -  Total Local Usage
	49021  -  Run Bytes Sent By Job
	55262812  -  Run Bytes Received By Job
	49021  -  Total Bytes Sent By Job
	55262812  -  Total Bytes Received By Job
	Partitionable Resources :     Usage  Request Allocated 
	   Cpus                 :      1.00        3         3 
	   Disk (KB)            : 183296       75000   1285067 
	   Memory (MB)          :    294        6000      6000 

	Job terminated of its own accord at 2021-07-19T06:08:59Z.
...
