000 (2522101.067.000) 07/19 11:55:34 Job submitted from host: <188.185.70.244:9618?addrs=188.185.70.244-9618+[2001-1458-d00-7--100-2ee]-9618&alias=bigbird10.cern.ch&noUDP&sock=schedd_2037_ca81>
...
040 (2522101.067.000) 07/19 12:46:29 Started transferring input files
	Transferring to host: <128.142.77.224:9618?addrs=128.142.77.224-9618+[2001-1458-301-f4--100-395]-9618&alias=b7s12n5913.cern.ch&noUDP&sock=slot1_5_5624_5dde_62231>
...
001 (2522101.067.000) 07/19 12:46:31 Job executing on host: <128.142.77.224:9618?addrs=128.142.77.224-9618+[2001-1458-301-f4--100-395]-9618&alias=b7s12n5913.cern.ch&noUDP&sock=startd_4477_6d97>
...
040 (2522101.067.000) 07/19 12:46:31 Finished transferring input files
...
006 (2522101.067.000) 07/19 12:46:39 Image size of job updated: 27400
	10  -  MemoryUsage of job (MB)
	9524  -  ResidentSetSize of job (KB)
...
006 (2522101.067.000) 07/19 12:51:39 Image size of job updated: 631964
	205  -  MemoryUsage of job (MB)
	209668  -  ResidentSetSize of job (KB)
...
006 (2522101.067.000) 07/19 12:56:40 Image size of job updated: 631964
	205  -  MemoryUsage of job (MB)
	209672  -  ResidentSetSize of job (KB)
...
006 (2522101.067.000) 07/19 13:21:42 Image size of job updated: 631964
	205  -  MemoryUsage of job (MB)
	209676  -  ResidentSetSize of job (KB)
...
006 (2522101.067.000) 07/19 13:31:43 Image size of job updated: 817280
	297  -  MemoryUsage of job (MB)
	303468  -  ResidentSetSize of job (KB)
...
006 (2522101.067.000) 07/19 13:46:44 Image size of job updated: 817788
	297  -  MemoryUsage of job (MB)
	303976  -  ResidentSetSize of job (KB)
...
040 (2522101.067.000) 07/19 13:48:58 Started transferring output files
...
040 (2522101.067.000) 07/19 13:48:58 Finished transferring output files
...
005 (2522101.067.000) 07/19 13:48:58 Job terminated.
	(1) Normal termination (return value 0)
		Usr 0 00:23:00, Sys 0 00:00:03  -  Run Remote Usage
		Usr 0 00:00:00, Sys 0 00:00:00  -  Run Local Usage
		Usr 0 00:23:00, Sys 0 00:00:03  -  Total Remote Usage
		Usr 0 00:00:00, Sys 0 00:00:00  -  Total Local Usage
	48873  -  Run Bytes Sent By Job
	55262812  -  Run Bytes Received By Job
	48873  -  Total Bytes Sent By Job
	55262812  -  Total Bytes Received By Job
	Partitionable Resources :     Usage  Request Allocated 
	   Cpus                 :      1.00        3         3 
	   Disk (KB)            : 184162       75000    277180 
	   Memory (MB)          :    297        6000      6000 

	Job terminated of its own accord at 2021-07-19T11:48:58Z.
...
