000 (2521876.025.000) 07/19 08:46:26 Job submitted from host: <188.185.70.244:9618?addrs=188.185.70.244-9618+[2001-1458-d00-7--100-2ee]-9618&alias=bigbird10.cern.ch&noUDP&sock=schedd_2037_ca81>
...
040 (2521876.025.000) 07/19 09:10:02 Started transferring input files
	Transferring to host: <128.142.73.85:9618?addrs=128.142.73.85-9618+[2001-1458-301-75--100-206]-9618&alias=b7s11n5917.cern.ch&noUDP&sock=slot1_1_5287_eb70_62135>
...
040 (2521876.025.000) 07/19 09:10:03 Finished transferring input files
...
001 (2521876.025.000) 07/19 09:10:03 Job executing on host: <128.142.73.85:9618?addrs=128.142.73.85-9618+[2001-1458-301-75--100-206]-9618&alias=b7s11n5917.cern.ch&noUDP&sock=startd_4216_675f>
...
006 (2521876.025.000) 07/19 09:10:12 Image size of job updated: 419724
	4  -  MemoryUsage of job (MB)
	3696  -  ResidentSetSize of job (KB)
...
006 (2521876.025.000) 07/19 09:15:13 Image size of job updated: 809108
	285  -  MemoryUsage of job (MB)
	291812  -  ResidentSetSize of job (KB)
...
006 (2521876.025.000) 07/19 09:25:13 Image size of job updated: 809788
	286  -  MemoryUsage of job (MB)
	292480  -  ResidentSetSize of job (KB)
...
040 (2521876.025.000) 07/19 09:34:57 Started transferring output files
...
040 (2521876.025.000) 07/19 09:34:57 Finished transferring output files
...
005 (2521876.025.000) 07/19 09:34:57 Job terminated.
	(1) Normal termination (return value 0)
		Usr 0 00:21:27, Sys 0 00:00:02  -  Run Remote Usage
		Usr 0 00:00:00, Sys 0 00:00:00  -  Run Local Usage
		Usr 0 00:21:27, Sys 0 00:00:02  -  Total Remote Usage
		Usr 0 00:00:00, Sys 0 00:00:00  -  Total Local Usage
	49077  -  Run Bytes Sent By Job
	55262812  -  Run Bytes Received By Job
	49077  -  Total Bytes Sent By Job
	55262812  -  Total Bytes Received By Job
	Partitionable Resources :     Usage  Request Allocated 
	   Cpus                 :      0.99        3         3 
	   Disk (KB)            : 182810       75000    283235 
	   Memory (MB)          :    286        6000      6000 

	Job terminated of its own accord at 2021-07-19T07:34:57Z.
...
