000 (2534572.028.000) 07/21 23:44:26 Job submitted from host: <188.185.70.244:9618?addrs=188.185.70.244-9618+[2001-1458-d00-7--100-2ee]-9618&alias=bigbird10.cern.ch&noUDP&sock=schedd_2037_ca81>
...
040 (2534572.028.000) 07/21 23:49:39 Started transferring input files
	Transferring to host: <128.142.72.229:9618?addrs=128.142.72.229-9618+[2001-1458-301-75--100-59b]-9618&alias=b7s11n4212.cern.ch&noUDP&sock=slot1_10_6129_2f52_68196>
...
001 (2534572.028.000) 07/21 23:49:40 Job executing on host: <128.142.72.229:9618?addrs=128.142.72.229-9618+[2001-1458-301-75--100-59b]-9618&alias=b7s11n4212.cern.ch&noUDP&sock=startd_4814_9502>
...
040 (2534572.028.000) 07/21 23:49:40 Finished transferring input files
...
006 (2534572.028.000) 07/21 23:49:49 Image size of job updated: 62416
	30  -  MemoryUsage of job (MB)
	30188  -  ResidentSetSize of job (KB)
...
006 (2534572.028.000) 07/21 23:54:50 Image size of job updated: 627392
	201  -  MemoryUsage of job (MB)
	205760  -  ResidentSetSize of job (KB)
...
006 (2534572.028.000) 07/22 00:14:51 Image size of job updated: 847888
	324  -  MemoryUsage of job (MB)
	330868  -  ResidentSetSize of job (KB)
...
040 (2534572.028.000) 07/22 00:52:46 Started transferring output files
...
040 (2534572.028.000) 07/22 00:52:46 Finished transferring output files
...
005 (2534572.028.000) 07/22 00:52:46 Job terminated.
	(1) Normal termination (return value 0)
		Usr 0 00:40:57, Sys 0 00:00:03  -  Run Remote Usage
		Usr 0 00:00:00, Sys 0 00:00:00  -  Run Local Usage
		Usr 0 00:40:57, Sys 0 00:00:03  -  Total Remote Usage
		Usr 0 00:00:00, Sys 0 00:00:00  -  Total Local Usage
	45578  -  Run Bytes Sent By Job
	55262812  -  Run Bytes Received By Job
	45578  -  Total Bytes Sent By Job
	55262812  -  Total Bytes Received By Job
	Partitionable Resources :     Usage  Request Allocated 
	   Cpus                 :      1.00        3         3 
	   Disk (KB)            : 187644       75000    281986 
	   Memory (MB)          :    324        6000      6000 

	Job terminated of its own accord at 2021-07-21T22:52:46Z.
...
