000 (2524617.060.000) 07/20 01:52:26 Job submitted from host: <188.185.70.244:9618?addrs=188.185.70.244-9618+[2001-1458-d00-7--100-2ee]-9618&alias=bigbird10.cern.ch&noUDP&sock=schedd_2037_ca81>
...
040 (2524617.060.000) 07/20 01:55:46 Started transferring input files
	Transferring to host: <128.142.59.67:9618?addrs=128.142.59.67-9618+[2001-1458-301-21--100-42]-9618&alias=b7s04p8867.cern.ch&noUDP&sock=slot1_3_6796_258d_12041>
...
040 (2524617.060.000) 07/20 01:55:47 Finished transferring input files
...
001 (2524617.060.000) 07/20 01:55:47 Job executing on host: <128.142.59.67:9618?addrs=128.142.59.67-9618+[2001-1458-301-21--100-42]-9618&alias=b7s04p8867.cern.ch&noUDP&sock=startd_6343_5950>
...
006 (2524617.060.000) 07/20 01:55:56 Image size of job updated: 551404
	138  -  MemoryUsage of job (MB)
	140840  -  ResidentSetSize of job (KB)
...
006 (2524617.060.000) 07/20 02:00:57 Image size of job updated: 684652
	294  -  MemoryUsage of job (MB)
	300868  -  ResidentSetSize of job (KB)
...
006 (2524617.060.000) 07/20 02:05:57 Image size of job updated: 747628
	294  -  MemoryUsage of job (MB)
	300868  -  ResidentSetSize of job (KB)
...
006 (2524617.060.000) 07/20 02:36:00 Image size of job updated: 748080
	295  -  MemoryUsage of job (MB)
	301408  -  ResidentSetSize of job (KB)
...
040 (2524617.060.000) 07/20 02:37:14 Started transferring output files
...
040 (2524617.060.000) 07/20 02:37:14 Finished transferring output files
...
005 (2524617.060.000) 07/20 02:37:14 Job terminated.
	(1) Normal termination (return value 0)
		Usr 0 00:37:15, Sys 0 00:00:02  -  Run Remote Usage
		Usr 0 00:00:00, Sys 0 00:00:00  -  Run Local Usage
		Usr 0 00:37:15, Sys 0 00:00:02  -  Total Remote Usage
		Usr 0 00:00:00, Sys 0 00:00:00  -  Total Local Usage
	48956  -  Run Bytes Sent By Job
	55262812  -  Run Bytes Received By Job
	48956  -  Total Bytes Sent By Job
	55262812  -  Total Bytes Received By Job
	Partitionable Resources :     Usage  Request Allocated 
	   Cpus                 :      1.00        3         3 
	   Disk (KB)            : 184171       75000   1323876 
	   Memory (MB)          :    295        6000      6000 

	Job terminated of its own accord at 2021-07-20T00:37:14Z.
...
