000 (2526743.016.000) 07/20 13:19:13 Job submitted from host: <188.185.70.244:9618?addrs=188.185.70.244-9618+[2001-1458-d00-7--100-2ee]-9618&alias=bigbird10.cern.ch&noUDP&sock=schedd_2037_ca81>
...
040 (2526743.016.000) 07/20 13:20:50 Started transferring input files
	Transferring to host: <128.142.161.114:9618?addrs=128.142.161.114-9618+[2001-1458-301-b8--100-30]-9618&alias=b7g03p7363.cern.ch&noUDP&sock=slot1_12_218110_f9de_149583>
...
040 (2526743.016.000) 07/20 13:20:51 Finished transferring input files
...
001 (2526743.016.000) 07/20 13:20:51 Job executing on host: <128.142.161.114:9618?addrs=128.142.161.114-9618+[2001-1458-301-b8--100-30]-9618&alias=b7g03p7363.cern.ch&noUDP&sock=startd_130976_3869>
...
006 (2526743.016.000) 07/20 13:21:00 Image size of job updated: 174508
	10  -  MemoryUsage of job (MB)
	9532  -  ResidentSetSize of job (KB)
...
006 (2526743.016.000) 07/20 13:26:00 Image size of job updated: 626180
	201  -  MemoryUsage of job (MB)
	205380  -  ResidentSetSize of job (KB)
...
006 (2526743.016.000) 07/20 13:41:01 Image size of job updated: 789912
	267  -  MemoryUsage of job (MB)
	273296  -  ResidentSetSize of job (KB)
...
006 (2526743.016.000) 07/20 13:54:28 Image size of job updated: 790484
	267  -  MemoryUsage of job (MB)
	273296  -  ResidentSetSize of job (KB)
...
040 (2526743.016.000) 07/20 13:54:28 Started transferring output files
...
040 (2526743.016.000) 07/20 13:54:28 Finished transferring output files
...
005 (2526743.016.000) 07/20 13:54:29 Job terminated.
	(1) Normal termination (return value 0)
		Usr 0 00:16:06, Sys 0 00:00:03  -  Run Remote Usage
		Usr 0 00:00:00, Sys 0 00:00:00  -  Run Local Usage
		Usr 0 00:16:06, Sys 0 00:00:03  -  Total Remote Usage
		Usr 0 00:00:00, Sys 0 00:00:00  -  Total Local Usage
	49701  -  Run Bytes Sent By Job
	55262812  -  Run Bytes Received By Job
	49701  -  Total Bytes Sent By Job
	55262812  -  Total Bytes Received By Job
	Partitionable Resources :     Usage  Request Allocated 
	   Cpus                 :      1.00        3         3 
	   Disk (KB)            : 179264       75000   1385803 
	   Memory (MB)          :    267        6000      6000 

	Job terminated of its own accord at 2021-07-20T11:54:28Z.
...
