000 (2534572.129.000) 07/21 23:44:26 Job submitted from host: <188.185.70.244:9618?addrs=188.185.70.244-9618+[2001-1458-d00-7--100-2ee]-9618&alias=bigbird10.cern.ch&noUDP&sock=schedd_2037_ca81>
...
040 (2534572.129.000) 07/21 23:50:35 Started transferring input files
	Transferring to host: <128.142.59.83:9618?addrs=128.142.59.83-9618+[2001-1458-301-21--100-52]-9618&alias=b7s04p9097.cern.ch&noUDP&sock=slot1_8_4367_b24b_14245>
...
040 (2534572.129.000) 07/21 23:50:36 Finished transferring input files
...
001 (2534572.129.000) 07/21 23:50:36 Job executing on host: <128.142.59.83:9618?addrs=128.142.59.83-9618+[2001-1458-301-21--100-52]-9618&alias=b7s04p9097.cern.ch&noUDP&sock=startd_3915_f15d>
...
006 (2534572.129.000) 07/21 23:50:44 Image size of job updated: 321396
	160  -  MemoryUsage of job (MB)
	163792  -  ResidentSetSize of job (KB)
...
006 (2534572.129.000) 07/21 23:55:44 Image size of job updated: 631956
	205  -  MemoryUsage of job (MB)
	209704  -  ResidentSetSize of job (KB)
...
006 (2534572.129.000) 07/22 00:50:51 Image size of job updated: 819788
	299  -  MemoryUsage of job (MB)
	305988  -  ResidentSetSize of job (KB)
...
006 (2534572.129.000) 07/22 01:00:51 Image size of job updated: 820296
	300  -  MemoryUsage of job (MB)
	306632  -  ResidentSetSize of job (KB)
...
040 (2534572.129.000) 07/22 01:02:08 Started transferring output files
...
040 (2534572.129.000) 07/22 01:02:17 Finished transferring output files
...
005 (2534572.129.000) 07/22 01:02:17 Job terminated.
	(1) Normal termination (return value 0)
		Usr 0 00:14:31, Sys 0 00:00:03  -  Run Remote Usage
		Usr 0 00:00:00, Sys 0 00:00:00  -  Run Local Usage
		Usr 0 00:14:31, Sys 0 00:00:03  -  Total Remote Usage
		Usr 0 00:00:00, Sys 0 00:00:00  -  Total Local Usage
	43708  -  Run Bytes Sent By Job
	55262812  -  Run Bytes Received By Job
	43708  -  Total Bytes Sent By Job
	55262812  -  Total Bytes Received By Job
	Partitionable Resources :     Usage  Request Allocated 
	   Cpus                 :      1.00        3         3 
	   Disk (KB)            : 184638       75000   1250900 
	   Memory (MB)          :    300        6000      6000 

	Job terminated of its own accord at 2021-07-21T23:02:08Z.
...
