000 (2526743.182.000) 07/20 13:19:14 Job submitted from host: <188.185.70.244:9618?addrs=188.185.70.244-9618+[2001-1458-d00-7--100-2ee]-9618&alias=bigbird10.cern.ch&noUDP&sock=schedd_2037_ca81>
...
040 (2526743.182.000) 07/20 13:31:46 Started transferring input files
	Transferring to host: <128.142.85.19:9618?addrs=128.142.85.19-9618+[2001-1458-301-f6--100-671]-9618&alias=b7s14n1098.cern.ch&noUDP&sock=slot1_11_2143_aff0_115198>
...
040 (2526743.182.000) 07/20 13:31:47 Finished transferring input files
...
001 (2526743.182.000) 07/20 13:31:47 Job executing on host: <128.142.85.19:9618?addrs=128.142.85.19-9618+[2001-1458-301-f6--100-671]-9618&alias=b7s14n1098.cern.ch&noUDP&sock=startd_16536_e629>
...
006 (2526743.182.000) 07/20 13:31:56 Image size of job updated: 288720
	4  -  MemoryUsage of job (MB)
	3692  -  ResidentSetSize of job (KB)
...
006 (2526743.182.000) 07/20 13:36:57 Image size of job updated: 626832
	201  -  MemoryUsage of job (MB)
	205352  -  ResidentSetSize of job (KB)
...
006 (2526743.182.000) 07/20 13:56:58 Image size of job updated: 804516
	281  -  MemoryUsage of job (MB)
	287200  -  ResidentSetSize of job (KB)
...
006 (2526743.182.000) 07/20 14:32:03 Image size of job updated: 804988
	281  -  MemoryUsage of job (MB)
	287720  -  ResidentSetSize of job (KB)
...
040 (2526743.182.000) 07/20 14:36:09 Started transferring output files
...
040 (2526743.182.000) 07/20 14:36:09 Finished transferring output files
...
005 (2526743.182.000) 07/20 14:36:09 Job terminated.
	(1) Normal termination (return value 0)
		Usr 0 00:40:52, Sys 0 00:00:03  -  Run Remote Usage
		Usr 0 00:00:00, Sys 0 00:00:00  -  Run Local Usage
		Usr 0 00:40:52, Sys 0 00:00:03  -  Total Remote Usage
		Usr 0 00:00:00, Sys 0 00:00:00  -  Total Local Usage
	51245  -  Run Bytes Sent By Job
	55262812  -  Run Bytes Received By Job
	51245  -  Total Bytes Sent By Job
	55262812  -  Total Bytes Received By Job
	Partitionable Resources :     Usage  Request Allocated 
	   Cpus                 :      1.00        3         3 
	   Disk (KB)            : 181903       75000    260923 
	   Memory (MB)          :    281        6000      6000 

	Job terminated of its own accord at 2021-07-20T12:36:08Z.
...
