000 (2521668.066.000) 07/19 01:56:56 Job submitted from host: <188.185.70.244:9618?addrs=188.185.70.244-9618+[2001-1458-d00-7--100-2ee]-9618&alias=bigbird10.cern.ch&noUDP&sock=schedd_2037_ca81>
...
040 (2521668.066.000) 07/19 02:02:58 Started transferring input files
	Transferring to host: <128.142.56.73:9618?addrs=128.142.56.73-9618+[2001-1458-301-6--100-48]-9618&alias=b7s01p3383.cern.ch&noUDP&sock=slot1_32_11881_fd3c_15762>
...
040 (2521668.066.000) 07/19 02:02:58 Finished transferring input files
...
001 (2521668.066.000) 07/19 02:02:58 Job executing on host: <128.142.56.73:9618?addrs=128.142.56.73-9618+[2001-1458-301-6--100-48]-9618&alias=b7s01p3383.cern.ch&noUDP&sock=startd_8771_c143>
...
006 (2521668.066.000) 07/19 02:03:07 Image size of job updated: 239264
	162  -  MemoryUsage of job (MB)
	165140  -  ResidentSetSize of job (KB)
...
006 (2521668.066.000) 07/19 02:07:41 Image size of job updated: 631408
	164  -  MemoryUsage of job (MB)
	167036  -  ResidentSetSize of job (KB)
...
040 (2521668.066.000) 07/19 02:07:41 Started transferring output files
...
040 (2521668.066.000) 07/19 02:07:41 Finished transferring output files
...
005 (2521668.066.000) 07/19 02:07:41 Job terminated.
	(1) Normal termination (return value 0)
		Usr 0 00:00:47, Sys 0 00:00:02  -  Run Remote Usage
		Usr 0 00:00:00, Sys 0 00:00:00  -  Run Local Usage
		Usr 0 00:00:47, Sys 0 00:00:02  -  Total Remote Usage
		Usr 0 00:00:00, Sys 0 00:00:00  -  Total Local Usage
	52665  -  Run Bytes Sent By Job
	55262812  -  Run Bytes Received By Job
	52665  -  Total Bytes Sent By Job
	55262812  -  Total Bytes Received By Job
	Partitionable Resources :    Usage  Request Allocated 
	   Cpus                 :                 3         3 
	   Disk (KB)            :   182666    75000   1254314 
	   Memory (MB)          :      164     6000      6000 

	Job terminated of its own accord at 2021-07-19T00:07:41Z.
...
