000 (2522101.095.000) 07/19 11:55:34 Job submitted from host: <188.185.70.244:9618?addrs=188.185.70.244-9618+[2001-1458-d00-7--100-2ee]-9618&alias=bigbird10.cern.ch&noUDP&sock=schedd_2037_ca81>
...
040 (2522101.095.000) 07/19 12:46:44 Started transferring input files
	Transferring to host: <128.142.58.136:9618?addrs=128.142.58.136-9618+[2001-1458-301-16--100-87]-9618&alias=b7s03p1133.cern.ch&noUDP&sock=slot1_1_6761_7c6c_10302>
...
040 (2522101.095.000) 07/19 12:46:44 Finished transferring input files
...
001 (2522101.095.000) 07/19 12:46:44 Job executing on host: <128.142.58.136:9618?addrs=128.142.58.136-9618+[2001-1458-301-16--100-87]-9618&alias=b7s03p1133.cern.ch&noUDP&sock=startd_6305_48b7>
...
006 (2522101.095.000) 07/19 12:46:53 Image size of job updated: 517220
	145  -  MemoryUsage of job (MB)
	147716  -  ResidentSetSize of job (KB)
...
006 (2522101.095.000) 07/19 12:51:53 Image size of job updated: 626168
	201  -  MemoryUsage of job (MB)
	205364  -  ResidentSetSize of job (KB)
...
006 (2522101.095.000) 07/19 13:01:54 Image size of job updated: 797288
	274  -  MemoryUsage of job (MB)
	279972  -  ResidentSetSize of job (KB)
...
006 (2522101.095.000) 07/19 13:14:45 Image size of job updated: 797728
	274  -  MemoryUsage of job (MB)
	279972  -  ResidentSetSize of job (KB)
...
040 (2522101.095.000) 07/19 13:14:45 Started transferring output files
...
040 (2522101.095.000) 07/19 13:14:45 Finished transferring output files
...
005 (2522101.095.000) 07/19 13:14:45 Job terminated.
	(1) Normal termination (return value 0)
		Usr 0 00:16:23, Sys 0 00:00:03  -  Run Remote Usage
		Usr 0 00:00:00, Sys 0 00:00:00  -  Run Local Usage
		Usr 0 00:16:23, Sys 0 00:00:03  -  Total Remote Usage
		Usr 0 00:00:00, Sys 0 00:00:00  -  Total Local Usage
	48038  -  Run Bytes Sent By Job
	55262812  -  Run Bytes Received By Job
	48038  -  Total Bytes Sent By Job
	55262812  -  Total Bytes Received By Job
	Partitionable Resources :     Usage  Request Allocated 
	   Cpus                 :      1.00        3         3 
	   Disk (KB)            : 180640       75000   1306055 
	   Memory (MB)          :    274        6000      6000 

	Job terminated of its own accord at 2021-07-19T11:14:45Z.
...
