000 (2521668.121.000) 07/19 01:56:57 Job submitted from host: <188.185.70.244:9618?addrs=188.185.70.244-9618+[2001-1458-d00-7--100-2ee]-9618&alias=bigbird10.cern.ch&noUDP&sock=schedd_2037_ca81>
...
040 (2521668.121.000) 07/19 02:11:54 Started transferring input files
	Transferring to host: <128.142.56.61:9618?addrs=128.142.56.61-9618+[2001-1458-301-6--100-3c]-9618&alias=b7s01p2423.cern.ch&noUDP&sock=slot1_29_43494_3522_15623>
...
040 (2521668.121.000) 07/19 02:11:55 Finished transferring input files
...
001 (2521668.121.000) 07/19 02:11:55 Job executing on host: <128.142.56.61:9618?addrs=128.142.56.61-9618+[2001-1458-301-6--100-3c]-9618&alias=b7s01p2423.cern.ch&noUDP&sock=startd_40391_71e4>
...
006 (2521668.121.000) 07/19 02:12:04 Image size of job updated: 263696
	185  -  MemoryUsage of job (MB)
	188948  -  ResidentSetSize of job (KB)
...
006 (2521668.121.000) 07/19 02:17:05 Image size of job updated: 630288
	204  -  MemoryUsage of job (MB)
	208652  -  ResidentSetSize of job (KB)
...
006 (2521668.121.000) 07/19 02:22:41 Image size of job updated: 715800
	204  -  MemoryUsage of job (MB)
	208652  -  ResidentSetSize of job (KB)
...
040 (2521668.121.000) 07/19 02:22:41 Started transferring output files
...
040 (2521668.121.000) 07/19 02:22:41 Finished transferring output files
...
005 (2521668.121.000) 07/19 02:22:41 Job terminated.
	(1) Normal termination (return value 0)
		Usr 0 00:02:20, Sys 0 00:00:03  -  Run Remote Usage
		Usr 0 00:00:00, Sys 0 00:00:00  -  Run Local Usage
		Usr 0 00:02:20, Sys 0 00:00:03  -  Total Remote Usage
		Usr 0 00:00:00, Sys 0 00:00:00  -  Total Local Usage
	48146  -  Run Bytes Sent By Job
	55262812  -  Run Bytes Received By Job
	48146  -  Total Bytes Sent By Job
	55262812  -  Total Bytes Received By Job
	Partitionable Resources :     Usage  Request Allocated 
	   Cpus                 :      0.22        3         3 
	   Disk (KB)            : 202332       75000   1326813 
	   Memory (MB)          :    204        6000      6000 

	Job terminated of its own accord at 2021-07-19T00:22:41Z.
...
