000 (2526743.073.000) 07/20 13:19:14 Job submitted from host: <188.185.70.244:9618?addrs=188.185.70.244-9618+[2001-1458-d00-7--100-2ee]-9618&alias=bigbird10.cern.ch&noUDP&sock=schedd_2037_ca81>
...
040 (2526743.073.000) 07/20 13:21:29 Started transferring input files
	Transferring to host: <128.142.56.64:9618?addrs=128.142.56.64-9618+[2001-1458-301-6--100-3f]-9618&alias=b7s01p0584.cern.ch&noUDP&sock=slot1_24_56218_6aa7_17200>
...
040 (2526743.073.000) 07/20 13:21:30 Finished transferring input files
...
001 (2526743.073.000) 07/20 13:21:30 Job executing on host: <128.142.56.64:9618?addrs=128.142.56.64-9618+[2001-1458-301-6--100-3f]-9618&alias=b7s01p0584.cern.ch&noUDP&sock=startd_53120_7aea>
...
006 (2526743.073.000) 07/20 13:21:39 Image size of job updated: 174504
	37  -  MemoryUsage of job (MB)
	37708  -  ResidentSetSize of job (KB)
...
006 (2526743.073.000) 07/20 13:26:40 Image size of job updated: 631404
	205  -  MemoryUsage of job (MB)
	209644  -  ResidentSetSize of job (KB)
...
006 (2526743.073.000) 07/20 13:51:41 Image size of job updated: 809120
	289  -  MemoryUsage of job (MB)
	295456  -  ResidentSetSize of job (KB)
...
006 (2526743.073.000) 07/20 14:00:45 Image size of job updated: 809728
	289  -  MemoryUsage of job (MB)
	295456  -  ResidentSetSize of job (KB)
...
040 (2526743.073.000) 07/20 14:00:45 Started transferring output files
...
040 (2526743.073.000) 07/20 14:00:45 Finished transferring output files
...
005 (2526743.073.000) 07/20 14:00:45 Job terminated.
	(1) Normal termination (return value 0)
		Usr 0 00:10:40, Sys 0 00:00:02  -  Run Remote Usage
		Usr 0 00:00:00, Sys 0 00:00:00  -  Run Local Usage
		Usr 0 00:10:40, Sys 0 00:00:02  -  Total Remote Usage
		Usr 0 00:00:00, Sys 0 00:00:00  -  Total Local Usage
	52544  -  Run Bytes Sent By Job
	55262812  -  Run Bytes Received By Job
	52544  -  Total Bytes Sent By Job
	55262812  -  Total Bytes Received By Job
	Partitionable Resources :     Usage  Request Allocated 
	   Cpus                 :      1.00        3         3 
	   Disk (KB)            : 182646       75000   1339289 
	   Memory (MB)          :    289        6000      6000 

	Job terminated of its own accord at 2021-07-20T12:00:45Z.
...
