000 (2534572.053.000) 07/21 23:44:26 Job submitted from host: <188.185.70.244:9618?addrs=188.185.70.244-9618+[2001-1458-d00-7--100-2ee]-9618&alias=bigbird10.cern.ch&noUDP&sock=schedd_2037_ca81>
...
040 (2534572.053.000) 07/21 23:49:46 Started transferring input files
	Transferring to host: <128.142.56.119:9618?addrs=128.142.56.119-9618+[2001-1458-301-6--100-76]-9618&alias=b7s01p3737.cern.ch&noUDP&sock=slot1_9_47354_ed3f_15840>
...
040 (2534572.053.000) 07/21 23:49:47 Finished transferring input files
...
001 (2534572.053.000) 07/21 23:49:47 Job executing on host: <128.142.56.119:9618?addrs=128.142.56.119-9618+[2001-1458-301-6--100-76]-9618&alias=b7s01p3737.cern.ch&noUDP&sock=startd_47310_4dab>
...
006 (2534572.053.000) 07/21 23:49:56 Image size of job updated: 248496
	171  -  MemoryUsage of job (MB)
	174400  -  ResidentSetSize of job (KB)
...
006 (2534572.053.000) 07/21 23:54:57 Image size of job updated: 630296
	204  -  MemoryUsage of job (MB)
	208604  -  ResidentSetSize of job (KB)
...
006 (2534572.053.000) 07/22 00:40:00 Image size of job updated: 636708
	211  -  MemoryUsage of job (MB)
	215080  -  ResidentSetSize of job (KB)
...
006 (2534572.053.000) 07/22 00:45:00 Image size of job updated: 1004212
	475  -  MemoryUsage of job (MB)
	485836  -  ResidentSetSize of job (KB)
...
006 (2534572.053.000) 07/22 01:40:05 Image size of job updated: 1004724
	476  -  MemoryUsage of job (MB)
	486448  -  ResidentSetSize of job (KB)
...
040 (2534572.053.000) 07/22 01:45:45 Started transferring output files
...
040 (2534572.053.000) 07/22 01:45:45 Finished transferring output files
...
005 (2534572.053.000) 07/22 01:45:45 Job terminated.
	(1) Normal termination (return value 0)
		Usr 0 01:06:45, Sys 0 00:00:07  -  Run Remote Usage
		Usr 0 00:00:00, Sys 0 00:00:00  -  Run Local Usage
		Usr 0 01:06:45, Sys 0 00:00:07  -  Total Remote Usage
		Usr 0 00:00:00, Sys 0 00:00:00  -  Total Local Usage
	44726  -  Run Bytes Sent By Job
	55262812  -  Run Bytes Received By Job
	44726  -  Total Bytes Sent By Job
	55262812  -  Total Bytes Received By Job
	Partitionable Resources :     Usage  Request Allocated 
	   Cpus                 :      1.00        3         3 
	   Disk (KB)            : 216501       75000   1165426 
	   Memory (MB)          :    476        6000      6000 

	Job terminated of its own accord at 2021-07-21T23:45:45Z.
...
