000 (2536881.182.000) 07/22 03:18:13 Job submitted from host: <188.185.70.244:9618?addrs=188.185.70.244-9618+[2001-1458-d00-7--100-2ee]-9618&alias=bigbird10.cern.ch&noUDP&sock=schedd_2037_ca81>
...
040 (2536881.182.000) 07/22 03:57:19 Started transferring input files
	Transferring to host: <128.142.78.168:9618?addrs=128.142.78.168-9618+[2001-1458-301-f4--100-368]-9618&alias=b7s12n3882.cern.ch&noUDP&sock=slot1_5_17023_fe4d_120701>
...
040 (2536881.182.000) 07/22 03:57:20 Finished transferring input files
...
001 (2536881.182.000) 07/22 03:57:20 Job executing on host: <128.142.78.168:9618?addrs=128.142.78.168-9618+[2001-1458-301-f4--100-368]-9618&alias=b7s12n3882.cern.ch&noUDP&sock=startd_16683_ba95>
...
006 (2536881.182.000) 07/22 03:57:29 Image size of job updated: 458976
	65  -  MemoryUsage of job (MB)
	66504  -  ResidentSetSize of job (KB)
...
006 (2536881.182.000) 07/22 04:02:31 Image size of job updated: 811120
	287  -  MemoryUsage of job (MB)
	293824  -  ResidentSetSize of job (KB)
...
006 (2536881.182.000) 07/22 04:12:31 Image size of job updated: 811812
	288  -  MemoryUsage of job (MB)
	294496  -  ResidentSetSize of job (KB)
...
040 (2536881.182.000) 07/22 04:18:45 Started transferring output files
...
040 (2536881.182.000) 07/22 04:18:45 Finished transferring output files
...
005 (2536881.182.000) 07/22 04:18:45 Job terminated.
	(1) Normal termination (return value 0)
		Usr 0 00:20:43, Sys 0 00:00:03  -  Run Remote Usage
		Usr 0 00:00:00, Sys 0 00:00:00  -  Run Local Usage
		Usr 0 00:20:43, Sys 0 00:00:03  -  Total Remote Usage
		Usr 0 00:00:00, Sys 0 00:00:00  -  Total Local Usage
	46719  -  Run Bytes Sent By Job
	55262812  -  Run Bytes Received By Job
	46719  -  Total Bytes Sent By Job
	55262812  -  Total Bytes Received By Job
	Partitionable Resources :     Usage  Request Allocated 
	   Cpus                 :      0.99        3         3 
	   Disk (KB)            : 183205       75000    272067 
	   Memory (MB)          :    288        6000      6000 

	Job terminated of its own accord at 2021-07-22T02:18:44Z.
...
