000 (2552365.008.000) 07/26 17:28:17 Job submitted from host: <188.185.70.244:9618?addrs=188.185.70.244-9618+[2001-1458-d00-7--100-2ee]-9618&alias=bigbird10.cern.ch&noUDP&sock=schedd_2037_ca81>
...
040 (2552365.008.000) 07/26 17:31:26 Entered queue to transfer input files
	Transferring to host: <128.142.79.190:9618?addrs=128.142.79.190-9618+[2001-1458-301-f4--100-326]-9618&alias=b7s12n9804.cern.ch&noUDP&sock=slot1_8_5736_47e2_75271>
...
040 (2552365.008.000) 07/26 17:31:42 Started transferring input files
	Seconds spent in queue: 16
...
001 (2552365.008.000) 07/26 17:31:42 Job executing on host: <128.142.79.190:9618?addrs=128.142.79.190-9618+[2001-1458-301-f4--100-326]-9618&alias=b7s12n9804.cern.ch&noUDP&sock=startd_4704_2197>
...
006 (2552365.008.000) 07/26 17:31:55 Image size of job updated: 288720
	46  -  MemoryUsage of job (MB)
	46784  -  ResidentSetSize of job (KB)
...
040 (2552365.008.000) 07/26 17:31:55 Finished transferring input files
...
006 (2552365.008.000) 07/26 17:36:52 Image size of job updated: 631944
	205  -  MemoryUsage of job (MB)
	209688  -  ResidentSetSize of job (KB)
...
006 (2552365.008.000) 07/26 17:46:54 Image size of job updated: 816928
	296  -  MemoryUsage of job (MB)
	302928  -  ResidentSetSize of job (KB)
...
006 (2552365.008.000) 07/26 18:01:56 Image size of job updated: 817600
	297  -  MemoryUsage of job (MB)
	303744  -  ResidentSetSize of job (KB)
...
040 (2552365.008.000) 07/26 18:05:01 Started transferring output files
	Seconds spent in queue: 2015
...
040 (2552365.008.000) 07/26 18:05:01 Finished transferring output files
...
005 (2552365.008.000) 07/26 18:05:01 Job terminated.
	(1) Normal termination (return value 0)
		Usr 0 00:21:16, Sys 0 00:00:03  -  Run Remote Usage
		Usr 0 00:00:00, Sys 0 00:00:00  -  Run Local Usage
		Usr 0 00:21:16, Sys 0 00:00:03  -  Total Remote Usage
		Usr 0 00:00:00, Sys 0 00:00:00  -  Total Local Usage
	49055  -  Run Bytes Sent By Job
	55262876  -  Run Bytes Received By Job
	49055  -  Total Bytes Sent By Job
	55262876  -  Total Bytes Received By Job
	Partitionable Resources :     Usage  Request Allocated 
	   Cpus                 :      1.00        3         3 
	   Disk (KB)            : 183680       75000    271039 
	   Memory (MB)          :    297        6000      6000 

	Job terminated of its own accord at 2021-07-26T16:05:01Z.
...
