000 (2521668.040.000) 07/19 01:56:56 Job submitted from host: <188.185.70.244:9618?addrs=188.185.70.244-9618+[2001-1458-d00-7--100-2ee]-9618&alias=bigbird10.cern.ch&noUDP&sock=schedd_2037_ca81>
...
040 (2521668.040.000) 07/19 01:58:30 Started transferring input files
	Transferring to host: <128.142.57.29:9618?addrs=128.142.57.29-9618+[2001-1458-301-7--100-1c]-9618&alias=b7s02p6381.cern.ch&noUDP&sock=slot1_25_6714_5eca_15274>
...
040 (2521668.040.000) 07/19 01:58:31 Finished transferring input files
...
001 (2521668.040.000) 07/19 01:58:31 Job executing on host: <128.142.57.29:9618?addrs=128.142.57.29-9618+[2001-1458-301-7--100-1c]-9618&alias=b7s02p6381.cern.ch&noUDP&sock=startd_6248_2fd1>
...
006 (2521668.040.000) 07/19 01:58:40 Image size of job updated: 554332
	171  -  MemoryUsage of job (MB)
	174404  -  ResidentSetSize of job (KB)
...
006 (2521668.040.000) 07/19 02:03:41 Image size of job updated: 636660
	210  -  MemoryUsage of job (MB)
	214100  -  ResidentSetSize of job (KB)
...
006 (2521668.040.000) 07/19 02:10:58 Image size of job updated: 801532
	210  -  MemoryUsage of job (MB)
	214100  -  ResidentSetSize of job (KB)
...
040 (2521668.040.000) 07/19 02:10:58 Started transferring output files
...
040 (2521668.040.000) 07/19 02:10:58 Finished transferring output files
...
005 (2521668.040.000) 07/19 02:10:58 Job terminated.
	(1) Normal termination (return value 0)
		Usr 0 00:02:37, Sys 0 00:00:04  -  Run Remote Usage
		Usr 0 00:00:00, Sys 0 00:00:00  -  Run Local Usage
		Usr 0 00:02:37, Sys 0 00:00:04  -  Total Remote Usage
		Usr 0 00:00:00, Sys 0 00:00:00  -  Total Local Usage
	50592  -  Run Bytes Sent By Job
	55262812  -  Run Bytes Received By Job
	50592  -  Total Bytes Sent By Job
	55262812  -  Total Bytes Received By Job
	Partitionable Resources :     Usage  Request Allocated 
	   Cpus                 :      0.10        3         3 
	   Disk (KB)            : 204484       75000   1189249 
	   Memory (MB)          :    210        6000      6000 

	Job terminated of its own accord at 2021-07-19T00:10:58Z.
...
