000 (2534572.103.000) 07/21 23:44:26 Job submitted from host: <188.185.70.244:9618?addrs=188.185.70.244-9618+[2001-1458-d00-7--100-2ee]-9618&alias=bigbird10.cern.ch&noUDP&sock=schedd_2037_ca81>
...
040 (2534572.103.000) 07/21 23:50:02 Started transferring input files
	Transferring to host: <128.142.77.6:9618?addrs=128.142.77.6-9618+[2001-1458-301-f4--100-4e6]-9618&alias=b7s12n2486.cern.ch&noUDP&sock=slot1_12_5669_12c0_68181>
...
040 (2534572.103.000) 07/21 23:50:03 Finished transferring input files
...
001 (2534572.103.000) 07/21 23:50:03 Job executing on host: <128.142.77.6:9618?addrs=128.142.77.6-9618+[2001-1458-301-f4--100-4e6]-9618&alias=b7s12n2486.cern.ch&noUDP&sock=startd_4466_e20c>
...
006 (2534572.103.000) 07/21 23:50:12 Image size of job updated: 1058272
	146  -  MemoryUsage of job (MB)
	148900  -  ResidentSetSize of job (KB)
...
006 (2534572.103.000) 07/21 23:55:13 Image size of job updated: 1058272
	210  -  MemoryUsage of job (MB)
	214100  -  ResidentSetSize of job (KB)
...
006 (2534572.103.000) 07/22 00:35:18 Image size of job updated: 1058272
	453  -  MemoryUsage of job (MB)
	463412  -  ResidentSetSize of job (KB)
...
006 (2534572.103.000) 07/22 01:45:26 Image size of job updated: 1058272
	454  -  MemoryUsage of job (MB)
	464024  -  ResidentSetSize of job (KB)
...
040 (2534572.103.000) 07/22 02:16:38 Started transferring output files
...
040 (2534572.103.000) 07/22 02:16:39 Finished transferring output files
...
005 (2534572.103.000) 07/22 02:16:39 Job terminated.
	(1) Normal termination (return value 0)
		Usr 0 01:45:08, Sys 0 00:00:05  -  Run Remote Usage
		Usr 0 00:00:00, Sys 0 00:00:00  -  Run Local Usage
		Usr 0 01:45:08, Sys 0 00:00:05  -  Total Remote Usage
		Usr 0 00:00:00, Sys 0 00:00:00  -  Total Local Usage
	46026  -  Run Bytes Sent By Job
	55262812  -  Run Bytes Received By Job
	46026  -  Total Bytes Sent By Job
	55262812  -  Total Bytes Received By Job
	Partitionable Resources :     Usage  Request Allocated 
	   Cpus                 :      1.00        3         3 
	   Disk (KB)            : 211482       75000    278480 
	   Memory (MB)          :    454        6000      6000 

	Job terminated of its own accord at 2021-07-22T00:16:38Z.
...
