000 (2521876.150.000) 07/19 08:46:26 Job submitted from host: <188.185.70.244:9618?addrs=188.185.70.244-9618+[2001-1458-d00-7--100-2ee]-9618&alias=bigbird10.cern.ch&noUDP&sock=schedd_2037_ca81>
...
040 (2521876.150.000) 07/19 10:39:39 Started transferring input files
	Transferring to host: <128.142.161.89:9618?addrs=128.142.161.89-9618&alias=b7g03p4898.cern.ch&noUDP&sock=slot1_8_3720_d390_85178>
...
040 (2521876.150.000) 07/19 10:39:40 Finished transferring input files
...
001 (2521876.150.000) 07/19 10:39:40 Job executing on host: <128.142.161.89:9618?addrs=128.142.161.89-9618&alias=b7g03p4898.cern.ch&noUDP&sock=startd_2969_10c6>
...
006 (2521876.150.000) 07/19 10:39:48 Image size of job updated: 173284
	107  -  MemoryUsage of job (MB)
	109156  -  ResidentSetSize of job (KB)
...
006 (2521876.150.000) 07/19 10:44:48 Image size of job updated: 626828
	201  -  MemoryUsage of job (MB)
	205324  -  ResidentSetSize of job (KB)
...
006 (2521876.150.000) 07/19 10:54:50 Image size of job updated: 808788
	285  -  MemoryUsage of job (MB)
	291412  -  ResidentSetSize of job (KB)
...
006 (2521876.150.000) 07/19 11:08:07 Image size of job updated: 809292
	285  -  MemoryUsage of job (MB)
	291412  -  ResidentSetSize of job (KB)
...
040 (2521876.150.000) 07/19 11:08:07 Started transferring output files
...
040 (2521876.150.000) 07/19 11:08:07 Finished transferring output files
...
005 (2521876.150.000) 07/19 11:08:08 Job terminated.
	(1) Normal termination (return value 0)
		Usr 0 00:14:33, Sys 0 00:00:03  -  Run Remote Usage
		Usr 0 00:00:00, Sys 0 00:00:00  -  Run Local Usage
		Usr 0 00:14:33, Sys 0 00:00:03  -  Total Remote Usage
		Usr 0 00:00:00, Sys 0 00:00:00  -  Total Local Usage
	49391  -  Run Bytes Sent By Job
	55262812  -  Run Bytes Received By Job
	49391  -  Total Bytes Sent By Job
	55262812  -  Total Bytes Received By Job
	Partitionable Resources :     Usage  Request Allocated 
	   Cpus                 :      1.00        3         3 
	   Disk (KB)            : 182735       75000   1368656 
	   Memory (MB)          :    285        6000      6000 

	Job terminated of its own accord at 2021-07-19T09:08:07Z.
...
