000 (2521842.127.000) 07/19 05:55:56 Job submitted from host: <188.185.70.244:9618?addrs=188.185.70.244-9618+[2001-1458-d00-7--100-2ee]-9618&alias=bigbird10.cern.ch&noUDP&sock=schedd_2037_ca81>
...
040 (2521842.127.000) 07/19 06:01:40 Started transferring input files
	Transferring to host: <128.142.56.131:9618?addrs=128.142.56.131-9618+[2001-1458-301-6--100-82]-9618&alias=b7s01p4885.cern.ch&noUDP&sock=slot1_5_47087_cd14_13706>
...
040 (2521842.127.000) 07/19 06:01:41 Finished transferring input files
...
001 (2521842.127.000) 07/19 06:01:41 Job executing on host: <128.142.56.131:9618?addrs=128.142.56.131-9618+[2001-1458-301-6--100-82]-9618&alias=b7s01p4885.cern.ch&noUDP&sock=startd_43999_3b98>
...
006 (2521842.127.000) 07/19 06:01:50 Image size of job updated: 262300
	183  -  MemoryUsage of job (MB)
	187292  -  ResidentSetSize of job (KB)
...
006 (2521842.127.000) 07/19 06:06:51 Image size of job updated: 630968
	205  -  MemoryUsage of job (MB)
	209280  -  ResidentSetSize of job (KB)
...
006 (2521842.127.000) 07/19 06:16:52 Image size of job updated: 630968
	205  -  MemoryUsage of job (MB)
	209284  -  ResidentSetSize of job (KB)
...
006 (2521842.127.000) 07/19 06:21:53 Image size of job updated: 801144
	277  -  MemoryUsage of job (MB)
	283088  -  ResidentSetSize of job (KB)
...
006 (2521842.127.000) 07/19 06:31:23 Image size of job updated: 801652
	277  -  MemoryUsage of job (MB)
	283088  -  ResidentSetSize of job (KB)
...
040 (2521842.127.000) 07/19 06:31:24 Started transferring output files
...
040 (2521842.127.000) 07/19 06:31:24 Finished transferring output files
...
005 (2521842.127.000) 07/19 06:31:24 Job terminated.
	(1) Normal termination (return value 0)
		Usr 0 00:13:44, Sys 0 00:00:02  -  Run Remote Usage
		Usr 0 00:00:00, Sys 0 00:00:00  -  Run Local Usage
		Usr 0 00:13:44, Sys 0 00:00:02  -  Total Remote Usage
		Usr 0 00:00:00, Sys 0 00:00:00  -  Total Local Usage
	49442  -  Run Bytes Sent By Job
	55262812  -  Run Bytes Received By Job
	49442  -  Total Bytes Sent By Job
	55262812  -  Total Bytes Received By Job
	Partitionable Resources :     Usage  Request Allocated 
	   Cpus                 :      1.00        3         3 
	   Disk (KB)            : 180592       75000   1255213 
	   Memory (MB)          :    277        6000      6000 

	Job terminated of its own accord at 2021-07-19T04:31:23Z.
...
