000 (2521867.200.000) 07/19 07:46:08 Job submitted from host: <188.185.70.244:9618?addrs=188.185.70.244-9618+[2001-1458-d00-7--100-2ee]-9618&alias=bigbird10.cern.ch&noUDP&sock=schedd_2037_ca81>
...
040 (2521867.200.000) 07/19 07:49:55 Started transferring input files
	Transferring to host: <128.142.57.37:9618?addrs=128.142.57.37-9618+[2001-1458-301-7--100-24]-9618&alias=b7s02p5036.cern.ch&noUDP&sock=slot1_17_6664_2408_15243>
...
040 (2521867.200.000) 07/19 07:49:56 Finished transferring input files
...
001 (2521867.200.000) 07/19 07:49:56 Job executing on host: <128.142.57.37:9618?addrs=128.142.57.37-9618+[2001-1458-301-7--100-24]-9618&alias=b7s02p5036.cern.ch&noUDP&sock=startd_6194_25b4>
...
006 (2521867.200.000) 07/19 07:50:05 Image size of job updated: 631960
	191  -  MemoryUsage of job (MB)
	194820  -  ResidentSetSize of job (KB)
...
006 (2521867.200.000) 07/19 07:55:06 Image size of job updated: 817268
	297  -  MemoryUsage of job (MB)
	303508  -  ResidentSetSize of job (KB)
...
006 (2521867.200.000) 07/19 08:04:48 Image size of job updated: 817852
	297  -  MemoryUsage of job (MB)
	303508  -  ResidentSetSize of job (KB)
...
040 (2521867.200.000) 07/19 08:04:49 Started transferring output files
...
040 (2521867.200.000) 07/19 08:04:49 Finished transferring output files
...
005 (2521867.200.000) 07/19 08:04:49 Job terminated.
	(1) Normal termination (return value 0)
		Usr 0 00:13:40, Sys 0 00:00:02  -  Run Remote Usage
		Usr 0 00:00:00, Sys 0 00:00:00  -  Run Local Usage
		Usr 0 00:13:40, Sys 0 00:00:02  -  Total Remote Usage
		Usr 0 00:00:00, Sys 0 00:00:00  -  Total Local Usage
	49883  -  Run Bytes Sent By Job
	55262812  -  Run Bytes Received By Job
	49883  -  Total Bytes Sent By Job
	55262812  -  Total Bytes Received By Job
	Partitionable Resources :     Usage  Request Allocated 
	   Cpus                 :      1.00        3         3 
	   Disk (KB)            : 184181       75000   1280667 
	   Memory (MB)          :    297        6000      6000 

	Job terminated of its own accord at 2021-07-19T06:04:48Z.
...
