000 (2523366.069.000) 07/19 23:50:30 Job submitted from host: <188.185.70.244:9618?addrs=188.185.70.244-9618+[2001-1458-d00-7--100-2ee]-9618&alias=bigbird10.cern.ch&noUDP&sock=schedd_2037_ca81>
...
040 (2523366.069.000) 07/20 00:13:51 Started transferring input files
	Transferring to host: <128.142.78.148:9618?addrs=128.142.78.148-9618+[2001-1458-301-f4--100-4e]-9618&alias=b7s12n0816.cern.ch&noUDP&sock=slot1_7_4412_672c_71306>
...
040 (2523366.069.000) 07/20 00:13:52 Finished transferring input files
...
001 (2523366.069.000) 07/20 00:13:52 Job executing on host: <128.142.78.148:9618?addrs=128.142.78.148-9618+[2001-1458-301-f4--100-4e]-9618&alias=b7s12n0816.cern.ch&noUDP&sock=startd_3720_3066>
...
006 (2523366.069.000) 07/20 00:14:01 Image size of job updated: 426492
	11  -  MemoryUsage of job (MB)
	10368  -  ResidentSetSize of job (KB)
...
006 (2523366.069.000) 07/20 00:19:02 Image size of job updated: 631944
	205  -  MemoryUsage of job (MB)
	209672  -  ResidentSetSize of job (KB)
...
006 (2523366.069.000) 07/20 00:24:02 Image size of job updated: 804068
	284  -  MemoryUsage of job (MB)
	290276  -  ResidentSetSize of job (KB)
...
006 (2523366.069.000) 07/20 00:44:05 Image size of job updated: 804724
	285  -  MemoryUsage of job (MB)
	290940  -  ResidentSetSize of job (KB)
...
040 (2523366.069.000) 07/20 00:44:18 Started transferring output files
...
040 (2523366.069.000) 07/20 00:44:18 Finished transferring output files
...
005 (2523366.069.000) 07/20 00:44:19 Job terminated.
	(1) Normal termination (return value 0)
		Usr 0 00:24:39, Sys 0 00:00:03  -  Run Remote Usage
		Usr 0 00:00:00, Sys 0 00:00:00  -  Run Local Usage
		Usr 0 00:24:39, Sys 0 00:00:03  -  Total Remote Usage
		Usr 0 00:00:00, Sys 0 00:00:00  -  Total Local Usage
	52260  -  Run Bytes Sent By Job
	55262812  -  Run Bytes Received By Job
	52260  -  Total Bytes Sent By Job
	55262812  -  Total Bytes Received By Job
	Partitionable Resources :     Usage  Request Allocated 
	   Cpus                 :      1.00        3         3 
	   Disk (KB)            : 181729       75000    282498 
	   Memory (MB)          :    285        6000      6000 

	Job terminated of its own accord at 2021-07-19T22:44:18Z.
...
