000 (2534572.036.000) 07/21 23:44:26 Job submitted from host: <188.185.70.244:9618?addrs=188.185.70.244-9618+[2001-1458-d00-7--100-2ee]-9618&alias=bigbird10.cern.ch&noUDP&sock=schedd_2037_ca81>
...
040 (2534572.036.000) 07/21 23:49:41 Started transferring input files
	Transferring to host: <128.142.161.89:9618?addrs=128.142.161.89-9618&alias=b7g03p4898.cern.ch&noUDP&sock=slot1_17_3720_d390_87758>
...
040 (2534572.036.000) 07/21 23:49:42 Finished transferring input files
...
001 (2534572.036.000) 07/21 23:49:42 Job executing on host: <128.142.161.89:9618?addrs=128.142.161.89-9618&alias=b7g03p4898.cern.ch&noUDP&sock=startd_2969_10c6>
...
006 (2534572.036.000) 07/21 23:49:50 Image size of job updated: 111924
	69  -  MemoryUsage of job (MB)
	69704  -  ResidentSetSize of job (KB)
...
006 (2534572.036.000) 07/21 23:54:50 Image size of job updated: 636040
	209  -  MemoryUsage of job (MB)
	213536  -  ResidentSetSize of job (KB)
...
006 (2534572.036.000) 07/21 23:59:51 Image size of job updated: 636040
	209  -  MemoryUsage of job (MB)
	213540  -  ResidentSetSize of job (KB)
...
006 (2534572.036.000) 07/22 00:09:52 Image size of job updated: 642452
	215  -  MemoryUsage of job (MB)
	220016  -  ResidentSetSize of job (KB)
...
006 (2534572.036.000) 07/22 00:14:53 Image size of job updated: 975420
	451  -  MemoryUsage of job (MB)
	461260  -  ResidentSetSize of job (KB)
...
006 (2534572.036.000) 07/22 01:04:59 Image size of job updated: 975956
	452  -  MemoryUsage of job (MB)
	461868  -  ResidentSetSize of job (KB)
...
040 (2534572.036.000) 07/22 01:42:53 Started transferring output files
...
040 (2534572.036.000) 07/22 01:42:53 Finished transferring output files
...
005 (2534572.036.000) 07/22 01:42:53 Job terminated.
	(1) Normal termination (return value 0)
		Usr 0 01:35:41, Sys 0 00:00:10  -  Run Remote Usage
		Usr 0 00:00:00, Sys 0 00:00:00  -  Run Local Usage
		Usr 0 01:35:41, Sys 0 00:00:10  -  Total Remote Usage
		Usr 0 00:00:00, Sys 0 00:00:00  -  Total Local Usage
	46747  -  Run Bytes Sent By Job
	55262812  -  Run Bytes Received By Job
	46747  -  Total Bytes Sent By Job
	55262812  -  Total Bytes Received By Job
	Partitionable Resources :     Usage  Request Allocated 
	   Cpus                 :      1.00        3         3 
	   Disk (KB)            : 211188       75000   1392165 
	   Memory (MB)          :    452        6000      6000 

	Job terminated of its own accord at 2021-07-21T23:42:53Z.
...
