000 (2556074.016.000) 07/27 10:23:52 Job submitted from host: <188.185.70.244:9618?addrs=188.185.70.244-9618+[2001-1458-d00-7--100-2ee]-9618&alias=bigbird10.cern.ch&noUDP&sock=schedd_2037_ca81>
...
040 (2556074.016.000) 07/27 10:30:20 Started transferring input files
	Transferring to host: <128.142.59.82:9618?addrs=128.142.59.82-9618+[2001-1458-301-21--100-51]-9618&alias=b7s04p3746.cern.ch&noUDP&sock=slot1_28_645_35f3_18097>
...
040 (2556074.016.000) 07/27 10:30:20 Finished transferring input files
...
001 (2556074.016.000) 07/27 10:30:21 Job executing on host: <128.142.59.82:9618?addrs=128.142.59.82-9618+[2001-1458-301-21--100-51]-9618&alias=b7s04p3746.cern.ch&noUDP&sock=startd_65294_d4e0>
...
006 (2556074.016.000) 07/27 10:30:29 Image size of job updated: 229152
	152  -  MemoryUsage of job (MB)
	155052  -  ResidentSetSize of job (KB)
...
006 (2556074.016.000) 07/27 10:35:29 Image size of job updated: 626816
	201  -  MemoryUsage of job (MB)
	205312  -  ResidentSetSize of job (KB)
...
006 (2556074.016.000) 07/27 10:40:30 Image size of job updated: 774420
	251  -  MemoryUsage of job (MB)
	256984  -  ResidentSetSize of job (KB)
...
006 (2556074.016.000) 07/27 10:43:22 Image size of job updated: 775008
	251  -  MemoryUsage of job (MB)
	256984  -  ResidentSetSize of job (KB)
...
040 (2556074.016.000) 07/27 10:43:22 Started transferring output files
...
040 (2556074.016.000) 07/27 10:43:22 Finished transferring output files
...
005 (2556074.016.000) 07/27 10:43:22 Job terminated.
	(1) Normal termination (return value 0)
		Usr 0 00:06:25, Sys 0 00:00:02  -  Run Remote Usage
		Usr 0 00:00:00, Sys 0 00:00:00  -  Run Local Usage
		Usr 0 00:06:25, Sys 0 00:00:02  -  Total Remote Usage
		Usr 0 00:00:00, Sys 0 00:00:00  -  Total Local Usage
	50702  -  Run Bytes Sent By Job
	55262880  -  Run Bytes Received By Job
	50702  -  Total Bytes Sent By Job
	55262880  -  Total Bytes Received By Job
	Partitionable Resources :     Usage  Request Allocated 
	   Cpus                 :      1.00        3         3 
	   Disk (KB)            : 178865       75000   1246942 
	   Memory (MB)          :    251        6000      6000 

	Job terminated of its own accord at 2021-07-27T08:43:22Z.
...
