000 (2557146.019.000) 07/28 14:20:13 Job submitted from host: <188.185.70.244:9618?addrs=188.185.70.244-9618+[2001-1458-d00-7--100-2ee]-9618&alias=bigbird10.cern.ch&noUDP&sock=schedd_2037_ca81>
...
040 (2557146.019.000) 07/28 15:43:15 Started transferring input files
	Transferring to host: <128.142.74.169:9618?addrs=128.142.74.169-9618+[2001-1458-301-75--100-5f0]-9618&alias=b7s11n8981.cern.ch&noUDP&sock=slot1_13_5114_0689_67721>
...
040 (2557146.019.000) 07/28 15:43:16 Finished transferring input files
...
001 (2557146.019.000) 07/28 15:43:16 Job executing on host: <128.142.74.169:9618?addrs=128.142.74.169-9618+[2001-1458-301-75--100-5f0]-9618&alias=b7s11n8981.cern.ch&noUDP&sock=startd_3942_766c>
...
006 (2557146.019.000) 07/28 15:43:25 Image size of job updated: 219604
	143  -  MemoryUsage of job (MB)
	145968  -  ResidentSetSize of job (KB)
...
006 (2557146.019.000) 07/28 15:48:26 Image size of job updated: 815368
	292  -  MemoryUsage of job (MB)
	298436  -  ResidentSetSize of job (KB)
...
040 (2557146.019.000) 07/28 16:00:19 Started transferring output files
...
040 (2557146.019.000) 07/28 16:00:19 Finished transferring output files
...
005 (2557146.019.000) 07/28 16:00:19 Job terminated.
	(1) Normal termination (return value 0)
		Usr 0 00:16:46, Sys 0 00:00:02  -  Run Remote Usage
		Usr 0 00:00:00, Sys 0 00:00:00  -  Run Local Usage
		Usr 0 00:16:46, Sys 0 00:00:02  -  Total Remote Usage
		Usr 0 00:00:00, Sys 0 00:00:00  -  Total Local Usage
	43700  -  Run Bytes Sent By Job
	55262880  -  Run Bytes Received By Job
	43700  -  Total Bytes Sent By Job
	55262880  -  Total Bytes Received By Job
	Partitionable Resources :     Usage  Request Allocated 
	   Cpus                 :      1.00        4         4 
	   Disk (KB)            : 187666       75000    272705 
	   Memory (MB)          :    292        8000      8000 

	Job terminated of its own accord at 2021-07-28T14:00:19Z.
...
