000 (2523366.124.000) 07/19 23:50:31 Job submitted from host: <188.185.70.244:9618?addrs=188.185.70.244-9618+[2001-1458-d00-7--100-2ee]-9618&alias=bigbird10.cern.ch&noUDP&sock=schedd_2037_ca81>
...
040 (2523366.124.000) 07/20 00:25:11 Started transferring input files
	Transferring to host: <128.142.56.66:9618?addrs=128.142.56.66-9618&alias=b7s01p1980.cern.ch&noUDP&sock=slot1_20_3257_99de_14420>
...
040 (2523366.124.000) 07/20 00:25:11 Finished transferring input files
...
001 (2523366.124.000) 07/20 00:25:11 Job executing on host: <128.142.56.66:9618?addrs=128.142.56.66-9618&alias=b7s01p1980.cern.ch&noUDP&sock=startd_2721_f549>
...
006 (2523366.124.000) 07/20 00:25:21 Image size of job updated: 419548
	204  -  MemoryUsage of job (MB)
	208708  -  ResidentSetSize of job (KB)
...
006 (2523366.124.000) 07/20 00:30:21 Image size of job updated: 828884
	304  -  MemoryUsage of job (MB)
	310740  -  ResidentSetSize of job (KB)
...
006 (2523366.124.000) 07/20 00:39:01 Image size of job updated: 829388
	304  -  MemoryUsage of job (MB)
	310740  -  ResidentSetSize of job (KB)
...
040 (2523366.124.000) 07/20 00:39:02 Started transferring output files
...
040 (2523366.124.000) 07/20 00:39:02 Finished transferring output files
...
005 (2523366.124.000) 07/20 00:39:02 Job terminated.
	(1) Normal termination (return value 0)
		Usr 0 00:13:46, Sys 0 00:00:01  -  Run Remote Usage
		Usr 0 00:00:00, Sys 0 00:00:00  -  Run Local Usage
		Usr 0 00:13:46, Sys 0 00:00:01  -  Total Remote Usage
		Usr 0 00:00:00, Sys 0 00:00:00  -  Total Local Usage
	49264  -  Run Bytes Sent By Job
	55262812  -  Run Bytes Received By Job
	49264  -  Total Bytes Sent By Job
	55262812  -  Total Bytes Received By Job
	Partitionable Resources :     Usage  Request Allocated 
	   Cpus                 :      1.00        3         3 
	   Disk (KB)            : 185549       75000   1349340 
	   Memory (MB)          :    304        6000      6000 

	Job terminated of its own accord at 2021-07-19T22:39:01Z.
...
