000 (2557076.001.000) 07/28 10:47:43 Job submitted from host: <188.185.70.244:9618?addrs=188.185.70.244-9618+[2001-1458-d00-7--100-2ee]-9618&alias=bigbird10.cern.ch&noUDP&sock=schedd_2037_ca81>
...
040 (2557076.001.000) 07/28 11:17:26 Started transferring input files
	Transferring to host: <128.142.57.98:9618?addrs=128.142.57.98-9618+[2001-1458-301-7--100-61]-9618&alias=b7s02p4710.cern.ch&noUDP&sock=slot1_7_6606_4646_26657>
...
040 (2557076.001.000) 07/28 11:17:27 Finished transferring input files
...
001 (2557076.001.000) 07/28 11:17:27 Job executing on host: <128.142.57.98:9618?addrs=128.142.57.98-9618+[2001-1458-301-7--100-61]-9618&alias=b7s02p4710.cern.ch&noUDP&sock=startd_6141_cb2f>
...
006 (2557076.001.000) 07/28 11:17:36 Image size of job updated: 539356
	191  -  MemoryUsage of job (MB)
	194784  -  ResidentSetSize of job (KB)
...
006 (2557076.001.000) 07/28 11:22:37 Image size of job updated: 786156
	267  -  MemoryUsage of job (MB)
	272836  -  ResidentSetSize of job (KB)
...
006 (2557076.001.000) 07/28 11:32:29 Image size of job updated: 786836
	267  -  MemoryUsage of job (MB)
	272836  -  ResidentSetSize of job (KB)
...
040 (2557076.001.000) 07/28 11:32:29 Started transferring output files
...
040 (2557076.001.000) 07/28 11:32:29 Finished transferring output files
...
005 (2557076.001.000) 07/28 11:32:30 Job terminated.
	(1) Normal termination (return value 0)
		Usr 0 00:13:22, Sys 0 00:00:02  -  Run Remote Usage
		Usr 0 00:00:00, Sys 0 00:00:00  -  Run Local Usage
		Usr 0 00:13:22, Sys 0 00:00:02  -  Total Remote Usage
		Usr 0 00:00:00, Sys 0 00:00:00  -  Total Local Usage
	52320  -  Run Bytes Sent By Job
	55262880  -  Run Bytes Received By Job
	52320  -  Total Bytes Sent By Job
	55262880  -  Total Bytes Received By Job
	Partitionable Resources :     Usage  Request Allocated 
	   Cpus                 :      1.00        5         5 
	   Disk (KB)            : 182229       75000   1386472 
	   Memory (MB)          :    267       10000     10000 

	Job terminated of its own accord at 2021-07-28T09:32:29Z.
...
