000 (2522101.021.000) 07/19 11:55:34 Job submitted from host: <188.185.70.244:9618?addrs=188.185.70.244-9618+[2001-1458-d00-7--100-2ee]-9618&alias=bigbird10.cern.ch&noUDP&sock=schedd_2037_ca81>
...
040 (2522101.021.000) 07/19 12:24:39 Started transferring input files
	Transferring to host: <128.142.56.30:9618?addrs=128.142.56.30-9618+[2001-1458-301-6--100-1d]-9618&alias=b7s01p7773.cern.ch&noUDP&sock=slot1_27_6811_b72e_10255>
...
040 (2522101.021.000) 07/19 12:24:40 Finished transferring input files
...
001 (2522101.021.000) 07/19 12:24:40 Job executing on host: <128.142.56.30:9618?addrs=128.142.56.30-9618+[2001-1458-301-6--100-1d]-9618&alias=b7s01p7773.cern.ch&noUDP&sock=startd_6359_52d4>
...
006 (2522101.021.000) 07/19 12:24:48 Image size of job updated: 254692
	201  -  MemoryUsage of job (MB)
	205272  -  ResidentSetSize of job (KB)
...
006 (2522101.021.000) 07/19 12:29:48 Image size of job updated: 825000
	301  -  MemoryUsage of job (MB)
	307452  -  ResidentSetSize of job (KB)
...
006 (2522101.021.000) 07/19 12:34:48 Image size of job updated: 825464
	301  -  MemoryUsage of job (MB)
	308056  -  ResidentSetSize of job (KB)
...
040 (2522101.021.000) 07/19 13:13:30 Started transferring output files
...
040 (2522101.021.000) 07/19 13:13:30 Finished transferring output files
...
005 (2522101.021.000) 07/19 13:13:30 Job terminated.
	(1) Normal termination (return value 0)
		Usr 0 00:48:22, Sys 0 00:00:02  -  Run Remote Usage
		Usr 0 00:00:00, Sys 0 00:00:00  -  Run Local Usage
		Usr 0 00:48:22, Sys 0 00:00:02  -  Total Remote Usage
		Usr 0 00:00:00, Sys 0 00:00:00  -  Total Local Usage
	50281  -  Run Bytes Sent By Job
	55262812  -  Run Bytes Received By Job
	50281  -  Total Bytes Sent By Job
	55262812  -  Total Bytes Received By Job
	Partitionable Resources :     Usage  Request Allocated 
	   Cpus                 :      1.00        3         3 
	   Disk (KB)            : 185673       75000   1290416 
	   Memory (MB)          :    301        6000      6000 

	Job terminated of its own accord at 2021-07-19T11:13:30Z.
...
