000 (2521668.150.000) 07/19 01:56:57 Job submitted from host: <188.185.70.244:9618?addrs=188.185.70.244-9618+[2001-1458-d00-7--100-2ee]-9618&alias=bigbird10.cern.ch&noUDP&sock=schedd_2037_ca81>
...
040 (2521668.150.000) 07/19 02:14:11 Started transferring input files
	Transferring to host: <128.142.59.95:9618?addrs=128.142.59.95-9618+[2001-1458-301-21--100-5e]-9618&alias=b7s04p9030.cern.ch&noUDP&sock=slot1_45_6829_65ef_11930>
...
040 (2521668.150.000) 07/19 02:14:12 Finished transferring input files
...
001 (2521668.150.000) 07/19 02:14:12 Job executing on host: <128.142.59.95:9618?addrs=128.142.59.95-9618+[2001-1458-301-21--100-5e]-9618&alias=b7s04p9030.cern.ch&noUDP&sock=startd_6373_ed28>
...
006 (2521668.150.000) 07/19 02:14:20 Image size of job updated: 509196
	193  -  MemoryUsage of job (MB)
	196896  -  ResidentSetSize of job (KB)
...
006 (2521668.150.000) 07/19 02:19:20 Image size of job updated: 627384
	202  -  MemoryUsage of job (MB)
	205852  -  ResidentSetSize of job (KB)
...
006 (2521668.150.000) 07/19 02:23:38 Image size of job updated: 765568
	202  -  MemoryUsage of job (MB)
	205852  -  ResidentSetSize of job (KB)
...
040 (2521668.150.000) 07/19 02:23:38 Started transferring output files
...
040 (2521668.150.000) 07/19 02:23:39 Finished transferring output files
...
005 (2521668.150.000) 07/19 02:23:40 Job terminated.
	(1) Normal termination (return value 0)
		Usr 0 00:00:44, Sys 0 00:00:02  -  Run Remote Usage
		Usr 0 00:00:00, Sys 0 00:00:00  -  Run Local Usage
		Usr 0 00:00:44, Sys 0 00:00:02  -  Total Remote Usage
		Usr 0 00:00:00, Sys 0 00:00:00  -  Total Local Usage
	51821  -  Run Bytes Sent By Job
	55262812  -  Run Bytes Received By Job
	51821  -  Total Bytes Sent By Job
	55262812  -  Total Bytes Received By Job
	Partitionable Resources :    Usage  Request Allocated 
	   Cpus                 :                 3         3 
	   Disk (KB)            :   181890    75000   1303146 
	   Memory (MB)          :      202     6000      6000 

	Job terminated of its own accord at 2021-07-19T00:23:38Z.
...
