000 (2536881.168.000) 07/22 03:18:13 Job submitted from host: <188.185.70.244:9618?addrs=188.185.70.244-9618+[2001-1458-d00-7--100-2ee]-9618&alias=bigbird10.cern.ch&noUDP&sock=schedd_2037_ca81>
...
040 (2536881.168.000) 07/22 03:53:33 Started transferring input files
	Transferring to host: <128.142.56.147:9618?addrs=128.142.56.147-9618+[2001-1458-301-6--100-92]-9618&alias=b7s01p0322.cern.ch&noUDP&sock=slot1_10_50448_edfd_18971>
...
040 (2536881.168.000) 07/22 03:53:33 Finished transferring input files
...
001 (2536881.168.000) 07/22 03:53:33 Job executing on host: <128.142.56.147:9618?addrs=128.142.56.147-9618+[2001-1458-301-6--100-92]-9618&alias=b7s01p0322.cern.ch&noUDP&sock=startd_47342_40b3>
...
006 (2536881.168.000) 07/22 03:53:42 Image size of job updated: 288712
	188  -  MemoryUsage of job (MB)
	191736  -  ResidentSetSize of job (KB)
...
006 (2536881.168.000) 07/22 03:58:42 Image size of job updated: 817164
	297  -  MemoryUsage of job (MB)
	303968  -  ResidentSetSize of job (KB)
...
006 (2536881.168.000) 07/22 04:03:42 Image size of job updated: 817772
	298  -  MemoryUsage of job (MB)
	304556  -  ResidentSetSize of job (KB)
...
040 (2536881.168.000) 07/22 04:06:20 Started transferring output files
...
040 (2536881.168.000) 07/22 04:06:20 Finished transferring output files
...
005 (2536881.168.000) 07/22 04:06:21 Job terminated.
	(1) Normal termination (return value 0)
		Usr 0 00:12:29, Sys 0 00:00:02  -  Run Remote Usage
		Usr 0 00:00:00, Sys 0 00:00:00  -  Run Local Usage
		Usr 0 00:12:29, Sys 0 00:00:02  -  Total Remote Usage
		Usr 0 00:00:00, Sys 0 00:00:00  -  Total Local Usage
	43569  -  Run Bytes Sent By Job
	55262812  -  Run Bytes Received By Job
	43569  -  Total Bytes Sent By Job
	55262812  -  Total Bytes Received By Job
	Partitionable Resources :     Usage  Request Allocated 
	   Cpus                 :      1.00        3         3 
	   Disk (KB)            : 184193       75000   1176278 
	   Memory (MB)          :    298        6000      6000 

	Job terminated of its own accord at 2021-07-22T02:06:20Z.
...
