000 (2536881.103.000) 07/22 03:18:13 Job submitted from host: <188.185.70.244:9618?addrs=188.185.70.244-9618+[2001-1458-d00-7--100-2ee]-9618&alias=bigbird10.cern.ch&noUDP&sock=schedd_2037_ca81>
...
040 (2536881.103.000) 07/22 03:34:56 Started transferring input files
	Transferring to host: <188.184.198.53:9618?addrs=188.184.198.53-9618+[2001-1458-301-c1--100-3cd]-9618&alias=b7g52n1975.cern.ch&noUDP&sock=slot1_13_5758_c823_68383>
...
040 (2536881.103.000) 07/22 03:34:57 Finished transferring input files
...
001 (2536881.103.000) 07/22 03:34:57 Job executing on host: <188.184.198.53:9618?addrs=188.184.198.53-9618+[2001-1458-301-c1--100-3cd]-9618&alias=b7g52n1975.cern.ch&noUDP&sock=startd_4562_bb24>
...
006 (2536881.103.000) 07/22 03:35:05 Image size of job updated: 74180
	33  -  MemoryUsage of job (MB)
	33776  -  ResidentSetSize of job (KB)
...
006 (2536881.103.000) 07/22 03:40:05 Image size of job updated: 636272
	209  -  MemoryUsage of job (MB)
	213776  -  ResidentSetSize of job (KB)
...
006 (2536881.103.000) 07/22 03:45:06 Image size of job updated: 636272
	209  -  MemoryUsage of job (MB)
	213784  -  ResidentSetSize of job (KB)
...
006 (2536881.103.000) 07/22 05:35:18 Image size of job updated: 915804
	393  -  MemoryUsage of job (MB)
	402316  -  ResidentSetSize of job (KB)
...
040 (2536881.103.000) 07/22 06:43:57 Started transferring output files
...
040 (2536881.103.000) 07/22 06:43:57 Finished transferring output files
...
005 (2536881.103.000) 07/22 06:43:57 Job terminated.
	(1) Normal termination (return value 0)
		Usr 0 01:14:04, Sys 0 00:00:04  -  Run Remote Usage
		Usr 0 00:00:00, Sys 0 00:00:00  -  Run Local Usage
		Usr 0 01:14:04, Sys 0 00:00:04  -  Total Remote Usage
		Usr 0 00:00:00, Sys 0 00:00:00  -  Total Local Usage
	45028  -  Run Bytes Sent By Job
	55262812  -  Run Bytes Received By Job
	45028  -  Total Bytes Sent By Job
	55262812  -  Total Bytes Received By Job
	Partitionable Resources :     Usage  Request Allocated 
	   Cpus                 :      1.00        3         3 
	   Disk (KB)            : 199141       75000    244858 
	   Memory (MB)          :    393        6000      6000 

	Job terminated of its own accord at 2021-07-22T04:43:57Z.
...
