000 (2526743.115.000) 07/20 13:19:14 Job submitted from host: <188.185.70.244:9618?addrs=188.185.70.244-9618+[2001-1458-d00-7--100-2ee]-9618&alias=bigbird10.cern.ch&noUDP&sock=schedd_2037_ca81>
...
040 (2526743.115.000) 07/20 13:25:13 Started transferring input files
	Transferring to host: <128.142.87.141:9618?addrs=128.142.87.141-9618+[2001-1458-301-f6--100-2a6]-9618&alias=b7s14n6234.cern.ch&noUDP&sock=slot1_1_12285_a4cd_112832>
...
040 (2526743.115.000) 07/20 13:25:14 Finished transferring input files
...
001 (2526743.115.000) 07/20 13:25:14 Job executing on host: <128.142.87.141:9618?addrs=128.142.87.141-9618+[2001-1458-301-f6--100-2a6]-9618&alias=b7s14n6234.cern.ch&noUDP&sock=startd_16847_381d>
...
006 (2526743.115.000) 07/20 13:25:23 Image size of job updated: 1016
	1  -  MemoryUsage of job (MB)
	1016  -  ResidentSetSize of job (KB)
...
006 (2526743.115.000) 07/20 13:30:24 Image size of job updated: 630296
	204  -  MemoryUsage of job (MB)
	208656  -  ResidentSetSize of job (KB)
...
006 (2526743.115.000) 07/20 14:15:28 Image size of job updated: 988960
	460  -  MemoryUsage of job (MB)
	470348  -  ResidentSetSize of job (KB)
...
006 (2526743.115.000) 07/20 14:20:30 Image size of job updated: 989040
	460  -  MemoryUsage of job (MB)
	470380  -  ResidentSetSize of job (KB)
...
006 (2526743.115.000) 07/20 15:15:36 Image size of job updated: 989520
	460  -  MemoryUsage of job (MB)
	470976  -  ResidentSetSize of job (KB)
...
040 (2526743.115.000) 07/20 15:28:27 Started transferring output files
...
040 (2526743.115.000) 07/20 15:28:27 Finished transferring output files
...
005 (2526743.115.000) 07/20 15:28:27 Job terminated.
	(1) Normal termination (return value 0)
		Usr 0 01:15:36, Sys 0 00:00:05  -  Run Remote Usage
		Usr 0 00:00:00, Sys 0 00:00:00  -  Run Local Usage
		Usr 0 01:15:36, Sys 0 00:00:05  -  Total Remote Usage
		Usr 0 00:00:00, Sys 0 00:00:00  -  Total Local Usage
	50171  -  Run Bytes Sent By Job
	55262812  -  Run Bytes Received By Job
	50171  -  Total Bytes Sent By Job
	55262812  -  Total Bytes Received By Job
	Partitionable Resources :     Usage  Request Allocated 
	   Cpus                 :      1.00        3         3 
	   Disk (KB)            : 213381       75000    283437 
	   Memory (MB)          :    460        6000      6000 

	Job terminated of its own accord at 2021-07-20T13:28:27Z.
...
