000 (2524871.107.000) 07/20 04:35:08 Job submitted from host: <188.185.70.244:9618?addrs=188.185.70.244-9618+[2001-1458-d00-7--100-2ee]-9618&alias=bigbird10.cern.ch&noUDP&sock=schedd_2037_ca81>
...
040 (2524871.107.000) 07/20 05:09:46 Started transferring input files
	Transferring to host: <128.142.56.44:9618?addrs=128.142.56.44-9618+[2001-1458-301-6--100-2b]-9618&alias=b7s01p7499.cern.ch&noUDP&sock=slot1_48_57811_d448_13475>
...
040 (2524871.107.000) 07/20 05:09:47 Finished transferring input files
...
001 (2524871.107.000) 07/20 05:09:47 Job executing on host: <128.142.56.44:9618?addrs=128.142.56.44-9618+[2001-1458-301-6--100-2b]-9618&alias=b7s01p7499.cern.ch&noUDP&sock=startd_57765_9054>
...
006 (2524871.107.000) 07/20 05:09:56 Image size of job updated: 270336
	192  -  MemoryUsage of job (MB)
	196108  -  ResidentSetSize of job (KB)
...
006 (2524871.107.000) 07/20 05:14:58 Image size of job updated: 636896
	210  -  MemoryUsage of job (MB)
	214336  -  ResidentSetSize of job (KB)
...
006 (2524871.107.000) 07/20 05:19:58 Image size of job updated: 636896
	210  -  MemoryUsage of job (MB)
	214340  -  ResidentSetSize of job (KB)
...
006 (2524871.107.000) 07/20 07:15:12 Image size of job updated: 891632
	370  -  MemoryUsage of job (MB)
	378244  -  ResidentSetSize of job (KB)
...
040 (2524871.107.000) 07/20 07:42:31 Started transferring output files
...
040 (2524871.107.000) 07/20 07:42:31 Finished transferring output files
...
005 (2524871.107.000) 07/20 07:42:31 Job terminated.
	(1) Normal termination (return value 0)
		Usr 0 00:32:47, Sys 0 00:00:04  -  Run Remote Usage
		Usr 0 00:00:00, Sys 0 00:00:00  -  Run Local Usage
		Usr 0 00:32:47, Sys 0 00:00:04  -  Total Remote Usage
		Usr 0 00:00:00, Sys 0 00:00:00  -  Total Local Usage
	51684  -  Run Bytes Sent By Job
	55262812  -  Run Bytes Received By Job
	51684  -  Total Bytes Sent By Job
	55262812  -  Total Bytes Received By Job
	Partitionable Resources :     Usage  Request Allocated 
	   Cpus                 :      1.00        3         3 
	   Disk (KB)            : 194546       75000   1338867 
	   Memory (MB)          :    370        6000      6000 

	Job terminated of its own accord at 2021-07-20T05:42:31Z.
...
