000 (2526743.083.000) 07/20 13:19:14 Job submitted from host: <188.185.70.244:9618?addrs=188.185.70.244-9618+[2001-1458-d00-7--100-2ee]-9618&alias=bigbird10.cern.ch&noUDP&sock=schedd_2037_ca81>
...
040 (2526743.083.000) 07/20 13:21:31 Started transferring input files
	Transferring to host: <128.142.57.132:9618?addrs=128.142.57.132-9618+[2001-1458-301-7--100-83]-9618&alias=b7s02p6113.cern.ch&noUDP&sock=slot1_13_6618_bac6_16885>
...
040 (2526743.083.000) 07/20 13:21:32 Finished transferring input files
...
001 (2526743.083.000) 07/20 13:21:32 Job executing on host: <128.142.57.132:9618?addrs=128.142.57.132-9618+[2001-1458-301-7--100-83]-9618&alias=b7s02p6113.cern.ch&noUDP&sock=startd_6152_56b9>
...
006 (2526743.083.000) 07/20 13:21:40 Image size of job updated: 579564
	187  -  MemoryUsage of job (MB)
	190952  -  ResidentSetSize of job (KB)
...
006 (2526743.083.000) 07/20 13:26:40 Image size of job updated: 626832
	201  -  MemoryUsage of job (MB)
	205308  -  ResidentSetSize of job (KB)
...
006 (2526743.083.000) 07/20 13:41:42 Image size of job updated: 823924
	300  -  MemoryUsage of job (MB)
	306576  -  ResidentSetSize of job (KB)
...
006 (2526743.083.000) 07/20 13:55:45 Image size of job updated: 824528
	300  -  MemoryUsage of job (MB)
	306576  -  ResidentSetSize of job (KB)
...
040 (2526743.083.000) 07/20 13:55:45 Started transferring output files
...
040 (2526743.083.000) 07/20 13:55:45 Finished transferring output files
...
005 (2526743.083.000) 07/20 13:55:46 Job terminated.
	(1) Normal termination (return value 0)
		Usr 0 00:16:58, Sys 0 00:00:03  -  Run Remote Usage
		Usr 0 00:00:00, Sys 0 00:00:00  -  Run Local Usage
		Usr 0 00:16:58, Sys 0 00:00:03  -  Total Remote Usage
		Usr 0 00:00:00, Sys 0 00:00:00  -  Total Local Usage
	49152  -  Run Bytes Sent By Job
	55262812  -  Run Bytes Received By Job
	49152  -  Total Bytes Sent By Job
	55262812  -  Total Bytes Received By Job
	Partitionable Resources :     Usage  Request Allocated 
	   Cpus                 :      1.00        3         3 
	   Disk (KB)            : 185412       75000   1337672 
	   Memory (MB)          :    300        6000      6000 

	Job terminated of its own accord at 2021-07-20T11:55:45Z.
...
