000 (2526743.189.000) 07/20 13:19:14 Job submitted from host: <188.185.70.244:9618?addrs=188.185.70.244-9618+[2001-1458-d00-7--100-2ee]-9618&alias=bigbird10.cern.ch&noUDP&sock=schedd_2037_ca81>
...
040 (2526743.189.000) 07/20 13:31:46 Started transferring input files
	Transferring to host: <128.142.57.126:9618?addrs=128.142.57.126-9618+[2001-1458-301-7--100-7d]-9618&alias=b7s02p0455.cern.ch&noUDP&sock=slot1_10_7178_4cdd_13613>
...
040 (2526743.189.000) 07/20 13:31:47 Finished transferring input files
...
001 (2526743.189.000) 07/20 13:31:47 Job executing on host: <128.142.57.126:9618?addrs=128.142.57.126-9618+[2001-1458-301-7--100-7d]-9618&alias=b7s02p0455.cern.ch&noUDP&sock=startd_6717_e1bc>
...
006 (2526743.189.000) 07/20 13:31:56 Image size of job updated: 266044
	187  -  MemoryUsage of job (MB)
	191024  -  ResidentSetSize of job (KB)
...
006 (2526743.189.000) 07/20 13:36:57 Image size of job updated: 626280
	201  -  MemoryUsage of job (MB)
	205248  -  ResidentSetSize of job (KB)
...
006 (2526743.189.000) 07/20 13:51:59 Image size of job updated: 815612
	292  -  MemoryUsage of job (MB)
	298480  -  ResidentSetSize of job (KB)
...
006 (2526743.189.000) 07/20 14:02:00 Image size of job updated: 816108
	293  -  MemoryUsage of job (MB)
	299056  -  ResidentSetSize of job (KB)
...
040 (2526743.189.000) 07/20 14:03:53 Started transferring output files
...
040 (2526743.189.000) 07/20 14:03:53 Finished transferring output files
...
005 (2526743.189.000) 07/20 14:03:54 Job terminated.
	(1) Normal termination (return value 0)
		Usr 0 00:12:49, Sys 0 00:00:02  -  Run Remote Usage
		Usr 0 00:00:00, Sys 0 00:00:00  -  Run Local Usage
		Usr 0 00:12:49, Sys 0 00:00:02  -  Total Remote Usage
		Usr 0 00:00:00, Sys 0 00:00:00  -  Total Local Usage
	48750  -  Run Bytes Sent By Job
	55262812  -  Run Bytes Received By Job
	48750  -  Total Bytes Sent By Job
	55262812  -  Total Bytes Received By Job
	Partitionable Resources :     Usage  Request Allocated 
	   Cpus                 :      1.00        3         3 
	   Disk (KB)            : 183911       75000   1317824 
	   Memory (MB)          :    293        6000      6000 

	Job terminated of its own accord at 2021-07-20T12:03:53Z.
...
