000 (2521675.069.000) 07/19 04:18:39 Job submitted from host: <188.185.70.244:9618?addrs=188.185.70.244-9618+[2001-1458-d00-7--100-2ee]-9618&alias=bigbird10.cern.ch&noUDP&sock=schedd_2037_ca81>
...
040 (2521675.069.000) 07/19 04:24:17 Started transferring input files
	Transferring to host: <128.142.56.104:9618?addrs=128.142.56.104-9618+[2001-1458-301-6--100-67]-9618&alias=b7s01p0718.cern.ch&noUDP&sock=slot1_11_43289_c439_15309>
...
040 (2521675.069.000) 07/19 04:24:18 Finished transferring input files
...
001 (2521675.069.000) 07/19 04:24:18 Job executing on host: <128.142.56.104:9618?addrs=128.142.56.104-9618+[2001-1458-301-6--100-67]-9618&alias=b7s01p0718.cern.ch&noUDP&sock=startd_40179_07d0>
...
006 (2521675.069.000) 07/19 04:24:26 Image size of job updated: 185972
	115  -  MemoryUsage of job (MB)
	117168  -  ResidentSetSize of job (KB)
...
006 (2521675.069.000) 07/19 04:29:26 Image size of job updated: 632496
	206  -  MemoryUsage of job (MB)
	210208  -  ResidentSetSize of job (KB)
...
040 (2521675.069.000) 07/19 04:33:50 Started transferring output files
...
040 (2521675.069.000) 07/19 04:33:51 Finished transferring output files
...
005 (2521675.069.000) 07/19 04:33:51 Job terminated.
	(1) Normal termination (return value 0)
		Usr 0 00:00:50, Sys 0 00:00:02  -  Run Remote Usage
		Usr 0 00:00:00, Sys 0 00:00:00  -  Run Local Usage
		Usr 0 00:00:50, Sys 0 00:00:02  -  Total Remote Usage
		Usr 0 00:00:00, Sys 0 00:00:00  -  Total Local Usage
	52246  -  Run Bytes Sent By Job
	55262812  -  Run Bytes Received By Job
	52246  -  Total Bytes Sent By Job
	55262812  -  Total Bytes Received By Job
	Partitionable Resources :    Usage  Request Allocated 
	   Cpus                 :                 3         3 
	   Disk (KB)            :   182231    75000   1322274 
	   Memory (MB)          :      206     6000      6000 

	Job terminated of its own accord at 2021-07-19T02:33:50Z.
...
