000 (2521668.206.000) 07/19 01:56:57 Job submitted from host: <188.185.70.244:9618?addrs=188.185.70.244-9618+[2001-1458-d00-7--100-2ee]-9618&alias=bigbird10.cern.ch&noUDP&sock=schedd_2037_ca81>
...
040 (2521668.206.000) 07/19 02:17:44 Started transferring input files
	Transferring to host: <128.142.59.77:9618?addrs=128.142.59.77-9618+[2001-1458-301-21--100-4c]-9618&alias=b7s04p3457.cern.ch&noUDP&sock=slot1_18_6757_aaec_9154>
...
040 (2521668.206.000) 07/19 02:17:45 Finished transferring input files
...
001 (2521668.206.000) 07/19 02:17:45 Job executing on host: <128.142.59.77:9618?addrs=128.142.59.77-9618+[2001-1458-301-21--100-4c]-9618&alias=b7s04p3457.cern.ch&noUDP&sock=startd_6285_90d2>
...
006 (2521668.206.000) 07/19 02:17:53 Image size of job updated: 562760
	166  -  MemoryUsage of job (MB)
	169120  -  ResidentSetSize of job (KB)
...
006 (2521668.206.000) 07/19 02:22:53 Image size of job updated: 631956
	205  -  MemoryUsage of job (MB)
	209708  -  ResidentSetSize of job (KB)
...
006 (2521668.206.000) 07/19 02:29:48 Image size of job updated: 767052
	205  -  MemoryUsage of job (MB)
	209708  -  ResidentSetSize of job (KB)
...
040 (2521668.206.000) 07/19 02:29:48 Started transferring output files
...
040 (2521668.206.000) 07/19 02:29:48 Finished transferring output files
...
005 (2521668.206.000) 07/19 02:29:48 Job terminated.
	(1) Normal termination (return value 0)
		Usr 0 00:00:53, Sys 0 00:00:02  -  Run Remote Usage
		Usr 0 00:00:00, Sys 0 00:00:00  -  Run Local Usage
		Usr 0 00:00:53, Sys 0 00:00:02  -  Total Remote Usage
		Usr 0 00:00:00, Sys 0 00:00:00  -  Total Local Usage
	53778  -  Run Bytes Sent By Job
	55262812  -  Run Bytes Received By Job
	53778  -  Total Bytes Sent By Job
	55262812  -  Total Bytes Received By Job
	Partitionable Resources :     Usage  Request Allocated 
	   Cpus                 :      0.00        3         3 
	   Disk (KB)            : 182663       75000   1253319 
	   Memory (MB)          :    205        6000      6000 

	Job terminated of its own accord at 2021-07-19T00:29:48Z.
...
