000 (2556074.003.000) 07/27 10:23:52 Job submitted from host: <188.185.70.244:9618?addrs=188.185.70.244-9618+[2001-1458-d00-7--100-2ee]-9618&alias=bigbird10.cern.ch&noUDP&sock=schedd_2037_ca81>
...
040 (2556074.003.000) 07/27 10:30:14 Started transferring input files
	Transferring to host: <128.142.59.60:9618?addrs=128.142.59.60-9618+[2001-1458-301-21--100-3b]-9618&alias=b7s04p3517.cern.ch&noUDP&sock=slot1_48_6758_5f4c_18223>
...
040 (2556074.003.000) 07/27 10:30:15 Finished transferring input files
...
001 (2556074.003.000) 07/27 10:30:15 Job executing on host: <128.142.59.60:9618?addrs=128.142.59.60-9618+[2001-1458-301-21--100-3b]-9618&alias=b7s04p3517.cern.ch&noUDP&sock=startd_6305_48b7>
...
006 (2556074.003.000) 07/27 10:30:24 Image size of job updated: 208448
	134  -  MemoryUsage of job (MB)
	137180  -  ResidentSetSize of job (KB)
...
006 (2556074.003.000) 07/27 10:35:25 Image size of job updated: 786512
	267  -  MemoryUsage of job (MB)
	273072  -  ResidentSetSize of job (KB)
...
040 (2556074.003.000) 07/27 10:35:36 Started transferring output files
...
040 (2556074.003.000) 07/27 10:35:37 Finished transferring output files
...
005 (2556074.003.000) 07/27 10:35:37 Job terminated.
	(1) Normal termination (return value 0)
		Usr 0 00:05:05, Sys 0 00:00:02  -  Run Remote Usage
		Usr 0 00:00:00, Sys 0 00:00:00  -  Run Local Usage
		Usr 0 00:05:05, Sys 0 00:00:02  -  Total Remote Usage
		Usr 0 00:00:00, Sys 0 00:00:00  -  Total Local Usage
	50986  -  Run Bytes Sent By Job
	55262880  -  Run Bytes Received By Job
	50986  -  Total Bytes Sent By Job
	55262880  -  Total Bytes Received By Job
	Partitionable Resources :    Usage  Request Allocated 
	   Cpus                 :                 3         3 
	   Disk (KB)            :   182135    75000   1234713 
	   Memory (MB)          :      267     6000      6000 

	Job terminated of its own accord at 2021-07-27T08:35:35Z.
...
