000 (2521867.090.000) 07/19 07:46:08 Job submitted from host: <188.185.70.244:9618?addrs=188.185.70.244-9618+[2001-1458-d00-7--100-2ee]-9618&alias=bigbird10.cern.ch&noUDP&sock=schedd_2037_ca81>
...
040 (2521867.090.000) 07/19 07:49:15 Started transferring input files
	Transferring to host: <128.142.59.71:9618?addrs=128.142.59.71-9618+[2001-1458-301-21--100-46]-9618&alias=b7s04p9413.cern.ch&noUDP&sock=slot1_11_6726_d34b_11203>
...
040 (2521867.090.000) 07/19 07:49:16 Finished transferring input files
...
001 (2521867.090.000) 07/19 07:49:16 Job executing on host: <128.142.59.71:9618?addrs=128.142.59.71-9618+[2001-1458-301-21--100-46]-9618&alias=b7s04p9413.cern.ch&noUDP&sock=startd_6258_0bc3>
...
006 (2521867.090.000) 07/19 07:49:25 Image size of job updated: 626280
	201  -  MemoryUsage of job (MB)
	205176  -  ResidentSetSize of job (KB)
...
006 (2521867.090.000) 07/19 07:54:26 Image size of job updated: 824832
	301  -  MemoryUsage of job (MB)
	307852  -  ResidentSetSize of job (KB)
...
006 (2521867.090.000) 07/19 08:04:27 Image size of job updated: 825428
	302  -  MemoryUsage of job (MB)
	308464  -  ResidentSetSize of job (KB)
...
040 (2521867.090.000) 07/19 08:07:47 Started transferring output files
...
040 (2521867.090.000) 07/19 08:07:48 Finished transferring output files
...
005 (2521867.090.000) 07/19 08:07:48 Job terminated.
	(1) Normal termination (return value 0)
		Usr 0 00:14:41, Sys 0 00:00:02  -  Run Remote Usage
		Usr 0 00:00:00, Sys 0 00:00:00  -  Run Local Usage
		Usr 0 00:14:41, Sys 0 00:00:02  -  Total Remote Usage
		Usr 0 00:00:00, Sys 0 00:00:00  -  Total Local Usage
	50648  -  Run Bytes Sent By Job
	55262812  -  Run Bytes Received By Job
	50648  -  Total Bytes Sent By Job
	55262812  -  Total Bytes Received By Job
	Partitionable Resources :     Usage  Request Allocated 
	   Cpus                 :      1.00        3         3 
	   Disk (KB)            : 185669       75000   1291949 
	   Memory (MB)          :    302        6000      6000 

	Job terminated of its own accord at 2021-07-19T06:07:47Z.
...
