000 (2526743.100.000) 07/20 13:19:14 Job submitted from host: <188.185.70.244:9618?addrs=188.185.70.244-9618+[2001-1458-d00-7--100-2ee]-9618&alias=bigbird10.cern.ch&noUDP&sock=schedd_2037_ca81>
...
040 (2526743.100.000) 07/20 13:21:38 Started transferring input files
	Transferring to host: <128.142.57.109:9618?addrs=128.142.57.109-9618+[2001-1458-301-7--100-6c]-9618&alias=b7s02p4684.cern.ch&noUDP&sock=slot1_2_6680_6a09_16083>
...
040 (2526743.100.000) 07/20 13:21:39 Finished transferring input files
...
001 (2526743.100.000) 07/20 13:21:39 Job executing on host: <128.142.57.109:9618?addrs=128.142.57.109-9618+[2001-1458-301-7--100-6c]-9618&alias=b7s02p4684.cern.ch&noUDP&sock=startd_6210_1f38>
...
006 (2526743.100.000) 07/20 13:21:48 Image size of job updated: 288712
	82  -  MemoryUsage of job (MB)
	83488  -  ResidentSetSize of job (KB)
...
006 (2526743.100.000) 07/20 13:26:49 Image size of job updated: 636664
	210  -  MemoryUsage of job (MB)
	214084  -  ResidentSetSize of job (KB)
...
006 (2526743.100.000) 07/20 14:01:52 Image size of job updated: 939684
	414  -  MemoryUsage of job (MB)
	423808  -  ResidentSetSize of job (KB)
...
006 (2526743.100.000) 07/20 14:26:55 Image size of job updated: 940356
	415  -  MemoryUsage of job (MB)
	424448  -  ResidentSetSize of job (KB)
...
040 (2526743.100.000) 07/20 14:30:56 Started transferring output files
...
040 (2526743.100.000) 07/20 14:30:56 Finished transferring output files
...
005 (2526743.100.000) 07/20 14:30:56 Job terminated.
	(1) Normal termination (return value 0)
		Usr 0 00:33:51, Sys 0 00:00:05  -  Run Remote Usage
		Usr 0 00:00:00, Sys 0 00:00:00  -  Run Local Usage
		Usr 0 00:33:51, Sys 0 00:00:05  -  Total Remote Usage
		Usr 0 00:00:00, Sys 0 00:00:00  -  Total Local Usage
	50103  -  Run Bytes Sent By Job
	55262812  -  Run Bytes Received By Job
	50103  -  Total Bytes Sent By Job
	55262812  -  Total Bytes Received By Job
	Partitionable Resources :     Usage  Request Allocated 
	   Cpus                 :      1.00        3         3 
	   Disk (KB)            : 204413       75000   1335681 
	   Memory (MB)          :    415        6000      6000 

	Job terminated of its own accord at 2021-07-20T12:30:56Z.
...
