000 (2521842.098.000) 07/19 05:55:55 Job submitted from host: <188.185.70.244:9618?addrs=188.185.70.244-9618+[2001-1458-d00-7--100-2ee]-9618&alias=bigbird10.cern.ch&noUDP&sock=schedd_2037_ca81>
...
040 (2521842.098.000) 07/19 06:01:31 Started transferring input files
	Transferring to host: <128.142.56.62:9618?addrs=128.142.56.62-9618+[2001-1458-301-6--100-3d]-9618&alias=b7s01p6047.cern.ch&noUDP&sock=slot1_3_47626_934a_12998>
...
040 (2521842.098.000) 07/19 06:01:32 Finished transferring input files
...
001 (2521842.098.000) 07/19 06:01:32 Job executing on host: <128.142.56.62:9618?addrs=128.142.56.62-9618+[2001-1458-301-6--100-3d]-9618&alias=b7s01p6047.cern.ch&noUDP&sock=startd_44533_832b>
...
006 (2521842.098.000) 07/19 06:01:41 Image size of job updated: 257780
	179  -  MemoryUsage of job (MB)
	182768  -  ResidentSetSize of job (KB)
...
006 (2521842.098.000) 07/19 06:06:42 Image size of job updated: 822812
	302  -  MemoryUsage of job (MB)
	308920  -  ResidentSetSize of job (KB)
...
006 (2521842.098.000) 07/19 06:14:53 Image size of job updated: 823408
	302  -  MemoryUsage of job (MB)
	308920  -  ResidentSetSize of job (KB)
...
040 (2521842.098.000) 07/19 06:14:53 Started transferring output files
...
040 (2521842.098.000) 07/19 06:14:54 Finished transferring output files
...
005 (2521842.098.000) 07/19 06:14:54 Job terminated.
	(1) Normal termination (return value 0)
		Usr 0 00:12:34, Sys 0 00:00:02  -  Run Remote Usage
		Usr 0 00:00:00, Sys 0 00:00:00  -  Run Local Usage
		Usr 0 00:12:34, Sys 0 00:00:02  -  Total Remote Usage
		Usr 0 00:00:00, Sys 0 00:00:00  -  Total Local Usage
	49576  -  Run Bytes Sent By Job
	55262812  -  Run Bytes Received By Job
	49576  -  Total Bytes Sent By Job
	55262812  -  Total Bytes Received By Job
	Partitionable Resources :     Usage  Request Allocated 
	   Cpus                 :      1.00        3         3 
	   Disk (KB)            : 184430       75000   1241669 
	   Memory (MB)          :    302        6000      6000 

	Job terminated of its own accord at 2021-07-19T04:14:53Z.
...
