000 (2556078.020.000) 07/27 10:51:07 Job submitted from host: <188.185.70.244:9618?addrs=188.185.70.244-9618+[2001-1458-d00-7--100-2ee]-9618&alias=bigbird10.cern.ch&noUDP&sock=schedd_2037_ca81>
...
040 (2556078.020.000) 07/27 11:31:59 Started transferring input files
	Transferring to host: <128.142.81.248:9618?addrs=128.142.81.248-9618+[2001-1458-301-f5--100-478]-9618&alias=b7s13n8658.cern.ch&noUDP&sock=slot1_11_16261_186e_126775>
...
040 (2556078.020.000) 07/27 11:32:00 Finished transferring input files
...
001 (2556078.020.000) 07/27 11:32:00 Job executing on host: <128.142.81.248:9618?addrs=128.142.81.248-9618+[2001-1458-301-f5--100-478]-9618&alias=b7s13n8658.cern.ch&noUDP&sock=startd_16615_1624>
...
006 (2556078.020.000) 07/27 11:32:09 Image size of job updated: 321544
	122  -  MemoryUsage of job (MB)
	124508  -  ResidentSetSize of job (KB)
...
006 (2556078.020.000) 07/27 11:37:10 Image size of job updated: 802020
	278  -  MemoryUsage of job (MB)
	284552  -  ResidentSetSize of job (KB)
...
006 (2556078.020.000) 07/27 11:47:10 Image size of job updated: 802848
	279  -  MemoryUsage of job (MB)
	285524  -  ResidentSetSize of job (KB)
...
040 (2556078.020.000) 07/27 11:54:19 Started transferring output files
...
040 (2556078.020.000) 07/27 11:54:19 Finished transferring output files
...
005 (2556078.020.000) 07/27 11:54:19 Job terminated.
	(1) Normal termination (return value 0)
		Usr 0 00:21:56, Sys 0 00:00:02  -  Run Remote Usage
		Usr 0 00:00:00, Sys 0 00:00:00  -  Run Local Usage
		Usr 0 00:21:56, Sys 0 00:00:02  -  Total Remote Usage
		Usr 0 00:00:00, Sys 0 00:00:00  -  Total Local Usage
	47232  -  Run Bytes Sent By Job
	55262880  -  Run Bytes Received By Job
	47232  -  Total Bytes Sent By Job
	55262880  -  Total Bytes Received By Job
	Partitionable Resources :     Usage  Request Allocated 
	   Cpus                 :      1.00        3         3 
	   Disk (KB)            : 186671       75000    279754 
	   Memory (MB)          :    279        6000      6000 

	Job terminated of its own accord at 2021-07-27T09:54:19Z.
...
