000 (2522101.097.000) 07/19 11:55:34 Job submitted from host: <188.185.70.244:9618?addrs=188.185.70.244-9618+[2001-1458-d00-7--100-2ee]-9618&alias=bigbird10.cern.ch&noUDP&sock=schedd_2037_ca81>
...
040 (2522101.097.000) 07/19 12:46:44 Started transferring input files
	Transferring to host: <128.142.161.112:9618?addrs=128.142.161.112-9618&alias=b7g03p8889.cern.ch&noUDP&sock=slot1_27_3702_24d0_28398>
...
040 (2522101.097.000) 07/19 12:46:45 Finished transferring input files
...
001 (2522101.097.000) 07/19 12:46:45 Job executing on host: <128.142.161.112:9618?addrs=128.142.161.112-9618&alias=b7g03p8889.cern.ch&noUDP&sock=startd_2816_1ec8>
...
006 (2522101.097.000) 07/19 12:46:53 Image size of job updated: 556020
	146  -  MemoryUsage of job (MB)
	148588  -  ResidentSetSize of job (KB)
...
006 (2522101.097.000) 07/19 12:51:54 Image size of job updated: 636040
	209  -  MemoryUsage of job (MB)
	213532  -  ResidentSetSize of job (KB)
...
006 (2522101.097.000) 07/19 13:42:00 Image size of job updated: 966308
	442  -  MemoryUsage of job (MB)
	451844  -  ResidentSetSize of job (KB)
...
006 (2522101.097.000) 07/19 14:22:05 Image size of job updated: 966676
	442  -  MemoryUsage of job (MB)
	452404  -  ResidentSetSize of job (KB)
...
040 (2522101.097.000) 07/19 14:31:42 Started transferring output files
...
040 (2522101.097.000) 07/19 14:31:42 Finished transferring output files
...
005 (2522101.097.000) 07/19 14:31:42 Job terminated.
	(1) Normal termination (return value 0)
		Usr 0 00:54:44, Sys 0 00:00:11  -  Run Remote Usage
		Usr 0 00:00:00, Sys 0 00:00:00  -  Run Local Usage
		Usr 0 00:54:44, Sys 0 00:00:11  -  Total Remote Usage
		Usr 0 00:00:00, Sys 0 00:00:00  -  Total Local Usage
	47829  -  Run Bytes Sent By Job
	55262812  -  Run Bytes Received By Job
	47829  -  Total Bytes Sent By Job
	55262812  -  Total Bytes Received By Job
	Partitionable Resources :     Usage  Request Allocated 
	   Cpus                 :      1.00        3         3 
	   Disk (KB)            : 209399       75000   1373335 
	   Memory (MB)          :    442        6000      6000 

	Job terminated of its own accord at 2021-07-19T12:31:41Z.
...
