000 (2521876.007.000) 07/19 08:46:26 Job submitted from host: <188.185.70.244:9618?addrs=188.185.70.244-9618+[2001-1458-d00-7--100-2ee]-9618&alias=bigbird10.cern.ch&noUDP&sock=schedd_2037_ca81>
...
040 (2521876.007.000) 07/19 09:06:59 Started transferring input files
	Transferring to host: <128.142.57.32:9618?addrs=128.142.57.32-9618+[2001-1458-301-7--100-1f]-9618&alias=b7s02p4476.cern.ch&noUDP&sock=slot1_1_6580_f485_16308>
...
040 (2521876.007.000) 07/19 09:06:59 Finished transferring input files
...
001 (2521876.007.000) 07/19 09:06:59 Job executing on host: <128.142.57.32:9618?addrs=128.142.57.32-9618+[2001-1458-301-7--100-1f]-9618&alias=b7s02p4476.cern.ch&noUDP&sock=startd_6118_0481>
...
006 (2521876.007.000) 07/19 09:07:08 Image size of job updated: 603604
	191  -  MemoryUsage of job (MB)
	194696  -  ResidentSetSize of job (KB)
...
006 (2521876.007.000) 07/19 09:12:08 Image size of job updated: 813672
	293  -  MemoryUsage of job (MB)
	299968  -  ResidentSetSize of job (KB)
...
006 (2521876.007.000) 07/19 09:17:08 Image size of job updated: 814280
	294  -  MemoryUsage of job (MB)
	300564  -  ResidentSetSize of job (KB)
...
040 (2521876.007.000) 07/19 09:18:32 Started transferring output files
...
040 (2521876.007.000) 07/19 09:18:32 Finished transferring output files
...
005 (2521876.007.000) 07/19 09:18:33 Job terminated.
	(1) Normal termination (return value 0)
		Usr 0 00:11:29, Sys 0 00:00:02  -  Run Remote Usage
		Usr 0 00:00:00, Sys 0 00:00:00  -  Run Local Usage
		Usr 0 00:11:29, Sys 0 00:00:02  -  Total Remote Usage
		Usr 0 00:00:00, Sys 0 00:00:00  -  Total Local Usage
	48761  -  Run Bytes Sent By Job
	55262812  -  Run Bytes Received By Job
	48761  -  Total Bytes Sent By Job
	55262812  -  Total Bytes Received By Job
	Partitionable Resources :     Usage  Request Allocated 
	   Cpus                 :      1.00        3         3 
	   Disk (KB)            : 183527       75000   1342890 
	   Memory (MB)          :    294        6000      6000 

	Job terminated of its own accord at 2021-07-19T07:18:32Z.
...
