000 (2552365.021.000) 07/26 17:28:17 Job submitted from host: <188.185.70.244:9618?addrs=188.185.70.244-9618+[2001-1458-d00-7--100-2ee]-9618&alias=bigbird10.cern.ch&noUDP&sock=schedd_2037_ca81>
...
040 (2552365.021.000) 07/26 17:56:32 Started transferring input files
	Transferring to host: <188.184.132.55:9618?addrs=188.184.132.55-9618+[2001-1458-301-a0--100-31]-9618&alias=b7g28n0470.cern.ch&noUDP&sock=slot1_2_3064_9d76_70648>
...
040 (2552365.021.000) 07/26 17:56:33 Finished transferring input files
...
001 (2552365.021.000) 07/26 17:56:33 Job executing on host: <188.184.132.55:9618?addrs=188.184.132.55-9618+[2001-1458-301-a0--100-31]-9618&alias=b7g28n0470.cern.ch&noUDP&sock=startd_2562_e5ba>
...
006 (2552365.021.000) 07/26 17:56:41 Image size of job updated: 450220
	137  -  MemoryUsage of job (MB)
	139432  -  ResidentSetSize of job (KB)
...
006 (2552365.021.000) 07/26 18:01:41 Image size of job updated: 824428
	300  -  MemoryUsage of job (MB)
	306848  -  ResidentSetSize of job (KB)
...
006 (2552365.021.000) 07/26 18:16:42 Image size of job updated: 825096
	301  -  MemoryUsage of job (MB)
	307668  -  ResidentSetSize of job (KB)
...
040 (2552365.021.000) 07/26 18:20:30 Started transferring output files
...
040 (2552365.021.000) 07/26 18:20:30 Finished transferring output files
...
005 (2552365.021.000) 07/26 18:20:30 Job terminated.
	(1) Normal termination (return value 0)
		Usr 0 00:23:50, Sys 0 00:00:02  -  Run Remote Usage
		Usr 0 00:00:00, Sys 0 00:00:00  -  Run Local Usage
		Usr 0 00:23:50, Sys 0 00:00:02  -  Total Remote Usage
		Usr 0 00:00:00, Sys 0 00:00:00  -  Total Local Usage
	49469  -  Run Bytes Sent By Job
	55262876  -  Run Bytes Received By Job
	49469  -  Total Bytes Sent By Job
	55262876  -  Total Bytes Received By Job
	Partitionable Resources :     Usage  Request Allocated 
	   Cpus                 :      1.00        3         3 
	   Disk (KB)            : 185153       75000    215995 
	   Memory (MB)          :    301        6000      6000 

	Job terminated of its own accord at 2021-07-26T16:20:30Z.
...
