000 (2521867.177.000) 07/19 07:46:08 Job submitted from host: <188.185.70.244:9618?addrs=188.185.70.244-9618+[2001-1458-d00-7--100-2ee]-9618&alias=bigbird10.cern.ch&noUDP&sock=schedd_2037_ca81>
...
040 (2521867.177.000) 07/19 07:49:46 Started transferring input files
	Transferring to host: <128.142.57.80:9618?addrs=128.142.57.80-9618+[2001-1458-301-7--100-4f]-9618&alias=b7s02p4669.cern.ch&noUDP&sock=slot1_25_6666_8cc8_15107>
...
001 (2521867.177.000) 07/19 07:49:47 Job executing on host: <128.142.57.80:9618?addrs=128.142.57.80-9618+[2001-1458-301-7--100-4f]-9618&alias=b7s02p4669.cern.ch&noUDP&sock=startd_6201_f2dd>
...
040 (2521867.177.000) 07/19 07:49:47 Finished transferring input files
...
006 (2521867.177.000) 07/19 07:49:55 Image size of job updated: 269168
	190  -  MemoryUsage of job (MB)
	193932  -  ResidentSetSize of job (KB)
...
006 (2521867.177.000) 07/19 07:54:55 Image size of job updated: 811920
	288  -  MemoryUsage of job (MB)
	294508  -  ResidentSetSize of job (KB)
...
006 (2521867.177.000) 07/19 08:04:57 Image size of job updated: 812484
	289  -  MemoryUsage of job (MB)
	295156  -  ResidentSetSize of job (KB)
...
040 (2521867.177.000) 07/19 08:05:12 Started transferring output files
...
040 (2521867.177.000) 07/19 08:05:13 Finished transferring output files
...
005 (2521867.177.000) 07/19 08:05:13 Job terminated.
	(1) Normal termination (return value 0)
		Usr 0 00:12:30, Sys 0 00:00:02  -  Run Remote Usage
		Usr 0 00:00:00, Sys 0 00:00:00  -  Run Local Usage
		Usr 0 00:12:30, Sys 0 00:00:02  -  Total Remote Usage
		Usr 0 00:00:00, Sys 0 00:00:00  -  Total Local Usage
	49598  -  Run Bytes Sent By Job
	55262812  -  Run Bytes Received By Job
	49598  -  Total Bytes Sent By Job
	55262812  -  Total Bytes Received By Job
	Partitionable Resources :     Usage  Request Allocated 
	   Cpus                 :      1.00        3         3 
	   Disk (KB)            : 183307       75000   1237288 
	   Memory (MB)          :    289        6000      6000 

	Job terminated of its own accord at 2021-07-19T06:05:12Z.
...
