000 (2522101.050.000) 07/19 11:55:34 Job submitted from host: <188.185.70.244:9618?addrs=188.185.70.244-9618+[2001-1458-d00-7--100-2ee]-9618&alias=bigbird10.cern.ch&noUDP&sock=schedd_2037_ca81>
...
040 (2522101.050.000) 07/19 12:26:32 Started transferring input files
	Transferring to host: <128.142.56.86:9618?addrs=128.142.56.86-9618+[2001-1458-301-6--100-55]-9618&alias=b7s01p8345.cern.ch&noUDP&sock=slot1_28_54047_c02f_12769>
...
040 (2522101.050.000) 07/19 12:26:33 Finished transferring input files
...
001 (2522101.050.000) 07/19 12:26:33 Job executing on host: <128.142.56.86:9618?addrs=128.142.56.86-9618+[2001-1458-301-6--100-55]-9618&alias=b7s01p8345.cern.ch&noUDP&sock=startd_50926_9421>
...
006 (2522101.050.000) 07/19 12:26:41 Image size of job updated: 429148
	171  -  MemoryUsage of job (MB)
	174464  -  ResidentSetSize of job (KB)
...
006 (2522101.050.000) 07/19 12:31:41 Image size of job updated: 630292
	204  -  MemoryUsage of job (MB)
	208672  -  ResidentSetSize of job (KB)
...
006 (2522101.050.000) 07/19 13:01:43 Image size of job updated: 633420
	207  -  MemoryUsage of job (MB)
	211864  -  ResidentSetSize of job (KB)
...
006 (2522101.050.000) 07/19 13:06:44 Image size of job updated: 633420
	207  -  MemoryUsage of job (MB)
	211868  -  ResidentSetSize of job (KB)
...
006 (2522101.050.000) 07/19 13:11:44 Image size of job updated: 636704
	211  -  MemoryUsage of job (MB)
	215152  -  ResidentSetSize of job (KB)
...
006 (2522101.050.000) 07/19 13:26:46 Image size of job updated: 994480
	465  -  MemoryUsage of job (MB)
	475856  -  ResidentSetSize of job (KB)
...
006 (2522101.050.000) 07/19 14:06:49 Image size of job updated: 995176
	466  -  MemoryUsage of job (MB)
	476540  -  ResidentSetSize of job (KB)
...
040 (2522101.050.000) 07/19 14:13:19 Started transferring output files
...
040 (2522101.050.000) 07/19 14:13:19 Finished transferring output files
...
005 (2522101.050.000) 07/19 14:13:19 Job terminated.
	(1) Normal termination (return value 0)
		Usr 0 00:53:14, Sys 0 00:00:04  -  Run Remote Usage
		Usr 0 00:00:00, Sys 0 00:00:00  -  Run Local Usage
		Usr 0 00:53:14, Sys 0 00:00:04  -  Total Remote Usage
		Usr 0 00:00:00, Sys 0 00:00:00  -  Total Local Usage
	49448  -  Run Bytes Sent By Job
	55262812  -  Run Bytes Received By Job
	49448  -  Total Bytes Sent By Job
	55262812  -  Total Bytes Received By Job
	Partitionable Resources :     Usage  Request Allocated 
	   Cpus                 :      1.00        3         3 
	   Disk (KB)            : 214645       75000   1314525 
	   Memory (MB)          :    466        6000      6000 

	Job terminated of its own accord at 2021-07-19T12:13:19Z.
...
