000 (2521867.150.000) 07/19 07:46:08 Job submitted from host: <188.185.70.244:9618?addrs=188.185.70.244-9618+[2001-1458-d00-7--100-2ee]-9618&alias=bigbird10.cern.ch&noUDP&sock=schedd_2037_ca81>
...
040 (2521867.150.000) 07/19 07:49:36 Started transferring input files
	Transferring to host: <128.142.58.123:9618?addrs=128.142.58.123-9618+[2001-1458-301-16--100-7a]-9618&alias=b7s03p6926.cern.ch&noUDP&sock=slot1_11_6821_c2ee_10642>
...
040 (2521867.150.000) 07/19 07:49:36 Finished transferring input files
...
001 (2521867.150.000) 07/19 07:49:37 Job executing on host: <128.142.58.123:9618?addrs=128.142.58.123-9618+[2001-1458-301-16--100-7a]-9618&alias=b7s03p6926.cern.ch&noUDP&sock=startd_6371_8df7>
...
006 (2521867.150.000) 07/19 07:49:45 Image size of job updated: 268128
	190  -  MemoryUsage of job (MB)
	193884  -  ResidentSetSize of job (KB)
...
006 (2521867.150.000) 07/19 07:54:45 Image size of job updated: 811928
	289  -  MemoryUsage of job (MB)
	295108  -  ResidentSetSize of job (KB)
...
006 (2521867.150.000) 07/19 08:04:46 Image size of job updated: 812536
	289  -  MemoryUsage of job (MB)
	295700  -  ResidentSetSize of job (KB)
...
040 (2521867.150.000) 07/19 08:05:55 Started transferring output files
...
040 (2521867.150.000) 07/19 08:05:55 Finished transferring output files
...
005 (2521867.150.000) 07/19 08:05:55 Job terminated.
	(1) Normal termination (return value 0)
		Usr 0 00:12:53, Sys 0 00:00:02  -  Run Remote Usage
		Usr 0 00:00:00, Sys 0 00:00:00  -  Run Local Usage
		Usr 0 00:12:53, Sys 0 00:00:02  -  Total Remote Usage
		Usr 0 00:00:00, Sys 0 00:00:00  -  Total Local Usage
	49077  -  Run Bytes Sent By Job
	55262812  -  Run Bytes Received By Job
	49077  -  Total Bytes Sent By Job
	55262812  -  Total Bytes Received By Job
	Partitionable Resources :     Usage  Request Allocated 
	   Cpus                 :      1.00        3         3 
	   Disk (KB)            : 183326       75000   1312635 
	   Memory (MB)          :    289        6000      6000 

	Job terminated of its own accord at 2021-07-19T06:05:55Z.
...
