000 (2524871.054.000) 07/20 04:35:08 Job submitted from host: <188.185.70.244:9618?addrs=188.185.70.244-9618+[2001-1458-d00-7--100-2ee]-9618&alias=bigbird10.cern.ch&noUDP&sock=schedd_2037_ca81>
...
040 (2524871.054.000) 07/20 05:10:28 Started transferring input files
	Transferring to host: <128.142.56.98:9618?addrs=128.142.56.98-9618&alias=b7s01p3999.cern.ch&noUDP&sock=slot1_17_8228_1ec8_4053>
...
040 (2524871.054.000) 07/20 05:10:28 Finished transferring input files
...
001 (2524871.054.000) 07/20 05:10:28 Job executing on host: <128.142.56.98:9618?addrs=128.142.56.98-9618&alias=b7s01p3999.cern.ch&noUDP&sock=startd_6555_c364>
...
006 (2524871.054.000) 07/20 05:10:37 Image size of job updated: 598660
	178  -  MemoryUsage of job (MB)
	182060  -  ResidentSetSize of job (KB)
...
006 (2524871.054.000) 07/20 05:15:37 Image size of job updated: 631156
	205  -  MemoryUsage of job (MB)
	209468  -  ResidentSetSize of job (KB)
...
006 (2524871.054.000) 07/20 05:25:38 Image size of job updated: 631156
	356  -  MemoryUsage of job (MB)
	364252  -  ResidentSetSize of job (KB)
...
006 (2524871.054.000) 07/20 05:30:38 Image size of job updated: 881796
	356  -  MemoryUsage of job (MB)
	364252  -  ResidentSetSize of job (KB)
...
040 (2524871.054.000) 07/20 05:48:25 Started transferring output files
...
040 (2524871.054.000) 07/20 05:48:25 Finished transferring output files
...
005 (2524871.054.000) 07/20 05:48:25 Job terminated.
	(1) Normal termination (return value 0)
		Usr 0 00:24:30, Sys 0 00:00:03  -  Run Remote Usage
		Usr 0 00:00:00, Sys 0 00:00:00  -  Run Local Usage
		Usr 0 00:24:30, Sys 0 00:00:03  -  Total Remote Usage
		Usr 0 00:00:00, Sys 0 00:00:00  -  Total Local Usage
	50565  -  Run Bytes Sent By Job
	55262812  -  Run Bytes Received By Job
	50565  -  Total Bytes Sent By Job
	55262812  -  Total Bytes Received By Job
	Partitionable Resources :     Usage  Request Allocated 
	   Cpus                 :      1.00        3         3 
	   Disk (KB)            : 192886       75000   1366820 
	   Memory (MB)          :    356        6000      6000 

	Job terminated of its own accord at 2021-07-20T03:48:25Z.
...
