000 (2522101.206.000) 07/19 11:55:34 Job submitted from host: <188.185.70.244:9618?addrs=188.185.70.244-9618+[2001-1458-d00-7--100-2ee]-9618&alias=bigbird10.cern.ch&noUDP&sock=schedd_2037_ca81>
...
040 (2522101.206.000) 07/19 13:13:31 Started transferring input files
	Transferring to host: <128.142.56.30:9618?addrs=128.142.56.30-9618+[2001-1458-301-6--100-1d]-9618&alias=b7s01p7773.cern.ch&noUDP&sock=slot1_27_6811_b72e_10285>
...
040 (2522101.206.000) 07/19 13:13:31 Finished transferring input files
...
001 (2522101.206.000) 07/19 13:13:31 Job executing on host: <128.142.56.30:9618?addrs=128.142.56.30-9618+[2001-1458-301-6--100-1d]-9618&alias=b7s01p7773.cern.ch&noUDP&sock=startd_6359_52d4>
...
006 (2522101.206.000) 07/19 13:13:40 Image size of job updated: 591296
	185  -  MemoryUsage of job (MB)
	189080  -  ResidentSetSize of job (KB)
...
006 (2522101.206.000) 07/19 13:18:40 Image size of job updated: 817100
	297  -  MemoryUsage of job (MB)
	303328  -  ResidentSetSize of job (KB)
...
006 (2522101.206.000) 07/19 13:28:41 Image size of job updated: 817632
	297  -  MemoryUsage of job (MB)
	303924  -  ResidentSetSize of job (KB)
...
040 (2522101.206.000) 07/19 13:28:47 Started transferring output files
...
040 (2522101.206.000) 07/19 13:28:47 Finished transferring output files
...
005 (2522101.206.000) 07/19 13:28:47 Job terminated.
	(1) Normal termination (return value 0)
		Usr 0 00:14:21, Sys 0 00:00:01  -  Run Remote Usage
		Usr 0 00:00:00, Sys 0 00:00:00  -  Run Local Usage
		Usr 0 00:14:21, Sys 0 00:00:01  -  Total Remote Usage
		Usr 0 00:00:00, Sys 0 00:00:00  -  Total Local Usage
	50365  -  Run Bytes Sent By Job
	55262812  -  Run Bytes Received By Job
	50365  -  Total Bytes Sent By Job
	55262812  -  Total Bytes Received By Job
	Partitionable Resources :     Usage  Request Allocated 
	   Cpus                 :      1.00        3         3 
	   Disk (KB)            : 184137       75000   1282602 
	   Memory (MB)          :    297        6000      6000 

	Job terminated of its own accord at 2021-07-19T11:28:47Z.
...
