000 (2536881.037.000) 07/22 03:18:13 Job submitted from host: <188.185.70.244:9618?addrs=188.185.70.244-9618+[2001-1458-d00-7--100-2ee]-9618&alias=bigbird10.cern.ch&noUDP&sock=schedd_2037_ca81>
...
040 (2536881.037.000) 07/22 03:25:15 Started transferring input files
	Transferring to host: <128.142.77.38:9618?addrs=128.142.77.38-9618+[2001-1458-301-f4--100-3a1]-9618&alias=b7s12n9531.cern.ch&noUDP&sock=slot1_2_32194_55d6_120863>
...
040 (2536881.037.000) 07/22 03:25:16 Finished transferring input files
...
001 (2536881.037.000) 07/22 03:25:16 Job executing on host: <128.142.77.38:9618?addrs=128.142.77.38-9618+[2001-1458-301-f4--100-3a1]-9618&alias=b7s12n9531.cern.ch&noUDP&sock=startd_16412_d86b>
...
006 (2536881.037.000) 07/22 03:25:24 Image size of job updated: 812844
	19  -  MemoryUsage of job (MB)
	18448  -  ResidentSetSize of job (KB)
...
006 (2536881.037.000) 07/22 03:30:24 Image size of job updated: 812844
	209  -  MemoryUsage of job (MB)
	213632  -  ResidentSetSize of job (KB)
...
006 (2536881.037.000) 07/22 03:35:25 Image size of job updated: 812844
	209  -  MemoryUsage of job (MB)
	213640  -  ResidentSetSize of job (KB)
...
006 (2536881.037.000) 07/22 05:35:36 Image size of job updated: 916104
	394  -  MemoryUsage of job (MB)
	402440  -  ResidentSetSize of job (KB)
...
040 (2536881.037.000) 07/22 06:12:49 Started transferring output files
...
040 (2536881.037.000) 07/22 06:12:50 Finished transferring output files
...
005 (2536881.037.000) 07/22 06:12:50 Job terminated.
	(1) Normal termination (return value 0)
		Usr 0 00:41:37, Sys 0 00:00:05  -  Run Remote Usage
		Usr 0 00:00:00, Sys 0 00:00:00  -  Run Local Usage
		Usr 0 00:41:37, Sys 0 00:00:05  -  Total Remote Usage
		Usr 0 00:00:00, Sys 0 00:00:00  -  Total Local Usage
	45796  -  Run Bytes Sent By Job
	55262812  -  Run Bytes Received By Job
	45796  -  Total Bytes Sent By Job
	55262812  -  Total Bytes Received By Job
	Partitionable Resources :     Usage  Request Allocated 
	   Cpus                 :      1.00        3         3 
	   Disk (KB)            : 199196       75000    241565 
	   Memory (MB)          :    394        6000      6000 

	Job terminated of its own accord at 2021-07-22T04:12:49Z.
...
