000 (2524617.156.000) 07/20 01:52:27 Job submitted from host: <188.185.70.244:9618?addrs=188.185.70.244-9618+[2001-1458-d00-7--100-2ee]-9618&alias=bigbird10.cern.ch&noUDP&sock=schedd_2037_ca81>
...
040 (2524617.156.000) 07/20 02:01:21 Started transferring input files
	Transferring to host: <188.184.211.58:9618?addrs=188.184.211.58-9618+[2001-1458-301-10b--100-60]-9618&alias=b7g23n7734.cern.ch&noUDP&sock=slot1_2_10442_1562_119176>
...
040 (2524617.156.000) 07/20 02:01:21 Finished transferring input files
...
001 (2524617.156.000) 07/20 02:01:21 Job executing on host: <188.184.211.58:9618?addrs=188.184.211.58-9618+[2001-1458-301-10b--100-60]-9618&alias=b7g23n7734.cern.ch&noUDP&sock=startd_24288_2054>
...
006 (2524617.156.000) 07/20 02:01:30 Image size of job updated: 27560
	11  -  MemoryUsage of job (MB)
	10392  -  ResidentSetSize of job (KB)
...
006 (2524617.156.000) 07/20 02:06:30 Image size of job updated: 823032
	300  -  MemoryUsage of job (MB)
	306288  -  ResidentSetSize of job (KB)
...
006 (2524617.156.000) 07/20 02:26:33 Image size of job updated: 823536
	300  -  MemoryUsage of job (MB)
	306868  -  ResidentSetSize of job (KB)
...
040 (2524617.156.000) 07/20 02:33:07 Started transferring output files
...
040 (2524617.156.000) 07/20 02:33:07 Finished transferring output files
...
005 (2524617.156.000) 07/20 02:33:07 Job terminated.
	(1) Normal termination (return value 0)
		Usr 0 00:28:23, Sys 0 00:00:03  -  Run Remote Usage
		Usr 0 00:00:00, Sys 0 00:00:00  -  Run Local Usage
		Usr 0 00:28:23, Sys 0 00:00:03  -  Total Remote Usage
		Usr 0 00:00:00, Sys 0 00:00:00  -  Total Local Usage
	49773  -  Run Bytes Sent By Job
	55262812  -  Run Bytes Received By Job
	49773  -  Total Bytes Sent By Job
	55262812  -  Total Bytes Received By Job
	Partitionable Resources :     Usage  Request Allocated 
	   Cpus                 :      1.00        3         3 
	   Disk (KB)            : 185253       75000    345887 
	   Memory (MB)          :    300        6000      6000 

	Job terminated of its own accord at 2021-07-20T00:33:06Z.
...
