000 (2534572.197.000) 07/21 23:44:26 Job submitted from host: <188.185.70.244:9618?addrs=188.185.70.244-9618+[2001-1458-d00-7--100-2ee]-9618&alias=bigbird10.cern.ch&noUDP&sock=schedd_2037_ca81>
...
040 (2534572.197.000) 07/21 23:50:58 Started transferring input files
	Transferring to host: <128.142.58.129:9618?addrs=128.142.58.129-9618+[2001-1458-301-16--100-80]-9618&alias=b7s03p5124.cern.ch&noUDP&sock=slot1_2_7585_118e_14128>
...
040 (2534572.197.000) 07/21 23:50:58 Finished transferring input files
...
001 (2534572.197.000) 07/21 23:50:58 Job executing on host: <128.142.58.129:9618?addrs=128.142.58.129-9618+[2001-1458-301-16--100-80]-9618&alias=b7s03p5124.cern.ch&noUDP&sock=startd_7129_7ac1>
...
006 (2534572.197.000) 07/21 23:51:08 Image size of job updated: 1067548
	177  -  MemoryUsage of job (MB)
	181176  -  ResidentSetSize of job (KB)
...
006 (2534572.197.000) 07/21 23:56:08 Image size of job updated: 1067548
	205  -  MemoryUsage of job (MB)
	209604  -  ResidentSetSize of job (KB)
...
006 (2534572.197.000) 07/22 00:36:12 Image size of job updated: 1067548
	300  -  MemoryUsage of job (MB)
	306260  -  ResidentSetSize of job (KB)
...
040 (2534572.197.000) 07/22 00:46:06 Started transferring output files
...
040 (2534572.197.000) 07/22 00:46:06 Finished transferring output files
...
005 (2534572.197.000) 07/22 00:46:06 Job terminated.
	(1) Normal termination (return value 0)
		Usr 0 00:15:07, Sys 0 00:00:02  -  Run Remote Usage
		Usr 0 00:00:00, Sys 0 00:00:00  -  Run Local Usage
		Usr 0 00:15:07, Sys 0 00:00:02  -  Total Remote Usage
		Usr 0 00:00:00, Sys 0 00:00:00  -  Total Local Usage
	43778  -  Run Bytes Sent By Job
	55262812  -  Run Bytes Received By Job
	43778  -  Total Bytes Sent By Job
	55262812  -  Total Bytes Received By Job
	Partitionable Resources :     Usage  Request Allocated 
	   Cpus                 :      1.00        3         3 
	   Disk (KB)            : 184651       75000   1227971 
	   Memory (MB)          :    300        6000      6000 

	Job terminated of its own accord at 2021-07-21T22:46:06Z.
...
