000 (2556073.010.000) 07/27 10:23:23 Job submitted from host: <188.185.70.244:9618?addrs=188.185.70.244-9618+[2001-1458-d00-7--100-2ee]-9618&alias=bigbird10.cern.ch&noUDP&sock=schedd_2037_ca81>
...
040 (2556073.010.000) 07/27 10:25:39 Started transferring input files
	Transferring to host: <128.142.56.157:9618?addrs=128.142.56.157-9618+[2001-1458-301-6--100-9c]-9618&alias=b7s01p2071.cern.ch&noUDP&sock=slot1_21_4037_2e7d_24934>
...
040 (2556073.010.000) 07/27 10:25:40 Finished transferring input files
...
001 (2556073.010.000) 07/27 10:25:40 Job executing on host: <128.142.56.157:9618?addrs=128.142.56.157-9618+[2001-1458-301-6--100-9c]-9618&alias=b7s01p2071.cern.ch&noUDP&sock=startd_3994_2159>
...
006 (2556073.010.000) 07/27 10:25:49 Image size of job updated: 558052
	205  -  MemoryUsage of job (MB)
	209636  -  ResidentSetSize of job (KB)
...
006 (2556073.010.000) 07/27 10:30:50 Image size of job updated: 786200
	267  -  MemoryUsage of job (MB)
	272416  -  ResidentSetSize of job (KB)
...
006 (2556073.010.000) 07/27 10:35:50 Image size of job updated: 786796
	267  -  MemoryUsage of job (MB)
	272988  -  ResidentSetSize of job (KB)
...
040 (2556073.010.000) 07/27 10:35:57 Started transferring output files
...
040 (2556073.010.000) 07/27 10:35:57 Finished transferring output files
...
005 (2556073.010.000) 07/27 10:35:57 Job terminated.
	(1) Normal termination (return value 0)
		Usr 0 00:09:58, Sys 0 00:00:02  -  Run Remote Usage
		Usr 0 00:00:00, Sys 0 00:00:00  -  Run Local Usage
		Usr 0 00:09:58, Sys 0 00:00:02  -  Total Remote Usage
		Usr 0 00:00:00, Sys 0 00:00:00  -  Total Local Usage
	51188  -  Run Bytes Sent By Job
	55262880  -  Run Bytes Received By Job
	51188  -  Total Bytes Sent By Job
	55262880  -  Total Bytes Received By Job
	Partitionable Resources :     Usage  Request Allocated 
	   Cpus                 :      1.00        3         3 
	   Disk (KB)            : 182240       75000   1254603 
	   Memory (MB)          :    267        6000      6000 

	Job terminated of its own accord at 2021-07-27T08:35:57Z.
...
