000 (2521842.107.000) 07/19 05:55:55 Job submitted from host: <188.185.70.244:9618?addrs=188.185.70.244-9618+[2001-1458-d00-7--100-2ee]-9618&alias=bigbird10.cern.ch&noUDP&sock=schedd_2037_ca81>
...
040 (2521842.107.000) 07/19 06:01:33 Started transferring input files
	Transferring to host: <128.142.58.16:9618?addrs=128.142.58.16-9618+[2001-1458-301-16--100-f]-9618&alias=b7s03p1131.cern.ch&noUDP&sock=slot1_10_6656_8108_12082>
...
040 (2521842.107.000) 07/19 06:01:34 Finished transferring input files
...
001 (2521842.107.000) 07/19 06:01:34 Job executing on host: <128.142.58.16:9618?addrs=128.142.58.16-9618+[2001-1458-301-16--100-f]-9618&alias=b7s03p1131.cern.ch&noUDP&sock=startd_6192_c683>
...
006 (2521842.107.000) 07/19 06:01:43 Image size of job updated: 521760
	209  -  MemoryUsage of job (MB)
	213416  -  ResidentSetSize of job (KB)
...
006 (2521842.107.000) 07/19 06:06:44 Image size of job updated: 823036
	302  -  MemoryUsage of job (MB)
	309044  -  ResidentSetSize of job (KB)
...
006 (2521842.107.000) 07/19 06:16:44 Image size of job updated: 823556
	303  -  MemoryUsage of job (MB)
	309712  -  ResidentSetSize of job (KB)
...
040 (2521842.107.000) 07/19 06:17:53 Started transferring output files
...
040 (2521842.107.000) 07/19 06:17:53 Finished transferring output files
...
005 (2521842.107.000) 07/19 06:17:53 Job terminated.
	(1) Normal termination (return value 0)
		Usr 0 00:16:11, Sys 0 00:00:02  -  Run Remote Usage
		Usr 0 00:00:00, Sys 0 00:00:00  -  Run Local Usage
		Usr 0 00:16:11, Sys 0 00:00:02  -  Total Remote Usage
		Usr 0 00:00:00, Sys 0 00:00:00  -  Total Local Usage
	49356  -  Run Bytes Sent By Job
	55262812  -  Run Bytes Received By Job
	49356  -  Total Bytes Sent By Job
	55262812  -  Total Bytes Received By Job
	Partitionable Resources :     Usage  Request Allocated 
	   Cpus                 :      1.00        3         3 
	   Disk (KB)            : 184445       75000   1291663 
	   Memory (MB)          :    303        6000      6000 

	Job terminated of its own accord at 2021-07-19T04:17:53Z.
...
