000 (2534572.144.000) 07/21 23:44:26 Job submitted from host: <188.185.70.244:9618?addrs=188.185.70.244-9618+[2001-1458-d00-7--100-2ee]-9618&alias=bigbird10.cern.ch&noUDP&sock=schedd_2037_ca81>
...
040 (2534572.144.000) 07/21 23:50:55 Started transferring input files
	Transferring to host: <188.184.197.87:9618?addrs=188.184.197.87-9618+[2001-1458-301-103--100-146]-9618&alias=b7g23n2558.cern.ch&noUDP&sock=slot1_1_24005_71a9_117539>
...
001 (2534572.144.000) 07/21 23:50:56 Job executing on host: <188.184.197.87:9618?addrs=188.184.197.87-9618+[2001-1458-301-103--100-146]-9618&alias=b7g23n2558.cern.ch&noUDP&sock=startd_18826_a60a>
...
040 (2534572.144.000) 07/21 23:50:56 Finished transferring input files
...
006 (2534572.144.000) 07/21 23:51:05 Image size of job updated: 401636
	37  -  MemoryUsage of job (MB)
	37800  -  ResidentSetSize of job (KB)
...
006 (2534572.144.000) 07/21 23:56:07 Image size of job updated: 626844
	201  -  MemoryUsage of job (MB)
	205344  -  ResidentSetSize of job (KB)
...
006 (2534572.144.000) 07/22 00:41:11 Image size of job updated: 797704
	274  -  MemoryUsage of job (MB)
	280300  -  ResidentSetSize of job (KB)
...
006 (2534572.144.000) 07/22 00:54:35 Image size of job updated: 798308
	274  -  MemoryUsage of job (MB)
	280300  -  ResidentSetSize of job (KB)
...
040 (2534572.144.000) 07/22 00:54:35 Started transferring output files
...
040 (2534572.144.000) 07/22 00:54:35 Finished transferring output files
...
005 (2534572.144.000) 07/22 00:54:35 Job terminated.
	(1) Normal termination (return value 0)
		Usr 0 00:14:49, Sys 0 00:00:03  -  Run Remote Usage
		Usr 0 00:00:00, Sys 0 00:00:00  -  Run Local Usage
		Usr 0 00:14:49, Sys 0 00:00:03  -  Total Remote Usage
		Usr 0 00:00:00, Sys 0 00:00:00  -  Total Local Usage
	45545  -  Run Bytes Sent By Job
	55262812  -  Run Bytes Received By Job
	45545  -  Total Bytes Sent By Job
	55262812  -  Total Bytes Received By Job
	Partitionable Resources :     Usage  Request Allocated 
	   Cpus                 :      1.00        3         3 
	   Disk (KB)            : 180744       75000    352091 
	   Memory (MB)          :    274        6000      6000 

	Job terminated of its own accord at 2021-07-21T22:54:35Z.
...
