000 (2536881.097.000) 07/22 03:18:13 Job submitted from host: <188.185.70.244:9618?addrs=188.185.70.244-9618+[2001-1458-d00-7--100-2ee]-9618&alias=bigbird10.cern.ch&noUDP&sock=schedd_2037_ca81>
...
040 (2536881.097.000) 07/22 03:25:30 Started transferring input files
	Transferring to host: <128.142.56.133:9618?addrs=128.142.56.133-9618+[2001-1458-301-6--100-84]-9618&alias=b7s01p5770.cern.ch&noUDP&sock=slot1_3_49015_4062_15547>
...
040 (2536881.097.000) 07/22 03:25:30 Finished transferring input files
...
001 (2536881.097.000) 07/22 03:25:30 Job executing on host: <128.142.56.133:9618?addrs=128.142.56.133-9618+[2001-1458-301-6--100-84]-9618&alias=b7s01p5770.cern.ch&noUDP&sock=startd_45914_c375>
...
006 (2536881.097.000) 07/22 03:25:39 Image size of job updated: 419716
	76  -  MemoryUsage of job (MB)
	76868  -  ResidentSetSize of job (KB)
...
006 (2536881.097.000) 07/22 03:30:39 Image size of job updated: 635636
	209  -  MemoryUsage of job (MB)
	213636  -  ResidentSetSize of job (KB)
...
006 (2536881.097.000) 07/22 03:35:39 Image size of job updated: 635636
	209  -  MemoryUsage of job (MB)
	213640  -  ResidentSetSize of job (KB)
...
006 (2536881.097.000) 07/22 05:20:48 Image size of job updated: 916200
	394  -  MemoryUsage of job (MB)
	402808  -  ResidentSetSize of job (KB)
...
040 (2536881.097.000) 07/22 05:57:45 Started transferring output files
...
040 (2536881.097.000) 07/22 05:57:45 Finished transferring output files
...
005 (2536881.097.000) 07/22 05:57:45 Job terminated.
	(1) Normal termination (return value 0)
		Usr 0 00:40:56, Sys 0 00:00:04  -  Run Remote Usage
		Usr 0 00:00:00, Sys 0 00:00:00  -  Run Local Usage
		Usr 0 00:40:56, Sys 0 00:00:04  -  Total Remote Usage
		Usr 0 00:00:00, Sys 0 00:00:00  -  Total Local Usage
	45194  -  Run Bytes Sent By Job
	55262812  -  Run Bytes Received By Job
	45194  -  Total Bytes Sent By Job
	55262812  -  Total Bytes Received By Job
	Partitionable Resources :     Usage  Request Allocated 
	   Cpus                 :      1.00        3         3 
	   Disk (KB)            : 199215       75000   1204511 
	   Memory (MB)          :    394        6000      6000 

	Job terminated of its own accord at 2021-07-22T03:57:44Z.
...
