000 (2521876.215.000) 07/19 08:46:26 Job submitted from host: <188.185.70.244:9618?addrs=188.185.70.244-9618+[2001-1458-d00-7--100-2ee]-9618&alias=bigbird10.cern.ch&noUDP&sock=schedd_2037_ca81>
...
040 (2521876.215.000) 07/19 10:40:03 Started transferring input files
	Transferring to host: <128.142.77.97:9618?addrs=128.142.77.97-9618+[2001-1458-301-f4--100-62a]-9618&alias=b7s12n2505.cern.ch&noUDP&sock=slot1_10_5726_3c22_74221>
...
040 (2521876.215.000) 07/19 10:40:04 Finished transferring input files
...
001 (2521876.215.000) 07/19 10:40:04 Job executing on host: <128.142.77.97:9618?addrs=128.142.77.97-9618+[2001-1458-301-f4--100-62a]-9618&alias=b7s12n2505.cern.ch&noUDP&sock=startd_4650_177a>
...
006 (2521876.215.000) 07/19 10:40:12 Image size of job updated: 406944
	28  -  MemoryUsage of job (MB)
	28604  -  ResidentSetSize of job (KB)
...
006 (2521876.215.000) 07/19 10:45:12 Image size of job updated: 627372
	202  -  MemoryUsage of job (MB)
	205876  -  ResidentSetSize of job (KB)
...
006 (2521876.215.000) 07/19 10:55:14 Image size of job updated: 793332
	270  -  MemoryUsage of job (MB)
	275984  -  ResidentSetSize of job (KB)
...
006 (2521876.215.000) 07/19 11:09:14 Image size of job updated: 793832
	270  -  MemoryUsage of job (MB)
	275984  -  ResidentSetSize of job (KB)
...
040 (2521876.215.000) 07/19 11:09:14 Started transferring output files
...
040 (2521876.215.000) 07/19 11:09:14 Finished transferring output files
...
005 (2521876.215.000) 07/19 11:09:14 Job terminated.
	(1) Normal termination (return value 0)
		Usr 0 00:17:34, Sys 0 00:00:02  -  Run Remote Usage
		Usr 0 00:00:00, Sys 0 00:00:00  -  Run Local Usage
		Usr 0 00:17:34, Sys 0 00:00:02  -  Total Remote Usage
		Usr 0 00:00:00, Sys 0 00:00:00  -  Total Local Usage
	53091  -  Run Bytes Sent By Job
	55262812  -  Run Bytes Received By Job
	53091  -  Total Bytes Sent By Job
	55262812  -  Total Bytes Received By Job
	Partitionable Resources :     Usage  Request Allocated 
	   Cpus                 :      1.00        3         3 
	   Disk (KB)            : 179932       75000    275850 
	   Memory (MB)          :    270        6000      6000 

	Job terminated of its own accord at 2021-07-19T09:09:14Z.
...
