000 (2524871.032.000) 07/20 04:35:08 Job submitted from host: <188.185.70.244:9618?addrs=188.185.70.244-9618+[2001-1458-d00-7--100-2ee]-9618&alias=bigbird10.cern.ch&noUDP&sock=schedd_2037_ca81>
...
040 (2524871.032.000) 07/20 05:00:59 Started transferring input files
	Transferring to host: <128.142.161.74:9618?addrs=128.142.161.74-9618&alias=b7g03p8942.cern.ch&noUDP&sock=slot1_36_3950_e1da_86962>
...
040 (2524871.032.000) 07/20 05:01:00 Finished transferring input files
...
001 (2524871.032.000) 07/20 05:01:00 Job executing on host: <128.142.161.74:9618?addrs=128.142.161.74-9618&alias=b7g03p8942.cern.ch&noUDP&sock=startd_3002_b366>
...
006 (2524871.032.000) 07/20 05:01:09 Image size of job updated: 673676
	198  -  MemoryUsage of job (MB)
	202520  -  ResidentSetSize of job (KB)
...
006 (2524871.032.000) 07/20 05:06:11 Image size of job updated: 673676
	210  -  MemoryUsage of job (MB)
	214300  -  ResidentSetSize of job (KB)
...
006 (2524871.032.000) 07/20 05:56:14 Image size of job updated: 892720
	371  -  MemoryUsage of job (MB)
	379276  -  ResidentSetSize of job (KB)
...
040 (2524871.032.000) 07/20 06:21:21 Started transferring output files
...
040 (2524871.032.000) 07/20 06:21:22 Finished transferring output files
...
005 (2524871.032.000) 07/20 06:21:23 Job terminated.
	(1) Normal termination (return value 0)
		Usr 0 00:30:10, Sys 0 00:00:07  -  Run Remote Usage
		Usr 0 00:00:00, Sys 0 00:00:00  -  Run Local Usage
		Usr 0 00:30:10, Sys 0 00:00:07  -  Total Remote Usage
		Usr 0 00:00:00, Sys 0 00:00:00  -  Total Local Usage
	52137  -  Run Bytes Sent By Job
	55262812  -  Run Bytes Received By Job
	52137  -  Total Bytes Sent By Job
	55262812  -  Total Bytes Received By Job
	Partitionable Resources :     Usage  Request Allocated 
	   Cpus                 :      1.00        3         3 
	   Disk (KB)            : 194742       75000   1347529 
	   Memory (MB)          :    371        6000      6000 

	Job terminated of its own accord at 2021-07-20T04:21:21Z.
...
