000 (2524871.222.000) 07/20 04:35:08 Job submitted from host: <188.185.70.244:9618?addrs=188.185.70.244-9618+[2001-1458-d00-7--100-2ee]-9618&alias=bigbird10.cern.ch&noUDP&sock=schedd_2037_ca81>
...
040 (2524871.222.000) 07/20 05:32:02 Started transferring input files
	Transferring to host: <128.142.58.50:9618?addrs=128.142.58.50-9618+[2001-1458-301-16--100-31]-9618&alias=b7s03p1701.cern.ch&noUDP&sock=slot1_10_4115_23c0_13623>
...
040 (2524871.222.000) 07/20 05:32:03 Finished transferring input files
...
001 (2524871.222.000) 07/20 05:32:03 Job executing on host: <128.142.58.50:9618?addrs=128.142.58.50-9618+[2001-1458-301-16--100-31]-9618&alias=b7s03p1701.cern.ch&noUDP&sock=startd_3644_0f33>
...
006 (2524871.222.000) 07/20 05:32:11 Image size of job updated: 164012
	102  -  MemoryUsage of job (MB)
	104012  -  ResidentSetSize of job (KB)
...
006 (2524871.222.000) 07/20 05:37:11 Image size of job updated: 802300
	279  -  MemoryUsage of job (MB)
	284884  -  ResidentSetSize of job (KB)
...
006 (2524871.222.000) 07/20 05:45:28 Image size of job updated: 802740
	279  -  MemoryUsage of job (MB)
	284884  -  ResidentSetSize of job (KB)
...
040 (2524871.222.000) 07/20 05:45:28 Started transferring output files
...
040 (2524871.222.000) 07/20 05:45:29 Finished transferring output files
...
005 (2524871.222.000) 07/20 05:45:29 Job terminated.
	(1) Normal termination (return value 0)
		Usr 0 00:13:14, Sys 0 00:00:02  -  Run Remote Usage
		Usr 0 00:00:00, Sys 0 00:00:00  -  Run Local Usage
		Usr 0 00:13:14, Sys 0 00:00:02  -  Total Remote Usage
		Usr 0 00:00:00, Sys 0 00:00:00  -  Total Local Usage
	51925  -  Run Bytes Sent By Job
	55262812  -  Run Bytes Received By Job
	51925  -  Total Bytes Sent By Job
	55262812  -  Total Bytes Received By Job
	Partitionable Resources :     Usage  Request Allocated 
	   Cpus                 :      1.00        3         3 
	   Disk (KB)            : 181500       75000   1256238 
	   Memory (MB)          :    279        6000      6000 

	Job terminated of its own accord at 2021-07-20T03:45:28Z.
...
