000 (2522101.155.000) 07/19 11:55:34 Job submitted from host: <188.185.70.244:9618?addrs=188.185.70.244-9618+[2001-1458-d00-7--100-2ee]-9618&alias=bigbird10.cern.ch&noUDP&sock=schedd_2037_ca81>
...
040 (2522101.155.000) 07/19 12:56:09 Started transferring input files
	Transferring to host: <128.142.57.34:9618?addrs=128.142.57.34-9618+[2001-1458-301-7--100-21]-9618&alias=b7s02p9579.cern.ch&noUDP&sock=slot1_1_6722_01ca_13191>
...
040 (2522101.155.000) 07/19 12:56:10 Finished transferring input files
...
001 (2522101.155.000) 07/19 12:56:10 Job executing on host: <128.142.57.34:9618?addrs=128.142.57.34-9618+[2001-1458-301-7--100-21]-9618&alias=b7s02p9579.cern.ch&noUDP&sock=startd_6267_381e>
...
006 (2522101.155.000) 07/19 12:56:18 Image size of job updated: 585864
	181  -  MemoryUsage of job (MB)
	184456  -  ResidentSetSize of job (KB)
...
006 (2522101.155.000) 07/19 13:01:18 Image size of job updated: 832436
	308  -  MemoryUsage of job (MB)
	314964  -  ResidentSetSize of job (KB)
...
006 (2522101.155.000) 07/19 13:16:20 Image size of job updated: 832868
	309  -  MemoryUsage of job (MB)
	315536  -  ResidentSetSize of job (KB)
...
040 (2522101.155.000) 07/19 13:17:42 Started transferring output files
...
040 (2522101.155.000) 07/19 13:17:42 Finished transferring output files
...
005 (2522101.155.000) 07/19 13:17:42 Job terminated.
	(1) Normal termination (return value 0)
		Usr 0 00:19:03, Sys 0 00:00:02  -  Run Remote Usage
		Usr 0 00:00:00, Sys 0 00:00:00  -  Run Local Usage
		Usr 0 00:19:03, Sys 0 00:00:02  -  Total Remote Usage
		Usr 0 00:00:00, Sys 0 00:00:00  -  Total Local Usage
	48043  -  Run Bytes Sent By Job
	55262812  -  Run Bytes Received By Job
	48043  -  Total Bytes Sent By Job
	55262812  -  Total Bytes Received By Job
	Partitionable Resources :     Usage  Request Allocated 
	   Cpus                 :      1.00        3         3 
	   Disk (KB)            : 187022       75000   1251766 
	   Memory (MB)          :    309        6000      6000 

	Job terminated of its own accord at 2021-07-19T11:17:42Z.
...
