000 (2534572.190.000) 07/21 23:44:26 Job submitted from host: <188.185.70.244:9618?addrs=188.185.70.244-9618+[2001-1458-d00-7--100-2ee]-9618&alias=bigbird10.cern.ch&noUDP&sock=schedd_2037_ca81>
...
040 (2534572.190.000) 07/21 23:50:55 Started transferring input files
	Transferring to host: <128.142.57.150:9618?addrs=128.142.57.150-9618+[2001-1458-301-7--100-95]-9618&alias=b7s02p4914.cern.ch&noUDP&sock=slot1_1_6533_d6e3_17212>
...
040 (2534572.190.000) 07/21 23:50:56 Finished transferring input files
...
001 (2534572.190.000) 07/21 23:50:56 Job executing on host: <128.142.57.150:9618?addrs=128.142.57.150-9618+[2001-1458-301-7--100-95]-9618&alias=b7s02p4914.cern.ch&noUDP&sock=startd_6072_7726>
...
006 (2534572.190.000) 07/21 23:51:04 Image size of job updated: 531088
	109  -  MemoryUsage of job (MB)
	111508  -  ResidentSetSize of job (KB)
...
006 (2534572.190.000) 07/21 23:56:04 Image size of job updated: 626832
	201  -  MemoryUsage of job (MB)
	205340  -  ResidentSetSize of job (KB)
...
006 (2534572.190.000) 07/22 00:11:05 Image size of job updated: 626832
	201  -  MemoryUsage of job (MB)
	205344  -  ResidentSetSize of job (KB)
...
006 (2534572.190.000) 07/22 00:41:09 Image size of job updated: 814712
	291  -  MemoryUsage of job (MB)
	297416  -  ResidentSetSize of job (KB)
...
006 (2534572.190.000) 07/22 00:46:09 Image size of job updated: 815408
	292  -  MemoryUsage of job (MB)
	298096  -  ResidentSetSize of job (KB)
...
040 (2534572.190.000) 07/22 00:48:26 Started transferring output files
...
040 (2534572.190.000) 07/22 00:48:27 Finished transferring output files
...
005 (2534572.190.000) 07/22 00:48:27 Job terminated.
	(1) Normal termination (return value 0)
		Usr 0 00:11:42, Sys 0 00:00:02  -  Run Remote Usage
		Usr 0 00:00:00, Sys 0 00:00:00  -  Run Local Usage
		Usr 0 00:11:42, Sys 0 00:00:02  -  Total Remote Usage
		Usr 0 00:00:00, Sys 0 00:00:00  -  Total Local Usage
	47637  -  Run Bytes Sent By Job
	55262812  -  Run Bytes Received By Job
	47637  -  Total Bytes Sent By Job
	55262812  -  Total Bytes Received By Job
	Partitionable Resources :     Usage  Request Allocated 
	   Cpus                 :      1.00        3         3 
	   Disk (KB)            : 183860       75000   1156272 
	   Memory (MB)          :    292        6000      6000 

	Job terminated of its own accord at 2021-07-21T22:48:26Z.
...
