000 (2556074.014.000) 07/27 10:23:52 Job submitted from host: <188.185.70.244:9618?addrs=188.185.70.244-9618+[2001-1458-d00-7--100-2ee]-9618&alias=bigbird10.cern.ch&noUDP&sock=schedd_2037_ca81>
...
040 (2556074.014.000) 07/27 10:30:19 Started transferring input files
	Transferring to host: <128.142.58.32:9618?addrs=128.142.58.32-9618+[2001-1458-301-16--100-1f]-9618&alias=b7s03p2844.cern.ch&noUDP&sock=slot1_14_6692_de89_20519>
...
040 (2556074.014.000) 07/27 10:30:19 Finished transferring input files
...
001 (2556074.014.000) 07/27 10:30:20 Job executing on host: <128.142.58.32:9618?addrs=128.142.58.32-9618+[2001-1458-301-16--100-1f]-9618&alias=b7s03p2844.cern.ch&noUDP&sock=startd_6233_e5e5>
...
006 (2556074.014.000) 07/27 10:30:29 Image size of job updated: 242904
	165  -  MemoryUsage of job (MB)
	168076  -  ResidentSetSize of job (KB)
...
006 (2556074.014.000) 07/27 10:35:30 Image size of job updated: 631916
	205  -  MemoryUsage of job (MB)
	209692  -  ResidentSetSize of job (KB)
...
006 (2556074.014.000) 07/27 10:40:31 Image size of job updated: 786064
	266  -  MemoryUsage of job (MB)
	272332  -  ResidentSetSize of job (KB)
...
006 (2556074.014.000) 07/27 10:44:55 Image size of job updated: 786744
	266  -  MemoryUsage of job (MB)
	272332  -  ResidentSetSize of job (KB)
...
040 (2556074.014.000) 07/27 10:44:55 Started transferring output files
...
040 (2556074.014.000) 07/27 10:44:55 Finished transferring output files
...
005 (2556074.014.000) 07/27 10:44:55 Job terminated.
	(1) Normal termination (return value 0)
		Usr 0 00:06:44, Sys 0 00:00:02  -  Run Remote Usage
		Usr 0 00:00:00, Sys 0 00:00:00  -  Run Local Usage
		Usr 0 00:06:44, Sys 0 00:00:02  -  Total Remote Usage
		Usr 0 00:00:00, Sys 0 00:00:00  -  Total Local Usage
	51128  -  Run Bytes Sent By Job
	55262880  -  Run Bytes Received By Job
	51128  -  Total Bytes Sent By Job
	55262880  -  Total Bytes Received By Job
	Partitionable Resources :     Usage  Request Allocated 
	   Cpus                 :      0.00        3         3 
	   Disk (KB)            : 182222       75000   1239360 
	   Memory (MB)          :    266        6000      6000 

	Job terminated of its own accord at 2021-07-27T08:44:55Z.
...
