000 (2557145.017.000) 07/28 14:19:40 Job submitted from host: <188.185.70.244:9618?addrs=188.185.70.244-9618+[2001-1458-d00-7--100-2ee]-9618&alias=bigbird10.cern.ch&noUDP&sock=schedd_2037_ca81>
...
040 (2557145.017.000) 07/28 15:03:47 Started transferring input files
	Transferring to host: <128.142.74.7:9618?addrs=128.142.74.7-9618+[2001-1458-301-75--100-5a9]-9618&alias=b7s11n5626.cern.ch&noUDP&sock=slot1_8_27510_0898_121348>
...
040 (2557145.017.000) 07/28 15:03:48 Finished transferring input files
...
001 (2557145.017.000) 07/28 15:03:48 Job executing on host: <128.142.74.7:9618?addrs=128.142.74.7-9618+[2001-1458-301-75--100-5a9]-9618&alias=b7s11n5626.cern.ch&noUDP&sock=startd_16572_9792>
...
006 (2557145.017.000) 07/28 15:03:56 Image size of job updated: 288720
	138  -  MemoryUsage of job (MB)
	140636  -  ResidentSetSize of job (KB)
...
006 (2557145.017.000) 07/28 15:08:56 Image size of job updated: 789020
	266  -  MemoryUsage of job (MB)
	271432  -  ResidentSetSize of job (KB)
...
006 (2557145.017.000) 07/28 15:11:47 Image size of job updated: 789848
	266  -  MemoryUsage of job (MB)
	271432  -  ResidentSetSize of job (KB)
...
040 (2557145.017.000) 07/28 15:11:47 Started transferring output files
...
040 (2557145.017.000) 07/28 15:11:47 Finished transferring output files
...
005 (2557145.017.000) 07/28 15:11:47 Job terminated.
	(1) Normal termination (return value 0)
		Usr 0 00:07:50, Sys 0 00:00:02  -  Run Remote Usage
		Usr 0 00:00:00, Sys 0 00:00:00  -  Run Local Usage
		Usr 0 00:07:50, Sys 0 00:00:02  -  Total Remote Usage
		Usr 0 00:00:00, Sys 0 00:00:00  -  Total Local Usage
	48183  -  Run Bytes Sent By Job
	55262880  -  Run Bytes Received By Job
	48183  -  Total Bytes Sent By Job
	55262880  -  Total Bytes Received By Job
	Partitionable Resources :    Usage  Request Allocated 
	   Cpus                 :                 4         4 
	   Disk (KB)            :   182723    75000    279379 
	   Memory (MB)          :      266     8000      8000 

	Job terminated of its own accord at 2021-07-28T13:11:47Z.
...
