000 (2526743.041.000) 07/20 13:19:13 Job submitted from host: <188.185.70.244:9618?addrs=188.185.70.244-9618+[2001-1458-d00-7--100-2ee]-9618&alias=bigbird10.cern.ch&noUDP&sock=schedd_2037_ca81>
...
040 (2526743.041.000) 07/20 13:20:58 Started transferring input files
	Transferring to host: <128.142.58.89:9618?addrs=128.142.58.89-9618+[2001-1458-301-16--100-58]-9618&alias=b7s03p1122.cern.ch&noUDP&sock=slot1_44_6711_41aa_11513>
...
040 (2526743.041.000) 07/20 13:20:59 Finished transferring input files
...
001 (2526743.041.000) 07/20 13:20:59 Job executing on host: <128.142.58.89:9618?addrs=128.142.58.89-9618+[2001-1458-301-16--100-58]-9618&alias=b7s03p1122.cern.ch&noUDP&sock=startd_6233_e5e5>
...
006 (2526743.041.000) 07/20 13:21:08 Image size of job updated: 288712
	209  -  MemoryUsage of job (MB)
	213384  -  ResidentSetSize of job (KB)
...
006 (2526743.041.000) 07/20 13:26:09 Image size of job updated: 635400
	209  -  MemoryUsage of job (MB)
	213396  -  ResidentSetSize of job (KB)
...
006 (2526743.041.000) 07/20 13:31:09 Image size of job updated: 940384
	415  -  MemoryUsage of job (MB)
	424768  -  ResidentSetSize of job (KB)
...
006 (2526743.041.000) 07/20 14:16:15 Image size of job updated: 940896
	416  -  MemoryUsage of job (MB)
	425324  -  ResidentSetSize of job (KB)
...
040 (2526743.041.000) 07/20 14:21:33 Started transferring output files
...
040 (2526743.041.000) 07/20 14:21:33 Finished transferring output files
...
005 (2526743.041.000) 07/20 14:21:34 Job terminated.
	(1) Normal termination (return value 0)
		Usr 0 00:55:27, Sys 0 00:00:03  -  Run Remote Usage
		Usr 0 00:00:00, Sys 0 00:00:00  -  Run Local Usage
		Usr 0 00:55:27, Sys 0 00:00:03  -  Total Remote Usage
		Usr 0 00:00:00, Sys 0 00:00:00  -  Total Local Usage
	49900  -  Run Bytes Sent By Job
	55262812  -  Run Bytes Received By Job
	49900  -  Total Bytes Sent By Job
	55262812  -  Total Bytes Received By Job
	Partitionable Resources :     Usage  Request Allocated 
	   Cpus                 :      1.00        3         3 
	   Disk (KB)            : 204538       75000   1289886 
	   Memory (MB)          :    416        6000      6000 

	Job terminated of its own accord at 2021-07-20T12:21:33Z.
...
