000 (2521876.194.000) 07/19 08:46:26 Job submitted from host: <188.185.70.244:9618?addrs=188.185.70.244-9618+[2001-1458-d00-7--100-2ee]-9618&alias=bigbird10.cern.ch&noUDP&sock=schedd_2037_ca81>
...
040 (2521876.194.000) 07/19 10:39:56 Started transferring input files
	Transferring to host: <128.142.58.52:9618?addrs=128.142.58.52-9618+[2001-1458-301-16--100-33]-9618&alias=b7s03p3195.cern.ch&noUDP&sock=slot1_50_6589_4be5_13127>
...
040 (2521876.194.000) 07/19 10:39:56 Finished transferring input files
...
001 (2521876.194.000) 07/19 10:39:56 Job executing on host: <128.142.58.52:9618?addrs=128.142.58.52-9618+[2001-1458-301-16--100-33]-9618&alias=b7s03p3195.cern.ch&noUDP&sock=startd_6126_8143>
...
006 (2521876.194.000) 07/19 10:40:06 Image size of job updated: 201668
	128  -  MemoryUsage of job (MB)
	130552  -  ResidentSetSize of job (KB)
...
006 (2521876.194.000) 07/19 10:45:06 Image size of job updated: 631384
	205  -  MemoryUsage of job (MB)
	209588  -  ResidentSetSize of job (KB)
...
006 (2521876.194.000) 07/19 10:55:07 Image size of job updated: 814476
	295  -  MemoryUsage of job (MB)
	301120  -  ResidentSetSize of job (KB)
...
006 (2521876.194.000) 07/19 11:05:07 Image size of job updated: 814932
	295  -  MemoryUsage of job (MB)
	301704  -  ResidentSetSize of job (KB)
...
040 (2521876.194.000) 07/19 11:07:19 Started transferring output files
...
040 (2521876.194.000) 07/19 11:07:19 Finished transferring output files
...
005 (2521876.194.000) 07/19 11:07:19 Job terminated.
	(1) Normal termination (return value 0)
		Usr 0 00:13:51, Sys 0 00:00:02  -  Run Remote Usage
		Usr 0 00:00:00, Sys 0 00:00:00  -  Run Local Usage
		Usr 0 00:13:51, Sys 0 00:00:02  -  Total Remote Usage
		Usr 0 00:00:00, Sys 0 00:00:00  -  Total Local Usage
	50362  -  Run Bytes Sent By Job
	55262812  -  Run Bytes Received By Job
	50362  -  Total Bytes Sent By Job
	55262812  -  Total Bytes Received By Job
	Partitionable Resources :     Usage  Request Allocated 
	   Cpus                 :      1.00        3         3 
	   Disk (KB)            : 183657       75000   1260819 
	   Memory (MB)          :    295        6000      6000 

	Job terminated of its own accord at 2021-07-19T09:07:18Z.
...
