000 (2522101.130.000) 07/19 11:55:34 Job submitted from host: <188.185.70.244:9618?addrs=188.185.70.244-9618+[2001-1458-d00-7--100-2ee]-9618&alias=bigbird10.cern.ch&noUDP&sock=schedd_2037_ca81>
...
040 (2522101.130.000) 07/19 12:56:03 Started transferring input files
	Transferring to host: <128.142.58.74:9618?addrs=128.142.58.74-9618+[2001-1458-301-16--100-49]-9618&alias=b7s03p2021.cern.ch&noUDP&sock=slot1_12_6851_e630_10469>
...
040 (2522101.130.000) 07/19 12:56:03 Finished transferring input files
...
001 (2522101.130.000) 07/19 12:56:03 Job executing on host: <128.142.58.74:9618?addrs=128.142.58.74-9618+[2001-1458-301-16--100-49]-9618&alias=b7s03p2021.cern.ch&noUDP&sock=startd_6390_9644>
...
006 (2522101.130.000) 07/19 12:56:12 Image size of job updated: 326084
	205  -  MemoryUsage of job (MB)
	209076  -  ResidentSetSize of job (KB)
...
006 (2522101.130.000) 07/19 13:01:13 Image size of job updated: 817192
	297  -  MemoryUsage of job (MB)
	303768  -  ResidentSetSize of job (KB)
...
006 (2522101.130.000) 07/19 13:06:13 Image size of job updated: 817772
	298  -  MemoryUsage of job (MB)
	304448  -  ResidentSetSize of job (KB)
...
040 (2522101.130.000) 07/19 13:13:39 Started transferring output files
...
040 (2522101.130.000) 07/19 13:13:39 Finished transferring output files
...
005 (2522101.130.000) 07/19 13:13:39 Job terminated.
	(1) Normal termination (return value 0)
		Usr 0 00:17:31, Sys 0 00:00:02  -  Run Remote Usage
		Usr 0 00:00:00, Sys 0 00:00:00  -  Run Local Usage
		Usr 0 00:17:31, Sys 0 00:00:02  -  Total Remote Usage
		Usr 0 00:00:00, Sys 0 00:00:00  -  Total Local Usage
	49772  -  Run Bytes Sent By Job
	55262812  -  Run Bytes Received By Job
	49772  -  Total Bytes Sent By Job
	55262812  -  Total Bytes Received By Job
	Partitionable Resources :     Usage  Request Allocated 
	   Cpus                 :      1.00        3         3 
	   Disk (KB)            : 184148       75000   1268276 
	   Memory (MB)          :    298        6000      6000 

	Job terminated of its own accord at 2021-07-19T11:13:39Z.
...
