000 (2521675.047.000) 07/19 04:18:38 Job submitted from host: <188.185.70.244:9618?addrs=188.185.70.244-9618+[2001-1458-d00-7--100-2ee]-9618&alias=bigbird10.cern.ch&noUDP&sock=schedd_2037_ca81>
...
040 (2521675.047.000) 07/19 04:24:55 Started transferring input files
	Transferring to host: <128.142.59.92:9618?addrs=128.142.59.92-9618+[2001-1458-301-21--100-5b]-9618&alias=b7s04p7580.cern.ch&noUDP&sock=slot1_9_3210_7c3c_10412>
...
040 (2521675.047.000) 07/19 04:24:56 Finished transferring input files
...
001 (2521675.047.000) 07/19 04:24:56 Job executing on host: <128.142.59.92:9618?addrs=128.142.59.92-9618+[2001-1458-301-21--100-5b]-9618&alias=b7s04p7580.cern.ch&noUDP&sock=startd_2746_1b27>
...
006 (2521675.047.000) 07/19 04:25:05 Image size of job updated: 673656
	193  -  MemoryUsage of job (MB)
	196688  -  ResidentSetSize of job (KB)
...
006 (2521675.047.000) 07/19 04:30:06 Image size of job updated: 673656
	209  -  MemoryUsage of job (MB)
	213720  -  ResidentSetSize of job (KB)
...
006 (2521675.047.000) 07/19 04:40:07 Image size of job updated: 673656
	209  -  MemoryUsage of job (MB)
	213724  -  ResidentSetSize of job (KB)
...
040 (2521675.047.000) 07/19 04:57:39 Started transferring output files
...
040 (2521675.047.000) 07/19 04:57:39 Finished transferring output files
...
005 (2521675.047.000) 07/19 04:57:39 Job terminated.
	(1) Normal termination (return value 0)
		Usr 0 00:01:50, Sys 0 00:00:03  -  Run Remote Usage
		Usr 0 00:00:00, Sys 0 00:00:00  -  Run Local Usage
		Usr 0 00:01:50, Sys 0 00:00:03  -  Total Remote Usage
		Usr 0 00:00:00, Sys 0 00:00:00  -  Total Local Usage
	51717  -  Run Bytes Sent By Job
	55262812  -  Run Bytes Received By Job
	51717  -  Total Bytes Sent By Job
	55262812  -  Total Bytes Received By Job
	Partitionable Resources :     Usage  Request Allocated 
	   Cpus                 :      0.00        3         3 
	   Disk (KB)            : 194553       75000   1314937 
	   Memory (MB)          :    209        6000      6000 

	Job terminated of its own accord at 2021-07-19T02:57:39Z.
...
