000 (2521876.109.000) 07/19 08:46:26 Job submitted from host: <188.185.70.244:9618?addrs=188.185.70.244-9618+[2001-1458-d00-7--100-2ee]-9618&alias=bigbird10.cern.ch&noUDP&sock=schedd_2037_ca81>
...
040 (2521876.109.000) 07/19 10:17:14 Started transferring input files
	Transferring to host: <128.142.58.142:9618?addrs=128.142.58.142-9618+[2001-1458-301-16--100-8d]-9618&alias=b7s03p0127.cern.ch&noUDP&sock=slot1_3_8136_4c44_7550>
...
040 (2521876.109.000) 07/19 10:17:14 Finished transferring input files
...
001 (2521876.109.000) 07/19 10:17:14 Job executing on host: <128.142.58.142:9618?addrs=128.142.58.142-9618+[2001-1458-301-16--100-8d]-9618&alias=b7s03p0127.cern.ch&noUDP&sock=startd_6170_af6e>
...
006 (2521876.109.000) 07/19 10:17:24 Image size of job updated: 86488
	55  -  MemoryUsage of job (MB)
	56024  -  ResidentSetSize of job (KB)
...
006 (2521876.109.000) 07/19 10:22:24 Image size of job updated: 910100
	388  -  MemoryUsage of job (MB)
	396824  -  ResidentSetSize of job (KB)
...
040 (2521876.109.000) 07/19 10:54:32 Started transferring output files
...
040 (2521876.109.000) 07/19 10:54:33 Finished transferring output files
...
005 (2521876.109.000) 07/19 10:54:42 Job terminated.
	(1) Normal termination (return value 0)
		Usr 0 00:35:30, Sys 0 00:00:03  -  Run Remote Usage
		Usr 0 00:00:00, Sys 0 00:00:00  -  Run Local Usage
		Usr 0 00:35:30, Sys 0 00:00:03  -  Total Remote Usage
		Usr 0 00:00:00, Sys 0 00:00:00  -  Total Local Usage
	49364  -  Run Bytes Sent By Job
	55262812  -  Run Bytes Received By Job
	49364  -  Total Bytes Sent By Job
	55262812  -  Total Bytes Received By Job
	Partitionable Resources :     Usage  Request Allocated 
	   Cpus                 :      1.00        3         3 
	   Disk (KB)            : 198040       75000   1232729 
	   Memory (MB)          :    388        6000      6000 

	Job terminated of its own accord at 2021-07-19T08:54:29Z.
...
