000 (2557076.012.000) 07/28 10:47:43 Job submitted from host: <188.185.70.244:9618?addrs=188.185.70.244-9618+[2001-1458-d00-7--100-2ee]-9618&alias=bigbird10.cern.ch&noUDP&sock=schedd_2037_ca81>
...
040 (2557076.012.000) 07/28 12:12:45 Started transferring input files
	Transferring to host: <188.184.168.93:9618?addrs=188.184.168.93-9618+[2001-1458-301-c0--100-16e]-9618&alias=b7g52n5294.cern.ch&noUDP&sock=slot1_1_6037_5ccf_71167>
...
040 (2557076.012.000) 07/28 12:12:46 Finished transferring input files
...
001 (2557076.012.000) 07/28 12:12:46 Job executing on host: <188.184.168.93:9618?addrs=188.184.168.93-9618+[2001-1458-301-c0--100-16e]-9618&alias=b7g52n5294.cern.ch&noUDP&sock=startd_4837_5baf>
...
006 (2557076.012.000) 07/28 12:12:55 Image size of job updated: 56780
	29  -  MemoryUsage of job (MB)
	29244  -  ResidentSetSize of job (KB)
...
006 (2557076.012.000) 07/28 12:17:56 Image size of job updated: 786272
	267  -  MemoryUsage of job (MB)
	272408  -  ResidentSetSize of job (KB)
...
006 (2557076.012.000) 07/28 12:22:56 Image size of job updated: 786856
	267  -  MemoryUsage of job (MB)
	273056  -  ResidentSetSize of job (KB)
...
040 (2557076.012.000) 07/28 12:23:18 Started transferring output files
...
040 (2557076.012.000) 07/28 12:23:18 Finished transferring output files
...
005 (2557076.012.000) 07/28 12:23:18 Job terminated.
	(1) Normal termination (return value 0)
		Usr 0 00:08:24, Sys 0 00:00:03  -  Run Remote Usage
		Usr 0 00:00:00, Sys 0 00:00:00  -  Run Local Usage
		Usr 0 00:08:24, Sys 0 00:00:03  -  Total Remote Usage
		Usr 0 00:00:00, Sys 0 00:00:00  -  Total Local Usage
	51135  -  Run Bytes Sent By Job
	55262880  -  Run Bytes Received By Job
	51135  -  Total Bytes Sent By Job
	55262880  -  Total Bytes Received By Job
	Partitionable Resources :     Usage  Request Allocated 
	   Cpus                 :      0.03        5         5 
	   Disk (KB)            : 182240       75000    276914 
	   Memory (MB)          :    267       10000     10000 

	Job terminated of its own accord at 2021-07-28T10:23:18Z.
...
