000 (2526743.203.000) 07/20 13:19:14 Job submitted from host: <188.185.70.244:9618?addrs=188.185.70.244-9618+[2001-1458-d00-7--100-2ee]-9618&alias=bigbird10.cern.ch&noUDP&sock=schedd_2037_ca81>
...
040 (2526743.203.000) 07/20 13:34:28 Started transferring input files
	Transferring to host: <128.142.56.90:9618?addrs=128.142.56.90-9618+[2001-1458-301-6--100-59]-9618&alias=b7s01p9716.cern.ch&noUDP&sock=slot1_52_7275_a541_6121>
...
040 (2526743.203.000) 07/20 13:34:29 Finished transferring input files
...
001 (2526743.203.000) 07/20 13:34:29 Job executing on host: <128.142.56.90:9618?addrs=128.142.56.90-9618+[2001-1458-301-6--100-59]-9618&alias=b7s01p9716.cern.ch&noUDP&sock=startd_5496_6099>
...
006 (2526743.203.000) 07/20 13:34:38 Image size of job updated: 546160
	191  -  MemoryUsage of job (MB)
	194820  -  ResidentSetSize of job (KB)
...
006 (2526743.203.000) 07/20 13:39:39 Image size of job updated: 809488
	289  -  MemoryUsage of job (MB)
	295788  -  ResidentSetSize of job (KB)
...
006 (2526743.203.000) 07/20 13:54:41 Image size of job updated: 810040
	290  -  MemoryUsage of job (MB)
	296456  -  ResidentSetSize of job (KB)
...
040 (2526743.203.000) 07/20 13:57:07 Started transferring output files
...
040 (2526743.203.000) 07/20 13:57:07 Finished transferring output files
...
005 (2526743.203.000) 07/20 13:57:08 Job terminated.
	(1) Normal termination (return value 0)
		Usr 0 00:21:36, Sys 0 00:00:02  -  Run Remote Usage
		Usr 0 00:00:00, Sys 0 00:00:00  -  Run Local Usage
		Usr 0 00:21:36, Sys 0 00:00:02  -  Total Remote Usage
		Usr 0 00:00:00, Sys 0 00:00:00  -  Total Local Usage
	52408  -  Run Bytes Sent By Job
	55262812  -  Run Bytes Received By Job
	52408  -  Total Bytes Sent By Job
	55262812  -  Total Bytes Received By Job
	Partitionable Resources :     Usage  Request Allocated 
	   Cpus                 :      1.00        3         3 
	   Disk (KB)            : 182686       75000   1309030 
	   Memory (MB)          :    290        6000      6000 

	Job terminated of its own accord at 2021-07-20T11:57:07Z.
...
