000 (2521842.159.000) 07/19 05:55:56 Job submitted from host: <188.185.70.244:9618?addrs=188.185.70.244-9618+[2001-1458-d00-7--100-2ee]-9618&alias=bigbird10.cern.ch&noUDP&sock=schedd_2037_ca81>
...
040 (2521842.159.000) 07/19 06:03:45 Started transferring input files
	Transferring to host: <188.184.168.130:9618?addrs=188.184.168.130-9618+[2001-1458-301-c0--100-3d8]-9618&alias=b7g52n5923.cern.ch&noUDP&sock=slot1_4_19943_65c4_120598>
...
040 (2521842.159.000) 07/19 06:03:46 Finished transferring input files
...
001 (2521842.159.000) 07/19 06:03:46 Job executing on host: <188.184.168.130:9618?addrs=188.184.168.130-9618+[2001-1458-301-c0--100-3d8]-9618&alias=b7g52n5923.cern.ch&noUDP&sock=startd_17649_5312>
...
006 (2521842.159.000) 07/19 06:03:55 Image size of job updated: 80780
	36  -  MemoryUsage of job (MB)
	36752  -  ResidentSetSize of job (KB)
...
006 (2521842.159.000) 07/19 06:08:56 Image size of job updated: 626824
	201  -  MemoryUsage of job (MB)
	205192  -  ResidentSetSize of job (KB)
...
006 (2521842.159.000) 07/19 06:23:57 Image size of job updated: 793008
	270  -  MemoryUsage of job (MB)
	275612  -  ResidentSetSize of job (KB)
...
006 (2521842.159.000) 07/19 06:33:57 Image size of job updated: 793536
	270  -  MemoryUsage of job (MB)
	276220  -  ResidentSetSize of job (KB)
...
040 (2521842.159.000) 07/19 06:34:53 Started transferring output files
...
040 (2521842.159.000) 07/19 06:34:53 Finished transferring output files
...
005 (2521842.159.000) 07/19 06:34:54 Job terminated.
	(1) Normal termination (return value 0)
		Usr 0 00:14:06, Sys 0 00:00:02  -  Run Remote Usage
		Usr 0 00:00:00, Sys 0 00:00:00  -  Run Local Usage
		Usr 0 00:14:06, Sys 0 00:00:02  -  Total Remote Usage
		Usr 0 00:00:00, Sys 0 00:00:00  -  Total Local Usage
	51888  -  Run Bytes Sent By Job
	55262812  -  Run Bytes Received By Job
	51888  -  Total Bytes Sent By Job
	55262812  -  Total Bytes Received By Job
	Partitionable Resources :     Usage  Request Allocated 
	   Cpus                 :      1.00        3         3 
	   Disk (KB)            : 179879       75000    243523 
	   Memory (MB)          :    270        6000      6000 

	Job terminated of its own accord at 2021-07-19T04:34:53Z.
...
