000 (2522101.084.000) 07/19 11:55:34 Job submitted from host: <188.185.70.244:9618?addrs=188.185.70.244-9618+[2001-1458-d00-7--100-2ee]-9618&alias=bigbird10.cern.ch&noUDP&sock=schedd_2037_ca81>
...
040 (2522101.084.000) 07/19 12:46:48 Started transferring input files
	Transferring to host: <128.142.161.74:9618?addrs=128.142.161.74-9618&alias=b7g03p8942.cern.ch&noUDP&sock=slot1_13_3950_e1da_86269>
...
040 (2522101.084.000) 07/19 12:46:49 Finished transferring input files
...
001 (2522101.084.000) 07/19 12:46:49 Job executing on host: <128.142.161.74:9618?addrs=128.142.161.74-9618&alias=b7g03p8942.cern.ch&noUDP&sock=startd_3002_b366>
...
006 (2522101.084.000) 07/19 12:46:57 Image size of job updated: 429192
	153  -  MemoryUsage of job (MB)
	156144  -  ResidentSetSize of job (KB)
...
006 (2522101.084.000) 07/19 12:51:57 Image size of job updated: 833284
	309  -  MemoryUsage of job (MB)
	315944  -  ResidentSetSize of job (KB)
...
006 (2522101.084.000) 07/19 13:01:59 Image size of job updated: 833948
	310  -  MemoryUsage of job (MB)
	316624  -  ResidentSetSize of job (KB)
...
040 (2522101.084.000) 07/19 13:04:46 Started transferring output files
...
040 (2522101.084.000) 07/19 13:04:46 Finished transferring output files
...
005 (2522101.084.000) 07/19 13:04:47 Job terminated.
	(1) Normal termination (return value 0)
		Usr 0 00:17:11, Sys 0 00:00:03  -  Run Remote Usage
		Usr 0 00:00:00, Sys 0 00:00:00  -  Run Local Usage
		Usr 0 00:17:11, Sys 0 00:00:03  -  Total Remote Usage
		Usr 0 00:00:00, Sys 0 00:00:00  -  Total Local Usage
	48460  -  Run Bytes Sent By Job
	55262812  -  Run Bytes Received By Job
	48460  -  Total Bytes Sent By Job
	55262812  -  Total Bytes Received By Job
	Partitionable Resources :     Usage  Request Allocated 
	   Cpus                 :      1.00        3         3 
	   Disk (KB)            : 187203       75000   1352808 
	   Memory (MB)          :    310        6000      6000 

	Job terminated of its own accord at 2021-07-19T11:04:46Z.
...
