000 (2557076.024.000) 07/28 10:47:43 Job submitted from host: <188.185.70.244:9618?addrs=188.185.70.244-9618+[2001-1458-d00-7--100-2ee]-9618&alias=bigbird10.cern.ch&noUDP&sock=schedd_2037_ca81>
...
040 (2557076.024.000) 07/28 12:15:01 Started transferring input files
	Transferring to host: <128.142.86.192:9618?addrs=128.142.86.192-9618+[2001-1458-301-f6--100-11d]-9618&alias=b7s14n7519.cern.ch&noUDP&sock=slot1_2_5602_dd9d_79606>
...
040 (2557076.024.000) 07/28 12:15:02 Finished transferring input files
...
001 (2557076.024.000) 07/28 12:15:02 Job executing on host: <128.142.86.192:9618?addrs=128.142.86.192-9618+[2001-1458-301-f6--100-11d]-9618&alias=b7s14n7519.cern.ch&noUDP&sock=startd_4557_4d2b>
...
006 (2557076.024.000) 07/28 12:15:10 Image size of job updated: 283288
	10  -  MemoryUsage of job (MB)
	9508  -  ResidentSetSize of job (KB)
...
006 (2557076.024.000) 07/28 12:20:10 Image size of job updated: 775120
	252  -  MemoryUsage of job (MB)
	257820  -  ResidentSetSize of job (KB)
...
006 (2557076.024.000) 07/28 12:33:30 Image size of job updated: 775728
	252  -  MemoryUsage of job (MB)
	257820  -  ResidentSetSize of job (KB)
...
040 (2557076.024.000) 07/28 12:33:35 Entered queue to transfer output files
...
040 (2557076.024.000) 07/28 12:34:26 Started transferring output files
...
040 (2557076.024.000) 07/28 12:34:27 Finished transferring output files
...
005 (2557076.024.000) 07/28 12:34:28 Job terminated.
	(1) Normal termination (return value 0)
		Usr 0 00:17:29, Sys 0 00:00:02  -  Run Remote Usage
		Usr 0 00:00:00, Sys 0 00:00:00  -  Run Local Usage
		Usr 0 00:17:29, Sys 0 00:00:02  -  Total Remote Usage
		Usr 0 00:00:00, Sys 0 00:00:00  -  Total Local Usage
	47896  -  Run Bytes Sent By Job
	55262880  -  Run Bytes Received By Job
	47896  -  Total Bytes Sent By Job
	55262880  -  Total Bytes Received By Job
	Partitionable Resources :     Usage  Request Allocated 
	   Cpus                 :      1.00        5         5 
	   Disk (KB)            : 179096       75000    267215 
	   Memory (MB)          :    252       10000     10000 

	Job terminated of its own accord at 2021-07-28T10:33:30Z.
...
