000 (2523366.105.000) 07/19 23:50:31 Job submitted from host: <188.185.70.244:9618?addrs=188.185.70.244-9618+[2001-1458-d00-7--100-2ee]-9618&alias=bigbird10.cern.ch&noUDP&sock=schedd_2037_ca81>
...
040 (2523366.105.000) 07/20 00:18:08 Started transferring input files
	Transferring to host: <128.142.58.64:9618?addrs=128.142.58.64-9618+[2001-1458-301-16--100-3f]-9618&alias=b7s03p5972.cern.ch&noUDP&sock=slot1_17_6666_8cc8_11312>
...
040 (2523366.105.000) 07/20 00:18:09 Finished transferring input files
...
001 (2523366.105.000) 07/20 00:18:09 Job executing on host: <128.142.58.64:9618?addrs=128.142.58.64-9618+[2001-1458-301-16--100-3f]-9618&alias=b7s03p5972.cern.ch&noUDP&sock=startd_6205_b13e>
...
006 (2523366.105.000) 07/20 00:18:17 Image size of job updated: 243980
	166  -  MemoryUsage of job (MB)
	169420  -  ResidentSetSize of job (KB)
...
006 (2523366.105.000) 07/20 00:23:17 Image size of job updated: 814436
	294  -  MemoryUsage of job (MB)
	300744  -  ResidentSetSize of job (KB)
...
006 (2523366.105.000) 07/20 00:33:18 Image size of job updated: 814920
	295  -  MemoryUsage of job (MB)
	301332  -  ResidentSetSize of job (KB)
...
040 (2523366.105.000) 07/20 00:35:46 Started transferring output files
...
040 (2523366.105.000) 07/20 00:35:46 Finished transferring output files
...
005 (2523366.105.000) 07/20 00:35:46 Job terminated.
	(1) Normal termination (return value 0)
		Usr 0 00:15:01, Sys 0 00:00:03  -  Run Remote Usage
		Usr 0 00:00:00, Sys 0 00:00:00  -  Run Local Usage
		Usr 0 00:15:01, Sys 0 00:00:03  -  Total Remote Usage
		Usr 0 00:00:00, Sys 0 00:00:00  -  Total Local Usage
	53120  -  Run Bytes Sent By Job
	55262812  -  Run Bytes Received By Job
	53120  -  Total Bytes Sent By Job
	55262812  -  Total Bytes Received By Job
	Partitionable Resources :     Usage  Request Allocated 
	   Cpus                 :      1.00        3         3 
	   Disk (KB)            : 182831       75000   1262739 
	   Memory (MB)          :    295        6000      6000 

	Job terminated of its own accord at 2021-07-19T22:35:45Z.
...
