000 (2524617.160.000) 07/20 01:52:27 Job submitted from host: <188.185.70.244:9618?addrs=188.185.70.244-9618+[2001-1458-d00-7--100-2ee]-9618&alias=bigbird10.cern.ch&noUDP&sock=schedd_2037_ca81>
...
040 (2524617.160.000) 07/20 02:01:22 Started transferring input files
	Transferring to host: <188.184.213.100:9618?addrs=188.184.213.100-9618+[2001-1458-301-10c--100-14f]-9618&alias=b7g24n0613.cern.ch&noUDP&sock=slot1_2_30654_4418_123522>
...
001 (2524617.160.000) 07/20 02:01:23 Job executing on host: <188.184.213.100:9618?addrs=188.184.213.100-9618+[2001-1458-301-10c--100-14f]-9618&alias=b7g24n0613.cern.ch&noUDP&sock=startd_5690_71f8>
...
040 (2524617.160.000) 07/20 02:01:23 Finished transferring input files
...
006 (2524617.160.000) 07/20 02:01:32 Image size of job updated: 52012
	28  -  MemoryUsage of job (MB)
	28480  -  ResidentSetSize of job (KB)
...
006 (2524617.160.000) 07/20 02:06:33 Image size of job updated: 631940
	205  -  MemoryUsage of job (MB)
	209680  -  ResidentSetSize of job (KB)
...
006 (2524617.160.000) 07/20 02:21:35 Image size of job updated: 809388
	289  -  MemoryUsage of job (MB)
	295656  -  ResidentSetSize of job (KB)
...
006 (2524617.160.000) 07/20 03:06:39 Image size of job updated: 810080
	290  -  MemoryUsage of job (MB)
	296292  -  ResidentSetSize of job (KB)
...
040 (2524617.160.000) 07/20 03:09:18 Started transferring output files
...
040 (2524617.160.000) 07/20 03:09:18 Finished transferring output files
...
005 (2524617.160.000) 07/20 03:09:18 Job terminated.
	(1) Normal termination (return value 0)
		Usr 0 00:50:16, Sys 0 00:00:03  -  Run Remote Usage
		Usr 0 00:00:00, Sys 0 00:00:00  -  Run Local Usage
		Usr 0 00:50:16, Sys 0 00:00:03  -  Total Remote Usage
		Usr 0 00:00:00, Sys 0 00:00:00  -  Total Local Usage
	53666  -  Run Bytes Sent By Job
	55262812  -  Run Bytes Received By Job
	53666  -  Total Bytes Sent By Job
	55262812  -  Total Bytes Received By Job
	Partitionable Resources :     Usage  Request Allocated 
	   Cpus                 :      1.00        3         3 
	   Disk (KB)            : 182696       75000    292669 
	   Memory (MB)          :    290        6000      6000 

	Job terminated of its own accord at 2021-07-20T01:09:17Z.
...
