000 (2521842.116.000) 07/19 05:55:55 Job submitted from host: <188.185.70.244:9618?addrs=188.185.70.244-9618+[2001-1458-d00-7--100-2ee]-9618&alias=bigbird10.cern.ch&noUDP&sock=schedd_2037_ca81>
...
040 (2521842.116.000) 07/19 06:01:37 Started transferring input files
	Transferring to host: <128.142.161.83:9618?addrs=128.142.161.83-9618&alias=b7g03p5916.cern.ch&noUDP&sock=slot1_30_3783_3733_94679>
...
040 (2521842.116.000) 07/19 06:01:38 Finished transferring input files
...
001 (2521842.116.000) 07/19 06:01:38 Job executing on host: <128.142.161.83:9618?addrs=128.142.161.83-9618&alias=b7g03p5916.cern.ch&noUDP&sock=startd_2951_b811>
...
006 (2521842.116.000) 07/19 06:01:47 Image size of job updated: 248588
	171  -  MemoryUsage of job (MB)
	174492  -  ResidentSetSize of job (KB)
...
006 (2521842.116.000) 07/19 06:06:48 Image size of job updated: 630972
	205  -  MemoryUsage of job (MB)
	209268  -  ResidentSetSize of job (KB)
...
006 (2521842.116.000) 07/19 06:11:48 Image size of job updated: 630972
	205  -  MemoryUsage of job (MB)
	209272  -  ResidentSetSize of job (KB)
...
006 (2521842.116.000) 07/19 06:36:50 Image size of job updated: 851876
	327  -  MemoryUsage of job (MB)
	334724  -  ResidentSetSize of job (KB)
...
040 (2521842.116.000) 07/19 06:59:23 Started transferring output files
...
040 (2521842.116.000) 07/19 06:59:23 Finished transferring output files
...
005 (2521842.116.000) 07/19 06:59:24 Job terminated.
	(1) Normal termination (return value 0)
		Usr 0 00:23:55, Sys 0 00:00:07  -  Run Remote Usage
		Usr 0 00:00:00, Sys 0 00:00:00  -  Run Local Usage
		Usr 0 00:23:55, Sys 0 00:00:07  -  Total Remote Usage
		Usr 0 00:00:00, Sys 0 00:00:00  -  Total Local Usage
	47877  -  Run Bytes Sent By Job
	55262812  -  Run Bytes Received By Job
	47877  -  Total Bytes Sent By Job
	55262812  -  Total Bytes Received By Job
	Partitionable Resources :     Usage  Request Allocated 
	   Cpus                 :      1.00        3         3 
	   Disk (KB)            : 187574       75000   1276477 
	   Memory (MB)          :    327        6000      6000 

	Job terminated of its own accord at 2021-07-19T04:59:23Z.
...
