000 (2536881.094.000) 07/22 03:18:13 Job submitted from host: <188.185.70.244:9618?addrs=188.185.70.244-9618+[2001-1458-d00-7--100-2ee]-9618&alias=bigbird10.cern.ch&noUDP&sock=schedd_2037_ca81>
...
040 (2536881.094.000) 07/22 03:25:44 Started transferring input files
	Transferring to host: <188.184.183.119:9618?addrs=188.184.183.119-9618+[2001-1458-301-2b--100-132]-9618&alias=b7g41n6329.cern.ch&noUDP&sock=slot1_6_24876_246d_120155>
...
040 (2536881.094.000) 07/22 03:25:45 Finished transferring input files
...
001 (2536881.094.000) 07/22 03:25:45 Job executing on host: <188.184.183.119:9618?addrs=188.184.183.119-9618+[2001-1458-301-2b--100-132]-9618&alias=b7g41n6329.cern.ch&noUDP&sock=startd_6441_9198>
...
006 (2536881.094.000) 07/22 03:25:54 Image size of job updated: 67456
	32  -  MemoryUsage of job (MB)
	32148  -  ResidentSetSize of job (KB)
...
006 (2536881.094.000) 07/22 03:30:54 Image size of job updated: 626820
	201  -  MemoryUsage of job (MB)
	205300  -  ResidentSetSize of job (KB)
...
006 (2536881.094.000) 07/22 03:35:54 Image size of job updated: 811640
	288  -  MemoryUsage of job (MB)
	294280  -  ResidentSetSize of job (KB)
...
006 (2536881.094.000) 07/22 03:45:55 Image size of job updated: 812148
	288  -  MemoryUsage of job (MB)
	294872  -  ResidentSetSize of job (KB)
...
040 (2536881.094.000) 07/22 03:56:26 Started transferring output files
...
040 (2536881.094.000) 07/22 03:56:26 Finished transferring output files
...
005 (2536881.094.000) 07/22 03:56:27 Job terminated.
	(1) Normal termination (return value 0)
		Usr 0 00:23:37, Sys 0 00:00:04  -  Run Remote Usage
		Usr 0 00:00:00, Sys 0 00:00:00  -  Run Local Usage
		Usr 0 00:23:37, Sys 0 00:00:04  -  Total Remote Usage
		Usr 0 00:00:00, Sys 0 00:00:00  -  Total Local Usage
	48023  -  Run Bytes Sent By Job
	55262812  -  Run Bytes Received By Job
	48023  -  Total Bytes Sent By Job
	55262812  -  Total Bytes Received By Job
	Partitionable Resources :     Usage  Request Allocated 
	   Cpus                 :      1.00        3         3 
	   Disk (KB)            : 183279       75000    347569 
	   Memory (MB)          :    288        6000      6000 

	Job terminated of its own accord at 2021-07-22T01:56:26Z.
...
