000 (2534572.033.000) 07/21 23:44:26 Job submitted from host: <188.185.70.244:9618?addrs=188.185.70.244-9618+[2001-1458-d00-7--100-2ee]-9618&alias=bigbird10.cern.ch&noUDP&sock=schedd_2037_ca81>
...
040 (2534572.033.000) 07/21 23:49:40 Started transferring input files
	Transferring to host: <128.142.78.225:9618?addrs=128.142.78.225-9618+[2001-1458-301-f4--100-61f]-9618&alias=b7s12n4716.cern.ch&noUDP&sock=slot1_5_5639_ef7e_68541>
...
040 (2534572.033.000) 07/21 23:49:41 Finished transferring input files
...
001 (2534572.033.000) 07/21 23:49:41 Job executing on host: <128.142.78.225:9618?addrs=128.142.78.225-9618+[2001-1458-301-f4--100-61f]-9618&alias=b7s12n4716.cern.ch&noUDP&sock=startd_4515_7e30>
...
006 (2534572.033.000) 07/21 23:49:50 Image size of job updated: 912560
	4  -  MemoryUsage of job (MB)
	3684  -  ResidentSetSize of job (KB)
...
006 (2534572.033.000) 07/21 23:54:51 Image size of job updated: 912560
	210  -  MemoryUsage of job (MB)
	214104  -  ResidentSetSize of job (KB)
...
006 (2534572.033.000) 07/22 00:09:53 Image size of job updated: 912560
	216  -  MemoryUsage of job (MB)
	220584  -  ResidentSetSize of job (KB)
...
006 (2534572.033.000) 07/22 00:14:54 Image size of job updated: 975756
	451  -  MemoryUsage of job (MB)
	461552  -  ResidentSetSize of job (KB)
...
006 (2534572.033.000) 07/22 01:30:01 Image size of job updated: 976276
	452  -  MemoryUsage of job (MB)
	462164  -  ResidentSetSize of job (KB)
...
040 (2534572.033.000) 07/22 02:26:03 Started transferring output files
...
040 (2534572.033.000) 07/22 02:26:03 Finished transferring output files
...
005 (2534572.033.000) 07/22 02:26:04 Job terminated.
	(1) Normal termination (return value 0)
		Usr 0 02:16:36, Sys 0 00:00:06  -  Run Remote Usage
		Usr 0 00:00:00, Sys 0 00:00:00  -  Run Local Usage
		Usr 0 02:16:36, Sys 0 00:00:06  -  Total Remote Usage
		Usr 0 00:00:00, Sys 0 00:00:00  -  Total Local Usage
	45863  -  Run Bytes Sent By Job
	55262812  -  Run Bytes Received By Job
	45863  -  Total Bytes Sent By Job
	55262812  -  Total Bytes Received By Job
	Partitionable Resources :     Usage  Request Allocated 
	   Cpus                 :      1.00        3         3 
	   Disk (KB)            : 211227       75000    222370 
	   Memory (MB)          :    452        6000      6000 

	Job terminated of its own accord at 2021-07-22T00:26:03Z.
...
