000 (2521876.199.000) 07/19 08:46:26 Job submitted from host: <188.185.70.244:9618?addrs=188.185.70.244-9618+[2001-1458-d00-7--100-2ee]-9618&alias=bigbird10.cern.ch&noUDP&sock=schedd_2037_ca81>
...
040 (2521876.199.000) 07/19 10:39:57 Started transferring input files
	Transferring to host: <128.142.161.72:9618?addrs=128.142.161.72-9618+[2001-1458-301-b8--100-6]-9618&alias=b7g03p3572.cern.ch&noUDP&sock=slot1_40_24449_483b_112018>
...
040 (2521876.199.000) 07/19 10:39:58 Finished transferring input files
...
001 (2521876.199.000) 07/19 10:39:58 Job executing on host: <128.142.161.72:9618?addrs=128.142.161.72-9618+[2001-1458-301-b8--100-6]-9618&alias=b7g03p3572.cern.ch&noUDP&sock=startd_3110_c7a0>
...
006 (2521876.199.000) 07/19 10:40:07 Image size of job updated: 553940
	141  -  MemoryUsage of job (MB)
	143464  -  ResidentSetSize of job (KB)
...
006 (2521876.199.000) 07/19 10:45:08 Image size of job updated: 632500
	206  -  MemoryUsage of job (MB)
	210240  -  ResidentSetSize of job (KB)
...
006 (2521876.199.000) 07/19 10:55:09 Image size of job updated: 813904
	294  -  MemoryUsage of job (MB)
	300072  -  ResidentSetSize of job (KB)
...
006 (2521876.199.000) 07/19 11:05:10 Image size of job updated: 814224
	294  -  MemoryUsage of job (MB)
	300576  -  ResidentSetSize of job (KB)
...
040 (2521876.199.000) 07/19 11:07:41 Started transferring output files
...
040 (2521876.199.000) 07/19 11:07:41 Finished transferring output files
...
005 (2521876.199.000) 07/19 11:07:42 Job terminated.
	(1) Normal termination (return value 0)
		Usr 0 00:13:38, Sys 0 00:00:02  -  Run Remote Usage
		Usr 0 00:00:00, Sys 0 00:00:00  -  Run Local Usage
		Usr 0 00:13:38, Sys 0 00:00:02  -  Total Remote Usage
		Usr 0 00:00:00, Sys 0 00:00:00  -  Total Local Usage
	49451  -  Run Bytes Sent By Job
	55262812  -  Run Bytes Received By Job
	49451  -  Total Bytes Sent By Job
	55262812  -  Total Bytes Received By Job
	Partitionable Resources :     Usage  Request Allocated 
	   Cpus                 :      1.00        3         3 
	   Disk (KB)            : 183527       75000   1312422 
	   Memory (MB)          :    294        6000      6000 

	Job terminated of its own accord at 2021-07-19T09:07:41Z.
...
