000 (2521876.029.000) 07/19 08:46:26 Job submitted from host: <188.185.70.244:9618?addrs=188.185.70.244-9618+[2001-1458-d00-7--100-2ee]-9618&alias=bigbird10.cern.ch&noUDP&sock=schedd_2037_ca81>
...
040 (2521876.029.000) 07/19 09:10:06 Started transferring input files
	Transferring to host: <128.142.81.213:9618?addrs=128.142.81.213-9618+[2001-1458-301-f5--100-5c9]-9618&alias=b7s13n6079.cern.ch&noUDP&sock=slot1_1_4754_5f7a_66038>
...
040 (2521876.029.000) 07/19 09:10:07 Finished transferring input files
...
001 (2521876.029.000) 07/19 09:10:07 Job executing on host: <128.142.81.213:9618?addrs=128.142.81.213-9618+[2001-1458-301-f5--100-5c9]-9618&alias=b7s13n6079.cern.ch&noUDP&sock=startd_3889_1be7>
...
006 (2521876.029.000) 07/19 09:10:15 Image size of job updated: 1066944
	45  -  MemoryUsage of job (MB)
	45528  -  ResidentSetSize of job (KB)
...
006 (2521876.029.000) 07/19 09:15:15 Image size of job updated: 1066944
	298  -  MemoryUsage of job (MB)
	304240  -  ResidentSetSize of job (KB)
...
006 (2521876.029.000) 07/19 09:30:17 Image size of job updated: 1066944
	298  -  MemoryUsage of job (MB)
	304832  -  ResidentSetSize of job (KB)
...
040 (2521876.029.000) 07/19 09:31:04 Started transferring output files
...
040 (2521876.029.000) 07/19 09:31:04 Finished transferring output files
...
005 (2521876.029.000) 07/19 09:31:04 Job terminated.
	(1) Normal termination (return value 0)
		Usr 0 00:17:44, Sys 0 00:00:02  -  Run Remote Usage
		Usr 0 00:00:00, Sys 0 00:00:00  -  Run Local Usage
		Usr 0 00:17:44, Sys 0 00:00:02  -  Total Remote Usage
		Usr 0 00:00:00, Sys 0 00:00:00  -  Total Local Usage
	50035  -  Run Bytes Sent By Job
	55262812  -  Run Bytes Received By Job
	50035  -  Total Bytes Sent By Job
	55262812  -  Total Bytes Received By Job
	Partitionable Resources :     Usage  Request Allocated 
	   Cpus                 :      1.00        3         3 
	   Disk (KB)            : 185029       75000    285475 
	   Memory (MB)          :    298        6000      6000 

	Job terminated of its own accord at 2021-07-19T07:31:04Z.
...
