000 (2524871.066.000) 07/20 04:35:08 Job submitted from host: <188.185.70.244:9618?addrs=188.185.70.244-9618+[2001-1458-d00-7--100-2ee]-9618&alias=bigbird10.cern.ch&noUDP&sock=schedd_2037_ca81>
...
040 (2524871.066.000) 07/20 05:09:34 Started transferring input files
	Transferring to host: <128.142.58.69:9618?addrs=128.142.58.69-9618+[2001-1458-301-16--100-44]-9618&alias=b7s03p0320.cern.ch&noUDP&sock=slot1_47_6682_d2c9_10823>
...
040 (2524871.066.000) 07/20 05:09:35 Finished transferring input files
...
001 (2524871.066.000) 07/20 05:09:35 Job executing on host: <128.142.58.69:9618?addrs=128.142.58.69-9618+[2001-1458-301-16--100-44]-9618&alias=b7s03p0320.cern.ch&noUDP&sock=startd_6226_18bc>
...
006 (2524871.066.000) 07/20 05:09:44 Image size of job updated: 584336
	185  -  MemoryUsage of job (MB)
	189196  -  ResidentSetSize of job (KB)
...
006 (2524871.066.000) 07/20 05:14:45 Image size of job updated: 807092
	287  -  MemoryUsage of job (MB)
	293224  -  ResidentSetSize of job (KB)
...
006 (2524871.066.000) 07/20 05:23:24 Image size of job updated: 807500
	287  -  MemoryUsage of job (MB)
	293224  -  ResidentSetSize of job (KB)
...
040 (2524871.066.000) 07/20 05:23:24 Started transferring output files
...
040 (2524871.066.000) 07/20 05:23:24 Finished transferring output files
...
005 (2524871.066.000) 07/20 05:23:24 Job terminated.
	(1) Normal termination (return value 0)
		Usr 0 00:13:41, Sys 0 00:00:02  -  Run Remote Usage
		Usr 0 00:00:00, Sys 0 00:00:00  -  Run Local Usage
		Usr 0 00:13:41, Sys 0 00:00:02  -  Total Remote Usage
		Usr 0 00:00:00, Sys 0 00:00:00  -  Total Local Usage
	52500  -  Run Bytes Sent By Job
	55262812  -  Run Bytes Received By Job
	52500  -  Total Bytes Sent By Job
	55262812  -  Total Bytes Received By Job
	Partitionable Resources :     Usage  Request Allocated 
	   Cpus                 :      1.00        3         3 
	   Disk (KB)            : 182250       75000   1322502 
	   Memory (MB)          :    287        6000      6000 

	Job terminated of its own accord at 2021-07-20T03:23:24Z.
...
