000 (2536881.164.000) 07/22 03:18:13 Job submitted from host: <188.185.70.244:9618?addrs=188.185.70.244-9618+[2001-1458-d00-7--100-2ee]-9618&alias=bigbird10.cern.ch&noUDP&sock=schedd_2037_ca81>
...
040 (2536881.164.000) 07/22 03:52:05 Started transferring input files
	Transferring to host: <128.142.57.136:9618?addrs=128.142.57.136-9618+[2001-1458-301-7--100-87]-9618&alias=b7s02p7470.cern.ch&noUDP&sock=slot1_27_2559_cc01_15515>
...
040 (2536881.164.000) 07/22 03:52:06 Finished transferring input files
...
001 (2536881.164.000) 07/22 03:52:06 Job executing on host: <128.142.57.136:9618?addrs=128.142.57.136-9618+[2001-1458-301-7--100-87]-9618&alias=b7s02p7470.cern.ch&noUDP&sock=startd_2095_9300>
...
006 (2536881.164.000) 07/22 03:52:14 Image size of job updated: 227624
	150  -  MemoryUsage of job (MB)
	153528  -  ResidentSetSize of job (KB)
...
006 (2536881.164.000) 07/22 03:57:14 Image size of job updated: 817232
	297  -  MemoryUsage of job (MB)
	303404  -  ResidentSetSize of job (KB)
...
006 (2536881.164.000) 07/22 04:07:15 Image size of job updated: 817700
	297  -  MemoryUsage of job (MB)
	304004  -  ResidentSetSize of job (KB)
...
040 (2536881.164.000) 07/22 04:10:03 Started transferring output files
...
040 (2536881.164.000) 07/22 04:10:04 Finished transferring output files
...
005 (2536881.164.000) 07/22 04:10:05 Job terminated.
	(1) Normal termination (return value 0)
		Usr 0 00:17:47, Sys 0 00:00:02  -  Run Remote Usage
		Usr 0 00:00:00, Sys 0 00:00:00  -  Run Local Usage
		Usr 0 00:17:47, Sys 0 00:00:02  -  Total Remote Usage
		Usr 0 00:00:00, Sys 0 00:00:00  -  Total Local Usage
	43655  -  Run Bytes Sent By Job
	55262812  -  Run Bytes Received By Job
	43655  -  Total Bytes Sent By Job
	55262812  -  Total Bytes Received By Job
	Partitionable Resources :     Usage  Request Allocated 
	   Cpus                 :      1.00        3         3 
	   Disk (KB)            : 184175       75000   1317241 
	   Memory (MB)          :    297        6000      6000 

	Job terminated of its own accord at 2021-07-22T02:10:03Z.
...
