000 (2521876.172.000) 07/19 08:46:26 Job submitted from host: <188.185.70.244:9618?addrs=188.185.70.244-9618+[2001-1458-d00-7--100-2ee]-9618&alias=bigbird10.cern.ch&noUDP&sock=schedd_2037_ca81>
...
040 (2521876.172.000) 07/19 10:39:48 Started transferring input files
	Transferring to host: <128.142.58.168:9618?addrs=128.142.58.168-9618+[2001-1458-301-16--100-a7]-9618&alias=b7s03p4036.cern.ch&noUDP&sock=slot1_17_6780_df8d_10498>
...
040 (2521876.172.000) 07/19 10:39:49 Finished transferring input files
...
001 (2521876.172.000) 07/19 10:39:49 Job executing on host: <128.142.58.168:9618?addrs=128.142.58.168-9618+[2001-1458-301-16--100-a7]-9618&alias=b7s03p4036.cern.ch&noUDP&sock=startd_6325_009c>
...
006 (2521876.172.000) 07/19 10:39:58 Image size of job updated: 492180
	133  -  MemoryUsage of job (MB)
	135788  -  ResidentSetSize of job (KB)
...
006 (2521876.172.000) 07/19 10:44:59 Image size of job updated: 814440
	294  -  MemoryUsage of job (MB)
	300492  -  ResidentSetSize of job (KB)
...
006 (2521876.172.000) 07/19 10:54:59 Image size of job updated: 814984
	294  -  MemoryUsage of job (MB)
	301040  -  ResidentSetSize of job (KB)
...
040 (2521876.172.000) 07/19 10:59:01 Started transferring output files
...
040 (2521876.172.000) 07/19 10:59:01 Finished transferring output files
...
005 (2521876.172.000) 07/19 10:59:01 Job terminated.
	(1) Normal termination (return value 0)
		Usr 0 00:16:34, Sys 0 00:00:02  -  Run Remote Usage
		Usr 0 00:00:00, Sys 0 00:00:00  -  Run Local Usage
		Usr 0 00:16:34, Sys 0 00:00:02  -  Total Remote Usage
		Usr 0 00:00:00, Sys 0 00:00:00  -  Total Local Usage
	49855  -  Run Bytes Sent By Job
	55262812  -  Run Bytes Received By Job
	49855  -  Total Bytes Sent By Job
	55262812  -  Total Bytes Received By Job
	Partitionable Resources :     Usage  Request Allocated 
	   Cpus                 :      1.00        3         3 
	   Disk (KB)            : 183648       75000   1162492 
	   Memory (MB)          :    294        6000      6000 

	Job terminated of its own accord at 2021-07-19T08:59:01Z.
...
