000 (2524871.021.000) 07/20 04:35:08 Job submitted from host: <188.185.70.244:9618?addrs=188.185.70.244-9618+[2001-1458-d00-7--100-2ee]-9618&alias=bigbird10.cern.ch&noUDP&sock=schedd_2037_ca81>
...
040 (2524871.021.000) 07/20 04:57:15 Started transferring input files
	Transferring to host: <128.142.73.217:9618?addrs=128.142.73.217-9618+[2001-1458-301-75--100-b0]-9618&alias=b7s11n8608.cern.ch&noUDP&sock=slot1_10_5991_f38d_67315>
...
040 (2524871.021.000) 07/20 04:57:16 Finished transferring input files
...
001 (2524871.021.000) 07/20 04:57:16 Job executing on host: <128.142.73.217:9618?addrs=128.142.73.217-9618+[2001-1458-301-75--100-b0]-9618&alias=b7s11n8608.cern.ch&noUDP&sock=startd_4814_9502>
...
006 (2524871.021.000) 07/20 04:57:25 Image size of job updated: 1061940
	33  -  MemoryUsage of job (MB)
	33768  -  ResidentSetSize of job (KB)
...
006 (2524871.021.000) 07/20 05:02:26 Image size of job updated: 1061940
	290  -  MemoryUsage of job (MB)
	296400  -  ResidentSetSize of job (KB)
...
006 (2524871.021.000) 07/20 05:52:31 Image size of job updated: 1061940
	291  -  MemoryUsage of job (MB)
	296988  -  ResidentSetSize of job (KB)
...
040 (2524871.021.000) 07/20 05:54:07 Started transferring output files
...
040 (2524871.021.000) 07/20 05:54:07 Finished transferring output files
...
005 (2524871.021.000) 07/20 05:54:08 Job terminated.
	(1) Normal termination (return value 0)
		Usr 0 00:55:32, Sys 0 00:00:02  -  Run Remote Usage
		Usr 0 00:00:00, Sys 0 00:00:00  -  Run Local Usage
		Usr 0 00:55:32, Sys 0 00:00:02  -  Total Remote Usage
		Usr 0 00:00:00, Sys 0 00:00:00  -  Total Local Usage
	47119  -  Run Bytes Sent By Job
	55262812  -  Run Bytes Received By Job
	47119  -  Total Bytes Sent By Job
	55262812  -  Total Bytes Received By Job
	Partitionable Resources :     Usage  Request Allocated 
	   Cpus                 :      1.00        3         3 
	   Disk (KB)            : 183582       75000    282723 
	   Memory (MB)          :    291        6000      6000 

	Job terminated of its own accord at 2021-07-20T03:54:07Z.
...
