000 (2521842.195.000) 07/19 05:55:56 Job submitted from host: <188.185.70.244:9618?addrs=188.185.70.244-9618+[2001-1458-d00-7--100-2ee]-9618&alias=bigbird10.cern.ch&noUDP&sock=schedd_2037_ca81>
...
040 (2521842.195.000) 07/19 06:03:57 Started transferring input files
	Transferring to host: <128.142.79.125:9618?addrs=128.142.79.125-9618+[2001-1458-301-f4--100-254]-9618&alias=b7s12n1473.cern.ch&noUDP&sock=slot1_1_5736_47e2_66005>
...
040 (2521842.195.000) 07/19 06:03:58 Finished transferring input files
...
001 (2521842.195.000) 07/19 06:03:58 Job executing on host: <128.142.79.125:9618?addrs=128.142.79.125-9618+[2001-1458-301-f4--100-254]-9618&alias=b7s12n1473.cern.ch&noUDP&sock=startd_4587_e102>
...
006 (2521842.195.000) 07/19 06:04:07 Image size of job updated: 288720
	33  -  MemoryUsage of job (MB)
	33704  -  ResidentSetSize of job (KB)
...
006 (2521842.195.000) 07/19 06:09:08 Image size of job updated: 630844
	205  -  MemoryUsage of job (MB)
	209068  -  ResidentSetSize of job (KB)
...
006 (2521842.195.000) 07/19 06:29:09 Image size of job updated: 811552
	291  -  MemoryUsage of job (MB)
	297884  -  ResidentSetSize of job (KB)
...
006 (2521842.195.000) 07/19 06:48:05 Image size of job updated: 812128
	291  -  MemoryUsage of job (MB)
	297884  -  ResidentSetSize of job (KB)
...
040 (2521842.195.000) 07/19 06:48:05 Started transferring output files
...
040 (2521842.195.000) 07/19 06:48:05 Finished transferring output files
...
005 (2521842.195.000) 07/19 06:48:05 Job terminated.
	(1) Normal termination (return value 0)
		Usr 0 00:21:36, Sys 0 00:00:03  -  Run Remote Usage
		Usr 0 00:00:00, Sys 0 00:00:00  -  Run Local Usage
		Usr 0 00:21:36, Sys 0 00:00:03  -  Total Remote Usage
		Usr 0 00:00:00, Sys 0 00:00:00  -  Total Local Usage
	49016  -  Run Bytes Sent By Job
	55262812  -  Run Bytes Received By Job
	49016  -  Total Bytes Sent By Job
	55262812  -  Total Bytes Received By Job
	Partitionable Resources :     Usage  Request Allocated 
	   Cpus                 :      1.00        3         3 
	   Disk (KB)            : 183141       75000    272481 
	   Memory (MB)          :    291        6000      6000 

	Job terminated of its own accord at 2021-07-19T04:48:05Z.
...
