000 (2526743.044.000) 07/20 13:19:13 Job submitted from host: <188.185.70.244:9618?addrs=188.185.70.244-9618+[2001-1458-d00-7--100-2ee]-9618&alias=bigbird10.cern.ch&noUDP&sock=schedd_2037_ca81>
...
040 (2526743.044.000) 07/20 13:21:18 Started transferring input files
	Transferring to host: <128.142.77.238:9618?addrs=128.142.77.238-9618+[2001-1458-301-f4--100-12a]-9618&alias=b7s12n4296.cern.ch&noUDP&sock=slot1_5_26459_824d_119964>
...
040 (2526743.044.000) 07/20 13:21:18 Finished transferring input files
...
001 (2526743.044.000) 07/20 13:21:18 Job executing on host: <128.142.77.238:9618?addrs=128.142.77.238-9618+[2001-1458-301-f4--100-12a]-9618&alias=b7s12n4296.cern.ch&noUDP&sock=startd_15952_52da>
...
006 (2526743.044.000) 07/20 13:21:27 Image size of job updated: 60912
	30  -  MemoryUsage of job (MB)
	29836  -  ResidentSetSize of job (KB)
...
006 (2526743.044.000) 07/20 13:26:27 Image size of job updated: 636036
	209  -  MemoryUsage of job (MB)
	213524  -  ResidentSetSize of job (KB)
...
006 (2526743.044.000) 07/20 13:51:29 Image size of job updated: 939364
	413  -  MemoryUsage of job (MB)
	422896  -  ResidentSetSize of job (KB)
...
006 (2526743.044.000) 07/20 14:51:34 Image size of job updated: 940060
	414  -  MemoryUsage of job (MB)
	423584  -  ResidentSetSize of job (KB)
...
040 (2526743.044.000) 07/20 15:06:08 Started transferring output files
...
040 (2526743.044.000) 07/20 15:06:08 Finished transferring output files
...
005 (2526743.044.000) 07/20 15:06:09 Job terminated.
	(1) Normal termination (return value 0)
		Usr 0 01:18:24, Sys 0 00:00:05  -  Run Remote Usage
		Usr 0 00:00:00, Sys 0 00:00:00  -  Run Local Usage
		Usr 0 01:18:24, Sys 0 00:00:05  -  Total Remote Usage
		Usr 0 00:00:00, Sys 0 00:00:00  -  Total Local Usage
	50359  -  Run Bytes Sent By Job
	55262812  -  Run Bytes Received By Job
	50359  -  Total Bytes Sent By Job
	55262812  -  Total Bytes Received By Job
	Partitionable Resources :     Usage  Request Allocated 
	   Cpus                 :      1.00        3         3 
	   Disk (KB)            : 204355       75000    287160 
	   Memory (MB)          :    414        6000      6000 

	Job terminated of its own accord at 2021-07-20T13:06:08Z.
...
