000 (2521842.020.000) 07/19 05:55:55 Job submitted from host: <188.185.70.244:9618?addrs=188.185.70.244-9618+[2001-1458-d00-7--100-2ee]-9618&alias=bigbird10.cern.ch&noUDP&sock=schedd_2037_ca81>
...
040 (2521842.020.000) 07/19 05:58:58 Started transferring input files
	Transferring to host: <188.184.196.242:9618?addrs=188.184.196.242-9618+[2001-1458-301-102--100-ee]-9618&alias=b7g24n0488.cern.ch&noUDP&sock=slot1_2_24697_0545_122531>
...
040 (2521842.020.000) 07/19 05:58:59 Finished transferring input files
...
001 (2521842.020.000) 07/19 05:58:59 Job executing on host: <188.184.196.242:9618?addrs=188.184.196.242-9618+[2001-1458-301-102--100-ee]-9618&alias=b7g24n0488.cern.ch&noUDP&sock=startd_10224_645f>
...
006 (2521842.020.000) 07/19 05:59:07 Image size of job updated: 99148
	50  -  MemoryUsage of job (MB)
	51128  -  ResidentSetSize of job (KB)
...
006 (2521842.020.000) 07/19 06:04:07 Image size of job updated: 626804
	201  -  MemoryUsage of job (MB)
	205240  -  ResidentSetSize of job (KB)
...
006 (2521842.020.000) 07/19 06:09:08 Image size of job updated: 826112
	302  -  MemoryUsage of job (MB)
	308768  -  ResidentSetSize of job (KB)
...
006 (2521842.020.000) 07/19 06:34:11 Image size of job updated: 826604
	303  -  MemoryUsage of job (MB)
	309344  -  ResidentSetSize of job (KB)
...
040 (2521842.020.000) 07/19 06:40:33 Started transferring output files
...
040 (2521842.020.000) 07/19 06:40:33 Finished transferring output files
...
005 (2521842.020.000) 07/19 06:40:33 Job terminated.
	(1) Normal termination (return value 0)
		Usr 0 00:33:50, Sys 0 00:00:02  -  Run Remote Usage
		Usr 0 00:00:00, Sys 0 00:00:00  -  Run Local Usage
		Usr 0 00:33:50, Sys 0 00:00:02  -  Total Remote Usage
		Usr 0 00:00:00, Sys 0 00:00:00  -  Total Local Usage
	50181  -  Run Bytes Sent By Job
	55262812  -  Run Bytes Received By Job
	50181  -  Total Bytes Sent By Job
	55262812  -  Total Bytes Received By Job
	Partitionable Resources :     Usage  Request Allocated 
	   Cpus                 :      1.00        3         3 
	   Disk (KB)            : 185889       75000    332012 
	   Memory (MB)          :    303        6000      6000 

	Job terminated of its own accord at 2021-07-19T04:40:33Z.
...
