000 (2536881.203.000) 07/22 03:18:13 Job submitted from host: <188.185.70.244:9618?addrs=188.185.70.244-9618+[2001-1458-d00-7--100-2ee]-9618&alias=bigbird10.cern.ch&noUDP&sock=schedd_2037_ca81>
...
040 (2536881.203.000) 07/22 04:03:02 Started transferring input files
	Transferring to host: <128.142.57.84:9618?addrs=128.142.57.84-9618+[2001-1458-301-7--100-53]-9618&alias=b7s02p4931.cern.ch&noUDP&sock=slot1_20_6504_6802_19423>
...
040 (2536881.203.000) 07/22 04:03:03 Finished transferring input files
...
001 (2536881.203.000) 07/22 04:03:03 Job executing on host: <128.142.57.84:9618?addrs=128.142.57.84-9618+[2001-1458-301-7--100-53]-9618&alias=b7s02p4931.cern.ch&noUDP&sock=startd_6036_c5bd>
...
006 (2536881.203.000) 07/22 04:03:11 Image size of job updated: 259224
	180  -  MemoryUsage of job (MB)
	184184  -  ResidentSetSize of job (KB)
...
006 (2536881.203.000) 07/22 04:08:11 Image size of job updated: 816396
	296  -  MemoryUsage of job (MB)
	302688  -  ResidentSetSize of job (KB)
...
006 (2536881.203.000) 07/22 04:18:12 Image size of job updated: 816988
	297  -  MemoryUsage of job (MB)
	303288  -  ResidentSetSize of job (KB)
...
040 (2536881.203.000) 07/22 04:22:37 Started transferring output files
...
040 (2536881.203.000) 07/22 04:22:37 Finished transferring output files
...
005 (2536881.203.000) 07/22 04:22:38 Job terminated.
	(1) Normal termination (return value 0)
		Usr 0 00:19:27, Sys 0 00:00:02  -  Run Remote Usage
		Usr 0 00:00:00, Sys 0 00:00:00  -  Run Local Usage
		Usr 0 00:19:27, Sys 0 00:00:02  -  Total Remote Usage
		Usr 0 00:00:00, Sys 0 00:00:00  -  Total Local Usage
	43476  -  Run Bytes Sent By Job
	55262812  -  Run Bytes Received By Job
	43476  -  Total Bytes Sent By Job
	55262812  -  Total Bytes Received By Job
	Partitionable Resources :     Usage  Request Allocated 
	   Cpus                 :      1.00        3         3 
	   Disk (KB)            : 184048       75000   1306527 
	   Memory (MB)          :    297        6000      6000 

	Job terminated of its own accord at 2021-07-22T02:22:37Z.
...
