000 (2521842.177.000) 07/19 05:55:56 Job submitted from host: <188.185.70.244:9618?addrs=188.185.70.244-9618+[2001-1458-d00-7--100-2ee]-9618&alias=bigbird10.cern.ch&noUDP&sock=schedd_2037_ca81>
...
040 (2521842.177.000) 07/19 06:03:51 Started transferring input files
	Transferring to host: <128.142.73.78:9618?addrs=128.142.73.78-9618+[2001-1458-301-75--100-fc]-9618&alias=b7s11n7828.cern.ch&noUDP&sock=slot1_1_5245_53ae_70295>
...
040 (2521842.177.000) 07/19 06:03:52 Finished transferring input files
...
001 (2521842.177.000) 07/19 06:03:52 Job executing on host: <128.142.73.78:9618?addrs=128.142.73.78-9618+[2001-1458-301-75--100-fc]-9618&alias=b7s11n7828.cern.ch&noUDP&sock=startd_4081_ce16>
...
006 (2521842.177.000) 07/19 06:04:01 Image size of job updated: 419196
	28  -  MemoryUsage of job (MB)
	28640  -  ResidentSetSize of job (KB)
...
006 (2521842.177.000) 07/19 06:09:02 Image size of job updated: 806636
	284  -  MemoryUsage of job (MB)
	289820  -  ResidentSetSize of job (KB)
...
006 (2521842.177.000) 07/19 06:19:02 Image size of job updated: 807340
	284  -  MemoryUsage of job (MB)
	290492  -  ResidentSetSize of job (KB)
...
040 (2521842.177.000) 07/19 06:24:32 Started transferring output files
...
040 (2521842.177.000) 07/19 06:24:32 Finished transferring output files
...
005 (2521842.177.000) 07/19 06:24:32 Job terminated.
	(1) Normal termination (return value 0)
		Usr 0 00:17:19, Sys 0 00:00:03  -  Run Remote Usage
		Usr 0 00:00:00, Sys 0 00:00:00  -  Run Local Usage
		Usr 0 00:17:19, Sys 0 00:00:03  -  Total Remote Usage
		Usr 0 00:00:00, Sys 0 00:00:00  -  Total Local Usage
	48487  -  Run Bytes Sent By Job
	55262812  -  Run Bytes Received By Job
	48487  -  Total Bytes Sent By Job
	55262812  -  Total Bytes Received By Job
	Partitionable Resources :     Usage  Request Allocated 
	   Cpus                 :      1.00        3         3 
	   Disk (KB)            : 182365       75000    289034 
	   Memory (MB)          :    284        6000      6000 

	Job terminated of its own accord at 2021-07-19T04:24:32Z.
...
