000 (2521867.125.000) 07/19 07:46:08 Job submitted from host: <188.185.70.244:9618?addrs=188.185.70.244-9618+[2001-1458-d00-7--100-2ee]-9618&alias=bigbird10.cern.ch&noUDP&sock=schedd_2037_ca81>
...
040 (2521867.125.000) 07/19 07:49:27 Started transferring input files
	Transferring to host: <128.142.57.73:9618?addrs=128.142.57.73-9618+[2001-1458-301-7--100-48]-9618&alias=b7s02p3789.cern.ch&noUDP&sock=slot1_23_6843_432f_12006>
...
040 (2521867.125.000) 07/19 07:49:28 Finished transferring input files
...
001 (2521867.125.000) 07/19 07:49:28 Job executing on host: <128.142.57.73:9618?addrs=128.142.57.73-9618+[2001-1458-301-7--100-48]-9618&alias=b7s02p3789.cern.ch&noUDP&sock=startd_6389_e6ab>
...
006 (2521867.125.000) 07/19 07:49:36 Image size of job updated: 267688
	190  -  MemoryUsage of job (MB)
	193860  -  ResidentSetSize of job (KB)
...
006 (2521867.125.000) 07/19 07:54:36 Image size of job updated: 626880
	203  -  MemoryUsage of job (MB)
	207268  -  ResidentSetSize of job (KB)
...
006 (2521867.125.000) 07/19 07:59:37 Image size of job updated: 749652
	296  -  MemoryUsage of job (MB)
	302928  -  ResidentSetSize of job (KB)
...
006 (2521867.125.000) 07/19 08:04:38 Image size of job updated: 749652
	297  -  MemoryUsage of job (MB)
	303564  -  ResidentSetSize of job (KB)
...
006 (2521867.125.000) 07/19 08:09:38 Image size of job updated: 750288
	297  -  MemoryUsage of job (MB)
	303564  -  ResidentSetSize of job (KB)
...
040 (2521867.125.000) 07/19 08:11:47 Started transferring output files
...
040 (2521867.125.000) 07/19 08:11:47 Finished transferring output files
...
005 (2521867.125.000) 07/19 08:11:47 Job terminated.
	(1) Normal termination (return value 0)
		Usr 0 00:13:42, Sys 0 00:00:02  -  Run Remote Usage
		Usr 0 00:00:00, Sys 0 00:00:00  -  Run Local Usage
		Usr 0 00:13:42, Sys 0 00:00:02  -  Total Remote Usage
		Usr 0 00:00:00, Sys 0 00:00:00  -  Total Local Usage
	50130  -  Run Bytes Sent By Job
	55262812  -  Run Bytes Received By Job
	50130  -  Total Bytes Sent By Job
	55262812  -  Total Bytes Received By Job
	Partitionable Resources :     Usage  Request Allocated 
	   Cpus                 :      1.00        3         3 
	   Disk (KB)            : 184630       75000   1298199 
	   Memory (MB)          :    297        6000      6000 

	Job terminated of its own accord at 2021-07-19T06:11:47Z.
...
