000 (2526743.135.000) 07/20 13:19:14 Job submitted from host: <188.185.70.244:9618?addrs=188.185.70.244-9618+[2001-1458-d00-7--100-2ee]-9618&alias=bigbird10.cern.ch&noUDP&sock=schedd_2037_ca81>
...
040 (2526743.135.000) 07/20 13:25:05 Started transferring input files
	Transferring to host: <128.142.86.139:9618?addrs=128.142.86.139-9618&alias=b7s14n8354.cern.ch&noUDP&sock=slot1_12_2837_ac4c_67951>
...
040 (2526743.135.000) 07/20 13:25:06 Finished transferring input files
...
001 (2526743.135.000) 07/20 13:25:07 Job executing on host: <128.142.86.139:9618?addrs=128.142.86.139-9618&alias=b7s14n8354.cern.ch&noUDP&sock=startd_2149_9d1d>
...
006 (2526743.135.000) 07/20 13:25:15 Image size of job updated: 13228
	4  -  MemoryUsage of job (MB)
	3692  -  ResidentSetSize of job (KB)
...
006 (2526743.135.000) 07/20 13:30:15 Image size of job updated: 631408
	205  -  MemoryUsage of job (MB)
	209604  -  ResidentSetSize of job (KB)
...
006 (2526743.135.000) 07/20 13:35:15 Image size of job updated: 631408
	205  -  MemoryUsage of job (MB)
	209608  -  ResidentSetSize of job (KB)
...
006 (2526743.135.000) 07/20 13:55:17 Image size of job updated: 809348
	289  -  MemoryUsage of job (MB)
	295852  -  ResidentSetSize of job (KB)
...
006 (2526743.135.000) 07/20 14:15:19 Image size of job updated: 809848
	290  -  MemoryUsage of job (MB)
	296448  -  ResidentSetSize of job (KB)
...
040 (2526743.135.000) 07/20 14:16:04 Started transferring output files
...
040 (2526743.135.000) 07/20 14:16:04 Finished transferring output files
...
005 (2526743.135.000) 07/20 14:16:04 Job terminated.
	(1) Normal termination (return value 0)
		Usr 0 00:23:42, Sys 0 00:00:03  -  Run Remote Usage
		Usr 0 00:00:00, Sys 0 00:00:00  -  Run Local Usage
		Usr 0 00:23:42, Sys 0 00:00:03  -  Total Remote Usage
		Usr 0 00:00:00, Sys 0 00:00:00  -  Total Local Usage
	52737  -  Run Bytes Sent By Job
	55262812  -  Run Bytes Received By Job
	52737  -  Total Bytes Sent By Job
	55262812  -  Total Bytes Received By Job
	Partitionable Resources :     Usage  Request Allocated 
	   Cpus                 :      0.99        3         3 
	   Disk (KB)            : 182663       75000    277997 
	   Memory (MB)          :    290        6000      6000 

	Job terminated of its own accord at 2021-07-20T12:16:04Z.
...
