000 (2556082.028.000) 07/27 11:07:46 Job submitted from host: <188.185.70.244:9618?addrs=188.185.70.244-9618+[2001-1458-d00-7--100-2ee]-9618&alias=bigbird10.cern.ch&noUDP&sock=schedd_2037_ca81>
...
040 (2556082.028.000) 07/27 11:38:36 Started transferring input files
	Transferring to host: <128.142.58.130:9618?addrs=128.142.58.130-9618+[2001-1458-301-16--100-81]-9618&alias=b7s03p3183.cern.ch&noUDP&sock=slot1_11_6724_6a8b_17675>
...
040 (2556082.028.000) 07/27 11:38:37 Finished transferring input files
...
001 (2556082.028.000) 07/27 11:38:37 Job executing on host: <128.142.58.130:9618?addrs=128.142.58.130-9618+[2001-1458-301-16--100-81]-9618&alias=b7s03p3183.cern.ch&noUDP&sock=startd_6268_e7b6>
...
006 (2556082.028.000) 07/27 11:38:45 Image size of job updated: 261056
	182  -  MemoryUsage of job (MB)
	185936  -  ResidentSetSize of job (KB)
...
006 (2556082.028.000) 07/27 11:43:45 Image size of job updated: 627440
	202  -  MemoryUsage of job (MB)
	206244  -  ResidentSetSize of job (KB)
...
006 (2556082.028.000) 07/27 11:48:46 Image size of job updated: 815960
	293  -  MemoryUsage of job (MB)
	299448  -  ResidentSetSize of job (KB)
...
040 (2556082.028.000) 07/27 12:02:17 Started transferring output files
...
040 (2556082.028.000) 07/27 12:02:17 Finished transferring output files
...
005 (2556082.028.000) 07/27 12:02:17 Job terminated.
	(1) Normal termination (return value 0)
		Usr 0 00:15:10, Sys 0 00:00:03  -  Run Remote Usage
		Usr 0 00:00:00, Sys 0 00:00:00  -  Run Local Usage
		Usr 0 00:15:10, Sys 0 00:00:03  -  Total Remote Usage
		Usr 0 00:00:00, Sys 0 00:00:00  -  Total Local Usage
	46959  -  Run Bytes Sent By Job
	55262880  -  Run Bytes Received By Job
	46959  -  Total Bytes Sent By Job
	55262880  -  Total Bytes Received By Job
	Partitionable Resources :     Usage  Request Allocated 
	   Cpus                 :      1.00        3         3 
	   Disk (KB)            : 187873       75000   1229652 
	   Memory (MB)          :    293        6000      6000 

	Job terminated of its own accord at 2021-07-27T10:02:17Z.
...
