000 (2521867.203.000) 07/19 07:46:08 Job submitted from host: <188.185.70.244:9618?addrs=188.185.70.244-9618+[2001-1458-d00-7--100-2ee]-9618&alias=bigbird10.cern.ch&noUDP&sock=schedd_2037_ca81>
...
040 (2521867.203.000) 07/19 07:49:57 Started transferring input files
	Transferring to host: <128.142.59.103:9618?addrs=128.142.59.103-9618+[2001-1458-301-21--100-66]-9618&alias=b7s04p5872.cern.ch&noUDP&sock=slot1_11_6682_d2c9_11559>
...
040 (2521867.203.000) 07/19 07:49:57 Finished transferring input files
...
001 (2521867.203.000) 07/19 07:49:57 Job executing on host: <128.142.59.103:9618?addrs=128.142.59.103-9618+[2001-1458-301-21--100-66]-9618&alias=b7s04p5872.cern.ch&noUDP&sock=startd_6226_18bc>
...
006 (2521867.203.000) 07/19 07:50:07 Image size of job updated: 538324
	184  -  MemoryUsage of job (MB)
	187716  -  ResidentSetSize of job (KB)
...
006 (2521867.203.000) 07/19 07:55:07 Image size of job updated: 631952
	205  -  MemoryUsage of job (MB)
	209660  -  ResidentSetSize of job (KB)
...
006 (2521867.203.000) 07/19 08:00:07 Image size of job updated: 817356
	297  -  MemoryUsage of job (MB)
	303596  -  ResidentSetSize of job (KB)
...
006 (2521867.203.000) 07/19 08:08:03 Image size of job updated: 817964
	297  -  MemoryUsage of job (MB)
	303596  -  ResidentSetSize of job (KB)
...
040 (2521867.203.000) 07/19 08:08:03 Started transferring output files
...
040 (2521867.203.000) 07/19 08:08:03 Finished transferring output files
...
005 (2521867.203.000) 07/19 08:08:04 Job terminated.
	(1) Normal termination (return value 0)
		Usr 0 00:13:00, Sys 0 00:00:02  -  Run Remote Usage
		Usr 0 00:00:00, Sys 0 00:00:00  -  Run Local Usage
		Usr 0 00:13:00, Sys 0 00:00:02  -  Total Remote Usage
		Usr 0 00:00:00, Sys 0 00:00:00  -  Total Local Usage
	50232  -  Run Bytes Sent By Job
	55262812  -  Run Bytes Received By Job
	50232  -  Total Bytes Sent By Job
	55262812  -  Total Bytes Received By Job
	Partitionable Resources :     Usage  Request Allocated 
	   Cpus                 :      1.00        3         3 
	   Disk (KB)            : 184197       75000   1336470 
	   Memory (MB)          :    297        6000      6000 

	Job terminated of its own accord at 2021-07-19T06:08:03Z.
...
