000 (2521675.124.000) 07/19 04:18:40 Job submitted from host: <188.185.70.244:9618?addrs=188.185.70.244-9618+[2001-1458-d00-7--100-2ee]-9618&alias=bigbird10.cern.ch&noUDP&sock=schedd_2037_ca81>
...
040 (2521675.124.000) 07/19 04:24:36 Started transferring input files
	Transferring to host: <128.142.56.52:9618?addrs=128.142.56.52-9618+[2001-1458-301-6--100-33]-9618&alias=b7s01p0520.cern.ch&noUDP&sock=slot1_24_47881_3ef4_14709>
...
040 (2521675.124.000) 07/19 04:24:37 Finished transferring input files
...
001 (2521675.124.000) 07/19 04:24:37 Job executing on host: <128.142.56.52:9618?addrs=128.142.56.52-9618+[2001-1458-301-6--100-33]-9618&alias=b7s01p0520.cern.ch&noUDP&sock=startd_44788_6bd1>
...
006 (2521675.124.000) 07/19 04:24:45 Image size of job updated: 270832
	192  -  MemoryUsage of job (MB)
	195836  -  ResidentSetSize of job (KB)
...
006 (2521675.124.000) 07/19 04:29:45 Image size of job updated: 631156
	205  -  MemoryUsage of job (MB)
	209448  -  ResidentSetSize of job (KB)
...
006 (2521675.124.000) 07/19 04:34:46 Image size of job updated: 631156
	205  -  MemoryUsage of job (MB)
	209452  -  ResidentSetSize of job (KB)
...
006 (2521675.124.000) 07/19 05:06:01 Image size of job updated: 729904
	205  -  MemoryUsage of job (MB)
	209452  -  ResidentSetSize of job (KB)
...
040 (2521675.124.000) 07/19 05:06:01 Started transferring output files
...
040 (2521675.124.000) 07/19 05:06:01 Finished transferring output files
...
005 (2521675.124.000) 07/19 05:06:02 Job terminated.
	(1) Normal termination (return value 0)
		Usr 0 00:01:39, Sys 0 00:00:03  -  Run Remote Usage
		Usr 0 00:00:00, Sys 0 00:00:00  -  Run Local Usage
		Usr 0 00:01:39, Sys 0 00:00:03  -  Total Remote Usage
		Usr 0 00:00:00, Sys 0 00:00:00  -  Total Local Usage
	49618  -  Run Bytes Sent By Job
	55262812  -  Run Bytes Received By Job
	49618  -  Total Bytes Sent By Job
	55262812  -  Total Bytes Received By Job
	Partitionable Resources :     Usage  Request Allocated 
	   Cpus                 :      0.14        3         3 
	   Disk (KB)            : 200578       75000   1253964 
	   Memory (MB)          :    205        6000      6000 

	Job terminated of its own accord at 2021-07-19T03:06:01Z.
...
