000 (2521842.082.000) 07/19 05:55:55 Job submitted from host: <188.185.70.244:9618?addrs=188.185.70.244-9618+[2001-1458-d00-7--100-2ee]-9618&alias=bigbird10.cern.ch&noUDP&sock=schedd_2037_ca81>
...
040 (2521842.082.000) 07/19 06:01:20 Started transferring input files
	Transferring to host: <128.142.57.115:9618?addrs=128.142.57.115-9618+[2001-1458-301-7--100-72]-9618&alias=b7s02p3466.cern.ch&noUDP&sock=slot1_4_6854_0350_12613>
...
040 (2521842.082.000) 07/19 06:01:21 Finished transferring input files
...
001 (2521842.082.000) 07/19 06:01:21 Job executing on host: <128.142.57.115:9618?addrs=128.142.57.115-9618+[2001-1458-301-7--100-72]-9618&alias=b7s02p3466.cern.ch&noUDP&sock=startd_6392_f574>
...
006 (2521842.082.000) 07/19 06:01:29 Image size of job updated: 288712
	45  -  MemoryUsage of job (MB)
	45516  -  ResidentSetSize of job (KB)
...
006 (2521842.082.000) 07/19 06:06:29 Image size of job updated: 626740
	201  -  MemoryUsage of job (MB)
	205756  -  ResidentSetSize of job (KB)
...
006 (2521842.082.000) 07/19 06:26:32 Image size of job updated: 818880
	295  -  MemoryUsage of job (MB)
	302004  -  ResidentSetSize of job (KB)
...
006 (2521842.082.000) 07/19 06:36:33 Image size of job updated: 819388
	296  -  MemoryUsage of job (MB)
	302608  -  ResidentSetSize of job (KB)
...
040 (2521842.082.000) 07/19 06:39:29 Started transferring output files
...
040 (2521842.082.000) 07/19 06:39:29 Finished transferring output files
...
005 (2521842.082.000) 07/19 06:39:29 Job terminated.
	(1) Normal termination (return value 0)
		Usr 0 00:16:28, Sys 0 00:00:02  -  Run Remote Usage
		Usr 0 00:00:00, Sys 0 00:00:00  -  Run Local Usage
		Usr 0 00:16:28, Sys 0 00:00:02  -  Total Remote Usage
		Usr 0 00:00:00, Sys 0 00:00:00  -  Total Local Usage
	50337  -  Run Bytes Sent By Job
	55262812  -  Run Bytes Received By Job
	50337  -  Total Bytes Sent By Job
	55262812  -  Total Bytes Received By Job
	Partitionable Resources :     Usage  Request Allocated 
	   Cpus                 :      1.00        3         3 
	   Disk (KB)            : 184572       75000   1193893 
	   Memory (MB)          :    296        6000      6000 

	Job terminated of its own accord at 2021-07-19T04:39:29Z.
...
