000 (2522101.126.000) 07/19 11:55:34 Job submitted from host: <188.185.70.244:9618?addrs=188.185.70.244-9618+[2001-1458-d00-7--100-2ee]-9618&alias=bigbird10.cern.ch&noUDP&sock=schedd_2037_ca81>
...
040 (2522101.126.000) 07/19 12:56:01 Started transferring input files
	Transferring to host: <128.142.57.96:9618?addrs=128.142.57.96-9618+[2001-1458-301-7--100-5f]-9618&alias=b7s02p8490.cern.ch&noUDP&sock=slot1_7_6796_258d_12656>
...
040 (2522101.126.000) 07/19 12:56:02 Finished transferring input files
...
001 (2522101.126.000) 07/19 12:56:02 Job executing on host: <128.142.57.96:9618?addrs=128.142.57.96-9618+[2001-1458-301-7--100-5f]-9618&alias=b7s02p8490.cern.ch&noUDP&sock=startd_6347_17b1>
...
006 (2522101.126.000) 07/19 12:56:10 Image size of job updated: 533000
	171  -  MemoryUsage of job (MB)
	174316  -  ResidentSetSize of job (KB)
...
006 (2522101.126.000) 07/19 13:01:10 Image size of job updated: 630292
	204  -  MemoryUsage of job (MB)
	208584  -  ResidentSetSize of job (KB)
...
006 (2522101.126.000) 07/19 13:56:16 Image size of job updated: 951544
	423  -  MemoryUsage of job (MB)
	432984  -  ResidentSetSize of job (KB)
...
006 (2522101.126.000) 07/19 14:21:18 Image size of job updated: 952084
	424  -  MemoryUsage of job (MB)
	433548  -  ResidentSetSize of job (KB)
...
040 (2522101.126.000) 07/19 14:30:14 Started transferring output files
...
040 (2522101.126.000) 07/19 14:30:15 Finished transferring output files
...
005 (2522101.126.000) 07/19 14:30:18 Job terminated.
	(1) Normal termination (return value 0)
		Usr 0 00:40:14, Sys 0 00:00:05  -  Run Remote Usage
		Usr 0 00:00:00, Sys 0 00:00:00  -  Run Local Usage
		Usr 0 00:40:14, Sys 0 00:00:05  -  Total Remote Usage
		Usr 0 00:00:00, Sys 0 00:00:00  -  Total Local Usage
	47411  -  Run Bytes Sent By Job
	55262812  -  Run Bytes Received By Job
	47411  -  Total Bytes Sent By Job
	55262812  -  Total Bytes Received By Job
	Partitionable Resources :     Usage  Request Allocated 
	   Cpus                 :      1.00        3         3 
	   Disk (KB)            : 206872       75000   1289933 
	   Memory (MB)          :    424        6000      6000 

	Job terminated of its own accord at 2021-07-19T12:30:12Z.
...
