000 (2552365.006.000) 07/26 17:28:17 Job submitted from host: <188.185.70.244:9618?addrs=188.185.70.244-9618+[2001-1458-d00-7--100-2ee]-9618&alias=bigbird10.cern.ch&noUDP&sock=schedd_2037_ca81>
...
040 (2552365.006.000) 07/26 17:31:25 Entered queue to transfer input files
	Transferring to host: <188.184.168.184:9618?addrs=188.184.168.184-9618&alias=b7g52n7257.cern.ch&noUDP&sock=slot1_3_6020_626e_70444>
...
040 (2552365.006.000) 07/26 17:31:41 Started transferring input files
	Seconds spent in queue: 16
...
001 (2552365.006.000) 07/26 17:31:41 Job executing on host: <188.184.168.184:9618?addrs=188.184.168.184-9618&alias=b7g52n7257.cern.ch&noUDP&sock=startd_4907_5f50>
...
006 (2552365.006.000) 07/26 17:31:53 Image size of job updated: 46736
	27  -  MemoryUsage of job (MB)
	27504  -  ResidentSetSize of job (KB)
...
040 (2552365.006.000) 07/26 17:31:53 Finished transferring input files
...
006 (2552365.006.000) 07/26 17:36:51 Image size of job updated: 630844
	205  -  MemoryUsage of job (MB)
	209092  -  ResidentSetSize of job (KB)
...
006 (2552365.006.000) 07/26 17:46:52 Image size of job updated: 816744
	296  -  MemoryUsage of job (MB)
	302864  -  ResidentSetSize of job (KB)
...
006 (2552365.006.000) 07/26 18:01:54 Image size of job updated: 817412
	297  -  MemoryUsage of job (MB)
	303684  -  ResidentSetSize of job (KB)
...
040 (2552365.006.000) 07/26 18:05:45 Started transferring output files
	Seconds spent in queue: 2060
...
040 (2552365.006.000) 07/26 18:05:45 Finished transferring output files
...
005 (2552365.006.000) 07/26 18:05:45 Job terminated.
	(1) Normal termination (return value 0)
		Usr 0 00:22:02, Sys 0 00:00:03  -  Run Remote Usage
		Usr 0 00:00:00, Sys 0 00:00:00  -  Run Local Usage
		Usr 0 00:22:02, Sys 0 00:00:03  -  Total Remote Usage
		Usr 0 00:00:00, Sys 0 00:00:00  -  Total Local Usage
	50310  -  Run Bytes Sent By Job
	55262876  -  Run Bytes Received By Job
	50310  -  Total Bytes Sent By Job
	55262876  -  Total Bytes Received By Job
	Partitionable Resources :     Usage  Request Allocated 
	   Cpus                 :      1.00        3         3 
	   Disk (KB)            : 183642       75000    277120 
	   Memory (MB)          :    297        6000      6000 

	Job terminated of its own accord at 2021-07-26T16:05:45Z.
...
