000 (2524871.125.000) 07/20 04:35:08 Job submitted from host: <188.185.70.244:9618?addrs=188.185.70.244-9618+[2001-1458-d00-7--100-2ee]-9618&alias=bigbird10.cern.ch&noUDP&sock=schedd_2037_ca81>
...
040 (2524871.125.000) 07/20 05:11:32 Started transferring input files
	Transferring to host: <128.142.57.114:9618?addrs=128.142.57.114-9618+[2001-1458-301-7--100-71]-9618&alias=b7s02p1424.cern.ch&noUDP&sock=slot1_23_6375_839c_13181>
...
040 (2524871.125.000) 07/20 05:11:33 Finished transferring input files
...
001 (2524871.125.000) 07/20 05:11:33 Job executing on host: <128.142.57.114:9618?addrs=128.142.57.114-9618+[2001-1458-301-7--100-71]-9618&alias=b7s02p1424.cern.ch&noUDP&sock=startd_6140_1b97>
...
006 (2524871.125.000) 07/20 05:11:42 Image size of job updated: 288712
	192  -  MemoryUsage of job (MB)
	195736  -  ResidentSetSize of job (KB)
...
006 (2524871.125.000) 07/20 05:16:43 Image size of job updated: 630532
	204  -  MemoryUsage of job (MB)
	208780  -  ResidentSetSize of job (KB)
...
006 (2524871.125.000) 07/20 05:21:43 Image size of job updated: 630532
	204  -  MemoryUsage of job (MB)
	208788  -  ResidentSetSize of job (KB)
...
006 (2524871.125.000) 07/20 07:11:50 Image size of job updated: 908228
	381  -  MemoryUsage of job (MB)
	389788  -  ResidentSetSize of job (KB)
...
040 (2524871.125.000) 07/20 07:35:15 Started transferring output files
...
040 (2524871.125.000) 07/20 07:35:15 Finished transferring output files
...
005 (2524871.125.000) 07/20 07:35:15 Job terminated.
	(1) Normal termination (return value 0)
		Usr 0 00:26:49, Sys 0 00:00:03  -  Run Remote Usage
		Usr 0 00:00:00, Sys 0 00:00:00  -  Run Local Usage
		Usr 0 00:26:49, Sys 0 00:00:03  -  Total Remote Usage
		Usr 0 00:00:00, Sys 0 00:00:00  -  Total Local Usage
	52066  -  Run Bytes Sent By Job
	55262812  -  Run Bytes Received By Job
	52066  -  Total Bytes Sent By Job
	55262812  -  Total Bytes Received By Job
	Partitionable Resources :     Usage  Request Allocated 
	   Cpus                 :      1.00        3         3 
	   Disk (KB)            : 197659       75000   1189759 
	   Memory (MB)          :    381        6000      6000 

	Job terminated of its own accord at 2021-07-20T05:35:15Z.
...
