000 (2524871.216.000) 07/20 04:35:08 Job submitted from host: <188.185.70.244:9618?addrs=188.185.70.244-9618+[2001-1458-d00-7--100-2ee]-9618&alias=bigbird10.cern.ch&noUDP&sock=schedd_2037_ca81>
...
040 (2524871.216.000) 07/20 05:30:11 Started transferring input files
	Transferring to host: <128.142.58.69:9618?addrs=128.142.58.69-9618+[2001-1458-301-16--100-44]-9618&alias=b7s03p0320.cern.ch&noUDP&sock=slot1_47_6682_d2c9_10856>
...
040 (2524871.216.000) 07/20 05:30:12 Finished transferring input files
...
001 (2524871.216.000) 07/20 05:30:12 Job executing on host: <128.142.58.69:9618?addrs=128.142.58.69-9618+[2001-1458-301-16--100-44]-9618&alias=b7s03p0320.cern.ch&noUDP&sock=startd_6226_18bc>
...
006 (2524871.216.000) 07/20 05:30:20 Image size of job updated: 261656
	183  -  MemoryUsage of job (MB)
	186624  -  ResidentSetSize of job (KB)
...
006 (2524871.216.000) 07/20 05:35:20 Image size of job updated: 626816
	266  -  MemoryUsage of job (MB)
	271568  -  ResidentSetSize of job (KB)
...
006 (2524871.216.000) 07/20 05:40:21 Image size of job updated: 789004
	266  -  MemoryUsage of job (MB)
	271568  -  ResidentSetSize of job (KB)
...
006 (2524871.216.000) 07/20 05:44:20 Image size of job updated: 789540
	266  -  MemoryUsage of job (MB)
	271568  -  ResidentSetSize of job (KB)
...
040 (2524871.216.000) 07/20 05:44:20 Started transferring output files
...
040 (2524871.216.000) 07/20 05:44:20 Finished transferring output files
...
005 (2524871.216.000) 07/20 05:44:20 Job terminated.
	(1) Normal termination (return value 0)
		Usr 0 00:09:40, Sys 0 00:00:01  -  Run Remote Usage
		Usr 0 00:00:00, Sys 0 00:00:00  -  Run Local Usage
		Usr 0 00:09:40, Sys 0 00:00:01  -  Total Remote Usage
		Usr 0 00:00:00, Sys 0 00:00:00  -  Total Local Usage
	48671  -  Run Bytes Sent By Job
	55262812  -  Run Bytes Received By Job
	48671  -  Total Bytes Sent By Job
	55262812  -  Total Bytes Received By Job
	Partitionable Resources :     Usage  Request Allocated 
	   Cpus                 :      1.00        3         3 
	   Disk (KB)            : 179097       75000   1315795 
	   Memory (MB)          :    266        6000      6000 

	Job terminated of its own accord at 2021-07-20T03:44:20Z.
...
