000 (2552364.007.000) 07/26 17:27:33 Job submitted from host: <188.185.70.244:9618?addrs=188.185.70.244-9618+[2001-1458-d00-7--100-2ee]-9618&alias=bigbird10.cern.ch&noUDP&sock=schedd_2037_ca81>
...
040 (2552364.007.000) 07/26 17:31:14 Entered queue to transfer input files
	Transferring to host: <188.184.139.219:9618?addrs=188.184.139.219-9618+[2001-1458-301-45--100-1cd]-9618&alias=b7g42n0754.cern.ch&noUDP&sock=slot1_1_19073_6761_146404>
...
040 (2552364.007.000) 07/26 17:31:30 Started transferring input files
	Seconds spent in queue: 16
...
001 (2552364.007.000) 07/26 17:31:30 Job executing on host: <188.184.139.219:9618?addrs=188.184.139.219-9618+[2001-1458-301-45--100-1cd]-9618&alias=b7g42n0754.cern.ch&noUDP&sock=startd_5611_41fd>
...
006 (2552364.007.000) 07/26 17:31:46 Image size of job updated: 328088
	110  -  MemoryUsage of job (MB)
	111840  -  ResidentSetSize of job (KB)
...
040 (2552364.007.000) 07/26 17:31:46 Finished transferring input files
...
006 (2552364.007.000) 07/26 17:36:40 Image size of job updated: 806304
	286  -  MemoryUsage of job (MB)
	292372  -  ResidentSetSize of job (KB)
...
006 (2552364.007.000) 07/26 17:46:42 Image size of job updated: 806776
	287  -  MemoryUsage of job (MB)
	292960  -  ResidentSetSize of job (KB)
...
040 (2552364.007.000) 07/26 17:48:56 Started transferring output files
	Seconds spent in queue: 1062
...
040 (2552364.007.000) 07/26 17:48:56 Finished transferring output files
...
005 (2552364.007.000) 07/26 17:48:56 Job terminated.
	(1) Normal termination (return value 0)
		Usr 0 00:14:31, Sys 0 00:00:02  -  Run Remote Usage
		Usr 0 00:00:00, Sys 0 00:00:00  -  Run Local Usage
		Usr 0 00:14:31, Sys 0 00:00:02  -  Total Remote Usage
		Usr 0 00:00:00, Sys 0 00:00:00  -  Total Local Usage
	52295  -  Run Bytes Sent By Job
	55262876  -  Run Bytes Received By Job
	52295  -  Total Bytes Sent By Job
	55262876  -  Total Bytes Received By Job
	Partitionable Resources :     Usage  Request Allocated 
	   Cpus                 :      1.00        3         3 
	   Disk (KB)            : 182114       75000    295177 
	   Memory (MB)          :    287        6000      6000 

	Job terminated of its own accord at 2021-07-26T15:48:56Z.
...
