000 (2552364.029.000) 07/26 17:27:33 Job submitted from host: <188.185.70.244:9618?addrs=188.185.70.244-9618+[2001-1458-d00-7--100-2ee]-9618&alias=bigbird10.cern.ch&noUDP&sock=schedd_2037_ca81>
...
040 (2552364.029.000) 07/26 17:31:23 Entered queue to transfer input files
	Transferring to host: <188.184.196.26:9618?addrs=188.184.196.26-9618+[2001-1458-301-102--100-1f]-9618&alias=b7g24n0044.cern.ch&noUDP&sock=slot1_1_4272_c2a7_80809>
...
040 (2552364.029.000) 07/26 17:31:40 Started transferring input files
	Seconds spent in queue: 17
...
001 (2552364.029.000) 07/26 17:31:40 Job executing on host: <188.184.196.26:9618?addrs=188.184.196.26-9618+[2001-1458-301-102--100-1f]-9618&alias=b7g24n0044.cern.ch&noUDP&sock=startd_3598_81d8>
...
006 (2552364.029.000) 07/26 17:31:51 Image size of job updated: 48928
	28  -  MemoryUsage of job (MB)
	28100  -  ResidentSetSize of job (KB)
...
040 (2552364.029.000) 07/26 17:31:51 Finished transferring input files
...
006 (2552364.029.000) 07/26 17:36:48 Image size of job updated: 627388
	201  -  MemoryUsage of job (MB)
	205780  -  ResidentSetSize of job (KB)
...
006 (2552364.029.000) 07/26 17:46:50 Image size of job updated: 813160
	289  -  MemoryUsage of job (MB)
	295704  -  ResidentSetSize of job (KB)
...
006 (2552364.029.000) 07/26 18:01:51 Image size of job updated: 813624
	290  -  MemoryUsage of job (MB)
	296300  -  ResidentSetSize of job (KB)
...
040 (2552364.029.000) 07/26 18:04:06 Started transferring output files
	Seconds spent in queue: 1963
...
040 (2552364.029.000) 07/26 18:04:06 Finished transferring output files
...
005 (2552364.029.000) 07/26 18:04:07 Job terminated.
	(1) Normal termination (return value 0)
		Usr 0 00:20:45, Sys 0 00:00:03  -  Run Remote Usage
		Usr 0 00:00:00, Sys 0 00:00:00  -  Run Local Usage
		Usr 0 00:20:45, Sys 0 00:00:03  -  Total Remote Usage
		Usr 0 00:00:00, Sys 0 00:00:00  -  Total Local Usage
	48105  -  Run Bytes Sent By Job
	55262876  -  Run Bytes Received By Job
	48105  -  Total Bytes Sent By Job
	55262876  -  Total Bytes Received By Job
	Partitionable Resources :     Usage  Request Allocated 
	   Cpus                 :      1.00        3         3 
	   Disk (KB)            : 183457       75000    304066 
	   Memory (MB)          :    290        6000      6000 

	Job terminated of its own accord at 2021-07-26T16:04:06Z.
...
