000 (2521668.127.000) 07/19 01:56:57 Job submitted from host: <188.185.70.244:9618?addrs=188.185.70.244-9618+[2001-1458-d00-7--100-2ee]-9618&alias=bigbird10.cern.ch&noUDP&sock=schedd_2037_ca81>
...
040 (2521668.127.000) 07/19 02:13:40 Started transferring input files
	Transferring to host: <128.142.161.139:9618?addrs=128.142.161.139-9618+[2001-1458-301-b9--100-8]-9618&alias=b7g03p8300.cern.ch&noUDP&sock=slot1_13_123053_b865_155407>
...
040 (2521668.127.000) 07/19 02:13:40 Finished transferring input files
...
001 (2521668.127.000) 07/19 02:13:40 Job executing on host: <128.142.161.139:9618?addrs=128.142.161.139-9618+[2001-1458-301-b9--100-8]-9618&alias=b7g03p8300.cern.ch&noUDP&sock=startd_70323_4ea8>
...
006 (2521668.127.000) 07/19 02:13:49 Image size of job updated: 174504
	40  -  MemoryUsage of job (MB)
	39952  -  ResidentSetSize of job (KB)
...
006 (2521668.127.000) 07/19 02:18:49 Image size of job updated: 630296
	204  -  MemoryUsage of job (MB)
	208676  -  ResidentSetSize of job (KB)
...
006 (2521668.127.000) 07/19 03:40:06 Image size of job updated: 795012
	204  -  MemoryUsage of job (MB)
	208676  -  ResidentSetSize of job (KB)
...
040 (2521668.127.000) 07/19 03:40:06 Started transferring output files
...
040 (2521668.127.000) 07/19 03:40:33 Finished transferring output files
...
005 (2521668.127.000) 07/19 03:40:33 Job terminated.
	(1) Normal termination (return value 0)
		Usr 0 00:03:05, Sys 0 00:00:04  -  Run Remote Usage
		Usr 0 00:00:00, Sys 0 00:00:00  -  Run Local Usage
		Usr 0 00:03:05, Sys 0 00:00:04  -  Total Remote Usage
		Usr 0 00:00:00, Sys 0 00:00:00  -  Total Local Usage
	49937  -  Run Bytes Sent By Job
	55262812  -  Run Bytes Received By Job
	49937  -  Total Bytes Sent By Job
	55262812  -  Total Bytes Received By Job
	Partitionable Resources :     Usage  Request Allocated 
	   Cpus                 :      0.00        3         3 
	   Disk (KB)            : 193927       75000   1313288 
	   Memory (MB)          :    204        6000      6000 

	Job terminated of its own accord at 2021-07-19T01:40:06Z.
...
