000 (2524871.105.000) 07/20 04:35:08 Job submitted from host: <188.185.70.244:9618?addrs=188.185.70.244-9618+[2001-1458-d00-7--100-2ee]-9618&alias=bigbird10.cern.ch&noUDP&sock=schedd_2037_ca81>
...
040 (2524871.105.000) 07/20 05:09:46 Started transferring input files
	Transferring to host: <128.142.59.22:9618?addrs=128.142.59.22-9618+[2001-1458-301-21--100-15]-9618&alias=b7s04p4283.cern.ch&noUDP&sock=slot1_53_6677_4ce9_11001>
...
040 (2524871.105.000) 07/20 05:09:47 Finished transferring input files
...
001 (2524871.105.000) 07/20 05:09:47 Job executing on host: <128.142.59.22:9618?addrs=128.142.59.22-9618+[2001-1458-301-21--100-15]-9618&alias=b7s04p4283.cern.ch&noUDP&sock=startd_6215_8d31>
...
006 (2524871.105.000) 07/20 05:09:55 Image size of job updated: 602476
	193  -  MemoryUsage of job (MB)
	196756  -  ResidentSetSize of job (KB)
...
006 (2524871.105.000) 07/20 05:14:55 Image size of job updated: 636272
	209  -  MemoryUsage of job (MB)
	213780  -  ResidentSetSize of job (KB)
...
006 (2524871.105.000) 07/20 06:40:07 Image size of job updated: 891896
	370  -  MemoryUsage of job (MB)
	378172  -  ResidentSetSize of job (KB)
...
040 (2524871.105.000) 07/20 08:12:44 Started transferring output files
...
040 (2524871.105.000) 07/20 08:12:44 Finished transferring output files
...
005 (2524871.105.000) 07/20 08:12:44 Job terminated.
	(1) Normal termination (return value 0)
		Usr 0 01:37:06, Sys 0 00:00:04  -  Run Remote Usage
		Usr 0 00:00:00, Sys 0 00:00:00  -  Run Local Usage
		Usr 0 01:37:06, Sys 0 00:00:04  -  Total Remote Usage
		Usr 0 00:00:00, Sys 0 00:00:00  -  Total Local Usage
	51299  -  Run Bytes Sent By Job
	55262812  -  Run Bytes Received By Job
	51299  -  Total Bytes Sent By Job
	55262812  -  Total Bytes Received By Job
	Partitionable Resources :     Usage  Request Allocated 
	   Cpus                 :      1.00        3         3 
	   Disk (KB)            : 194594       75000   1264879 
	   Memory (MB)          :    370        6000      6000 

	Job terminated of its own accord at 2021-07-20T06:12:43Z.
...
