000 (2526743.207.000) 07/20 13:19:14 Job submitted from host: <188.185.70.244:9618?addrs=188.185.70.244-9618+[2001-1458-d00-7--100-2ee]-9618&alias=bigbird10.cern.ch&noUDP&sock=schedd_2037_ca81>
...
040 (2526743.207.000) 07/20 13:36:25 Started transferring input files
	Transferring to host: <128.142.56.45:9618?addrs=128.142.56.45-9618+[2001-1458-301-6--100-2c]-9618&alias=b7s01p0385.cern.ch&noUDP&sock=slot1_3_56975_caa6_17212>
...
040 (2526743.207.000) 07/20 13:36:26 Finished transferring input files
...
001 (2526743.207.000) 07/20 13:36:26 Job executing on host: <128.142.56.45:9618?addrs=128.142.56.45-9618+[2001-1458-301-6--100-2c]-9618&alias=b7s01p0385.cern.ch&noUDP&sock=startd_53886_e476>
...
006 (2526743.207.000) 07/20 13:36:35 Image size of job updated: 267080
	188  -  MemoryUsage of job (MB)
	191988  -  ResidentSetSize of job (KB)
...
006 (2526743.207.000) 07/20 13:41:36 Image size of job updated: 631960
	205  -  MemoryUsage of job (MB)
	209684  -  ResidentSetSize of job (KB)
...
006 (2526743.207.000) 07/20 13:56:38 Image size of job updated: 809488
	289  -  MemoryUsage of job (MB)
	295664  -  ResidentSetSize of job (KB)
...
006 (2526743.207.000) 07/20 14:01:39 Image size of job updated: 809960
	290  -  MemoryUsage of job (MB)
	296268  -  ResidentSetSize of job (KB)
...
040 (2526743.207.000) 07/20 14:03:30 Started transferring output files
...
040 (2526743.207.000) 07/20 14:03:30 Finished transferring output files
...
005 (2526743.207.000) 07/20 14:03:31 Job terminated.
	(1) Normal termination (return value 0)
		Usr 0 00:09:44, Sys 0 00:00:02  -  Run Remote Usage
		Usr 0 00:00:00, Sys 0 00:00:00  -  Run Local Usage
		Usr 0 00:09:44, Sys 0 00:00:02  -  Total Remote Usage
		Usr 0 00:00:00, Sys 0 00:00:00  -  Total Local Usage
	53726  -  Run Bytes Sent By Job
	55262812  -  Run Bytes Received By Job
	53726  -  Total Bytes Sent By Job
	55262812  -  Total Bytes Received By Job
	Partitionable Resources :     Usage  Request Allocated 
	   Cpus                 :      1.00        3         3 
	   Disk (KB)            : 182687       75000   1366283 
	   Memory (MB)          :    290        6000      6000 

	Job terminated of its own accord at 2021-07-20T12:03:30Z.
...
