000 (2524871.006.000) 07/20 04:35:08 Job submitted from host: <188.185.70.244:9618?addrs=188.185.70.244-9618+[2001-1458-d00-7--100-2ee]-9618&alias=bigbird10.cern.ch&noUDP&sock=schedd_2037_ca81>
...
040 (2524871.006.000) 07/20 04:48:27 Started transferring input files
	Transferring to host: <128.142.57.119:9618?addrs=128.142.57.119-9618+[2001-1458-301-7--100-76]-9618&alias=b7s02p0906.cern.ch&noUDP&sock=slot1_61_6585_7a65_14048>
...
040 (2524871.006.000) 07/20 04:48:28 Finished transferring input files
...
001 (2524871.006.000) 07/20 04:48:28 Job executing on host: <128.142.57.119:9618?addrs=128.142.57.119-9618+[2001-1458-301-7--100-76]-9618&alias=b7s02p0906.cern.ch&noUDP&sock=startd_6104_6a2e>
...
006 (2524871.006.000) 07/20 04:48:36 Image size of job updated: 186548
	115  -  MemoryUsage of job (MB)
	117748  -  ResidentSetSize of job (KB)
...
006 (2524871.006.000) 07/20 04:53:36 Image size of job updated: 806996
	287  -  MemoryUsage of job (MB)
	293556  -  ResidentSetSize of job (KB)
...
006 (2524871.006.000) 07/20 05:13:38 Image size of job updated: 807544
	288  -  MemoryUsage of job (MB)
	294228  -  ResidentSetSize of job (KB)
...
040 (2524871.006.000) 07/20 05:15:33 Started transferring output files
...
040 (2524871.006.000) 07/20 05:15:33 Finished transferring output files
...
005 (2524871.006.000) 07/20 05:15:33 Job terminated.
	(1) Normal termination (return value 0)
		Usr 0 00:25:15, Sys 0 00:00:02  -  Run Remote Usage
		Usr 0 00:00:00, Sys 0 00:00:00  -  Run Local Usage
		Usr 0 00:25:15, Sys 0 00:00:02  -  Total Remote Usage
		Usr 0 00:00:00, Sys 0 00:00:00  -  Total Local Usage
	52059  -  Run Bytes Sent By Job
	55262812  -  Run Bytes Received By Job
	52059  -  Total Bytes Sent By Job
	55262812  -  Total Bytes Received By Job
	Partitionable Resources :     Usage  Request Allocated 
	   Cpus                 :      1.00        3         3 
	   Disk (KB)            : 182233       75000   1341925 
	   Memory (MB)          :    288        6000      6000 

	Job terminated of its own accord at 2021-07-20T03:15:33Z.
...
