000 (2534572.156.000) 07/21 23:44:26 Job submitted from host: <188.185.70.244:9618?addrs=188.185.70.244-9618+[2001-1458-d00-7--100-2ee]-9618&alias=bigbird10.cern.ch&noUDP&sock=schedd_2037_ca81>
...
040 (2534572.156.000) 07/21 23:50:43 Started transferring input files
	Transferring to host: <128.142.57.139:9618?addrs=128.142.57.139-9618+[2001-1458-301-7--100-8a]-9618&alias=b7s02p4498.cern.ch&noUDP&sock=slot1_5_6693_92e9_19057>
...
040 (2534572.156.000) 07/21 23:50:44 Finished transferring input files
...
001 (2534572.156.000) 07/21 23:50:44 Job executing on host: <128.142.57.139:9618?addrs=128.142.57.139-9618+[2001-1458-301-7--100-8a]-9618&alias=b7s02p4498.cern.ch&noUDP&sock=startd_6230_d71d>
...
006 (2534572.156.000) 07/21 23:50:53 Image size of job updated: 603108
	189  -  MemoryUsage of job (MB)
	193404  -  ResidentSetSize of job (KB)
...
006 (2534572.156.000) 07/21 23:55:54 Image size of job updated: 626828
	201  -  MemoryUsage of job (MB)
	205328  -  ResidentSetSize of job (KB)
...
006 (2534572.156.000) 07/22 00:41:00 Image size of job updated: 847884
	324  -  MemoryUsage of job (MB)
	330988  -  ResidentSetSize of job (KB)
...
040 (2534572.156.000) 07/22 01:05:20 Started transferring output files
...
040 (2534572.156.000) 07/22 01:05:20 Finished transferring output files
...
005 (2534572.156.000) 07/22 01:05:21 Job terminated.
	(1) Normal termination (return value 0)
		Usr 0 00:26:44, Sys 0 00:00:02  -  Run Remote Usage
		Usr 0 00:00:00, Sys 0 00:00:00  -  Run Local Usage
		Usr 0 00:26:44, Sys 0 00:00:02  -  Total Remote Usage
		Usr 0 00:00:00, Sys 0 00:00:00  -  Total Local Usage
	45876  -  Run Bytes Sent By Job
	55262812  -  Run Bytes Received By Job
	45876  -  Total Bytes Sent By Job
	55262812  -  Total Bytes Received By Job
	Partitionable Resources :     Usage  Request Allocated 
	   Cpus                 :      0.99        3         3 
	   Disk (KB)            : 187646       75000   1312406 
	   Memory (MB)          :    324        6000      6000 

	Job terminated of its own accord at 2021-07-21T23:05:20Z.
...
