000 (2556082.023.000) 07/27 11:07:46 Job submitted from host: <188.185.70.244:9618?addrs=188.185.70.244-9618+[2001-1458-d00-7--100-2ee]-9618&alias=bigbird10.cern.ch&noUDP&sock=schedd_2037_ca81>
...
040 (2556082.023.000) 07/27 11:46:51 Started transferring input files
	Transferring to host: <128.142.59.82:9618?addrs=128.142.59.82-9618+[2001-1458-301-21--100-51]-9618&alias=b7s04p3746.cern.ch&noUDP&sock=slot1_18_645_35f3_18188>
...
040 (2556082.023.000) 07/27 11:46:52 Finished transferring input files
...
001 (2556082.023.000) 07/27 11:46:52 Job executing on host: <128.142.59.82:9618?addrs=128.142.59.82-9618+[2001-1458-301-21--100-51]-9618&alias=b7s04p3746.cern.ch&noUDP&sock=startd_65294_d4e0>
...
006 (2556082.023.000) 07/27 11:47:00 Image size of job updated: 280648
	201  -  MemoryUsage of job (MB)
	205308  -  ResidentSetSize of job (KB)
...
006 (2556082.023.000) 07/27 11:52:00 Image size of job updated: 789624
	266  -  MemoryUsage of job (MB)
	272152  -  ResidentSetSize of job (KB)
...
006 (2556082.023.000) 07/27 11:54:18 Image size of job updated: 792060
	266  -  MemoryUsage of job (MB)
	272152  -  ResidentSetSize of job (KB)
...
040 (2556082.023.000) 07/27 11:54:18 Started transferring output files
...
040 (2556082.023.000) 07/27 11:54:19 Finished transferring output files
...
005 (2556082.023.000) 07/27 11:54:19 Job terminated.
	(1) Normal termination (return value 0)
		Usr 0 00:07:23, Sys 0 00:00:01  -  Run Remote Usage
		Usr 0 00:00:00, Sys 0 00:00:00  -  Run Local Usage
		Usr 0 00:07:23, Sys 0 00:00:01  -  Total Remote Usage
		Usr 0 00:00:00, Sys 0 00:00:00  -  Total Local Usage
	41324  -  Run Bytes Sent By Job
	55262880  -  Run Bytes Received By Job
	41324  -  Total Bytes Sent By Job
	55262880  -  Total Bytes Received By Job
	Partitionable Resources :     Usage  Request Allocated 
	   Cpus                 :      1.00        3         3 
	   Disk (KB)            : 180691       75000   1235017 
	   Memory (MB)          :    266        6000      6000 

	Job terminated of its own accord at 2021-07-27T09:54:18Z.
...
