000 (2521842.072.000) 07/19 05:55:55 Job submitted from host: <188.185.70.244:9618?addrs=188.185.70.244-9618+[2001-1458-d00-7--100-2ee]-9618&alias=bigbird10.cern.ch&noUDP&sock=schedd_2037_ca81>
...
040 (2521842.072.000) 07/19 06:01:16 Started transferring input files
	Transferring to host: <128.142.58.40:9618?addrs=128.142.58.40-9618+[2001-1458-301-16--100-27]-9618&alias=b7s03p8703.cern.ch&noUDP&sock=slot1_22_6551_85a3_12899>
...
001 (2521842.072.000) 07/19 06:01:17 Job executing on host: <128.142.58.40:9618?addrs=128.142.58.40-9618+[2001-1458-301-16--100-27]-9618&alias=b7s03p8703.cern.ch&noUDP&sock=startd_6084_b249>
...
040 (2521842.072.000) 07/19 06:01:17 Finished transferring input files
...
006 (2521842.072.000) 07/19 06:01:26 Image size of job updated: 260452
	182  -  MemoryUsage of job (MB)
	185416  -  ResidentSetSize of job (KB)
...
006 (2521842.072.000) 07/19 06:06:27 Image size of job updated: 811640
	291  -  MemoryUsage of job (MB)
	297828  -  ResidentSetSize of job (KB)
...
006 (2521842.072.000) 07/19 06:11:27 Image size of job updated: 812140
	292  -  MemoryUsage of job (MB)
	298332  -  ResidentSetSize of job (KB)
...
040 (2521842.072.000) 07/19 06:13:56 Started transferring output files
...
040 (2521842.072.000) 07/19 06:13:56 Finished transferring output files
...
005 (2521842.072.000) 07/19 06:13:56 Job terminated.
	(1) Normal termination (return value 0)
		Usr 0 00:12:29, Sys 0 00:00:01  -  Run Remote Usage
		Usr 0 00:00:00, Sys 0 00:00:00  -  Run Local Usage
		Usr 0 00:12:29, Sys 0 00:00:01  -  Total Remote Usage
		Usr 0 00:00:00, Sys 0 00:00:00  -  Total Local Usage
	49074  -  Run Bytes Sent By Job
	55262812  -  Run Bytes Received By Job
	49074  -  Total Bytes Sent By Job
	55262812  -  Total Bytes Received By Job
	Partitionable Resources :     Usage  Request Allocated 
	   Cpus                 :      1.00        3         3 
	   Disk (KB)            : 183142       75000   1318962 
	   Memory (MB)          :    292        6000      6000 

	Job terminated of its own accord at 2021-07-19T04:13:56Z.
...
