000 (2521668.142.000) 07/19 01:56:57 Job submitted from host: <188.185.70.244:9618?addrs=188.185.70.244-9618+[2001-1458-d00-7--100-2ee]-9618&alias=bigbird10.cern.ch&noUDP&sock=schedd_2037_ca81>
...
040 (2521668.142.000) 07/19 02:13:43 Started transferring input files
	Transferring to host: <128.142.84.173:9618?addrs=128.142.84.173-9618+[2001-1458-301-f6--100-1f0]-9618&alias=b7s14n1779.cern.ch&noUDP&sock=slot1_2_28650_4446_119334>
...
040 (2521668.142.000) 07/19 02:13:44 Finished transferring input files
...
001 (2521668.142.000) 07/19 02:13:44 Job executing on host: <128.142.84.173:9618?addrs=128.142.84.173-9618+[2001-1458-301-f6--100-1f0]-9618&alias=b7s14n1779.cern.ch&noUDP&sock=startd_16739_23e3>
...
006 (2521668.142.000) 07/19 02:13:52 Image size of job updated: 424308
	86  -  MemoryUsage of job (MB)
	87672  -  ResidentSetSize of job (KB)
...
006 (2521668.142.000) 07/19 02:18:52 Image size of job updated: 631964
	205  -  MemoryUsage of job (MB)
	209696  -  ResidentSetSize of job (KB)
...
006 (2521668.142.000) 07/19 02:23:53 Image size of job updated: 766948
	248  -  MemoryUsage of job (MB)
	253336  -  ResidentSetSize of job (KB)
...
040 (2521668.142.000) 07/19 02:24:05 Started transferring output files
...
040 (2521668.142.000) 07/19 02:24:05 Finished transferring output files
...
005 (2521668.142.000) 07/19 02:24:05 Job terminated.
	(1) Normal termination (return value 0)
		Usr 0 00:01:26, Sys 0 00:00:02  -  Run Remote Usage
		Usr 0 00:00:00, Sys 0 00:00:00  -  Run Local Usage
		Usr 0 00:01:26, Sys 0 00:00:02  -  Total Remote Usage
		Usr 0 00:00:00, Sys 0 00:00:00  -  Total Local Usage
	52679  -  Run Bytes Sent By Job
	55262812  -  Run Bytes Received By Job
	52679  -  Total Bytes Sent By Job
	55262812  -  Total Bytes Received By Job
	Partitionable Resources :    Usage  Request Allocated 
	   Cpus                 :                 3         3 
	   Disk (KB)            :   182646    75000    287387 
	   Memory (MB)          :      248     6000      6000 

	Job terminated of its own accord at 2021-07-19T00:24:05Z.
...
