000 (2522101.018.000) 07/19 11:55:34 Job submitted from host: <188.185.70.244:9618?addrs=188.185.70.244-9618+[2001-1458-d00-7--100-2ee]-9618&alias=bigbird10.cern.ch&noUDP&sock=schedd_2037_ca81>
...
040 (2522101.018.000) 07/19 12:24:40 Started transferring input files
	Transferring to host: <128.142.59.49:9618?addrs=128.142.59.49-9618+[2001-1458-301-21--100-30]-9618&alias=b7s04p4032.cern.ch&noUDP&sock=slot1_10_7091_0039_10094>
...
040 (2522101.018.000) 07/19 12:24:41 Finished transferring input files
...
001 (2522101.018.000) 07/19 12:24:41 Job executing on host: <128.142.59.49:9618?addrs=128.142.59.49-9618+[2001-1458-301-21--100-30]-9618&alias=b7s04p4032.cern.ch&noUDP&sock=startd_6496_4b4e>
...
006 (2522101.018.000) 07/19 12:24:49 Image size of job updated: 520824
	146  -  MemoryUsage of job (MB)
	149068  -  ResidentSetSize of job (KB)
...
006 (2522101.018.000) 07/19 12:29:49 Image size of job updated: 825016
	302  -  MemoryUsage of job (MB)
	308304  -  ResidentSetSize of job (KB)
...
006 (2522101.018.000) 07/19 12:34:51 Image size of job updated: 825572
	302  -  MemoryUsage of job (MB)
	308956  -  ResidentSetSize of job (KB)
...
040 (2522101.018.000) 07/19 12:44:07 Started transferring output files
...
040 (2522101.018.000) 07/19 12:44:07 Finished transferring output files
...
005 (2522101.018.000) 07/19 12:44:08 Job terminated.
	(1) Normal termination (return value 0)
		Usr 0 00:18:00, Sys 0 00:00:02  -  Run Remote Usage
		Usr 0 00:00:00, Sys 0 00:00:00  -  Run Local Usage
		Usr 0 00:18:00, Sys 0 00:00:02  -  Total Remote Usage
		Usr 0 00:00:00, Sys 0 00:00:00  -  Total Local Usage
	49308  -  Run Bytes Sent By Job
	55262812  -  Run Bytes Received By Job
	49308  -  Total Bytes Sent By Job
	55262812  -  Total Bytes Received By Job
	Partitionable Resources :     Usage  Request Allocated 
	   Cpus                 :      1.00        3         3 
	   Disk (KB)            : 185683       75000   1323286 
	   Memory (MB)          :    302        6000      6000 

	Job terminated of its own accord at 2021-07-19T10:44:07Z.
...
