000 (2536881.181.000) 07/22 03:18:13 Job submitted from host: <188.185.70.244:9618?addrs=188.185.70.244-9618+[2001-1458-d00-7--100-2ee]-9618&alias=bigbird10.cern.ch&noUDP&sock=schedd_2037_ca81>
...
040 (2536881.181.000) 07/22 03:57:13 Started transferring input files
	Transferring to host: <188.184.190.133:9618?addrs=188.184.190.133-9618+[2001-1458-301-4b--100-8e]-9618&alias=b7g42n0302.cern.ch&noUDP&sock=slot1_1_4625_7b15_66001>
...
040 (2536881.181.000) 07/22 03:57:14 Finished transferring input files
...
001 (2536881.181.000) 07/22 03:57:14 Job executing on host: <188.184.190.133:9618?addrs=188.184.190.133-9618+[2001-1458-301-4b--100-8e]-9618&alias=b7g42n0302.cern.ch&noUDP&sock=startd_3786_75a6>
...
006 (2536881.181.000) 07/22 03:57:23 Image size of job updated: 429176
	82  -  MemoryUsage of job (MB)
	83448  -  ResidentSetSize of job (KB)
...
006 (2536881.181.000) 07/22 04:02:23 Image size of job updated: 825068
	301  -  MemoryUsage of job (MB)
	308216  -  ResidentSetSize of job (KB)
...
006 (2536881.181.000) 07/22 04:17:24 Image size of job updated: 825564
	302  -  MemoryUsage of job (MB)
	308824  -  ResidentSetSize of job (KB)
...
040 (2536881.181.000) 07/22 04:23:12 Started transferring output files
...
040 (2536881.181.000) 07/22 04:23:12 Finished transferring output files
...
005 (2536881.181.000) 07/22 04:23:12 Job terminated.
	(1) Normal termination (return value 0)
		Usr 0 00:25:24, Sys 0 00:00:03  -  Run Remote Usage
		Usr 0 00:00:00, Sys 0 00:00:00  -  Run Local Usage
		Usr 0 00:25:24, Sys 0 00:00:03  -  Total Remote Usage
		Usr 0 00:00:00, Sys 0 00:00:00  -  Total Local Usage
	44521  -  Run Bytes Sent By Job
	55262812  -  Run Bytes Received By Job
	44521  -  Total Bytes Sent By Job
	55262812  -  Total Bytes Received By Job
	Partitionable Resources :     Usage  Request Allocated 
	   Cpus                 :      1.00        3         3 
	   Disk (KB)            : 185728       75000    302349 
	   Memory (MB)          :    302        6000      6000 

	Job terminated of its own accord at 2021-07-22T02:23:11Z.
...
