000 (2524871.212.000) 07/20 04:35:08 Job submitted from host: <188.185.70.244:9618?addrs=188.185.70.244-9618+[2001-1458-d00-7--100-2ee]-9618&alias=bigbird10.cern.ch&noUDP&sock=schedd_2037_ca81>
...
040 (2524871.212.000) 07/20 05:29:03 Started transferring input files
	Transferring to host: <128.142.58.12:9618?addrs=128.142.58.12-9618+[2001-1458-301-16--100-b]-9618&alias=b7s03p1238.cern.ch&noUDP&sock=slot1_19_4240_36a5_13267>
...
040 (2524871.212.000) 07/20 05:29:04 Finished transferring input files
...
001 (2524871.212.000) 07/20 05:29:04 Job executing on host: <128.142.58.12:9618?addrs=128.142.58.12-9618+[2001-1458-301-16--100-b]-9618&alias=b7s03p1238.cern.ch&noUDP&sock=startd_3785_c60e>
...
006 (2524871.212.000) 07/20 05:29:13 Image size of job updated: 269160
	190  -  MemoryUsage of job (MB)
	193892  -  ResidentSetSize of job (KB)
...
006 (2524871.212.000) 07/20 05:34:14 Image size of job updated: 821252
	297  -  MemoryUsage of job (MB)
	303980  -  ResidentSetSize of job (KB)
...
006 (2524871.212.000) 07/20 05:44:01 Image size of job updated: 821928
	297  -  MemoryUsage of job (MB)
	303980  -  ResidentSetSize of job (KB)
...
040 (2524871.212.000) 07/20 05:44:01 Started transferring output files
...
040 (2524871.212.000) 07/20 05:44:01 Finished transferring output files
...
005 (2524871.212.000) 07/20 05:44:01 Job terminated.
	(1) Normal termination (return value 0)
		Usr 0 00:13:35, Sys 0 00:00:02  -  Run Remote Usage
		Usr 0 00:00:00, Sys 0 00:00:00  -  Run Local Usage
		Usr 0 00:13:35, Sys 0 00:00:02  -  Total Remote Usage
		Usr 0 00:00:00, Sys 0 00:00:00  -  Total Local Usage
	49854  -  Run Bytes Sent By Job
	55262812  -  Run Bytes Received By Job
	49854  -  Total Bytes Sent By Job
	55262812  -  Total Bytes Received By Job
	Partitionable Resources :     Usage  Request Allocated 
	   Cpus                 :      1.00        3         3 
	   Disk (KB)            : 184946       75000   1253787 
	   Memory (MB)          :    297        6000      6000 

	Job terminated of its own accord at 2021-07-20T03:44:01Z.
...
