000 (2521675.046.000) 07/19 04:18:38 Job submitted from host: <188.185.70.244:9618?addrs=188.185.70.244-9618+[2001-1458-d00-7--100-2ee]-9618&alias=bigbird10.cern.ch&noUDP&sock=schedd_2037_ca81>
...
040 (2521675.046.000) 07/19 04:24:11 Started transferring input files
	Transferring to host: <188.184.190.229:9618?addrs=188.184.190.229-9618+[2001-1458-301-4b--100-ca]-9618&alias=b7g42n0473.cern.ch&noUDP&sock=slot1_1_3339_60a1_70794>
...
040 (2521675.046.000) 07/19 04:24:12 Finished transferring input files
...
001 (2521675.046.000) 07/19 04:24:12 Job executing on host: <188.184.190.229:9618?addrs=188.184.190.229-9618+[2001-1458-301-4b--100-ca]-9618&alias=b7g42n0473.cern.ch&noUDP&sock=startd_2896_fe5c>
...
006 (2521675.046.000) 07/19 04:24:21 Image size of job updated: 569660
	154  -  MemoryUsage of job (MB)
	157488  -  ResidentSetSize of job (KB)
...
006 (2521675.046.000) 07/19 04:29:22 Image size of job updated: 636252
	209  -  MemoryUsage of job (MB)
	213776  -  ResidentSetSize of job (KB)
...
006 (2521675.046.000) 07/19 04:39:23 Image size of job updated: 636252
	209  -  MemoryUsage of job (MB)
	213780  -  ResidentSetSize of job (KB)
...
006 (2521675.046.000) 07/19 05:52:28 Image size of job updated: 830352
	209  -  MemoryUsage of job (MB)
	213780  -  ResidentSetSize of job (KB)
...
040 (2521675.046.000) 07/19 05:52:28 Started transferring output files
...
040 (2521675.046.000) 07/19 05:52:28 Finished transferring output files
...
005 (2521675.046.000) 07/19 05:52:29 Job terminated.
	(1) Normal termination (return value 0)
		Usr 0 00:02:30, Sys 0 00:00:04  -  Run Remote Usage
		Usr 0 00:00:00, Sys 0 00:00:00  -  Run Local Usage
		Usr 0 00:02:30, Sys 0 00:00:04  -  Total Remote Usage
		Usr 0 00:00:00, Sys 0 00:00:00  -  Total Local Usage
	51545  -  Run Bytes Sent By Job
	55262812  -  Run Bytes Received By Job
	51545  -  Total Bytes Sent By Job
	55262812  -  Total Bytes Received By Job
	Partitionable Resources :     Usage  Request Allocated 
	   Cpus                 :      0.03        3         3 
	   Disk (KB)            : 194672       75000    289387 
	   Memory (MB)          :    209        6000      6000 

	Job terminated of its own accord at 2021-07-19T03:52:28Z.
...
