000 (2523366.129.000) 07/19 23:50:31 Job submitted from host: <188.185.70.244:9618?addrs=188.185.70.244-9618+[2001-1458-d00-7--100-2ee]-9618&alias=bigbird10.cern.ch&noUDP&sock=schedd_2037_ca81>
...
040 (2523366.129.000) 07/20 00:25:56 Started transferring input files
	Transferring to host: <128.142.58.18:9618?addrs=128.142.58.18-9618+[2001-1458-301-16--100-11]-9618&alias=b7s03p6547.cern.ch&noUDP&sock=slot1_30_6480_7f01_13802>
...
040 (2523366.129.000) 07/20 00:25:57 Finished transferring input files
...
001 (2523366.129.000) 07/20 00:25:57 Job executing on host: <128.142.58.18:9618?addrs=128.142.58.18-9618+[2001-1458-301-16--100-11]-9618&alias=b7s03p6547.cern.ch&noUDP&sock=startd_6016_0dd8>
...
006 (2523366.129.000) 07/20 00:26:06 Image size of job updated: 632496
	206  -  MemoryUsage of job (MB)
	210196  -  ResidentSetSize of job (KB)
...
006 (2523366.129.000) 07/20 00:31:07 Image size of job updated: 804048
	284  -  MemoryUsage of job (MB)
	290280  -  ResidentSetSize of job (KB)
...
006 (2523366.129.000) 07/20 00:41:07 Image size of job updated: 804624
	285  -  MemoryUsage of job (MB)
	290868  -  ResidentSetSize of job (KB)
...
040 (2523366.129.000) 07/20 00:42:31 Started transferring output files
...
040 (2523366.129.000) 07/20 00:42:31 Finished transferring output files
...
005 (2523366.129.000) 07/20 00:42:31 Job terminated.
	(1) Normal termination (return value 0)
		Usr 0 00:16:30, Sys 0 00:00:01  -  Run Remote Usage
		Usr 0 00:00:00, Sys 0 00:00:00  -  Run Local Usage
		Usr 0 00:16:30, Sys 0 00:00:01  -  Total Remote Usage
		Usr 0 00:00:00, Sys 0 00:00:00  -  Total Local Usage
	51646  -  Run Bytes Sent By Job
	55262812  -  Run Bytes Received By Job
	51646  -  Total Bytes Sent By Job
	55262812  -  Total Bytes Received By Job
	Partitionable Resources :     Usage  Request Allocated 
	   Cpus                 :      1.00        3         3 
	   Disk (KB)            : 181727       75000   1288769 
	   Memory (MB)          :    285        6000      6000 

	Job terminated of its own accord at 2021-07-19T22:42:31Z.
...
