000 (2524617.179.000) 07/20 01:52:27 Job submitted from host: <188.185.70.244:9618?addrs=188.185.70.244-9618+[2001-1458-d00-7--100-2ee]-9618&alias=bigbird10.cern.ch&noUDP&sock=schedd_2037_ca81>
...
040 (2524617.179.000) 07/20 02:01:14 Started transferring input files
	Transferring to host: <188.184.169.15:9618?addrs=188.184.169.15-9618+[2001-1458-301-c0--100-315]-9618&alias=b7g52n4641.cern.ch&noUDP&sock=slot1_3_5207_8d6d_120677>
...
001 (2524617.179.000) 07/20 02:01:16 Job executing on host: <188.184.169.15:9618?addrs=188.184.169.15-9618+[2001-1458-301-c0--100-315]-9618&alias=b7g52n4641.cern.ch&noUDP&sock=startd_16941_b204>
...
040 (2524617.179.000) 07/20 02:01:16 Finished transferring input files
...
006 (2524617.179.000) 07/20 02:01:24 Image size of job updated: 13548
	5  -  MemoryUsage of job (MB)
	4264  -  ResidentSetSize of job (KB)
...
006 (2524617.179.000) 07/20 02:06:24 Image size of job updated: 824364
	300  -  MemoryUsage of job (MB)
	306912  -  ResidentSetSize of job (KB)
...
006 (2524617.179.000) 07/20 02:36:28 Image size of job updated: 824852
	301  -  MemoryUsage of job (MB)
	307508  -  ResidentSetSize of job (KB)
...
040 (2524617.179.000) 07/20 02:39:14 Started transferring output files
...
040 (2524617.179.000) 07/20 02:39:14 Finished transferring output files
...
005 (2524617.179.000) 07/20 02:39:15 Job terminated.
	(1) Normal termination (return value 0)
		Usr 0 00:34:01, Sys 0 00:00:02  -  Run Remote Usage
		Usr 0 00:00:00, Sys 0 00:00:00  -  Run Local Usage
		Usr 0 00:34:01, Sys 0 00:00:02  -  Total Remote Usage
		Usr 0 00:00:00, Sys 0 00:00:00  -  Total Local Usage
	49747  -  Run Bytes Sent By Job
	55262812  -  Run Bytes Received By Job
	49747  -  Total Bytes Sent By Job
	55262812  -  Total Bytes Received By Job
	Partitionable Resources :     Usage  Request Allocated 
	   Cpus                 :      1.00        3         3 
	   Disk (KB)            : 185486       75000    252555 
	   Memory (MB)          :    301        6000      6000 

	Job terminated of its own accord at 2021-07-20T00:39:14Z.
...
