000 (2557145.023.000) 07/28 14:19:40 Job submitted from host: <188.185.70.244:9618?addrs=188.185.70.244-9618+[2001-1458-d00-7--100-2ee]-9618&alias=bigbird10.cern.ch&noUDP&sock=schedd_2037_ca81>
...
040 (2557145.023.000) 07/28 15:11:31 Started transferring input files
	Transferring to host: <188.184.198.10:9618?addrs=188.184.198.10-9618+[2001-1458-301-c1--100-282]-9618&alias=b7g52n8778.cern.ch&noUDP&sock=slot1_6_4570_ba73_127672>
...
040 (2557145.023.000) 07/28 15:11:32 Finished transferring input files
...
001 (2557145.023.000) 07/28 15:11:32 Job executing on host: <188.184.198.10:9618?addrs=188.184.198.10-9618+[2001-1458-301-c1--100-282]-9618&alias=b7g52n8778.cern.ch&noUDP&sock=startd_17789_5a54>
...
006 (2557145.023.000) 07/28 15:11:40 Image size of job updated: 202788
	129  -  MemoryUsage of job (MB)
	131616  -  ResidentSetSize of job (KB)
...
006 (2557145.023.000) 07/28 15:16:40 Image size of job updated: 779768
	257  -  MemoryUsage of job (MB)
	262292  -  ResidentSetSize of job (KB)
...
006 (2557145.023.000) 07/28 15:19:41 Image size of job updated: 780592
	257  -  MemoryUsage of job (MB)
	262292  -  ResidentSetSize of job (KB)
...
040 (2557145.023.000) 07/28 15:19:41 Started transferring output files
...
040 (2557145.023.000) 07/28 15:19:41 Finished transferring output files
...
005 (2557145.023.000) 07/28 15:19:41 Job terminated.
	(1) Normal termination (return value 0)
		Usr 0 00:07:59, Sys 0 00:00:02  -  Run Remote Usage
		Usr 0 00:00:00, Sys 0 00:00:00  -  Run Local Usage
		Usr 0 00:07:59, Sys 0 00:00:02  -  Total Remote Usage
		Usr 0 00:00:00, Sys 0 00:00:00  -  Total Local Usage
	51587  -  Run Bytes Sent By Job
	55262880  -  Run Bytes Received By Job
	51587  -  Total Bytes Sent By Job
	55262880  -  Total Bytes Received By Job
	Partitionable Resources :     Usage  Request Allocated 
	   Cpus                 :      1.00        4         4 
	   Disk (KB)            : 179931       75000    247880 
	   Memory (MB)          :    257        8000      8000 

	Job terminated of its own accord at 2021-07-28T13:19:41Z.
...
