000 (2526743.077.000) 07/20 13:19:14 Job submitted from host: <188.185.70.244:9618?addrs=188.185.70.244-9618+[2001-1458-d00-7--100-2ee]-9618&alias=bigbird10.cern.ch&noUDP&sock=schedd_2037_ca81>
...
040 (2526743.077.000) 07/20 13:21:31 Started transferring input files
	Transferring to host: <128.142.58.138:9618?addrs=128.142.58.138-9618+[2001-1458-301-16--100-89]-9618&alias=b7s03p4336.cern.ch&noUDP&sock=slot1_8_6814_d44e_12484>
...
040 (2526743.077.000) 07/20 13:21:31 Finished transferring input files
...
001 (2526743.077.000) 07/20 13:21:31 Job executing on host: <128.142.58.138:9618?addrs=128.142.58.138-9618+[2001-1458-301-16--100-89]-9618&alias=b7s03p4336.cern.ch&noUDP&sock=startd_6355_9473>
...
006 (2526743.077.000) 07/20 13:21:40 Image size of job updated: 270172
	191  -  MemoryUsage of job (MB)
	194848  -  ResidentSetSize of job (KB)
...
006 (2526743.077.000) 07/20 13:26:41 Image size of job updated: 632508
	206  -  MemoryUsage of job (MB)
	210244  -  ResidentSetSize of job (KB)
...
006 (2526743.077.000) 07/20 13:46:43 Image size of job updated: 773408
	289  -  MemoryUsage of job (MB)
	295440  -  ResidentSetSize of job (KB)
...
006 (2526743.077.000) 07/20 13:51:43 Image size of job updated: 809204
	289  -  MemoryUsage of job (MB)
	295440  -  ResidentSetSize of job (KB)
...
006 (2526743.077.000) 07/20 13:56:44 Image size of job updated: 809700
	290  -  MemoryUsage of job (MB)
	295988  -  ResidentSetSize of job (KB)
...
040 (2526743.077.000) 07/20 13:57:12 Started transferring output files
...
040 (2526743.077.000) 07/20 13:57:12 Finished transferring output files
...
005 (2526743.077.000) 07/20 13:57:12 Job terminated.
	(1) Normal termination (return value 0)
		Usr 0 00:11:08, Sys 0 00:00:02  -  Run Remote Usage
		Usr 0 00:00:00, Sys 0 00:00:00  -  Run Local Usage
		Usr 0 00:11:08, Sys 0 00:00:02  -  Total Remote Usage
		Usr 0 00:00:00, Sys 0 00:00:00  -  Total Local Usage
	53178  -  Run Bytes Sent By Job
	55262812  -  Run Bytes Received By Job
	53178  -  Total Bytes Sent By Job
	55262812  -  Total Bytes Received By Job
	Partitionable Resources :     Usage  Request Allocated 
	   Cpus                 :      1.00        3         3 
	   Disk (KB)            : 182637       75000   1220064 
	   Memory (MB)          :    290        6000      6000 

	Job terminated of its own accord at 2021-07-20T11:57:12Z.
...
