000 (2557077.001.000) 07/28 10:49:37 Job submitted from host: <188.185.70.244:9618?addrs=188.185.70.244-9618+[2001-1458-d00-7--100-2ee]-9618&alias=bigbird10.cern.ch&noUDP&sock=schedd_2037_ca81>
...
040 (2557077.001.000) 07/28 12:17:43 Started transferring input files
	Transferring to host: <188.184.198.207:9618?addrs=188.184.198.207-9618+[2001-1458-301-c1--100-406]-9618&alias=b7g52n0870.cern.ch&noUDP&sock=slot1_1_21909_9f54_148390>
...
040 (2557077.001.000) 07/28 12:17:44 Finished transferring input files
...
001 (2557077.001.000) 07/28 12:17:44 Job executing on host: <188.184.198.207:9618?addrs=188.184.198.207-9618+[2001-1458-301-c1--100-406]-9618&alias=b7g52n0870.cern.ch&noUDP&sock=startd_17430_1bd4>
...
006 (2557077.001.000) 07/28 12:17:52 Image size of job updated: 245160
	168  -  MemoryUsage of job (MB)
	171184  -  ResidentSetSize of job (KB)
...
006 (2557077.001.000) 07/28 12:22:52 Image size of job updated: 786068
	267  -  MemoryUsage of job (MB)
	272812  -  ResidentSetSize of job (KB)
...
006 (2557077.001.000) 07/28 12:24:46 Image size of job updated: 786748
	267  -  MemoryUsage of job (MB)
	272812  -  ResidentSetSize of job (KB)
...
040 (2557077.001.000) 07/28 12:24:46 Started transferring output files
...
040 (2557077.001.000) 07/28 12:24:46 Finished transferring output files
...
005 (2557077.001.000) 07/28 12:24:46 Job terminated.
	(1) Normal termination (return value 0)
		Usr 0 00:06:57, Sys 0 00:00:02  -  Run Remote Usage
		Usr 0 00:00:00, Sys 0 00:00:00  -  Run Local Usage
		Usr 0 00:06:57, Sys 0 00:00:02  -  Total Remote Usage
		Usr 0 00:00:00, Sys 0 00:00:00  -  Total Local Usage
	51350  -  Run Bytes Sent By Job
	55262880  -  Run Bytes Received By Job
	51350  -  Total Bytes Sent By Job
	55262880  -  Total Bytes Received By Job
	Partitionable Resources :     Usage  Request Allocated 
	   Cpus                 :      1.00        5         5 
	   Disk (KB)            : 182205       75000    286350 
	   Memory (MB)          :    267       10000     10000 

	Job terminated of its own accord at 2021-07-28T10:24:46Z.
...
