000 (2521876.223.000) 07/19 08:46:26 Job submitted from host: <188.185.70.244:9618?addrs=188.185.70.244-9618+[2001-1458-d00-7--100-2ee]-9618&alias=bigbird10.cern.ch&noUDP&sock=schedd_2037_ca81>
...
040 (2521876.223.000) 07/19 10:40:05 Started transferring input files
	Transferring to host: <128.142.58.11:9618?addrs=128.142.58.11-9618+[2001-1458-301-16--100-a]-9618&alias=b7s03p6428.cern.ch&noUDP&sock=slot1_4_3233_b0dd_12833>
...
040 (2521876.223.000) 07/19 10:40:06 Finished transferring input files
...
001 (2521876.223.000) 07/19 10:40:06 Job executing on host: <128.142.58.11:9618?addrs=128.142.58.11-9618+[2001-1458-301-16--100-a]-9618&alias=b7s03p6428.cern.ch&noUDP&sock=startd_2771_4105>
...
006 (2521876.223.000) 07/19 10:40:15 Image size of job updated: 275196
	196  -  MemoryUsage of job (MB)
	199856  -  ResidentSetSize of job (KB)
...
006 (2521876.223.000) 07/19 10:45:16 Image size of job updated: 794644
	272  -  MemoryUsage of job (MB)
	277944  -  ResidentSetSize of job (KB)
...
006 (2521876.223.000) 07/19 10:49:20 Image size of job updated: 795120
	272  -  MemoryUsage of job (MB)
	277944  -  ResidentSetSize of job (KB)
...
040 (2521876.223.000) 07/19 10:49:20 Started transferring output files
...
040 (2521876.223.000) 07/19 10:49:20 Finished transferring output files
...
005 (2521876.223.000) 07/19 10:49:20 Job terminated.
	(1) Normal termination (return value 0)
		Usr 0 00:07:10, Sys 0 00:00:02  -  Run Remote Usage
		Usr 0 00:00:00, Sys 0 00:00:00  -  Run Local Usage
		Usr 0 00:07:10, Sys 0 00:00:02  -  Total Remote Usage
		Usr 0 00:00:00, Sys 0 00:00:00  -  Total Local Usage
	48795  -  Run Bytes Sent By Job
	55262812  -  Run Bytes Received By Job
	48795  -  Total Bytes Sent By Job
	55262812  -  Total Bytes Received By Job
	Partitionable Resources :     Usage  Request Allocated 
	   Cpus                 :      1.00        3         3 
	   Disk (KB)            : 180167       75000   1246668 
	   Memory (MB)          :    272        6000      6000 

	Job terminated of its own accord at 2021-07-19T08:49:20Z.
...
