000 (2522101.191.000) 07/19 11:55:34 Job submitted from host: <188.185.70.244:9618?addrs=188.185.70.244-9618+[2001-1458-d00-7--100-2ee]-9618&alias=bigbird10.cern.ch&noUDP&sock=schedd_2037_ca81>
...
040 (2522101.191.000) 07/19 13:12:10 Started transferring input files
	Transferring to host: <128.142.58.105:9618?addrs=128.142.58.105-9618+[2001-1458-301-16--100-68]-9618&alias=b7s03p1998.cern.ch&noUDP&sock=slot1_8_6686_a449_10275>
...
040 (2522101.191.000) 07/19 13:12:11 Finished transferring input files
...
001 (2522101.191.000) 07/19 13:12:11 Job executing on host: <128.142.58.105:9618?addrs=128.142.58.105-9618+[2001-1458-301-16--100-68]-9618&alias=b7s03p1998.cern.ch&noUDP&sock=startd_6227_c854>
...
006 (2522101.191.000) 07/19 13:12:19 Image size of job updated: 227780
	151  -  MemoryUsage of job (MB)
	153680  -  ResidentSetSize of job (KB)
...
006 (2522101.191.000) 07/19 13:17:19 Image size of job updated: 626276
	201  -  MemoryUsage of job (MB)
	205284  -  ResidentSetSize of job (KB)
...
006 (2522101.191.000) 07/19 13:32:21 Image size of job updated: 797292
	274  -  MemoryUsage of job (MB)
	280396  -  ResidentSetSize of job (KB)
...
006 (2522101.191.000) 07/19 13:41:33 Image size of job updated: 797724
	274  -  MemoryUsage of job (MB)
	280396  -  ResidentSetSize of job (KB)
...
040 (2522101.191.000) 07/19 13:41:33 Started transferring output files
...
040 (2522101.191.000) 07/19 13:41:33 Finished transferring output files
...
005 (2522101.191.000) 07/19 13:41:33 Job terminated.
	(1) Normal termination (return value 0)
		Usr 0 00:11:41, Sys 0 00:00:02  -  Run Remote Usage
		Usr 0 00:00:00, Sys 0 00:00:00  -  Run Local Usage
		Usr 0 00:11:41, Sys 0 00:00:02  -  Total Remote Usage
		Usr 0 00:00:00, Sys 0 00:00:00  -  Total Local Usage
	48441  -  Run Bytes Sent By Job
	55262812  -  Run Bytes Received By Job
	48441  -  Total Bytes Sent By Job
	55262812  -  Total Bytes Received By Job
	Partitionable Resources :     Usage  Request Allocated 
	   Cpus                 :      1.00        3         3 
	   Disk (KB)            : 180640       75000   1267699 
	   Memory (MB)          :    274        6000      6000 

	Job terminated of its own accord at 2021-07-19T11:41:33Z.
...
