000 (2521675.148.000) 07/19 04:18:40 Job submitted from host: <188.185.70.244:9618?addrs=188.185.70.244-9618+[2001-1458-d00-7--100-2ee]-9618&alias=bigbird10.cern.ch&noUDP&sock=schedd_2037_ca81>
...
040 (2521675.148.000) 07/19 04:24:57 Started transferring input files
	Transferring to host: <128.142.59.92:9618?addrs=128.142.59.92-9618+[2001-1458-301-21--100-5b]-9618&alias=b7s04p7580.cern.ch&noUDP&sock=slot1_11_3210_7c3c_10413>
...
040 (2521675.148.000) 07/19 04:24:58 Finished transferring input files
...
001 (2521675.148.000) 07/19 04:24:58 Job executing on host: <128.142.59.92:9618?addrs=128.142.59.92-9618+[2001-1458-301-21--100-5b]-9618&alias=b7s04p7580.cern.ch&noUDP&sock=startd_2746_1b27>
...
006 (2521675.148.000) 07/19 04:25:07 Image size of job updated: 531084
	197  -  MemoryUsage of job (MB)
	201708  -  ResidentSetSize of job (KB)
...
006 (2521675.148.000) 07/19 04:30:08 Image size of job updated: 626816
	201  -  MemoryUsage of job (MB)
	205344  -  ResidentSetSize of job (KB)
...
040 (2521675.148.000) 07/19 04:33:57 Started transferring output files
...
040 (2521675.148.000) 07/19 04:33:57 Finished transferring output files
...
005 (2521675.148.000) 07/19 04:33:58 Job terminated.
	(1) Normal termination (return value 0)
		Usr 0 00:00:41, Sys 0 00:00:02  -  Run Remote Usage
		Usr 0 00:00:00, Sys 0 00:00:00  -  Run Local Usage
		Usr 0 00:00:41, Sys 0 00:00:02  -  Total Remote Usage
		Usr 0 00:00:00, Sys 0 00:00:00  -  Total Local Usage
	49022  -  Run Bytes Sent By Job
	55262812  -  Run Bytes Received By Job
	49022  -  Total Bytes Sent By Job
	55262812  -  Total Bytes Received By Job
	Partitionable Resources :     Usage  Request Allocated 
	   Cpus                 :      0.06        3         3 
	   Disk (KB)            : 184935       75000   1314755 
	   Memory (MB)          :    201        6000      6000 

	Job terminated of its own accord at 2021-07-19T02:33:57Z.
...
