000 (2523366.132.000) 07/19 23:50:31 Job submitted from host: <188.185.70.244:9618?addrs=188.185.70.244-9618+[2001-1458-d00-7--100-2ee]-9618&alias=bigbird10.cern.ch&noUDP&sock=schedd_2037_ca81>
...
040 (2523366.132.000) 07/20 00:26:10 Started transferring input files
	Transferring to host: <128.142.58.101:9618?addrs=128.142.58.101-9618+[2001-1458-301-16--100-64]-9618&alias=b7s03p2983.cern.ch&noUDP&sock=slot1_13_677_c1f5_10612>
...
040 (2523366.132.000) 07/20 00:26:11 Finished transferring input files
...
001 (2523366.132.000) 07/20 00:26:11 Job executing on host: <128.142.58.101:9618?addrs=128.142.58.101-9618+[2001-1458-301-16--100-64]-9618&alias=b7s03p2983.cern.ch&noUDP&sock=startd_65333_9512>
...
006 (2523366.132.000) 07/20 00:26:20 Image size of job updated: 506424
	206  -  MemoryUsage of job (MB)
	210216  -  ResidentSetSize of job (KB)
...
006 (2523366.132.000) 07/20 00:31:21 Image size of job updated: 804372
	284  -  MemoryUsage of job (MB)
	290692  -  ResidentSetSize of job (KB)
...
006 (2523366.132.000) 07/20 00:41:22 Image size of job updated: 805060
	285  -  MemoryUsage of job (MB)
	291376  -  ResidentSetSize of job (KB)
...
040 (2523366.132.000) 07/20 00:41:59 Started transferring output files
...
040 (2523366.132.000) 07/20 00:41:59 Finished transferring output files
...
005 (2523366.132.000) 07/20 00:41:59 Job terminated.
	(1) Normal termination (return value 0)
		Usr 0 00:15:42, Sys 0 00:00:02  -  Run Remote Usage
		Usr 0 00:00:00, Sys 0 00:00:00  -  Run Local Usage
		Usr 0 00:15:42, Sys 0 00:00:02  -  Total Remote Usage
		Usr 0 00:00:00, Sys 0 00:00:00  -  Total Local Usage
	51104  -  Run Bytes Sent By Job
	55262812  -  Run Bytes Received By Job
	51104  -  Total Bytes Sent By Job
	55262812  -  Total Bytes Received By Job
	Partitionable Resources :     Usage  Request Allocated 
	   Cpus                 :      1.00        3         3 
	   Disk (KB)            : 181785       75000   1323014 
	   Memory (MB)          :    285        6000      6000 

	Job terminated of its own accord at 2021-07-19T22:41:58Z.
...
