000 (2521842.147.000) 07/19 05:55:56 Job submitted from host: <188.185.70.244:9618?addrs=188.185.70.244-9618+[2001-1458-d00-7--100-2ee]-9618&alias=bigbird10.cern.ch&noUDP&sock=schedd_2037_ca81>
...
040 (2521842.147.000) 07/19 06:03:41 Started transferring input files
	Transferring to host: <128.142.78.43:9618?addrs=128.142.78.43-9618+[2001-1458-301-f4--100-105]-9618&alias=b7s12n6918.cern.ch&noUDP&sock=slot1_6_12635_401b_122765>
...
040 (2521842.147.000) 07/19 06:03:42 Finished transferring input files
...
001 (2521842.147.000) 07/19 06:03:42 Job executing on host: <128.142.78.43:9618?addrs=128.142.78.43-9618+[2001-1458-301-f4--100-105]-9618&alias=b7s12n6918.cern.ch&noUDP&sock=startd_16206_8be8>
...
006 (2521842.147.000) 07/19 06:03:51 Image size of job updated: 50076
	28  -  MemoryUsage of job (MB)
	28292  -  ResidentSetSize of job (KB)
...
006 (2521842.147.000) 07/19 06:08:52 Image size of job updated: 626272
	201  -  MemoryUsage of job (MB)
	205256  -  ResidentSetSize of job (KB)
...
006 (2521842.147.000) 07/19 06:23:54 Image size of job updated: 826408
	303  -  MemoryUsage of job (MB)
	309340  -  ResidentSetSize of job (KB)
...
006 (2521842.147.000) 07/19 06:43:56 Image size of job updated: 826956
	303  -  MemoryUsage of job (MB)
	309996  -  ResidentSetSize of job (KB)
...
040 (2521842.147.000) 07/19 06:49:19 Started transferring output files
...
040 (2521842.147.000) 07/19 06:49:19 Finished transferring output files
...
005 (2521842.147.000) 07/19 06:49:19 Job terminated.
	(1) Normal termination (return value 0)
		Usr 0 00:27:17, Sys 0 00:00:03  -  Run Remote Usage
		Usr 0 00:00:00, Sys 0 00:00:00  -  Run Local Usage
		Usr 0 00:27:17, Sys 0 00:00:03  -  Total Remote Usage
		Usr 0 00:00:00, Sys 0 00:00:00  -  Total Local Usage
	49815  -  Run Bytes Sent By Job
	55262812  -  Run Bytes Received By Job
	49815  -  Total Bytes Sent By Job
	55262812  -  Total Bytes Received By Job
	Partitionable Resources :     Usage  Request Allocated 
	   Cpus                 :      1.00        3         3 
	   Disk (KB)            : 185936       75000    287616 
	   Memory (MB)          :    303        6000      6000 

	Job terminated of its own accord at 2021-07-19T04:49:19Z.
...
