000 (2536881.035.000) 07/22 03:18:13 Job submitted from host: <188.185.70.244:9618?addrs=188.185.70.244-9618+[2001-1458-d00-7--100-2ee]-9618&alias=bigbird10.cern.ch&noUDP&sock=schedd_2037_ca81>
...
040 (2536881.035.000) 07/22 03:24:57 Started transferring input files
	Transferring to host: <128.142.77.234:9618?addrs=128.142.77.234-9618&alias=b7s12n4087.cern.ch&noUDP&sock=slot1_7_6418_cfbe_67241>
...
040 (2536881.035.000) 07/22 03:24:58 Finished transferring input files
...
001 (2536881.035.000) 07/22 03:24:58 Job executing on host: <128.142.77.234:9618?addrs=128.142.77.234-9618&alias=b7s12n4087.cern.ch&noUDP&sock=startd_5079_599b>
...
006 (2536881.035.000) 07/22 03:25:07 Image size of job updated: 288720
	28  -  MemoryUsage of job (MB)
	28084  -  ResidentSetSize of job (KB)
...
006 (2536881.035.000) 07/22 03:30:08 Image size of job updated: 635644
	209  -  MemoryUsage of job (MB)
	213640  -  ResidentSetSize of job (KB)
...
006 (2536881.035.000) 07/22 05:10:18 Image size of job updated: 915768
	393  -  MemoryUsage of job (MB)
	401948  -  ResidentSetSize of job (KB)
...
040 (2536881.035.000) 07/22 06:07:32 Started transferring output files
...
040 (2536881.035.000) 07/22 06:07:33 Finished transferring output files
...
005 (2536881.035.000) 07/22 06:07:33 Job terminated.
	(1) Normal termination (return value 0)
		Usr 0 01:01:17, Sys 0 00:00:04  -  Run Remote Usage
		Usr 0 00:00:00, Sys 0 00:00:00  -  Run Local Usage
		Usr 0 01:01:17, Sys 0 00:00:04  -  Total Remote Usage
		Usr 0 00:00:00, Sys 0 00:00:00  -  Total Local Usage
	45363  -  Run Bytes Sent By Job
	55262812  -  Run Bytes Received By Job
	45363  -  Total Bytes Sent By Job
	55262812  -  Total Bytes Received By Job
	Partitionable Resources :     Usage  Request Allocated 
	   Cpus                 :      1.00        3         3 
	   Disk (KB)            : 199133       75000    258600 
	   Memory (MB)          :    393        6000      6000 

	Job terminated of its own accord at 2021-07-22T04:07:32Z.
...
