000 (2557076.022.000) 07/28 10:47:43 Job submitted from host: <188.185.70.244:9618?addrs=188.185.70.244-9618+[2001-1458-d00-7--100-2ee]-9618&alias=bigbird10.cern.ch&noUDP&sock=schedd_2037_ca81>
...
040 (2557076.022.000) 07/28 12:12:48 Started transferring input files
	Transferring to host: <128.142.193.175:9618?addrs=128.142.193.175-9618+[2001-1458-301-cc--100-57]-9618&alias=b7g52n0153.cern.ch&noUDP&sock=slot1_1_16101_5c68_127007>
...
040 (2557076.022.000) 07/28 12:12:49 Finished transferring input files
...
001 (2557076.022.000) 07/28 12:12:49 Job executing on host: <128.142.193.175:9618?addrs=128.142.193.175-9618+[2001-1458-301-cc--100-57]-9618&alias=b7g52n0153.cern.ch&noUDP&sock=startd_17828_1a85>
...
006 (2557076.022.000) 07/28 12:12:58 Image size of job updated: 65176
	39  -  MemoryUsage of job (MB)
	39924  -  ResidentSetSize of job (KB)
...
006 (2557076.022.000) 07/28 12:17:59 Image size of job updated: 782876
	260  -  MemoryUsage of job (MB)
	265500  -  ResidentSetSize of job (KB)
...
006 (2557076.022.000) 07/28 12:21:56 Image size of job updated: 783472
	260  -  MemoryUsage of job (MB)
	265500  -  ResidentSetSize of job (KB)
...
040 (2557076.022.000) 07/28 12:21:56 Started transferring output files
...
040 (2557076.022.000) 07/28 12:21:56 Finished transferring output files
...
005 (2557076.022.000) 07/28 12:21:57 Job terminated.
	(1) Normal termination (return value 0)
		Usr 0 00:07:10, Sys 0 00:00:02  -  Run Remote Usage
		Usr 0 00:00:00, Sys 0 00:00:00  -  Run Local Usage
		Usr 0 00:07:10, Sys 0 00:00:02  -  Total Remote Usage
		Usr 0 00:00:00, Sys 0 00:00:00  -  Total Local Usage
	50015  -  Run Bytes Sent By Job
	55262880  -  Run Bytes Received By Job
	50015  -  Total Bytes Sent By Job
	55262880  -  Total Bytes Received By Job
	Partitionable Resources :     Usage  Request Allocated 
	   Cpus                 :      0.89        5         5 
	   Disk (KB)            : 181433       75000    278467 
	   Memory (MB)          :    260       10000     10000 

	Job terminated of its own accord at 2021-07-28T10:21:56Z.
...
