000 (2536881.078.000) 07/22 03:18:13 Job submitted from host: <188.185.70.244:9618?addrs=188.185.70.244-9618+[2001-1458-d00-7--100-2ee]-9618&alias=bigbird10.cern.ch&noUDP&sock=schedd_2037_ca81>
...
040 (2536881.078.000) 07/22 03:25:11 Started transferring input files
	Transferring to host: <128.142.57.84:9618?addrs=128.142.57.84-9618+[2001-1458-301-7--100-53]-9618&alias=b7s02p4931.cern.ch&noUDP&sock=slot1_20_6504_6802_19402>
...
040 (2536881.078.000) 07/22 03:25:12 Finished transferring input files
...
001 (2536881.078.000) 07/22 03:25:12 Job executing on host: <128.142.57.84:9618?addrs=128.142.57.84-9618+[2001-1458-301-7--100-53]-9618&alias=b7s02p4931.cern.ch&noUDP&sock=startd_6036_c5bd>
...
006 (2536881.078.000) 07/22 03:25:21 Image size of job updated: 573328
	161  -  MemoryUsage of job (MB)
	163884  -  ResidentSetSize of job (KB)
...
006 (2536881.078.000) 07/22 03:30:23 Image size of job updated: 631396
	205  -  MemoryUsage of job (MB)
	209624  -  ResidentSetSize of job (KB)
...
006 (2536881.078.000) 07/22 03:35:23 Image size of job updated: 817108
	297  -  MemoryUsage of job (MB)
	303680  -  ResidentSetSize of job (KB)
...
006 (2536881.078.000) 07/22 03:40:23 Image size of job updated: 817628
	298  -  MemoryUsage of job (MB)
	304292  -  ResidentSetSize of job (KB)
...
040 (2536881.078.000) 07/22 03:42:47 Started transferring output files
...
040 (2536881.078.000) 07/22 03:42:47 Finished transferring output files
...
005 (2536881.078.000) 07/22 03:42:47 Job terminated.
	(1) Normal termination (return value 0)
		Usr 0 00:12:45, Sys 0 00:00:02  -  Run Remote Usage
		Usr 0 00:00:00, Sys 0 00:00:00  -  Run Local Usage
		Usr 0 00:12:45, Sys 0 00:00:02  -  Total Remote Usage
		Usr 0 00:00:00, Sys 0 00:00:00  -  Total Local Usage
	43758  -  Run Bytes Sent By Job
	55262812  -  Run Bytes Received By Job
	43758  -  Total Bytes Sent By Job
	55262812  -  Total Bytes Received By Job
	Partitionable Resources :     Usage  Request Allocated 
	   Cpus                 :      1.00        3         3 
	   Disk (KB)            : 184159       75000   1296756 
	   Memory (MB)          :    298        6000      6000 

	Job terminated of its own accord at 2021-07-22T01:42:47Z.
...
