000 (2526743.131.000) 07/20 13:19:14 Job submitted from host: <188.185.70.244:9618?addrs=188.185.70.244-9618+[2001-1458-d00-7--100-2ee]-9618&alias=bigbird10.cern.ch&noUDP&sock=schedd_2037_ca81>
...
040 (2526743.131.000) 07/20 13:25:03 Started transferring input files
	Transferring to host: <128.142.85.81:9618?addrs=128.142.85.81-9618+[2001-1458-301-f6--100-194]-9618&alias=b7s14n4257.cern.ch&noUDP&sock=slot1_13_5983_508c_62321>
...
001 (2526743.131.000) 07/20 13:25:05 Job executing on host: <128.142.85.81:9618?addrs=128.142.85.81-9618+[2001-1458-301-f6--100-194]-9618&alias=b7s14n4257.cern.ch&noUDP&sock=startd_4894_7495>
...
040 (2526743.131.000) 07/20 13:25:05 Finished transferring input files
...
006 (2526743.131.000) 07/20 13:25:14 Image size of job updated: 22364
	5  -  MemoryUsage of job (MB)
	4352  -  ResidentSetSize of job (KB)
...
006 (2526743.131.000) 07/20 13:30:15 Image size of job updated: 631968
	205  -  MemoryUsage of job (MB)
	209692  -  ResidentSetSize of job (KB)
...
006 (2526743.131.000) 07/20 14:10:19 Image size of job updated: 809396
	289  -  MemoryUsage of job (MB)
	295556  -  ResidentSetSize of job (KB)
...
006 (2526743.131.000) 07/20 14:50:23 Image size of job updated: 809840
	290  -  MemoryUsage of job (MB)
	296148  -  ResidentSetSize of job (KB)
...
040 (2526743.131.000) 07/20 14:55:14 Started transferring output files
...
040 (2526743.131.000) 07/20 14:55:14 Finished transferring output files
...
005 (2526743.131.000) 07/20 14:55:15 Job terminated.
	(1) Normal termination (return value 0)
		Usr 0 00:46:27, Sys 0 00:00:03  -  Run Remote Usage
		Usr 0 00:00:00, Sys 0 00:00:00  -  Run Local Usage
		Usr 0 00:46:27, Sys 0 00:00:03  -  Total Remote Usage
		Usr 0 00:00:00, Sys 0 00:00:00  -  Total Local Usage
	53022  -  Run Bytes Sent By Job
	55262812  -  Run Bytes Received By Job
	53022  -  Total Bytes Sent By Job
	55262812  -  Total Bytes Received By Job
	Partitionable Resources :     Usage  Request Allocated 
	   Cpus                 :      1.00        3         3 
	   Disk (KB)            : 182667       75000    259301 
	   Memory (MB)          :    290        6000      6000 

	Job terminated of its own accord at 2021-07-20T12:55:14Z.
...
