000 (2522101.120.000) 07/19 11:55:34 Job submitted from host: <188.185.70.244:9618?addrs=188.185.70.244-9618+[2001-1458-d00-7--100-2ee]-9618&alias=bigbird10.cern.ch&noUDP&sock=schedd_2037_ca81>
...
040 (2522101.120.000) 07/19 12:55:58 Started transferring input files
	Transferring to host: <128.142.59.89:9618?addrs=128.142.59.89-9618+[2001-1458-301-21--100-58]-9618&alias=b7s04p3584.cern.ch&noUDP&sock=slot1_32_7081_f479_10054>
...
040 (2522101.120.000) 07/19 12:55:59 Finished transferring input files
...
001 (2522101.120.000) 07/19 12:55:59 Job executing on host: <128.142.59.89:9618?addrs=128.142.59.89-9618+[2001-1458-301-21--100-58]-9618&alias=b7s04p3584.cern.ch&noUDP&sock=startd_6627_2636>
...
006 (2522101.120.000) 07/19 12:56:08 Image size of job updated: 282980
	166  -  MemoryUsage of job (MB)
	169324  -  ResidentSetSize of job (KB)
...
006 (2522101.120.000) 07/19 13:01:09 Image size of job updated: 630292
	204  -  MemoryUsage of job (MB)
	208580  -  ResidentSetSize of job (KB)
...
006 (2522101.120.000) 07/19 13:51:12 Image size of job updated: 907792
	382  -  MemoryUsage of job (MB)
	390236  -  ResidentSetSize of job (KB)
...
040 (2522101.120.000) 07/19 14:22:01 Started transferring output files
...
040 (2522101.120.000) 07/19 14:22:02 Finished transferring output files
...
005 (2522101.120.000) 07/19 14:22:02 Job terminated.
	(1) Normal termination (return value 0)
		Usr 0 00:37:37, Sys 0 00:00:04  -  Run Remote Usage
		Usr 0 00:00:00, Sys 0 00:00:00  -  Run Local Usage
		Usr 0 00:37:37, Sys 0 00:00:04  -  Total Remote Usage
		Usr 0 00:00:00, Sys 0 00:00:00  -  Total Local Usage
	49361  -  Run Bytes Sent By Job
	55262812  -  Run Bytes Received By Job
	49361  -  Total Bytes Sent By Job
	55262812  -  Total Bytes Received By Job
	Partitionable Resources :     Usage  Request Allocated 
	   Cpus                 :      1.00        3         3 
	   Disk (KB)            : 197814       75000   1205048 
	   Memory (MB)          :    382        6000      6000 

	Job terminated of its own accord at 2021-07-19T12:22:01Z.
...
