000 (2523366.082.000) 07/19 23:50:30 Job submitted from host: <188.185.70.244:9618?addrs=188.185.70.244-9618+[2001-1458-d00-7--100-2ee]-9618&alias=bigbird10.cern.ch&noUDP&sock=schedd_2037_ca81>
...
040 (2523366.082.000) 07/20 00:14:15 Started transferring input files
	Transferring to host: <128.142.58.18:9618?addrs=128.142.58.18-9618+[2001-1458-301-16--100-11]-9618&alias=b7s03p6547.cern.ch&noUDP&sock=slot1_26_6480_7f01_13790>
...
040 (2523366.082.000) 07/20 00:14:16 Finished transferring input files
...
001 (2523366.082.000) 07/20 00:14:16 Job executing on host: <128.142.58.18:9618?addrs=128.142.58.18-9618+[2001-1458-301-16--100-11]-9618&alias=b7s03p6547.cern.ch&noUDP&sock=startd_6016_0dd8>
...
006 (2523366.082.000) 07/20 00:14:24 Image size of job updated: 219404
	201  -  MemoryUsage of job (MB)
	205204  -  ResidentSetSize of job (KB)
...
006 (2523366.082.000) 07/20 00:19:24 Image size of job updated: 810860
	287  -  MemoryUsage of job (MB)
	293484  -  ResidentSetSize of job (KB)
...
006 (2523366.082.000) 07/20 00:24:25 Image size of job updated: 811520
	288  -  MemoryUsage of job (MB)
	294152  -  ResidentSetSize of job (KB)
...
040 (2523366.082.000) 07/20 00:26:02 Started transferring output files
...
040 (2523366.082.000) 07/20 00:26:02 Finished transferring output files
...
005 (2523366.082.000) 07/20 00:26:03 Job terminated.
	(1) Normal termination (return value 0)
		Usr 0 00:09:58, Sys 0 00:00:01  -  Run Remote Usage
		Usr 0 00:00:00, Sys 0 00:00:00  -  Run Local Usage
		Usr 0 00:09:58, Sys 0 00:00:01  -  Total Remote Usage
		Usr 0 00:00:00, Sys 0 00:00:00  -  Total Local Usage
	48044  -  Run Bytes Sent By Job
	55262812  -  Run Bytes Received By Job
	48044  -  Total Bytes Sent By Job
	55262812  -  Total Bytes Received By Job
	Partitionable Resources :     Usage  Request Allocated 
	   Cpus                 :      1.00        3         3 
	   Disk (KB)            : 183067       75000   1292825 
	   Memory (MB)          :    288        6000      6000 

	Job terminated of its own accord at 2021-07-19T22:26:02Z.
...
