000 (2521876.121.000) 07/19 08:46:26 Job submitted from host: <188.185.70.244:9618?addrs=188.185.70.244-9618+[2001-1458-d00-7--100-2ee]-9618&alias=bigbird10.cern.ch&noUDP&sock=schedd_2037_ca81>
...
040 (2521876.121.000) 07/19 10:23:48 Started transferring input files
	Transferring to host: <128.142.161.76:9618?addrs=128.142.161.76-9618+[2001-1458-301-b8--100-a]-9618&alias=b7g03p3077.cern.ch&noUDP&sock=slot1_7_186066_1447_31584>
...
040 (2521876.121.000) 07/19 10:23:49 Finished transferring input files
...
001 (2521876.121.000) 07/19 10:23:49 Job executing on host: <128.142.161.76:9618?addrs=128.142.161.76-9618+[2001-1458-301-b8--100-a]-9618&alias=b7g03p3077.cern.ch&noUDP&sock=startd_184650_1eb4>
...
006 (2521876.121.000) 07/19 10:23:57 Image size of job updated: 233480
	155  -  MemoryUsage of job (MB)
	158104  -  ResidentSetSize of job (KB)
...
006 (2521876.121.000) 07/19 10:28:57 Image size of job updated: 899752
	374  -  MemoryUsage of job (MB)
	382804  -  ResidentSetSize of job (KB)
...
040 (2521876.121.000) 07/19 11:04:27 Started transferring output files
...
040 (2521876.121.000) 07/19 11:04:27 Finished transferring output files
...
005 (2521876.121.000) 07/19 11:04:28 Job terminated.
	(1) Normal termination (return value 0)
		Usr 0 00:40:30, Sys 0 00:00:06  -  Run Remote Usage
		Usr 0 00:00:00, Sys 0 00:00:00  -  Run Local Usage
		Usr 0 00:40:30, Sys 0 00:00:06  -  Total Remote Usage
		Usr 0 00:00:00, Sys 0 00:00:00  -  Total Local Usage
	49513  -  Run Bytes Sent By Job
	55262812  -  Run Bytes Received By Job
	49513  -  Total Bytes Sent By Job
	55262812  -  Total Bytes Received By Job
	Partitionable Resources :     Usage  Request Allocated 
	   Cpus                 :      1.00        3         3 
	   Disk (KB)            : 196272       75000   1341131 
	   Memory (MB)          :    374        6000      6000 

	Job terminated of its own accord at 2021-07-19T09:04:27Z.
...
