000 (2524617.042.000) 07/20 01:52:26 Job submitted from host: <188.185.70.244:9618?addrs=188.185.70.244-9618+[2001-1458-d00-7--100-2ee]-9618&alias=bigbird10.cern.ch&noUDP&sock=schedd_2037_ca81>
...
040 (2524617.042.000) 07/20 01:55:41 Started transferring input files
	Transferring to host: <128.142.58.75:9618?addrs=128.142.58.75-9618+[2001-1458-301-16--100-4a]-9618&alias=b7s03p7113.cern.ch&noUDP&sock=slot1_10_6936_ca13_11640>
...
040 (2524617.042.000) 07/20 01:55:42 Finished transferring input files
...
001 (2524617.042.000) 07/20 01:55:42 Job executing on host: <128.142.58.75:9618?addrs=128.142.58.75-9618+[2001-1458-301-16--100-4a]-9618&alias=b7s03p7113.cern.ch&noUDP&sock=startd_6482_b0fa>
...
006 (2524617.042.000) 07/20 01:55:50 Image size of job updated: 592788
	191  -  MemoryUsage of job (MB)
	194648  -  ResidentSetSize of job (KB)
...
006 (2524617.042.000) 07/20 02:00:50 Image size of job updated: 739652
	287  -  MemoryUsage of job (MB)
	292968  -  ResidentSetSize of job (KB)
...
006 (2524617.042.000) 07/20 02:10:18 Image size of job updated: 740108
	287  -  MemoryUsage of job (MB)
	292968  -  ResidentSetSize of job (KB)
...
040 (2524617.042.000) 07/20 02:10:18 Started transferring output files
...
040 (2524617.042.000) 07/20 02:10:19 Finished transferring output files
...
005 (2524617.042.000) 07/20 02:10:19 Job terminated.
	(1) Normal termination (return value 0)
		Usr 0 00:11:09, Sys 0 00:00:03  -  Run Remote Usage
		Usr 0 00:00:00, Sys 0 00:00:00  -  Run Local Usage
		Usr 0 00:11:09, Sys 0 00:00:03  -  Total Remote Usage
		Usr 0 00:00:00, Sys 0 00:00:00  -  Total Local Usage
	52039  -  Run Bytes Sent By Job
	55262812  -  Run Bytes Received By Job
	52039  -  Total Bytes Sent By Job
	55262812  -  Total Bytes Received By Job
	Partitionable Resources :     Usage  Request Allocated 
	   Cpus                 :      1.00        3         3 
	   Disk (KB)            : 181869       75000   1328237 
	   Memory (MB)          :    287        6000      6000 

	Job terminated of its own accord at 2021-07-20T00:10:18Z.
...
