000 (2526743.080.000) 07/20 13:19:14 Job submitted from host: <188.185.70.244:9618?addrs=188.185.70.244-9618+[2001-1458-d00-7--100-2ee]-9618&alias=bigbird10.cern.ch&noUDP&sock=schedd_2037_ca81>
...
040 (2526743.080.000) 07/20 13:21:32 Started transferring input files
	Transferring to host: <128.142.59.92:9618?addrs=128.142.59.92-9618+[2001-1458-301-21--100-5b]-9618&alias=b7s04p7580.cern.ch&noUDP&sock=slot1_9_3210_7c3c_11927>
...
040 (2526743.080.000) 07/20 13:21:32 Finished transferring input files
...
001 (2526743.080.000) 07/20 13:21:32 Job executing on host: <128.142.59.92:9618?addrs=128.142.59.92-9618+[2001-1458-301-21--100-5b]-9618&alias=b7s04p7580.cern.ch&noUDP&sock=startd_2746_1b27>
...
006 (2526743.080.000) 07/20 13:21:42 Image size of job updated: 552920
	190  -  MemoryUsage of job (MB)
	193960  -  ResidentSetSize of job (KB)
...
006 (2526743.080.000) 07/20 13:26:42 Image size of job updated: 627384
	202  -  MemoryUsage of job (MB)
	205896  -  ResidentSetSize of job (KB)
...
006 (2526743.080.000) 07/20 13:41:44 Image size of job updated: 789912
	267  -  MemoryUsage of job (MB)
	272556  -  ResidentSetSize of job (KB)
...
006 (2526743.080.000) 07/20 13:51:44 Image size of job updated: 789912
	267  -  MemoryUsage of job (MB)
	273072  -  ResidentSetSize of job (KB)
...
006 (2526743.080.000) 07/20 13:53:50 Image size of job updated: 790420
	267  -  MemoryUsage of job (MB)
	273072  -  ResidentSetSize of job (KB)
...
040 (2526743.080.000) 07/20 13:53:50 Started transferring output files
...
040 (2526743.080.000) 07/20 13:53:50 Finished transferring output files
...
005 (2526743.080.000) 07/20 13:53:51 Job terminated.
	(1) Normal termination (return value 0)
		Usr 0 00:14:23, Sys 0 00:00:02  -  Run Remote Usage
		Usr 0 00:00:00, Sys 0 00:00:00  -  Run Local Usage
		Usr 0 00:14:23, Sys 0 00:00:02  -  Total Remote Usage
		Usr 0 00:00:00, Sys 0 00:00:00  -  Total Local Usage
	48715  -  Run Bytes Sent By Job
	55262812  -  Run Bytes Received By Job
	48715  -  Total Bytes Sent By Job
	55262812  -  Total Bytes Received By Job
	Partitionable Resources :     Usage  Request Allocated 
	   Cpus                 :      1.00        3         3 
	   Disk (KB)            : 179263       75000   1308608 
	   Memory (MB)          :    267        6000      6000 

	Job terminated of its own accord at 2021-07-20T11:53:50Z.
...
