000 (2521842.010.000) 07/19 05:55:55 Job submitted from host: <188.185.70.244:9618?addrs=188.185.70.244-9618+[2001-1458-d00-7--100-2ee]-9618&alias=bigbird10.cern.ch&noUDP&sock=schedd_2037_ca81>
...
040 (2521842.010.000) 07/19 05:58:38 Started transferring input files
	Transferring to host: <188.184.169.86:9618?addrs=188.184.169.86-9618+[2001-1458-301-c0--100-14b]-9618&alias=b7g52n7755.cern.ch&noUDP&sock=slot1_6_5693_fbc1_66412>
...
040 (2521842.010.000) 07/19 05:58:39 Finished transferring input files
...
001 (2521842.010.000) 07/19 05:58:39 Job executing on host: <188.184.169.86:9618?addrs=188.184.169.86-9618+[2001-1458-301-c0--100-14b]-9618&alias=b7g52n7755.cern.ch&noUDP&sock=startd_4533_d6e5>
...
006 (2521842.010.000) 07/19 05:58:48 Image size of job updated: 330348
	45  -  MemoryUsage of job (MB)
	46020  -  ResidentSetSize of job (KB)
...
006 (2521842.010.000) 07/19 06:03:49 Image size of job updated: 631952
	205  -  MemoryUsage of job (MB)
	209688  -  ResidentSetSize of job (KB)
...
006 (2521842.010.000) 07/19 06:23:51 Image size of job updated: 811376
	291  -  MemoryUsage of job (MB)
	297656  -  ResidentSetSize of job (KB)
...
006 (2521842.010.000) 07/19 06:38:53 Image size of job updated: 811980
	292  -  MemoryUsage of job (MB)
	298252  -  ResidentSetSize of job (KB)
...
040 (2521842.010.000) 07/19 06:44:07 Started transferring output files
...
040 (2521842.010.000) 07/19 06:44:07 Finished transferring output files
...
005 (2521842.010.000) 07/19 06:44:08 Job terminated.
	(1) Normal termination (return value 0)
		Usr 0 00:24:25, Sys 0 00:00:02  -  Run Remote Usage
		Usr 0 00:00:00, Sys 0 00:00:00  -  Run Local Usage
		Usr 0 00:24:25, Sys 0 00:00:02  -  Total Remote Usage
		Usr 0 00:00:00, Sys 0 00:00:00  -  Total Local Usage
	47948  -  Run Bytes Sent By Job
	55262812  -  Run Bytes Received By Job
	47948  -  Total Bytes Sent By Job
	55262812  -  Total Bytes Received By Job
	Partitionable Resources :     Usage  Request Allocated 
	   Cpus                 :      1.00        3         3 
	   Disk (KB)            : 183107       75000    287680 
	   Memory (MB)          :    292        6000      6000 

	Job terminated of its own accord at 2021-07-19T04:44:07Z.
...
