000 (2534572.046.000) 07/21 23:44:26 Job submitted from host: <188.185.70.244:9618?addrs=188.185.70.244-9618+[2001-1458-d00-7--100-2ee]-9618&alias=bigbird10.cern.ch&noUDP&sock=schedd_2037_ca81>
...
040 (2534572.046.000) 07/21 23:49:43 Started transferring input files
	Transferring to host: <128.142.56.129:9618?addrs=128.142.56.129-9618+[2001-1458-301-6--100-80]-9618&alias=b7s01p6016.cern.ch&noUDP&sock=slot1_5_53706_7c41_16043>
...
040 (2534572.046.000) 07/21 23:49:44 Finished transferring input files
...
001 (2534572.046.000) 07/21 23:49:44 Job executing on host: <128.142.56.129:9618?addrs=128.142.56.129-9618+[2001-1458-301-6--100-80]-9618&alias=b7s01p6016.cern.ch&noUDP&sock=startd_53316_eb7a>
...
006 (2534572.046.000) 07/21 23:49:52 Image size of job updated: 243632
	166  -  MemoryUsage of job (MB)
	169304  -  ResidentSetSize of job (KB)
...
006 (2534572.046.000) 07/21 23:54:52 Image size of job updated: 635404
	209  -  MemoryUsage of job (MB)
	213412  -  ResidentSetSize of job (KB)
...
006 (2534572.046.000) 07/22 00:04:53 Image size of job updated: 638532
	212  -  MemoryUsage of job (MB)
	216608  -  ResidentSetSize of job (KB)
...
006 (2534572.046.000) 07/22 00:09:53 Image size of job updated: 975868
	451  -  MemoryUsage of job (MB)
	461548  -  ResidentSetSize of job (KB)
...
006 (2534572.046.000) 07/22 00:29:55 Image size of job updated: 976340
	452  -  MemoryUsage of job (MB)
	462152  -  ResidentSetSize of job (KB)
...
040 (2534572.046.000) 07/22 00:59:49 Started transferring output files
...
040 (2534572.046.000) 07/22 00:59:49 Finished transferring output files
...
005 (2534572.046.000) 07/22 00:59:50 Job terminated.
	(1) Normal termination (return value 0)
		Usr 0 00:55:35, Sys 0 00:00:06  -  Run Remote Usage
		Usr 0 00:00:00, Sys 0 00:00:00  -  Run Local Usage
		Usr 0 00:55:35, Sys 0 00:00:06  -  Total Remote Usage
		Usr 0 00:00:00, Sys 0 00:00:00  -  Total Local Usage
	46836  -  Run Bytes Sent By Job
	55262812  -  Run Bytes Received By Job
	46836  -  Total Bytes Sent By Job
	55262812  -  Total Bytes Received By Job
	Partitionable Resources :     Usage  Request Allocated 
	   Cpus                 :      1.00        3         3 
	   Disk (KB)            : 211239       75000   1226546 
	   Memory (MB)          :    452        6000      6000 

	Job terminated of its own accord at 2021-07-21T22:59:49Z.
...
