000 (2556082.018.000) 07/27 11:07:46 Job submitted from host: <188.185.70.244:9618?addrs=188.185.70.244-9618+[2001-1458-d00-7--100-2ee]-9618&alias=bigbird10.cern.ch&noUDP&sock=schedd_2037_ca81>
...
040 (2556082.018.000) 07/27 11:38:34 Started transferring input files
	Transferring to host: <128.142.65.228:9618?addrs=128.142.65.228-9618+[2001-1458-301-4c--100-99]-9618&alias=b7s09n2237.cern.ch&noUDP&sock=slot1_15_16870_30e7_60456>
...
040 (2556082.018.000) 07/27 11:38:35 Finished transferring input files
...
001 (2556082.018.000) 07/27 11:38:35 Job executing on host: <128.142.65.228:9618?addrs=128.142.65.228-9618+[2001-1458-301-4c--100-99]-9618&alias=b7s09n2237.cern.ch&noUDP&sock=startd_16727_e8c0>
...
006 (2556082.018.000) 07/27 11:38:44 Image size of job updated: 516900
	109  -  MemoryUsage of job (MB)
	111400  -  ResidentSetSize of job (KB)
...
006 (2556082.018.000) 07/27 11:43:45 Image size of job updated: 808596
	285  -  MemoryUsage of job (MB)
	291816  -  ResidentSetSize of job (KB)
...
006 (2556082.018.000) 07/27 11:58:47 Image size of job updated: 811032
	288  -  MemoryUsage of job (MB)
	294340  -  ResidentSetSize of job (KB)
...
040 (2556082.018.000) 07/27 12:00:53 Started transferring output files
...
040 (2556082.018.000) 07/27 12:00:53 Finished transferring output files
...
005 (2556082.018.000) 07/27 12:00:54 Job terminated.
	(1) Normal termination (return value 0)
		Usr 0 00:21:56, Sys 0 00:00:04  -  Run Remote Usage
		Usr 0 00:00:00, Sys 0 00:00:00  -  Run Local Usage
		Usr 0 00:21:56, Sys 0 00:00:04  -  Total Remote Usage
		Usr 0 00:00:00, Sys 0 00:00:00  -  Total Local Usage
	41144  -  Run Bytes Sent By Job
	55262880  -  Run Bytes Received By Job
	41144  -  Total Bytes Sent By Job
	55262880  -  Total Bytes Received By Job
	Partitionable Resources :     Usage  Request Allocated 
	   Cpus                 :      1.00        3         3 
	   Disk (KB)            : 186477       75000   1494149 
	   Memory (MB)          :    288        6000      6000 

	Job terminated of its own accord at 2021-07-27T10:00:53Z.
...
