000 (2522101.077.000) 07/19 11:55:34 Job submitted from host: <188.185.70.244:9618?addrs=188.185.70.244-9618+[2001-1458-d00-7--100-2ee]-9618&alias=bigbird10.cern.ch&noUDP&sock=schedd_2037_ca81>
...
040 (2522101.077.000) 07/19 12:46:37 Started transferring input files
	Transferring to host: <128.142.73.177:9618?addrs=128.142.73.177-9618+[2001-1458-301-75--100-624]-9618&alias=b7s11n5499.cern.ch&noUDP&sock=slot1_11_5680_d2e0_67025>
...
040 (2522101.077.000) 07/19 12:46:38 Finished transferring input files
...
001 (2522101.077.000) 07/19 12:46:38 Job executing on host: <128.142.73.177:9618?addrs=128.142.73.177-9618+[2001-1458-301-75--100-624]-9618&alias=b7s11n5499.cern.ch&noUDP&sock=startd_4667_c096>
...
006 (2522101.077.000) 07/19 12:46:47 Image size of job updated: 48896
	28  -  MemoryUsage of job (MB)
	28080  -  ResidentSetSize of job (KB)
...
006 (2522101.077.000) 07/19 12:51:48 Image size of job updated: 631960
	205  -  MemoryUsage of job (MB)
	209672  -  ResidentSetSize of job (KB)
...
006 (2522101.077.000) 07/19 13:11:49 Image size of job updated: 817068
	297  -  MemoryUsage of job (MB)
	303232  -  ResidentSetSize of job (KB)
...
006 (2522101.077.000) 07/19 13:31:52 Image size of job updated: 817524
	297  -  MemoryUsage of job (MB)
	303824  -  ResidentSetSize of job (KB)
...
040 (2522101.077.000) 07/19 13:34:01 Started transferring output files
...
040 (2522101.077.000) 07/19 13:34:01 Finished transferring output files
...
005 (2522101.077.000) 07/19 13:34:01 Job terminated.
	(1) Normal termination (return value 0)
		Usr 0 00:23:12, Sys 0 00:00:03  -  Run Remote Usage
		Usr 0 00:00:00, Sys 0 00:00:00  -  Run Local Usage
		Usr 0 00:23:12, Sys 0 00:00:03  -  Total Remote Usage
		Usr 0 00:00:00, Sys 0 00:00:00  -  Total Local Usage
	49352  -  Run Bytes Sent By Job
	55262812  -  Run Bytes Received By Job
	49352  -  Total Bytes Sent By Job
	55262812  -  Total Bytes Received By Job
	Partitionable Resources :     Usage  Request Allocated 
	   Cpus                 :      1.00        3         3 
	   Disk (KB)            : 184116       75000    262117 
	   Memory (MB)          :    297        6000      6000 

	Job terminated of its own accord at 2021-07-19T11:34:01Z.
...
