000 (2534572.163.000) 07/21 23:44:26 Job submitted from host: <188.185.70.244:9618?addrs=188.185.70.244-9618+[2001-1458-d00-7--100-2ee]-9618&alias=bigbird10.cern.ch&noUDP&sock=schedd_2037_ca81>
...
040 (2534572.163.000) 07/21 23:50:46 Started transferring input files
	Transferring to host: <128.142.59.92:9618?addrs=128.142.59.92-9618+[2001-1458-301-21--100-5b]-9618&alias=b7s04p7580.cern.ch&noUDP&sock=slot1_3_3210_7c3c_13858>
...
040 (2534572.163.000) 07/21 23:50:47 Finished transferring input files
...
001 (2534572.163.000) 07/21 23:50:47 Job executing on host: <128.142.59.92:9618?addrs=128.142.59.92-9618+[2001-1458-301-21--100-5b]-9618&alias=b7s04p7580.cern.ch&noUDP&sock=startd_2746_1b27>
...
006 (2534572.163.000) 07/21 23:50:56 Image size of job updated: 288712
	161  -  MemoryUsage of job (MB)
	163996  -  ResidentSetSize of job (KB)
...
006 (2534572.163.000) 07/21 23:55:58 Image size of job updated: 631404
	205  -  MemoryUsage of job (MB)
	209636  -  ResidentSetSize of job (KB)
...
006 (2534572.163.000) 07/22 00:05:58 Image size of job updated: 631404
	205  -  MemoryUsage of job (MB)
	209640  -  ResidentSetSize of job (KB)
...
006 (2534572.163.000) 07/22 00:51:04 Image size of job updated: 820068
	300  -  MemoryUsage of job (MB)
	306764  -  ResidentSetSize of job (KB)
...
006 (2534572.163.000) 07/22 01:06:01 Image size of job updated: 820540
	300  -  MemoryUsage of job (MB)
	306764  -  ResidentSetSize of job (KB)
...
040 (2534572.163.000) 07/22 01:06:01 Started transferring output files
...
040 (2534572.163.000) 07/22 01:06:02 Finished transferring output files
...
005 (2534572.163.000) 07/22 01:06:02 Job terminated.
	(1) Normal termination (return value 0)
		Usr 0 00:17:07, Sys 0 00:00:02  -  Run Remote Usage
		Usr 0 00:00:00, Sys 0 00:00:00  -  Run Local Usage
		Usr 0 00:17:07, Sys 0 00:00:02  -  Total Remote Usage
		Usr 0 00:00:00, Sys 0 00:00:00  -  Total Local Usage
	43806  -  Run Bytes Sent By Job
	55262812  -  Run Bytes Received By Job
	43806  -  Total Bytes Sent By Job
	55262812  -  Total Bytes Received By Job
	Partitionable Resources :     Usage  Request Allocated 
	   Cpus                 :      1.00        3         3 
	   Disk (KB)            : 184696       75000   1191787 
	   Memory (MB)          :    300        6000      6000 

	Job terminated of its own accord at 2021-07-21T23:06:01Z.
...
