000 (2521867.016.000) 07/19 07:46:08 Job submitted from host: <188.185.70.244:9618?addrs=188.185.70.244-9618+[2001-1458-d00-7--100-2ee]-9618&alias=bigbird10.cern.ch&noUDP&sock=schedd_2037_ca81>
...
040 (2521867.016.000) 07/19 07:48:50 Started transferring input files
	Transferring to host: <128.142.59.26:9618?addrs=128.142.59.26-9618+[2001-1458-301-21--100-19]-9618&alias=b7s04p9552.cern.ch&noUDP&sock=slot1_5_6915_fe32_12048>
...
040 (2521867.016.000) 07/19 07:48:50 Finished transferring input files
...
001 (2521867.016.000) 07/19 07:48:50 Job executing on host: <128.142.59.26:9618?addrs=128.142.59.26-9618+[2001-1458-301-21--100-19]-9618&alias=b7s04p9552.cern.ch&noUDP&sock=startd_6461_497d>
...
006 (2521867.016.000) 07/19 07:48:59 Image size of job updated: 269392
	190  -  MemoryUsage of job (MB)
	193900  -  ResidentSetSize of job (KB)
...
006 (2521867.016.000) 07/19 07:54:00 Image size of job updated: 626828
	201  -  MemoryUsage of job (MB)
	205284  -  ResidentSetSize of job (KB)
...
006 (2521867.016.000) 07/19 07:59:00 Image size of job updated: 795644
	272  -  MemoryUsage of job (MB)
	278308  -  ResidentSetSize of job (KB)
...
006 (2521867.016.000) 07/19 08:03:38 Image size of job updated: 796352
	272  -  MemoryUsage of job (MB)
	278308  -  ResidentSetSize of job (KB)
...
040 (2521867.016.000) 07/19 08:03:38 Started transferring output files
...
040 (2521867.016.000) 07/19 08:03:38 Finished transferring output files
...
005 (2521867.016.000) 07/19 08:03:38 Job terminated.
	(1) Normal termination (return value 0)
		Usr 0 00:10:08, Sys 0 00:00:02  -  Run Remote Usage
		Usr 0 00:00:00, Sys 0 00:00:00  -  Run Local Usage
		Usr 0 00:10:08, Sys 0 00:00:02  -  Total Remote Usage
		Usr 0 00:00:00, Sys 0 00:00:00  -  Total Local Usage
	48884  -  Run Bytes Sent By Job
	55262812  -  Run Bytes Received By Job
	48884  -  Total Bytes Sent By Job
	55262812  -  Total Bytes Received By Job
	Partitionable Resources :     Usage  Request Allocated 
	   Cpus                 :      1.00        3         3 
	   Disk (KB)            : 180372       75000   1323183 
	   Memory (MB)          :    272        6000      6000 

	Job terminated of its own accord at 2021-07-19T06:03:38Z.
...
