000 (2556074.010.000) 07/27 10:23:52 Job submitted from host: <188.185.70.244:9618?addrs=188.185.70.244-9618+[2001-1458-d00-7--100-2ee]-9618&alias=bigbird10.cern.ch&noUDP&sock=schedd_2037_ca81>
...
040 (2556074.010.000) 07/27 10:30:16 Started transferring input files
	Transferring to host: <128.142.84.78:9618?addrs=128.142.84.78-9618+[2001-1458-301-f6--100-42b]-9618&alias=b7s14n1778.cern.ch&noUDP&sock=slot1_7_30321_a32a_120324>
...
040 (2556074.010.000) 07/27 10:30:17 Finished transferring input files
...
001 (2556074.010.000) 07/27 10:30:17 Job executing on host: <128.142.84.78:9618?addrs=128.142.84.78-9618+[2001-1458-301-f6--100-42b]-9618&alias=b7s14n1778.cern.ch&noUDP&sock=startd_16501_e458>
...
006 (2556074.010.000) 07/27 10:30:26 Image size of job updated: 44156
	25  -  MemoryUsage of job (MB)
	25112  -  ResidentSetSize of job (KB)
...
006 (2556074.010.000) 07/27 10:35:27 Image size of job updated: 631948
	205  -  MemoryUsage of job (MB)
	209656  -  ResidentSetSize of job (KB)
...
006 (2556074.010.000) 07/27 10:40:28 Image size of job updated: 786108
	266  -  MemoryUsage of job (MB)
	272344  -  ResidentSetSize of job (KB)
...
006 (2556074.010.000) 07/27 10:50:29 Image size of job updated: 786708
	267  -  MemoryUsage of job (MB)
	272920  -  ResidentSetSize of job (KB)
...
040 (2556074.010.000) 07/27 10:54:56 Started transferring output files
...
040 (2556074.010.000) 07/27 10:54:56 Finished transferring output files
...
005 (2556074.010.000) 07/27 10:54:58 Job terminated.
	(1) Normal termination (return value 0)
		Usr 0 00:16:28, Sys 0 00:00:03  -  Run Remote Usage
		Usr 0 00:00:00, Sys 0 00:00:00  -  Run Local Usage
		Usr 0 00:16:28, Sys 0 00:00:03  -  Total Remote Usage
		Usr 0 00:00:00, Sys 0 00:00:00  -  Total Local Usage
	51867  -  Run Bytes Sent By Job
	55262880  -  Run Bytes Received By Job
	51867  -  Total Bytes Sent By Job
	55262880  -  Total Bytes Received By Job
	Partitionable Resources :     Usage  Request Allocated 
	   Cpus                 :      1.00        3         3 
	   Disk (KB)            : 182216       75000    276791 
	   Memory (MB)          :    267        6000      6000 

	Job terminated of its own accord at 2021-07-27T08:54:56Z.
...
