000 (2557146.011.000) 07/28 14:20:13 Job submitted from host: <188.185.70.244:9618?addrs=188.185.70.244-9618+[2001-1458-d00-7--100-2ee]-9618&alias=bigbird10.cern.ch&noUDP&sock=schedd_2037_ca81>
...
040 (2557146.011.000) 07/28 15:31:19 Started transferring input files
	Transferring to host: <128.142.57.76:9618?addrs=128.142.57.76-9618+[2001-1458-301-7--100-4b]-9618&alias=b7s02p8471.cern.ch&noUDP&sock=slot1_3_6925_09f3_22417>
...
040 (2557146.011.000) 07/28 15:31:20 Finished transferring input files
...
001 (2557146.011.000) 07/28 15:31:20 Job executing on host: <128.142.57.76:9618?addrs=128.142.57.76-9618+[2001-1458-301-7--100-4b]-9618&alias=b7s02p8471.cern.ch&noUDP&sock=startd_6473_84a0>
...
006 (2557146.011.000) 07/28 15:31:28 Image size of job updated: 433196
	205  -  MemoryUsage of job (MB)
	209632  -  ResidentSetSize of job (KB)
...
006 (2557146.011.000) 07/28 15:36:28 Image size of job updated: 798596
	278  -  MemoryUsage of job (MB)
	284536  -  ResidentSetSize of job (KB)
...
006 (2557146.011.000) 07/28 15:40:44 Image size of job updated: 799836
	278  -  MemoryUsage of job (MB)
	284536  -  ResidentSetSize of job (KB)
...
040 (2557146.011.000) 07/28 15:40:44 Started transferring output files
...
040 (2557146.011.000) 07/28 15:40:44 Finished transferring output files
...
005 (2557146.011.000) 07/28 15:40:44 Job terminated.
	(1) Normal termination (return value 0)
		Usr 0 00:09:20, Sys 0 00:00:02  -  Run Remote Usage
		Usr 0 00:00:00, Sys 0 00:00:00  -  Run Local Usage
		Usr 0 00:09:20, Sys 0 00:00:02  -  Total Remote Usage
		Usr 0 00:00:00, Sys 0 00:00:00  -  Total Local Usage
	45416  -  Run Bytes Sent By Job
	55262880  -  Run Bytes Received By Job
	45416  -  Total Bytes Sent By Job
	55262880  -  Total Bytes Received By Job
	Partitionable Resources :     Usage  Request Allocated 
	   Cpus                 :      1.00        4         4 
	   Disk (KB)            : 184325       75000   1323664 
	   Memory (MB)          :    278        8000      8000 

	Job terminated of its own accord at 2021-07-28T13:40:44Z.
...
