000 (2524617.180.000) 07/20 01:52:27 Job submitted from host: <188.185.70.244:9618?addrs=188.185.70.244-9618+[2001-1458-d00-7--100-2ee]-9618&alias=bigbird10.cern.ch&noUDP&sock=schedd_2037_ca81>
...
040 (2524617.180.000) 07/20 02:01:14 Started transferring input files
	Transferring to host: <188.184.198.51:9618?addrs=188.184.198.51-9618+[2001-1458-301-c1--100-18e]-9618&alias=b7g52n7895.cern.ch&noUDP&sock=slot1_3_10455_3e42_121473>
...
040 (2524617.180.000) 07/20 02:01:15 Finished transferring input files
...
001 (2524617.180.000) 07/20 02:01:15 Job executing on host: <188.184.198.51:9618?addrs=188.184.198.51-9618+[2001-1458-301-c1--100-18e]-9618&alias=b7g52n7895.cern.ch&noUDP&sock=startd_17585_6d02>
...
006 (2524617.180.000) 07/20 02:01:24 Image size of job updated: 428912
	74  -  MemoryUsage of job (MB)
	75316  -  ResidentSetSize of job (KB)
...
006 (2524617.180.000) 07/20 02:06:25 Image size of job updated: 626836
	201  -  MemoryUsage of job (MB)
	205204  -  ResidentSetSize of job (KB)
...
006 (2524617.180.000) 07/20 02:21:27 Image size of job updated: 824184
	300  -  MemoryUsage of job (MB)
	306768  -  ResidentSetSize of job (KB)
...
006 (2524617.180.000) 07/20 02:51:31 Image size of job updated: 824652
	301  -  MemoryUsage of job (MB)
	307376  -  ResidentSetSize of job (KB)
...
040 (2524617.180.000) 07/20 02:53:11 Started transferring output files
...
040 (2524617.180.000) 07/20 02:53:11 Finished transferring output files
...
005 (2524617.180.000) 07/20 02:53:11 Job terminated.
	(1) Normal termination (return value 0)
		Usr 0 00:34:19, Sys 0 00:00:02  -  Run Remote Usage
		Usr 0 00:00:00, Sys 0 00:00:00  -  Run Local Usage
		Usr 0 00:34:19, Sys 0 00:00:02  -  Total Remote Usage
		Usr 0 00:00:00, Sys 0 00:00:00  -  Total Local Usage
	48991  -  Run Bytes Sent By Job
	55262812  -  Run Bytes Received By Job
	48991  -  Total Bytes Sent By Job
	55262812  -  Total Bytes Received By Job
	Partitionable Resources :     Usage  Request Allocated 
	   Cpus                 :      1.00        3         3 
	   Disk (KB)            : 185449       75000    265343 
	   Memory (MB)          :    301        6000      6000 

	Job terminated of its own accord at 2021-07-20T00:53:10Z.
...
