000 (2557145.031.000) 07/28 14:19:40 Job submitted from host: <188.185.70.244:9618?addrs=188.185.70.244-9618+[2001-1458-d00-7--100-2ee]-9618&alias=bigbird10.cern.ch&noUDP&sock=schedd_2037_ca81>
...
040 (2557145.031.000) 07/28 15:18:11 Started transferring input files
	Transferring to host: <128.142.87.38:9618?addrs=128.142.87.38-9618+[2001-1458-301-f6--100-3cf]-9618&alias=b7s14n2607.cern.ch&noUDP&sock=slot1_1_5388_1554_73301>
...
040 (2557145.031.000) 07/28 15:18:12 Finished transferring input files
...
001 (2557145.031.000) 07/28 15:18:12 Job executing on host: <128.142.87.38:9618?addrs=128.142.87.38-9618+[2001-1458-301-f6--100-3cf]-9618&alias=b7s14n2607.cern.ch&noUDP&sock=startd_4350_5110>
...
006 (2557145.031.000) 07/28 15:18:21 Image size of job updated: 112680
	69  -  MemoryUsage of job (MB)
	70228  -  ResidentSetSize of job (KB)
...
006 (2557145.031.000) 07/28 15:23:22 Image size of job updated: 780524
	258  -  MemoryUsage of job (MB)
	263552  -  ResidentSetSize of job (KB)
...
006 (2557145.031.000) 07/28 15:28:22 Image size of job updated: 781352
	259  -  MemoryUsage of job (MB)
	264524  -  ResidentSetSize of job (KB)
...
040 (2557145.031.000) 07/28 15:29:39 Started transferring output files
...
040 (2557145.031.000) 07/28 15:29:39 Finished transferring output files
...
005 (2557145.031.000) 07/28 15:29:40 Job terminated.
	(1) Normal termination (return value 0)
		Usr 0 00:11:11, Sys 0 00:00:03  -  Run Remote Usage
		Usr 0 00:00:00, Sys 0 00:00:00  -  Run Local Usage
		Usr 0 00:11:11, Sys 0 00:00:03  -  Total Remote Usage
		Usr 0 00:00:00, Sys 0 00:00:00  -  Total Local Usage
	47117  -  Run Bytes Sent By Job
	55262880  -  Run Bytes Received By Job
	47117  -  Total Bytes Sent By Job
	55262880  -  Total Bytes Received By Job
	Partitionable Resources :     Usage  Request Allocated 
	   Cpus                 :      1.00        4         4 
	   Disk (KB)            : 180166       75000    254669 
	   Memory (MB)          :    259        8000      8000 

	Job terminated of its own accord at 2021-07-28T13:29:39Z.
...
