000 (2534572.029.000) 07/21 23:44:26 Job submitted from host: <188.185.70.244:9618?addrs=188.185.70.244-9618+[2001-1458-d00-7--100-2ee]-9618&alias=bigbird10.cern.ch&noUDP&sock=schedd_2037_ca81>
...
040 (2534572.029.000) 07/21 23:49:39 Started transferring input files
	Transferring to host: <128.142.85.159:9618?addrs=128.142.85.159-9618+[2001-1458-301-f6--100-4a8]-9618&alias=b7s14n6469.cern.ch&noUDP&sock=slot1_4_3926_f8d9_76341>
...
040 (2534572.029.000) 07/21 23:49:40 Finished transferring input files
...
001 (2534572.029.000) 07/21 23:49:40 Job executing on host: <128.142.85.159:9618?addrs=128.142.85.159-9618+[2001-1458-301-f6--100-4a8]-9618&alias=b7s14n6469.cern.ch&noUDP&sock=startd_3108_6870>
...
006 (2534572.029.000) 07/21 23:49:49 Image size of job updated: 174508
	76  -  MemoryUsage of job (MB)
	77272  -  ResidentSetSize of job (KB)
...
006 (2534572.029.000) 07/21 23:54:51 Image size of job updated: 626120
	201  -  MemoryUsage of job (MB)
	205204  -  ResidentSetSize of job (KB)
...
006 (2534572.029.000) 07/22 00:34:54 Image size of job updated: 827336
	304  -  MemoryUsage of job (MB)
	310524  -  ResidentSetSize of job (KB)
...
006 (2534572.029.000) 07/22 00:54:56 Image size of job updated: 827824
	304  -  MemoryUsage of job (MB)
	311112  -  ResidentSetSize of job (KB)
...
040 (2534572.029.000) 07/22 00:57:00 Started transferring output files
...
040 (2534572.029.000) 07/22 00:57:00 Finished transferring output files
...
005 (2534572.029.000) 07/22 00:57:00 Job terminated.
	(1) Normal termination (return value 0)
		Usr 0 00:23:49, Sys 0 00:00:03  -  Run Remote Usage
		Usr 0 00:00:00, Sys 0 00:00:00  -  Run Local Usage
		Usr 0 00:23:49, Sys 0 00:00:03  -  Total Remote Usage
		Usr 0 00:00:00, Sys 0 00:00:00  -  Total Local Usage
	44255  -  Run Bytes Sent By Job
	55262812  -  Run Bytes Received By Job
	44255  -  Total Bytes Sent By Job
	55262812  -  Total Bytes Received By Job
	Partitionable Resources :     Usage  Request Allocated 
	   Cpus                 :      0.99        3         3 
	   Disk (KB)            : 186133       75000    264135 
	   Memory (MB)          :    304        6000      6000 

	Job terminated of its own accord at 2021-07-21T22:57:00Z.
...
