000 (2526743.064.000) 07/20 13:19:14 Job submitted from host: <188.185.70.244:9618?addrs=188.185.70.244-9618+[2001-1458-d00-7--100-2ee]-9618&alias=bigbird10.cern.ch&noUDP&sock=schedd_2037_ca81>
...
040 (2526743.064.000) 07/20 13:21:26 Started transferring input files
	Transferring to host: <188.184.169.225:9618?addrs=188.184.169.225-9618+[2001-1458-301-c0--100-260]-9618&alias=b7g52n1674.cern.ch&noUDP&sock=slot1_2_5284_ce50_77907>
...
040 (2526743.064.000) 07/20 13:21:27 Finished transferring input files
...
001 (2526743.064.000) 07/20 13:21:27 Job executing on host: <188.184.169.225:9618?addrs=188.184.169.225-9618+[2001-1458-301-c0--100-260]-9618&alias=b7g52n1674.cern.ch&noUDP&sock=startd_4139_9694>
...
006 (2526743.064.000) 07/20 13:21:36 Image size of job updated: 399316
	45  -  MemoryUsage of job (MB)
	45872  -  ResidentSetSize of job (KB)
...
006 (2526743.064.000) 07/20 13:26:37 Image size of job updated: 630852
	205  -  MemoryUsage of job (MB)
	209092  -  ResidentSetSize of job (KB)
...
006 (2526743.064.000) 07/20 13:51:39 Image size of job updated: 809308
	289  -  MemoryUsage of job (MB)
	295568  -  ResidentSetSize of job (KB)
...
006 (2526743.064.000) 07/20 14:11:42 Image size of job updated: 809856
	290  -  MemoryUsage of job (MB)
	296244  -  ResidentSetSize of job (KB)
...
040 (2526743.064.000) 07/20 14:12:26 Started transferring output files
...
040 (2526743.064.000) 07/20 14:12:26 Finished transferring output files
...
005 (2526743.064.000) 07/20 14:12:26 Job terminated.
	(1) Normal termination (return value 0)
		Usr 0 00:22:37, Sys 0 00:00:02  -  Run Remote Usage
		Usr 0 00:00:00, Sys 0 00:00:00  -  Run Local Usage
		Usr 0 00:22:37, Sys 0 00:00:02  -  Total Remote Usage
		Usr 0 00:00:00, Sys 0 00:00:00  -  Total Local Usage
	52916  -  Run Bytes Sent By Job
	55262812  -  Run Bytes Received By Job
	52916  -  Total Bytes Sent By Job
	55262812  -  Total Bytes Received By Job
	Partitionable Resources :     Usage  Request Allocated 
	   Cpus                 :      0.99        3         3 
	   Disk (KB)            : 182658       75000    282210 
	   Memory (MB)          :    290        6000      6000 

	Job terminated of its own accord at 2021-07-20T12:12:26Z.
...
