000 (2526743.184.000) 07/20 13:19:14 Job submitted from host: <188.185.70.244:9618?addrs=188.185.70.244-9618+[2001-1458-d00-7--100-2ee]-9618&alias=bigbird10.cern.ch&noUDP&sock=schedd_2037_ca81>
...
040 (2526743.184.000) 07/20 13:31:50 Started transferring input files
	Transferring to host: <128.142.161.79:9618?addrs=128.142.161.79-9618+[2001-1458-301-b8--100-d]-9618&alias=b7g03p4048.cern.ch&noUDP&sock=slot1_8_98691_7cc6_84673>
...
040 (2526743.184.000) 07/20 13:31:51 Finished transferring input files
...
001 (2526743.184.000) 07/20 13:31:51 Job executing on host: <128.142.161.79:9618?addrs=128.142.161.79-9618+[2001-1458-301-b8--100-d]-9618&alias=b7g03p4048.cern.ch&noUDP&sock=startd_70541_d64d>
...
006 (2526743.184.000) 07/20 13:32:00 Image size of job updated: 321408
	102  -  MemoryUsage of job (MB)
	104024  -  ResidentSetSize of job (KB)
...
006 (2526743.184.000) 07/20 13:37:01 Image size of job updated: 791064
	268  -  MemoryUsage of job (MB)
	274280  -  ResidentSetSize of job (KB)
...
006 (2526743.184.000) 07/20 13:42:01 Image size of job updated: 791648
	269  -  MemoryUsage of job (MB)
	274868  -  ResidentSetSize of job (KB)
...
040 (2526743.184.000) 07/20 13:48:37 Started transferring output files
...
040 (2526743.184.000) 07/20 13:48:37 Finished transferring output files
...
005 (2526743.184.000) 07/20 13:48:38 Job terminated.
	(1) Normal termination (return value 0)
		Usr 0 00:13:48, Sys 0 00:00:02  -  Run Remote Usage
		Usr 0 00:00:00, Sys 0 00:00:00  -  Run Local Usage
		Usr 0 00:13:48, Sys 0 00:00:02  -  Total Remote Usage
		Usr 0 00:00:00, Sys 0 00:00:00  -  Total Local Usage
	49456  -  Run Bytes Sent By Job
	55262812  -  Run Bytes Received By Job
	49456  -  Total Bytes Sent By Job
	55262812  -  Total Bytes Received By Job
	Partitionable Resources :     Usage  Request Allocated 
	   Cpus                 :      1.00        3         3 
	   Disk (KB)            : 179491       75000   1380136 
	   Memory (MB)          :    269        6000      6000 

	Job terminated of its own accord at 2021-07-20T11:48:37Z.
...
