000 (2536881.026.000) 07/22 03:18:13 Job submitted from host: <188.185.70.244:9618?addrs=188.185.70.244-9618+[2001-1458-d00-7--100-2ee]-9618&alias=bigbird10.cern.ch&noUDP&sock=schedd_2037_ca81>
...
040 (2536881.026.000) 07/22 03:25:26 Started transferring input files
	Transferring to host: <188.184.204.139:9618?addrs=188.184.204.139-9618+[2001-1458-301-7d--100-99]-9618&alias=b7g27n0115.cern.ch&noUDP&sock=slot1_5_3262_1fbe_77584>
...
040 (2536881.026.000) 07/22 03:25:27 Finished transferring input files
...
001 (2536881.026.000) 07/22 03:25:27 Job executing on host: <188.184.204.139:9618?addrs=188.184.204.139-9618+[2001-1458-301-7d--100-99]-9618&alias=b7g27n0115.cern.ch&noUDP&sock=startd_2848_11d0>
...
006 (2536881.026.000) 07/22 03:25:35 Image size of job updated: 4816
	4  -  MemoryUsage of job (MB)
	3704  -  ResidentSetSize of job (KB)
...
006 (2536881.026.000) 07/22 03:30:35 Image size of job updated: 626724
	202  -  MemoryUsage of job (MB)
	205900  -  ResidentSetSize of job (KB)
...
006 (2536881.026.000) 07/22 03:35:36 Image size of job updated: 824820
	301  -  MemoryUsage of job (MB)
	307980  -  ResidentSetSize of job (KB)
...
006 (2536881.026.000) 07/22 03:55:38 Image size of job updated: 825320
	302  -  MemoryUsage of job (MB)
	308560  -  ResidentSetSize of job (KB)
...
040 (2536881.026.000) 07/22 04:00:04 Started transferring output files
...
040 (2536881.026.000) 07/22 04:00:04 Finished transferring output files
...
005 (2536881.026.000) 07/22 04:00:05 Job terminated.
	(1) Normal termination (return value 0)
		Usr 0 00:27:07, Sys 0 00:00:04  -  Run Remote Usage
		Usr 0 00:00:00, Sys 0 00:00:00  -  Run Local Usage
		Usr 0 00:27:07, Sys 0 00:00:04  -  Total Remote Usage
		Usr 0 00:00:00, Sys 0 00:00:00  -  Total Local Usage
	43907  -  Run Bytes Sent By Job
	55262812  -  Run Bytes Received By Job
	43907  -  Total Bytes Sent By Job
	55262812  -  Total Bytes Received By Job
	Partitionable Resources :     Usage  Request Allocated 
	   Cpus                 :      1.00        3         3 
	   Disk (KB)            : 185677       75000    180517 
	   Memory (MB)          :    302        6000      6000 

	Job terminated of its own accord at 2021-07-22T02:00:02Z.
...
