000 (2526743.027.000) 07/20 13:19:13 Job submitted from host: <188.185.70.244:9618?addrs=188.185.70.244-9618+[2001-1458-d00-7--100-2ee]-9618&alias=bigbird10.cern.ch&noUDP&sock=schedd_2037_ca81>
...
040 (2526743.027.000) 07/20 13:20:52 Started transferring input files
	Transferring to host: <128.142.59.24:9618?addrs=128.142.59.24-9618+[2001-1458-301-21--100-17]-9618&alias=b7s04p0730.cern.ch&noUDP&sock=slot1_57_6923_a133_11148>
...
040 (2526743.027.000) 07/20 13:20:53 Finished transferring input files
...
001 (2526743.027.000) 07/20 13:20:53 Job executing on host: <128.142.59.24:9618?addrs=128.142.59.24-9618+[2001-1458-301-21--100-17]-9618&alias=b7s04p0730.cern.ch&noUDP&sock=startd_6469_c63f>
...
006 (2526743.027.000) 07/20 13:21:02 Image size of job updated: 272692
	202  -  MemoryUsage of job (MB)
	205896  -  ResidentSetSize of job (KB)
...
006 (2526743.027.000) 07/20 13:26:03 Image size of job updated: 822992
	300  -  MemoryUsage of job (MB)
	306284  -  ResidentSetSize of job (KB)
...
006 (2526743.027.000) 07/20 13:41:04 Image size of job updated: 823496
	300  -  MemoryUsage of job (MB)
	306884  -  ResidentSetSize of job (KB)
...
040 (2526743.027.000) 07/20 13:43:22 Started transferring output files
...
040 (2526743.027.000) 07/20 13:43:22 Finished transferring output files
...
005 (2526743.027.000) 07/20 13:43:22 Job terminated.
	(1) Normal termination (return value 0)
		Usr 0 00:21:35, Sys 0 00:00:02  -  Run Remote Usage
		Usr 0 00:00:00, Sys 0 00:00:00  -  Run Local Usage
		Usr 0 00:21:35, Sys 0 00:00:02  -  Total Remote Usage
		Usr 0 00:00:00, Sys 0 00:00:00  -  Total Local Usage
	49303  -  Run Bytes Sent By Job
	55262812  -  Run Bytes Received By Job
	49303  -  Total Bytes Sent By Job
	55262812  -  Total Bytes Received By Job
	Partitionable Resources :     Usage  Request Allocated 
	   Cpus                 :      1.00        3         3 
	   Disk (KB)            : 185240       75000   1292909 
	   Memory (MB)          :    300        6000      6000 

	Job terminated of its own accord at 2021-07-20T11:43:22Z.
...
