000 (2524617.069.000) 07/20 01:52:26 Job submitted from host: <188.185.70.244:9618?addrs=188.185.70.244-9618+[2001-1458-d00-7--100-2ee]-9618&alias=bigbird10.cern.ch&noUDP&sock=schedd_2037_ca81>
...
040 (2524617.069.000) 07/20 01:55:49 Started transferring input files
	Transferring to host: <128.142.57.22:9618?addrs=128.142.57.22-9618+[2001-1458-301-7--100-15]-9618&alias=b7s02p4264.cern.ch&noUDP&sock=slot1_3_6653_63e8_15726>
...
040 (2524617.069.000) 07/20 01:55:50 Finished transferring input files
...
001 (2524617.069.000) 07/20 01:55:50 Job executing on host: <128.142.57.22:9618?addrs=128.142.57.22-9618+[2001-1458-301-7--100-15]-9618&alias=b7s02p4264.cern.ch&noUDP&sock=startd_6190_6753>
...
006 (2524617.069.000) 07/20 01:55:58 Image size of job updated: 269760
	191  -  MemoryUsage of job (MB)
	194776  -  ResidentSetSize of job (KB)
...
006 (2524617.069.000) 07/20 02:00:58 Image size of job updated: 809528
	290  -  MemoryUsage of job (MB)
	295996  -  ResidentSetSize of job (KB)
...
006 (2524617.069.000) 07/20 02:09:14 Image size of job updated: 810004
	290  -  MemoryUsage of job (MB)
	295996  -  ResidentSetSize of job (KB)
...
040 (2524617.069.000) 07/20 02:09:14 Started transferring output files
...
040 (2524617.069.000) 07/20 02:09:14 Finished transferring output files
...
005 (2524617.069.000) 07/20 02:09:14 Job terminated.
	(1) Normal termination (return value 0)
		Usr 0 00:10:03, Sys 0 00:00:03  -  Run Remote Usage
		Usr 0 00:00:00, Sys 0 00:00:00  -  Run Local Usage
		Usr 0 00:10:03, Sys 0 00:00:03  -  Total Remote Usage
		Usr 0 00:00:00, Sys 0 00:00:00  -  Total Local Usage
	52704  -  Run Bytes Sent By Job
	55262812  -  Run Bytes Received By Job
	52704  -  Total Bytes Sent By Job
	55262812  -  Total Bytes Received By Job
	Partitionable Resources :     Usage  Request Allocated 
	   Cpus                 :      0.00        3         3 
	   Disk (KB)            : 182695       75000   1287710 
	   Memory (MB)          :    290        6000      6000 

	Job terminated of its own accord at 2021-07-20T00:09:14Z.
...
