000 (2526743.190.000) 07/20 13:19:14 Job submitted from host: <188.185.70.244:9618?addrs=188.185.70.244-9618+[2001-1458-d00-7--100-2ee]-9618&alias=bigbird10.cern.ch&noUDP&sock=schedd_2037_ca81>
...
040 (2526743.190.000) 07/20 13:31:47 Started transferring input files
	Transferring to host: <128.142.56.143:9618?addrs=128.142.56.143-9618+[2001-1458-301-6--100-8e]-9618&alias=b7s01p7537.cern.ch&noUDP&sock=slot1_8_50339_2118_13763>
...
040 (2526743.190.000) 07/20 13:31:48 Finished transferring input files
...
001 (2526743.190.000) 07/20 13:31:48 Job executing on host: <128.142.56.143:9618?addrs=128.142.56.143-9618+[2001-1458-301-6--100-8e]-9618&alias=b7s01p7537.cern.ch&noUDP&sock=startd_50292_b516>
...
006 (2526743.190.000) 07/20 13:31:57 Image size of job updated: 269392
	190  -  MemoryUsage of job (MB)
	193880  -  ResidentSetSize of job (KB)
...
006 (2526743.190.000) 07/20 13:36:58 Image size of job updated: 626836
	201  -  MemoryUsage of job (MB)
	205304  -  ResidentSetSize of job (KB)
...
006 (2526743.190.000) 07/20 13:46:58 Image size of job updated: 804988
	281  -  MemoryUsage of job (MB)
	287536  -  ResidentSetSize of job (KB)
...
006 (2526743.190.000) 07/20 13:54:40 Image size of job updated: 805308
	281  -  MemoryUsage of job (MB)
	287536  -  ResidentSetSize of job (KB)
...
040 (2526743.190.000) 07/20 13:54:40 Started transferring output files
...
040 (2526743.190.000) 07/20 13:54:40 Finished transferring output files
...
005 (2526743.190.000) 07/20 13:54:40 Job terminated.
	(1) Normal termination (return value 0)
		Usr 0 00:09:14, Sys 0 00:00:02  -  Run Remote Usage
		Usr 0 00:00:00, Sys 0 00:00:00  -  Run Local Usage
		Usr 0 00:09:14, Sys 0 00:00:02  -  Total Remote Usage
		Usr 0 00:00:00, Sys 0 00:00:00  -  Total Local Usage
	50904  -  Run Bytes Sent By Job
	55262812  -  Run Bytes Received By Job
	50904  -  Total Bytes Sent By Job
	55262812  -  Total Bytes Received By Job
	Partitionable Resources :     Usage  Request Allocated 
	   Cpus                 :      1.00        3         3 
	   Disk (KB)            : 181966       75000   1262567 
	   Memory (MB)          :    281        6000      6000 

	Job terminated of its own accord at 2021-07-20T11:54:40Z.
...
