000 (2523366.155.000) 07/19 23:50:31 Job submitted from host: <188.185.70.244:9618?addrs=188.185.70.244-9618+[2001-1458-d00-7--100-2ee]-9618&alias=bigbird10.cern.ch&noUDP&sock=schedd_2037_ca81>
...
040 (2523366.155.000) 07/20 00:30:26 Started transferring input files
	Transferring to host: <188.184.205.144:9618?addrs=188.184.205.144-9618+[2001-1458-301-7d--100-17a]-9618&alias=b7g27n0087.cern.ch&noUDP&sock=slot1_1_4049_a2fe_79135>
...
040 (2523366.155.000) 07/20 00:30:27 Finished transferring input files
...
001 (2523366.155.000) 07/20 00:30:28 Job executing on host: <188.184.205.144:9618?addrs=188.184.205.144-9618+[2001-1458-301-7d--100-17a]-9618&alias=b7g27n0087.cern.ch&noUDP&sock=startd_3454_bc35>
...
006 (2523366.155.000) 07/20 00:30:36 Image size of job updated: 13400
	5  -  MemoryUsage of job (MB)
	4136  -  ResidentSetSize of job (KB)
...
006 (2523366.155.000) 07/20 00:35:36 Image size of job updated: 626836
	201  -  MemoryUsage of job (MB)
	205288  -  ResidentSetSize of job (KB)
...
006 (2523366.155.000) 07/20 00:40:36 Image size of job updated: 816672
	293  -  MemoryUsage of job (MB)
	299256  -  ResidentSetSize of job (KB)
...
006 (2523366.155.000) 07/20 01:10:40 Image size of job updated: 817172
	293  -  MemoryUsage of job (MB)
	299832  -  ResidentSetSize of job (KB)
...
040 (2523366.155.000) 07/20 01:17:31 Started transferring output files
...
040 (2523366.155.000) 07/20 01:17:32 Finished transferring output files
...
005 (2523366.155.000) 07/20 01:17:32 Job terminated.
	(1) Normal termination (return value 0)
		Usr 0 00:39:08, Sys 0 00:00:14  -  Run Remote Usage
		Usr 0 00:00:00, Sys 0 00:00:00  -  Run Local Usage
		Usr 0 00:39:08, Sys 0 00:00:14  -  Total Remote Usage
		Usr 0 00:00:00, Sys 0 00:00:00  -  Total Local Usage
	49271  -  Run Bytes Sent By Job
	55262812  -  Run Bytes Received By Job
	49271  -  Total Bytes Sent By Job
	55262812  -  Total Bytes Received By Job
	Partitionable Resources :     Usage  Request Allocated 
	   Cpus                 :      0.99        3         3 
	   Disk (KB)            : 184101       75000    216431 
	   Memory (MB)          :    293        6000      6000 

	Job terminated of its own accord at 2021-07-19T23:17:31Z.
...
