000 (2534572.160.000) 07/21 23:44:26 Job submitted from host: <188.185.70.244:9618?addrs=188.185.70.244-9618+[2001-1458-d00-7--100-2ee]-9618&alias=bigbird10.cern.ch&noUDP&sock=schedd_2037_ca81>
...
040 (2534572.160.000) 07/21 23:50:45 Started transferring input files
	Transferring to host: <128.142.58.88:9618?addrs=128.142.58.88-9618+[2001-1458-301-16--100-57]-9618&alias=b7s03p7308.cern.ch&noUDP&sock=slot1_6_6895_e6b1_13621>
...
040 (2534572.160.000) 07/21 23:50:46 Finished transferring input files
...
001 (2534572.160.000) 07/21 23:50:46 Job executing on host: <128.142.58.88:9618?addrs=128.142.58.88-9618+[2001-1458-301-16--100-57]-9618&alias=b7s03p7308.cern.ch&noUDP&sock=startd_6431_b5a6>
...
006 (2534572.160.000) 07/21 23:50:54 Image size of job updated: 270116
	191  -  MemoryUsage of job (MB)
	194768  -  ResidentSetSize of job (KB)
...
006 (2534572.160.000) 07/21 23:55:54 Image size of job updated: 819824
	299  -  MemoryUsage of job (MB)
	306116  -  ResidentSetSize of job (KB)
...
006 (2534572.160.000) 07/22 00:05:55 Image size of job updated: 820480
	300  -  MemoryUsage of job (MB)
	306744  -  ResidentSetSize of job (KB)
...
040 (2534572.160.000) 07/22 00:06:19 Started transferring output files
...
040 (2534572.160.000) 07/22 00:06:20 Finished transferring output files
...
005 (2534572.160.000) 07/22 00:06:20 Job terminated.
	(1) Normal termination (return value 0)
		Usr 0 00:13:35, Sys 0 00:00:02  -  Run Remote Usage
		Usr 0 00:00:00, Sys 0 00:00:00  -  Run Local Usage
		Usr 0 00:13:35, Sys 0 00:00:02  -  Total Remote Usage
		Usr 0 00:00:00, Sys 0 00:00:00  -  Total Local Usage
	42737  -  Run Bytes Sent By Job
	55262812  -  Run Bytes Received By Job
	42737  -  Total Bytes Sent By Job
	55262812  -  Total Bytes Received By Job
	Partitionable Resources :     Usage  Request Allocated 
	   Cpus                 :      1.00        3         3 
	   Disk (KB)            : 184669       75000   1302305 
	   Memory (MB)          :    300        6000      6000 

	Job terminated of its own accord at 2021-07-21T22:06:19Z.
...
