000 (2522101.099.000) 07/19 11:55:34 Job submitted from host: <188.185.70.244:9618?addrs=188.185.70.244-9618+[2001-1458-d00-7--100-2ee]-9618&alias=bigbird10.cern.ch&noUDP&sock=schedd_2037_ca81>
...
040 (2522101.099.000) 07/19 12:52:07 Started transferring input files
	Transferring to host: <128.142.161.146:9618?addrs=128.142.161.146-9618&alias=b7g03p1716.cern.ch&noUDP&sock=slot1_12_3961_a1fa_79941>
...
040 (2522101.099.000) 07/19 12:52:08 Finished transferring input files
...
001 (2522101.099.000) 07/19 12:52:08 Job executing on host: <128.142.161.146:9618?addrs=128.142.161.146-9618&alias=b7g03p1716.cern.ch&noUDP&sock=startd_3116_e532>
...
006 (2522101.099.000) 07/19 12:52:17 Image size of job updated: 269476
	191  -  MemoryUsage of job (MB)
	194988  -  ResidentSetSize of job (KB)
...
006 (2522101.099.000) 07/19 12:57:18 Image size of job updated: 635784
	209  -  MemoryUsage of job (MB)
	213120  -  ResidentSetSize of job (KB)
...
006 (2522101.099.000) 07/19 13:02:19 Image size of job updated: 638912
	215  -  MemoryUsage of job (MB)
	219596  -  ResidentSetSize of job (KB)
...
006 (2522101.099.000) 07/19 13:07:19 Image size of job updated: 966864
	442  -  MemoryUsage of job (MB)
	452116  -  ResidentSetSize of job (KB)
...
006 (2522101.099.000) 07/19 13:37:23 Image size of job updated: 967404
	443  -  MemoryUsage of job (MB)
	452724  -  ResidentSetSize of job (KB)
...
040 (2522101.099.000) 07/19 13:45:38 Started transferring output files
...
040 (2522101.099.000) 07/19 13:45:38 Finished transferring output files
...
005 (2522101.099.000) 07/19 13:45:38 Job terminated.
	(1) Normal termination (return value 0)
		Usr 0 00:45:54, Sys 0 00:00:07  -  Run Remote Usage
		Usr 0 00:00:00, Sys 0 00:00:00  -  Run Local Usage
		Usr 0 00:45:54, Sys 0 00:00:07  -  Total Remote Usage
		Usr 0 00:00:00, Sys 0 00:00:00  -  Total Local Usage
	48101  -  Run Bytes Sent By Job
	55262812  -  Run Bytes Received By Job
	48101  -  Total Bytes Sent By Job
	55262812  -  Total Bytes Received By Job
	Partitionable Resources :     Usage  Request Allocated 
	   Cpus                 :      1.00        3         3 
	   Disk (KB)            : 209533       75000   1499392 
	   Memory (MB)          :    443        6000      6000 

	Job terminated of its own accord at 2021-07-19T11:45:38Z.
...
