000 (2521876.034.000) 07/19 08:46:26 Job submitted from host: <188.185.70.244:9618?addrs=188.185.70.244-9618+[2001-1458-d00-7--100-2ee]-9618&alias=bigbird10.cern.ch&noUDP&sock=schedd_2037_ca81>
...
040 (2521876.034.000) 07/19 09:10:07 Started transferring input files
	Transferring to host: <128.142.58.130:9618?addrs=128.142.58.130-9618+[2001-1458-301-16--100-81]-9618&alias=b7s03p3183.cern.ch&noUDP&sock=slot1_52_6724_6a8b_9707>
...
040 (2521876.034.000) 07/19 09:10:08 Finished transferring input files
...
001 (2521876.034.000) 07/19 09:10:08 Job executing on host: <128.142.58.130:9618?addrs=128.142.58.130-9618+[2001-1458-301-16--100-81]-9618&alias=b7s03p3183.cern.ch&noUDP&sock=startd_6268_e7b6>
...
006 (2521876.034.000) 07/19 09:10:17 Image size of job updated: 531084
	109  -  MemoryUsage of job (MB)
	111492  -  ResidentSetSize of job (KB)
...
006 (2521876.034.000) 07/19 09:15:18 Image size of job updated: 636268
	209  -  MemoryUsage of job (MB)
	213768  -  ResidentSetSize of job (KB)
...
006 (2521876.034.000) 07/19 09:20:19 Image size of job updated: 910940
	388  -  MemoryUsage of job (MB)
	397172  -  ResidentSetSize of job (KB)
...
040 (2521876.034.000) 07/19 09:45:31 Started transferring output files
...
040 (2521876.034.000) 07/19 09:45:31 Finished transferring output files
...
005 (2521876.034.000) 07/19 09:45:31 Job terminated.
	(1) Normal termination (return value 0)
		Usr 0 00:31:54, Sys 0 00:00:04  -  Run Remote Usage
		Usr 0 00:00:00, Sys 0 00:00:00  -  Run Local Usage
		Usr 0 00:31:54, Sys 0 00:00:04  -  Total Remote Usage
		Usr 0 00:00:00, Sys 0 00:00:00  -  Total Local Usage
	49526  -  Run Bytes Sent By Job
	55262812  -  Run Bytes Received By Job
	49526  -  Total Bytes Sent By Job
	55262812  -  Total Bytes Received By Job
	Partitionable Resources :     Usage  Request Allocated 
	   Cpus                 :      1.00        3         3 
	   Disk (KB)            : 198191       75000   1292424 
	   Memory (MB)          :    388        6000      6000 

	Job terminated of its own accord at 2021-07-19T07:45:31Z.
...
