000 (2521668.006.000) 07/19 01:56:56 Job submitted from host: <188.185.70.244:9618?addrs=188.185.70.244-9618+[2001-1458-d00-7--100-2ee]-9618&alias=bigbird10.cern.ch&noUDP&sock=schedd_2037_ca81>
...
040 (2521668.006.000) 07/19 01:58:34 Started transferring input files
	Transferring to host: <188.184.254.22:9618?addrs=188.184.254.22-9618+[2001-1458-301-8--100-a]-9618&alias=b7g42n0036.cern.ch&noUDP&sock=slot1_3_26251_f445_117743>
...
040 (2521668.006.000) 07/19 01:58:35 Finished transferring input files
...
001 (2521668.006.000) 07/19 01:58:35 Job executing on host: <188.184.254.22:9618?addrs=188.184.254.22-9618+[2001-1458-301-8--100-a]-9618&alias=b7g42n0036.cern.ch&noUDP&sock=startd_5687_6330>
...
006 (2521668.006.000) 07/19 01:58:44 Image size of job updated: 424556
	77  -  MemoryUsage of job (MB)
	78528  -  ResidentSetSize of job (KB)
...
006 (2521668.006.000) 07/19 02:03:45 Image size of job updated: 632528
	206  -  MemoryUsage of job (MB)
	210232  -  ResidentSetSize of job (KB)
...
006 (2521668.006.000) 07/19 02:31:02 Image size of job updated: 766928
	206  -  MemoryUsage of job (MB)
	210232  -  ResidentSetSize of job (KB)
...
040 (2521668.006.000) 07/19 02:31:02 Started transferring output files
...
040 (2521668.006.000) 07/19 02:31:03 Finished transferring output files
...
005 (2521668.006.000) 07/19 02:31:03 Job terminated.
	(1) Normal termination (return value 0)
		Usr 0 00:01:15, Sys 0 00:00:02  -  Run Remote Usage
		Usr 0 00:00:00, Sys 0 00:00:00  -  Run Local Usage
		Usr 0 00:01:15, Sys 0 00:00:02  -  Total Remote Usage
		Usr 0 00:00:00, Sys 0 00:00:00  -  Total Local Usage
	52444  -  Run Bytes Sent By Job
	55262812  -  Run Bytes Received By Job
	52444  -  Total Bytes Sent By Job
	55262812  -  Total Bytes Received By Job
	Partitionable Resources :     Usage  Request Allocated 
	   Cpus                 :      0.03        3         3 
	   Disk (KB)            : 182652       75000    321609 
	   Memory (MB)          :    206        6000      6000 

	Job terminated of its own accord at 2021-07-19T00:31:02Z.
...
