000 (2524871.143.000) 07/20 04:35:08 Job submitted from host: <188.185.70.244:9618?addrs=188.185.70.244-9618+[2001-1458-d00-7--100-2ee]-9618&alias=bigbird10.cern.ch&noUDP&sock=schedd_2037_ca81>
...
040 (2524871.143.000) 07/20 05:23:20 Started transferring input files
	Transferring to host: <128.142.161.74:9618?addrs=128.142.161.74-9618&alias=b7g03p8942.cern.ch&noUDP&sock=slot1_26_3950_e1da_86975>
...
040 (2524871.143.000) 07/20 05:23:21 Finished transferring input files
...
001 (2524871.143.000) 07/20 05:23:21 Job executing on host: <128.142.161.74:9618?addrs=128.142.161.74-9618&alias=b7g03p8942.cern.ch&noUDP&sock=startd_3002_b366>
...
006 (2524871.143.000) 07/20 05:23:29 Image size of job updated: 231748
	155  -  MemoryUsage of job (MB)
	158268  -  ResidentSetSize of job (KB)
...
006 (2524871.143.000) 07/20 05:28:29 Image size of job updated: 806616
	286  -  MemoryUsage of job (MB)
	292756  -  ResidentSetSize of job (KB)
...
006 (2524871.143.000) 07/20 05:36:31 Image size of job updated: 806944
	286  -  MemoryUsage of job (MB)
	292756  -  ResidentSetSize of job (KB)
...
040 (2524871.143.000) 07/20 05:36:31 Started transferring output files
...
040 (2524871.143.000) 07/20 05:36:31 Finished transferring output files
...
005 (2524871.143.000) 07/20 05:36:32 Job terminated.
	(1) Normal termination (return value 0)
		Usr 0 00:13:05, Sys 0 00:00:02  -  Run Remote Usage
		Usr 0 00:00:00, Sys 0 00:00:00  -  Run Local Usage
		Usr 0 00:13:05, Sys 0 00:00:02  -  Total Remote Usage
		Usr 0 00:00:00, Sys 0 00:00:00  -  Total Local Usage
	52365  -  Run Bytes Sent By Job
	55262812  -  Run Bytes Received By Job
	52365  -  Total Bytes Sent By Job
	55262812  -  Total Bytes Received By Job
	Partitionable Resources :     Usage  Request Allocated 
	   Cpus                 :      1.00        3         3 
	   Disk (KB)            : 182153       75000   1346707 
	   Memory (MB)          :    286        6000      6000 

	Job terminated of its own accord at 2021-07-20T03:36:31Z.
...
