000 (2521675.015.000) 07/19 04:18:38 Job submitted from host: <188.185.70.244:9618?addrs=188.185.70.244-9618+[2001-1458-d00-7--100-2ee]-9618&alias=bigbird10.cern.ch&noUDP&sock=schedd_2037_ca81>
...
040 (2521675.015.000) 07/19 04:24:09 Started transferring input files
	Transferring to host: <188.184.169.107:9618?addrs=188.184.169.107-9618+[2001-1458-301-c0--100-a6]-9618&alias=b7g52n6702.cern.ch&noUDP&sock=slot1_3_6265_0258_66715>
...
040 (2521675.015.000) 07/19 04:24:10 Finished transferring input files
...
001 (2521675.015.000) 07/19 04:24:10 Job executing on host: <188.184.169.107:9618?addrs=188.184.169.107-9618+[2001-1458-301-c0--100-a6]-9618&alias=b7g52n6702.cern.ch&noUDP&sock=startd_5011_b52a>
...
006 (2521675.015.000) 07/19 04:24:19 Image size of job updated: 29780
	11  -  MemoryUsage of job (MB)
	10884  -  ResidentSetSize of job (KB)
...
006 (2521675.015.000) 07/19 04:29:20 Image size of job updated: 632504
	206  -  MemoryUsage of job (MB)
	210140  -  ResidentSetSize of job (KB)
...
006 (2521675.015.000) 07/19 04:34:03 Image size of job updated: 766392
	206  -  MemoryUsage of job (MB)
	210140  -  ResidentSetSize of job (KB)
...
040 (2521675.015.000) 07/19 04:34:03 Started transferring output files
...
040 (2521675.015.000) 07/19 04:34:03 Finished transferring output files
...
005 (2521675.015.000) 07/19 04:34:03 Job terminated.
	(1) Normal termination (return value 0)
		Usr 0 00:01:12, Sys 0 00:00:03  -  Run Remote Usage
		Usr 0 00:00:00, Sys 0 00:00:00  -  Run Local Usage
		Usr 0 00:01:12, Sys 0 00:00:03  -  Total Remote Usage
		Usr 0 00:00:00, Sys 0 00:00:00  -  Total Local Usage
	53420  -  Run Bytes Sent By Job
	55262812  -  Run Bytes Received By Job
	53420  -  Total Bytes Sent By Job
	55262812  -  Total Bytes Received By Job
	Partitionable Resources :    Usage  Request Allocated 
	   Cpus                 :                 3         3 
	   Disk (KB)            :   182156    75000    268090 
	   Memory (MB)          :      206     6000      6000 

	Job terminated of its own accord at 2021-07-19T02:34:03Z.
...
