000 (2556082.026.000) 07/27 11:07:46 Job submitted from host: <188.185.70.244:9618?addrs=188.185.70.244-9618+[2001-1458-d00-7--100-2ee]-9618&alias=bigbird10.cern.ch&noUDP&sock=schedd_2037_ca81>
...
040 (2556082.026.000) 07/27 11:38:35 Started transferring input files
	Transferring to host: <128.142.56.48:9618?addrs=128.142.56.48-9618+[2001-1458-301-6--100-2f]-9618&alias=b7s01p7062.cern.ch&noUDP&sock=slot1_6_56249_4248_20721>
...
040 (2556082.026.000) 07/27 11:38:36 Finished transferring input files
...
001 (2556082.026.000) 07/27 11:38:36 Job executing on host: <128.142.56.48:9618?addrs=128.142.56.48-9618+[2001-1458-301-6--100-2f]-9618&alias=b7s01p7062.cern.ch&noUDP&sock=startd_56205_8896>
...
006 (2556082.026.000) 07/27 11:38:44 Image size of job updated: 214712
	139  -  MemoryUsage of job (MB)
	141728  -  ResidentSetSize of job (KB)
...
006 (2556082.026.000) 07/27 11:43:44 Image size of job updated: 626812
	201  -  MemoryUsage of job (MB)
	205328  -  ResidentSetSize of job (KB)
...
006 (2556082.026.000) 07/27 11:48:44 Image size of job updated: 808316
	285  -  MemoryUsage of job (MB)
	290908  -  ResidentSetSize of job (KB)
...
006 (2556082.026.000) 07/27 11:58:45 Image size of job updated: 810748
	287  -  MemoryUsage of job (MB)
	293428  -  ResidentSetSize of job (KB)
...
040 (2556082.026.000) 07/27 12:01:45 Started transferring output files
...
040 (2556082.026.000) 07/27 12:01:45 Finished transferring output files
...
005 (2556082.026.000) 07/27 12:01:45 Job terminated.
	(1) Normal termination (return value 0)
		Usr 0 00:14:14, Sys 0 00:00:02  -  Run Remote Usage
		Usr 0 00:00:00, Sys 0 00:00:00  -  Run Local Usage
		Usr 0 00:14:14, Sys 0 00:00:02  -  Total Remote Usage
		Usr 0 00:00:00, Sys 0 00:00:00  -  Total Local Usage
	42653  -  Run Bytes Sent By Job
	55262880  -  Run Bytes Received By Job
	42653  -  Total Bytes Sent By Job
	55262880  -  Total Bytes Received By Job
	Partitionable Resources :     Usage  Request Allocated 
	   Cpus                 :      1.00        3         3 
	   Disk (KB)            : 186388       75000   1295857 
	   Memory (MB)          :    287        6000      6000 

	Job terminated of its own accord at 2021-07-27T10:01:45Z.
...
