000 (2534572.066.000) 07/21 23:44:26 Job submitted from host: <188.185.70.244:9618?addrs=188.185.70.244-9618+[2001-1458-d00-7--100-2ee]-9618&alias=bigbird10.cern.ch&noUDP&sock=schedd_2037_ca81>
...
040 (2534572.066.000) 07/21 23:49:50 Started transferring input files
	Transferring to host: <128.142.56.148:9618?addrs=128.142.56.148-9618+[2001-1458-301-6--100-93]-9618&alias=b7s01p4232.cern.ch&noUDP&sock=slot1_12_50118_6a2f_15539>
...
040 (2534572.066.000) 07/21 23:49:51 Finished transferring input files
...
001 (2534572.066.000) 07/21 23:49:51 Job executing on host: <128.142.56.148:9618?addrs=128.142.56.148-9618+[2001-1458-301-6--100-93]-9618&alias=b7s01p4232.cern.ch&noUDP&sock=startd_50073_7dd8>
...
006 (2534572.066.000) 07/21 23:50:00 Image size of job updated: 552376
	205  -  MemoryUsage of job (MB)
	209104  -  ResidentSetSize of job (KB)
...
006 (2534572.066.000) 07/21 23:55:01 Image size of job updated: 630860
	205  -  MemoryUsage of job (MB)
	209104  -  ResidentSetSize of job (KB)
...
006 (2534572.066.000) 07/22 00:40:04 Image size of job updated: 820036
	300  -  MemoryUsage of job (MB)
	306280  -  ResidentSetSize of job (KB)
...
006 (2534572.066.000) 07/22 00:55:06 Image size of job updated: 820516
	300  -  MemoryUsage of job (MB)
	306876  -  ResidentSetSize of job (KB)
...
040 (2534572.066.000) 07/22 01:00:45 Started transferring output files
...
040 (2534572.066.000) 07/22 01:00:46 Finished transferring output files
...
005 (2534572.066.000) 07/22 01:00:46 Job terminated.
	(1) Normal termination (return value 0)
		Usr 0 00:21:46, Sys 0 00:00:02  -  Run Remote Usage
		Usr 0 00:00:00, Sys 0 00:00:00  -  Run Local Usage
		Usr 0 00:21:46, Sys 0 00:00:02  -  Total Remote Usage
		Usr 0 00:00:00, Sys 0 00:00:00  -  Total Local Usage
	44188  -  Run Bytes Sent By Job
	55262812  -  Run Bytes Received By Job
	44188  -  Total Bytes Sent By Job
	55262812  -  Total Bytes Received By Job
	Partitionable Resources :     Usage  Request Allocated 
	   Cpus                 :      1.00        3         3 
	   Disk (KB)            : 184684       75000   1281124 
	   Memory (MB)          :    300        6000      6000 

	Job terminated of its own accord at 2021-07-21T23:00:45Z.
...
