000 (2522101.091.000) 07/19 11:55:34 Job submitted from host: <188.185.70.244:9618?addrs=188.185.70.244-9618+[2001-1458-d00-7--100-2ee]-9618&alias=bigbird10.cern.ch&noUDP&sock=schedd_2037_ca81>
...
040 (2522101.091.000) 07/19 12:46:42 Started transferring input files
	Transferring to host: <128.142.58.92:9618?addrs=128.142.58.92-9618+[2001-1458-301-16--100-5b]-9618&alias=b7s03p3722.cern.ch&noUDP&sock=slot1_21_6805_7cee_10757>
...
040 (2522101.091.000) 07/19 12:46:43 Finished transferring input files
...
001 (2522101.091.000) 07/19 12:46:43 Job executing on host: <128.142.58.92:9618?addrs=128.142.58.92-9618+[2001-1458-301-16--100-5b]-9618&alias=b7s03p3722.cern.ch&noUDP&sock=startd_6348_c749>
...
006 (2522101.091.000) 07/19 12:46:52 Image size of job updated: 282980
	178  -  MemoryUsage of job (MB)
	182100  -  ResidentSetSize of job (KB)
...
006 (2522101.091.000) 07/19 12:51:53 Image size of job updated: 627388
	202  -  MemoryUsage of job (MB)
	205872  -  ResidentSetSize of job (KB)
...
006 (2522101.091.000) 07/19 13:01:54 Image size of job updated: 832396
	308  -  MemoryUsage of job (MB)
	315052  -  ResidentSetSize of job (KB)
...
006 (2522101.091.000) 07/19 13:21:57 Image size of job updated: 832396
	309  -  MemoryUsage of job (MB)
	315668  -  ResidentSetSize of job (KB)
...
006 (2522101.091.000) 07/19 13:26:57 Image size of job updated: 832984
	309  -  MemoryUsage of job (MB)
	315668  -  ResidentSetSize of job (KB)
...
040 (2522101.091.000) 07/19 13:28:26 Started transferring output files
...
040 (2522101.091.000) 07/19 13:28:26 Finished transferring output files
...
005 (2522101.091.000) 07/19 13:28:26 Job terminated.
	(1) Normal termination (return value 0)
		Usr 0 00:28:36, Sys 0 00:00:02  -  Run Remote Usage
		Usr 0 00:00:00, Sys 0 00:00:00  -  Run Local Usage
		Usr 0 00:28:36, Sys 0 00:00:02  -  Total Remote Usage
		Usr 0 00:00:00, Sys 0 00:00:00  -  Total Local Usage
	48530  -  Run Bytes Sent By Job
	55262812  -  Run Bytes Received By Job
	48530  -  Total Bytes Sent By Job
	55262812  -  Total Bytes Received By Job
	Partitionable Resources :     Usage  Request Allocated 
	   Cpus                 :      1.00        3         3 
	   Disk (KB)            : 187021       75000   1177605 
	   Memory (MB)          :    309        6000      6000 

	Job terminated of its own accord at 2021-07-19T11:28:26Z.
...
