000 (2521876.153.000) 07/19 08:46:26 Job submitted from host: <188.185.70.244:9618?addrs=188.185.70.244-9618+[2001-1458-d00-7--100-2ee]-9618&alias=bigbird10.cern.ch&noUDP&sock=schedd_2037_ca81>
...
040 (2521876.153.000) 07/19 10:39:37 Started transferring input files
	Transferring to host: <128.142.80.186:9618?addrs=128.142.80.186-9618+[2001-1458-301-f5--100-3c9]-9618&alias=b7s13n7559.cern.ch&noUDP&sock=slot1_11_5618_239e_41571>
...
040 (2521876.153.000) 07/19 10:39:38 Finished transferring input files
...
001 (2521876.153.000) 07/19 10:39:38 Job executing on host: <128.142.80.186:9618?addrs=128.142.80.186-9618+[2001-1458-301-f5--100-3c9]-9618&alias=b7s13n7559.cern.ch&noUDP&sock=startd_4439_5cfe>
...
006 (2521876.153.000) 07/19 10:39:46 Image size of job updated: 1055544
	28  -  MemoryUsage of job (MB)
	28100  -  ResidentSetSize of job (KB)
...
006 (2521876.153.000) 07/19 10:44:46 Image size of job updated: 1055544
	201  -  MemoryUsage of job (MB)
	205328  -  ResidentSetSize of job (KB)
...
006 (2521876.153.000) 07/19 10:54:47 Image size of job updated: 1055544
	285  -  MemoryUsage of job (MB)
	291748  -  ResidentSetSize of job (KB)
...
006 (2521876.153.000) 07/19 11:04:49 Image size of job updated: 1055544
	286  -  MemoryUsage of job (MB)
	292328  -  ResidentSetSize of job (KB)
...
040 (2521876.153.000) 07/19 11:09:00 Started transferring output files
...
040 (2521876.153.000) 07/19 11:09:00 Finished transferring output files
...
005 (2521876.153.000) 07/19 11:09:00 Job terminated.
	(1) Normal termination (return value 0)
		Usr 0 00:18:04, Sys 0 00:00:02  -  Run Remote Usage
		Usr 0 00:00:00, Sys 0 00:00:00  -  Run Local Usage
		Usr 0 00:18:04, Sys 0 00:00:02  -  Total Remote Usage
		Usr 0 00:00:00, Sys 0 00:00:00  -  Total Local Usage
	49259  -  Run Bytes Sent By Job
	55262812  -  Run Bytes Received By Job
	49259  -  Total Bytes Sent By Job
	55262812  -  Total Bytes Received By Job
	Partitionable Resources :     Usage  Request Allocated 
	   Cpus                 :      1.00        3         3 
	   Disk (KB)            : 182810       75000    290012 
	   Memory (MB)          :    286        6000      6000 

	Job terminated of its own accord at 2021-07-19T09:08:59Z.
...
