000 (2523366.202.000) 07/19 23:50:31 Job submitted from host: <188.185.70.244:9618?addrs=188.185.70.244-9618+[2001-1458-d00-7--100-2ee]-9618&alias=bigbird10.cern.ch&noUDP&sock=schedd_2037_ca81>
...
040 (2523366.202.000) 07/20 00:31:23 Started transferring input files
	Transferring to host: <128.142.161.140:9618?addrs=128.142.161.140-9618+[2001-1458-301-b9--100-9]-9618&alias=b7g03p7872.cern.ch&noUDP&sock=slot1_11_37168_f7e1_48011>
...
040 (2523366.202.000) 07/20 00:31:24 Finished transferring input files
...
001 (2523366.202.000) 07/20 00:31:24 Job executing on host: <128.142.161.140:9618?addrs=128.142.161.140-9618+[2001-1458-301-b9--100-9]-9618&alias=b7g03p7872.cern.ch&noUDP&sock=startd_70334_da33>
...
006 (2523366.202.000) 07/20 00:31:32 Image size of job updated: 228676
	151  -  MemoryUsage of job (MB)
	154576  -  ResidentSetSize of job (KB)
...
006 (2523366.202.000) 07/20 00:36:32 Image size of job updated: 804208
	284  -  MemoryUsage of job (MB)
	290432  -  ResidentSetSize of job (KB)
...
006 (2523366.202.000) 07/20 00:41:33 Image size of job updated: 804896
	285  -  MemoryUsage of job (MB)
	291104  -  ResidentSetSize of job (KB)
...
040 (2523366.202.000) 07/20 00:43:57 Started transferring output files
...
040 (2523366.202.000) 07/20 00:43:58 Finished transferring output files
...
005 (2523366.202.000) 07/20 00:43:58 Job terminated.
	(1) Normal termination (return value 0)
		Usr 0 00:12:23, Sys 0 00:00:02  -  Run Remote Usage
		Usr 0 00:00:00, Sys 0 00:00:00  -  Run Local Usage
		Usr 0 00:12:23, Sys 0 00:00:02  -  Total Remote Usage
		Usr 0 00:00:00, Sys 0 00:00:00  -  Total Local Usage
	54492  -  Run Bytes Sent By Job
	55262812  -  Run Bytes Received By Job
	54492  -  Total Bytes Sent By Job
	55262812  -  Total Bytes Received By Job
	Partitionable Resources :     Usage  Request Allocated 
	   Cpus                 :      0.99        3         3 
	   Disk (KB)            : 181759       75000   1358881 
	   Memory (MB)          :    285        6000      6000 

	Job terminated of its own accord at 2021-07-19T22:43:57Z.
...
