000 (2526743.174.000) 07/20 13:19:14 Job submitted from host: <188.185.70.244:9618?addrs=188.185.70.244-9618+[2001-1458-d00-7--100-2ee]-9618&alias=bigbird10.cern.ch&noUDP&sock=schedd_2037_ca81>
...
040 (2526743.174.000) 07/20 13:28:09 Started transferring input files
	Transferring to host: <128.142.57.107:9618?addrs=128.142.57.107-9618+[2001-1458-301-7--100-6a]-9618&alias=b7s02p3228.cern.ch&noUDP&sock=slot1_44_6734_764b_14163>
...
040 (2526743.174.000) 07/20 13:28:10 Finished transferring input files
...
001 (2526743.174.000) 07/20 13:28:10 Job executing on host: <128.142.57.107:9618?addrs=128.142.57.107-9618+[2001-1458-301-7--100-6a]-9618&alias=b7s02p3228.cern.ch&noUDP&sock=startd_6249_df69>
...
006 (2526743.174.000) 07/20 13:28:19 Image size of job updated: 554572
	155  -  MemoryUsage of job (MB)
	158596  -  ResidentSetSize of job (KB)
...
006 (2526743.174.000) 07/20 13:33:20 Image size of job updated: 631404
	205  -  MemoryUsage of job (MB)
	209636  -  ResidentSetSize of job (KB)
...
006 (2526743.174.000) 07/20 14:08:24 Image size of job updated: 809328
	290  -  MemoryUsage of job (MB)
	295996  -  ResidentSetSize of job (KB)
...
006 (2526743.174.000) 07/20 14:23:26 Image size of job updated: 809824
	290  -  MemoryUsage of job (MB)
	296544  -  ResidentSetSize of job (KB)
...
040 (2526743.174.000) 07/20 14:24:13 Started transferring output files
...
040 (2526743.174.000) 07/20 14:24:13 Finished transferring output files
...
005 (2526743.174.000) 07/20 14:24:13 Job terminated.
	(1) Normal termination (return value 0)
		Usr 0 00:19:01, Sys 0 00:00:02  -  Run Remote Usage
		Usr 0 00:00:00, Sys 0 00:00:00  -  Run Local Usage
		Usr 0 00:19:01, Sys 0 00:00:02  -  Total Remote Usage
		Usr 0 00:00:00, Sys 0 00:00:00  -  Total Local Usage
	53413  -  Run Bytes Sent By Job
	55262812  -  Run Bytes Received By Job
	53413  -  Total Bytes Sent By Job
	55262812  -  Total Bytes Received By Job
	Partitionable Resources :     Usage  Request Allocated 
	   Cpus                 :      1.00        3         3 
	   Disk (KB)            : 182661       75000   1235700 
	   Memory (MB)          :    290        6000      6000 

	Job terminated of its own accord at 2021-07-20T12:24:13Z.
...
