000 (2521675.130.000) 07/19 04:18:40 Job submitted from host: <188.185.70.244:9618?addrs=188.185.70.244-9618+[2001-1458-d00-7--100-2ee]-9618&alias=bigbird10.cern.ch&noUDP&sock=schedd_2037_ca81>
...
040 (2521675.130.000) 07/19 04:24:40 Started transferring input files
	Transferring to host: <128.142.57.38:9618?addrs=128.142.57.38-9618+[2001-1458-301-7--100-25]-9618&alias=b7s02p3644.cern.ch&noUDP&sock=slot1_10_4190_fbe3_14708>
...
040 (2521675.130.000) 07/19 04:24:41 Finished transferring input files
...
001 (2521675.130.000) 07/19 04:24:41 Job executing on host: <128.142.57.38:9618?addrs=128.142.57.38-9618+[2001-1458-301-7--100-25]-9618&alias=b7s02p3644.cern.ch&noUDP&sock=startd_3735_7a51>
...
006 (2521675.130.000) 07/19 04:24:50 Image size of job updated: 269120
	191  -  MemoryUsage of job (MB)
	194832  -  ResidentSetSize of job (KB)
...
006 (2521675.130.000) 07/19 04:28:09 Image size of job updated: 766472
	191  -  MemoryUsage of job (MB)
	194832  -  ResidentSetSize of job (KB)
...
040 (2521675.130.000) 07/19 04:28:09 Started transferring output files
...
040 (2521675.130.000) 07/19 04:28:09 Finished transferring output files
...
005 (2521675.130.000) 07/19 04:28:09 Job terminated.
	(1) Normal termination (return value 0)
		Usr 0 00:00:42, Sys 0 00:00:01  -  Run Remote Usage
		Usr 0 00:00:00, Sys 0 00:00:00  -  Run Local Usage
		Usr 0 00:00:42, Sys 0 00:00:01  -  Total Remote Usage
		Usr 0 00:00:00, Sys 0 00:00:00  -  Total Local Usage
	52354  -  Run Bytes Sent By Job
	55262812  -  Run Bytes Received By Job
	52354  -  Total Bytes Sent By Job
	55262812  -  Total Bytes Received By Job
	Partitionable Resources :     Usage  Request Allocated 
	   Cpus                 :      0.02        3         3 
	   Disk (KB)            : 182241       75000   1327014 
	   Memory (MB)          :    191        6000      6000 

	Job terminated of its own accord at 2021-07-19T02:28:09Z.
...
