000 (2557146.023.000) 07/28 14:20:13 Job submitted from host: <188.185.70.244:9618?addrs=188.185.70.244-9618+[2001-1458-d00-7--100-2ee]-9618&alias=bigbird10.cern.ch&noUDP&sock=schedd_2037_ca81>
...
040 (2557146.023.000) 07/28 16:11:57 Started transferring input files
	Transferring to host: <188.184.168.245:9618?addrs=188.184.168.245-9618+[2001-1458-301-c0--100-8a]-9618&alias=b7g52n8462.cern.ch&noUDP&sock=slot1_2_32666_e6e9_120965>
...
040 (2557146.023.000) 07/28 16:11:58 Finished transferring input files
...
001 (2557146.023.000) 07/28 16:11:58 Job executing on host: <188.184.168.245:9618?addrs=188.184.168.245-9618+[2001-1458-301-c0--100-8a]-9618&alias=b7g52n8462.cern.ch&noUDP&sock=startd_18254_4dde>
...
006 (2557146.023.000) 07/28 16:12:07 Image size of job updated: 9404
	3  -  MemoryUsage of job (MB)
	2404  -  ResidentSetSize of job (KB)
...
006 (2557146.023.000) 07/28 16:17:08 Image size of job updated: 785280
	262  -  MemoryUsage of job (MB)
	267692  -  ResidentSetSize of job (KB)
...
006 (2557146.023.000) 07/28 16:22:09 Image size of job updated: 786896
	264  -  MemoryUsage of job (MB)
	269564  -  ResidentSetSize of job (KB)
...
040 (2557146.023.000) 07/28 16:23:22 Started transferring output files
...
040 (2557146.023.000) 07/28 16:23:23 Finished transferring output files
...
005 (2557146.023.000) 07/28 16:23:23 Job terminated.
	(1) Normal termination (return value 0)
		Usr 0 00:09:36, Sys 0 00:00:02  -  Run Remote Usage
		Usr 0 00:00:00, Sys 0 00:00:00  -  Run Local Usage
		Usr 0 00:09:36, Sys 0 00:00:02  -  Total Remote Usage
		Usr 0 00:00:00, Sys 0 00:00:00  -  Total Local Usage
	46122  -  Run Bytes Sent By Job
	55262880  -  Run Bytes Received By Job
	46122  -  Total Bytes Sent By Job
	55262880  -  Total Bytes Received By Job
	Partitionable Resources :     Usage  Request Allocated 
	   Cpus                 :      1.00        4         4 
	   Disk (KB)            : 180465       75000    268720 
	   Memory (MB)          :    264        8000      8000 

	Job terminated of its own accord at 2021-07-28T14:23:22Z.
...
