000 (2523366.088.000) 07/19 23:50:30 Job submitted from host: <188.185.70.244:9618?addrs=188.185.70.244-9618+[2001-1458-d00-7--100-2ee]-9618&alias=bigbird10.cern.ch&noUDP&sock=schedd_2037_ca81>
...
040 (2523366.088.000) 07/20 00:13:56 Started transferring input files
	Transferring to host: <128.142.58.18:9618?addrs=128.142.58.18-9618+[2001-1458-301-16--100-11]-9618&alias=b7s03p6547.cern.ch&noUDP&sock=slot1_10_6480_7f01_13788>
...
040 (2523366.088.000) 07/20 00:13:57 Finished transferring input files
...
001 (2523366.088.000) 07/20 00:13:57 Job executing on host: <128.142.58.18:9618?addrs=128.142.58.18-9618+[2001-1458-301-16--100-11]-9618&alias=b7s03p6547.cern.ch&noUDP&sock=startd_6016_0dd8>
...
006 (2523366.088.000) 07/20 00:14:05 Image size of job updated: 525060
	190  -  MemoryUsage of job (MB)
	193908  -  ResidentSetSize of job (KB)
...
006 (2523366.088.000) 07/20 00:19:05 Image size of job updated: 787692
	264  -  MemoryUsage of job (MB)
	270296  -  ResidentSetSize of job (KB)
...
006 (2523366.088.000) 07/20 00:25:49 Image size of job updated: 788104
	264  -  MemoryUsage of job (MB)
	270296  -  ResidentSetSize of job (KB)
...
040 (2523366.088.000) 07/20 00:25:49 Started transferring output files
...
040 (2523366.088.000) 07/20 00:25:50 Finished transferring output files
...
005 (2523366.088.000) 07/20 00:25:50 Job terminated.
	(1) Normal termination (return value 0)
		Usr 0 00:09:45, Sys 0 00:00:02  -  Run Remote Usage
		Usr 0 00:00:00, Sys 0 00:00:00  -  Run Local Usage
		Usr 0 00:09:45, Sys 0 00:00:02  -  Total Remote Usage
		Usr 0 00:00:00, Sys 0 00:00:00  -  Total Local Usage
	52252  -  Run Bytes Sent By Job
	55262812  -  Run Bytes Received By Job
	52252  -  Total Bytes Sent By Job
	55262812  -  Total Bytes Received By Job
	Partitionable Resources :     Usage  Request Allocated 
	   Cpus                 :      1.00        3         3 
	   Disk (KB)            : 178855       75000   1293091 
	   Memory (MB)          :    264        6000      6000 

	Job terminated of its own accord at 2021-07-19T22:25:49Z.
...
