000 (2521675.112.000) 07/19 04:18:40 Job submitted from host: <188.185.70.244:9618?addrs=188.185.70.244-9618+[2001-1458-d00-7--100-2ee]-9618&alias=bigbird10.cern.ch&noUDP&sock=schedd_2037_ca81>
...
040 (2521675.112.000) 07/19 04:24:32 Started transferring input files
	Transferring to host: <128.142.56.167:9618?addrs=128.142.56.167-9618+[2001-1458-301-6--100-a6]-9618&alias=b7s01p1926.cern.ch&noUDP&sock=slot1_3_54559_8044_15061>
...
040 (2521675.112.000) 07/19 04:24:33 Finished transferring input files
...
001 (2521675.112.000) 07/19 04:24:33 Job executing on host: <128.142.56.167:9618?addrs=128.142.56.167-9618+[2001-1458-301-6--100-a6]-9618&alias=b7s01p1926.cern.ch&noUDP&sock=startd_54514_a5f0>
...
006 (2521675.112.000) 07/19 04:24:42 Image size of job updated: 276804
	198  -  MemoryUsage of job (MB)
	202504  -  ResidentSetSize of job (KB)
...
006 (2521675.112.000) 07/19 04:29:43 Image size of job updated: 631520
	206  -  MemoryUsage of job (MB)
	210560  -  ResidentSetSize of job (KB)
...
006 (2521675.112.000) 07/19 05:47:28 Image size of job updated: 775180
	206  -  MemoryUsage of job (MB)
	210560  -  ResidentSetSize of job (KB)
...
040 (2521675.112.000) 07/19 05:47:28 Started transferring output files
...
040 (2521675.112.000) 07/19 05:47:28 Finished transferring output files
...
005 (2521675.112.000) 07/19 05:47:28 Job terminated.
	(1) Normal termination (return value 0)
		Usr 0 00:01:39, Sys 0 00:00:03  -  Run Remote Usage
		Usr 0 00:00:00, Sys 0 00:00:00  -  Run Local Usage
		Usr 0 00:01:39, Sys 0 00:00:03  -  Total Remote Usage
		Usr 0 00:00:00, Sys 0 00:00:00  -  Total Local Usage
	48905  -  Run Bytes Sent By Job
	55262812  -  Run Bytes Received By Job
	48905  -  Total Bytes Sent By Job
	55262812  -  Total Bytes Received By Job
	Partitionable Resources :     Usage  Request Allocated 
	   Cpus                 :      0.02        3         3 
	   Disk (KB)            : 186717       75000   1255830 
	   Memory (MB)          :    206        6000      6000 

	Job terminated of its own accord at 2021-07-19T03:47:28Z.
...
