000 (2521867.022.000) 07/19 07:46:08 Job submitted from host: <188.185.70.244:9618?addrs=188.185.70.244-9618+[2001-1458-d00-7--100-2ee]-9618&alias=bigbird10.cern.ch&noUDP&sock=schedd_2037_ca81>
...
040 (2521867.022.000) 07/19 07:48:50 Started transferring input files
	Transferring to host: <128.142.56.31:9618?addrs=128.142.56.31-9618+[2001-1458-301-6--100-1e]-9618&alias=b7s01p1666.cern.ch&noUDP&sock=slot1_5_45478_1d72_13395>
...
040 (2521867.022.000) 07/19 07:48:51 Finished transferring input files
...
001 (2521867.022.000) 07/19 07:48:51 Job executing on host: <128.142.56.31:9618?addrs=128.142.56.31-9618+[2001-1458-301-6--100-1e]-9618&alias=b7s01p1666.cern.ch&noUDP&sock=startd_42375_4dca>
...
006 (2521867.022.000) 07/19 07:49:00 Image size of job updated: 400564
	196  -  MemoryUsage of job (MB)
	199864  -  ResidentSetSize of job (KB)
...
006 (2521867.022.000) 07/19 07:54:01 Image size of job updated: 627276
	202  -  MemoryUsage of job (MB)
	206332  -  ResidentSetSize of job (KB)
...
006 (2521867.022.000) 07/19 08:04:02 Image size of job updated: 812020
	289  -  MemoryUsage of job (MB)
	295220  -  ResidentSetSize of job (KB)
...
006 (2521867.022.000) 07/19 08:09:03 Image size of job updated: 812520
	289  -  MemoryUsage of job (MB)
	295800  -  ResidentSetSize of job (KB)
...
040 (2521867.022.000) 07/19 08:11:08 Started transferring output files
...
040 (2521867.022.000) 07/19 08:11:08 Finished transferring output files
...
005 (2521867.022.000) 07/19 08:11:08 Job terminated.
	(1) Normal termination (return value 0)
		Usr 0 00:10:27, Sys 0 00:00:02  -  Run Remote Usage
		Usr 0 00:00:00, Sys 0 00:00:00  -  Run Local Usage
		Usr 0 00:10:27, Sys 0 00:00:02  -  Total Remote Usage
		Usr 0 00:00:00, Sys 0 00:00:00  -  Total Local Usage
	49511  -  Run Bytes Sent By Job
	55262812  -  Run Bytes Received By Job
	49511  -  Total Bytes Sent By Job
	55262812  -  Total Bytes Received By Job
	Partitionable Resources :     Usage  Request Allocated 
	   Cpus                 :      1.00        3         3 
	   Disk (KB)            : 183327       75000   1311379 
	   Memory (MB)          :    289        6000      6000 

	Job terminated of its own accord at 2021-07-19T06:11:08Z.
...
