000 (2534572.040.000) 07/21 23:44:26 Job submitted from host: <188.185.70.244:9618?addrs=188.185.70.244-9618+[2001-1458-d00-7--100-2ee]-9618&alias=bigbird10.cern.ch&noUDP&sock=schedd_2037_ca81>
...
040 (2534572.040.000) 07/21 23:49:42 Started transferring input files
	Transferring to host: <128.142.73.28:9618?addrs=128.142.73.28-9618+[2001-1458-301-75--100-481]-9618&alias=b7s11n4347.cern.ch&noUDP&sock=slot1_1_22962_8e5f_115419>
...
040 (2534572.040.000) 07/21 23:49:43 Finished transferring input files
...
001 (2534572.040.000) 07/21 23:49:43 Job executing on host: <128.142.73.28:9618?addrs=128.142.73.28-9618+[2001-1458-301-75--100-481]-9618&alias=b7s11n4347.cern.ch&noUDP&sock=startd_14939_7d6a>
...
006 (2534572.040.000) 07/21 23:49:52 Image size of job updated: 205628
	132  -  MemoryUsage of job (MB)
	134664  -  ResidentSetSize of job (KB)
...
006 (2534572.040.000) 07/21 23:54:53 Image size of job updated: 636660
	210  -  MemoryUsage of job (MB)
	214080  -  ResidentSetSize of job (KB)
...
006 (2534572.040.000) 07/21 23:59:53 Image size of job updated: 636660
	210  -  MemoryUsage of job (MB)
	214084  -  ResidentSetSize of job (KB)
...
006 (2534572.040.000) 07/22 00:04:53 Image size of job updated: 643072
	216  -  MemoryUsage of job (MB)
	220564  -  ResidentSetSize of job (KB)
...
006 (2534572.040.000) 07/22 00:09:54 Image size of job updated: 975940
	452  -  MemoryUsage of job (MB)
	462000  -  ResidentSetSize of job (KB)
...
006 (2534572.040.000) 07/22 01:15:01 Image size of job updated: 976428
	452  -  MemoryUsage of job (MB)
	462848  -  ResidentSetSize of job (KB)
...
040 (2534572.040.000) 07/22 01:28:21 Started transferring output files
...
040 (2534572.040.000) 07/22 01:28:21 Finished transferring output files
...
005 (2534572.040.000) 07/22 01:28:22 Job terminated.
	(1) Normal termination (return value 0)
		Usr 0 01:25:24, Sys 0 00:00:05  -  Run Remote Usage
		Usr 0 00:00:00, Sys 0 00:00:00  -  Run Local Usage
		Usr 0 01:25:24, Sys 0 00:00:05  -  Total Remote Usage
		Usr 0 00:00:00, Sys 0 00:00:00  -  Total Local Usage
	46434  -  Run Bytes Sent By Job
	55262812  -  Run Bytes Received By Job
	46434  -  Total Bytes Sent By Job
	55262812  -  Total Bytes Received By Job
	Partitionable Resources :     Usage  Request Allocated 
	   Cpus                 :      1.00        3         3 
	   Disk (KB)            : 211260       75000    286386 
	   Memory (MB)          :    452        6000      6000 

	Job terminated of its own accord at 2021-07-21T23:28:21Z.
...
