000 (2521668.169.000) 07/19 01:56:57 Job submitted from host: <188.185.70.244:9618?addrs=188.185.70.244-9618+[2001-1458-d00-7--100-2ee]-9618&alias=bigbird10.cern.ch&noUDP&sock=schedd_2037_ca81>
...
040 (2521668.169.000) 07/19 02:16:43 Started transferring input files
	Transferring to host: <128.142.57.14:9618?addrs=128.142.57.14-9618+[2001-1458-301-7--100-d]-9618&alias=b7s02p6617.cern.ch&noUDP&sock=slot1_9_4232_93a5_15443>
...
040 (2521668.169.000) 07/19 02:16:43 Finished transferring input files
...
001 (2521668.169.000) 07/19 02:16:43 Job executing on host: <128.142.57.14:9618?addrs=128.142.57.14-9618+[2001-1458-301-7--100-d]-9618&alias=b7s02p6617.cern.ch&noUDP&sock=startd_3777_494c>
...
006 (2521668.169.000) 07/19 02:16:52 Image size of job updated: 285024
	205  -  MemoryUsage of job (MB)
	209680  -  ResidentSetSize of job (KB)
...
006 (2521668.169.000) 07/19 02:18:28 Image size of job updated: 631964
	205  -  MemoryUsage of job (MB)
	209680  -  ResidentSetSize of job (KB)
...
040 (2521668.169.000) 07/19 02:18:28 Started transferring output files
...
040 (2521668.169.000) 07/19 02:18:28 Finished transferring output files
...
005 (2521668.169.000) 07/19 02:18:28 Job terminated.
	(1) Normal termination (return value 0)
		Usr 0 00:00:47, Sys 0 00:00:01  -  Run Remote Usage
		Usr 0 00:00:00, Sys 0 00:00:00  -  Run Local Usage
		Usr 0 00:00:47, Sys 0 00:00:01  -  Total Remote Usage
		Usr 0 00:00:00, Sys 0 00:00:00  -  Total Local Usage
	52758  -  Run Bytes Sent By Job
	55262812  -  Run Bytes Received By Job
	52758  -  Total Bytes Sent By Job
	55262812  -  Total Bytes Received By Job
	Partitionable Resources :    Usage  Request Allocated 
	   Cpus                 :                 3         3 
	   Disk (KB)            :   182638    75000   1284998 
	   Memory (MB)          :      205     6000      6000 

	Job terminated of its own accord at 2021-07-19T00:18:28Z.
...
