000 (2521675.059.000) 07/19 04:18:38 Job submitted from host: <188.185.70.244:9618?addrs=188.185.70.244-9618+[2001-1458-d00-7--100-2ee]-9618&alias=bigbird10.cern.ch&noUDP&sock=schedd_2037_ca81>
...
040 (2521675.059.000) 07/19 04:24:14 Started transferring input files
	Transferring to host: <188.184.139.71:9618?addrs=188.184.139.71-9618+[2001-1458-301-45--100-148]-9618&alias=b7g42n0588.cern.ch&noUDP&sock=slot1_6_4519_cb51_74518>
...
040 (2521675.059.000) 07/19 04:24:15 Finished transferring input files
...
001 (2521675.059.000) 07/19 04:24:15 Job executing on host: <188.184.139.71:9618?addrs=188.184.139.71-9618+[2001-1458-301-45--100-148]-9618&alias=b7g42n0588.cern.ch&noUDP&sock=startd_3718_d135>
...
006 (2521675.059.000) 07/19 04:24:24 Image size of job updated: 174488
	4  -  MemoryUsage of job (MB)
	3688  -  ResidentSetSize of job (KB)
...
006 (2521675.059.000) 07/19 04:29:24 Image size of job updated: 631144
	205  -  MemoryUsage of job (MB)
	209444  -  ResidentSetSize of job (KB)
...
006 (2521675.059.000) 07/19 04:34:25 Image size of job updated: 631144
	205  -  MemoryUsage of job (MB)
	209448  -  ResidentSetSize of job (KB)
...
006 (2521675.059.000) 07/19 04:39:26 Image size of job updated: 631144
	205  -  MemoryUsage of job (MB)
	209452  -  ResidentSetSize of job (KB)
...
006 (2521675.059.000) 07/19 05:53:40 Image size of job updated: 802744
	205  -  MemoryUsage of job (MB)
	209452  -  ResidentSetSize of job (KB)
...
040 (2521675.059.000) 07/19 05:53:40 Started transferring output files
...
040 (2521675.059.000) 07/19 05:53:40 Finished transferring output files
...
005 (2521675.059.000) 07/19 05:53:40 Job terminated.
	(1) Normal termination (return value 0)
		Usr 0 00:02:56, Sys 0 00:00:05  -  Run Remote Usage
		Usr 0 00:00:00, Sys 0 00:00:00  -  Run Local Usage
		Usr 0 00:02:56, Sys 0 00:00:05  -  Total Remote Usage
		Usr 0 00:00:00, Sys 0 00:00:00  -  Total Local Usage
	49553  -  Run Bytes Sent By Job
	55262812  -  Run Bytes Received By Job
	49553  -  Total Bytes Sent By Job
	55262812  -  Total Bytes Received By Job
	Partitionable Resources :     Usage  Request Allocated 
	   Cpus                 :      0.00        3         3 
	   Disk (KB)            : 200667       75000    282470 
	   Memory (MB)          :    205        6000      6000 

	Job terminated of its own accord at 2021-07-19T03:53:40Z.
...
