000 (2536881.087.000) 07/22 03:18:13 Job submitted from host: <188.185.70.244:9618?addrs=188.185.70.244-9618+[2001-1458-d00-7--100-2ee]-9618&alias=bigbird10.cern.ch&noUDP&sock=schedd_2037_ca81>
...
040 (2536881.087.000) 07/22 03:25:14 Started transferring input files
	Transferring to host: <128.142.59.19:9618?addrs=128.142.59.19-9618+[2001-1458-301-21--100-12]-9618&alias=b7s04p6244.cern.ch&noUDP&sock=slot1_4_4048_ee9e_16006>
...
040 (2536881.087.000) 07/22 03:25:14 Finished transferring input files
...
001 (2536881.087.000) 07/22 03:25:14 Job executing on host: <128.142.59.19:9618?addrs=128.142.59.19-9618+[2001-1458-301-21--100-12]-9618&alias=b7s04p6244.cern.ch&noUDP&sock=startd_3596_22a7>
...
006 (2536881.087.000) 07/22 03:25:23 Image size of job updated: 251908
	173  -  MemoryUsage of job (MB)
	177024  -  ResidentSetSize of job (KB)
...
006 (2536881.087.000) 07/22 03:30:23 Image size of job updated: 626264
	201  -  MemoryUsage of job (MB)
	205232  -  ResidentSetSize of job (KB)
...
006 (2536881.087.000) 07/22 03:35:23 Image size of job updated: 795160
	272  -  MemoryUsage of job (MB)
	278232  -  ResidentSetSize of job (KB)
...
006 (2536881.087.000) 07/22 03:40:24 Image size of job updated: 795924
	273  -  MemoryUsage of job (MB)
	279184  -  ResidentSetSize of job (KB)
...
040 (2536881.087.000) 07/22 03:41:18 Started transferring output files
...
040 (2536881.087.000) 07/22 03:41:18 Finished transferring output files
...
005 (2536881.087.000) 07/22 03:41:19 Job terminated.
	(1) Normal termination (return value 0)
		Usr 0 00:09:12, Sys 0 00:00:02  -  Run Remote Usage
		Usr 0 00:00:00, Sys 0 00:00:00  -  Run Local Usage
		Usr 0 00:09:12, Sys 0 00:00:02  -  Total Remote Usage
		Usr 0 00:00:00, Sys 0 00:00:00  -  Total Local Usage
	49926  -  Run Bytes Sent By Job
	55262812  -  Run Bytes Received By Job
	49926  -  Total Bytes Sent By Job
	55262812  -  Total Bytes Received By Job
	Partitionable Resources :     Usage  Request Allocated 
	   Cpus                 :      1.00        3         3 
	   Disk (KB)            : 180280       75000   1293247 
	   Memory (MB)          :    273        6000      6000 

	Job terminated of its own accord at 2021-07-22T01:41:18Z.
...
