000 (2536881.165.000) 07/22 03:18:13 Job submitted from host: <188.185.70.244:9618?addrs=188.185.70.244-9618+[2001-1458-d00-7--100-2ee]-9618&alias=bigbird10.cern.ch&noUDP&sock=schedd_2037_ca81>
...
040 (2536881.165.000) 07/22 03:52:36 Started transferring input files
	Transferring to host: <188.184.168.226:9618?addrs=188.184.168.226-9618+[2001-1458-301-c0--100-455]-9618&alias=b7g52n6729.cern.ch&noUDP&sock=slot1_2_6863_5ab0_72345>
...
040 (2536881.165.000) 07/22 03:52:37 Finished transferring input files
...
001 (2536881.165.000) 07/22 03:52:37 Job executing on host: <188.184.168.226:9618?addrs=188.184.168.226-9618+[2001-1458-301-c0--100-455]-9618&alias=b7g52n6729.cern.ch&noUDP&sock=startd_5422_9e97>
...
006 (2536881.165.000) 07/22 03:52:45 Image size of job updated: 202284
	129  -  MemoryUsage of job (MB)
	131300  -  ResidentSetSize of job (KB)
...
006 (2536881.165.000) 07/22 03:57:45 Image size of job updated: 816948
	297  -  MemoryUsage of job (MB)
	303224  -  ResidentSetSize of job (KB)
...
006 (2536881.165.000) 07/22 04:17:46 Image size of job updated: 817540
	297  -  MemoryUsage of job (MB)
	303824  -  ResidentSetSize of job (KB)
...
040 (2536881.165.000) 07/22 04:21:43 Started transferring output files
...
040 (2536881.165.000) 07/22 04:21:43 Finished transferring output files
...
005 (2536881.165.000) 07/22 04:21:43 Job terminated.
	(1) Normal termination (return value 0)
		Usr 0 00:28:26, Sys 0 00:00:02  -  Run Remote Usage
		Usr 0 00:00:00, Sys 0 00:00:00  -  Run Local Usage
		Usr 0 00:28:26, Sys 0 00:00:02  -  Total Remote Usage
		Usr 0 00:00:00, Sys 0 00:00:00  -  Total Local Usage
	44234  -  Run Bytes Sent By Job
	55262812  -  Run Bytes Received By Job
	44234  -  Total Bytes Sent By Job
	55262812  -  Total Bytes Received By Job
	Partitionable Resources :     Usage  Request Allocated 
	   Cpus                 :      1.00        3         3 
	   Disk (KB)            : 184148       75000    256837 
	   Memory (MB)          :    297        6000      6000 

	Job terminated of its own accord at 2021-07-22T02:21:43Z.
...
