000 (2534572.137.000) 07/21 23:44:26 Job submitted from host: <188.185.70.244:9618?addrs=188.185.70.244-9618+[2001-1458-d00-7--100-2ee]-9618&alias=bigbird10.cern.ch&noUDP&sock=schedd_2037_ca81>
...
040 (2534572.137.000) 07/21 23:50:36 Started transferring input files
	Transferring to host: <128.142.56.139:9618?addrs=128.142.56.139-9618+[2001-1458-301-6--100-8a]-9618&alias=b7s01p4087.cern.ch&noUDP&sock=slot1_7_42649_d41f_18171>
...
040 (2534572.137.000) 07/21 23:50:37 Finished transferring input files
...
001 (2534572.137.000) 07/21 23:50:37 Job executing on host: <128.142.56.139:9618?addrs=128.142.56.139-9618+[2001-1458-301-6--100-8a]-9618&alias=b7s01p4087.cern.ch&noUDP&sock=startd_39530_ded9>
...
006 (2534572.137.000) 07/21 23:50:46 Image size of job updated: 532896
	191  -  MemoryUsage of job (MB)
	194756  -  ResidentSetSize of job (KB)
...
006 (2534572.137.000) 07/21 23:55:47 Image size of job updated: 631956
	205  -  MemoryUsage of job (MB)
	209632  -  ResidentSetSize of job (KB)
...
006 (2534572.137.000) 07/22 00:50:53 Image size of job updated: 819756
	299  -  MemoryUsage of job (MB)
	306052  -  ResidentSetSize of job (KB)
...
006 (2534572.137.000) 07/22 01:00:54 Image size of job updated: 820424
	300  -  MemoryUsage of job (MB)
	306720  -  ResidentSetSize of job (KB)
...
040 (2534572.137.000) 07/22 01:03:28 Started transferring output files
...
040 (2534572.137.000) 07/22 01:03:28 Finished transferring output files
...
005 (2534572.137.000) 07/22 01:03:28 Job terminated.
	(1) Normal termination (return value 0)
		Usr 0 00:14:27, Sys 0 00:00:02  -  Run Remote Usage
		Usr 0 00:00:00, Sys 0 00:00:00  -  Run Local Usage
		Usr 0 00:14:27, Sys 0 00:00:02  -  Total Remote Usage
		Usr 0 00:00:00, Sys 0 00:00:00  -  Total Local Usage
	44603  -  Run Bytes Sent By Job
	55262812  -  Run Bytes Received By Job
	44603  -  Total Bytes Sent By Job
	55262812  -  Total Bytes Received By Job
	Partitionable Resources :     Usage  Request Allocated 
	   Cpus                 :      1.00        3         3 
	   Disk (KB)            : 184657       75000   1304123 
	   Memory (MB)          :    300        6000      6000 

	Job terminated of its own accord at 2021-07-21T23:03:28Z.
...
