000 (2524871.159.000) 07/20 04:35:08 Job submitted from host: <188.185.70.244:9618?addrs=188.185.70.244-9618+[2001-1458-d00-7--100-2ee]-9618&alias=bigbird10.cern.ch&noUDP&sock=schedd_2037_ca81>
...
040 (2524871.159.000) 07/20 05:25:45 Started transferring input files
	Transferring to host: <188.184.212.172:9618?addrs=188.184.212.172-9618+[2001-1458-301-10c--100-a6]-9618&alias=b7g24n0392.cern.ch&noUDP&sock=slot1_1_3194_363b_69301>
...
040 (2524871.159.000) 07/20 05:25:46 Finished transferring input files
...
001 (2524871.159.000) 07/20 05:25:46 Job executing on host: <188.184.212.172:9618?addrs=188.184.212.172-9618+[2001-1458-301-10c--100-a6]-9618&alias=b7g24n0392.cern.ch&noUDP&sock=startd_2817_ce61>
...
006 (2524871.159.000) 07/20 05:25:55 Image size of job updated: 174512
	56  -  MemoryUsage of job (MB)
	56736  -  ResidentSetSize of job (KB)
...
006 (2524871.159.000) 07/20 05:30:56 Image size of job updated: 627384
	201  -  MemoryUsage of job (MB)
	205788  -  ResidentSetSize of job (KB)
...
006 (2524871.159.000) 07/20 05:35:56 Image size of job updated: 788992
	266  -  MemoryUsage of job (MB)
	271456  -  ResidentSetSize of job (KB)
...
006 (2524871.159.000) 07/20 05:50:58 Image size of job updated: 789456
	266  -  MemoryUsage of job (MB)
	272064  -  ResidentSetSize of job (KB)
...
040 (2524871.159.000) 07/20 05:51:41 Started transferring output files
...
040 (2524871.159.000) 07/20 05:51:41 Finished transferring output files
...
005 (2524871.159.000) 07/20 05:51:41 Job terminated.
	(1) Normal termination (return value 0)
		Usr 0 00:16:55, Sys 0 00:00:03  -  Run Remote Usage
		Usr 0 00:00:00, Sys 0 00:00:00  -  Run Local Usage
		Usr 0 00:16:55, Sys 0 00:00:03  -  Total Remote Usage
		Usr 0 00:00:00, Sys 0 00:00:00  -  Total Local Usage
	49052  -  Run Bytes Sent By Job
	55262812  -  Run Bytes Received By Job
	49052  -  Total Bytes Sent By Job
	55262812  -  Total Bytes Received By Job
	Partitionable Resources :     Usage  Request Allocated 
	   Cpus                 :      1.00        3         3 
	   Disk (KB)            : 179093       75000    283884 
	   Memory (MB)          :    266        6000      6000 

	Job terminated of its own accord at 2021-07-20T03:51:41Z.
...
