000 (2521876.031.000) 07/19 08:46:26 Job submitted from host: <188.185.70.244:9618?addrs=188.185.70.244-9618+[2001-1458-d00-7--100-2ee]-9618&alias=bigbird10.cern.ch&noUDP&sock=schedd_2037_ca81>
...
040 (2521876.031.000) 07/19 09:10:07 Started transferring input files
	Transferring to host: <128.142.58.142:9618?addrs=128.142.58.142-9618+[2001-1458-301-16--100-8d]-9618&alias=b7s03p0127.cern.ch&noUDP&sock=slot1_3_8136_4c44_7511>
...
040 (2521876.031.000) 07/19 09:10:08 Finished transferring input files
...
001 (2521876.031.000) 07/19 09:10:08 Job executing on host: <128.142.58.142:9618?addrs=128.142.58.142-9618+[2001-1458-301-16--100-8d]-9618&alias=b7s03p0127.cern.ch&noUDP&sock=startd_6170_af6e>
...
006 (2521876.031.000) 07/19 09:10:17 Image size of job updated: 400564
	109  -  MemoryUsage of job (MB)
	111584  -  ResidentSetSize of job (KB)
...
006 (2521876.031.000) 07/19 09:15:18 Image size of job updated: 794600
	271  -  MemoryUsage of job (MB)
	277228  -  ResidentSetSize of job (KB)
...
006 (2521876.031.000) 07/19 09:20:18 Image size of job updated: 795200
	272  -  MemoryUsage of job (MB)
	277892  -  ResidentSetSize of job (KB)
...
040 (2521876.031.000) 07/19 09:21:22 Started transferring output files
...
040 (2521876.031.000) 07/19 09:21:22 Finished transferring output files
...
005 (2521876.031.000) 07/19 09:21:22 Job terminated.
	(1) Normal termination (return value 0)
		Usr 0 00:09:02, Sys 0 00:00:02  -  Run Remote Usage
		Usr 0 00:00:00, Sys 0 00:00:00  -  Run Local Usage
		Usr 0 00:09:02, Sys 0 00:00:02  -  Total Remote Usage
		Usr 0 00:00:00, Sys 0 00:00:00  -  Total Local Usage
	47938  -  Run Bytes Sent By Job
	55262812  -  Run Bytes Received By Job
	47938  -  Total Bytes Sent By Job
	55262812  -  Total Bytes Received By Job
	Partitionable Resources :     Usage  Request Allocated 
	   Cpus                 :      1.00        3         3 
	   Disk (KB)            : 180166       75000   1276000 
	   Memory (MB)          :    272        6000      6000 

	Job terminated of its own accord at 2021-07-19T07:21:22Z.
...
