000 (2534572.005.000) 07/21 23:44:26 Job submitted from host: <188.185.70.244:9618?addrs=188.185.70.244-9618+[2001-1458-d00-7--100-2ee]-9618&alias=bigbird10.cern.ch&noUDP&sock=schedd_2037_ca81>
...
040 (2534572.005.000) 07/21 23:49:27 Started transferring input files
	Transferring to host: <188.184.192.203:9618?addrs=188.184.192.203-9618+[2001-1458-301-83--100-42b]-9618&alias=b7g44n0480.cern.ch&noUDP&sock=slot1_4_3532_5d09_25336>
...
001 (2534572.005.000) 07/21 23:49:28 Job executing on host: <188.184.192.203:9618?addrs=188.184.192.203-9618+[2001-1458-301-83--100-42b]-9618&alias=b7g44n0480.cern.ch&noUDP&sock=startd_3053_aeba>
...
040 (2534572.005.000) 07/21 23:49:28 Finished transferring input files
...
006 (2534572.005.000) 07/21 23:49:38 Image size of job updated: 174512
	4  -  MemoryUsage of job (MB)
	3684  -  ResidentSetSize of job (KB)
...
006 (2534572.005.000) 07/21 23:54:38 Image size of job updated: 631960
	205  -  MemoryUsage of job (MB)
	209628  -  ResidentSetSize of job (KB)
...
006 (2534572.005.000) 07/22 00:34:41 Image size of job updated: 819728
	299  -  MemoryUsage of job (MB)
	305976  -  ResidentSetSize of job (KB)
...
006 (2534572.005.000) 07/22 00:54:42 Image size of job updated: 820304
	300  -  MemoryUsage of job (MB)
	306524  -  ResidentSetSize of job (KB)
...
040 (2534572.005.000) 07/22 00:58:04 Started transferring output files
...
040 (2534572.005.000) 07/22 00:58:04 Finished transferring output files
...
005 (2534572.005.000) 07/22 00:58:04 Job terminated.
	(1) Normal termination (return value 0)
		Usr 0 00:28:02, Sys 0 00:00:05  -  Run Remote Usage
		Usr 0 00:00:00, Sys 0 00:00:00  -  Run Local Usage
		Usr 0 00:28:02, Sys 0 00:00:05  -  Total Remote Usage
		Usr 0 00:00:00, Sys 0 00:00:00  -  Total Local Usage
	44248  -  Run Bytes Sent By Job
	55262812  -  Run Bytes Received By Job
	44248  -  Total Bytes Sent By Job
	55262812  -  Total Bytes Received By Job
	Partitionable Resources :     Usage  Request Allocated 
	   Cpus                 :      0.99        3         3 
	   Disk (KB)            : 184651       75000    175245 
	   Memory (MB)          :    300        6000      6000 

	Job terminated of its own accord at 2021-07-21T22:58:04Z.
...
