000 (2521876.166.000) 07/19 08:46:26 Job submitted from host: <188.185.70.244:9618?addrs=188.185.70.244-9618+[2001-1458-d00-7--100-2ee]-9618&alias=bigbird10.cern.ch&noUDP&sock=schedd_2037_ca81>
...
040 (2521876.166.000) 07/19 10:39:41 Started transferring input files
	Transferring to host: <128.142.87.96:9618?addrs=128.142.87.96-9618+[2001-1458-301-f6--100-3b9]-9618&alias=b7s14n1958.cern.ch&noUDP&sock=slot1_10_5615_067d_66758>
...
040 (2521876.166.000) 07/19 10:39:43 Finished transferring input files
...
001 (2521876.166.000) 07/19 10:39:43 Job executing on host: <128.142.87.96:9618?addrs=128.142.87.96-9618+[2001-1458-301-f6--100-3b9]-9618&alias=b7s14n1958.cern.ch&noUDP&sock=startd_4597_bcf5>
...
006 (2521876.166.000) 07/19 10:39:51 Image size of job updated: 288720
	39  -  MemoryUsage of job (MB)
	39448  -  ResidentSetSize of job (KB)
...
006 (2521876.166.000) 07/19 10:44:51 Image size of job updated: 631400
	205  -  MemoryUsage of job (MB)
	209624  -  ResidentSetSize of job (KB)
...
006 (2521876.166.000) 07/19 10:59:53 Image size of job updated: 814404
	295  -  MemoryUsage of job (MB)
	301116  -  ResidentSetSize of job (KB)
...
006 (2521876.166.000) 07/19 11:04:55 Image size of job updated: 814988
	295  -  MemoryUsage of job (MB)
	301800  -  ResidentSetSize of job (KB)
...
040 (2521876.166.000) 07/19 11:15:56 Entered queue to transfer output files
...
040 (2521876.166.000) 07/19 11:16:12 Started transferring output files
...
040 (2521876.166.000) 07/19 11:16:12 Finished transferring output files
...
005 (2521876.166.000) 07/19 11:16:13 Job terminated.
	(1) Normal termination (return value 0)
		Usr 0 00:20:17, Sys 0 00:00:02  -  Run Remote Usage
		Usr 0 00:00:00, Sys 0 00:00:00  -  Run Local Usage
		Usr 0 00:20:17, Sys 0 00:00:02  -  Total Remote Usage
		Usr 0 00:00:00, Sys 0 00:00:00  -  Total Local Usage
	49335  -  Run Bytes Sent By Job
	55262812  -  Run Bytes Received By Job
	49335  -  Total Bytes Sent By Job
	55262812  -  Total Bytes Received By Job
	Partitionable Resources :     Usage  Request Allocated 
	   Cpus                 :      1.00        3         3 
	   Disk (KB)            : 183642       75000    269239 
	   Memory (MB)          :    295        6000      6000 

	Job terminated of its own accord at 2021-07-19T09:15:51Z.
...
