000 (2557145.025.000) 07/28 14:19:40 Job submitted from host: <188.185.70.244:9618?addrs=188.185.70.244-9618+[2001-1458-d00-7--100-2ee]-9618&alias=bigbird10.cern.ch&noUDP&sock=schedd_2037_ca81>
...
040 (2557145.025.000) 07/28 15:12:27 Started transferring input files
	Transferring to host: <128.142.74.169:9618?addrs=128.142.74.169-9618+[2001-1458-301-75--100-5f0]-9618&alias=b7s11n8981.cern.ch&noUDP&sock=slot1_13_5114_0689_67703>
...
040 (2557145.025.000) 07/28 15:12:28 Finished transferring input files
...
001 (2557145.025.000) 07/28 15:12:28 Job executing on host: <128.142.74.169:9618?addrs=128.142.74.169-9618+[2001-1458-301-75--100-5f0]-9618&alias=b7s11n8981.cern.ch&noUDP&sock=startd_3942_766c>
...
006 (2557145.025.000) 07/28 15:12:36 Image size of job updated: 163920
	102  -  MemoryUsage of job (MB)
	104020  -  ResidentSetSize of job (KB)
...
006 (2557145.025.000) 07/28 15:17:36 Image size of job updated: 789260
	266  -  MemoryUsage of job (MB)
	271796  -  ResidentSetSize of job (KB)
...
006 (2557145.025.000) 07/28 15:22:37 Image size of job updated: 790088
	267  -  MemoryUsage of job (MB)
	272768  -  ResidentSetSize of job (KB)
...
040 (2557145.025.000) 07/28 15:22:49 Started transferring output files
...
040 (2557145.025.000) 07/28 15:22:49 Finished transferring output files
...
005 (2557145.025.000) 07/28 15:22:49 Job terminated.
	(1) Normal termination (return value 0)
		Usr 0 00:10:07, Sys 0 00:00:03  -  Run Remote Usage
		Usr 0 00:00:00, Sys 0 00:00:00  -  Run Local Usage
		Usr 0 00:10:07, Sys 0 00:00:03  -  Total Remote Usage
		Usr 0 00:00:00, Sys 0 00:00:00  -  Total Local Usage
	48739  -  Run Bytes Sent By Job
	55262880  -  Run Bytes Received By Job
	48739  -  Total Bytes Sent By Job
	55262880  -  Total Bytes Received By Job
	Partitionable Resources :     Usage  Request Allocated 
	   Cpus                 :      1.00        4         4 
	   Disk (KB)            : 182811       75000    277086 
	   Memory (MB)          :    267        8000      8000 

	Job terminated of its own accord at 2021-07-28T13:22:49Z.
...
