000 (2521876.010.000) 07/19 08:46:26 Job submitted from host: <188.185.70.244:9618?addrs=188.185.70.244-9618+[2001-1458-d00-7--100-2ee]-9618&alias=bigbird10.cern.ch&noUDP&sock=schedd_2037_ca81>
...
040 (2521876.010.000) 07/19 09:09:56 Started transferring input files
	Transferring to host: <128.142.71.41:9618?addrs=128.142.71.41-9618+[2001-1458-301-52--100-323]-9618&alias=b7s10n2368.cern.ch&noUDP&sock=slot1_4_5655_357f_65674>
...
040 (2521876.010.000) 07/19 09:09:57 Finished transferring input files
...
001 (2521876.010.000) 07/19 09:09:57 Job executing on host: <128.142.71.41:9618?addrs=128.142.71.41-9618+[2001-1458-301-52--100-323]-9618&alias=b7s10n2368.cern.ch&noUDP&sock=startd_4469_f0d5>
...
006 (2521876.010.000) 07/19 09:10:07 Image size of job updated: 288720
	28  -  MemoryUsage of job (MB)
	28092  -  ResidentSetSize of job (KB)
...
006 (2521876.010.000) 07/19 09:15:07 Image size of job updated: 632496
	208  -  MemoryUsage of job (MB)
	212308  -  ResidentSetSize of job (KB)
...
006 (2521876.010.000) 07/19 09:20:07 Image size of job updated: 814336
	294  -  MemoryUsage of job (MB)
	300500  -  ResidentSetSize of job (KB)
...
006 (2521876.010.000) 07/19 09:35:08 Image size of job updated: 815028
	295  -  MemoryUsage of job (MB)
	301188  -  ResidentSetSize of job (KB)
...
040 (2521876.010.000) 07/19 09:36:35 Started transferring output files
...
040 (2521876.010.000) 07/19 09:36:35 Finished transferring output files
...
005 (2521876.010.000) 07/19 09:36:35 Job terminated.
	(1) Normal termination (return value 0)
		Usr 0 00:22:07, Sys 0 00:00:04  -  Run Remote Usage
		Usr 0 00:00:00, Sys 0 00:00:00  -  Run Local Usage
		Usr 0 00:22:07, Sys 0 00:00:04  -  Total Remote Usage
		Usr 0 00:00:00, Sys 0 00:00:00  -  Total Local Usage
	49638  -  Run Bytes Sent By Job
	55262812  -  Run Bytes Received By Job
	49638  -  Total Bytes Sent By Job
	55262812  -  Total Bytes Received By Job
	Partitionable Resources :     Usage  Request Allocated 
	   Cpus                 :      0.99        3         3 
	   Disk (KB)            : 183648       75000    275834 
	   Memory (MB)          :    295        6000      6000 

	Job terminated of its own accord at 2021-07-19T07:36:35Z.
...
