000 (2521668.157.000) 07/19 01:56:57 Job submitted from host: <188.185.70.244:9618?addrs=188.185.70.244-9618+[2001-1458-d00-7--100-2ee]-9618&alias=bigbird10.cern.ch&noUDP&sock=schedd_2037_ca81>
...
040 (2521668.157.000) 07/19 02:14:10 Started transferring input files
	Transferring to host: <128.142.56.87:9618?addrs=128.142.56.87-9618+[2001-1458-301-6--100-56]-9618&alias=b7s01p0440.cern.ch&noUDP&sock=slot1_25_61601_3a22_15085>
...
040 (2521668.157.000) 07/19 02:14:11 Finished transferring input files
...
001 (2521668.157.000) 07/19 02:14:11 Job executing on host: <128.142.56.87:9618?addrs=128.142.56.87-9618+[2001-1458-301-6--100-56]-9618&alias=b7s01p0440.cern.ch&noUDP&sock=startd_61556_dfdd>
...
006 (2521668.157.000) 07/19 02:14:20 Image size of job updated: 548880
	190  -  MemoryUsage of job (MB)
	193920  -  ResidentSetSize of job (KB)
...
006 (2521668.157.000) 07/19 02:19:21 Image size of job updated: 626832
	201  -  MemoryUsage of job (MB)
	205332  -  ResidentSetSize of job (KB)
...
006 (2521668.157.000) 07/19 02:23:07 Image size of job updated: 768308
	201  -  MemoryUsage of job (MB)
	205332  -  ResidentSetSize of job (KB)
...
040 (2521668.157.000) 07/19 02:23:07 Started transferring output files
...
040 (2521668.157.000) 07/19 02:23:07 Finished transferring output files
...
005 (2521668.157.000) 07/19 02:23:08 Job terminated.
	(1) Normal termination (return value 0)
		Usr 0 00:00:43, Sys 0 00:00:01  -  Run Remote Usage
		Usr 0 00:00:00, Sys 0 00:00:00  -  Run Local Usage
		Usr 0 00:00:43, Sys 0 00:00:01  -  Total Remote Usage
		Usr 0 00:00:00, Sys 0 00:00:00  -  Total Local Usage
	48753  -  Run Bytes Sent By Job
	55262812  -  Run Bytes Received By Job
	48753  -  Total Bytes Sent By Job
	55262812  -  Total Bytes Received By Job
	Partitionable Resources :     Usage  Request Allocated 
	   Cpus                 :      0.02        3         3 
	   Disk (KB)            : 183903       75000   1269116 
	   Memory (MB)          :    201        6000      6000 

	Job terminated of its own accord at 2021-07-19T00:23:07Z.
...
