000 (2534572.186.000) 07/21 23:44:26 Job submitted from host: <188.185.70.244:9618?addrs=188.185.70.244-9618+[2001-1458-d00-7--100-2ee]-9618&alias=bigbird10.cern.ch&noUDP&sock=schedd_2037_ca81>
...
040 (2534572.186.000) 07/21 23:50:53 Started transferring input files
	Transferring to host: <128.142.56.88:9618?addrs=128.142.56.88-9618+[2001-1458-301-6--100-57]-9618&alias=b7s01p2968.cern.ch&noUDP&sock=slot1_5_54145_ccf3_19671>
...
040 (2534572.186.000) 07/21 23:50:54 Finished transferring input files
...
001 (2534572.186.000) 07/21 23:50:54 Job executing on host: <128.142.56.88:9618?addrs=128.142.56.88-9618+[2001-1458-301-6--100-57]-9618&alias=b7s01p2968.cern.ch&noUDP&sock=startd_51015_a00f>
...
006 (2534572.186.000) 07/21 23:51:03 Image size of job updated: 227264
	150  -  MemoryUsage of job (MB)
	153164  -  ResidentSetSize of job (KB)
...
006 (2534572.186.000) 07/21 23:56:04 Image size of job updated: 626804
	201  -  MemoryUsage of job (MB)
	205240  -  ResidentSetSize of job (KB)
...
006 (2534572.186.000) 07/22 00:41:08 Image size of job updated: 827384
	303  -  MemoryUsage of job (MB)
	310196  -  ResidentSetSize of job (KB)
...
006 (2534572.186.000) 07/22 00:51:08 Image size of job updated: 828068
	304  -  MemoryUsage of job (MB)
	310868  -  ResidentSetSize of job (KB)
...
040 (2534572.186.000) 07/22 01:01:19 Started transferring output files
...
040 (2534572.186.000) 07/22 01:01:19 Finished transferring output files
...
005 (2534572.186.000) 07/22 01:01:19 Job terminated.
	(1) Normal termination (return value 0)
		Usr 0 00:22:52, Sys 0 00:00:02  -  Run Remote Usage
		Usr 0 00:00:00, Sys 0 00:00:00  -  Run Local Usage
		Usr 0 00:22:52, Sys 0 00:00:02  -  Total Remote Usage
		Usr 0 00:00:00, Sys 0 00:00:00  -  Total Local Usage
	45324  -  Run Bytes Sent By Job
	55262812  -  Run Bytes Received By Job
	45324  -  Total Bytes Sent By Job
	55262812  -  Total Bytes Received By Job
	Partitionable Resources :     Usage  Request Allocated 
	   Cpus                 :      1.00        3         3 
	   Disk (KB)            : 186168       75000   1287920 
	   Memory (MB)          :    304        6000      6000 

	Job terminated of its own accord at 2021-07-21T23:01:19Z.
...
