000 (2556073.027.000) 07/27 10:23:23 Job submitted from host: <188.185.70.244:9618?addrs=188.185.70.244-9618+[2001-1458-d00-7--100-2ee]-9618&alias=bigbird10.cern.ch&noUDP&sock=schedd_2037_ca81>
...
040 (2556073.027.000) 07/27 10:30:13 Started transferring input files
	Transferring to host: <188.184.133.163:9618?addrs=188.184.133.163-9618+[2001-1458-301-a0--100-1c3]-9618&alias=b7g28n0638.cern.ch&noUDP&sock=slot1_1_5004_8545_74705>
...
040 (2556073.027.000) 07/27 10:30:14 Finished transferring input files
...
001 (2556073.027.000) 07/27 10:30:14 Job executing on host: <188.184.133.163:9618?addrs=188.184.133.163-9618+[2001-1458-301-a0--100-1c3]-9618&alias=b7g28n0638.cern.ch&noUDP&sock=startd_4186_d388>
...
006 (2556073.027.000) 07/27 10:30:23 Image size of job updated: 25680
	10  -  MemoryUsage of job (MB)
	9680  -  ResidentSetSize of job (KB)
...
006 (2556073.027.000) 07/27 10:35:25 Image size of job updated: 626824
	201  -  MemoryUsage of job (MB)
	205276  -  ResidentSetSize of job (KB)
...
006 (2556073.027.000) 07/27 10:40:25 Image size of job updated: 794108
	271  -  MemoryUsage of job (MB)
	276660  -  ResidentSetSize of job (KB)
...
006 (2556073.027.000) 07/27 10:50:26 Image size of job updated: 794688
	271  -  MemoryUsage of job (MB)
	277292  -  ResidentSetSize of job (KB)
...
040 (2556073.027.000) 07/27 10:51:16 Started transferring output files
...
040 (2556073.027.000) 07/27 10:51:16 Finished transferring output files
...
005 (2556073.027.000) 07/27 10:51:16 Job terminated.
	(1) Normal termination (return value 0)
		Usr 0 00:13:14, Sys 0 00:00:04  -  Run Remote Usage
		Usr 0 00:00:00, Sys 0 00:00:00  -  Run Local Usage
		Usr 0 00:13:14, Sys 0 00:00:04  -  Total Remote Usage
		Usr 0 00:00:00, Sys 0 00:00:00  -  Total Local Usage
	48695  -  Run Bytes Sent By Job
	55262880  -  Run Bytes Received By Job
	48695  -  Total Bytes Sent By Job
	55262880  -  Total Bytes Received By Job
	Partitionable Resources :     Usage  Request Allocated 
	   Cpus                 :      0.99        3         3 
	   Disk (KB)            : 184786       75000    201328 
	   Memory (MB)          :    271        6000      6000 

	Job terminated of its own accord at 2021-07-27T08:51:16Z.
...
