000 (2524871.055.000) 07/20 04:35:08 Job submitted from host: <188.185.70.244:9618?addrs=188.185.70.244-9618+[2001-1458-d00-7--100-2ee]-9618&alias=bigbird10.cern.ch&noUDP&sock=schedd_2037_ca81>
...
040 (2524871.055.000) 07/20 05:09:32 Started transferring input files
	Transferring to host: <128.142.56.90:9618?addrs=128.142.56.90-9618+[2001-1458-301-6--100-59]-9618&alias=b7s01p9716.cern.ch&noUDP&sock=slot1_51_7275_a541_5755>
...
040 (2524871.055.000) 07/20 05:09:33 Finished transferring input files
...
001 (2524871.055.000) 07/20 05:09:33 Job executing on host: <128.142.56.90:9618?addrs=128.142.56.90-9618+[2001-1458-301-6--100-59]-9618&alias=b7s01p9716.cern.ch&noUDP&sock=startd_5496_6099>
...
006 (2524871.055.000) 07/20 05:09:42 Image size of job updated: 254212
	157  -  MemoryUsage of job (MB)
	160548  -  ResidentSetSize of job (KB)
...
006 (2524871.055.000) 07/20 05:14:43 Image size of job updated: 630060
	204  -  MemoryUsage of job (MB)
	208788  -  ResidentSetSize of job (KB)
...
006 (2524871.055.000) 07/20 05:29:44 Image size of job updated: 836208
	310  -  MemoryUsage of job (MB)
	317356  -  ResidentSetSize of job (KB)
...
006 (2524871.055.000) 07/20 05:49:45 Image size of job updated: 836712
	311  -  MemoryUsage of job (MB)
	318008  -  ResidentSetSize of job (KB)
...
040 (2524871.055.000) 07/20 05:58:29 Started transferring output files
...
040 (2524871.055.000) 07/20 05:58:29 Finished transferring output files
...
005 (2524871.055.000) 07/20 05:58:29 Job terminated.
	(1) Normal termination (return value 0)
		Usr 0 00:34:10, Sys 0 00:00:03  -  Run Remote Usage
		Usr 0 00:00:00, Sys 0 00:00:00  -  Run Local Usage
		Usr 0 00:34:10, Sys 0 00:00:03  -  Total Remote Usage
		Usr 0 00:00:00, Sys 0 00:00:00  -  Total Local Usage
	48000  -  Run Bytes Sent By Job
	55262812  -  Run Bytes Received By Job
	48000  -  Total Bytes Sent By Job
	55262812  -  Total Bytes Received By Job
	Partitionable Resources :     Usage  Request Allocated 
	   Cpus                 :      1.00        3         3 
	   Disk (KB)            : 186848       75000   1294409 
	   Memory (MB)          :    311        6000      6000 

	Job terminated of its own accord at 2021-07-20T03:58:29Z.
...
