000 (2536881.033.000) 07/22 03:18:13 Job submitted from host: <188.185.70.244:9618?addrs=188.185.70.244-9618+[2001-1458-d00-7--100-2ee]-9618&alias=bigbird10.cern.ch&noUDP&sock=schedd_2037_ca81>
...
040 (2536881.033.000) 07/22 03:25:12 Started transferring input files
	Transferring to host: <128.142.78.43:9618?addrs=128.142.78.43-9618+[2001-1458-301-f4--100-105]-9618&alias=b7s12n6918.cern.ch&noUDP&sock=slot1_3_12635_401b_124893>
...
040 (2536881.033.000) 07/22 03:25:13 Finished transferring input files
...
001 (2536881.033.000) 07/22 03:25:13 Job executing on host: <128.142.78.43:9618?addrs=128.142.78.43-9618+[2001-1458-301-f4--100-105]-9618&alias=b7s12n6918.cern.ch&noUDP&sock=startd_16206_8be8>
...
006 (2536881.033.000) 07/22 03:25:22 Image size of job updated: 110368
	68  -  MemoryUsage of job (MB)
	69232  -  ResidentSetSize of job (KB)
...
006 (2536881.033.000) 07/22 03:30:22 Image size of job updated: 636268
	209  -  MemoryUsage of job (MB)
	213756  -  ResidentSetSize of job (KB)
...
006 (2536881.033.000) 07/22 03:45:23 Image size of job updated: 636268
	209  -  MemoryUsage of job (MB)
	213760  -  ResidentSetSize of job (KB)
...
006 (2536881.033.000) 07/22 05:30:32 Image size of job updated: 916200
	394  -  MemoryUsage of job (MB)
	402592  -  ResidentSetSize of job (KB)
...
040 (2536881.033.000) 07/22 06:21:43 Started transferring output files
...
040 (2536881.033.000) 07/22 06:21:43 Finished transferring output files
...
005 (2536881.033.000) 07/22 06:21:44 Job terminated.
	(1) Normal termination (return value 0)
		Usr 0 00:56:55, Sys 0 00:00:04  -  Run Remote Usage
		Usr 0 00:00:00, Sys 0 00:00:00  -  Run Local Usage
		Usr 0 00:56:55, Sys 0 00:00:04  -  Total Remote Usage
		Usr 0 00:00:00, Sys 0 00:00:00  -  Total Local Usage
	44799  -  Run Bytes Sent By Job
	55262812  -  Run Bytes Received By Job
	44799  -  Total Bytes Sent By Job
	55262812  -  Total Bytes Received By Job
	Partitionable Resources :     Usage  Request Allocated 
	   Cpus                 :      1.00        3         3 
	   Disk (KB)            : 199217       75000    271412 
	   Memory (MB)          :    394        6000      6000 

	Job terminated of its own accord at 2021-07-22T04:21:43Z.
...
