000 (2521867.032.000) 07/19 07:46:08 Job submitted from host: <188.185.70.244:9618?addrs=188.185.70.244-9618+[2001-1458-d00-7--100-2ee]-9618&alias=bigbird10.cern.ch&noUDP&sock=schedd_2037_ca81>
...
040 (2521867.032.000) 07/19 07:48:55 Started transferring input files
	Transferring to host: <128.142.59.12:9618?addrs=128.142.59.12-9618+[2001-1458-301-21--100-b]-9618&alias=b7s04p6505.cern.ch&noUDP&sock=slot1_1_7351_31c4_11723>
...
040 (2521867.032.000) 07/19 07:48:56 Finished transferring input files
...
001 (2521867.032.000) 07/19 07:48:56 Job executing on host: <128.142.59.12:9618?addrs=128.142.59.12-9618+[2001-1458-301-21--100-b]-9618&alias=b7s04p6505.cern.ch&noUDP&sock=startd_6901_1729>
...
006 (2521867.032.000) 07/19 07:49:05 Image size of job updated: 269952
	191  -  MemoryUsage of job (MB)
	194652  -  ResidentSetSize of job (KB)
...
006 (2521867.032.000) 07/19 07:54:06 Image size of job updated: 631800
	208  -  MemoryUsage of job (MB)
	212276  -  ResidentSetSize of job (KB)
...
006 (2521867.032.000) 07/19 07:59:06 Image size of job updated: 747312
	294  -  MemoryUsage of job (MB)
	300652  -  ResidentSetSize of job (KB)
...
006 (2521867.032.000) 07/19 08:08:43 Image size of job updated: 747896
	294  -  MemoryUsage of job (MB)
	300652  -  ResidentSetSize of job (KB)
...
040 (2521867.032.000) 07/19 08:08:43 Started transferring output files
...
040 (2521867.032.000) 07/19 08:08:43 Finished transferring output files
...
005 (2521867.032.000) 07/19 08:08:43 Job terminated.
	(1) Normal termination (return value 0)
		Usr 0 00:11:50, Sys 0 00:00:02  -  Run Remote Usage
		Usr 0 00:00:00, Sys 0 00:00:00  -  Run Local Usage
		Usr 0 00:11:50, Sys 0 00:00:02  -  Total Remote Usage
		Usr 0 00:00:00, Sys 0 00:00:00  -  Total Local Usage
	48826  -  Run Bytes Sent By Job
	55262812  -  Run Bytes Received By Job
	48826  -  Total Bytes Sent By Job
	55262812  -  Total Bytes Received By Job
	Partitionable Resources :     Usage  Request Allocated 
	   Cpus                 :      1.00        3         3 
	   Disk (KB)            : 183325       75000   1210488 
	   Memory (MB)          :    294        6000      6000 

	Job terminated of its own accord at 2021-07-19T06:08:43Z.
...
