000 (2521867.070.000) 07/19 07:46:08 Job submitted from host: <188.185.70.244:9618?addrs=188.185.70.244-9618+[2001-1458-d00-7--100-2ee]-9618&alias=bigbird10.cern.ch&noUDP&sock=schedd_2037_ca81>
...
040 (2521867.070.000) 07/19 07:49:06 Started transferring input files
	Transferring to host: <128.142.72.195:9618?addrs=128.142.72.195-9618+[2001-1458-301-75--100-6ff]-9618&alias=b7s11n5031.cern.ch&noUDP&sock=slot1_5_5506_3999_65152>
...
040 (2521867.070.000) 07/19 07:49:07 Finished transferring input files
...
001 (2521867.070.000) 07/19 07:49:07 Job executing on host: <128.142.72.195:9618?addrs=128.142.72.195-9618+[2001-1458-301-75--100-6ff]-9618&alias=b7s11n5031.cern.ch&noUDP&sock=startd_4360_2d02>
...
006 (2521867.070.000) 07/19 07:49:15 Image size of job updated: 288720
	168  -  MemoryUsage of job (MB)
	171864  -  ResidentSetSize of job (KB)
...
006 (2521867.070.000) 07/19 07:54:15 Image size of job updated: 631404
	205  -  MemoryUsage of job (MB)
	209604  -  ResidentSetSize of job (KB)
...
006 (2521867.070.000) 07/19 07:59:16 Image size of job updated: 817572
	298  -  MemoryUsage of job (MB)
	304264  -  ResidentSetSize of job (KB)
...
006 (2521867.070.000) 07/19 08:08:49 Image size of job updated: 818068
	298  -  MemoryUsage of job (MB)
	304264  -  ResidentSetSize of job (KB)
...
040 (2521867.070.000) 07/19 08:08:49 Started transferring output files
...
040 (2521867.070.000) 07/19 08:08:49 Finished transferring output files
...
005 (2521867.070.000) 07/19 08:08:49 Job terminated.
	(1) Normal termination (return value 0)
		Usr 0 00:14:52, Sys 0 00:00:02  -  Run Remote Usage
		Usr 0 00:00:00, Sys 0 00:00:00  -  Run Local Usage
		Usr 0 00:14:52, Sys 0 00:00:02  -  Total Remote Usage
		Usr 0 00:00:00, Sys 0 00:00:00  -  Total Local Usage
	48702  -  Run Bytes Sent By Job
	55262812  -  Run Bytes Received By Job
	48702  -  Total Bytes Sent By Job
	55262812  -  Total Bytes Received By Job
	Partitionable Resources :     Usage  Request Allocated 
	   Cpus                 :      1.00        3         3 
	   Disk (KB)            : 184216       75000    280169 
	   Memory (MB)          :    298        6000      6000 

	Job terminated of its own accord at 2021-07-19T06:08:49Z.
...
