000 (2522101.156.000) 07/19 11:55:34 Job submitted from host: <188.185.70.244:9618?addrs=188.185.70.244-9618+[2001-1458-d00-7--100-2ee]-9618&alias=bigbird10.cern.ch&noUDP&sock=schedd_2037_ca81>
...
040 (2522101.156.000) 07/19 12:56:09 Started transferring input files
	Transferring to host: <128.142.161.125:9618?addrs=128.142.161.125-9618&alias=b7g03p1231.cern.ch&noUDP&sock=slot1_34_182520_99f7_59131>
...
040 (2522101.156.000) 07/19 12:56:10 Finished transferring input files
...
001 (2522101.156.000) 07/19 12:56:10 Job executing on host: <128.142.161.125:9618?addrs=128.142.161.125-9618&alias=b7g03p1231.cern.ch&noUDP&sock=startd_2982_fb81>
...
006 (2522101.156.000) 07/19 12:56:19 Image size of job updated: 429192
	160  -  MemoryUsage of job (MB)
	163804  -  ResidentSetSize of job (KB)
...
006 (2522101.156.000) 07/19 13:01:21 Image size of job updated: 832164
	308  -  MemoryUsage of job (MB)
	314796  -  ResidentSetSize of job (KB)
...
006 (2522101.156.000) 07/19 13:16:23 Image size of job updated: 832744
	309  -  MemoryUsage of job (MB)
	315420  -  ResidentSetSize of job (KB)
...
040 (2522101.156.000) 07/19 13:17:34 Started transferring output files
...
040 (2522101.156.000) 07/19 13:17:34 Finished transferring output files
...
005 (2522101.156.000) 07/19 13:17:34 Job terminated.
	(1) Normal termination (return value 0)
		Usr 0 00:20:19, Sys 0 00:00:03  -  Run Remote Usage
		Usr 0 00:00:00, Sys 0 00:00:00  -  Run Local Usage
		Usr 0 00:20:19, Sys 0 00:00:03  -  Total Remote Usage
		Usr 0 00:00:00, Sys 0 00:00:00  -  Total Local Usage
	48364  -  Run Bytes Sent By Job
	55262812  -  Run Bytes Received By Job
	48364  -  Total Bytes Sent By Job
	55262812  -  Total Bytes Received By Job
	Partitionable Resources :     Usage  Request Allocated 
	   Cpus                 :      1.00        3         3 
	   Disk (KB)            : 186984       75000   1371143 
	   Memory (MB)          :    309        6000      6000 

	Job terminated of its own accord at 2021-07-19T11:17:34Z.
...
