000 (2523366.172.000) 07/19 23:50:31 Job submitted from host: <188.185.70.244:9618?addrs=188.185.70.244-9618+[2001-1458-d00-7--100-2ee]-9618&alias=bigbird10.cern.ch&noUDP&sock=schedd_2037_ca81>
...
040 (2523366.172.000) 07/20 00:30:35 Started transferring input files
	Transferring to host: <128.142.59.35:9618?addrs=128.142.59.35-9618+[2001-1458-301-21--100-22]-9618&alias=b7s04p8034.cern.ch&noUDP&sock=slot1_12_6883_7231_12340>
...
040 (2523366.172.000) 07/20 00:30:36 Finished transferring input files
...
001 (2523366.172.000) 07/20 00:30:36 Job executing on host: <128.142.59.35:9618?addrs=128.142.59.35-9618+[2001-1458-301-21--100-22]-9618&alias=b7s04p8034.cern.ch&noUDP&sock=startd_6425_9814>
...
006 (2523366.172.000) 07/20 00:30:45 Image size of job updated: 288712
	205  -  MemoryUsage of job (MB)
	209580  -  ResidentSetSize of job (KB)
...
006 (2523366.172.000) 07/20 00:35:46 Image size of job updated: 804440
	285  -  MemoryUsage of job (MB)
	291084  -  ResidentSetSize of job (KB)
...
006 (2523366.172.000) 07/20 00:48:28 Image size of job updated: 804948
	285  -  MemoryUsage of job (MB)
	291084  -  ResidentSetSize of job (KB)
...
040 (2523366.172.000) 07/20 00:48:28 Started transferring output files
...
040 (2523366.172.000) 07/20 00:48:28 Finished transferring output files
...
005 (2523366.172.000) 07/20 00:48:29 Job terminated.
	(1) Normal termination (return value 0)
		Usr 0 00:17:27, Sys 0 00:00:02  -  Run Remote Usage
		Usr 0 00:00:00, Sys 0 00:00:00  -  Run Local Usage
		Usr 0 00:17:27, Sys 0 00:00:02  -  Total Remote Usage
		Usr 0 00:00:00, Sys 0 00:00:00  -  Total Local Usage
	51683  -  Run Bytes Sent By Job
	55262812  -  Run Bytes Received By Job
	51683  -  Total Bytes Sent By Job
	55262812  -  Total Bytes Received By Job
	Partitionable Resources :     Usage  Request Allocated 
	   Cpus                 :      1.00        3         3 
	   Disk (KB)            : 181779       75000   1326010 
	   Memory (MB)          :    285        6000      6000 

	Job terminated of its own accord at 2021-07-19T22:48:28Z.
...
