000 (2526743.176.000) 07/20 13:19:14 Job submitted from host: <188.185.70.244:9618?addrs=188.185.70.244-9618+[2001-1458-d00-7--100-2ee]-9618&alias=bigbird10.cern.ch&noUDP&sock=schedd_2037_ca81>
...
040 (2526743.176.000) 07/20 13:28:09 Started transferring input files
	Transferring to host: <128.142.81.100:9618?addrs=128.142.81.100-9618+[2001-1458-301-f5--100-e8]-9618&alias=b7s13n9068.cern.ch&noUDP&sock=slot1_10_2556_aee1_73443>
...
040 (2526743.176.000) 07/20 13:28:10 Finished transferring input files
...
001 (2526743.176.000) 07/20 13:28:10 Job executing on host: <128.142.81.100:9618?addrs=128.142.81.100-9618+[2001-1458-301-f5--100-e8]-9618&alias=b7s13n9068.cern.ch&noUDP&sock=startd_2332_22f2>
...
006 (2526743.176.000) 07/20 13:28:19 Image size of job updated: 326760
	55  -  MemoryUsage of job (MB)
	55696  -  ResidentSetSize of job (KB)
...
006 (2526743.176.000) 07/20 13:33:20 Image size of job updated: 626832
	201  -  MemoryUsage of job (MB)
	205328  -  ResidentSetSize of job (KB)
...
006 (2526743.176.000) 07/20 13:53:21 Image size of job updated: 789932
	267  -  MemoryUsage of job (MB)
	272512  -  ResidentSetSize of job (KB)
...
006 (2526743.176.000) 07/20 14:03:22 Image size of job updated: 790392
	267  -  MemoryUsage of job (MB)
	273108  -  ResidentSetSize of job (KB)
...
040 (2526743.176.000) 07/20 14:05:33 Started transferring output files
...
040 (2526743.176.000) 07/20 14:05:33 Finished transferring output files
...
005 (2526743.176.000) 07/20 14:05:33 Job terminated.
	(1) Normal termination (return value 0)
		Usr 0 00:16:01, Sys 0 00:00:03  -  Run Remote Usage
		Usr 0 00:00:00, Sys 0 00:00:00  -  Run Local Usage
		Usr 0 00:16:01, Sys 0 00:00:03  -  Total Remote Usage
		Usr 0 00:00:00, Sys 0 00:00:00  -  Total Local Usage
	50015  -  Run Bytes Sent By Job
	55262812  -  Run Bytes Received By Job
	50015  -  Total Bytes Sent By Job
	55262812  -  Total Bytes Received By Job
	Partitionable Resources :     Usage  Request Allocated 
	   Cpus                 :      1.00        3         3 
	   Disk (KB)            : 179259       75000    283294 
	   Memory (MB)          :    267        6000      6000 

	Job terminated of its own accord at 2021-07-20T12:05:33Z.
...
