000 (2521876.197.000) 07/19 08:46:26 Job submitted from host: <188.185.70.244:9618?addrs=188.185.70.244-9618+[2001-1458-d00-7--100-2ee]-9618&alias=bigbird10.cern.ch&noUDP&sock=schedd_2037_ca81>
...
040 (2521876.197.000) 07/19 10:39:56 Started transferring input files
	Transferring to host: <128.142.57.67:9618?addrs=128.142.57.67-9618+[2001-1458-301-7--100-42]-9618&alias=b7s02p8917.cern.ch&noUDP&sock=slot1_17_6640_3b07_12895>
...
040 (2521876.197.000) 07/19 10:39:57 Finished transferring input files
...
001 (2521876.197.000) 07/19 10:39:57 Job executing on host: <128.142.57.67:9618?addrs=128.142.57.67-9618+[2001-1458-301-7--100-42]-9618&alias=b7s02p8917.cern.ch&noUDP&sock=startd_6176_ccff>
...
006 (2521876.197.000) 07/19 10:40:06 Image size of job updated: 552068
	177  -  MemoryUsage of job (MB)
	180956  -  ResidentSetSize of job (KB)
...
006 (2521876.197.000) 07/19 10:45:07 Image size of job updated: 631392
	205  -  MemoryUsage of job (MB)
	209612  -  ResidentSetSize of job (KB)
...
006 (2521876.197.000) 07/19 10:55:08 Image size of job updated: 814400
	294  -  MemoryUsage of job (MB)
	300636  -  ResidentSetSize of job (KB)
...
006 (2521876.197.000) 07/19 11:05:09 Image size of job updated: 814944
	295  -  MemoryUsage of job (MB)
	301228  -  ResidentSetSize of job (KB)
...
040 (2521876.197.000) 07/19 11:06:52 Started transferring output files
...
040 (2521876.197.000) 07/19 11:06:52 Finished transferring output files
...
005 (2521876.197.000) 07/19 11:06:52 Job terminated.
	(1) Normal termination (return value 0)
		Usr 0 00:13:23, Sys 0 00:00:02  -  Run Remote Usage
		Usr 0 00:00:00, Sys 0 00:00:00  -  Run Local Usage
		Usr 0 00:13:23, Sys 0 00:00:02  -  Total Remote Usage
		Usr 0 00:00:00, Sys 0 00:00:00  -  Total Local Usage
	49558  -  Run Bytes Sent By Job
	55262812  -  Run Bytes Received By Job
	49558  -  Total Bytes Sent By Job
	55262812  -  Total Bytes Received By Job
	Partitionable Resources :     Usage  Request Allocated 
	   Cpus                 :      1.00        3         3 
	   Disk (KB)            : 183641       75000   1237000 
	   Memory (MB)          :    295        6000      6000 

	Job terminated of its own accord at 2021-07-19T09:06:52Z.
...
