000 (2523366.054.000) 07/19 23:50:30 Job submitted from host: <188.185.70.244:9618?addrs=188.185.70.244-9618+[2001-1458-d00-7--100-2ee]-9618&alias=bigbird10.cern.ch&noUDP&sock=schedd_2037_ca81>
...
040 (2523366.054.000) 07/20 00:08:49 Started transferring input files
	Transferring to host: <128.142.57.72:9618?addrs=128.142.57.72-9618+[2001-1458-301-7--100-47]-9618&alias=b7s02p9503.cern.ch&noUDP&sock=slot1_7_6636_6987_12766>
...
040 (2523366.054.000) 07/20 00:08:50 Finished transferring input files
...
001 (2523366.054.000) 07/20 00:08:50 Job executing on host: <128.142.57.72:9618?addrs=128.142.57.72-9618+[2001-1458-301-7--100-47]-9618&alias=b7s02p9503.cern.ch&noUDP&sock=startd_6146_3928>
...
006 (2523366.054.000) 07/20 00:08:59 Image size of job updated: 132112
	81  -  MemoryUsage of job (MB)
	81984  -  ResidentSetSize of job (KB)
...
006 (2523366.054.000) 07/20 00:14:00 Image size of job updated: 630340
	285  -  MemoryUsage of job (MB)
	291648  -  ResidentSetSize of job (KB)
...
006 (2523366.054.000) 07/20 00:19:00 Image size of job updated: 809924
	285  -  MemoryUsage of job (MB)
	291672  -  ResidentSetSize of job (KB)
...
006 (2523366.054.000) 07/20 00:29:01 Image size of job updated: 810608
	286  -  MemoryUsage of job (MB)
	292348  -  ResidentSetSize of job (KB)
...
040 (2523366.054.000) 07/20 00:35:54 Started transferring output files
...
040 (2523366.054.000) 07/20 00:35:54 Finished transferring output files
...
005 (2523366.054.000) 07/20 00:35:54 Job terminated.
	(1) Normal termination (return value 0)
		Usr 0 00:22:49, Sys 0 00:00:02  -  Run Remote Usage
		Usr 0 00:00:00, Sys 0 00:00:00  -  Run Local Usage
		Usr 0 00:22:49, Sys 0 00:00:02  -  Total Remote Usage
		Usr 0 00:00:00, Sys 0 00:00:00  -  Total Local Usage
	51285  -  Run Bytes Sent By Job
	55262812  -  Run Bytes Received By Job
	51285  -  Total Bytes Sent By Job
	55262812  -  Total Bytes Received By Job
	Partitionable Resources :     Usage  Request Allocated 
	   Cpus                 :      1.00        3         3 
	   Disk (KB)            : 182146       75000   1246340 
	   Memory (MB)          :    286        6000      6000 

	Job terminated of its own accord at 2021-07-19T22:35:54Z.
...
