000 (2523366.026.000) 07/19 23:50:30 Job submitted from host: <188.185.70.244:9618?addrs=188.185.70.244-9618+[2001-1458-d00-7--100-2ee]-9618&alias=bigbird10.cern.ch&noUDP&sock=schedd_2037_ca81>
...
040 (2523366.026.000) 07/19 23:55:09 Started transferring input files
	Transferring to host: <128.142.56.63:9618?addrs=128.142.56.63-9618+[2001-1458-301-6--100-3e]-9618&alias=b7s01p2370.cern.ch&noUDP&sock=slot1_8_54526_3fe2_16751>
...
040 (2523366.026.000) 07/19 23:55:10 Finished transferring input files
...
001 (2523366.026.000) 07/19 23:55:10 Job executing on host: <128.142.56.63:9618?addrs=128.142.56.63-9618+[2001-1458-301-6--100-3e]-9618&alias=b7s01p2370.cern.ch&noUDP&sock=startd_51433_56a5>
...
006 (2523366.026.000) 07/19 23:55:19 Image size of job updated: 626788
	201  -  MemoryUsage of job (MB)
	205204  -  ResidentSetSize of job (KB)
...
006 (2523366.026.000) 07/20 00:00:20 Image size of job updated: 810508
	287  -  MemoryUsage of job (MB)
	293132  -  ResidentSetSize of job (KB)
...
006 (2523366.026.000) 07/20 00:05:21 Image size of job updated: 811008
	287  -  MemoryUsage of job (MB)
	293732  -  ResidentSetSize of job (KB)
...
040 (2523366.026.000) 07/20 00:07:34 Started transferring output files
...
040 (2523366.026.000) 07/20 00:07:34 Finished transferring output files
...
005 (2523366.026.000) 07/20 00:07:35 Job terminated.
	(1) Normal termination (return value 0)
		Usr 0 00:09:10, Sys 0 00:00:02  -  Run Remote Usage
		Usr 0 00:00:00, Sys 0 00:00:00  -  Run Local Usage
		Usr 0 00:09:10, Sys 0 00:00:02  -  Total Remote Usage
		Usr 0 00:00:00, Sys 0 00:00:00  -  Total Local Usage
	48455  -  Run Bytes Sent By Job
	55262812  -  Run Bytes Received By Job
	48455  -  Total Bytes Sent By Job
	55262812  -  Total Bytes Received By Job
	Partitionable Resources :     Usage  Request Allocated 
	   Cpus                 :      1.00        3         3 
	   Disk (KB)            : 182989       75000   1309753 
	   Memory (MB)          :    287        6000      6000 

	Job terminated of its own accord at 2021-07-19T22:07:34Z.
...
