000 (2536881.088.000) 07/22 03:18:13 Job submitted from host: <188.185.70.244:9618?addrs=188.185.70.244-9618+[2001-1458-d00-7--100-2ee]-9618&alias=bigbird10.cern.ch&noUDP&sock=schedd_2037_ca81>
...
040 (2536881.088.000) 07/22 03:25:14 Started transferring input files
	Transferring to host: <128.142.59.28:9618?addrs=128.142.59.28-9618+[2001-1458-301-21--100-1b]-9618&alias=b7s04p6229.cern.ch&noUDP&sock=slot1_15_5438_5016_15009>
...
040 (2536881.088.000) 07/22 03:25:15 Finished transferring input files
...
001 (2536881.088.000) 07/22 03:25:15 Job executing on host: <128.142.59.28:9618?addrs=128.142.59.28-9618+[2001-1458-301-21--100-1b]-9618&alias=b7s04p6229.cern.ch&noUDP&sock=startd_4983_8083>
...
006 (2536881.088.000) 07/22 03:25:23 Image size of job updated: 230744
	153  -  MemoryUsage of job (MB)
	156652  -  ResidentSetSize of job (KB)
...
006 (2536881.088.000) 07/22 03:30:23 Image size of job updated: 796304
	273  -  MemoryUsage of job (MB)
	278980  -  ResidentSetSize of job (KB)
...
006 (2536881.088.000) 07/22 03:35:25 Image size of job updated: 796968
	274  -  MemoryUsage of job (MB)
	279644  -  ResidentSetSize of job (KB)
...
040 (2536881.088.000) 07/22 03:40:30 Started transferring output files
...
040 (2536881.088.000) 07/22 03:40:30 Finished transferring output files
...
005 (2536881.088.000) 07/22 03:40:31 Job terminated.
	(1) Normal termination (return value 0)
		Usr 0 00:11:48, Sys 0 00:00:02  -  Run Remote Usage
		Usr 0 00:00:00, Sys 0 00:00:00  -  Run Local Usage
		Usr 0 00:11:48, Sys 0 00:00:02  -  Total Remote Usage
		Usr 0 00:00:00, Sys 0 00:00:00  -  Total Local Usage
	45491  -  Run Bytes Sent By Job
	55262812  -  Run Bytes Received By Job
	45491  -  Total Bytes Sent By Job
	55262812  -  Total Bytes Received By Job
	Partitionable Resources :     Usage  Request Allocated 
	   Cpus                 :      1.00        3         3 
	   Disk (KB)            : 180501       75000   1236170 
	   Memory (MB)          :    274        6000      6000 

	Job terminated of its own accord at 2021-07-22T01:40:30Z.
...
