000 (2522101.168.000) 07/19 11:55:34 Job submitted from host: <188.185.70.244:9618?addrs=188.185.70.244-9618+[2001-1458-d00-7--100-2ee]-9618&alias=bigbird10.cern.ch&noUDP&sock=schedd_2037_ca81>
...
040 (2522101.168.000) 07/19 13:02:47 Started transferring input files
	Transferring to host: <128.142.58.89:9618?addrs=128.142.58.89-9618+[2001-1458-301-16--100-58]-9618&alias=b7s03p1122.cern.ch&noUDP&sock=slot1_32_6711_41aa_10544>
...
040 (2522101.168.000) 07/19 13:02:48 Finished transferring input files
...
001 (2522101.168.000) 07/19 13:02:48 Job executing on host: <128.142.58.89:9618?addrs=128.142.58.89-9618+[2001-1458-301-16--100-58]-9618&alias=b7s03p1122.cern.ch&noUDP&sock=startd_6233_e5e5>
...
006 (2522101.168.000) 07/19 13:02:56 Image size of job updated: 182684
	112  -  MemoryUsage of job (MB)
	114400  -  ResidentSetSize of job (KB)
...
006 (2522101.168.000) 07/19 13:07:56 Image size of job updated: 631412
	205  -  MemoryUsage of job (MB)
	209616  -  ResidentSetSize of job (KB)
...
006 (2522101.168.000) 07/19 13:32:58 Image size of job updated: 817260
	297  -  MemoryUsage of job (MB)
	303764  -  ResidentSetSize of job (KB)
...
006 (2522101.168.000) 07/19 13:42:59 Image size of job updated: 817692
	298  -  MemoryUsage of job (MB)
	304292  -  ResidentSetSize of job (KB)
...
040 (2522101.168.000) 07/19 13:44:47 Started transferring output files
...
040 (2522101.168.000) 07/19 13:44:47 Finished transferring output files
...
005 (2522101.168.000) 07/19 13:44:47 Job terminated.
	(1) Normal termination (return value 0)
		Usr 0 00:15:04, Sys 0 00:00:02  -  Run Remote Usage
		Usr 0 00:00:00, Sys 0 00:00:00  -  Run Local Usage
		Usr 0 00:15:04, Sys 0 00:00:02  -  Total Remote Usage
		Usr 0 00:00:00, Sys 0 00:00:00  -  Total Local Usage
	49943  -  Run Bytes Sent By Job
	55262812  -  Run Bytes Received By Job
	49943  -  Total Bytes Sent By Job
	55262812  -  Total Bytes Received By Job
	Partitionable Resources :     Usage  Request Allocated 
	   Cpus                 :      1.00        3         3 
	   Disk (KB)            : 184136       75000   1302883 
	   Memory (MB)          :    298        6000      6000 

	Job terminated of its own accord at 2021-07-19T11:44:47Z.
...
