000 (2521867.107.000) 07/19 07:46:08 Job submitted from host: <188.185.70.244:9618?addrs=188.185.70.244-9618+[2001-1458-d00-7--100-2ee]-9618&alias=bigbird10.cern.ch&noUDP&sock=schedd_2037_ca81>
...
040 (2521867.107.000) 07/19 07:49:21 Started transferring input files
	Transferring to host: <128.142.58.115:9618?addrs=128.142.58.115-9618+[2001-1458-301-16--100-72]-9618&alias=b7s03p6668.cern.ch&noUDP&sock=slot1_25_6811_b72e_11632>
...
040 (2521867.107.000) 07/19 07:49:22 Finished transferring input files
...
001 (2521867.107.000) 07/19 07:49:22 Job executing on host: <128.142.58.115:9618?addrs=128.142.58.115-9618+[2001-1458-301-16--100-72]-9618&alias=b7s03p6668.cern.ch&noUDP&sock=startd_6360_026c>
...
006 (2521867.107.000) 07/19 07:49:30 Image size of job updated: 268604
	191  -  MemoryUsage of job (MB)
	194664  -  ResidentSetSize of job (KB)
...
006 (2521867.107.000) 07/19 07:54:30 Image size of job updated: 747252
	294  -  MemoryUsage of job (MB)
	300532  -  ResidentSetSize of job (KB)
...
006 (2521867.107.000) 07/19 08:04:31 Image size of job updated: 747688
	295  -  MemoryUsage of job (MB)
	301116  -  ResidentSetSize of job (KB)
...
040 (2521867.107.000) 07/19 08:05:13 Started transferring output files
...
040 (2521867.107.000) 07/19 08:05:13 Finished transferring output files
...
005 (2521867.107.000) 07/19 08:05:14 Job terminated.
	(1) Normal termination (return value 0)
		Usr 0 00:12:11, Sys 0 00:00:02  -  Run Remote Usage
		Usr 0 00:00:00, Sys 0 00:00:00  -  Run Local Usage
		Usr 0 00:12:11, Sys 0 00:00:02  -  Total Remote Usage
		Usr 0 00:00:00, Sys 0 00:00:00  -  Total Local Usage
	48209  -  Run Bytes Sent By Job
	55262812  -  Run Bytes Received By Job
	48209  -  Total Bytes Sent By Job
	55262812  -  Total Bytes Received By Job
	Partitionable Resources :     Usage  Request Allocated 
	   Cpus                 :      1.00        3         3 
	   Disk (KB)            : 183304       75000   1348151 
	   Memory (MB)          :    295        6000      6000 

	Job terminated of its own accord at 2021-07-19T06:05:13Z.
...
