000 (2524617.035.000) 07/20 01:52:26 Job submitted from host: <188.185.70.244:9618?addrs=188.185.70.244-9618+[2001-1458-d00-7--100-2ee]-9618&alias=bigbird10.cern.ch&noUDP&sock=schedd_2037_ca81>
...
040 (2524617.035.000) 07/20 01:55:38 Started transferring input files
	Transferring to host: <128.142.59.67:9618?addrs=128.142.59.67-9618+[2001-1458-301-21--100-42]-9618&alias=b7s04p8867.cern.ch&noUDP&sock=slot1_2_6796_258d_12040>
...
040 (2524617.035.000) 07/20 01:55:39 Finished transferring input files
...
001 (2524617.035.000) 07/20 01:55:39 Job executing on host: <128.142.59.67:9618?addrs=128.142.59.67-9618+[2001-1458-301-21--100-42]-9618&alias=b7s04p8867.cern.ch&noUDP&sock=startd_6343_5950>
...
006 (2524617.035.000) 07/20 01:55:48 Image size of job updated: 400432
	35  -  MemoryUsage of job (MB)
	35104  -  ResidentSetSize of job (KB)
...
006 (2524617.035.000) 07/20 02:00:49 Image size of job updated: 689580
	287  -  MemoryUsage of job (MB)
	292924  -  ResidentSetSize of job (KB)
...
006 (2524617.035.000) 07/20 02:05:50 Image size of job updated: 739468
	287  -  MemoryUsage of job (MB)
	292924  -  ResidentSetSize of job (KB)
...
006 (2524617.035.000) 07/20 02:15:51 Image size of job updated: 740076
	287  -  MemoryUsage of job (MB)
	293520  -  ResidentSetSize of job (KB)
...
040 (2524617.035.000) 07/20 02:15:56 Started transferring output files
...
040 (2524617.035.000) 07/20 02:15:56 Finished transferring output files
...
005 (2524617.035.000) 07/20 02:15:56 Job terminated.
	(1) Normal termination (return value 0)
		Usr 0 00:16:07, Sys 0 00:00:02  -  Run Remote Usage
		Usr 0 00:00:00, Sys 0 00:00:00  -  Run Local Usage
		Usr 0 00:16:07, Sys 0 00:00:02  -  Total Remote Usage
		Usr 0 00:00:00, Sys 0 00:00:00  -  Total Local Usage
	51847  -  Run Bytes Sent By Job
	55262812  -  Run Bytes Received By Job
	51847  -  Total Bytes Sent By Job
	55262812  -  Total Bytes Received By Job
	Partitionable Resources :     Usage  Request Allocated 
	   Cpus                 :      1.00        3         3 
	   Disk (KB)            : 181863       75000   1324066 
	   Memory (MB)          :    287        6000      6000 

	Job terminated of its own accord at 2021-07-20T00:15:56Z.
...
