000 (2523366.177.000) 07/19 23:50:31 Job submitted from host: <188.185.70.244:9618?addrs=188.185.70.244-9618+[2001-1458-d00-7--100-2ee]-9618&alias=bigbird10.cern.ch&noUDP&sock=schedd_2037_ca81>
...
040 (2523366.177.000) 07/20 00:30:37 Started transferring input files
	Transferring to host: <128.142.59.94:9618?addrs=128.142.59.94-9618+[2001-1458-301-21--100-5d]-9618&alias=b7s04p6075.cern.ch&noUDP&sock=slot1_13_6844_f78f_12728>
...
001 (2523366.177.000) 07/20 00:30:38 Job executing on host: <128.142.59.94:9618?addrs=128.142.59.94-9618+[2001-1458-301-21--100-5d]-9618&alias=b7s04p6075.cern.ch&noUDP&sock=startd_6385_284b>
...
040 (2523366.177.000) 07/20 00:30:38 Finished transferring input files
...
006 (2523366.177.000) 07/20 00:30:47 Image size of job updated: 626824
	190  -  MemoryUsage of job (MB)
	193876  -  ResidentSetSize of job (KB)
...
006 (2523366.177.000) 07/20 00:35:48 Image size of job updated: 626824
	201  -  MemoryUsage of job (MB)
	205272  -  ResidentSetSize of job (KB)
...
006 (2523366.177.000) 07/20 00:40:48 Image size of job updated: 800084
	277  -  MemoryUsage of job (MB)
	282700  -  ResidentSetSize of job (KB)
...
006 (2523366.177.000) 07/20 00:45:48 Image size of job updated: 800904
	277  -  MemoryUsage of job (MB)
	283648  -  ResidentSetSize of job (KB)
...
040 (2523366.177.000) 07/20 00:47:06 Started transferring output files
...
040 (2523366.177.000) 07/20 00:47:07 Finished transferring output files
...
005 (2523366.177.000) 07/20 00:47:07 Job terminated.
	(1) Normal termination (return value 0)
		Usr 0 00:11:43, Sys 0 00:00:02  -  Run Remote Usage
		Usr 0 00:00:00, Sys 0 00:00:00  -  Run Local Usage
		Usr 0 00:11:43, Sys 0 00:00:02  -  Total Remote Usage
		Usr 0 00:00:00, Sys 0 00:00:00  -  Total Local Usage
	59748  -  Run Bytes Sent By Job
	55262812  -  Run Bytes Received By Job
	59748  -  Total Bytes Sent By Job
	55262812  -  Total Bytes Received By Job
	Partitionable Resources :     Usage  Request Allocated 
	   Cpus                 :      1.00        3         3 
	   Disk (KB)            : 181107       75000   1324605 
	   Memory (MB)          :    277        6000      6000 

	Job terminated of its own accord at 2021-07-19T22:47:06Z.
...
