000 (2521867.215.000) 07/19 07:46:08 Job submitted from host: <188.185.70.244:9618?addrs=188.185.70.244-9618+[2001-1458-d00-7--100-2ee]-9618&alias=bigbird10.cern.ch&noUDP&sock=schedd_2037_ca81>
...
040 (2521867.215.000) 07/19 07:50:02 Started transferring input files
	Transferring to host: <128.142.56.96:9618?addrs=128.142.56.96-9618+[2001-1458-301-6--100-5f]-9618&alias=b7s01p1977.cern.ch&noUDP&sock=slot1_16_56531_f414_15447>
...
040 (2521867.215.000) 07/19 07:50:03 Finished transferring input files
...
001 (2521867.215.000) 07/19 07:50:03 Job executing on host: <128.142.56.96:9618?addrs=128.142.56.96-9618+[2001-1458-301-6--100-5f]-9618&alias=b7s01p1977.cern.ch&noUDP&sock=startd_53425_af4d>
...
006 (2521867.215.000) 07/19 07:50:12 Image size of job updated: 380632
	201  -  MemoryUsage of job (MB)
	205276  -  ResidentSetSize of job (KB)
...
006 (2521867.215.000) 07/19 07:55:13 Image size of job updated: 795964
	273  -  MemoryUsage of job (MB)
	278544  -  ResidentSetSize of job (KB)
...
006 (2521867.215.000) 07/19 08:03:32 Image size of job updated: 796440
	273  -  MemoryUsage of job (MB)
	278544  -  ResidentSetSize of job (KB)
...
040 (2521867.215.000) 07/19 08:03:32 Started transferring output files
...
040 (2521867.215.000) 07/19 08:03:32 Finished transferring output files
...
005 (2521867.215.000) 07/19 08:03:32 Job terminated.
	(1) Normal termination (return value 0)
		Usr 0 00:09:53, Sys 0 00:00:02  -  Run Remote Usage
		Usr 0 00:00:00, Sys 0 00:00:00  -  Run Local Usage
		Usr 0 00:09:53, Sys 0 00:00:02  -  Total Remote Usage
		Usr 0 00:00:00, Sys 0 00:00:00  -  Total Local Usage
	48958  -  Run Bytes Sent By Job
	55262812  -  Run Bytes Received By Job
	48958  -  Total Bytes Sent By Job
	55262812  -  Total Bytes Received By Job
	Partitionable Resources :     Usage  Request Allocated 
	   Cpus                 :      0.02        3         3 
	   Disk (KB)            : 180407       75000   1284278 
	   Memory (MB)          :    273        6000      6000 

	Job terminated of its own accord at 2021-07-19T06:03:32Z.
...
