000 (2524871.220.000) 07/20 04:35:08 Job submitted from host: <188.185.70.244:9618?addrs=188.185.70.244-9618+[2001-1458-d00-7--100-2ee]-9618&alias=bigbird10.cern.ch&noUDP&sock=schedd_2037_ca81>
...
040 (2524871.220.000) 07/20 05:31:08 Started transferring input files
	Transferring to host: <128.142.87.121:9618?addrs=128.142.87.121-9618+[2001-1458-301-f6--100-5a6]-9618&alias=b7s14n6811.cern.ch&noUDP&sock=slot1_1_5634_699e_74237>
...
040 (2524871.220.000) 07/20 05:31:09 Finished transferring input files
...
001 (2524871.220.000) 07/20 05:31:09 Job executing on host: <128.142.87.121:9618?addrs=128.142.87.121-9618+[2001-1458-301-f6--100-5a6]-9618&alias=b7s14n6811.cern.ch&noUDP&sock=startd_4561_0b8c>
...
006 (2524871.220.000) 07/20 05:31:17 Image size of job updated: 181408
	111  -  MemoryUsage of job (MB)
	113312  -  ResidentSetSize of job (KB)
...
006 (2524871.220.000) 07/20 05:36:17 Image size of job updated: 820264
	296  -  MemoryUsage of job (MB)
	302892  -  ResidentSetSize of job (KB)
...
006 (2524871.220.000) 07/20 05:51:18 Image size of job updated: 820772
	297  -  MemoryUsage of job (MB)
	303500  -  ResidentSetSize of job (KB)
...
040 (2524871.220.000) 07/20 05:54:08 Started transferring output files
...
040 (2524871.220.000) 07/20 05:54:09 Finished transferring output files
...
005 (2524871.220.000) 07/20 05:54:09 Job terminated.
	(1) Normal termination (return value 0)
		Usr 0 00:22:32, Sys 0 00:00:02  -  Run Remote Usage
		Usr 0 00:00:00, Sys 0 00:00:00  -  Run Local Usage
		Usr 0 00:22:32, Sys 0 00:00:02  -  Total Remote Usage
		Usr 0 00:00:00, Sys 0 00:00:00  -  Total Local Usage
	49032  -  Run Bytes Sent By Job
	55262812  -  Run Bytes Received By Job
	49032  -  Total Bytes Sent By Job
	55262812  -  Total Bytes Received By Job
	Partitionable Resources :     Usage  Request Allocated 
	   Cpus                 :      1.00        3         3 
	   Disk (KB)            : 184749       75000    267323 
	   Memory (MB)          :    297        6000      6000 

	Job terminated of its own accord at 2021-07-20T03:54:08Z.
...
