000 (2522101.148.000) 07/19 11:55:34 Job submitted from host: <188.185.70.244:9618?addrs=188.185.70.244-9618+[2001-1458-d00-7--100-2ee]-9618&alias=bigbird10.cern.ch&noUDP&sock=schedd_2037_ca81>
...
040 (2522101.148.000) 07/19 12:56:07 Started transferring input files
	Transferring to host: <128.142.161.140:9618?addrs=128.142.161.140-9618+[2001-1458-301-b9--100-9]-9618&alias=b7g03p7872.cern.ch&noUDP&sock=slot1_7_37168_f7e1_47587>
...
040 (2522101.148.000) 07/19 12:56:08 Finished transferring input files
...
001 (2522101.148.000) 07/19 12:56:08 Job executing on host: <128.142.161.140:9618?addrs=128.142.161.140-9618+[2001-1458-301-b9--100-9]-9618&alias=b7g03p7872.cern.ch&noUDP&sock=startd_70334_da33>
...
006 (2522101.148.000) 07/19 12:56:16 Image size of job updated: 487684
	134  -  MemoryUsage of job (MB)
	137212  -  ResidentSetSize of job (KB)
...
006 (2522101.148.000) 07/19 13:01:16 Image size of job updated: 833276
	310  -  MemoryUsage of job (MB)
	316676  -  ResidentSetSize of job (KB)
...
006 (2522101.148.000) 07/19 13:11:17 Image size of job updated: 833860
	310  -  MemoryUsage of job (MB)
	317272  -  ResidentSetSize of job (KB)
...
040 (2522101.148.000) 07/19 13:18:55 Started transferring output files
...
040 (2522101.148.000) 07/19 13:18:55 Finished transferring output files
...
005 (2522101.148.000) 07/19 13:18:56 Job terminated.
	(1) Normal termination (return value 0)
		Usr 0 00:21:03, Sys 0 00:00:03  -  Run Remote Usage
		Usr 0 00:00:00, Sys 0 00:00:00  -  Run Local Usage
		Usr 0 00:21:03, Sys 0 00:00:03  -  Total Remote Usage
		Usr 0 00:00:00, Sys 0 00:00:00  -  Total Local Usage
	48428  -  Run Bytes Sent By Job
	55262812  -  Run Bytes Received By Job
	48428  -  Total Bytes Sent By Job
	55262812  -  Total Bytes Received By Job
	Partitionable Resources :     Usage  Request Allocated 
	   Cpus                 :      1.00        3         3 
	   Disk (KB)            : 187203       75000   1387274 
	   Memory (MB)          :    310        6000      6000 

	Job terminated of its own accord at 2021-07-19T11:18:54Z.
...
