000 (2521876.200.000) 07/19 08:46:26 Job submitted from host: <188.185.70.244:9618?addrs=188.185.70.244-9618+[2001-1458-d00-7--100-2ee]-9618&alias=bigbird10.cern.ch&noUDP&sock=schedd_2037_ca81>
...
040 (2521876.200.000) 07/19 10:39:57 Started transferring input files
	Transferring to host: <128.142.58.136:9618?addrs=128.142.58.136-9618+[2001-1458-301-16--100-87]-9618&alias=b7s03p1133.cern.ch&noUDP&sock=slot1_39_6761_7c6c_10209>
...
001 (2521876.200.000) 07/19 10:39:58 Job executing on host: <128.142.58.136:9618?addrs=128.142.58.136-9618+[2001-1458-301-16--100-87]-9618&alias=b7s03p1133.cern.ch&noUDP&sock=startd_6305_48b7>
...
040 (2521876.200.000) 07/19 10:39:58 Finished transferring input files
...
006 (2521876.200.000) 07/19 10:40:07 Image size of job updated: 221100
	144  -  MemoryUsage of job (MB)
	147376  -  ResidentSetSize of job (KB)
...
006 (2521876.200.000) 07/19 10:45:08 Image size of job updated: 631948
	205  -  MemoryUsage of job (MB)
	209696  -  ResidentSetSize of job (KB)
...
006 (2521876.200.000) 07/19 10:55:09 Image size of job updated: 814604
	294  -  MemoryUsage of job (MB)
	300804  -  ResidentSetSize of job (KB)
...
006 (2521876.200.000) 07/19 11:05:11 Image size of job updated: 815100
	295  -  MemoryUsage of job (MB)
	301380  -  ResidentSetSize of job (KB)
...
040 (2521876.200.000) 07/19 11:07:12 Started transferring output files
...
040 (2521876.200.000) 07/19 11:07:12 Finished transferring output files
...
005 (2521876.200.000) 07/19 11:07:12 Job terminated.
	(1) Normal termination (return value 0)
		Usr 0 00:13:26, Sys 0 00:00:02  -  Run Remote Usage
		Usr 0 00:00:00, Sys 0 00:00:00  -  Run Local Usage
		Usr 0 00:13:26, Sys 0 00:00:02  -  Total Remote Usage
		Usr 0 00:00:00, Sys 0 00:00:00  -  Total Local Usage
	48885  -  Run Bytes Sent By Job
	55262812  -  Run Bytes Received By Job
	48885  -  Total Bytes Sent By Job
	55262812  -  Total Bytes Received By Job
	Partitionable Resources :     Usage  Request Allocated 
	   Cpus                 :      1.00        3         3 
	   Disk (KB)            : 183680       75000   1305094 
	   Memory (MB)          :    295        6000      6000 

	Job terminated of its own accord at 2021-07-19T09:07:12Z.
...
