000 (2521675.028.000) 07/19 04:18:38 Job submitted from host: <188.185.70.244:9618?addrs=188.185.70.244-9618+[2001-1458-d00-7--100-2ee]-9618&alias=bigbird10.cern.ch&noUDP&sock=schedd_2037_ca81>
...
040 (2521675.028.000) 07/19 04:24:50 Started transferring input files
	Transferring to host: <128.142.84.211:9618?addrs=128.142.84.211-9618+[2001-1458-301-f6--100-424]-9618&alias=b7s14n1464.cern.ch&noUDP&sock=slot1_12_6833_376f_66771>
...
040 (2521675.028.000) 07/19 04:24:51 Finished transferring input files
...
001 (2521675.028.000) 07/19 04:24:51 Job executing on host: <128.142.84.211:9618?addrs=128.142.84.211-9618+[2001-1458-301-f6--100-424]-9618&alias=b7s14n1464.cern.ch&noUDP&sock=startd_5541_3e5c>
...
006 (2521675.028.000) 07/19 04:25:00 Image size of job updated: 323168
	34  -  MemoryUsage of job (MB)
	34536  -  ResidentSetSize of job (KB)
...
006 (2521675.028.000) 07/19 04:30:01 Image size of job updated: 627372
	201  -  MemoryUsage of job (MB)
	205760  -  ResidentSetSize of job (KB)
...
006 (2521675.028.000) 07/19 04:35:48 Image size of job updated: 768612
	201  -  MemoryUsage of job (MB)
	205760  -  ResidentSetSize of job (KB)
...
040 (2521675.028.000) 07/19 04:35:48 Started transferring output files
...
040 (2521675.028.000) 07/19 04:35:48 Finished transferring output files
...
005 (2521675.028.000) 07/19 04:35:48 Job terminated.
	(1) Normal termination (return value 0)
		Usr 0 00:01:00, Sys 0 00:00:02  -  Run Remote Usage
		Usr 0 00:00:00, Sys 0 00:00:00  -  Run Local Usage
		Usr 0 00:01:00, Sys 0 00:00:02  -  Total Remote Usage
		Usr 0 00:00:00, Sys 0 00:00:00  -  Total Local Usage
	48269  -  Run Bytes Sent By Job
	55262812  -  Run Bytes Received By Job
	48269  -  Total Bytes Sent By Job
	55262812  -  Total Bytes Received By Job
	Partitionable Resources :    Usage  Request Allocated 
	   Cpus                 :                 3         3 
	   Disk (KB)            :   184740    75000    267815 
	   Memory (MB)          :      201     6000      6000 

	Job terminated of its own accord at 2021-07-19T02:35:48Z.
...
